Searching the distribution graph of URL https://www.infomigrants.net/en/post/25880/germany-has-taken-nearly-10-000-migrants-under-eu-turkey-deal-since-2016-report. Using 1 levels.

Main title: Germany has taken nearly 10,000 migrants under EU-Turkey deal since 2016, report - InfoMigrants
In level 0 were found 1 urls including original

== Level 0. Google search by LINKS to https://www.infomigrants.net/en/post/25880/germany-has-taken-nearly-10-000-migrants-under-eu-turkey-deal-since-2016-report
	Total amount of results retrieved: 1
	Result [1]  Processing URL https://www.infomigrants.net/en/post/25880/germany-has-taken-nearly-10-000-migrants-under-eu-turkey-deal-since-2016-report
		Date found in the API results: 2020-07-08T00:00:00
		Repeated url: https://www.infomigrants.net/en/post/25880/germany-has-taken-nearly-10-000-migrants-under-eu-turkey-deal-since-2016-report.  Discarding.  
		Date found in the API results: 2020-07-08T00:00:00

== Level 0. Twitter search by LINKS as https://www.infomigrants.net/en/post/25880/germany-has-taken-nearly-10-000-migrants-under-eu-turkey-deal-since-2016-report
https://api.twitter.com/2/tweets/search/all?query=url+%3A+https%253A%252F%252Fwww.infomigrants.net%252Fen%252Fpost%252F25880%252Fgermany-has-taken-nearly-10-000-migrants-under-eu-turkey-deal-since-2016-report&max_results=100&tweet.fields=author_id%2Cpublic_metrics%2Ccreated_at&start_time=2020-07-12T23%3A56%3A18.751663Z
	Downloaded 1 twitter content
	Result [1]  Processing twitter ID 1384745751310487552: Well this makes frightening reading I wonder what our deal was ????? 🤬🤬🤬

Germany has taken nearly 10,000 migrants under EU-Turkey deal since 2016, report https://t.co/pvBRlt6SZi via @InfoMigrants

== Level 0. VK search by LINKS as https://www.infomigrants.net/en/post/25880/germany-has-taken-nearly-10-000-migrants-under-eu-turkey-deal-since-2016-report
In total was found 0

== Level 0. Google search by TITLE as Germany has taken nearly 10,000 migrants under EU-Turkey deal since 2016, report - InfoMigrants
	Total amount of results retrieved: 26
	Result [1]  Processing URL https://www.infomigrants.net/en/post/25880/germany-has-taken-nearly-10-000-migrants-under-eu-turkey-deal-since-2016-report
		Date found in the API results: 2020-07-08T00:00:00
		Repeated url: https://www.infomigrants.net/en/post/25880/germany-has-taken-nearly-10-000-migrants-under-eu-turkey-deal-since-2016-report.  Discarding.  
	Result [2]  Processing URL https://www.dailysabah.com/politics/germany-took-in-nearly-10000-migrants-under-turkey-eu-deal-report-says/news
		Date found in the API results: 2020-07-08T00:00:00
		The content of https://www.infomigrants.net/en/post/25880/germany-has-taken-nearly-10-000-migrants-under-eu-turkey-deal-since-2016-report has distance with https://www.dailysabah.com/politics/germany-took-in-nearly-10000-migrants-under-turkey-eu-deal-report-says/news of : 0.3526. Keeping.
		Adding to DB the URL https://www.dailysabah.com/politics/germany-took-in-nearly-10000-migrants-under-turkey-eu-deal-report-says/news
	Result [3]  Processing URL https://www.sant.ox.ac.uk/research-centres/south-east-european-studies-oxford/oxford-berlin-research-partnership/related-new-5
		Date found in the API results: 2021-03-26T00:00:00
		Different. The content of https://www.infomigrants.net/en/post/25880/germany-has-taken-nearly-10-000-migrants-under-eu-turkey-deal-since-2016-report has distance with https://www.sant.ox.ac.uk/research-centres/south-east-european-studies-oxford/oxford-berlin-research-partnership/related-new-5 of: 0.2815. Discarding.
	Result [4]  Processing URL https://ec.europa.eu/home-affairs/sites/homeaffairs/files/what-we-do/policies/european-agenda-migration/20170613_sixth_report_on_the_progress_made_in_the_implementation_of_the_eu-turkey_statement_en.pdf
		Date found in the API results: 2017-06-13T00:00:00
		Blacklisted url: https://ec.europa.eu/home-affairs/sites/homeaffairs/files/what-we-do/policies/european-agenda-migration/20170613_sixth_report_on_the_progress_made_in_the_implementation_of_the_eu-turkey_statement_en.pdf.  Discarding.  
	Result [5]  Processing URL https://www.europarl.europa.eu/RegData/etudes/STUD/2021/694413/IPOL_STU(2021)694413_EN.pdf
		Date found in the API results: None
		Blacklisted url: https://www.europarl.europa.eu/RegData/etudes/STUD/2021/694413/IPOL_STU(2021)694413_EN.pdf.  Discarding.  
	Result [6]  Processing URL https://www.tni.org/files/publication-downloads/expanding_the_fortress_-_1.6_may_11.pdf
		Date found in the API results: None
		Blacklisted url: https://www.tni.org/files/publication-downloads/expanding_the_fortress_-_1.6_may_11.pdf.  Discarding.  
	Result [7]  Processing URL https://cadmus.eui.eu/bitstream/handle/1814/70600/QM-02-21-358-EN-N.pdf?sequence=1&isAllowed=y
		Blacklisted url: https://cadmus.eui.eu/bitstream/handle/1814/70600/QM-02-21-358-EN-N.pdf?sequence=1&isAllowed=y.  Discarding.  
	Result [8]  Processing URL https://www.dw.com/en/turkey-migration-deal-a-stain-on-eu-rights-record/a-56903392
		Date found in the API results: 2021-03-17T00:00:00
		The content of https://www.infomigrants.net/en/post/25880/germany-has-taken-nearly-10-000-migrants-under-eu-turkey-deal-since-2016-report has distance with https://www.dw.com/en/turkey-migration-deal-a-stain-on-eu-rights-record/a-56903392 of : 0.3107. Keeping.
		Adding to DB the URL https://www.dw.com/en/turkey-migration-deal-a-stain-on-eu-rights-record/a-56903392
	Result [9]  Processing URL http://www.europeanmigrationlaw.eu/documents/SVR_Policy-Brief_Moria_EN_barrier-free.pdf
		Blacklisted url: http://www.europeanmigrationlaw.eu/documents/SVR_Policy-Brief_Moria_EN_barrier-free.pdf.  Discarding.  
	Result [10]  Processing URL https://www.kpsrl.org/sites/default/files/2018-08/Van%20Liempt%20Final%20Report.pdf
		Blacklisted url: https://www.kpsrl.org/sites/default/files/2018-08/Van%20Liempt%20Final%20Report.pdf.  Discarding.  
	Result [11]  Processing URL https://www.migrationpolicy.org/article/eu-turkey-deal-five-years-on
		Date found in the API results: 2021-04-08T00:00:00
		Different. The content of https://www.infomigrants.net/en/post/25880/germany-has-taken-nearly-10-000-migrants-under-eu-turkey-deal-since-2016-report has distance with https://www.migrationpolicy.org/article/eu-turkey-deal-five-years-on of: 0.2996. Discarding.
	Result [12]  Processing URL https://www.bbc.com/news/world-europe-51707958
		Date found in the API results: 2020-03-02T00:00:00
		Different. The content of https://www.infomigrants.net/en/post/25880/germany-has-taken-nearly-10-000-migrants-under-eu-turkey-deal-since-2016-report has distance with https://www.bbc.com/news/world-europe-51707958 of: 0.2642. Discarding.
	Result [13]  Processing URL https://www.e-ir.info/2021/06/03/at-the-eu-turkey-border-human-rights-violations-are-no-longer-clandestine-operations/
		Date found in the API results: 2021-06-03T00:00:00
		Date found in the URL: 2021-06-03 00:00:00
		Different. The content of https://www.infomigrants.net/en/post/25880/germany-has-taken-nearly-10-000-migrants-under-eu-turkey-deal-since-2016-report has distance with https://www.e-ir.info/2021/06/03/at-the-eu-turkey-border-human-rights-violations-are-no-longer-clandestine-operations/ of: 0.2937. Discarding.
	Result [14]  Processing URL https://asylumineurope.org/wp-content/uploads/2021/05/AIDA-TR_2020update.pdf
		Blacklisted url: https://asylumineurope.org/wp-content/uploads/2021/05/AIDA-TR_2020update.pdf.  Discarding.  
	Result [15]  Processing URL http://www.irr.org.uk/app/uploads/2017/11/Humanitarianism_the_unacceptable_face_of_solidarity.pdf
		Blacklisted url: http://www.irr.org.uk/app/uploads/2017/11/Humanitarianism_the_unacceptable_face_of_solidarity.pdf.  Discarding.  
	Result [16]  Processing URL http://www.g20.utoronto.ca/compliance/2017hamburg-final/07-2017-g20-compliance-final-migration.pdf
		Blacklisted url: http://www.g20.utoronto.ca/compliance/2017hamburg-final/07-2017-g20-compliance-final-migration.pdf.  Discarding.  
	Result [17]  Processing URL https://publications.iom.int/system/files/pdf/migration-in-west-and-north-africa-and-across-the-mediterranean.pdf
		Blacklisted url: https://publications.iom.int/system/files/pdf/migration-in-west-and-north-africa-and-across-the-mediterranean.pdf.  Discarding.  
	Result [18]  Processing URL https://www.bbc.com/news/world-europe-51707958
		Date found in the API results: 2020-03-02T00:00:00
		Different. The content of https://www.infomigrants.net/en/post/25880/germany-has-taken-nearly-10-000-migrants-under-eu-turkey-deal-since-2016-report has distance with https://www.bbc.com/news/world-europe-51707958 of: 0.2642. Discarding.
	Result [19]  Processing URL https://www.drc.ngo/media/hphp35uo/mixed-migration-review-2019.pdf
		Blacklisted url: https://www.drc.ngo/media/hphp35uo/mixed-migration-review-2019.pdf.  Discarding.  
	Result [20]  Processing URL https://www.smf.co.uk/wp-content/uploads/2021/03/Stuck-in-the-middle-with-you-Mar-2021.pdf
		Blacklisted url: https://www.smf.co.uk/wp-content/uploads/2021/03/Stuck-in-the-middle-with-you-Mar-2021.pdf.  Discarding.  
	Result [21]  Processing URL https://www.dw.com/en/turkey-migration-deal-a-stain-on-eu-rights-record/a-56903392
		Date found in the API results: 2021-03-17T00:00:00
		The content of https://www.infomigrants.net/en/post/25880/germany-has-taken-nearly-10-000-migrants-under-eu-turkey-deal-since-2016-report has distance with https://www.dw.com/en/turkey-migration-deal-a-stain-on-eu-rights-record/a-56903392 of : 0.3107. Keeping.
		Adding to DB the URL https://www.dw.com/en/turkey-migration-deal-a-stain-on-eu-rights-record/a-56903392
	Result [22]  Processing URL https://helprefugees.org/news/eu-turkey-deal-explained/
		Date found in the API results: 2018-04-05T00:00:00
		Date found in the content of the page: None
		Different. The content of https://www.infomigrants.net/en/post/25880/germany-has-taken-nearly-10-000-migrants-under-eu-turkey-deal-since-2016-report has distance with https://helprefugees.org/news/eu-turkey-deal-explained/ of: 0.010147234381217668. Discarding.
	Result [23]  Processing URL https://www.wsj.com/articles/BL-263B-7192
		Date found in the API results: 2016-03-19T00:00:00
		The content of https://www.infomigrants.net/en/post/25880/germany-has-taken-nearly-10-000-migrants-under-eu-turkey-deal-since-2016-report has distance with https://www.wsj.com/articles/BL-263B-7192 of : 0.3779. Keeping.
		Adding to DB the URL https://www.wsj.com/articles/BL-263B-7192
	Result [24]  Processing URL https://helprefugees.org/news/eu-turkey-deal-explained/
		Date found in the API results: 2018-04-05T00:00:00
		Date found in the content of the page: None
		Different. The content of https://www.infomigrants.net/en/post/25880/germany-has-taken-nearly-10-000-migrants-under-eu-turkey-deal-since-2016-report has distance with https://helprefugees.org/news/eu-turkey-deal-explained/ of: 0.010147234381217668. Discarding.
	Result [25]  Processing URL https://www.hrw.org/news/2016/03/04/qa-eu-turkey-deal-migration-and-refugees
		Date found in the API results: 2016-03-03T00:00:00
		Different. The content of https://www.infomigrants.net/en/post/25880/germany-has-taken-nearly-10-000-migrants-under-eu-turkey-deal-since-2016-report has distance with https://www.hrw.org/news/2016/03/04/qa-eu-turkey-deal-migration-and-refugees of: 0.2742. Discarding.
	Result [26]  Processing URL https://www.wsj.com/articles/BL-263B-7192
		Date found in the API results: 2016-03-19T00:00:00
		The content of https://www.infomigrants.net/en/post/25880/germany-has-taken-nearly-10-000-migrants-under-eu-turkey-deal-since-2016-report has distance with https://www.wsj.com/articles/BL-263B-7192 of : 0.3779. Keeping.
		Adding to DB the URL https://www.wsj.com/articles/BL-263B-7192

== Level 0. Twitter search by title as Germany has taken nearly 10,000 migrants under EU-Turkey deal since 2016, report - InfoMigrants
https://api.twitter.com/2/tweets/search/all?query=%22Germany+has+taken+nearly+10%2C000+migrants+under+EU-Turkey+deal+since+2016%2C+report+-+InfoMigrants%22&max_results=100&tweet.fields=author_id%2Cpublic_metrics%2Ccreated_at&start_time=2020-07-12T23%3A56%3A42.682520Z
	Downloaded 0 twitter content

== Level 0. VK search by title as Germany has taken nearly 10,000 migrants under EU-Turkey deal since 2016, report - InfoMigrants
In total was found 0
