Searching the distribution graph of URL https://forum.bakililar.az/topic/206228-%D0%B2-%D0%B0%D0%BB%D0%BC%D0%B0%D1%82%D1%8B-%D0%BF%D1%80%D0%B8%D0%B7%D0%BD%D0%B0%D0%BB%D0%B8%D1%81%D1%8C-%D0%B2-%D1%80%D0%B0%D0%B1%D0%BE%D1%82%D0%B5-%D0%BD%D0%B0%D0%B4-%D0%BA%D0%BE%D1%80%D0%BE%D0%BD%D0%B0%D0%B2%D0%B8%D1%80%D1%83%D1%81%D0%BE%D0%BC-%D0%B4%D0%BE-%D1%8D%D0%BF%D0%B8%D0%B4%D0%B5%D0%BC%D0%B8%D0%B8/. Using 1 levels.

Main title: В Алматы признались в работе над коронавирусом до эпидемии - Политика и Общество - Bakililar.AZ Forum
In level 0 were found 1 urls including original

== Level 0. Google search by LINKS to https://forum.bakililar.az/topic/206228-%D0%B2-%D0%B0%D0%BB%D0%BC%D0%B0%D1%82%D1%8B-%D0%BF%D1%80%D0%B8%D0%B7%D0%BD%D0%B0%D0%BB%D0%B8%D1%81%D1%8C-%D0%B2-%D1%80%D0%B0%D0%B1%D0%BE%D1%82%D0%B5-%D0%BD%D0%B0%D0%B4-%D0%BA%D0%BE%D1%80%D0%BE%D0%BD%D0%B0%D0%B2%D0%B8%D1%80%D1%83%D1%81%D0%BE%D0%BC-%D0%B4%D0%BE-%D1%8D%D0%BF%D0%B8%D0%B4%D0%B5%D0%BC%D0%B8%D0%B8/
	Total amount of results retrieved: 1
	Result [1]  Processing URL https://forum.bakililar.az/topic/206228-%D0%B2-%D0%B0%D0%BB%D0%BC%D0%B0%D1%82%D1%8B-%D0%BF%D1%80%D0%B8%D0%B7%D0%BD%D0%B0%D0%BB%D0%B8%D1%81%D1%8C-%D0%B2-%D1%80%D0%B0%D0%B1%D0%BE%D1%82%D0%B5-%D0%BD%D0%B0%D0%B4-%D0%BA%D0%BE%D1%80%D0%BE%D0%BD%D0%B0%D0%B2%D0%B8%D1%80%D1%83%D1%81%D0%BE%D0%BC-%D0%B4%D0%BE-%D1%8D%D0%BF%D0%B8%D0%B4%D0%B5%D0%BC%D0%B8%D0%B8/
		Repeated url: https://forum.bakililar.az/topic/206228-%D0%B2-%D0%B0%D0%BB%D0%BC%D0%B0%D1%82%D1%8B-%D0%BF%D1%80%D0%B8%D0%B7%D0%BD%D0%B0%D0%BB%D0%B8%D1%81%D1%8C-%D0%B2-%D1%80%D0%B0%D0%B1%D0%BE%D1%82%D0%B5-%D0%BD%D0%B0%D0%B4-%D0%BA%D0%BE%D1%80%D0%BE%D0%BD%D0%B0%D0%B2%D0%B8%D1%80%D1%83%D1%81%D0%BE%D0%BC-%D0%B4%D0%BE-%D1%8D%D0%BF%D0%B8%D0%B4%D0%B5%D0%BC%D0%B8%D0%B8/.  Discarding.  

== Level 0. Twitter search by LINKS as https://forum.bakililar.az/topic/206228-%D0%B2-%D0%B0%D0%BB%D0%BC%D0%B0%D1%82%D1%8B-%D0%BF%D1%80%D0%B8%D0%B7%D0%BD%D0%B0%D0%BB%D0%B8%D1%81%D1%8C-%D0%B2-%D1%80%D0%B0%D0%B1%D0%BE%D1%82%D0%B5-%D0%BD%D0%B0%D0%B4-%D0%BA%D0%BE%D1%80%D0%BE%D0%BD%D0%B0%D0%B2%D0%B8%D1%80%D1%83%D1%81%D0%BE%D0%BC-%D0%B4%D0%BE-%D1%8D%D0%BF%D0%B8%D0%B4%D0%B5%D0%BC%D0%B8%D0%B8/
https://api.twitter.com/2/tweets/search/all?query=url+%3A+https%253A%252F%252Fforum.bakililar.az%252Ftopic%252F206228-%2525D0%2525B2-%2525D0%2525B0%2525D0%2525BB%2525D0%2525BC%2525D0%2525B0%2525D1%252582%2525D1%25258B-%2525D0%2525BF%2525D1%252580%2525D0%2525B8%2525D0%2525B7%2525D0%2525BD%2525D0%2525B0%2525D0%2525BB%2525D0%2525B8%2525D1%252581%2525D1%25258C-%2525D0%2525B2-%2525D1%252580%2525D0%2525B0%2525D0%2525B1%2525D0%2525BE%2525D1%252582%2525D0%2525B5-%2525D0%2525BD%2525D0%2525B0%2525D0%2525B4-%2525D0%2525BA%2525D0%2525BE%2525D1%252580%2525D0%2525BE%2525D0%2525BD%2525D0%2525B0%2525D0%2525B2%2525D0%2525B8%2525D1%252580%2525D1%252583%2525D1%252581%2525D0%2525BE%2525D0%2525BC-%2525D0%2525B4%2525D0%2525BE-%2525D1%25258D%2525D0%2525BF%2525D0%2525B8%2525D0%2525B4%2525D0%2525B5%2525D0%2525BC%2525D0%2525B8%2525D0%2525B8%252F&max_results=100&tweet.fields=author_id%2Cpublic_metrics%2Ccreated_at&start_time=2018-07-13T18%3A22%3A10.399759Z
	Downloaded 0 twitter content

== Level 0. VK search by LINKS as https://forum.bakililar.az/topic/206228-%D0%B2-%D0%B0%D0%BB%D0%BC%D0%B0%D1%82%D1%8B-%D0%BF%D1%80%D0%B8%D0%B7%D0%BD%D0%B0%D0%BB%D0%B8%D1%81%D1%8C-%D0%B2-%D1%80%D0%B0%D0%B1%D0%BE%D1%82%D0%B5-%D0%BD%D0%B0%D0%B4-%D0%BA%D0%BE%D1%80%D0%BE%D0%BD%D0%B0%D0%B2%D0%B8%D1%80%D1%83%D1%81%D0%BE%D0%BC-%D0%B4%D0%BE-%D1%8D%D0%BF%D0%B8%D0%B4%D0%B5%D0%BC%D0%B8%D0%B8/
In total was found 0

== Level 0. Google search by TITLE as В Алматы признались в работе над коронавирусом до эпидемии - Политика и Общество - Bakililar.AZ Forum
	Total amount of results retrieved: 10
	Result [1]  Processing URL https://forum.bakililar.az/profile/5635-z0ng/content/
		The content of https://forum.bakililar.az/topic/206228-%D0%B2-%D0%B0%D0%BB%D0%BC%D0%B0%D1%82%D1%8B-%D0%BF%D1%80%D0%B8%D0%B7%D0%BD%D0%B0%D0%BB%D0%B8%D1%81%D1%8C-%D0%B2-%D1%80%D0%B0%D0%B1%D0%BE%D1%82%D0%B5-%D0%BD%D0%B0%D0%B4-%D0%BA%D0%BE%D1%80%D0%BE%D0%BD%D0%B0%D0%B2%D0%B8%D1%80%D1%83%D1%81%D0%BE%D0%BC-%D0%B4%D0%BE-%D1%8D%D0%BF%D0%B8%D0%B4%D0%B5%D0%BC%D0%B8%D0%B8/ has distance with https://forum.bakililar.az/profile/5635-z0ng/content/ of : 0.7449. Keeping.
		Adding to DB the URL https://forum.bakililar.az/profile/5635-z0ng/content/
	Result [2]  Processing URL https://forum.bakililar.az/profile/82927-gambar/content/
		The content of https://forum.bakililar.az/topic/206228-%D0%B2-%D0%B0%D0%BB%D0%BC%D0%B0%D1%82%D1%8B-%D0%BF%D1%80%D0%B8%D0%B7%D0%BD%D0%B0%D0%BB%D0%B8%D1%81%D1%8C-%D0%B2-%D1%80%D0%B0%D0%B1%D0%BE%D1%82%D0%B5-%D0%BD%D0%B0%D0%B4-%D0%BA%D0%BE%D1%80%D0%BE%D0%BD%D0%B0%D0%B2%D0%B8%D1%80%D1%83%D1%81%D0%BE%D0%BC-%D0%B4%D0%BE-%D1%8D%D0%BF%D0%B8%D0%B4%D0%B5%D0%BC%D0%B8%D0%B8/ has distance with https://forum.bakililar.az/profile/82927-gambar/content/ of : 0.7457. Keeping.
		Adding to DB the URL https://forum.bakililar.az/profile/82927-gambar/content/
	Result [3]  Processing URL http://www.bakililar.az/
		Date found in the content of the page: None
		Different. The content of https://forum.bakililar.az/topic/206228-%D0%B2-%D0%B0%D0%BB%D0%BC%D0%B0%D1%82%D1%8B-%D0%BF%D1%80%D0%B8%D0%B7%D0%BD%D0%B0%D0%BB%D0%B8%D1%81%D1%8C-%D0%B2-%D1%80%D0%B0%D0%B1%D0%BE%D1%82%D0%B5-%D0%BD%D0%B0%D0%B4-%D0%BA%D0%BE%D1%80%D0%BE%D0%BD%D0%B0%D0%B2%D0%B8%D1%80%D1%83%D1%81%D0%BE%D0%BC-%D0%B4%D0%BE-%D1%8D%D0%BF%D0%B8%D0%B4%D0%B5%D0%BC%D0%B8%D0%B8/ has distance with http://www.bakililar.az/ of: 0.2511. Discarding.
	Result [4]  Processing URL https://forum.bakililar.az/
		The content of https://forum.bakililar.az/topic/206228-%D0%B2-%D0%B0%D0%BB%D0%BC%D0%B0%D1%82%D1%8B-%D0%BF%D1%80%D0%B8%D0%B7%D0%BD%D0%B0%D0%BB%D0%B8%D1%81%D1%8C-%D0%B2-%D1%80%D0%B0%D0%B1%D0%BE%D1%82%D0%B5-%D0%BD%D0%B0%D0%B4-%D0%BA%D0%BE%D1%80%D0%BE%D0%BD%D0%B0%D0%B2%D0%B8%D1%80%D1%83%D1%81%D0%BE%D0%BC-%D0%B4%D0%BE-%D1%8D%D0%BF%D0%B8%D0%B4%D0%B5%D0%BC%D0%B8%D0%B8/ has distance with https://forum.bakililar.az/ of : 0.7556. Keeping.
		Adding to DB the URL https://forum.bakililar.az/
	Result [5]  Processing URL https://www.facebook.com/forumbakililaraz/
		Different. The content of https://forum.bakililar.az/topic/206228-%D0%B2-%D0%B0%D0%BB%D0%BC%D0%B0%D1%82%D1%8B-%D0%BF%D1%80%D0%B8%D0%B7%D0%BD%D0%B0%D0%BB%D0%B8%D1%81%D1%8C-%D0%B2-%D1%80%D0%B0%D0%B1%D0%BE%D1%82%D0%B5-%D0%BD%D0%B0%D0%B4-%D0%BA%D0%BE%D1%80%D0%BE%D0%BD%D0%B0%D0%B2%D0%B8%D1%80%D1%83%D1%81%D0%BE%D0%BC-%D0%B4%D0%BE-%D1%8D%D0%BF%D0%B8%D0%B4%D0%B5%D0%BC%D0%B8%D0%B8/ has distance with https://www.facebook.com/forumbakililaraz/ of: 0.2495. Discarding.
	Result [6]  Processing URL https://de-de.facebook.com/forumbakililaraz/
		Different. The content of https://forum.bakililar.az/topic/206228-%D0%B2-%D0%B0%D0%BB%D0%BC%D0%B0%D1%82%D1%8B-%D0%BF%D1%80%D0%B8%D0%B7%D0%BD%D0%B0%D0%BB%D0%B8%D1%81%D1%8C-%D0%B2-%D1%80%D0%B0%D0%B1%D0%BE%D1%82%D0%B5-%D0%BD%D0%B0%D0%B4-%D0%BA%D0%BE%D1%80%D0%BE%D0%BD%D0%B0%D0%B2%D0%B8%D1%80%D1%83%D1%81%D0%BE%D0%BC-%D0%B4%D0%BE-%D1%8D%D0%BF%D0%B8%D0%B4%D0%B5%D0%BC%D0%B8%D0%B8/ has distance with https://de-de.facebook.com/forumbakililaraz/ of: 0.2504. Discarding.
	Result [7]  Processing URL https://tengrinews.kz/kazakhstan_news/epidemiologicheskoy-situatsii-almatyi-rasskazali-sanvrachi-434294/
		Date found in the API results: 2021-04-12T00:00:00
		Different. The content of https://forum.bakililar.az/topic/206228-%D0%B2-%D0%B0%D0%BB%D0%BC%D0%B0%D1%82%D1%8B-%D0%BF%D1%80%D0%B8%D0%B7%D0%BD%D0%B0%D0%BB%D0%B8%D1%81%D1%8C-%D0%B2-%D1%80%D0%B0%D0%B1%D0%BE%D1%82%D0%B5-%D0%BD%D0%B0%D0%B4-%D0%BA%D0%BE%D1%80%D0%BE%D0%BD%D0%B0%D0%B2%D0%B8%D1%80%D1%83%D1%81%D0%BE%D0%BC-%D0%B4%D0%BE-%D1%8D%D0%BF%D0%B8%D0%B4%D0%B5%D0%BC%D0%B8%D0%B8/ has distance with https://tengrinews.kz/kazakhstan_news/epidemiologicheskoy-situatsii-almatyi-rasskazali-sanvrachi-434294/ of: 0.2837. Discarding.
	Result [8]  Processing URL https://tengrinews.kz/kazakhstan_news/epidsituatsiya-v-almatyi-uhudshaetsya-sanvrachi-434090/
		Date found in the API results: 2021-04-09T00:00:00
		Different. The content of https://forum.bakililar.az/topic/206228-%D0%B2-%D0%B0%D0%BB%D0%BC%D0%B0%D1%82%D1%8B-%D0%BF%D1%80%D0%B8%D0%B7%D0%BD%D0%B0%D0%BB%D0%B8%D1%81%D1%8C-%D0%B2-%D1%80%D0%B0%D0%B1%D0%BE%D1%82%D0%B5-%D0%BD%D0%B0%D0%B4-%D0%BA%D0%BE%D1%80%D0%BE%D0%BD%D0%B0%D0%B2%D0%B8%D1%80%D1%83%D1%81%D0%BE%D0%BC-%D0%B4%D0%BE-%D1%8D%D0%BF%D0%B8%D0%B4%D0%B5%D0%BC%D0%B8%D0%B8/ has distance with https://tengrinews.kz/kazakhstan_news/epidsituatsiya-v-almatyi-uhudshaetsya-sanvrachi-434090/ of: 0.2823. Discarding.
	Result [9]  Processing URL https://www.coronavirus2020.kz/ru/predpriyatiya-almaty-nachnut-proveryat-na-predmet-vakcinacii-kollektivov-s-15-iyulya_a3808364
		Date found in the API results: 2021-07-03T00:00:00
		Different. The content of https://forum.bakililar.az/topic/206228-%D0%B2-%D0%B0%D0%BB%D0%BC%D0%B0%D1%82%D1%8B-%D0%BF%D1%80%D0%B8%D0%B7%D0%BD%D0%B0%D0%BB%D0%B8%D1%81%D1%8C-%D0%B2-%D1%80%D0%B0%D0%B1%D0%BE%D1%82%D0%B5-%D0%BD%D0%B0%D0%B4-%D0%BA%D0%BE%D1%80%D0%BE%D0%BD%D0%B0%D0%B2%D0%B8%D1%80%D1%83%D1%81%D0%BE%D0%BC-%D0%B4%D0%BE-%D1%8D%D0%BF%D0%B8%D0%B4%D0%B5%D0%BC%D0%B8%D0%B8/ has distance with https://www.coronavirus2020.kz/ru/predpriyatiya-almaty-nachnut-proveryat-na-predmet-vakcinacii-kollektivov-s-15-iyulya_a3808364 of: 0.2351. Discarding.
	Result [10]  Processing URL https://www.coronavirus2020.kz/ru/predprinimateli-obespokoeny-rostom-cen-na-stroymaterialy_a3805449
		Date found in the API results: 2021-06-26T00:00:00
		Different. The content of https://forum.bakililar.az/topic/206228-%D0%B2-%D0%B0%D0%BB%D0%BC%D0%B0%D1%82%D1%8B-%D0%BF%D1%80%D0%B8%D0%B7%D0%BD%D0%B0%D0%BB%D0%B8%D1%81%D1%8C-%D0%B2-%D1%80%D0%B0%D0%B1%D0%BE%D1%82%D0%B5-%D0%BD%D0%B0%D0%B4-%D0%BA%D0%BE%D1%80%D0%BE%D0%BD%D0%B0%D0%B2%D0%B8%D1%80%D1%83%D1%81%D0%BE%D0%BC-%D0%B4%D0%BE-%D1%8D%D0%BF%D0%B8%D0%B4%D0%B5%D0%BC%D0%B8%D0%B8/ has distance with https://www.coronavirus2020.kz/ru/predprinimateli-obespokoeny-rostom-cen-na-stroymaterialy_a3805449 of: 0.2337. Discarding.

== Level 0. Twitter search by title as В Алматы признались в работе над коронавирусом до эпидемии - Политика и Общество - Bakililar.AZ Forum
https://api.twitter.com/2/tweets/search/all?query=%22%D0%92+%D0%90%D0%BB%D0%BC%D0%B0%D1%82%D1%8B+%D0%BF%D1%80%D0%B8%D0%B7%D0%BD%D0%B0%D0%BB%D0%B8%D1%81%D1%8C+%D0%B2+%D1%80%D0%B0%D0%B1%D0%BE%D1%82%D0%B5+%D0%BD%D0%B0%D0%B4+%D0%BA%D0%BE%D1%80%D0%BE%D0%BD%D0%B0%D0%B2%D0%B8%D1%80%D1%83%D1%81%D0%BE%D0%BC+%D0%B4%D0%BE+%D1%8D%D0%BF%D0%B8%D0%B4%D0%B5%D0%BC%D0%B8%D0%B8+-+%D0%9F%D0%BE%D0%BB%D0%B8%D1%82%D0%B8%D0%BA%D0%B0+%D0%B8+%D0%9E%D0%B1%D1%89%D0%B5%D1%81%D1%82%D0%B2%D0%BE+-+Bakililar.AZ+Forum%22&max_results=100&tweet.fields=author_id%2Cpublic_metrics%2Ccreated_at&start_time=2018-07-13T18%3A22%3A29.971052Z
	Downloaded 0 twitter content

== Level 0. VK search by title as В Алматы признались в работе над коронавирусом до эпидемии - Политика и Общество - Bakililar.AZ Forum
In total was found 0
