Searching the distribution graph of URL https://www.cfr.org/backgrounder/ukraine-conflict-crossroads-europe-and-russia. Using 1 levels.

Main title: Ukraine: Conflict at the Crossroads of Europe and Russia | Council on Foreign Relations
In level 0 were found 1 urls including original

== Level 0. Google search by LINKS to https://www.cfr.org/backgrounder/ukraine-conflict-crossroads-europe-and-russia
	Total amount of results retrieved: 125
	Result [1]  Processing URL https://www.cfr.org/backgrounder/ukraine-conflict-crossroads-europe-and-russia
		Date found in the API results: 2020-02-05T00:00:00
		Repeated url: https://www.cfr.org/backgrounder/ukraine-conflict-crossroads-europe-and-russia.  Discarding.  
	Result [2]  Processing URL https://www.cfr.org/backgrounder/ukraine-crisis
		The URL https://www.cfr.org/backgrounder/ukraine-conflict-crossroads-europe-and-russia IS in the content of site https://www.cfr.org/backgrounder/ukraine-crisis  Keeping.
		Adding to DB the URL https://www.cfr.org/backgrounder/ukraine-crisis
	Result [3]  Processing URL https://www.cfr.org/europe-and-eurasia/ukraine
		Not in content. The URL https://www.cfr.org/backgrounder/ukraine-conflict-crossroads-europe-and-russia is not in the content of site https://www.cfr.org/europe-and-eurasia/ukraine  Discarding.
	Result [4]  Processing URL https://www.cfr.org/in-brief/can-paris-summit-end-ukraines-war
		Date found in the API results: None
		Not in content. The URL https://www.cfr.org/backgrounder/ukraine-conflict-crossroads-europe-and-russia is not in the content of site https://www.cfr.org/in-brief/can-paris-summit-end-ukraines-war  Discarding.
	Result [5]  Processing URL https://www.cfr.org/report/crisis-over-ukraine
		Date found in the API results: None
		Not in content. The URL https://www.cfr.org/backgrounder/ukraine-conflict-crossroads-europe-and-russia is not in the content of site https://www.cfr.org/report/crisis-over-ukraine  Discarding.
	Result [6]  Processing URL https://www.cfr.org/interview/how-respond-ukraines-crisis
		Date found in the API results: 2014-03-03T00:00:00
		Not in content. The URL https://www.cfr.org/backgrounder/ukraine-conflict-crossroads-europe-and-russia is not in the content of site https://www.cfr.org/interview/how-respond-ukraines-crisis  Discarding.
	Result [7]  Processing URL https://www.cfr.org/interview/can-osce-defuse-ukrainian-tensions
		Date found in the API results: 2014-03-11T00:00:00
		Not in content. The URL https://www.cfr.org/backgrounder/ukraine-conflict-crossroads-europe-and-russia is not in the content of site https://www.cfr.org/interview/can-osce-defuse-ukrainian-tensions  Discarding.
	Result [8]  Processing URL https://www.cfr.org/backgrounder/one-year-after-ukraines-orange-revolution
		Not in content. The URL https://www.cfr.org/backgrounder/ukraine-conflict-crossroads-europe-and-russia is not in the content of site https://www.cfr.org/backgrounder/one-year-after-ukraines-orange-revolution  Discarding.
	Result [9]  Processing URL https://geogf101.community.uaf.edu/2020/02/09/ukraine-conflict-at-the-crossroads-of-europe-and-russia/
		Date found in the URL: 2020-02-09 00:00:00
		The URL https://www.cfr.org/backgrounder/ukraine-conflict-crossroads-europe-and-russia IS in the content of site https://geogf101.community.uaf.edu/2020/02/09/ukraine-conflict-at-the-crossroads-of-europe-and-russia/  Keeping.
		Adding to DB the URL https://geogf101.community.uaf.edu/2020/02/09/ukraine-conflict-at-the-crossroads-of-europe-and-russia/
	Result [10]  Processing URL https://www.orfonline.org/research/russia-eu-relations-the-end-of-a-strategic-partnership/
		Date found in the API results: 2021-03-11T00:00:00
		Not in content. The URL https://www.cfr.org/backgrounder/ukraine-conflict-crossroads-europe-and-russia is not in the content of site https://www.orfonline.org/research/russia-eu-relations-the-end-of-a-strategic-partnership/  Discarding.
	Result [11]  Processing URL https://fsi.stanford.edu/news/biden-presidency-and-ukraine
		Date found in the API results: 2021-01-27T00:00:00
		The URL https://www.cfr.org/backgrounder/ukraine-conflict-crossroads-europe-and-russia IS in the content of site https://fsi.stanford.edu/news/biden-presidency-and-ukraine  Keeping.
		Adding to DB the URL https://fsi.stanford.edu/news/biden-presidency-and-ukraine
	Result [12]  Processing URL https://www.iestork.org/ukraines-quest-to-prosperity-its-separation-from-russia/
		Date found in the API results: 2021-01-20T00:00:00
		The URL https://www.cfr.org/backgrounder/ukraine-conflict-crossroads-europe-and-russia IS in the content of site https://www.iestork.org/ukraines-quest-to-prosperity-its-separation-from-russia/  Keeping.
		Adding to DB the URL https://www.iestork.org/ukraines-quest-to-prosperity-its-separation-from-russia/
	Result [13]  Processing URL http://skrhotel.com/9uto4iou/reddit-ukraine-conflict
		Date found in the content of the page: None
		Not in content. The URL https://www.cfr.org/backgrounder/ukraine-conflict-crossroads-europe-and-russia is not in the content of site http://skrhotel.com/9uto4iou/reddit-ukraine-conflict  Discarding.
	Result [14]  Processing URL https://carnegieendowment.org/2019/10/31/russia-in-middle-east-jack-of-all-trades-master-of-none-pub-80233
		Date found in the API results: None
		Date found in the URL: 2019-10-31 00:00:00
		Not in content. The URL https://www.cfr.org/backgrounder/ukraine-conflict-crossroads-europe-and-russia is not in the content of site https://carnegieendowment.org/2019/10/31/russia-in-middle-east-jack-of-all-trades-master-of-none-pub-80233  Discarding.
	Result [15]  Processing URL https://www.bpb.de/internationales/weltweit/sicherheitspolitische-presseschau/195651/council-on-foreign-relations
		The URL https://www.cfr.org/backgrounder/ukraine-conflict-crossroads-europe-and-russia IS in the content of site https://www.bpb.de/internationales/weltweit/sicherheitspolitische-presseschau/195651/council-on-foreign-relations  Keeping.
		Adding to DB the URL https://www.bpb.de/internationales/weltweit/sicherheitspolitische-presseschau/195651/council-on-foreign-relations
	Result [16]  Processing URL https://eurodefense.pt/a-crise-da-ucrania-e-da-europa/
		The URL https://www.cfr.org/backgrounder/ukraine-conflict-crossroads-europe-and-russia IS in the content of site https://eurodefense.pt/a-crise-da-ucrania-e-da-europa/  Keeping.
		Adding to DB the URL https://eurodefense.pt/a-crise-da-ucrania-e-da-europa/
	Result [17]  Processing URL https://www.brookings.edu/wp-content/uploads/2020/11/Future-U.S.-policy-toward-China-v8.pdf
		Date found in the API results: 2020-11-09T00:00:00
		Blacklisted url: https://www.brookings.edu/wp-content/uploads/2020/11/Future-U.S.-policy-toward-China-v8.pdf.  Discarding.  
	Result [18]  Processing URL https://www.americanprogress.org/issues/security/reports/2021/05/26/499944/northern-syria-security-dynamics-refugee-crisis/
		Date found in the API results: None
		Date found in the URL: 2021-05-26 00:00:00
		Not in content. The URL https://www.cfr.org/backgrounder/ukraine-conflict-crossroads-europe-and-russia is not in the content of site https://www.americanprogress.org/issues/security/reports/2021/05/26/499944/northern-syria-security-dynamics-refugee-crisis/  Discarding.
	Result [19]  Processing URL https://www.frontiersin.org/articles/10.3389/fpos.2021.663432/full
		Date found in the URL: 2021-07-12 00:00:00
		Not in content. The URL https://www.cfr.org/backgrounder/ukraine-conflict-crossroads-europe-and-russia is not in the content of site https://www.frontiersin.org/articles/10.3389/fpos.2021.663432/full  Discarding.
	Result [20]  Processing URL https://knowledgehub.transparency.org/assets/uploads/kproducts/Regional-profile-Eastern-Partnership-countries_2020_PR.pdf
		Date found in the API results: 2020-03-26T00:00:00
		Blacklisted url: https://knowledgehub.transparency.org/assets/uploads/kproducts/Regional-profile-Eastern-Partnership-countries_2020_PR.pdf.  Discarding.  
	Result [21]  Processing URL https://www.brookings.edu/wp-content/uploads/2020/11/Future-U.S.-policy-toward-China-v8.pdf
		Date found in the API results: 2020-11-09T00:00:00
		Blacklisted url: https://www.brookings.edu/wp-content/uploads/2020/11/Future-U.S.-policy-toward-China-v8.pdf.  Discarding.  
	Result [22]  Processing URL https://www.americanprogress.org/issues/security/reports/2021/05/26/499944/northern-syria-security-dynamics-refugee-crisis/
		Date found in the API results: 2021-05-26T00:00:00
		Date found in the URL: 2021-05-26 00:00:00
		Not in content. The URL https://www.cfr.org/backgrounder/ukraine-conflict-crossroads-europe-and-russia is not in the content of site https://www.americanprogress.org/issues/security/reports/2021/05/26/499944/northern-syria-security-dynamics-refugee-crisis/  Discarding.
	Result [23]  Processing URL https://knowledgehub.transparency.org/assets/uploads/kproducts/Regional-profile-Eastern-Partnership-countries_2020_PR.pdf
		Date found in the API results: 2020-03-26T00:00:00
		Blacklisted url: https://knowledgehub.transparency.org/assets/uploads/kproducts/Regional-profile-Eastern-Partnership-countries_2020_PR.pdf.  Discarding.  
	Result [24]  Processing URL https://inss.ndu.edu/Portals/82/Documents/Strategic%20Perspectives/SP%2029%20Final%20for%20Web.pdf?ver=2019-03-25-100758-543
		Date found in the API results: 2019-03-19T00:00:00
		Blacklisted url: https://inss.ndu.edu/Portals/82/Documents/Strategic%20Perspectives/SP%2029%20Final%20for%20Web.pdf?ver=2019-03-25-100758-543.  Discarding.  
	Result [25]  Processing URL http://russialist.org/russia-ukraine-johnsons-russia-list-table-of-contents-links-jrl-2020-25-tuesday-11-february-2020/
		! Error getting the content of the web.
		! can't compare offset-naive and offset-aware datetimes
		<class 'TypeError'>
		Not in content. The URL https://www.cfr.org/backgrounder/ukraine-conflict-crossroads-europe-and-russia is not in the content of site http://russialist.org/russia-ukraine-johnsons-russia-list-table-of-contents-links-jrl-2020-25-tuesday-11-february-2020/  Discarding.
	Result [26]  Processing URL https://www.frontiersin.org/articles/10.3389/fpos.2021.663432/full
		Date found in the URL: 2021-07-12 00:00:00
		Not in content. The URL https://www.cfr.org/backgrounder/ukraine-conflict-crossroads-europe-and-russia is not in the content of site https://www.frontiersin.org/articles/10.3389/fpos.2021.663432/full  Discarding.
	Result [27]  Processing URL https://www.defensepriorities.org/explainers/counting-the-cost-of-financial-warfare
		Not in content. The URL https://www.cfr.org/backgrounder/ukraine-conflict-crossroads-europe-and-russia is not in the content of site https://www.defensepriorities.org/explainers/counting-the-cost-of-financial-warfare  Discarding.
	Result [28]  Processing URL https://www.researchgate.net/publication/342947001_THE_RETURN_OF_GEOPOLITICS_EASTERN_PARTNERSHIP_COUNTRIES_BETWEEN_THE_EUROPEAN_UNION_AND_CHINA
		Date found in the API results: 2020-07-15T00:00:00
		Not in content. The URL https://www.cfr.org/backgrounder/ukraine-conflict-crossroads-europe-and-russia is not in the content of site https://www.researchgate.net/publication/342947001_THE_RETURN_OF_GEOPOLITICS_EASTERN_PARTNERSHIP_COUNTRIES_BETWEEN_THE_EUROPEAN_UNION_AND_CHINA  Discarding.
	Result [29]  Processing URL https://stars.library.ucf.edu/cgi/viewcontent.cgi?article=2073&context=honorstheses
		! Error getting the content of the web.
		! unsupported operand type(s) for +: 'int' and 'str'
		<class 'TypeError'>
		Not in content. The URL https://www.cfr.org/backgrounder/ukraine-conflict-crossroads-europe-and-russia is not in the content of site https://stars.library.ucf.edu/cgi/viewcontent.cgi?article=2073&context=honorstheses  Discarding.
	Result [30]  Processing URL https://transatlanticrelations.org/wp-content/uploads/2020/12/The-Arctic-and-World-Order.pdf
		Blacklisted url: https://transatlanticrelations.org/wp-content/uploads/2020/12/The-Arctic-and-World-Order.pdf.  Discarding.  
	Result [31]  Processing URL https://www.defensepriorities.org/explainers/counting-the-cost-of-financial-warfare
		Not in content. The URL https://www.cfr.org/backgrounder/ukraine-conflict-crossroads-europe-and-russia is not in the content of site https://www.defensepriorities.org/explainers/counting-the-cost-of-financial-warfare  Discarding.
	Result [32]  Processing URL https://www.researchgate.net/publication/342947001_THE_RETURN_OF_GEOPOLITICS_EASTERN_PARTNERSHIP_COUNTRIES_BETWEEN_THE_EUROPEAN_UNION_AND_CHINA
		Date found in the API results: 2020-07-15T00:00:00
		Not in content. The URL https://www.cfr.org/backgrounder/ukraine-conflict-crossroads-europe-and-russia is not in the content of site https://www.researchgate.net/publication/342947001_THE_RETURN_OF_GEOPOLITICS_EASTERN_PARTNERSHIP_COUNTRIES_BETWEEN_THE_EUROPEAN_UNION_AND_CHINA  Discarding.
	Result [33]  Processing URL https://transatlanticrelations.org/wp-content/uploads/2020/12/The-Arctic-and-World-Order.pdf
		Blacklisted url: https://transatlanticrelations.org/wp-content/uploads/2020/12/The-Arctic-and-World-Order.pdf.  Discarding.  
	Result [34]  Processing URL https://www.rand.org/content/dam/rand/pubs/research_reports/RRA900/RRA958-1/RAND_RBA958-1.pdf
		Date found in the API results: 2020-11-18T00:00:00
		Blacklisted url: https://www.rand.org/content/dam/rand/pubs/research_reports/RRA900/RRA958-1/RAND_RBA958-1.pdf.  Discarding.  
	Result [35]  Processing URL https://www.rand.org/content/dam/rand/pubs/research_reports/RR1700/RR1786/RAND_RR1786.pdf
		Blacklisted url: https://www.rand.org/content/dam/rand/pubs/research_reports/RR1700/RR1786/RAND_RR1786.pdf.  Discarding.  
	Result [36]  Processing URL https://scholars.unh.edu/cgi/viewcontent.cgi?article=2392&context=thesis
		Not in content. The URL https://www.cfr.org/backgrounder/ukraine-conflict-crossroads-europe-and-russia is not in the content of site https://scholars.unh.edu/cgi/viewcontent.cgi?article=2392&context=thesis  Discarding.
	Result [37]  Processing URL https://www.hsdl.org/?view&did=811782
		Date found in the content of the page: None
		Not in content. The URL https://www.cfr.org/backgrounder/ukraine-conflict-crossroads-europe-and-russia is not in the content of site https://www.hsdl.org/?view&did=811782  Discarding.
	Result [38]  Processing URL https://www.dia.mil/Portals/27/Documents/News/Military%20Power%20Publications/Iran_Military_Power_LR.pdf
		Blacklisted url: https://www.dia.mil/Portals/27/Documents/News/Military%20Power%20Publications/Iran_Military_Power_LR.pdf.  Discarding.  
	Result [39]  Processing URL https://www.manchesteropenhive.com/supplemental/9781526137470/9781526137470.xml/9781526137470.pdf?t:state:client=H4sIAAAAAAAAAIWTPY/TQBCGJzkCdwriSMTpaJAo6JCcCgmJBrjcCetMiJSIgm5sT5yF9a7ZXeejQdBwBQUNdBQUlPdXKCnoENRQISFdxa4DJBY4WPJqPXo88+7svMdfoTE9BQC7WsGhVImHGUZj8gxmpI2aX/OYMKQEck+TmrCItLfHGQnTJ6WZNnZ3wIjHAyMVJuSnGb9ySPOP33dfnvlyclSHjQCakUwzKSzqxwbawUOcYIejSDoDo5hIbgSwNXJJepjSY3gCtQA2M5vtz/csM3A1kmLEklxhyMnuXWkHhTKeW702KEe/wtrAth7L6a3I6tW+jdrIxdX/O3sLsm8T2KO3nCTPSfJuS8kJxfvL6umHNyff6lB7AI0J8pxmGWinBtyyYaBZlMjNWKoi3ijW07USdNZB/XgUMPFolYJ/UK5/YiQrc7WKgsqwiFMvT0NS6xMO8tAww6kyYXGC/ZiZ8gng76r3BGeC+nnYRUOV6KZDfa3F/4iwmmgtNTHkw3lWXW6r6JqyQ1mJFGOwL/KUFBomq8uec+DQdSvAkHgltxNJzjHT1JPiLjL7GlO6h3KH28vTWFdMpYqrG71T3BkpRvq+5FbyeiVFo7o0wpybA6lSNJXohWJwJsi4m/0FXK1jO8XZHcLYOrNLmRkvwJJJfGuehFT789t3P54dXbcm8X+bRMH5JbeY0ufHry81X316UQewHrJPeQitiZmwYzWU0Zq2o+grmSjrZzahLtMZx3n1+Ee5UtbeK/rdetMV/wkJZISK9AQAAA==
		Date found in the content of the page: None
		Not in content. The URL https://www.cfr.org/backgrounder/ukraine-conflict-crossroads-europe-and-russia is not in the content of site https://www.manchesteropenhive.com/supplemental/9781526137470/9781526137470.xml/9781526137470.pdf?t:state:client=H4sIAAAAAAAAAIWTPY/TQBCGJzkCdwriSMTpaJAo6JCcCgmJBrjcCetMiJSIgm5sT5yF9a7ZXeejQdBwBQUNdBQUlPdXKCnoENRQISFdxa4DJBY4WPJqPXo88+7svMdfoTE9BQC7WsGhVImHGUZj8gxmpI2aX/OYMKQEck+TmrCItLfHGQnTJ6WZNnZ3wIjHAyMVJuSnGb9ySPOP33dfnvlyclSHjQCakUwzKSzqxwbawUOcYIejSDoDo5hIbgSwNXJJepjSY3gCtQA2M5vtz/csM3A1kmLEklxhyMnuXWkHhTKeW702KEe/wtrAth7L6a3I6tW+jdrIxdX/O3sLsm8T2KO3nCTPSfJuS8kJxfvL6umHNyff6lB7AI0J8pxmGWinBtyyYaBZlMjNWKoi3ijW07USdNZB/XgUMPFolYJ/UK5/YiQrc7WKgsqwiFMvT0NS6xMO8tAww6kyYXGC/ZiZ8gng76r3BGeC+nnYRUOV6KZDfa3F/4iwmmgtNTHkw3lWXW6r6JqyQ1mJFGOwL/KUFBomq8uec+DQdSvAkHgltxNJzjHT1JPiLjL7GlO6h3KH28vTWFdMpYqrG71T3BkpRvq+5FbyeiVFo7o0wpybA6lSNJXohWJwJsi4m/0FXK1jO8XZHcLYOrNLmRkvwJJJfGuehFT789t3P54dXbcm8X+bRMH5JbeY0ufHry81X316UQewHrJPeQitiZmwYzWU0Zq2o+grmSjrZzahLtMZx3n1+Ee5UtbeK/rdetMV/wkJZISK9AQAAA==  Discarding.
	Result [40]  Processing URL https://www.aspeninstitute.org/wp-content/uploads/2020/01/TheStruggleForPower.pdf
		Blacklisted url: https://www.aspeninstitute.org/wp-content/uploads/2020/01/TheStruggleForPower.pdf.  Discarding.  
	Result [41]  Processing URL https://www.uscc.gov/files/000718
		Not in content. The URL https://www.cfr.org/backgrounder/ukraine-conflict-crossroads-europe-and-russia is not in the content of site https://www.uscc.gov/files/000718  Discarding.
	Result [42]  Processing URL https://scholars.unh.edu/cgi/viewcontent.cgi?article=2392&context=thesis
		Not in content. The URL https://www.cfr.org/backgrounder/ukraine-conflict-crossroads-europe-and-russia is not in the content of site https://scholars.unh.edu/cgi/viewcontent.cgi?article=2392&context=thesis  Discarding.
	Result [43]  Processing URL https://digital.lib.washington.edu/researchworks/bitstream/handle/1773/43755/TaskForce_B_Beyer.pdf?sequence=1&isAllowed=y
		Blacklisted url: https://digital.lib.washington.edu/researchworks/bitstream/handle/1773/43755/TaskForce_B_Beyer.pdf?sequence=1&isAllowed=y.  Discarding.  
	Result [44]  Processing URL https://aquila.usm.edu/cgi/viewcontent.cgi?article=2916&context=dissertations
		! Error getting the content of the web.
		! unsupported operand type(s) for +: 'int' and 'str'
		<class 'TypeError'>
		Not in content. The URL https://www.cfr.org/backgrounder/ukraine-conflict-crossroads-europe-and-russia is not in the content of site https://aquila.usm.edu/cgi/viewcontent.cgi?article=2916&context=dissertations  Discarding.
	Result [45]  Processing URL https://www.hsdl.org/?view&did=811782
		Date found in the content of the page: None
		Not in content. The URL https://www.cfr.org/backgrounder/ukraine-conflict-crossroads-europe-and-russia is not in the content of site https://www.hsdl.org/?view&did=811782  Discarding.
	Result [46]  Processing URL https://udspace.udel.edu/bitstream/handle/19716/28572/Ates_udel_0060D_14323.pdf?sequence=1&isAllowed=y
		Blacklisted url: https://udspace.udel.edu/bitstream/handle/19716/28572/Ates_udel_0060D_14323.pdf?sequence=1&isAllowed=y.  Discarding.  
	Result [47]  Processing URL https://icct.nl/app/uploads/2020/12/Handbook-Chapt-7-final-for-publication.pdf
		Blacklisted url: https://icct.nl/app/uploads/2020/12/Handbook-Chapt-7-final-for-publication.pdf.  Discarding.  
	Result [48]  Processing URL https://apps.dtic.mil/sti/pdfs/AD1077812.pdf
		Blacklisted url: https://apps.dtic.mil/sti/pdfs/AD1077812.pdf.  Discarding.  
	Result [49]  Processing URL https://www.caspianpolicy.org/wp-content/uploads/2021/04/International-Actors-in-Central-Asia.pdf
		Blacklisted url: https://www.caspianpolicy.org/wp-content/uploads/2021/04/International-Actors-in-Central-Asia.pdf.  Discarding.  
	Result [50]  Processing URL https://indianstrategicknowledgeonline.com/web/1%20Armenian-Azerbaijani-Conflict-over-Nagorno-Karabakh-Geopolitical-Implications.pdf
		Date found in the API results: 2020-11-09T00:00:00
		Blacklisted url: https://indianstrategicknowledgeonline.com/web/1%20Armenian-Azerbaijani-Conflict-over-Nagorno-Karabakh-Geopolitical-Implications.pdf.  Discarding.  
	Result [51]  Processing URL http://publications.armywarcollege.edu/pubs/3748.pdf
		Date found in the API results: 2019-08-27T00:00:00
		Blacklisted url: http://publications.armywarcollege.edu/pubs/3748.pdf.  Discarding.  
	Result [52]  Processing URL https://www.caspianpolicy.org/wp-content/uploads/2021/04/International-Actors-in-Central-Asia.pdf
		Blacklisted url: https://www.caspianpolicy.org/wp-content/uploads/2021/04/International-Actors-in-Central-Asia.pdf.  Discarding.  
	Result [53]  Processing URL https://goldfarbcenter.colby.edu/wp-content/uploads/2021/05/Overture-6.0.pdf
		Date found in the API results: 2021-05-19T00:00:00
		Blacklisted url: https://goldfarbcenter.colby.edu/wp-content/uploads/2021/05/Overture-6.0.pdf.  Discarding.  
	Result [54]  Processing URL https://www.elgaronline.com/view/9781786433817/18_bibliography.xhtml
		Date found in the API results: 2018-08-31T00:00:00
		Date found in the content of the page: None
		Not in content. The URL https://www.cfr.org/backgrounder/ukraine-conflict-crossroads-europe-and-russia is not in the content of site https://www.elgaronline.com/view/9781786433817/18_bibliography.xhtml  Discarding.
	Result [55]  Processing URL https://apps.dtic.mil/sti/pdfs/AD1105251.pdf
		Blacklisted url: https://apps.dtic.mil/sti/pdfs/AD1105251.pdf.  Discarding.  
	Result [56]  Processing URL https://mwi.usma.edu/wp-content/uploads/2018/03/Analyzing-the-Russian-Way-of-War.pdf
		Blacklisted url: https://mwi.usma.edu/wp-content/uploads/2018/03/Analyzing-the-Russian-Way-of-War.pdf.  Discarding.  
	Result [57]  Processing URL https://aquila.usm.edu/cgi/viewcontent.cgi?article=2916&context=dissertations
		! Error getting the content of the web.
		! unsupported operand type(s) for +: 'int' and 'str'
		<class 'TypeError'>
		Not in content. The URL https://www.cfr.org/backgrounder/ukraine-conflict-crossroads-europe-and-russia is not in the content of site https://aquila.usm.edu/cgi/viewcontent.cgi?article=2916&context=dissertations  Discarding.
	Result [58]  Processing URL https://www-s3-live.kent.edu/s3fs-root/s3fs-public/file/Limiting%20institutions_1.pdf
		Blacklisted url: https://www-s3-live.kent.edu/s3fs-root/s3fs-public/file/Limiting%20institutions_1.pdf.  Discarding.  
	Result [59]  Processing URL https://www.heritage.org/sites/default/files/2019-11/2020_IndexOfUSMilitaryStrength_WEB.pdf
		Blacklisted url: https://www.heritage.org/sites/default/files/2019-11/2020_IndexOfUSMilitaryStrength_WEB.pdf.  Discarding.  
	Result [60]  Processing URL https://www.sciencespo.fr/psia/sites/sciencespo.fr.psia/files/Transatlantic_Grand_Strategies_2019.pdf
		Date found in the API results: 2005-05-29T00:00:00
		Blacklisted url: https://www.sciencespo.fr/psia/sites/sciencespo.fr.psia/files/Transatlantic_Grand_Strategies_2019.pdf.  Discarding.  
	Result [61]  Processing URL http://www.ieee.es/en/Galerias/fichero/panoramas/Geopolitical_Panorama2014.pdf
		Date found in the API results: 2014-11-11T00:00:00
		Blacklisted url: http://www.ieee.es/en/Galerias/fichero/panoramas/Geopolitical_Panorama2014.pdf.  Discarding.  
	Result [62]  Processing URL https://media.defense.gov/2021/Mar/07/2002595040/-1/-1/1/JIPA%20SPRING%202021%20MH%203.1X2.PDF
		Not in content. The URL https://www.cfr.org/backgrounder/ukraine-conflict-crossroads-europe-and-russia is not in the content of site https://media.defense.gov/2021/Mar/07/2002595040/-1/-1/1/JIPA%20SPRING%202021%20MH%203.1X2.PDF  Discarding.
	Result [63]  Processing URL https://digital.lib.washington.edu/researchworks/bitstream/handle/1773/43755/TaskForce_B_Beyer.pdf?sequence=1&isAllowed=y
		Blacklisted url: https://digital.lib.washington.edu/researchworks/bitstream/handle/1773/43755/TaskForce_B_Beyer.pdf?sequence=1&isAllowed=y.  Discarding.  
	Result [64]  Processing URL https://www.cna.org/CNA_files/PDF/IRM-2017-U-015512.pdf
		Blacklisted url: https://www.cna.org/CNA_files/PDF/IRM-2017-U-015512.pdf.  Discarding.  
	Result [65]  Processing URL https://www.files.ethz.ch/isn/131571/kazakhstanindependence.pdf
		Blacklisted url: https://www.files.ethz.ch/isn/131571/kazakhstanindependence.pdf.  Discarding.  
	Result [66]  Processing URL https://www.cgs-bonn.de/cms/wp-content/uploads/2019/03/Kemmerzell-2019-1.pdf
		Blacklisted url: https://www.cgs-bonn.de/cms/wp-content/uploads/2019/03/Kemmerzell-2019-1.pdf.  Discarding.  
	Result [67]  Processing URL https://indianstrategicknowledgeonline.com/web/1%20Armenian-Azerbaijani-Conflict-over-Nagorno-Karabakh-Geopolitical-Implications.pdf
		Date found in the API results: 2020-11-09T00:00:00
		Blacklisted url: https://indianstrategicknowledgeonline.com/web/1%20Armenian-Azerbaijani-Conflict-over-Nagorno-Karabakh-Geopolitical-Implications.pdf.  Discarding.  
	Result [68]  Processing URL http://natoassociation.ca/wp-content/uploads/2019/04/NATO-at-70-Selected-Topics-in-World-Security.pdf
		Blacklisted url: http://natoassociation.ca/wp-content/uploads/2019/04/NATO-at-70-Selected-Topics-in-World-Security.pdf.  Discarding.  
	Result [69]  Processing URL https://icct.nl/app/uploads/2020/12/Handbook-Chapt-7-final-for-publication.pdf
		Blacklisted url: https://icct.nl/app/uploads/2020/12/Handbook-Chapt-7-final-for-publication.pdf.  Discarding.  
	Result [70]  Processing URL https://www.uscc.gov/files/000718
		Not in content. The URL https://www.cfr.org/backgrounder/ukraine-conflict-crossroads-europe-and-russia is not in the content of site https://www.uscc.gov/files/000718  Discarding.
	Result [71]  Processing URL https://udspace.udel.edu/bitstream/handle/19716/28572/Ates_udel_0060D_14323.pdf?sequence=1&isAllowed=y
		Blacklisted url: https://udspace.udel.edu/bitstream/handle/19716/28572/Ates_udel_0060D_14323.pdf?sequence=1&isAllowed=y.  Discarding.  
	Result [72]  Processing URL https://apcss.org/wp-content/uploads/2019/10/CHINA-GLOBAL-INFLUENCE-revised-final.pdf
		Blacklisted url: https://apcss.org/wp-content/uploads/2019/10/CHINA-GLOBAL-INFLUENCE-revised-final.pdf.  Discarding.  
	Result [73]  Processing URL http://www.lse.ac.uk/ideas/Assets/Documents/reports/LSE-IDEAS-COMPASS-UPTAKE-Greater-Eurasia.pdf
		Date found in the API results: 2019-05-04T00:00:00
		Blacklisted url: http://www.lse.ac.uk/ideas/Assets/Documents/reports/LSE-IDEAS-COMPASS-UPTAKE-Greater-Eurasia.pdf.  Discarding.  
	Result [74]  Processing URL https://divergentoptions.org/category/topics/china-peoples-republic-of-china/
		Not in content. The URL https://www.cfr.org/backgrounder/ukraine-conflict-crossroads-europe-and-russia is not in the content of site https://divergentoptions.org/category/topics/china-peoples-republic-of-china/  Discarding.
	Result [75]  Processing URL https://www.geneva-academy.ch/joomlatools-files/docman-files/The%20War%20Report%202017.pdf
		Blacklisted url: https://www.geneva-academy.ch/joomlatools-files/docman-files/The%20War%20Report%202017.pdf.  Discarding.  
	Result [76]  Processing URL https://digital.sandiego.edu/cgi/viewcontent.cgi?article=1312&context=ilj
		Not in content. The URL https://www.cfr.org/backgrounder/ukraine-conflict-crossroads-europe-and-russia is not in the content of site https://digital.sandiego.edu/cgi/viewcontent.cgi?article=1312&context=ilj  Discarding.
	Result [77]  Processing URL https://dl1.cuni.cz/pluginfile.php/486325/mod_resource/content/0/%5BLindley-french%5D_The_North_Atlantic_Treaty_Organiz%28BookFi%29.pdf
		Blacklisted url: https://dl1.cuni.cz/pluginfile.php/486325/mod_resource/content/0/%5BLindley-french%5D_The_North_Atlantic_Treaty_Organiz%28BookFi%29.pdf.  Discarding.  
	Result [78]  Processing URL https://www.acaps.org/projects/rohingya-crisis
		Not in content. The URL https://www.cfr.org/backgrounder/ukraine-conflict-crossroads-europe-and-russia is not in the content of site https://www.acaps.org/projects/rohingya-crisis  Discarding.
	Result [79]  Processing URL https://digitalcommons.kennesaw.edu/cgi/viewcontent.cgi?article=1245&context=jgi
		Date found in the API results: 2018-01-01T00:00:00
		! Error getting the content of the web.
		! unsupported operand type(s) for +: 'int' and 'str'
		<class 'TypeError'>
		Not in content. The URL https://www.cfr.org/backgrounder/ukraine-conflict-crossroads-europe-and-russia is not in the content of site https://digitalcommons.kennesaw.edu/cgi/viewcontent.cgi?article=1245&context=jgi  Discarding.
	Result [80]  Processing URL https://www.cidob.org/en/content/download/24457/278620/file/m_shaping_normative.pdf
		Blacklisted url: https://www.cidob.org/en/content/download/24457/278620/file/m_shaping_normative.pdf.  Discarding.  
	Result [81]  Processing URL https://www.ucis.pitt.edu/creees/sites/default/files/images/documents/URS-Proceedings-2020.pdf
		Blacklisted url: https://www.ucis.pitt.edu/creees/sites/default/files/images/documents/URS-Proceedings-2020.pdf.  Discarding.  
	Result [82]  Processing URL http://www.lse.ac.uk/ideas/Assets/Documents/reports/LSE-IDEAS-COMPASS-UPTAKE-Greater-Eurasia.pdf
		Date found in the API results: 2019-05-04T00:00:00
		Blacklisted url: http://www.lse.ac.uk/ideas/Assets/Documents/reports/LSE-IDEAS-COMPASS-UPTAKE-Greater-Eurasia.pdf.  Discarding.  
	Result [83]  Processing URL https://cgsr.llnl.gov/content/assets/docs/CGSR_livpaper5.pdf
		Blacklisted url: https://cgsr.llnl.gov/content/assets/docs/CGSR_livpaper5.pdf.  Discarding.  
	Result [84]  Processing URL https://www.acaps.org/projects/rohingya-crisis
		Not in content. The URL https://www.cfr.org/backgrounder/ukraine-conflict-crossroads-europe-and-russia is not in the content of site https://www.acaps.org/projects/rohingya-crisis  Discarding.
	Result [85]  Processing URL https://www.geneva-academy.ch/joomlatools-files/docman-files/The%20War%20Report%202017.pdf
		Blacklisted url: https://www.geneva-academy.ch/joomlatools-files/docman-files/The%20War%20Report%202017.pdf.  Discarding.  
	Result [86]  Processing URL http://digitalcommons.uconn.edu/cgi/viewcontent.cgi?article=6563&context=dissertations
		! Error getting the content of the web.
		! unsupported operand type(s) for +: 'int' and 'str'
		<class 'TypeError'>
		Not in content. The URL https://www.cfr.org/backgrounder/ukraine-conflict-crossroads-europe-and-russia is not in the content of site http://digitalcommons.uconn.edu/cgi/viewcontent.cgi?article=6563&context=dissertations  Discarding.
	Result [87]  Processing URL https://www.nbr.org/wp-content/uploads/pdfs/publications/special_report_68_asias_energy_security_november2017.pdf
		Blacklisted url: https://www.nbr.org/wp-content/uploads/pdfs/publications/special_report_68_asias_energy_security_november2017.pdf.  Discarding.  
	Result [88]  Processing URL https://globalgovernanceforum.org/wp-content/uploads/2020/10/Global-Governance-and-the-Emergence-of-Global-Institutions.pdf
		Blacklisted url: https://globalgovernanceforum.org/wp-content/uploads/2020/10/Global-Governance-and-the-Emergence-of-Global-Institutions.pdf.  Discarding.  
	Result [89]  Processing URL https://www.cidob.org/en/content/download/24457/278620/file/m_shaping_normative.pdf
		Blacklisted url: https://www.cidob.org/en/content/download/24457/278620/file/m_shaping_normative.pdf.  Discarding.  
	Result [90]  Processing URL https://www.csis.org/files/media/csis/pubs/090403_mcgiffert_chinesesoftpower_web.pdf
		Date found in the API results: 2009-03-02T00:00:00
		Blacklisted url: https://www.csis.org/files/media/csis/pubs/090403_mcgiffert_chinesesoftpower_web.pdf.  Discarding.  
	Result [91]  Processing URL https://globalgovernanceforum.org/wp-content/uploads/2020/10/Global-Governance-and-the-Emergence-of-Global-Institutions.pdf
		Blacklisted url: https://globalgovernanceforum.org/wp-content/uploads/2020/10/Global-Governance-and-the-Emergence-of-Global-Institutions.pdf.  Discarding.  
	Result [92]  Processing URL https://www.nmun.org/assets/documents/conference-archives/new-york/2020/ny20-bgg-npt.pdf
		Date found in the API results: 2019-11-18T00:00:00
		Blacklisted url: https://www.nmun.org/assets/documents/conference-archives/new-york/2020/ny20-bgg-npt.pdf.  Discarding.  
	Result [93]  Processing URL https://transweb.sjsu.edu/sites/default/files/1937-Edwards-Transportation-Supply-Chain-Security-Blueprint.pdf
		Blacklisted url: https://transweb.sjsu.edu/sites/default/files/1937-Edwards-Transportation-Supply-Chain-Security-Blueprint.pdf.  Discarding.  
	Result [94]  Processing URL https://www.eastwest.ngo/sites/default/files/ideas-files/ewi-terrorism-in-afghanistan-joint-threat-assessment-202005_0.pdf
		Date found in the API results: 2020-05-17T00:00:00
		Blacklisted url: https://www.eastwest.ngo/sites/default/files/ideas-files/ewi-terrorism-in-afghanistan-joint-threat-assessment-202005_0.pdf.  Discarding.  
	Result [95]  Processing URL https://www.cambridge.org/core/books/global-governance-and-the-emergence-of-global-institutions-for-the-21st-century/reforming-the-central-institutions-of-the-united-nations/D2F42488841C82CFE49C9E11D63D2FA7/core-reader
		Not in content. The URL https://www.cfr.org/backgrounder/ukraine-conflict-crossroads-europe-and-russia is not in the content of site https://www.cambridge.org/core/books/global-governance-and-the-emergence-of-global-institutions-for-the-21st-century/reforming-the-central-institutions-of-the-united-nations/D2F42488841C82CFE49C9E11D63D2FA7/core-reader  Discarding.
	Result [96]  Processing URL https://www.ssoar.info/ssoar/bitstream/handle/document/71651/ssoar-studeurop-2020-2-akdemir-Chinese_Strategy_Towards_Europe_The.pdf?sequence=1&isAllowed=y&lnkname=ssoar-studeurop-2020-2-akdemir-Chinese_Strategy_Towards_Europe_The.pdf
		Blacklisted url: https://www.ssoar.info/ssoar/bitstream/handle/document/71651/ssoar-studeurop-2020-2-akdemir-Chinese_Strategy_Towards_Europe_The.pdf?sequence=1&isAllowed=y&lnkname=ssoar-studeurop-2020-2-akdemir-Chinese_Strategy_Towards_Europe_The.pdf.  Discarding.  
	Result [97]  Processing URL https://krex.k-state.edu/dspace/bitstream/handle/2097/40254/KatelynTietzen2019.pdf?sequence=3&isAllowed=y
		Blacklisted url: https://krex.k-state.edu/dspace/bitstream/handle/2097/40254/KatelynTietzen2019.pdf?sequence=3&isAllowed=y.  Discarding.  
	Result [98]  Processing URL https://irc.princeton.edu/pmunc/docs/SPECPOL_FinalBG-1.pdf
		Blacklisted url: https://irc.princeton.edu/pmunc/docs/SPECPOL_FinalBG-1.pdf.  Discarding.  
	Result [99]  Processing URL https://www.airuniversity.af.edu/Portals/10/SSQ/documents/Volume-14_Issue-3/SSQFall2020.pdf?ver=2020-05-27-132858-983
		Date found in the API results: 2020-05-28T00:00:00
		Blacklisted url: https://www.airuniversity.af.edu/Portals/10/SSQ/documents/Volume-14_Issue-3/SSQFall2020.pdf?ver=2020-05-27-132858-983.  Discarding.  
	Result [100]  Processing URL https://www.ce.uw.edu.pl/pliki/pw/2-2020-Akdemir.pdf
		Blacklisted url: https://www.ce.uw.edu.pl/pliki/pw/2-2020-Akdemir.pdf.  Discarding.  
	Result [101]  Processing URL https://mpra.ub.uni-muenchen.de/4112/1/MPRA_paper_4112.pdf
		Blacklisted url: https://mpra.ub.uni-muenchen.de/4112/1/MPRA_paper_4112.pdf.  Discarding.  
	Result [102]  Processing URL https://reliefweb.int/sites/reliefweb.int/files/resources/9781464811623.pdf
		Blacklisted url: https://reliefweb.int/sites/reliefweb.int/files/resources/9781464811623.pdf.  Discarding.  
	Result [103]  Processing URL http://www.realinstitutoelcano.org/wps/wcm/connect/00008880487b8944bed5be9437ec6e7e/Strategic_Panorama_2010_-2011.pdf?MOD=AJPERES
		Date found in the API results: 2011-09-11T00:00:00
		Blacklisted url: http://www.realinstitutoelcano.org/wps/wcm/connect/00008880487b8944bed5be9437ec6e7e/Strategic_Panorama_2010_-2011.pdf?MOD=AJPERES.  Discarding.  
	Result [104]  Processing URL https://www.usitc.gov/publications/332/pub4219.pdf
		Blacklisted url: https://www.usitc.gov/publications/332/pub4219.pdf.  Discarding.  
	Result [105]  Processing URL https://www.fiia.fi/wp-content/uploads/2019/03/report59_changing_global_order_and_eu.pdf
		Blacklisted url: https://www.fiia.fi/wp-content/uploads/2019/03/report59_changing_global_order_and_eu.pdf.  Discarding.  
	Result [106]  Processing URL https://udspace.udel.edu/bitstream/handle/19716/28572/Ates_udel_0060D_14323.pdf?sequence=1&isAllowed=y
		Blacklisted url: https://udspace.udel.edu/bitstream/handle/19716/28572/Ates_udel_0060D_14323.pdf?sequence=1&isAllowed=y.  Discarding.  
	Result [107]  Processing URL https://ecipe.org/publications/deepening-nafta-and-signing-new-trade-agreements/
		Date found in the API results: 2018-01-22T00:00:00
		Not in content. The URL https://www.cfr.org/backgrounder/ukraine-conflict-crossroads-europe-and-russia is not in the content of site https://ecipe.org/publications/deepening-nafta-and-signing-new-trade-agreements/  Discarding.
	Result [108]  Processing URL http://digitalcommons.uconn.edu/cgi/viewcontent.cgi?article=6563&context=dissertations
		! Error in getting content due to a Connection Error. Port closed, web down?
		Not in content. The URL https://www.cfr.org/backgrounder/ukraine-conflict-crossroads-europe-and-russia is not in the content of site http://digitalcommons.uconn.edu/cgi/viewcontent.cgi?article=6563&context=dissertations  Discarding.
	Result [109]  Processing URL https://cgsr.llnl.gov/content/assets/docs/CGSR_livpaper5.pdf
		Blacklisted url: https://cgsr.llnl.gov/content/assets/docs/CGSR_livpaper5.pdf.  Discarding.  
	Result [110]  Processing URL https://ticap.mx/41jpxis/ukraine-economy-today
		Date found in the content of the page: None
		Not in content. The URL https://www.cfr.org/backgrounder/ukraine-conflict-crossroads-europe-and-russia is not in the content of site https://ticap.mx/41jpxis/ukraine-economy-today  Discarding.
	Result [111]  Processing URL https://www.silkroadstudies.org/resources/pdf/Monographs/2008_01_BOOK_Cohen_Kazakhstan-Independence.pdf
		Date found in the API results: 2008-01-10T00:00:00
		Blacklisted url: https://www.silkroadstudies.org/resources/pdf/Monographs/2008_01_BOOK_Cohen_Kazakhstan-Independence.pdf.  Discarding.  
	Result [112]  Processing URL https://ticap.mx/41jpxis/ukraine-economy-today
		Date found in the content of the page: None
		Not in content. The URL https://www.cfr.org/backgrounder/ukraine-conflict-crossroads-europe-and-russia is not in the content of site https://ticap.mx/41jpxis/ukraine-economy-today  Discarding.
	Result [113]  Processing URL https://havasanita.hu/james-veitch-juoued/russia-ukraine-war-2020-abc80e
		The URL https://www.cfr.org/backgrounder/ukraine-conflict-crossroads-europe-and-russia IS in the content of site https://havasanita.hu/james-veitch-juoued/russia-ukraine-war-2020-abc80e  Keeping.
		Adding to DB the URL https://havasanita.hu/james-veitch-juoued/russia-ukraine-war-2020-abc80e
	Result [114]  Processing URL https://pemahn.com/bfpuvp/reddit-ukraine-conflict
		The URL https://www.cfr.org/backgrounder/ukraine-conflict-crossroads-europe-and-russia IS in the content of site https://pemahn.com/bfpuvp/reddit-ukraine-conflict  Keeping.
		Adding to DB the URL https://pemahn.com/bfpuvp/reddit-ukraine-conflict
	Result [115]  Processing URL http://514pixels.com/persona-powerpoint-jkxngad/a13ff5-ukraine-and-russia-map
		The URL https://www.cfr.org/backgrounder/ukraine-conflict-crossroads-europe-and-russia IS in the content of site http://514pixels.com/persona-powerpoint-jkxngad/a13ff5-ukraine-and-russia-map  Keeping.
		Adding to DB the URL http://514pixels.com/persona-powerpoint-jkxngad/a13ff5-ukraine-and-russia-map
	Result [116]  Processing URL http://oldtownecountrygrill.com/dnrlw/russia%2C-ukraine-gas-dispute-2020
		! Error getting the content of the web.
		! Document is empty
		<class 'lxml.etree.ParserError'>
		Not in content. The URL https://www.cfr.org/backgrounder/ukraine-conflict-crossroads-europe-and-russia is not in the content of site http://oldtownecountrygrill.com/dnrlw/russia%2C-ukraine-gas-dispute-2020  Discarding.
	Result [117]  Processing URL https://drextons.net/fsrx/russia%2C-ukraine-gas-dispute-2020
		Date found in the API results: 2020-10-27T00:00:00
		! Error getting the content of the web.
		! can't compare offset-naive and offset-aware datetimes
		<class 'TypeError'>
		Not in content. The URL https://www.cfr.org/backgrounder/ukraine-conflict-crossroads-europe-and-russia is not in the content of site https://drextons.net/fsrx/russia%2C-ukraine-gas-dispute-2020  Discarding.
	Result [118]  Processing URL https://www.bakermckenzie.com/-/media/files/insight/publications/2017/02/international-trade-compliance-update-feb-2017/nl_global_intltradecomplianceupdate_feb2017.pdf?la=en
		Date found in the API results: 2017-02-01T00:00:00
		Blacklisted url: https://www.bakermckenzie.com/-/media/files/insight/publications/2017/02/international-trade-compliance-update-feb-2017/nl_global_intltradecomplianceupdate_feb2017.pdf?la=en.  Discarding.  
	Result [119]  Processing URL https://think.visegradfund.org/wp-content/uploads/think_visegrad_analysis_ruben_elamiryan_ifat_2017.pdf
		Blacklisted url: https://think.visegradfund.org/wp-content/uploads/think_visegrad_analysis_ruben_elamiryan_ifat_2017.pdf.  Discarding.  
	Result [120]  Processing URL https://www.montclair.edu/profilepages/media/1008/user/20170302bwishnickchinasinterestsandgoalsmaintextcrproof.pdf
		Blacklisted url: https://www.montclair.edu/profilepages/media/1008/user/20170302bwishnickchinasinterestsandgoalsmaintextcrproof.pdf.  Discarding.  
	Result [121]  Processing URL http://www.porscheservis.com/z6xeb/07a5c0-ukraine-and-russia-map
		The URL https://www.cfr.org/backgrounder/ukraine-conflict-crossroads-europe-and-russia IS in the content of site http://www.porscheservis.com/z6xeb/07a5c0-ukraine-and-russia-map  Keeping.
		Adding to DB the URL http://www.porscheservis.com/z6xeb/07a5c0-ukraine-and-russia-map
	Result [122]  Processing URL http://riko-group.com/pacific-ocean-qwyyg/29422c-ukraine-and-russia-map
		The URL https://www.cfr.org/backgrounder/ukraine-conflict-crossroads-europe-and-russia IS in the content of site http://riko-group.com/pacific-ocean-qwyyg/29422c-ukraine-and-russia-map  Keeping.
		Adding to DB the URL http://riko-group.com/pacific-ocean-qwyyg/29422c-ukraine-and-russia-map
	Result [123]  Processing URL https://www.montclair.edu/profilepages/media/1008/user/20170302bwishnickchinasinterestsandgoalsmaintextcrproof.pdf
		Blacklisted url: https://www.montclair.edu/profilepages/media/1008/user/20170302bwishnickchinasinterestsandgoalsmaintextcrproof.pdf.  Discarding.  
	Result [124]  Processing URL http://www.porscheservis.com/z6xeb/07a5c0-ukraine-and-russia-map
		The URL https://www.cfr.org/backgrounder/ukraine-conflict-crossroads-europe-and-russia IS in the content of site http://www.porscheservis.com/z6xeb/07a5c0-ukraine-and-russia-map  Keeping.
		Adding to DB the URL http://www.porscheservis.com/z6xeb/07a5c0-ukraine-and-russia-map
	Result [125]  Processing URL http://riko-group.com/pacific-ocean-qwyyg/29422c-ukraine-and-russia-map
		The URL https://www.cfr.org/backgrounder/ukraine-conflict-crossroads-europe-and-russia IS in the content of site http://riko-group.com/pacific-ocean-qwyyg/29422c-ukraine-and-russia-map  Keeping.
		Adding to DB the URL http://riko-group.com/pacific-ocean-qwyyg/29422c-ukraine-and-russia-map
		Date found in the API results: 2020-02-05T00:00:00

== Level 0. Twitter search by LINKS as https://www.cfr.org/backgrounder/ukraine-conflict-crossroads-europe-and-russia
https://api.twitter.com/2/tweets/search/all?query=url+%3A+https%253A%252F%252Fwww.cfr.org%252Fbackgrounder%252Fukraine-conflict-crossroads-europe-and-russia&max_results=100&tweet.fields=author_id%2Cpublic_metrics%2Ccreated_at&start_time=2020-07-12T23%3A48%3A17.678955Z
	Downloaded 22 twitter content
	Result [1]  Processing twitter ID 1385594244254126081: Ukraine: Conflict at the Crossroads of Europe and Russia https://t.co/SuLPJAqnrU via @CFR_org
	Result [2]  Processing twitter ID 1383808124667138057: @LookingGlass789 @marybl62 @PaulaChertok @DavidCornDC Authoritarians rely on a facade of strength to stay in power, and Ukraine is very important to Russia for various reasons. This is a pretty good summary. https://t.co/aBqP4AOjOP
	Result [3]  Processing twitter ID 1382021502753705994: @celticsparky Russia has always wanted to hold onto Ukraine. They consider it theirs. And Russian gas goes to Europe via Ukrainian pipelines. And Ukraine is welcoming NATO. So strategically it is critically important to Russia. https://t.co/2YNQRn95Pw
	Result [4]  Processing twitter ID 1381974320944152577: https://t.co/jzHrjHzRCP
	Result [5]  Processing twitter ID 1379823958934044674: RT @percyacunha: Ukraine: Conflict at the Crossroads of Europe and Russia https://t.co/8ksJJcZp8o a través de @CFR_org
	Result [6]  Processing twitter ID 1379467053518704642: Ukraine: Conflict at the Crossroads of Europe and Russia https://t.co/8ksJJcZp8o a través de @CFR_org
	Result [7]  Processing twitter ID 1378974238531522563: *Lets see how this pans out but not looking good...

Ukraine: Conflict at the Crossroads of Europe and Russia https://t.co/CYpQIJQk1e via @CFR_org
	Result [8]  Processing twitter ID 1378437581575229446: Ukraine: Conflict at the Crossroads of Europe and Russia https://t.co/arvgWHreeL via @CFR_org
	Result [9]  Processing twitter ID 1359745405613989888: RT @NickRyanww3: Fighting in Ukraine features several times in my fictional WW3 timeline.
This interesting article provides a background to…
	Result [10]  Processing twitter ID 1359592644003778560: Fighting in Ukraine features several times in my fictional WW3 timeline.
This interesting article provides a background to the region, and explains the current real-world dispute between Russia and its former Soviet-era republic.
https://t.co/kcDwCPCgIh
	Result [11]  Processing twitter ID 1320145795375648768: Ukraine: Conflict at the Crossroads of Europe and Russia https://t.co/himWrjZIma via @CFR_org
	Result [12]  Processing twitter ID 1287854788038864896: RT @CFR_org: After two dozen failed attempts, a cease-fire between Ukrainian forces and pro-Russia rebels in Eastern Ukraine took effect to…
	Result [13]  Processing twitter ID 1287815018877255681: Ukraine: Conflict at the Crossroads of Europe and Russia https://t.co/yRlW0XQJqd via @CFR_org
	Result [14]  Processing twitter ID 1287812997679853568: RT @CFR_org: After two dozen failed attempts, a cease-fire between Ukrainian forces and pro-Russia rebels in Eastern Ukraine took effect to…
	Result [15]  Processing twitter ID 1287807644216856576: RT @CFR_org: After two dozen failed attempts, a cease-fire between Ukrainian forces and pro-Russia rebels in Eastern Ukraine took effect to…
	Result [16]  Processing twitter ID 1287788103156011008: RT @CFR_org: After two dozen failed attempts, a cease-fire between Ukrainian forces and pro-Russia rebels in Eastern Ukraine took effect to…
	Result [17]  Processing twitter ID 1287785210898272256: RT @CFR_org: After two dozen failed attempts, a cease-fire between Ukrainian forces and pro-Russia rebels in Eastern Ukraine took effect to…
	Result [18]  Processing twitter ID 1287785202392223744: RT @CFR_org: After two dozen failed attempts, a cease-fire between Ukrainian forces and pro-Russia rebels in Eastern Ukraine took effect to…
	Result [19]  Processing twitter ID 1287784444103929856: RT @CFR_org: After two dozen failed attempts, a cease-fire between Ukrainian forces and pro-Russia rebels in Eastern Ukraine took effect to…
	Result [20]  Processing twitter ID 1287782806165184512: RT @CFR_org: After two dozen failed attempts, a cease-fire between Ukrainian forces and pro-Russia rebels in Eastern Ukraine took effect to…
	Result [21]  Processing twitter ID 1287782622622613510: RT @CFR_org: After two dozen failed attempts, a cease-fire between Ukrainian forces and pro-Russia rebels in Eastern Ukraine took effect to…
	Result [22]  Processing twitter ID 1287782348386426882: After two dozen failed attempts, a cease-fire between Ukrainian forces and pro-Russia rebels in Eastern Ukraine took effect today. How did the country become a geopolitical flashpoint? https://t.co/FCqxsA9GxS

== Level 0. VK search by LINKS as https://www.cfr.org/backgrounder/ukraine-conflict-crossroads-europe-and-russia
In total was found 0

== Level 0. Google search by TITLE as Ukraine: Conflict at the Crossroads of Europe and Russia | Council on Foreign Relations
	Total amount of results retrieved: 61
	Result [1]  Processing URL https://www.cfr.org/backgrounder/ukraine-conflict-crossroads-europe-and-russia
		Date found in the API results: 2020-02-05T00:00:00
		Repeated url: https://www.cfr.org/backgrounder/ukraine-conflict-crossroads-europe-and-russia.  Discarding.  
	Result [2]  Processing URL https://www.cfr.org/europe-and-eurasia/ukraine
		The content of https://www.cfr.org/backgrounder/ukraine-conflict-crossroads-europe-and-russia has distance with https://www.cfr.org/europe-and-eurasia/ukraine of : 0.4364. Keeping.
		Adding to DB the URL https://www.cfr.org/europe-and-eurasia/ukraine
	Result [3]  Processing URL https://www.cfr.org/backgrounder/ukraine-crisis
		Repeated url: https://www.cfr.org/backgrounder/ukraine-crisis.  Discarding.  
	Result [4]  Processing URL https://www.cfr.org/in-brief/can-paris-summit-end-ukraines-war
		Date found in the API results: 2019-12-05T00:00:00
		The content of https://www.cfr.org/backgrounder/ukraine-conflict-crossroads-europe-and-russia has distance with https://www.cfr.org/in-brief/can-paris-summit-end-ukraines-war of : 0.8512. Keeping.
		Adding to DB the URL https://www.cfr.org/in-brief/can-paris-summit-end-ukraines-war
	Result [5]  Processing URL https://microsites-live-backend.cfr.org/global-conflict-tracker/conflict/conflict-ukraine
		The content of https://www.cfr.org/backgrounder/ukraine-conflict-crossroads-europe-and-russia has distance with https://microsites-live-backend.cfr.org/global-conflict-tracker/conflict/conflict-ukraine of : 0.3254. Keeping.
		Adding to DB the URL https://microsites-live-backend.cfr.org/global-conflict-tracker/conflict/conflict-ukraine
	Result [6]  Processing URL https://www.cfr.org/interview/can-osce-defuse-ukrainian-tensions
		Date found in the API results: 2014-03-11T00:00:00
		The content of https://www.cfr.org/backgrounder/ukraine-conflict-crossroads-europe-and-russia has distance with https://www.cfr.org/interview/can-osce-defuse-ukrainian-tensions of : 0.8302. Keeping.
		Adding to DB the URL https://www.cfr.org/interview/can-osce-defuse-ukrainian-tensions
	Result [7]  Processing URL https://www.cfr.org/report/crisis-over-ukraine
		Date found in the API results: 2015-10-09T00:00:00
		The content of https://www.cfr.org/backgrounder/ukraine-conflict-crossroads-europe-and-russia has distance with https://www.cfr.org/report/crisis-over-ukraine of : 0.7141. Keeping.
		Adding to DB the URL https://www.cfr.org/report/crisis-over-ukraine
	Result [8]  Processing URL https://fas.org/sgp/crs/row/R45008.pdf
		Date found in the API results: 2020-04-29T00:00:00
		Blacklisted url: https://fas.org/sgp/crs/row/R45008.pdf.  Discarding.  
	Result [9]  Processing URL https://www.cgai.ca/ukraine_at_europes_strategic_crossroads
		The content of https://www.cfr.org/backgrounder/ukraine-conflict-crossroads-europe-and-russia has distance with https://www.cgai.ca/ukraine_at_europes_strategic_crossroads of : 0.3287. Keeping.
		Adding to DB the URL https://www.cgai.ca/ukraine_at_europes_strategic_crossroads
	Result [10]  Processing URL https://ecfr.eu/article/war-of-unreality-why-russia-is-threatening-to-escalate-the-ukraine-conflict/
		Date found in the API results: 2021-04-14T00:00:00
		The content of https://www.cfr.org/backgrounder/ukraine-conflict-crossroads-europe-and-russia has distance with https://ecfr.eu/article/war-of-unreality-why-russia-is-threatening-to-escalate-the-ukraine-conflict/ of : 0.3148. Keeping.
		Adding to DB the URL https://ecfr.eu/article/war-of-unreality-why-russia-is-threatening-to-escalate-the-ukraine-conflict/
	Result [11]  Processing URL https://fsi.stanford.edu/news/biden-presidency-and-ukraine
		Date found in the API results: 2021-01-27T00:00:00
		Repeated url: https://fsi.stanford.edu/news/biden-presidency-and-ukraine.  Discarding.  
	Result [12]  Processing URL https://www.jstor.org/stable/24384333
		Date found in the content of the page: None
		Different. The content of https://www.cfr.org/backgrounder/ukraine-conflict-crossroads-europe-and-russia has distance with https://www.jstor.org/stable/24384333 of: 0.22387815263675073. Discarding.
	Result [13]  Processing URL https://crsreports.congress.gov/product/pdf/R/R46761
		Date found in the API results: 2021-04-15T00:00:00
		! Error getting the content of the web.
		! signed integer is greater than maximum
		<class 'OverflowError'>
		The content of the pages were not string. Verify.
		Different. The content of https://www.cfr.org/backgrounder/ukraine-conflict-crossroads-europe-and-russia has distance with https://crsreports.congress.gov/product/pdf/R/R46761 of: False. Discarding.
	Result [14]  Processing URL https://www.cairn.info/revue-l-europe-en-formation-2016-3-page-73.htm
		Date found in the content of the page: None
		Different. The content of https://www.cfr.org/backgrounder/ukraine-conflict-crossroads-europe-and-russia has distance with https://www.cairn.info/revue-l-europe-en-formation-2016-3-page-73.htm of: 0.06712564543889846. Discarding.
	Result [15]  Processing URL https://admin.carnegieendowment.org/experts/?fa=287&type=analysis
		! Error in getting content due to a Connection Error. Port closed, web down?
		The content of the pages were not string. Verify.
		Different. The content of https://www.cfr.org/backgrounder/ukraine-conflict-crossroads-europe-and-russia has distance with https://admin.carnegieendowment.org/experts/?fa=287&type=analysis of: False. Discarding.
	Result [16]  Processing URL https://news.usni.org/2014/03/11/brief-history-conflict-ukraine
		Date found in the API results: 2014-03-11T00:00:00
		Different. The content of https://www.cfr.org/backgrounder/ukraine-conflict-crossroads-europe-and-russia has distance with https://news.usni.org/2014/03/11/brief-history-conflict-ukraine of: 0.2765. Discarding.
	Result [17]  Processing URL https://www.orfonline.org/research/russia-eu-relations-the-end-of-a-strategic-partnership/
		Date found in the API results: 2021-03-11T00:00:00
		The content of https://www.cfr.org/backgrounder/ukraine-conflict-crossroads-europe-and-russia has distance with https://www.orfonline.org/research/russia-eu-relations-the-end-of-a-strategic-partnership/ of : 0.3023. Keeping.
		Adding to DB the URL https://www.orfonline.org/research/russia-eu-relations-the-end-of-a-strategic-partnership/
	Result [18]  Processing URL https://www.washingtonpost.com/politics/2021/02/12/new-survey-ukraine-russia-conflict-finds-deeply-divided-views-contested-donbas-region/
		Date found in the API results: 2021-02-12T00:00:00
		! Timeout waiting for the web server to answer.  We ignore and continue.
		The content of the pages were not string. Verify.
		Different. The content of https://www.cfr.org/backgrounder/ukraine-conflict-crossroads-europe-and-russia has distance with https://www.washingtonpost.com/politics/2021/02/12/new-survey-ukraine-russia-conflict-finds-deeply-divided-views-contested-donbas-region/ of: False. Discarding.
	Result [19]  Processing URL https://www.csis.org/analysis/us-russia-relations-crossroads
		Date found in the API results: 2020-10-29T00:00:00
		The content of https://www.cfr.org/backgrounder/ukraine-conflict-crossroads-europe-and-russia has distance with https://www.csis.org/analysis/us-russia-relations-crossroads of : 0.3616. Keeping.
		Adding to DB the URL https://www.csis.org/analysis/us-russia-relations-crossroads
	Result [20]  Processing URL https://irl.umsl.edu/cgi/viewcontent.cgi?article=1752&context=dissertation
		! Error getting the content of the web.
		! unsupported operand type(s) for +: 'int' and 'str'
		<class 'TypeError'>
		The content of the pages were not string. Verify.
		Different. The content of https://www.cfr.org/backgrounder/ukraine-conflict-crossroads-europe-and-russia has distance with https://irl.umsl.edu/cgi/viewcontent.cgi?article=1752&context=dissertation of: False. Discarding.
	Result [21]  Processing URL https://irl.umsl.edu/cgi/viewcontent.cgi?article=1752&context=dissertation
		! Error getting the content of the web.
		! unsupported operand type(s) for +: 'int' and 'str'
		<class 'TypeError'>
		The content of the pages were not string. Verify.
		Different. The content of https://www.cfr.org/backgrounder/ukraine-conflict-crossroads-europe-and-russia has distance with https://irl.umsl.edu/cgi/viewcontent.cgi?article=1752&context=dissertation of: False. Discarding.
	Result [22]  Processing URL https://jia.sipa.columbia.edu/russia-ukraine-and-central-europe-return-geopolitics
		Date found in the API results: 2010-04-15T00:00:00
		The content of https://www.cfr.org/backgrounder/ukraine-conflict-crossroads-europe-and-russia has distance with https://jia.sipa.columbia.edu/russia-ukraine-and-central-europe-return-geopolitics of : 0.3338. Keeping.
		Adding to DB the URL https://jia.sipa.columbia.edu/russia-ukraine-and-central-europe-return-geopolitics
	Result [23]  Processing URL https://cco.ndu.edu/PRISM/PRISM-Volume-6-no-2/Article/834928/nato-in-context-geopolitics-and-the-problem-of-russian-power/
		The content of https://www.cfr.org/backgrounder/ukraine-conflict-crossroads-europe-and-russia has distance with https://cco.ndu.edu/PRISM/PRISM-Volume-6-no-2/Article/834928/nato-in-context-geopolitics-and-the-problem-of-russian-power/ of : 0.3084. Keeping.
		Adding to DB the URL https://cco.ndu.edu/PRISM/PRISM-Volume-6-no-2/Article/834928/nato-in-context-geopolitics-and-the-problem-of-russian-power/
	Result [24]  Processing URL http://www.realinstitutoelcano.org/wps/wcm/connect/471f3c8046a8b6cbb10db932e3f308d0/ARI63-2014-Montes-Belgrade-crossroads-Serbian-Russian-relations-Ukraine-crisis.pdf?MOD=AJPERES&CACHEID=471f3c8046a8b6cbb10db932e3f308d0
		Date found in the API results: 2014-12-22T00:00:00
		Blacklisted url: http://www.realinstitutoelcano.org/wps/wcm/connect/471f3c8046a8b6cbb10db932e3f308d0/ARI63-2014-Montes-Belgrade-crossroads-Serbian-Russian-relations-Ukraine-crisis.pdf?MOD=AJPERES&CACHEID=471f3c8046a8b6cbb10db932e3f308d0.  Discarding.  
	Result [25]  Processing URL https://www.wilsoncenter.org/event/european-foreign-policy-crossroads
		Date found in the API results: 2017-11-16T00:00:00
		The content of https://www.cfr.org/backgrounder/ukraine-conflict-crossroads-europe-and-russia has distance with https://www.wilsoncenter.org/event/european-foreign-policy-crossroads of : 0.345. Keeping.
		Adding to DB the URL https://www.wilsoncenter.org/event/european-foreign-policy-crossroads
	Result [26]  Processing URL https://www.amacad.org/news/russia-crossroads-again
		Date found in the content of the page: None
		The content of https://www.cfr.org/backgrounder/ukraine-conflict-crossroads-europe-and-russia has distance with https://www.amacad.org/news/russia-crossroads-again of : 0.3416. Keeping.
		Adding to DB the URL https://www.amacad.org/news/russia-crossroads-again
	Result [27]  Processing URL https://en.wikipedia.org/wiki/Georgia_(country)
		The content of https://www.cfr.org/backgrounder/ukraine-conflict-crossroads-europe-and-russia has distance with https://en.wikipedia.org/wiki/Georgia_(country) of : 0.3133. Keeping.
		Adding to DB the URL https://en.wikipedia.org/wiki/Georgia_(country)
	Result [28]  Processing URL https://thediplomat.com/2021/06/china-russia-a-strategic-partnership-short-on-strategy/
		Date found in the API results: 2021-06-30T00:00:00
		The content of https://www.cfr.org/backgrounder/ukraine-conflict-crossroads-europe-and-russia has distance with https://thediplomat.com/2021/06/china-russia-a-strategic-partnership-short-on-strategy/ of : 0.3463. Keeping.
		Adding to DB the URL https://thediplomat.com/2021/06/china-russia-a-strategic-partnership-short-on-strategy/
	Result [29]  Processing URL http://scholar.google.co.kr/citations?user=nBocNxoAAAAJ&hl=ko
		Date found in the content of the page: None
		Different. The content of https://www.cfr.org/backgrounder/ukraine-conflict-crossroads-europe-and-russia has distance with http://scholar.google.co.kr/citations?user=nBocNxoAAAAJ&hl=ko of: 0.2934. Discarding.
	Result [30]  Processing URL https://userpage.fu-berlin.de/kfgeu/maxcap/system/files/maxcap_wp_12_0.pdf
		Blacklisted url: https://userpage.fu-berlin.de/kfgeu/maxcap/system/files/maxcap_wp_12_0.pdf.  Discarding.  
	Result [31]  Processing URL https://thediplomat.com/2021/06/china-russia-a-strategic-partnership-short-on-strategy/
		Date found in the API results: 2021-06-30T00:00:00
		The content of https://www.cfr.org/backgrounder/ukraine-conflict-crossroads-europe-and-russia has distance with https://thediplomat.com/2021/06/china-russia-a-strategic-partnership-short-on-strategy/ of : 0.3463. Keeping.
		Adding to DB the URL https://thediplomat.com/2021/06/china-russia-a-strategic-partnership-short-on-strategy/
	Result [32]  Processing URL http://scholar.google.co.kr/citations?user=nBocNxoAAAAJ&hl=ko
		Date found in the content of the page: None
		Different. The content of https://www.cfr.org/backgrounder/ukraine-conflict-crossroads-europe-and-russia has distance with http://scholar.google.co.kr/citations?user=nBocNxoAAAAJ&hl=ko of: 0.2934. Discarding.
	Result [33]  Processing URL https://worldview.stratfor.com/
		The content of https://www.cfr.org/backgrounder/ukraine-conflict-crossroads-europe-and-russia has distance with https://worldview.stratfor.com/ of : 0.3231. Keeping.
		Adding to DB the URL https://worldview.stratfor.com/
	Result [34]  Processing URL https://userpage.fu-berlin.de/kfgeu/maxcap/system/files/maxcap_wp_12_0.pdf
		Blacklisted url: https://userpage.fu-berlin.de/kfgeu/maxcap/system/files/maxcap_wp_12_0.pdf.  Discarding.  
	Result [35]  Processing URL https://www.fmprc.gov.cn/mfa_eng/xwfw_665399/s2510_665401/t1891109.shtml
		Date found in the API results: 2021-07-09T23:51:53.672545
		Different. The content of https://www.cfr.org/backgrounder/ukraine-conflict-crossroads-europe-and-russia has distance with https://www.fmprc.gov.cn/mfa_eng/xwfw_665399/s2510_665401/t1891109.shtml of: 0.2982. Discarding.
	Result [36]  Processing URL https://moderndiplomacy.eu/2021/07/10/changes-are-possible-which-reforms-does-ukraine-need-now/
		Date found in the API results: 2021-07-10T23:51:55.229321
		Date found in the URL: 2021-07-10 00:00:00
		The content of https://www.cfr.org/backgrounder/ukraine-conflict-crossroads-europe-and-russia has distance with https://moderndiplomacy.eu/2021/07/10/changes-are-possible-which-reforms-does-ukraine-need-now/ of : 0.359. Keeping.
		Adding to DB the URL https://moderndiplomacy.eu/2021/07/10/changes-are-possible-which-reforms-does-ukraine-need-now/
	Result [37]  Processing URL http://www.china-embassy.org/eng/fyrth/t1891109.htm
		Date found in the API results: 2021-07-10T23:51:58.909702
		Different. The content of https://www.cfr.org/backgrounder/ukraine-conflict-crossroads-europe-and-russia has distance with http://www.china-embassy.org/eng/fyrth/t1891109.htm of: 0.2814. Discarding.
	Result [38]  Processing URL https://www.brookings.edu/blog/order-from-chaos/2017/10/18/how-ukraine-views-russia-and-the-west/
		Date found in the API results: 2017-10-18T00:00:00
		The content of https://www.cfr.org/backgrounder/ukraine-conflict-crossroads-europe-and-russia has distance with https://www.brookings.edu/blog/order-from-chaos/2017/10/18/how-ukraine-views-russia-and-the-west/ of : 0.3135. Keeping.
		Adding to DB the URL https://www.brookings.edu/blog/order-from-chaos/2017/10/18/how-ukraine-views-russia-and-the-west/
	Result [39]  Processing URL http://lfpr.lt/wp-content/uploads/2015/08/LFPR-19-Kempe_Grotsky.pdf
		Blacklisted url: http://lfpr.lt/wp-content/uploads/2015/08/LFPR-19-Kempe_Grotsky.pdf.  Discarding.  
	Result [40]  Processing URL http://dro.dur.ac.uk/8707/1/8707.pdf?DDC72+DDC71+DDD19+dla0rs
		Blacklisted url: http://dro.dur.ac.uk/8707/1/8707.pdf?DDC72+DDC71+DDD19+dla0rs.  Discarding.  
	Result [41]  Processing URL https://www.dailymail.co.uk/news/article-9720499/Russia-directly-bomb-HMS-Defender-sails-close-Crimea-minister-warns.html
		Date found in the API results: 2021-06-24T00:00:00
		The content of https://www.cfr.org/backgrounder/ukraine-conflict-crossroads-europe-and-russia has distance with https://www.dailymail.co.uk/news/article-9720499/Russia-directly-bomb-HMS-Defender-sails-close-Crimea-minister-warns.html of : 0.3408. Keeping.
		Adding to DB the URL https://www.dailymail.co.uk/news/article-9720499/Russia-directly-bomb-HMS-Defender-sails-close-Crimea-minister-warns.html
	Result [42]  Processing URL https://www.youtube.com/watch?v=-ajn6LGJVGU
		Different. The content of https://www.cfr.org/backgrounder/ukraine-conflict-crossroads-europe-and-russia has distance with https://www.youtube.com/watch?v=-ajn6LGJVGU of: 0.2908. Discarding.
	Result [43]  Processing URL https://www.washingtonpost.com/world/
		! Timeout waiting for the web server to answer.  We ignore and continue.
		The content of the pages were not string. Verify.
		Different. The content of https://www.cfr.org/backgrounder/ukraine-conflict-crossroads-europe-and-russia has distance with https://www.washingtonpost.com/world/ of: False. Discarding.
	Result [44]  Processing URL https://www.scmp.com/week-asia/politics/article/3140551/pakistan-zambia-how-does-china-pick-its-ironclad-friends
		Date found in the API results: None
		The content of https://www.cfr.org/backgrounder/ukraine-conflict-crossroads-europe-and-russia has distance with https://www.scmp.com/week-asia/politics/article/3140551/pakistan-zambia-how-does-china-pick-its-ironclad-friends of : 0.3406. Keeping.
		Adding to DB the URL https://www.scmp.com/week-asia/politics/article/3140551/pakistan-zambia-how-does-china-pick-its-ironclad-friends
	Result [45]  Processing URL https://www.tribstar.com/region/eu-vows-to-help-lithuania-amid-flow-of-migrants-from-belarus/article_db39d153-8a15-58e5-9ab5-36b91356b1b4.html
		Date found in the API results: None
		Date found in the content of the page: None
		The content of https://www.cfr.org/backgrounder/ukraine-conflict-crossroads-europe-and-russia has distance with https://www.tribstar.com/region/eu-vows-to-help-lithuania-amid-flow-of-migrants-from-belarus/article_db39d153-8a15-58e5-9ab5-36b91356b1b4.html of : 0.32335858585858585. Keeping.
		Adding to DB the URL https://www.tribstar.com/region/eu-vows-to-help-lithuania-amid-flow-of-migrants-from-belarus/article_db39d153-8a15-58e5-9ab5-36b91356b1b4.html
	Result [46]  Processing URL https://www.themoscowtimes.com/2021/07/12/moldova-pro-europeans-win-resounding-election-victory-a74493
		Date found in the API results: None
		Date found in the URL: 2021-07-12 00:00:00
		The content of https://www.cfr.org/backgrounder/ukraine-conflict-crossroads-europe-and-russia has distance with https://www.themoscowtimes.com/2021/07/12/moldova-pro-europeans-win-resounding-election-victory-a74493 of : 0.3476. Keeping.
		Adding to DB the URL https://www.themoscowtimes.com/2021/07/12/moldova-pro-europeans-win-resounding-election-victory-a74493
	Result [47]  Processing URL http://www.ensec.org/
		Date found in the content of the page: None
		The content of https://www.cfr.org/backgrounder/ukraine-conflict-crossroads-europe-and-russia has distance with http://www.ensec.org/ of : 0.3163. Keeping.
		Adding to DB the URL http://www.ensec.org/
	Result [48]  Processing URL https://yalebooks.yale.edu/
		The content of https://www.cfr.org/backgrounder/ukraine-conflict-crossroads-europe-and-russia has distance with https://yalebooks.yale.edu/ of : 0.3012. Keeping.
		Adding to DB the URL https://yalebooks.yale.edu/
	Result [49]  Processing URL https://news.cgtn.com/news/2021-07-03/Multilateralism-should-be-the-only-way-to-promote-peace-11BebyU0saA/index.html
		Date found in the API results: 2021-07-03T00:00:00
		Date found in the URL: 2021-07-03 00:00:00
		The content of https://www.cfr.org/backgrounder/ukraine-conflict-crossroads-europe-and-russia has distance with https://news.cgtn.com/news/2021-07-03/Multilateralism-should-be-the-only-way-to-promote-peace-11BebyU0saA/index.html of : 0.3254. Keeping.
		Adding to DB the URL https://news.cgtn.com/news/2021-07-03/Multilateralism-should-be-the-only-way-to-promote-peace-11BebyU0saA/index.html
	Result [50]  Processing URL https://www.efe.com/efe/english/4
		Date found in the content of the page: None
		Different. The content of https://www.cfr.org/backgrounder/ukraine-conflict-crossroads-europe-and-russia has distance with https://www.efe.com/efe/english/4 of: 0.2975. Discarding.
	Result [51]  Processing URL https://allafrica.com/stories/202107080524.html
		Date found in the API results: None
		The content of https://www.cfr.org/backgrounder/ukraine-conflict-crossroads-europe-and-russia has distance with https://allafrica.com/stories/202107080524.html of : 0.3373. Keeping.
		Adding to DB the URL https://allafrica.com/stories/202107080524.html
	Result [52]  Processing URL http://dooi.offonoranzefunebri.it/russian-colonies.html
		The content of https://www.cfr.org/backgrounder/ukraine-conflict-crossroads-europe-and-russia has distance with http://dooi.offonoranzefunebri.it/russian-colonies.html of : 0.3236. Keeping.
		Adding to DB the URL http://dooi.offonoranzefunebri.it/russian-colonies.html
	Result [53]  Processing URL https://www.archaeology.org/issues
		Different. The content of https://www.cfr.org/backgrounder/ukraine-conflict-crossroads-europe-and-russia has distance with https://www.archaeology.org/issues of: 0.2864. Discarding.
	Result [54]  Processing URL https://www.just-food.com/region/solomon-islands/
		Different. The content of https://www.cfr.org/backgrounder/ukraine-conflict-crossroads-europe-and-russia has distance with https://www.just-food.com/region/solomon-islands/ of: 0.28. Discarding.
	Result [55]  Processing URL https://www.just-food.com/region/marshall-islands/
		Different. The content of https://www.cfr.org/backgrounder/ukraine-conflict-crossroads-europe-and-russia has distance with https://www.just-food.com/region/marshall-islands/ of: 0.28. Discarding.
	Result [56]  Processing URL http://bbb21new.dataeduc.com.br/cgi-bin/reading.php?article=monopolistic+competition+lesson+6+activity+40+pdf&encrypt=9a7954eb208261e329180ec4d7a0f298
		Date found in the content of the page: None
		Different. The content of https://www.cfr.org/backgrounder/ukraine-conflict-crossroads-europe-and-russia has distance with http://bbb21new.dataeduc.com.br/cgi-bin/reading.php?article=monopolistic+competition+lesson+6+activity+40+pdf&encrypt=9a7954eb208261e329180ec4d7a0f298 of: 0.1910762060930353. Discarding.
	Result [57]  Processing URL https://www.diis.dk/files/media/publications/import/rp182014_lindboe_nato_forweb.pdf
		Blacklisted url: https://www.diis.dk/files/media/publications/import/rp182014_lindboe_nato_forweb.pdf.  Discarding.  
	Result [58]  Processing URL https://www.chathamhouse.org/2021/04/five-lessons-russias-ukraine-military-escalation
		Date found in the API results: 2021-04-29T00:00:00
		The content of https://www.cfr.org/backgrounder/ukraine-conflict-crossroads-europe-and-russia has distance with https://www.chathamhouse.org/2021/04/five-lessons-russias-ukraine-military-escalation of : 0.4512. Keeping.
		Adding to DB the URL https://www.chathamhouse.org/2021/04/five-lessons-russias-ukraine-military-escalation
	Result [59]  Processing URL http://www.ohchr.org/documents/publications/faqen.pdf
		Blacklisted url: http://www.ohchr.org/documents/publications/faqen.pdf.  Discarding.  
	Result [60]  Processing URL https://www.ceps.eu/with-russia-threatening-ukraine-with-war-what-should-the-eu-do/
		Date found in the API results: 2021-04-21T00:00:00
		The content of https://www.cfr.org/backgrounder/ukraine-conflict-crossroads-europe-and-russia has distance with https://www.ceps.eu/with-russia-threatening-ukraine-with-war-what-should-the-eu-do/ of : 0.3041. Keeping.
		Adding to DB the URL https://www.ceps.eu/with-russia-threatening-ukraine-with-war-what-should-the-eu-do/
	Result [61]  Processing URL https://www.ceps.eu/with-russia-threatening-ukraine-with-war-what-should-the-eu-do/
		Date found in the API results: 2021-04-21T00:00:00
		The content of https://www.cfr.org/backgrounder/ukraine-conflict-crossroads-europe-and-russia has distance with https://www.ceps.eu/with-russia-threatening-ukraine-with-war-what-should-the-eu-do/ of : 0.3041. Keeping.
		Adding to DB the URL https://www.ceps.eu/with-russia-threatening-ukraine-with-war-what-should-the-eu-do/

== Level 0. Twitter search by title as Ukraine: Conflict at the Crossroads of Europe and Russia | Council on Foreign Relations
https://api.twitter.com/2/tweets/search/all?query=%22Ukraine%3A+Conflict+at+the+Crossroads+of+Europe+and+Russia+%7C+Council+on+Foreign+Relations%22&max_results=100&tweet.fields=author_id%2Cpublic_metrics%2Ccreated_at&start_time=2020-07-12T23%3A52%3A39.471542Z
	Downloaded 0 twitter content

== Level 0. VK search by title as Ukraine: Conflict at the Crossroads of Europe and Russia | Council on Foreign Relations
	Result [0]  Processing URL https://vk.com/id270196261?w=wall270196261_1523. Date: 2016-11-30 03:46:45
In total was found 1
