Searching the distribution graph of URL https://de.rt.com/programme/fasbender/116504-exklusiv-interview-mit-aussenamtssprecherin-maria/. Using 1 levels.

Main title: Exklusiv-Interview mit Außenamtssprecherin Maria Sacharowa: "Der Westen lebt in einer Illusion" — RT DE
In level 0 were found 1 urls including original

== Level 0. Google search by LINKS to https://de.rt.com/programme/fasbender/116504-exklusiv-interview-mit-aussenamtssprecherin-maria/
	Total amount of results retrieved: 1
	Result [1]  Processing URL https://de.rt.com/programme/fasbender/116504-exklusiv-interview-mit-aussenamtssprecherin-maria/
		Date found in the API results: 2021-04-23T00:00:00
		Repeated url: https://de.rt.com/programme/fasbender/116504-exklusiv-interview-mit-aussenamtssprecherin-maria/.  Discarding.  
		Date found in the API results: 2021-04-23T00:00:00

== Level 0. Twitter search by LINKS as https://de.rt.com/programme/fasbender/116504-exklusiv-interview-mit-aussenamtssprecherin-maria/
https://api.twitter.com/2/tweets/search/all?query=url+%3A+https%253A%252F%252Fde.rt.com%252Fprogramme%252Ffasbender%252F116504-exklusiv-interview-mit-aussenamtssprecherin-maria%252F&max_results=100&tweet.fields=author_id%2Cpublic_metrics%2Ccreated_at&start_time=2020-07-12T18%3A51%3A26.740015Z
	Downloaded 26 twitter content
	Result [1]  Processing twitter ID 1397119900582359040: RT @de_rt_com: Exklusiv-Interview mit Außenamtssprecherin Maria #Sacharowa: "Der #Westen lebt in einer #Illusion" 
https://t.co/mrbLroPTr3
	Result [2]  Processing twitter ID 1397092682669957122: RT @de_rt_com: Exklusiv-Interview mit Außenamtssprecherin Maria #Sacharowa: "Der #Westen lebt in einer #Illusion" 
https://t.co/mrbLroPTr3
	Result [3]  Processing twitter ID 1386607309871271939: RT @KuczynskiG: Zakharova (Russia MFA) for German RT:

This is a key project for Germany. I heard it from representatives of Germany and re…
	Result [4]  Processing twitter ID 1386599651365859329: RT @KuczynskiG: Zakharova (Russia MFA) for German RT:

This is a key project for Germany. I heard it from representatives of Germany and re…
	Result [5]  Processing twitter ID 1386593214501736449: RT @KuczynskiG: Zakharova (Russia MFA) for German RT:

This is a key project for Germany. I heard it from representatives of Germany and re…
	Result [6]  Processing twitter ID 1386592606050738178: Zakharova (Russia MFA) for German RT:

This is a key project for Germany. I heard it from representatives of Germany and read the analyzes of German specialists. 

https://t.co/HdRvXDfPyK https://t.co/ncTFa69UwX
	Result [7]  Processing twitter ID 1386060657657884675: Exklusiv-#Interview mit Außenamtssprecherin Maria #Sacharowa: "Der Westen lebt in einer Illusion" — RT DE https://t.co/dVc0lcvY8M #Fasbender
	Result [8]  Processing twitter ID 1385930316779507713: RT @de_rt_com: Das Gespräch behandelte Themen wie #NordStream2, die Einschätzung zur Kanzlerkandidatin Annalena #Baerbock, Rolle der #NATO,…
	Result [9]  Processing twitter ID 1385900908018638848: RT @de_rt_com: Exklusiv-Interview mit Außenamtssprecherin Maria #Sacharowa: "Der #Westen lebt in einer #Illusion" 
https://t.co/mrbLroPTr3
	Result [10]  Processing twitter ID 1385879452463386626: RT @de_rt_com: Exklusiv-Interview mit Außenamtssprecherin Maria #Sacharowa: "Der #Westen lebt in einer #Illusion" 
https://t.co/mrbLroPTr3
	Result [11]  Processing twitter ID 1385871496002822150: RT @de_rt_com: Exklusiv-Interview mit Außenamtssprecherin Maria #Sacharowa: "Der #Westen lebt in einer #Illusion" 
https://t.co/mrbLroPTr3
	Result [12]  Processing twitter ID 1385849099442921473: RT @de_rt_com: Exklusiv-Interview mit Außenamtssprecherin Maria #Sacharowa: "Der #Westen lebt in einer #Illusion" 
https://t.co/mrbLroPTr3
	Result [13]  Processing twitter ID 1385815787311706113: RT @de_rt_com: Das Gespräch behandelte Themen wie #NordStream2, die Einschätzung zur Kanzlerkandidatin Annalena #Baerbock, Rolle der #NATO,…
	Result [14]  Processing twitter ID 1385735640453730305: RT @de_rt_com: Das Gespräch behandelte Themen wie #NordStream2, die Einschätzung zur Kanzlerkandidatin Annalena #Baerbock, Rolle der #NATO,…
	Result [15]  Processing twitter ID 1385734947621773312: RT @de_rt_com: Exklusiv-Interview mit Außenamtssprecherin Maria #Sacharowa: "Der #Westen lebt in einer #Illusion" 
https://t.co/mrbLroPTr3
	Result [16]  Processing twitter ID 1385732875287412746: RT @de_rt_com: Das Gespräch behandelte Themen wie #NordStream2, die Einschätzung zur Kanzlerkandidatin Annalena #Baerbock, Rolle der #NATO,…
	Result [17]  Processing twitter ID 1385716154707189768: RT @de_rt_com: Das Gespräch behandelte Themen wie #NordStream2, die Einschätzung zur Kanzlerkandidatin Annalena #Baerbock, Rolle der #NATO,…
	Result [18]  Processing twitter ID 1385710430581055488: RT @de_rt_com: Das Gespräch behandelte Themen wie #NordStream2, die Einschätzung zur Kanzlerkandidatin Annalena #Baerbock, Rolle der #NATO,…
	Result [19]  Processing twitter ID 1385710053634854916: RT @de_rt_com: Das Gespräch behandelte Themen wie #NordStream2, die Einschätzung zur Kanzlerkandidatin Annalena #Baerbock, Rolle der #NATO,…
	Result [20]  Processing twitter ID 1385709305761042435: RT @de_rt_com: Das Gespräch behandelte Themen wie #NordStream2, die Einschätzung zur Kanzlerkandidatin Annalena #Baerbock, Rolle der #NATO,…
	Result [21]  Processing twitter ID 1385707127759589376: RT @de_rt_com: Das Gespräch behandelte Themen wie #NordStream2, die Einschätzung zur Kanzlerkandidatin Annalena #Baerbock, Rolle der #NATO,…
	Result [22]  Processing twitter ID 1385705035632365570: Das Gespräch behandelte Themen wie #NordStream2, die Einschätzung zur Kanzlerkandidatin Annalena #Baerbock, Rolle der #NATO, #Nawalny und die #Corona-Krise https://t.co/mrbLroPTr3
	Result [23]  Processing twitter ID 1385655704548216837: RT @de_rt_com: Exklusiv-Interview mit Außenamtssprecherin Maria #Sacharowa: "Der #Westen lebt in einer #Illusion" 
https://t.co/mrbLroPTr3
	Result [24]  Processing twitter ID 1385643296358387714: RT @de_rt_com: Exklusiv-Interview mit Außenamtssprecherin Maria #Sacharowa: "Der #Westen lebt in einer #Illusion" 
https://t.co/mrbLroPTr3
	Result [25]  Processing twitter ID 1385640429467619328: RT @de_rt_com: Exklusiv-Interview mit Außenamtssprecherin Maria #Sacharowa: "Der #Westen lebt in einer #Illusion" 
https://t.co/mrbLroPTr3
	Result [26]  Processing twitter ID 1385639164474019843: Exklusiv-Interview mit Außenamtssprecherin Maria #Sacharowa: "Der #Westen lebt in einer #Illusion" 
https://t.co/mrbLroPTr3

== Level 0. VK search by LINKS as https://de.rt.com/programme/fasbender/116504-exklusiv-interview-mit-aussenamtssprecherin-maria/
In total was found 0

== Level 0. Google search by TITLE as Exklusiv-Interview mit Außenamtssprecherin Maria Sacharowa: "Der Westen lebt in einer Illusion" — RT DE
	Total amount of results retrieved: 18
	Result [1]  Processing URL https://www.youtube.com/watch?v=ckhfApkDcSY
		Date found in the API results: 2021-04-23T00:00:00
		Different. The content of https://de.rt.com/programme/fasbender/116504-exklusiv-interview-mit-aussenamtssprecherin-maria/ has distance with https://www.youtube.com/watch?v=ckhfApkDcSY of: 0.2599. Discarding.
	Result [2]  Processing URL https://m.facebook.com/RusBotschaft/posts/1823895041104111?locale2=fo_FO
		Different. The content of https://de.rt.com/programme/fasbender/116504-exklusiv-interview-mit-aussenamtssprecherin-maria/ has distance with https://m.facebook.com/RusBotschaft/posts/1823895041104111?locale2=fo_FO of: 0.2737. Discarding.
	Result [3]  Processing URL https://ne-np.facebook.com/RusBotschaft/posts/1823882544438694
		Different. The content of https://de.rt.com/programme/fasbender/116504-exklusiv-interview-mit-aussenamtssprecherin-maria/ has distance with https://ne-np.facebook.com/RusBotschaft/posts/1823882544438694 of: 0.2566. Discarding.
	Result [4]  Processing URL https://inside38.de/exklusiv-interview-mit-aussenamtssprecherin-maria-sacharowa-der-westen-lebt-in-einer-illusion
		Different. The content of https://de.rt.com/programme/fasbender/116504-exklusiv-interview-mit-aussenamtssprecherin-maria/ has distance with https://inside38.de/exklusiv-interview-mit-aussenamtssprecherin-maria-sacharowa-der-westen-lebt-in-einer-illusion of: 0.1868. Discarding.
	Result [5]  Processing URL https://newsvideo.su/video/15146406
		Different. The content of https://de.rt.com/programme/fasbender/116504-exklusiv-interview-mit-aussenamtssprecherin-maria/ has distance with https://newsvideo.su/video/15146406 of: 0.2713. Discarding.
	Result [6]  Processing URL https://flipboard.com/article/exklusiv-interview-mit-au-enamtssprecherin-maria-sacharowa-der-westen-lebt-in-/a--vgHNte1T_egusBvB8RVXw%3Aa%3A1900293911-46f27010e6%2Frt.com
		The content of https://de.rt.com/programme/fasbender/116504-exklusiv-interview-mit-aussenamtssprecherin-maria/ has distance with https://flipboard.com/article/exklusiv-interview-mit-au-enamtssprecherin-maria-sacharowa-der-westen-lebt-in-/a--vgHNte1T_egusBvB8RVXw%3Aa%3A1900293911-46f27010e6%2Frt.com of : 0.3178. Keeping.
		Adding to DB the URL https://flipboard.com/article/exklusiv-interview-mit-au-enamtssprecherin-maria-sacharowa-der-westen-lebt-in-/a--vgHNte1T_egusBvB8RVXw%3Aa%3A1900293911-46f27010e6%2Frt.com
	Result [7]  Processing URL https://newstral.com/de/article/de/1187910683/exklusiv-interview-mit-au%C3%9Fenamtssprecherin-maria-sacharowa-der-westen-lebt-in-einer-illusion-
		Different. The content of https://de.rt.com/programme/fasbender/116504-exklusiv-interview-mit-aussenamtssprecherin-maria/ has distance with https://newstral.com/de/article/de/1187910683/exklusiv-interview-mit-au%C3%9Fenamtssprecherin-maria-sacharowa-der-westen-lebt-in-einer-illusion- of: 0.2633. Discarding.
	Result [8]  Processing URL https://twitter.com/search?q=%23sacharowa
		Blacklisted url: https://twitter.com/search?q=%23sacharowa.  Discarding.  
	Result [9]  Processing URL https://proximo.home.blog/2021/04/25/der-westen-lebt-in-einer-illusion/
		Date found in the API results: 2021-04-25T00:00:00
		Date found in the URL: 2021-04-25 00:00:00
		Different. The content of https://de.rt.com/programme/fasbender/116504-exklusiv-interview-mit-aussenamtssprecherin-maria/ has distance with https://proximo.home.blog/2021/04/25/der-westen-lebt-in-einer-illusion/ of: 0.2948. Discarding.
	Result [10]  Processing URL https://news.feed-reader.net/189569-maria-sacharowa.html
		Date found in the content of the page: None
		Different. The content of https://de.rt.com/programme/fasbender/116504-exklusiv-interview-mit-aussenamtssprecherin-maria/ has distance with https://news.feed-reader.net/189569-maria-sacharowa.html of: 0.2595669151579695. Discarding.
	Result [11]  Processing URL https://verbindediepunkte.de/2021/04/24/530/
		Date found in the API results: 2021-04-24T00:00:00
		Date found in the URL: 2021-04-24 00:00:00
		Different. The content of https://de.rt.com/programme/fasbender/116504-exklusiv-interview-mit-aussenamtssprecherin-maria/ has distance with https://verbindediepunkte.de/2021/04/24/530/ of: 0.2729. Discarding.
	Result [12]  Processing URL https://tempatpinjamuang.co.id/exklusiv-interview-mit-au%C3%9Fenamtssprecherin-maria-sacharowa.html
		! Timeout waiting for the web server to answer.  We ignore and continue.
		The content of the pages were not string. Verify.
		Different. The content of https://de.rt.com/programme/fasbender/116504-exklusiv-interview-mit-aussenamtssprecherin-maria/ has distance with https://tempatpinjamuang.co.id/exklusiv-interview-mit-au%C3%9Fenamtssprecherin-maria-sacharowa.html of: False. Discarding.
	Result [13]  Processing URL https://flemming-b8ycmv-song.blogspot.com/?download,ckhfApkDcSY
		Date found in the content of the page: None
		Different. The content of https://de.rt.com/programme/fasbender/116504-exklusiv-interview-mit-aussenamtssprecherin-maria/ has distance with https://flemming-b8ycmv-song.blogspot.com/?download,ckhfApkDcSY of: 0.2832. Discarding.
	Result [14]  Processing URL http://nailsdesigns.info/watch/exklusiv-interview-mit-au%C3%9Fenamtssprecherin-maria-sacharowa-der-westen-lebt-in-einer-illusion/ckhfApkDcSY
		Date found in the content of the page: None
		The content of https://de.rt.com/programme/fasbender/116504-exklusiv-interview-mit-aussenamtssprecherin-maria/ has distance with http://nailsdesigns.info/watch/exklusiv-interview-mit-au%C3%9Fenamtssprecherin-maria-sacharowa-der-westen-lebt-in-einer-illusion/ckhfApkDcSY of : 0.3406. Keeping.
		Adding to DB the URL http://nailsdesigns.info/watch/exklusiv-interview-mit-au%C3%9Fenamtssprecherin-maria-sacharowa-der-westen-lebt-in-einer-illusion/ckhfApkDcSY
	Result [15]  Processing URL https://jaimecamaradigital.com.br/single/exklusiv-interview-mit-aussenamtssprecherin-maria-sacharowa-der-westen-lebt-in-einer-illusion/ckhfApkDcSY
		The content of https://de.rt.com/programme/fasbender/116504-exklusiv-interview-mit-aussenamtssprecherin-maria/ has distance with https://jaimecamaradigital.com.br/single/exklusiv-interview-mit-aussenamtssprecherin-maria-sacharowa-der-westen-lebt-in-einer-illusion/ckhfApkDcSY of : 0.3733. Keeping.
		Adding to DB the URL https://jaimecamaradigital.com.br/single/exklusiv-interview-mit-aussenamtssprecherin-maria-sacharowa-der-westen-lebt-in-einer-illusion/ckhfApkDcSY
	Result [16]  Processing URL https://syncommmanagement.wordpress.com/2020/06/24/1833-cem-oezdemir-freigang-als-arschloch/
		Date found in the API results: 2020-06-24T00:00:00
		Date found in the URL: 2020-06-24 00:00:00
		Different. The content of https://de.rt.com/programme/fasbender/116504-exklusiv-interview-mit-aussenamtssprecherin-maria/ has distance with https://syncommmanagement.wordpress.com/2020/06/24/1833-cem-oezdemir-freigang-als-arschloch/ of: 0.2636. Discarding.
	Result [17]  Processing URL https://kzclip.com/video/ckhfApkDcSY/exklusiv-interview-mit-au%C3%9Fenamtssprecherin-maria-sacharowa-der-westen-lebt-in-einer-illusion.html
		Different. The content of https://de.rt.com/programme/fasbender/116504-exklusiv-interview-mit-aussenamtssprecherin-maria/ has distance with https://kzclip.com/video/ckhfApkDcSY/exklusiv-interview-mit-au%C3%9Fenamtssprecherin-maria-sacharowa-der-westen-lebt-in-einer-illusion.html of: 0.2655. Discarding.
	Result [18]  Processing URL https://kzclip.com/video/ckhfApkDcSY/exklusiv-interview-mit-au%C3%9Fenamtssprecherin-maria-sacharowa-der-westen-lebt-in-einer-illusion.html
		! Timeout waiting for the web server to answer.  We ignore and continue.
		The content of the pages were not string. Verify.
		Different. The content of https://de.rt.com/programme/fasbender/116504-exklusiv-interview-mit-aussenamtssprecherin-maria/ has distance with https://kzclip.com/video/ckhfApkDcSY/exklusiv-interview-mit-au%C3%9Fenamtssprecherin-maria-sacharowa-der-westen-lebt-in-einer-illusion.html of: False. Discarding.

== Level 0. Twitter search by title as Exklusiv-Interview mit Außenamtssprecherin Maria Sacharowa: "Der Westen lebt in einer Illusion" — RT DE
https://api.twitter.com/2/tweets/search/all?query=%22Exklusiv-Interview+mit+Au%C3%9Fenamtssprecherin+Maria+Sacharowa%3A+%22Der+Westen+lebt+in+einer+Illusion%22+%E2%80%94+RT+DE%22&max_results=100&tweet.fields=author_id%2Cpublic_metrics%2Ccreated_at&start_time=2020-07-12T18%3A52%3A34.780692Z
	Downloaded 39 twitter content
	Result [1]  Processing twitter ID 1397119900582359040: RT @de_rt_com: Exklusiv-Interview mit Außenamtssprecherin Maria #Sacharowa: "Der #Westen lebt in einer #Illusion" 
https://t.co/mrbLroPTr3
	Result [2]  Processing twitter ID 1397092682669957122: RT @de_rt_com: Exklusiv-Interview mit Außenamtssprecherin Maria #Sacharowa: "Der #Westen lebt in einer #Illusion" 
https://t.co/mrbLroPTr3
	Result [3]  Processing twitter ID 1387004095903543298: RT @ha_zett: Exklusiv-Interview mit Außenamtssprecherin Maria Sacharowa: “Der Westen lebt in einer Illusion” — RT DE https://t.co/XqkzM9Iy94
	Result [4]  Processing twitter ID 1386405813888061440: Exklusiv-Interview mit Außenamtssprecherin Maria Sacharowa: "Der Westen lebt in einer Illusion" — RT DE https://t.co/zNP8iEs2ME #
	Result [5]  Processing twitter ID 1386384982789197824: Exklusiv-Interview mit Außenamtssprecherin Maria Sacharowa: "Der Westen lebt in einer Illusion"
https://t.co/Ht61kHuskB
	Result [6]  Processing twitter ID 1386237076841107457: Exklusiv-Interview mit Außenamtssprecherin Maria Sacharowa: "Der Westen lebt in einer Illusion" — RT DE https://t.co/GDqSzpHjMP
	Result [7]  Processing twitter ID 1386202753232474113: Exklusiv-Interview mit Außenamtssprecherin Maria Sacharowa: "Der Westen lebt in einer Illusion" — RT DE https://t.co/Qw1kZwtmHO
	Result [8]  Processing twitter ID 1386185343272161282: Exklusiv-Interview mit Außenamtssprecherin Maria Sacharowa: "Der Westen lebt in einer Illusion" — RT DE https://t.co/0dec4zAG4w
	Result [9]  Processing twitter ID 1386100361539293189: Exklusiv-Interview mit Außenamtssprecherin Maria Sacharowa: "Der Westen lebt in einer Illusion" — RT DE https://t.co/bopTqqloZZ
	Result [10]  Processing twitter ID 1386060657657884675: Exklusiv-#Interview mit Außenamtssprecherin Maria #Sacharowa: "Der Westen lebt in einer Illusion" — RT DE https://t.co/dVc0lcvY8M #Fasbender
	Result [11]  Processing twitter ID 1385979897391325189: RT @very_alex: Exklusiv-Interview mit Außenamtssprecherin Maria Sacharowa: "Der Westen lebt in einer Illusion" — RT DE https://t.co/qVCmQPQ…
	Result [12]  Processing twitter ID 1385979311174336517: Exklusiv-Interview mit Außenamtssprecherin Maria Sacharowa: "Der Westen lebt in einer Illusion" — RT DE https://t.co/qVCmQPQ5UT
	Result [13]  Processing twitter ID 1385900908018638848: RT @de_rt_com: Exklusiv-Interview mit Außenamtssprecherin Maria #Sacharowa: "Der #Westen lebt in einer #Illusion" 
https://t.co/mrbLroPTr3
	Result [14]  Processing twitter ID 1385898070802681858: Exklusiv-Interview mit Außenamtssprecherin Maria Sacharowa: "Der Westen lebt in einer Illusion" — RT DE https://t.co/GDqSzpHjMP
	Result [15]  Processing twitter ID 1385896858854297600: Exklusiv-#Interview mit Außenamtssprecherin Maria #Sacharowa: "Der #Westen lebt in einer Illusion" — RT DE https://t.co/o64b8CSVTb #Russland
	Result [16]  Processing twitter ID 1385894914408386561: Exklusiv-Interview mit Außenamtssprecherin Maria Sacharowa: “Der Westen lebt in einer Illusion” (RT DE) https://t.co/pEDRpmIIZ8 https://t.co/eDg5HzJPHh
	Result [17]  Processing twitter ID 1385892381053030400: Exklusiv-Interview mit Außenamtssprecherin Maria Sacharowa: "Der Westen lebt in einer Illusion" — RT DE https://t.co/ZQwPM2K0f0
	Result [18]  Processing twitter ID 1385879452463386626: RT @de_rt_com: Exklusiv-Interview mit Außenamtssprecherin Maria #Sacharowa: "Der #Westen lebt in einer #Illusion" 
https://t.co/mrbLroPTr3
	Result [19]  Processing twitter ID 1385871496002822150: RT @de_rt_com: Exklusiv-Interview mit Außenamtssprecherin Maria #Sacharowa: "Der #Westen lebt in einer #Illusion" 
https://t.co/mrbLroPTr3
	Result [20]  Processing twitter ID 1385849099442921473: RT @de_rt_com: Exklusiv-Interview mit Außenamtssprecherin Maria #Sacharowa: "Der #Westen lebt in einer #Illusion" 
https://t.co/mrbLroPTr3
	Result [21]  Processing twitter ID 1385840732582424577: Exklusiv-Interview mit Außenamtssprecherin Maria Sacharowa: "Der Westen lebt in einer Illusion" — RT DE https://t.co/3NaOeBjHoQ # // Für mich interessant : Welche Beachtung dieses Interview in diesem Forum findet ...👍🤓
	Result [22]  Processing twitter ID 1385838494409494533: Exklusiv-Interview mit Außenamtssprecherin Maria Sacharowa: "Der Westen lebt in einer Illusion" — RT DE https://t.co/FsfJKDQiAY
	Result [23]  Processing twitter ID 1385734947621773312: RT @de_rt_com: Exklusiv-Interview mit Außenamtssprecherin Maria #Sacharowa: "Der #Westen lebt in einer #Illusion" 
https://t.co/mrbLroPTr3
	Result [24]  Processing twitter ID 1385723454184382465: Exklusiv-Interview mit Außenamtssprecherin Maria Sacharowa: "Der Westen lebt in einer Illusion".
#Russland
#Putin  https://t.co/IXkxH4hSZW
	Result [25]  Processing twitter ID 1385712077231300613: Exklusiv-Interview mit Außenamtssprecherin Maria Sacharowa: "Der Westen lebt in einer Illusion" — RT DE https://t.co/VxTcqNKAMK
	Result [26]  Processing twitter ID 1385662720910008324: RT @ha_zett: Exklusiv-Interview mit Außenamtssprecherin Maria Sacharowa: “Der Westen lebt in einer Illusion” — RT DE https://t.co/XqkzM9Iy94
	Result [27]  Processing twitter ID 1385660021422186497: Exklusiv-Interview mit Außenamtssprecherin Maria Sacharowa: “Der Westen lebt in einer Illusion” — RT DE https://t.co/XqkzM9Iy94
	Result [28]  Processing twitter ID 1385655704548216837: RT @de_rt_com: Exklusiv-Interview mit Außenamtssprecherin Maria #Sacharowa: "Der #Westen lebt in einer #Illusion" 
https://t.co/mrbLroPTr3
	Result [29]  Processing twitter ID 1385650978372964356: Exklusiv-Interview mit Außenamtssprecherin Maria Sacharowa: "Der Westen lebt in einer Illusion" https://t.co/VupMF62c0A
	Result [30]  Processing twitter ID 1385643296358387714: RT @de_rt_com: Exklusiv-Interview mit Außenamtssprecherin Maria #Sacharowa: "Der #Westen lebt in einer #Illusion" 
https://t.co/mrbLroPTr3
	Result [31]  Processing twitter ID 1385640429467619328: RT @de_rt_com: Exklusiv-Interview mit Außenamtssprecherin Maria #Sacharowa: "Der #Westen lebt in einer #Illusion" 
https://t.co/mrbLroPTr3
	Result [32]  Processing twitter ID 1385637023764160518: Exklusiv-Interview mit Außenamtssprecherin Maria Sacharowa: "Der Westen lebt in einer Illusion" — RT DE https://t.co/2lxycBctRj
	Result [33]  Processing twitter ID 1385635000008290310: Exklusiv-Interview mit Außenamtssprecherin Maria Sacharowa: "Der Westen lebt in einer Illusion" — RT DE https://t.co/zeG2CBKoHL Diese Frau Maria Sacharowa ist eine absolute Top Frau. Es war für mich ein Vergnügen einer so kompetenten Diplomatin zuzuhören!
	Result [34]  Processing twitter ID 1385634538404077572: Exklusiv-Interview mit Außenamtssprecherin Maria Sacharowa: "Der Westen lebt in einer Illusion" — RT DE https://t.co/zeG2CBKoHL  Diese Frau Maria Sacharowa ist eine absolute Top Frau. Es war für mich ein Vergnügen einer so kompetenten Diplomatin zuzuhören!
	Result [35]  Processing twitter ID 1385623163132948480: Exklusiv-Interview mit Außenamtssprecherin Maria Sacharowa: "Der Westen lebt in einer Illusion" — RT DE https://t.co/GDqSzpHjMP
	Result [36]  Processing twitter ID 1385589381763829761: Exklusiv-Interview mit Außenamtssprecherin Maria Sacharowa: "Der Westen lebt in einer Illusion" https://t.co/sz5U4PJ1Xz
	Result [37]  Processing twitter ID 1385583499122458628: Exklusiv-Interview mit Außenamtssprecherin Maria Sacharowa: "Der Westen lebt in einer Illusion" — RT DE https://t.co/oFqEsPQlN6
	Result [38]  Processing twitter ID 1385577615516475393: Exklusiv-Interview mit Außenamtssprecherin Maria Sacharowa: "Der Westen lebt in einer Illusion" — RT DE https://t.co/o2h4wV9aJI
	Result [39]  Processing twitter ID 1385570264621125635: Exklusiv-Interview mit Außenamtssprecherin Maria Sacharowa: "Der Westen lebt in einer Illusion" — RT DE https://t.co/bopTqqloZZ

== Level 0. VK search by title as Exklusiv-Interview mit Außenamtssprecherin Maria Sacharowa: "Der Westen lebt in einer Illusion" — RT DE
In total was found 0
