Searching the distribution graph of URL https://www.reuters.com/article/us-health-coronavirus-eu-sputnik-idUSKBN2B91PP. Using 1 levels.

Main title: EU 'should probably help Russia' with Sputnik V vaccine, Commissioner says | Reuters
In level 0 were found 1 urls including original

== Level 0. Google search by LINKS to https://www.reuters.com/article/us-health-coronavirus-eu-sputnik-idUSKBN2B91PP
	Total amount of results retrieved: 4
	Result [1]  Processing URL https://www.reuters.com/article/us-health-coronavirus-eu-sputnik-idUSKBN2B91PP
		Date found in the API results: 2021-03-17T00:00:00
		Repeated url: https://www.reuters.com/article/us-health-coronavirus-eu-sputnik-idUSKBN2B91PP.  Discarding.  
	Result [2]  Processing URL https://cn.reuters.com/article/us-health-coronavirus-eu-sputnik-idUSKBN2B91PP
		Not in content. The URL https://www.reuters.com/article/us-health-coronavirus-eu-sputnik-idUSKBN2B91PP is not in the content of site https://cn.reuters.com/article/us-health-coronavirus-eu-sputnik-idUSKBN2B91PP  Discarding.
	Result [3]  Processing URL https://zpravy.idnes.cz/diskuse.aspx?iddiskuse=A210323_202733_domaci_lre
		Date found in the API results: 2021-03-23T00:00:00
		The URL https://www.reuters.com/article/us-health-coronavirus-eu-sputnik-idUSKBN2B91PP IS in the content of site https://zpravy.idnes.cz/diskuse.aspx?iddiskuse=A210323_202733_domaci_lre  Keeping.
		Adding to DB the URL https://zpravy.idnes.cz/diskuse.aspx?iddiskuse=A210323_202733_domaci_lre
	Result [4]  Processing URL https://forumodua.com/showthread.php?t=3237629&page=4951
		Not in content. The URL https://www.reuters.com/article/us-health-coronavirus-eu-sputnik-idUSKBN2B91PP is not in the content of site https://forumodua.com/showthread.php?t=3237629&page=4951  Discarding.
		Date found in the API results: 2021-03-17T00:00:00

== Level 0. Twitter search by LINKS as https://www.reuters.com/article/us-health-coronavirus-eu-sputnik-idUSKBN2B91PP
https://api.twitter.com/2/tweets/search/all?query=url+%3A+https%253A%252F%252Fwww.reuters.com%252Farticle%252Fus-health-coronavirus-eu-sputnik-idUSKBN2B91PP&max_results=100&tweet.fields=author_id%2Cpublic_metrics%2Ccreated_at&start_time=2020-07-13T00%3A21%3A03.387288Z
	Downloaded 54 twitter content
	Result [1]  Processing twitter ID 1375124042450137101: RT @Reuters_Health: Sputnik V is "probably a good vaccine" for COVID-19 and the European Union should probably help Russia with production…
	Result [2]  Processing twitter ID 1372866978260602881: #SputnikV #EU 'should probably help Russia' with Sputnik V vaccine, Commissioner says | Article [AMP] | Reuters https://t.co/meXmnKpI00
	Result [3]  Processing twitter ID 1372470621095989248: EU 'should probably help Russia' with Sputnik V vaccine, Commissioner says | Reuters

Европа нам поможет с производством Спутника V  https://t.co/hp9x5iINcY
	Result [4]  Processing twitter ID 1372396702792093700: RT @Reuters_Health: Sputnik V is "probably a good vaccine" for COVID-19 and the European Union should probably help Russia with production…
	Result [5]  Processing twitter ID 1372349100033708040: RT @Reuters_Health: Sputnik V is "probably a good vaccine" for COVID-19 and the European Union should probably help Russia with production…
	Result [6]  Processing twitter ID 1372348329552711680: Sputnik V is "probably a good vaccine" for COVID-19 and the European Union should probably help Russia with production of the jab, a member of the bloc's executive Commission said on Wednesday.​ https://t.co/0QxEa33tgN
	Result [7]  Processing twitter ID 1372345269543649284: RT @CoronavirusNewv: 🌍 | EUROPA

Sputnik V es "probablemente una buena vacuna" para COVID-19 y la Unión Europea probablemente debería ayuda…
	Result [8]  Processing twitter ID 1372298122521686017: RT @CoronavirusNewv: 🌍 | EUROPA

Sputnik V es "probablemente una buena vacuna" para COVID-19 y la Unión Europea probablemente debería ayuda…
	Result [9]  Processing twitter ID 1372295024260579332: RT @CoronavirusNewv: 🌍 | EUROPA

Sputnik V es "probablemente una buena vacuna" para COVID-19 y la Unión Europea probablemente debería ayuda…
	Result [10]  Processing twitter ID 1372293802761814018: RT @CoronavirusNewv: 🌍 | EUROPA

Sputnik V es "probablemente una buena vacuna" para COVID-19 y la Unión Europea probablemente debería ayuda…
	Result [11]  Processing twitter ID 1372293190938726404: RT @Plagiste4you: C'est pas la première fois que @ThierryBreton considère qu'accepter @sputnikvaccine serait "une aide à la Russie" alors q…
	Result [12]  Processing twitter ID 1372292139019829253: RT @Reuters: EU 'should probably help Russia' with Sputnik V vaccine, Commissioner says https://t.co/J5bqMNcp3b https://t.co/CE29W1coF2
	Result [13]  Processing twitter ID 1372291234492989441: RT @CoronavirusNewv: 🌍 | EUROPA

Sputnik V es "probablemente una buena vacuna" para COVID-19 y la Unión Europea probablemente debería ayuda…
	Result [14]  Processing twitter ID 1372291228176371720: RT @CoronavirusNewv: 🌍 | EUROPA

Sputnik V es "probablemente una buena vacuna" para COVID-19 y la Unión Europea probablemente debería ayuda…
	Result [15]  Processing twitter ID 1372290556810907652: RT @CoronavirusNewv: 🌍 | EUROPA

Sputnik V es "probablemente una buena vacuna" para COVID-19 y la Unión Europea probablemente debería ayuda…
	Result [16]  Processing twitter ID 1372290545272373248: RT @CoronavirusNewv: 🌍 | EUROPA

Sputnik V es "probablemente una buena vacuna" para COVID-19 y la Unión Europea probablemente debería ayuda…
	Result [17]  Processing twitter ID 1372290267659833350: RT @CoronavirusNewv: 🌍 | EUROPA

Sputnik V es "probablemente una buena vacuna" para COVID-19 y la Unión Europea probablemente debería ayuda…
	Result [18]  Processing twitter ID 1372289804826771458: RT @CoronavirusNewv: 🌍 | EUROPA

Sputnik V es "probablemente una buena vacuna" para COVID-19 y la Unión Europea probablemente debería ayuda…
	Result [19]  Processing twitter ID 1372289698291462149: RT @CoronavirusNewv: 🌍 | EUROPA

Sputnik V es "probablemente una buena vacuna" para COVID-19 y la Unión Europea probablemente debería ayuda…
	Result [20]  Processing twitter ID 1372289589742870543: RT @CoronavirusNewv: 🌍 | EUROPA

Sputnik V es "probablemente una buena vacuna" para COVID-19 y la Unión Europea probablemente debería ayuda…
	Result [21]  Processing twitter ID 1372289087575588865: RT @CoronavirusNewv: 🌍 | EUROPA

Sputnik V es "probablemente una buena vacuna" para COVID-19 y la Unión Europea probablemente debería ayuda…
	Result [22]  Processing twitter ID 1372288613283692544: RT @CoronavirusNewv: 🌍 | EUROPA

Sputnik V es "probablemente una buena vacuna" para COVID-19 y la Unión Europea probablemente debería ayuda…
	Result [23]  Processing twitter ID 1372288596481282051: RT @CoronavirusNewv: 🌍 | EUROPA

Sputnik V es "probablemente una buena vacuna" para COVID-19 y la Unión Europea probablemente debería ayuda…
	Result [24]  Processing twitter ID 1372288400376664071: RT @CoronavirusNewv: 🌍 | EUROPA

Sputnik V es "probablemente una buena vacuna" para COVID-19 y la Unión Europea probablemente debería ayuda…
	Result [25]  Processing twitter ID 1372288212048224263: 🌍 | EUROPA

Sputnik V es "probablemente una buena vacuna" para COVID-19 y la Unión Europea probablemente debería ayudar a Rusia con la producción del jab, dijo el miércoles un miembro de la Comisión ejecutiva del bloque. https://t.co/knnFTgD5Ky
	Result [26]  Processing twitter ID 1372287033465573376: RT @Reuters_Health: Sputnik V is "probably a good vaccine" for COVID-19 and the European Union should probably help Russia with production…
	Result [27]  Processing twitter ID 1372286952507080708: RT @Reuters_Health: Sputnik V is "probably a good vaccine" for COVID-19 and the European Union should probably help Russia with production…
	Result [28]  Processing twitter ID 1372284140826062857: Sputnik V is "probably a good vaccine" for COVID-19 and the European Union should probably help Russia with production of the jab, a member of the bloc's executive Commission said on Wednesday.​ https://t.co/KfJrWaGczp
	Result [29]  Processing twitter ID 1372251865103106054: RT @Reuters: EU 'should probably help Russia' with Sputnik V vaccine, Commissioner says https://t.co/J5bqMNcp3b https://t.co/CE29W1coF2
	Result [30]  Processing twitter ID 1372235274533625859: RT @Reuters: EU 'should probably help Russia' with Sputnik V vaccine, Commissioner says https://t.co/J5bqMNcp3b https://t.co/CE29W1coF2
	Result [31]  Processing twitter ID 1372232542888337412: EU 'should probably help Russia' with Sputnik V vaccine, Commissioner says | Article [AMP] | Reuters https://t.co/NUG05z0jL3
	Result [32]  Processing twitter ID 1372230812297424898: RT @Reuters: EU 'should probably help Russia' with Sputnik V vaccine, Commissioner says https://t.co/J5bqMNcp3b https://t.co/CE29W1coF2
	Result [33]  Processing twitter ID 1372230291381649411: RT @Reuters: EU 'should probably help Russia' with Sputnik V vaccine, Commissioner says https://t.co/J5bqMNcp3b https://t.co/CE29W1coF2
	Result [34]  Processing twitter ID 1372226880066220035: RT @Reuters: EU 'should probably help Russia' with Sputnik V vaccine, Commissioner says https://t.co/J5bqMNcp3b https://t.co/CE29W1coF2
	Result [35]  Processing twitter ID 1372225977795887104: RT @Reuters: EU 'should probably help Russia' with Sputnik V vaccine, Commissioner says https://t.co/J5bqMNcp3b https://t.co/CE29W1coF2
	Result [36]  Processing twitter ID 1372224320227840004: RT @Reuters: EU 'should probably help Russia' with Sputnik V vaccine, Commissioner says https://t.co/J5bqMNcp3b https://t.co/CE29W1coF2
	Result [37]  Processing twitter ID 1372224129777172483: RT @ReutersUK: EU 'should probably help Russia' with Sputnik V vaccine, Commissioner says https://t.co/VJiFt8gSl7 https://t.co/2PxA1UXjdi
	Result [38]  Processing twitter ID 1372224120939814917: RT @Reuters: EU 'should probably help Russia' with Sputnik V vaccine, Commissioner says https://t.co/J5bqMNcp3b https://t.co/CE29W1coF2
	Result [39]  Processing twitter ID 1372223755200704520: RT @Reuters: EU 'should probably help Russia' with Sputnik V vaccine, Commissioner says https://t.co/J5bqMNcp3b https://t.co/CE29W1coF2
	Result [40]  Processing twitter ID 1372223669188104192: EU 'should probably help Russia' with Sputnik V vaccine, Commissioner says | Article [AMP] | Reuters https://t.co/PsNThBE0Dp
	Result [41]  Processing twitter ID 1372223481094537220: RT @Reuters: EU 'should probably help Russia' with Sputnik V vaccine, Commissioner says https://t.co/J5bqMNcp3b https://t.co/CE29W1coF2
	Result [42]  Processing twitter ID 1372223427205992449: RT @Reuters: EU 'should probably help Russia' with Sputnik V vaccine, Commissioner says https://t.co/J5bqMNcp3b https://t.co/CE29W1coF2
	Result [43]  Processing twitter ID 1372223302660407307: RT @Reuters: EU 'should probably help Russia' with Sputnik V vaccine, Commissioner says https://t.co/J5bqMNcp3b https://t.co/CE29W1coF2
	Result [44]  Processing twitter ID 1372223229230604289: RT @Reuters: EU 'should probably help Russia' with Sputnik V vaccine, Commissioner says https://t.co/J5bqMNcp3b https://t.co/CE29W1coF2
	Result [45]  Processing twitter ID 1372223138738622465: RT @Reuters_Health: Sputnik V is "probably a good vaccine" for COVID-19 and the European Union should probably help Russia with production…
	Result [46]  Processing twitter ID 1372223058233151497: RT @Reuters: EU 'should probably help Russia' with Sputnik V vaccine, Commissioner says https://t.co/J5bqMNcp3b https://t.co/CE29W1coF2
	Result [47]  Processing twitter ID 1372223015237341185: RT @Reuters: EU 'should probably help Russia' with Sputnik V vaccine, Commissioner says https://t.co/J5bqMNcp3b https://t.co/CE29W1coF2
	Result [48]  Processing twitter ID 1372222905464074245: RT @Reuters: EU 'should probably help Russia' with Sputnik V vaccine, Commissioner says https://t.co/J5bqMNcp3b https://t.co/CE29W1coF2
	Result [49]  Processing twitter ID 1372222810492375053: RT @Reuters: EU 'should probably help Russia' with Sputnik V vaccine, Commissioner says https://t.co/J5bqMNcp3b https://t.co/CE29W1coF2
	Result [50]  Processing twitter ID 1372222512361246724: EU 'should probably help Russia' with Sputnik V vaccine, Commissioner says https://t.co/J5bqMNcp3b https://t.co/CE29W1coF2
	Result [51]  Processing twitter ID 1372222510264123392: EU 'should probably help Russia' with Sputnik V vaccine, Commissioner says https://t.co/VJiFt8gSl7 https://t.co/2PxA1UXjdi
	Result [52]  Processing twitter ID 1372219971003158531: Sputnik V is "probably a good vaccine" for COVID-19 and the European Union should probably help Russia with production of the jab, a member of the bloc's executive Commission said on Wednesday.​ https://t.co/bJB6ZDw4Zq
	Result [53]  Processing twitter ID 1372212862681239554: RT @Plagiste4you: C'est pas la première fois que @ThierryBreton considère qu'accepter @sputnikvaccine serait "une aide à la Russie" alors q…
	Result [54]  Processing twitter ID 1372210392072589312: C'est pas la première fois que @ThierryBreton considère qu'accepter @sputnikvaccine serait "une aide à la Russie" alors que c'est elle qui propose son aide (et 50 millions de doses livrables immédiatement).
Pendant qu'il fait joujou, des gens meurent 
https://t.co/wWf09lebA3

== Level 0. VK search by LINKS as https://www.reuters.com/article/us-health-coronavirus-eu-sputnik-idUSKBN2B91PP
In total was found 0

== Level 0. Google search by TITLE as EU 'should probably help Russia' with Sputnik V vaccine, Commissioner says | Reuters
	Total amount of results retrieved: 71
	Result [1]  Processing URL https://www.reuters.com/article/us-health-coronavirus-eu-vaccines/eu-has-absolutely-no-need-of-sputnik-v-vaccine-commissioner-says-idUSKBN2BD0QI
		Date found in the API results: 2021-03-21T00:00:00
		The content of https://www.reuters.com/article/us-health-coronavirus-eu-sputnik-idUSKBN2B91PP has distance with https://www.reuters.com/article/us-health-coronavirus-eu-vaccines/eu-has-absolutely-no-need-of-sputnik-v-vaccine-commissioner-says-idUSKBN2BD0QI of : 0.6674. Keeping.
		Adding to DB the URL https://www.reuters.com/article/us-health-coronavirus-eu-vaccines/eu-has-absolutely-no-need-of-sputnik-v-vaccine-commissioner-says-idUSKBN2BD0QI
	Result [2]  Processing URL https://www.reuters.com/article/instant-article/idINKBN2B91PP
		The content of https://www.reuters.com/article/us-health-coronavirus-eu-sputnik-idUSKBN2B91PP has distance with https://www.reuters.com/article/instant-article/idINKBN2B91PP of : 0.9724. Keeping.
		Adding to DB the URL https://www.reuters.com/article/instant-article/idINKBN2B91PP
	Result [3]  Processing URL https://www.reuters.com/business/healthcare-pharmaceuticals/eu-should-probably-help-russia-with-sputnik-v-vaccine-commissioner-says-2021-03-17/
		Date found in the API results: 2021-03-17T00:00:00
		! Error getting the content of the web.
		! can't compare offset-naive and offset-aware datetimes
		<class 'TypeError'>
		The content of the pages were not string. Verify.
		Different. The content of https://www.reuters.com/article/us-health-coronavirus-eu-sputnik-idUSKBN2B91PP has distance with https://www.reuters.com/business/healthcare-pharmaceuticals/eu-should-probably-help-russia-with-sputnik-v-vaccine-commissioner-says-2021-03-17/ of: False. Discarding.
	Result [4]  Processing URL https://cn.reuters.com/article/us-health-coronavirus-eu-sputnik-idUSKBN2B91PP
		The content of https://www.reuters.com/article/us-health-coronavirus-eu-sputnik-idUSKBN2B91PP has distance with https://cn.reuters.com/article/us-health-coronavirus-eu-sputnik-idUSKBN2B91PP of : 0.991. Keeping.
		Adding to DB the URL https://cn.reuters.com/article/us-health-coronavirus-eu-sputnik-idUSKBN2B91PP
	Result [5]  Processing URL https://kfgo.com/2021/03/17/eu-should-probably-help-russia-with-sputnik-v-vaccine-commissioner-says/
		Date found in the URL: 2021-03-17 00:00:00
		Different. The content of https://www.reuters.com/article/us-health-coronavirus-eu-sputnik-idUSKBN2B91PP has distance with https://kfgo.com/2021/03/17/eu-should-probably-help-russia-with-sputnik-v-vaccine-commissioner-says/ of: 0.017436100653853776. Discarding.
	Result [6]  Processing URL https://www.themoscowtimes.com/2021/06/16/eu-delays-russias-sputnik-v-covid-vaccine-approval-reuters-a74233
		Date found in the API results: 2021-06-16T00:00:00
		Date found in the URL: 2021-06-16 00:00:00
		The content of https://www.reuters.com/article/us-health-coronavirus-eu-sputnik-idUSKBN2B91PP has distance with https://www.themoscowtimes.com/2021/06/16/eu-delays-russias-sputnik-v-covid-vaccine-approval-reuters-a74233 of : 0.3158. Keeping.
		Adding to DB the URL https://www.themoscowtimes.com/2021/06/16/eu-delays-russias-sputnik-v-covid-vaccine-approval-reuters-a74233
	Result [7]  Processing URL https://wincountry.com/2021/03/17/eu-should-probably-help-russia-with-sputnik-v-vaccine-commissioner-says/
		Date found in the URL: 2021-03-17 00:00:00
		Different. The content of https://www.reuters.com/article/us-health-coronavirus-eu-sputnik-idUSKBN2B91PP has distance with https://wincountry.com/2021/03/17/eu-should-probably-help-russia-with-sputnik-v-vaccine-commissioner-says/ of: 0.017436100653853776. Discarding.
	Result [8]  Processing URL https://b975.com/2021/03/17/eu-should-probably-help-russia-with-sputnik-v-vaccine-commissioner-says/
		Date found in the URL: 2021-03-17 00:00:00
		Different. The content of https://www.reuters.com/article/us-health-coronavirus-eu-sputnik-idUSKBN2B91PP has distance with https://b975.com/2021/03/17/eu-should-probably-help-russia-with-sputnik-v-vaccine-commissioner-says/ of: 0.017436100653853776. Discarding.
	Result [9]  Processing URL https://sports.yahoo.com/eu-probably-help-russia-sputnik-122838767.html
		The content of https://www.reuters.com/article/us-health-coronavirus-eu-sputnik-idUSKBN2B91PP has distance with https://sports.yahoo.com/eu-probably-help-russia-sputnik-122838767.html of : 0.3298. Keeping.
		Adding to DB the URL https://sports.yahoo.com/eu-probably-help-russia-sputnik-122838767.html
	Result [10]  Processing URL https://www.npr.org/2021/04/08/985410735/germany-says-it-will-explore-buying-russias-sputnik-v-vaccine-bucking-eu-policy
		Date found in the API results: 2021-04-08T00:00:00
		Date found in the URL: 2021-04-08 00:00:00
		The content of https://www.reuters.com/article/us-health-coronavirus-eu-sputnik-idUSKBN2B91PP has distance with https://www.npr.org/2021/04/08/985410735/germany-says-it-will-explore-buying-russias-sputnik-v-vaccine-bucking-eu-policy of : 0.300903597760408. Keeping.
		Adding to DB the URL https://www.npr.org/2021/04/08/985410735/germany-says-it-will-explore-buying-russias-sputnik-v-vaccine-bucking-eu-policy
	Result [11]  Processing URL https://www.rfi.fr/en/europe/20210322-putin-hits-back-at-strange-eu-criticism-of-sputnik-v-vaccine-thierry-breton
		Date found in the API results: 2021-03-22T00:00:00
		Date found in the URL: 2021-03-22 00:00:00
		Different. The content of https://www.reuters.com/article/us-health-coronavirus-eu-sputnik-idUSKBN2B91PP has distance with https://www.rfi.fr/en/europe/20210322-putin-hits-back-at-strange-eu-criticism-of-sputnik-v-vaccine-thierry-breton of: 0.05397099779122251. Discarding.
	Result [12]  Processing URL https://www.saltwire.com/prince-edward-island/news/eu-should-probably-help-russia-with-sputnik-v-vaccine-commissioner-says-564587/
		Different. The content of https://www.reuters.com/article/us-health-coronavirus-eu-sputnik-idUSKBN2B91PP has distance with https://www.saltwire.com/prince-edward-island/news/eu-should-probably-help-russia-with-sputnik-v-vaccine-commissioner-says-564587/ of: 0.2849. Discarding.
	Result [13]  Processing URL https://www.wsj.com/articles/with-eus-covid-19-vaccine-drive-in-disarray-russia-sees-an-opening-11617371871
		Date found in the API results: 2021-04-02T00:00:00
		Different. The content of https://www.reuters.com/article/us-health-coronavirus-eu-sputnik-idUSKBN2B91PP has distance with https://www.wsj.com/articles/with-eus-covid-19-vaccine-drive-in-disarray-russia-sees-an-opening-11617371871 of: 0.2846. Discarding.
	Result [14]  Processing URL https://tass.com/society/1280137
		Date found in the API results: 2021-04-20T00:00:00
		The content of https://www.reuters.com/article/us-health-coronavirus-eu-sputnik-idUSKBN2B91PP has distance with https://tass.com/society/1280137 of : 0.3092. Keeping.
		Adding to DB the URL https://tass.com/society/1280137
	Result [15]  Processing URL https://www.irishtimes.com/topics/topics-7.1213540?article=true&tag_person=Thierry+Breton
		Different. The content of https://www.reuters.com/article/us-health-coronavirus-eu-sputnik-idUSKBN2B91PP has distance with https://www.irishtimes.com/topics/topics-7.1213540?article=true&tag_person=Thierry+Breton of: 0.2922. Discarding.
	Result [16]  Processing URL https://www.fiercepharma.com/pharma/covid-19-tracker-pfizer-vaccine-data-babies-could-come-by-september-spain-s-reig-jofre-to
		Date found in the API results: 2021-07-12
		Different. The content of https://www.reuters.com/article/us-health-coronavirus-eu-sputnik-idUSKBN2B91PP has distance with https://www.fiercepharma.com/pharma/covid-19-tracker-pfizer-vaccine-data-babies-could-come-by-september-spain-s-reig-jofre-to of: 0.2878. Discarding.
	Result [17]  Processing URL https://www.nytimes.com/live/2021/03/28/world/covid-vaccine-coronavirus-cases
		Date found in the API results: 2021-06-11T00:00:00
		Date found in the URL: 2021-03-28 00:00:00
		The content of https://www.reuters.com/article/us-health-coronavirus-eu-sputnik-idUSKBN2B91PP has distance with https://www.nytimes.com/live/2021/03/28/world/covid-vaccine-coronavirus-cases of : 0.313. Keeping.
		Adding to DB the URL https://www.nytimes.com/live/2021/03/28/world/covid-vaccine-coronavirus-cases
	Result [18]  Processing URL https://www.supplychainbrain.com/articles/31024-coronavirus-watch-governments-rush-to-secure-ventilators
		Date found in the API results: 2021-07-12
		The content of https://www.reuters.com/article/us-health-coronavirus-eu-sputnik-idUSKBN2B91PP has distance with https://www.supplychainbrain.com/articles/31024-coronavirus-watch-governments-rush-to-secure-ventilators of : 0.3115. Keeping.
		Adding to DB the URL https://www.supplychainbrain.com/articles/31024-coronavirus-watch-governments-rush-to-secure-ventilators
	Result [19]  Processing URL https://medium.com/dfrlab/official-twitter-account-of-sputnik-v-manipulates-information-to-target-western-covid-19-vaccines-c1a13dac580d
		Date found in the API results: 2021-05-12T00:00:00
		The content of https://www.reuters.com/article/us-health-coronavirus-eu-sputnik-idUSKBN2B91PP has distance with https://medium.com/dfrlab/official-twitter-account-of-sputnik-v-manipulates-information-to-target-western-covid-19-vaccines-c1a13dac580d of : 0.3096. Keeping.
		Adding to DB the URL https://medium.com/dfrlab/official-twitter-account-of-sputnik-v-manipulates-information-to-target-western-covid-19-vaccines-c1a13dac580d
	Result [20]  Processing URL https://www.supplychainbrain.com/articles/31024-coronavirus-watch-governments-rush-to-secure-ventilators
		Date found in the API results: 2021-07-12
		The content of https://www.reuters.com/article/us-health-coronavirus-eu-sputnik-idUSKBN2B91PP has distance with https://www.supplychainbrain.com/articles/31024-coronavirus-watch-governments-rush-to-secure-ventilators of : 0.3114. Keeping.
		Adding to DB the URL https://www.supplychainbrain.com/articles/31024-coronavirus-watch-governments-rush-to-secure-ventilators
	Result [21]  Processing URL https://medium.com/dfrlab/official-twitter-account-of-sputnik-v-manipulates-information-to-target-western-covid-19-vaccines-c1a13dac580d
		Date found in the API results: 2021-05-12T00:00:00
		The content of https://www.reuters.com/article/us-health-coronavirus-eu-sputnik-idUSKBN2B91PP has distance with https://medium.com/dfrlab/official-twitter-account-of-sputnik-v-manipulates-information-to-target-western-covid-19-vaccines-c1a13dac580d of : 0.3096. Keeping.
		Adding to DB the URL https://medium.com/dfrlab/official-twitter-account-of-sputnik-v-manipulates-information-to-target-western-covid-19-vaccines-c1a13dac580d
	Result [22]  Processing URL https://www.raps.org/news-and-articles/news-articles/2021/3/recon-eu-threatens-to-curb-covid-vaccine-exports-p
		Date found in the API results: 2021-03-17T00:00:00
		Date found in the content of the page: None
		Different. The content of https://www.reuters.com/article/us-health-coronavirus-eu-sputnik-idUSKBN2B91PP has distance with https://www.raps.org/news-and-articles/news-articles/2021/3/recon-eu-threatens-to-curb-covid-vaccine-exports-p of: 0.0966405890473999. Discarding.
	Result [23]  Processing URL https://www.washingtonpost.com/nation/2021/03/26/coronavirus-covid-live-updates-us/
		Date found in the API results: 2021-03-26T00:00:00
		Date found in the URL: 2021-03-26 00:00:00
		The content of https://www.reuters.com/article/us-health-coronavirus-eu-sputnik-idUSKBN2B91PP has distance with https://www.washingtonpost.com/nation/2021/03/26/coronavirus-covid-live-updates-us/ of : 0.3217. Keeping.
		Adding to DB the URL https://www.washingtonpost.com/nation/2021/03/26/coronavirus-covid-live-updates-us/
	Result [24]  Processing URL https://www.straitstimes.com/world/europe/eu-has-absolutely-no-need-of-russias-sputnik-v-vaccine-commissioner-says
		Date found in the API results: 2021-03-22T00:00:00
		Date found in the content of the page: None
		Different. The content of https://www.reuters.com/article/us-health-coronavirus-eu-sputnik-idUSKBN2B91PP has distance with https://www.straitstimes.com/world/europe/eu-has-absolutely-no-need-of-russias-sputnik-v-vaccine-commissioner-says of: 0.050072498791686806. Discarding.
	Result [25]  Processing URL https://jamestown.org/program/kremlins-vaccine-diplomacy-in-action-tools-strengths-intermediary-results/
		Date found in the API results: 2021-03-25T00:00:00
		The content of https://www.reuters.com/article/us-health-coronavirus-eu-sputnik-idUSKBN2B91PP has distance with https://jamestown.org/program/kremlins-vaccine-diplomacy-in-action-tools-strengths-intermediary-results/ of : 0.3082. Keeping.
		Adding to DB the URL https://jamestown.org/program/kremlins-vaccine-diplomacy-in-action-tools-strengths-intermediary-results/
	Result [26]  Processing URL https://newsinfo.inquirer.net/1410034/moscow-accuses-top-eu-exec-of-bias-over-sputnik-vaccine
		Date found in the API results: 2021-03-22T00:00:00
		Date found in the content of the page: None
		Different. The content of https://www.reuters.com/article/us-health-coronavirus-eu-sputnik-idUSKBN2B91PP has distance with https://newsinfo.inquirer.net/1410034/moscow-accuses-top-eu-exec-of-bias-over-sputnik-vaccine of: 0.05145565335138795. Discarding.
	Result [27]  Processing URL https://www.modernghana.com/news/1069680/putin-hits-back-at-strange-eu-criticism-of-sputn.html
		Date found in the API results: 2021-03-22T00:00:00
		Date found in the content of the page: None
		Different. The content of https://www.reuters.com/article/us-health-coronavirus-eu-sputnik-idUSKBN2B91PP has distance with https://www.modernghana.com/news/1069680/putin-hits-back-at-strange-eu-criticism-of-sputn.html of: 0.26. Discarding.
	Result [28]  Processing URL https://www.express.co.uk/news/politics/1416403/eu-news-russia-sputnik-v-italy-covid-vaccine-campania-thierry-breton-eu-commission
		Date found in the API results: 2021-03-29T00:00:00
		The content of https://www.reuters.com/article/us-health-coronavirus-eu-sputnik-idUSKBN2B91PP has distance with https://www.express.co.uk/news/politics/1416403/eu-news-russia-sputnik-v-italy-covid-vaccine-campania-thierry-breton-eu-commission of : 0.3584. Keeping.
		Adding to DB the URL https://www.express.co.uk/news/politics/1416403/eu-news-russia-sputnik-v-italy-covid-vaccine-campania-thierry-breton-eu-commission
	Result [29]  Processing URL https://www.express.co.uk/news/politics/1413064/eu-news-vaccines-russia-sputnik-v-eu-commission-thierry-breton
		Date found in the API results: 2021-03-22T00:00:00
		The content of https://www.reuters.com/article/us-health-coronavirus-eu-sputnik-idUSKBN2B91PP has distance with https://www.express.co.uk/news/politics/1413064/eu-news-vaccines-russia-sputnik-v-eu-commission-thierry-breton of : 0.3637. Keeping.
		Adding to DB the URL https://www.express.co.uk/news/politics/1413064/eu-news-vaccines-russia-sputnik-v-eu-commission-thierry-breton
	Result [30]  Processing URL https://www.newscientist.com/article/2244804-covid-19-news-archive-pfizer-vaccine-is-95-per-cent-effective/
		! Error getting the content of the web.
		! signed integer is greater than maximum
		<class 'OverflowError'>
		The content of the pages were not string. Verify.
		Different. The content of https://www.reuters.com/article/us-health-coronavirus-eu-sputnik-idUSKBN2B91PP has distance with https://www.newscientist.com/article/2244804-covid-19-news-archive-pfizer-vaccine-is-95-per-cent-effective/ of: False. Discarding.
	Result [31]  Processing URL https://www.rte.ie/news/coronavirus/2021/0309/1202813-coronavirus-global/
		Date found in the API results: 2021-03-09T00:00:00
		The content of https://www.reuters.com/article/us-health-coronavirus-eu-sputnik-idUSKBN2B91PP has distance with https://www.rte.ie/news/coronavirus/2021/0309/1202813-coronavirus-global/ of : 0.324. Keeping.
		Adding to DB the URL https://www.rte.ie/news/coronavirus/2021/0309/1202813-coronavirus-global/
	Result [32]  Processing URL https://www.politico.com/interactives/2020/coronavirus-vaccine-tracker/
		Date found in the API results: 2021-05-07T00:00:00
		Date found in the content of the page: None
		The content of https://www.reuters.com/article/us-health-coronavirus-eu-sputnik-idUSKBN2B91PP has distance with https://www.politico.com/interactives/2020/coronavirus-vaccine-tracker/ of : 0.3406. Keeping.
		Adding to DB the URL https://www.politico.com/interactives/2020/coronavirus-vaccine-tracker/
	Result [33]  Processing URL https://www.sciencemag.org/news/2021/04/concerns-over-rare-clotting-disorders-halt-use-johnson-johnson-s-covid-19-vaccine
		Date found in the API results: 2021-04-13T00:00:00
		Different. The content of https://www.reuters.com/article/us-health-coronavirus-eu-sputnik-idUSKBN2B91PP has distance with https://www.sciencemag.org/news/2021/04/concerns-over-rare-clotting-disorders-halt-use-johnson-johnson-s-covid-19-vaccine of: 0.2867. Discarding.
	Result [34]  Processing URL https://www.foreignaffairs.com/articles/europe/2021-04-05/new-age-protectionism
		Date found in the API results: 2021-04-05T00:00:00
		Date found in the URL: 2021-04-05 00:00:00
		The content of https://www.reuters.com/article/us-health-coronavirus-eu-sputnik-idUSKBN2B91PP has distance with https://www.foreignaffairs.com/articles/europe/2021-04-05/new-age-protectionism of : 0.3024. Keeping.
		Adding to DB the URL https://www.foreignaffairs.com/articles/europe/2021-04-05/new-age-protectionism
	Result [35]  Processing URL https://www.marketwatch.com/story/u-s-covid-19-vaccine-program-meets-key-goal-but-india-cases-and-brazil-deaths-worry-experts-11618841341
		Date found in the API results: 2021-04-19T00:00:00
		The content of https://www.reuters.com/article/us-health-coronavirus-eu-sputnik-idUSKBN2B91PP has distance with https://www.marketwatch.com/story/u-s-covid-19-vaccine-program-meets-key-goal-but-india-cases-and-brazil-deaths-worry-experts-11618841341 of : 0.3539. Keeping.
		Adding to DB the URL https://www.marketwatch.com/story/u-s-covid-19-vaccine-program-meets-key-goal-but-india-cases-and-brazil-deaths-worry-experts-11618841341
	Result [36]  Processing URL https://www.usatoday.com/story/news/health/2021/04/15/covid-vaccine-variants-cdc-states/7228601002/
		Date found in the API results: 2021-04-15T00:00:00
		Date found in the URL: 2021-04-15 00:00:00
		Different. The content of https://www.reuters.com/article/us-health-coronavirus-eu-sputnik-idUSKBN2B91PP has distance with https://www.usatoday.com/story/news/health/2021/04/15/covid-vaccine-variants-cdc-states/7228601002/ of: 0.2744. Discarding.
	Result [37]  Processing URL https://www.cnn.com/world/live-news/coronavirus-pandemic-vaccine-updates-01-08-21/index.html
		Date found in the API results: 2021-01-09T00:00:00
		The content of https://www.reuters.com/article/us-health-coronavirus-eu-sputnik-idUSKBN2B91PP has distance with https://www.cnn.com/world/live-news/coronavirus-pandemic-vaccine-updates-01-08-21/index.html of : 0.3079. Keeping.
		Adding to DB the URL https://www.cnn.com/world/live-news/coronavirus-pandemic-vaccine-updates-01-08-21/index.html
	Result [38]  Processing URL https://www.independent.co.uk/news/uk/politics/covid-vaccine-export-talks-eu-uk-b1825574.html
		Date found in the API results: 2021-04-05T00:00:00
		The content of https://www.reuters.com/article/us-health-coronavirus-eu-sputnik-idUSKBN2B91PP has distance with https://www.independent.co.uk/news/uk/politics/covid-vaccine-export-talks-eu-uk-b1825574.html of : 0.3151. Keeping.
		Adding to DB the URL https://www.independent.co.uk/news/uk/politics/covid-vaccine-export-talks-eu-uk-b1825574.html
	Result [39]  Processing URL https://apnews.com/article/seoul-south-korea-coronavirus-pandemic-africa-south-africa-bceee1a70b42731ae9e65aa288a2c320
		Date found in the API results: 2021-02-03T00:00:00
		The content of https://www.reuters.com/article/us-health-coronavirus-eu-sputnik-idUSKBN2B91PP has distance with https://apnews.com/article/seoul-south-korea-coronavirus-pandemic-africa-south-africa-bceee1a70b42731ae9e65aa288a2c320 of : 0.3333. Keeping.
		Adding to DB the URL https://apnews.com/article/seoul-south-korea-coronavirus-pandemic-africa-south-africa-bceee1a70b42731ae9e65aa288a2c320
	Result [40]  Processing URL https://www.deutschland.de/en/news/coronavirus-in-germany-informations
		Date found in the API results: 2021-07-12
		The content of https://www.reuters.com/article/us-health-coronavirus-eu-sputnik-idUSKBN2B91PP has distance with https://www.deutschland.de/en/news/coronavirus-in-germany-informations of : 0.3195. Keeping.
		Adding to DB the URL https://www.deutschland.de/en/news/coronavirus-in-germany-informations
	Result [41]  Processing URL https://www.bbc.com/news/world-55175232
		Date found in the API results: 2020-12-03T00:00:00
		Different. The content of https://www.reuters.com/article/us-health-coronavirus-eu-sputnik-idUSKBN2B91PP has distance with https://www.bbc.com/news/world-55175232 of: 0.2953. Discarding.
	Result [42]  Processing URL https://www.modernhealthcare.com/safety-quality/coronavirus-outbreak-live-updates-covid-19
		Date found in the API results: 2020-12-26T00:00:00
		The content of https://www.reuters.com/article/us-health-coronavirus-eu-sputnik-idUSKBN2B91PP has distance with https://www.modernhealthcare.com/safety-quality/coronavirus-outbreak-live-updates-covid-19 of : 0.3394. Keeping.
		Adding to DB the URL https://www.modernhealthcare.com/safety-quality/coronavirus-outbreak-live-updates-covid-19
	Result [43]  Processing URL https://eurasiantimes.com/cold-war-redux-why-moscow-is-winning-the-covid-vaccine-war/
		Date found in the API results: 2021-03-30T00:00:00
		The content of https://www.reuters.com/article/us-health-coronavirus-eu-sputnik-idUSKBN2B91PP has distance with https://eurasiantimes.com/cold-war-redux-why-moscow-is-winning-the-covid-vaccine-war/ of : 0.3056. Keeping.
		Adding to DB the URL https://eurasiantimes.com/cold-war-redux-why-moscow-is-winning-the-covid-vaccine-war/
	Result [44]  Processing URL https://www.cgtn.com/special/Latest-on-COVID-19-pandemic.html
		Date found in the API results: 2021-05-13T00:00:00
		The content of https://www.reuters.com/article/us-health-coronavirus-eu-sputnik-idUSKBN2B91PP has distance with https://www.cgtn.com/special/Latest-on-COVID-19-pandemic.html of : 0.3083. Keeping.
		Adding to DB the URL https://www.cgtn.com/special/Latest-on-COVID-19-pandemic.html
	Result [45]  Processing URL https://en.wikipedia.org/wiki/Russia%E2%80%93European_Union_relations
		The content of https://www.reuters.com/article/us-health-coronavirus-eu-sputnik-idUSKBN2B91PP has distance with https://en.wikipedia.org/wiki/Russia%E2%80%93European_Union_relations of : 0.3091. Keeping.
		Adding to DB the URL https://en.wikipedia.org/wiki/Russia%E2%80%93European_Union_relations
	Result [46]  Processing URL https://cosmos.ualr.edu/misinformation
		Different. The content of https://www.reuters.com/article/us-health-coronavirus-eu-sputnik-idUSKBN2B91PP has distance with https://cosmos.ualr.edu/misinformation of: 0.2576. Discarding.
	Result [47]  Processing URL https://www.devex.com/news/covid-19-in-2020-a-timeline-of-the-coronavirus-outbreak-99634
		Date found in the content of the page: None
		Different. The content of https://www.reuters.com/article/us-health-coronavirus-eu-sputnik-idUSKBN2B91PP has distance with https://www.devex.com/news/covid-19-in-2020-a-timeline-of-the-coronavirus-outbreak-99634 of: 0.06291834002677377. Discarding.
	Result [48]  Processing URL https://www.politico.eu/article/new-global-vaccine-fight-follows-old-diplomatic-playbook/
		Date found in the API results: 2021-03-25T00:00:00
		Date found in the content of the page: None
		Different. The content of https://www.reuters.com/article/us-health-coronavirus-eu-sputnik-idUSKBN2B91PP has distance with https://www.politico.eu/article/new-global-vaccine-fight-follows-old-diplomatic-playbook/ of: 0.025231618371772128. Discarding.
	Result [49]  Processing URL https://www.docwirenews.com/docwire-pick/hem-onc-picks/covid-19-update-delta-variant-is-going-to-be-hyper-regionalized-says-former-fda-commissioner-and-more/
		Date found in the API results: 2021-06-28T00:00:00
		Date found in the content of the page: None
		Different. The content of https://www.reuters.com/article/us-health-coronavirus-eu-sputnik-idUSKBN2B91PP has distance with https://www.docwirenews.com/docwire-pick/hem-onc-picks/covid-19-update-delta-variant-is-going-to-be-hyper-regionalized-says-former-fda-commissioner-and-more/ of: 0.02524903836670283. Discarding.
	Result [50]  Processing URL https://www.lowyinstitute.org/the-interpreter/debate/coronavirus-pandemic
		! Timeout waiting for the web server to answer.  We ignore and continue.
		The content of the pages were not string. Verify.
		Different. The content of https://www.reuters.com/article/us-health-coronavirus-eu-sputnik-idUSKBN2B91PP has distance with https://www.lowyinstitute.org/the-interpreter/debate/coronavirus-pandemic of: False. Discarding.
	Result [51]  Processing URL https://foreignpolicy.com/2021/03/17/once-again-europe-is-sabotaging-its-own-vaccine-rollout/
		Date found in the API results: 2021-03-17T00:00:00
		Date found in the URL: 2021-03-17 00:00:00
		The content of https://www.reuters.com/article/us-health-coronavirus-eu-sputnik-idUSKBN2B91PP has distance with https://foreignpolicy.com/2021/03/17/once-again-europe-is-sabotaging-its-own-vaccine-rollout/ of : 0.302. Keeping.
		Adding to DB the URL https://foreignpolicy.com/2021/03/17/once-again-europe-is-sabotaging-its-own-vaccine-rollout/
	Result [52]  Processing URL https://ec.europa.eu/info/live-work-travel-eu/coronavirus-response/fighting-disinformation_en
		The content of https://www.reuters.com/article/us-health-coronavirus-eu-sputnik-idUSKBN2B91PP has distance with https://ec.europa.eu/info/live-work-travel-eu/coronavirus-response/fighting-disinformation_en of : 0.338. Keeping.
		Adding to DB the URL https://ec.europa.eu/info/live-work-travel-eu/coronavirus-response/fighting-disinformation_en
	Result [53]  Processing URL https://www.thestar.com/news/canada/2021/07/02/coronavirus-covid-19-updates-toronto-ontario-canada-july-2.html
		Date found in the API results: 2021-07-02T00:00:00
		Date found in the URL: 2021-07-02 00:00:00
		The content of https://www.reuters.com/article/us-health-coronavirus-eu-sputnik-idUSKBN2B91PP has distance with https://www.thestar.com/news/canada/2021/07/02/coronavirus-covid-19-updates-toronto-ontario-canada-july-2.html of : 0.3562. Keeping.
		Adding to DB the URL https://www.thestar.com/news/canada/2021/07/02/coronavirus-covid-19-updates-toronto-ontario-canada-july-2.html
	Result [54]  Processing URL https://www.trtworld.com/life/pfizer-biontech-launch-vaccine-trial-in-kids-under-12-latest-updates-45296
		Date found in the API results: 2021-03-25T00:00:00
		The content of https://www.reuters.com/article/us-health-coronavirus-eu-sputnik-idUSKBN2B91PP has distance with https://www.trtworld.com/life/pfizer-biontech-launch-vaccine-trial-in-kids-under-12-latest-updates-45296 of : 0.3506. Keeping.
		Adding to DB the URL https://www.trtworld.com/life/pfizer-biontech-launch-vaccine-trial-in-kids-under-12-latest-updates-45296
	Result [55]  Processing URL https://www.straitstimes.com/world/europe/eu-has-absolutely-no-need-of-russias-sputnik-v-vaccine-commissioner-says
		Date found in the API results: 2021-03-22T00:00:00
		Date found in the content of the page: None
		Different. The content of https://www.reuters.com/article/us-health-coronavirus-eu-sputnik-idUSKBN2B91PP has distance with https://www.straitstimes.com/world/europe/eu-has-absolutely-no-need-of-russias-sputnik-v-vaccine-commissioner-says of: 0.050072498791686806. Discarding.
	Result [56]  Processing URL https://www.wivb.com/news/the-latest-sri-lanka-approves-russias-sputnik-v-vaccine/
		Date found in the API results: 2021-03-04T00:00:00
		Date found in the content of the page: None
		Different. The content of https://www.reuters.com/article/us-health-coronavirus-eu-sputnik-idUSKBN2B91PP has distance with https://www.wivb.com/news/the-latest-sri-lanka-approves-russias-sputnik-v-vaccine/ of: 0.206511175898931. Discarding.
	Result [57]  Processing URL https://www.deccanherald.com/international/covid-vaccine-coronavirus-vaccine-live-updates-today-pfizer-moderna-sputnik-v-astrazeneca-oxford-bharat-biotech-covaxin-covishield-919242.html
		Date found in the API results: 2021-01-05T00:00:00
		The content of https://www.reuters.com/article/us-health-coronavirus-eu-sputnik-idUSKBN2B91PP has distance with https://www.deccanherald.com/international/covid-vaccine-coronavirus-vaccine-live-updates-today-pfizer-moderna-sputnik-v-astrazeneca-oxford-bharat-biotech-covaxin-covishield-919242.html of : 0.3164. Keeping.
		Adding to DB the URL https://www.deccanherald.com/international/covid-vaccine-coronavirus-vaccine-live-updates-today-pfizer-moderna-sputnik-v-astrazeneca-oxford-bharat-biotech-covaxin-covishield-919242.html
	Result [58]  Processing URL https://abcnews.go.com/International/israel-leading-world-vaccinations-program-controversy/story?id=75253507
		Date found in the API results: 2021-01-16T00:00:00
		Different. The content of https://www.reuters.com/article/us-health-coronavirus-eu-sputnik-idUSKBN2B91PP has distance with https://abcnews.go.com/International/israel-leading-world-vaccinations-program-controversy/story?id=75253507 of: 0.2805. Discarding.
	Result [59]  Processing URL https://www.france24.com/en/health/20210322-putin-hits-back-after-eu-official-says-europe-has-no-need-for-sputnik-v-vaccine
		Date found in the API results: 2021-03-22T00:00:00
		Date found in the URL: 2021-03-22 00:00:00
		Different. The content of https://www.reuters.com/article/us-health-coronavirus-eu-sputnik-idUSKBN2B91PP has distance with https://www.france24.com/en/health/20210322-putin-hits-back-after-eu-official-says-europe-has-no-need-for-sputnik-v-vaccine of: 0.055603489598312725. Discarding.
	Result [60]  Processing URL https://www.theguardian.com/world/live/2021/jan/25/coronavirus-live-news-biden-to-reinstate-covid-travel-ban-as-world-nears-100m-cases
		Date found in the API results: 2021-01-25T00:00:00
		Date found in the URL: 2021-01-02 00:00:00
		The content of https://www.reuters.com/article/us-health-coronavirus-eu-sputnik-idUSKBN2B91PP has distance with https://www.theguardian.com/world/live/2021/jan/25/coronavirus-live-news-biden-to-reinstate-covid-travel-ban-as-world-nears-100m-cases of : 0.3478. Keeping.
		Adding to DB the URL https://www.theguardian.com/world/live/2021/jan/25/coronavirus-live-news-biden-to-reinstate-covid-travel-ban-as-world-nears-100m-cases
	Result [61]  Processing URL https://www.euronews.com/2020/11/19/covid-vaccine-when-will-it-arrive-will-it-work-how-soon-will-it-end-the-pandemic
		Date found in the API results: 2020-11-19T00:00:00
		Date found in the URL: 2020-11-19 00:00:00
		Different. The content of https://www.reuters.com/article/us-health-coronavirus-eu-sputnik-idUSKBN2B91PP has distance with https://www.euronews.com/2020/11/19/covid-vaccine-when-will-it-arrive-will-it-work-how-soon-will-it-end-the-pandemic of: 0.2556. Discarding.
	Result [62]  Processing URL https://www.cnbc.com/2020/10/12/coronavirus-live-updates.html
		Date found in the API results: 2020-10-13T00:00:00
		Date found in the URL: 2020-10-12 00:00:00
		Different. The content of https://www.reuters.com/article/us-health-coronavirus-eu-sputnik-idUSKBN2B91PP has distance with https://www.cnbc.com/2020/10/12/coronavirus-live-updates.html of: 0.2892. Discarding.
	Result [63]  Processing URL https://www.thechronicleherald.ca/news/thai-blood-donations-plummet-over-coronavirus-infection-fears-540306/
		Date found in the API results: 2021-01-13T00:00:00
		Different. The content of https://www.reuters.com/article/us-health-coronavirus-eu-sputnik-idUSKBN2B91PP has distance with https://www.thechronicleherald.ca/news/thai-blood-donations-plummet-over-coronavirus-infection-fears-540306/ of: 0.2849. Discarding.
	Result [64]  Processing URL https://www.medscape.com/viewarticle/935742
		Date found in the API results: 2020-08-14T00:00:00
		The content of https://www.reuters.com/article/us-health-coronavirus-eu-sputnik-idUSKBN2B91PP has distance with https://www.medscape.com/viewarticle/935742 of : 0.3021. Keeping.
		Adding to DB the URL https://www.medscape.com/viewarticle/935742
	Result [65]  Processing URL https://vestnikkavkaza.net/analysis/Consequences-of-diplomatic-games-between-Washington-Moscow-and-Beijing.html
		Date found in the API results: 2021-07-08T00:23:38.491364
		The content of https://www.reuters.com/article/us-health-coronavirus-eu-sputnik-idUSKBN2B91PP has distance with https://vestnikkavkaza.net/analysis/Consequences-of-diplomatic-games-between-Washington-Moscow-and-Beijing.html of : 0.3078. Keeping.
		Adding to DB the URL https://vestnikkavkaza.net/analysis/Consequences-of-diplomatic-games-between-Washington-Moscow-and-Beijing.html
	Result [66]  Processing URL https://www.cidrap.umn.edu/news-perspective/2020/12/white-house-pressures-fda-covid-vaccine-global-total-tops-70-million
		Date found in the API results: 2020-12-11T00:00:00
		Different. The content of https://www.reuters.com/article/us-health-coronavirus-eu-sputnik-idUSKBN2B91PP has distance with https://www.cidrap.umn.edu/news-perspective/2020/12/white-house-pressures-fda-covid-vaccine-global-total-tops-70-million of: 0.292. Discarding.
	Result [67]  Processing URL https://asia.nikkei.com/Spotlight/Coronavirus/Coronavirus-Free-to-read/Coronavirus-Week-of-Dec.-6-to-Dec.12-Global-COVID-19-cases-surpass-70m
		Date found in the API results: 2020-12-12T00:00:00
		The content of https://www.reuters.com/article/us-health-coronavirus-eu-sputnik-idUSKBN2B91PP has distance with https://asia.nikkei.com/Spotlight/Coronavirus/Coronavirus-Free-to-read/Coronavirus-Week-of-Dec.-6-to-Dec.12-Global-COVID-19-cases-surpass-70m of : 0.3048. Keeping.
		Adding to DB the URL https://asia.nikkei.com/Spotlight/Coronavirus/Coronavirus-Free-to-read/Coronavirus-Week-of-Dec.-6-to-Dec.12-Global-COVID-19-cases-surpass-70m
	Result [68]  Processing URL https://emerging-europe.com/news/eu-foreign-ministers-join-call-for-eastern-partnership-countries-to-get-covid-19-jabs/
		Date found in the API results: 2021-01-07T00:00:00
		The content of https://www.reuters.com/article/us-health-coronavirus-eu-sputnik-idUSKBN2B91PP has distance with https://emerging-europe.com/news/eu-foreign-ministers-join-call-for-eastern-partnership-countries-to-get-covid-19-jabs/ of : 0.3209. Keeping.
		Adding to DB the URL https://emerging-europe.com/news/eu-foreign-ministers-join-call-for-eastern-partnership-countries-to-get-covid-19-jabs/
	Result [69]  Processing URL https://www.bloomberg.com/news/articles/2021-03-21/europe-s-mr-vaccine-says-russia-s-sputnik-v-vaccine-isn-t-needed
		Date found in the API results: 2021-03-21T00:00:00
		Date found in the URL: 2021-03-21 00:00:00
		Different. The content of https://www.reuters.com/article/us-health-coronavirus-eu-sputnik-idUSKBN2B91PP has distance with https://www.bloomberg.com/news/articles/2021-03-21/europe-s-mr-vaccine-says-russia-s-sputnik-v-vaccine-isn-t-needed of: 0.2241. Discarding.
	Result [70]  Processing URL https://www.illinoislawreview.org/online/reconsidering-discretion-in-expedited-vaccine-approval-in-light-of-the-novel-coronavirus/
		Date found in the API results: 2020-10-11T00:00:00
		Different. The content of https://www.reuters.com/article/us-health-coronavirus-eu-sputnik-idUSKBN2B91PP has distance with https://www.illinoislawreview.org/online/reconsidering-discretion-in-expedited-vaccine-approval-in-light-of-the-novel-coronavirus/ of: 0.2969. Discarding.
	Result [71]  Processing URL https://www.nasdaq.com/articles/eu-has-absolutely-no-need-of-sputnik-v-vaccine-commissioner-says-2021-03-21
		Date found in the API results: 2021-03-21T00:00:00
		! Timeout waiting for the web server to answer.  We ignore and continue.
		The content of the pages were not string. Verify.
		Different. The content of https://www.reuters.com/article/us-health-coronavirus-eu-sputnik-idUSKBN2B91PP has distance with https://www.nasdaq.com/articles/eu-has-absolutely-no-need-of-sputnik-v-vaccine-commissioner-says-2021-03-21 of: False. Discarding.

== Level 0. Twitter search by title as EU 'should probably help Russia' with Sputnik V vaccine, Commissioner says | Reuters
https://api.twitter.com/2/tweets/search/all?query=%22EU+%27should+probably+help+Russia%27+with+Sputnik+V+vaccine%2C+Commissioner+says+%7C+Reuters%22&max_results=100&tweet.fields=author_id%2Cpublic_metrics%2Ccreated_at&start_time=2020-07-13T00%3A24%3A00.073155Z
	Downloaded 1 twitter content
	Result [1]  Processing twitter ID 1372470621095989248: EU 'should probably help Russia' with Sputnik V vaccine, Commissioner says | Reuters

Европа нам поможет с производством Спутника V  https://t.co/hp9x5iINcY

== Level 0. VK search by title as EU 'should probably help Russia' with Sputnik V vaccine, Commissioner says | Reuters
In total was found 0
