Searching the distribution graph of URL https://www.fondsk.ru/news/2020/03/25/borba-s-koronavirusom-i-bolshoj-brat-50441.html. Using 1 levels.

		Date found in the URL: 2020-03-25 00:00:00
Main title: Борьба с коронавирусом и Большой Брат — Фонд стратегической культуры
In level 0 were found 1 urls including original

== Level 0. Google search by LINKS to https://www.fondsk.ru/news/2020/03/25/borba-s-koronavirusom-i-bolshoj-brat-50441.html
	Total amount of results retrieved: 16
	Result [1]  Processing URL https://www.fondsk.ru/news/2020/03/25/borba-s-koronavirusom-i-bolshoj-brat-50441.html
		Date found in the API results: 2020-03-25T00:00:00
		Repeated url: https://www.fondsk.ru/news/2020/03/25/borba-s-koronavirusom-i-bolshoj-brat-50441.html.  Discarding.  
	Result [2]  Processing URL https://www.fondsk.ru/sitemap.xml
		Blacklisted url: https://www.fondsk.ru/sitemap.xml.  Discarding.  
	Result [3]  Processing URL https://khodrokarr.files.wordpress.com/2020/03/russian-articles-about-corona-virus.docx
		Date found in the API results: 2020-03-29T00:00:00
		Date found in the content of the page: None
		Not in content. The URL https://www.fondsk.ru/news/2020/03/25/borba-s-koronavirusom-i-bolshoj-brat-50441.html is not in the content of site https://khodrokarr.files.wordpress.com/2020/03/russian-articles-about-corona-virus.docx  Discarding.
	Result [4]  Processing URL https://audiomack-lli7vr-online.blogspot.com/?download,rz5jz3FCN5A
		Date found in the content of the page: None
		Not in content. The URL https://www.fondsk.ru/news/2020/03/25/borba-s-koronavirusom-i-bolshoj-brat-50441.html is not in the content of site https://audiomack-lli7vr-online.blogspot.com/?download,rz5jz3FCN5A  Discarding.
	Result [5]  Processing URL https://radioazadegan.com/wordpress/%D9%85%D8%A8%D8%A7%D8%B1%D8%B2%D9%87-%D8%A8%D8%A7-%DA%A9%D8%B1%D9%88%D9%86%D8%A7%D9%88%DB%8C%D8%B1%D9%88%D8%B3-%D9%88-%D8%A8%D8%B1%D8%A7%D8%AF%D8%B1-%D8%A8%D8%B2%D8%B1%DA%AF-%D8%8C%D9%88%D8%A7/
		Date found in the API results: 2020-04-02T00:00:00
		The URL https://www.fondsk.ru/news/2020/03/25/borba-s-koronavirusom-i-bolshoj-brat-50441.html IS in the content of site https://radioazadegan.com/wordpress/%D9%85%D8%A8%D8%A7%D8%B1%D8%B2%D9%87-%D8%A8%D8%A7-%DA%A9%D8%B1%D9%88%D9%86%D8%A7%D9%88%DB%8C%D8%B1%D9%88%D8%B3-%D9%88-%D8%A8%D8%B1%D8%A7%D8%AF%D8%B1-%D8%A8%D8%B2%D8%B1%DA%AF-%D8%8C%D9%88%D8%A7/  Keeping.
		Adding to DB the URL https://radioazadegan.com/wordpress/%D9%85%D8%A8%D8%A7%D8%B1%D8%B2%D9%87-%D8%A8%D8%A7-%DA%A9%D8%B1%D9%88%D9%86%D8%A7%D9%88%DB%8C%D8%B1%D9%88%D8%B3-%D9%88-%D8%A8%D8%B1%D8%A7%D8%AF%D8%B1-%D8%A8%D8%B2%D8%B1%DA%AF-%D8%8C%D9%88%D8%A7/
	Result [6]  Processing URL http://afgazad.com/2020-Political/033020-T-AMS-Mobaaraza-Baa-Coronavirus.pdf
		Date found in the API results: 2020-03-30T00:00:00
		Blacklisted url: http://afgazad.com/2020-Political/033020-T-AMS-Mobaaraza-Baa-Coronavirus.pdf.  Discarding.  
	Result [7]  Processing URL https://telegram.me/s/RadioAzadegan?before=4269
		Date found in the API results: 2020-04-01T00:00:00
		The URL https://www.fondsk.ru/news/2020/03/25/borba-s-koronavirusom-i-bolshoj-brat-50441.html IS in the content of site https://telegram.me/s/RadioAzadegan?before=4269  Keeping.
		Adding to DB the URL https://telegram.me/s/RadioAzadegan?before=4269
	Result [8]  Processing URL https://shizliblog.wordpress.com/tag/%D8%AF%DB%8C%D8%AF%DA%AF%D8%A7%D9%87%D9%87%D8%A7/page/10/
		Date found in the API results: 2020-04-03T00:00:00
		Not in content. The URL https://www.fondsk.ru/news/2020/03/25/borba-s-koronavirusom-i-bolshoj-brat-50441.html is not in the content of site https://shizliblog.wordpress.com/tag/%D8%AF%DB%8C%D8%AF%DA%AF%D8%A7%D9%87%D9%87%D8%A7/page/10/  Discarding.
	Result [9]  Processing URL https://www.geopolitica.ru/article/covid-19-i-mishel-fuko-nekotorye-mysli-vsluh
		Date found in the API results: 2020-04-05T00:00:00
		The URL https://www.fondsk.ru/news/2020/03/25/borba-s-koronavirusom-i-bolshoj-brat-50441.html IS in the content of site https://www.geopolitica.ru/article/covid-19-i-mishel-fuko-nekotorye-mysli-vsluh  Keeping.
		Adding to DB the URL https://www.geopolitica.ru/article/covid-19-i-mishel-fuko-nekotorye-mysli-vsluh
	Result [10]  Processing URL https://trueinform.ru/modules.php?name=Laid&file=print&sid=57935
		Date found in the API results: 2020-05-23T00:00:00
		! Error in getting content due to a Connection Error. Port closed, web down?
		Not in content. The URL https://www.fondsk.ru/news/2020/03/25/borba-s-koronavirusom-i-bolshoj-brat-50441.html is not in the content of site https://trueinform.ru/modules.php?name=Laid&file=print&sid=57935  Discarding.
	Result [11]  Processing URL https://arhivach.net/thread/550996/
		Date found in the API results: 2020-03-14T00:00:00
		The URL https://www.fondsk.ru/news/2020/03/25/borba-s-koronavirusom-i-bolshoj-brat-50441.html IS in the content of site https://arhivach.net/thread/550996/  Keeping.
		Adding to DB the URL https://arhivach.net/thread/550996/
	Result [12]  Processing URL https://odysee.com/@SKAZANO:6/%D0%B6%D0%B4%D1%83%D1%82-%D0%BA%D0%BE%D0%BC%D0%B0%D0%BD%D0%B4%D1%8B-%D0%B2%D0%B0%D0%BB%D0%B5%D0%BD%D1%82%D0%B8%D0%BD:d
		Not in content. The URL https://www.fondsk.ru/news/2020/03/25/borba-s-koronavirusom-i-bolshoj-brat-50441.html is not in the content of site https://odysee.com/@SKAZANO:6/%D0%B6%D0%B4%D1%83%D1%82-%D0%BA%D0%BE%D0%BC%D0%B0%D0%BD%D0%B4%D1%8B-%D0%B2%D0%B0%D0%BB%D0%B5%D0%BD%D1%82%D0%B8%D0%BD:d  Discarding.
	Result [13]  Processing URL https://rafael-aekkf9-gregovo.blogspot.com/?download,rz5jz3FCN5A
		Date found in the content of the page: None
		Not in content. The URL https://www.fondsk.ru/news/2020/03/25/borba-s-koronavirusom-i-bolshoj-brat-50441.html is not in the content of site https://rafael-aekkf9-gregovo.blogspot.com/?download,rz5jz3FCN5A  Discarding.
	Result [14]  Processing URL https://rini-sukuix-yamashita.blogspot.com/?download,rz5jz3FCN5A
		! Timeout waiting for the web server to answer.  We ignore and continue.
		Not in content. The URL https://www.fondsk.ru/news/2020/03/25/borba-s-koronavirusom-i-bolshoj-brat-50441.html is not in the content of site https://rini-sukuix-yamashita.blogspot.com/?download,rz5jz3FCN5A  Discarding.
	Result [15]  Processing URL https://barbara-0owhvs-goughuha.blogspot.com/?download,rz5jz3FCN5A
		Date found in the content of the page: None
		Not in content. The URL https://www.fondsk.ru/news/2020/03/25/borba-s-koronavirusom-i-bolshoj-brat-50441.html is not in the content of site https://barbara-0owhvs-goughuha.blogspot.com/?download,rz5jz3FCN5A  Discarding.
	Result [16]  Processing URL https://long-sk141w-callie.blogspot.com/?download,rz5jz3FCN5A
		Date found in the content of the page: None
		Not in content. The URL https://www.fondsk.ru/news/2020/03/25/borba-s-koronavirusom-i-bolshoj-brat-50441.html is not in the content of site https://long-sk141w-callie.blogspot.com/?download,rz5jz3FCN5A  Discarding.
		Date found in the API results: 2020-03-25T00:00:00

== Level 0. Twitter search by LINKS as https://www.fondsk.ru/news/2020/03/25/borba-s-koronavirusom-i-bolshoj-brat-50441.html
https://api.twitter.com/2/tweets/search/all?query=url+%3A+https%253A%252F%252Fwww.fondsk.ru%252Fnews%252F2020%252F03%252F25%252Fborba-s-koronavirusom-i-bolshoj-brat-50441.html&max_results=100&tweet.fields=author_id%2Cpublic_metrics%2Ccreated_at&start_time=2020-07-12T18%3A10%3A35.485543Z
	Downloaded 0 twitter content

== Level 0. VK search by LINKS as https://www.fondsk.ru/news/2020/03/25/borba-s-koronavirusom-i-bolshoj-brat-50441.html
	Result [0]  Processing URL https://vk.com/id-81596363?w=wall-81596363_164866. Date: 2020-12-12 21:00:02
	Result [1]  Processing URL https://vk.com/id-59835626?w=wall-59835626_32275. Date: 2020-12-09 03:02:00
	Result [2]  Processing URL https://vk.com/id-190899285?w=wall-190899285_79. Date: 2020-04-04 00:51:08
	Result [3]  Processing URL https://vk.com/id12619863?w=wall12619863_1568. Date: 2020-03-26 20:30:37
	Result [4]  Processing URL https://vk.com/id6012816?w=wall6012816_11922. Date: 2020-03-25 11:55:33
	Result [5]  Processing URL https://vk.com/id239334488?w=wall239334488_3872. Date: 2020-03-25 06:10:50
	Result [6]  Processing URL https://vk.com/id35547699?w=wall35547699_13375. Date: 2020-03-25 05:30:03
In total was found 7

== Level 0. Google search by TITLE as Борьба с коронавирусом и Большой Брат — Фонд стратегической культуры
	Total amount of results retrieved: 85
	Result [1]  Processing URL https://www.fondsk.ru/news/2020/03/25/borba-s-koronavirusom-i-bolshoj-brat-50441.html
		Date found in the API results: 2020-03-25T00:00:00
		Repeated url: https://www.fondsk.ru/news/2020/03/25/borba-s-koronavirusom-i-bolshoj-brat-50441.html.  Discarding.  
	Result [2]  Processing URL https://www.fondsk.ru/rubrics/politics.html?page=32
		The content of https://www.fondsk.ru/news/2020/03/25/borba-s-koronavirusom-i-bolshoj-brat-50441.html has distance with https://www.fondsk.ru/rubrics/politics.html?page=32 of : 0.8984. Keeping.
		Adding to DB the URL https://www.fondsk.ru/rubrics/politics.html?page=32
	Result [3]  Processing URL http://elitetrader.ru/index.php?cstart=10&do=tags&tag=%D0%9A%D0%B0%D1%82%D0%B0%D1%81%D0%BE%D0%BD%D0%BE%D0%B2%20%D0%92%D0%B0%D0%BB%D0%B5%D0%BD%D1%82%D0%B8%D0%BD
		The content of https://www.fondsk.ru/news/2020/03/25/borba-s-koronavirusom-i-bolshoj-brat-50441.html has distance with http://elitetrader.ru/index.php?cstart=10&do=tags&tag=%D0%9A%D0%B0%D1%82%D0%B0%D1%81%D0%BE%D0%BD%D0%BE%D0%B2%20%D0%92%D0%B0%D0%BB%D0%B5%D0%BD%D1%82%D0%B8%D0%BD of : 0.3323. Keeping.
		Adding to DB the URL http://elitetrader.ru/index.php?cstart=10&do=tags&tag=%D0%9A%D0%B0%D1%82%D0%B0%D1%81%D0%BE%D0%BD%D0%BE%D0%B2%20%D0%92%D0%B0%D0%BB%D0%B5%D0%BD%D1%82%D0%B8%D0%BD
	Result [4]  Processing URL https://ms-my.facebook.com/groups/Faizomar/permalink/2803239973129216/
		Different. The content of https://www.fondsk.ru/news/2020/03/25/borba-s-koronavirusom-i-bolshoj-brat-50441.html has distance with https://ms-my.facebook.com/groups/Faizomar/permalink/2803239973129216/ of: 0.2836. Discarding.
	Result [5]  Processing URL https://www.youtube.com/watch?v=j4B3wC4wIA8
		Different. The content of https://www.fondsk.ru/news/2020/03/25/borba-s-koronavirusom-i-bolshoj-brat-50441.html has distance with https://www.youtube.com/watch?v=j4B3wC4wIA8 of: 0.2928. Discarding.
	Result [6]  Processing URL https://www.9tv.co.il/item/26761
		Date found in the API results: 2021-04-15T00:00:00
		The content of https://www.fondsk.ru/news/2020/03/25/borba-s-koronavirusom-i-bolshoj-brat-50441.html has distance with https://www.9tv.co.il/item/26761 of : 0.3038. Keeping.
		Adding to DB the URL https://www.9tv.co.il/item/26761
	Result [7]  Processing URL https://defeatcovid.ru/
		The content of https://www.fondsk.ru/news/2020/03/25/borba-s-koronavirusom-i-bolshoj-brat-50441.html has distance with https://defeatcovid.ru/ of : 0.3131. Keeping.
		Adding to DB the URL https://defeatcovid.ru/
	Result [8]  Processing URL https://forbes.kz/process/technologies/bolshoy_brat_po-kazahski_1582187734/
		Date found in the API results: 2020-02-20T00:00:00
		Different. The content of https://www.fondsk.ru/news/2020/03/25/borba-s-koronavirusom-i-bolshoj-brat-50441.html has distance with https://forbes.kz/process/technologies/bolshoy_brat_po-kazahski_1582187734/ of: 0.2919. Discarding.
	Result [9]  Processing URL https://www.nato.int/nato_static_fl2014/assets/pdf/2020/9/pdf/200612-DEEP-CTRC-rus.pdf
		Date found in the API results: 2020-09-19T00:00:00
		Blacklisted url: https://www.nato.int/nato_static_fl2014/assets/pdf/2020/9/pdf/200612-DEEP-CTRC-rus.pdf.  Discarding.  
	Result [10]  Processing URL https://carnegie.ru/commentary/84936
		Date found in the API results: 2021-07-12
		Different. The content of https://www.fondsk.ru/news/2020/03/25/borba-s-koronavirusom-i-bolshoj-brat-50441.html has distance with https://carnegie.ru/commentary/84936 of: 0.2788. Discarding.
	Result [11]  Processing URL https://www.itu.int/women-and-girls/girls-in-ict/ru/%D0%BC%D0%B5%D0%B6%D0%B4%D1%83%D0%BD%D0%B0%D1%80%D0%BE%D0%B4%D0%BD%D1%8B%D0%B9-%D0%B4%D0%B5%D0%BD%D1%8C-%D0%B4%D0%B5%D0%B2%D1%83%D1%88%D0%BA%D0%B8-%D0%B2-%D0%B8%D0%BA%D1%82-2021-%D0%B3%D0%BE%D0%B4/
		! Timeout waiting for the web server to answer.  We ignore and continue.
		The content of the pages were not string. Verify.
		Different. The content of https://www.fondsk.ru/news/2020/03/25/borba-s-koronavirusom-i-bolshoj-brat-50441.html has distance with https://www.itu.int/women-and-girls/girls-in-ict/ru/%D0%BC%D0%B5%D0%B6%D0%B4%D1%83%D0%BD%D0%B0%D1%80%D0%BE%D0%B4%D0%BD%D1%8B%D0%B9-%D0%B4%D0%B5%D0%BD%D1%8C-%D0%B4%D0%B5%D0%B2%D1%83%D1%88%D0%BA%D0%B8-%D0%B2-%D0%B8%D0%BA%D1%82-2021-%D0%B3%D0%BE%D0%B4/ of: False. Discarding.
	Result [12]  Processing URL https://apps.who.int/iris/bitstream/handle/10665/339655/70rp00r-Rep-200777.pdf?sequence=1&isAllowed=y
		Blacklisted url: https://apps.who.int/iris/bitstream/handle/10665/339655/70rp00r-Rep-200777.pdf?sequence=1&isAllowed=y.  Discarding.  
	Result [13]  Processing URL http://kremlin.ru/events/president/news/64671
		Date found in the API results: 2020-12-17T00:00:00
		The content of https://www.fondsk.ru/news/2020/03/25/borba-s-koronavirusom-i-bolshoj-brat-50441.html has distance with http://kremlin.ru/events/president/news/64671 of : 0.3519. Keeping.
		Adding to DB the URL http://kremlin.ru/events/president/news/64671
	Result [14]  Processing URL https://www.primakovreadings.com/files/File/ru/PrimakovReadings/2020/Stenogramma.pdf
		Blacklisted url: https://www.primakovreadings.com/files/File/ru/PrimakovReadings/2020/Stenogramma.pdf.  Discarding.  
	Result [15]  Processing URL https://rus.azattyk.org/a/31158992.html
		Date found in the API results: 2021-03-19T00:00:00
		Different. The content of https://www.fondsk.ru/news/2020/03/25/borba-s-koronavirusom-i-bolshoj-brat-50441.html has distance with https://rus.azattyk.org/a/31158992.html of: 0.2881. Discarding.
	Result [16]  Processing URL https://ru.wikipedia.org/wiki/%D0%90%D0%BC%D0%B5%D1%80%D0%B8%D0%BA%D0%B0%D0%BD%D0%BE-%D1%83%D0%BA%D1%80%D0%B0%D0%B8%D0%BD%D1%81%D0%BA%D0%B8%D0%B5_%D0%BE%D1%82%D0%BD%D0%BE%D1%88%D0%B5%D0%BD%D0%B8%D1%8F
		Different. The content of https://www.fondsk.ru/news/2020/03/25/borba-s-koronavirusom-i-bolshoj-brat-50441.html has distance with https://ru.wikipedia.org/wiki/%D0%90%D0%BC%D0%B5%D1%80%D0%B8%D0%BA%D0%B0%D0%BD%D0%BE-%D1%83%D0%BA%D1%80%D0%B0%D0%B8%D0%BD%D1%81%D0%BA%D0%B8%D0%B5_%D0%BE%D1%82%D0%BD%D0%BE%D1%88%D0%B5%D0%BD%D0%B8%D1%8F of: 0.2844. Discarding.
	Result [17]  Processing URL https://pravitelstvorb.ru/ru/?SHOWALL_1=1
		Date found in the API results: 2021-07-10T18:11:43.806649
		! Error getting the content of the web.
		! unsupported operand type(s) for +: 'int' and 'str'
		<class 'TypeError'>
		The content of the pages were not string. Verify.
		Different. The content of https://www.fondsk.ru/news/2020/03/25/borba-s-koronavirusom-i-bolshoj-brat-50441.html has distance with https://pravitelstvorb.ru/ru/?SHOWALL_1=1 of: False. Discarding.
	Result [18]  Processing URL https://www.sobaka.ru/city/society/104549
		Different. The content of https://www.fondsk.ru/news/2020/03/25/borba-s-koronavirusom-i-bolshoj-brat-50441.html has distance with https://www.sobaka.ru/city/society/104549 of: 0.2795. Discarding.
	Result [19]  Processing URL http://www.fao.org/3/cb3859ru/cb3859ru.pdf
		Blacklisted url: http://www.fao.org/3/cb3859ru/cb3859ru.pdf.  Discarding.  
	Result [20]  Processing URL http://adminkaduy.ru/?page_id=30
		Different. The content of https://www.fondsk.ru/news/2020/03/25/borba-s-koronavirusom-i-bolshoj-brat-50441.html has distance with http://adminkaduy.ru/?page_id=30 of: 0.2884. Discarding.
	Result [21]  Processing URL https://reosh.ru/valentin-katasonov-otkrytyj-zagovor-zhaka-attali-pretvoryaetsya-v-zhizn.html
		Date found in the API results: 2021-01-26T00:00:00
		Different. The content of https://www.fondsk.ru/news/2020/03/25/borba-s-koronavirusom-i-bolshoj-brat-50441.html has distance with https://reosh.ru/valentin-katasonov-otkrytyj-zagovor-zhaka-attali-pretvoryaetsya-v-zhizn.html of: 0.2809. Discarding.
	Result [22]  Processing URL https://interaffairs.ru/news/show/28414
		Date found in the API results: 2020-12-12T00:00:00
		The content of https://www.fondsk.ru/news/2020/03/25/borba-s-koronavirusom-i-bolshoj-brat-50441.html has distance with https://interaffairs.ru/news/show/28414 of : 0.3318. Keeping.
		Adding to DB the URL https://interaffairs.ru/news/show/28414
	Result [23]  Processing URL http://www.fao.org/3/cb3859ru/cb3859ru.pdf
		Blacklisted url: http://www.fao.org/3/cb3859ru/cb3859ru.pdf.  Discarding.  
	Result [24]  Processing URL https://regnum.ru/news/economy/2909938.html
		Date found in the API results: 2020-04-09T00:00:00
		The content of https://www.fondsk.ru/news/2020/03/25/borba-s-koronavirusom-i-bolshoj-brat-50441.html has distance with https://regnum.ru/news/economy/2909938.html of : 0.3277. Keeping.
		Adding to DB the URL https://regnum.ru/news/economy/2909938.html
	Result [25]  Processing URL https://www.kommersant.ru/doc/4307948
		Date found in the API results: 2020-03-29T00:00:00
		The content of https://www.fondsk.ru/news/2020/03/25/borba-s-koronavirusom-i-bolshoj-brat-50441.html has distance with https://www.kommersant.ru/doc/4307948 of : 0.3257. Keeping.
		Adding to DB the URL https://www.kommersant.ru/doc/4307948
	Result [26]  Processing URL https://rossaprimavera.ru/news/2e73d9ac
		Date found in the API results: 2021-07-02T00:00:00
		Different. The content of https://www.fondsk.ru/news/2020/03/25/borba-s-koronavirusom-i-bolshoj-brat-50441.html has distance with https://rossaprimavera.ru/news/2e73d9ac of: 0.2646. Discarding.
	Result [27]  Processing URL https://www.imf.org/external/russian/pubs/ft/fandd/2020/12/pdf/fd1220r.pdf
		Date found in the API results: 2020-12-03T00:00:00
		Blacklisted url: https://www.imf.org/external/russian/pubs/ft/fandd/2020/12/pdf/fd1220r.pdf.  Discarding.  
	Result [28]  Processing URL http://www.eurasiancommission.org/ru/covid-19/Documents/%D0%9C%D0%9E%D0%9D%D0%98%D0%A2%D0%9E%D0%A0%D0%98%D0%9D%D0%93%20%D0%BD%D0%B0%203%2011.pdf
		Date found in the API results: 2020-11-03T00:00:00
		Blacklisted url: http://www.eurasiancommission.org/ru/covid-19/Documents/%D0%9C%D0%9E%D0%9D%D0%98%D0%A2%D0%9E%D0%A0%D0%98%D0%9D%D0%93%20%D0%BD%D0%B0%203%2011.pdf.  Discarding.  
	Result [29]  Processing URL https://republic.ru/posts/98387
		Date found in the API results: 2020-11-03T00:00:00
		Different. The content of https://www.fondsk.ru/news/2020/03/25/borba-s-koronavirusom-i-bolshoj-brat-50441.html has distance with https://republic.ru/posts/98387 of: 0.259. Discarding.
	Result [30]  Processing URL http://gkb15.moscow/lenta/
		The content of https://www.fondsk.ru/news/2020/03/25/borba-s-koronavirusom-i-bolshoj-brat-50441.html has distance with http://gkb15.moscow/lenta/ of : 0.3362. Keeping.
		Adding to DB the URL http://gkb15.moscow/lenta/
	Result [31]  Processing URL https://kz.usembassy.gov/ru/author/kzmission/
		Different. The content of https://www.fondsk.ru/news/2020/03/25/borba-s-koronavirusom-i-bolshoj-brat-50441.html has distance with https://kz.usembassy.gov/ru/author/kzmission/ of: 0.2853. Discarding.
	Result [32]  Processing URL http://www.consultant.ru/law/review/fed/fw2021-07-03.html/
		Date found in the API results: 2021-07-03T00:00:00
		Date found in the URL: 2021-07-03 00:00:00
		The content of https://www.fondsk.ru/news/2020/03/25/borba-s-koronavirusom-i-bolshoj-brat-50441.html has distance with http://www.consultant.ru/law/review/fed/fw2021-07-03.html/ of : 0.3499. Keeping.
		Adding to DB the URL http://www.consultant.ru/law/review/fed/fw2021-07-03.html/
	Result [33]  Processing URL https://rossaprimavera.ru/news/2e73d9ac
		Date found in the API results: 2021-07-02T00:00:00
		Different. The content of https://www.fondsk.ru/news/2020/03/25/borba-s-koronavirusom-i-bolshoj-brat-50441.html has distance with https://rossaprimavera.ru/news/2e73d9ac of: 0.2646. Discarding.
	Result [34]  Processing URL https://kirovreg.ru/news/index.php?SHOWALL_1=1&day=0&month=00
		Different. The content of https://www.fondsk.ru/news/2020/03/25/borba-s-koronavirusom-i-bolshoj-brat-50441.html has distance with https://kirovreg.ru/news/index.php?SHOWALL_1=1&day=0&month=00 of: 0.2859. Discarding.
	Result [35]  Processing URL https://www.hse.ru/org/persons/372992
		The content of https://www.fondsk.ru/news/2020/03/25/borba-s-koronavirusom-i-bolshoj-brat-50441.html has distance with https://www.hse.ru/org/persons/372992 of : 0.3246. Keeping.
		Adding to DB the URL https://www.hse.ru/org/persons/372992
	Result [36]  Processing URL https://www.fedsfm.ru/content/files/%D0%B6%D1%83%D1%80%D0%BD%D0%B0%D0%BB/2021/%D0%B6%D1%83%D1%80%D0%BD%D0%B0%D0%BB%20%D0%BC%D0%B0%D0%B9%202021.pdf
		Date found in the API results: 2021-03-19T00:00:00
		Blacklisted url: https://www.fedsfm.ru/content/files/%D0%B6%D1%83%D1%80%D0%BD%D0%B0%D0%BB/2021/%D0%B6%D1%83%D1%80%D0%BD%D0%B0%D0%BB%20%D0%BC%D0%B0%D0%B9%202021.pdf.  Discarding.  
	Result [37]  Processing URL http://www.rni.am/rus/articles/?SHOWALL_1=1
		The content of https://www.fondsk.ru/news/2020/03/25/borba-s-koronavirusom-i-bolshoj-brat-50441.html has distance with http://www.rni.am/rus/articles/?SHOWALL_1=1 of : 0.3511. Keeping.
		Adding to DB the URL http://www.rni.am/rus/articles/?SHOWALL_1=1
	Result [38]  Processing URL https://www.econ.msu.ru/sys/raw.php?o=67616&p=attachment
		Different. The content of https://www.fondsk.ru/news/2020/03/25/borba-s-koronavirusom-i-bolshoj-brat-50441.html has distance with https://www.econ.msu.ru/sys/raw.php?o=67616&p=attachment of: 0.1076. Discarding.
	Result [39]  Processing URL https://pravo.ru/online/219900/
		Date found in the API results: 2020-03-30T00:00:00
		The content of https://www.fondsk.ru/news/2020/03/25/borba-s-koronavirusom-i-bolshoj-brat-50441.html has distance with https://pravo.ru/online/219900/ of : 0.3853. Keeping.
		Adding to DB the URL https://pravo.ru/online/219900/
	Result [40]  Processing URL https://www.econ.msu.ru/sys/raw.php?o=67616&p=attachment
		Different. The content of https://www.fondsk.ru/news/2020/03/25/borba-s-koronavirusom-i-bolshoj-brat-50441.html has distance with https://www.econ.msu.ru/sys/raw.php?o=67616&p=attachment of: 0.1076. Discarding.
	Result [41]  Processing URL https://pravo.ru/online/219900/
		Date found in the API results: 2020-03-30T00:00:00
		The content of https://www.fondsk.ru/news/2020/03/25/borba-s-koronavirusom-i-bolshoj-brat-50441.html has distance with https://pravo.ru/online/219900/ of : 0.3889. Keeping.
		Adding to DB the URL https://pravo.ru/online/219900/
	Result [42]  Processing URL https://kievvlast.com.ua/news/hroniki-koronavirusa-v-ukraine-obnovlyaetsya?noredirect=true
		Date found in the API results: 2021-07-05T18:18:22.991016
		The content of https://www.fondsk.ru/news/2020/03/25/borba-s-koronavirusom-i-bolshoj-brat-50441.html has distance with https://kievvlast.com.ua/news/hroniki-koronavirusa-v-ukraine-obnovlyaetsya?noredirect=true of : 0.3547. Keeping.
		Adding to DB the URL https://kievvlast.com.ua/news/hroniki-koronavirusa-v-ukraine-obnovlyaetsya?noredirect=true
	Result [43]  Processing URL http://www.fa.ru/org/div/uoonir/Documents/%D0%A1%D0%B1%D0%BE%D1%80%D0%BD%D0%B8%D0%BA%20%D0%BC%D0%B0%D1%82%D0%B5%D1%80%D0%B8%D0%B0%D0%BB%D0%BE%D0%B2%20%D0%BA%D1%80%D1%83%D0%B3%D0%BB%D0%BE%D0%B3%D0%BE%20%D1%81%D1%82%D0%BE%D0%BB%D0%B0%20%D0%90%D1%80%D0%BC%D0%B8%D1%8F-2020.pdf
		Date found in the API results: 2020-08-05T00:00:00
		Blacklisted url: http://www.fa.ru/org/div/uoonir/Documents/%D0%A1%D0%B1%D0%BE%D1%80%D0%BD%D0%B8%D0%BA%20%D0%BC%D0%B0%D1%82%D0%B5%D1%80%D0%B8%D0%B0%D0%BB%D0%BE%D0%B2%20%D0%BA%D1%80%D1%83%D0%B3%D0%BB%D0%BE%D0%B3%D0%BE%20%D1%81%D1%82%D0%BE%D0%BB%D0%B0%20%D0%90%D1%80%D0%BC%D0%B8%D1%8F-2020.pdf.  Discarding.  
	Result [44]  Processing URL https://forumspb.com/upload/iblock/584/584e4a9ca89899a58363588e78d4f5be.pdf
		Date found in the API results: 2021-06-05T00:00:00
		Blacklisted url: https://forumspb.com/upload/iblock/584/584e4a9ca89899a58363588e78d4f5be.pdf.  Discarding.  
	Result [45]  Processing URL http://cbc.az/ru/pages/news
		! Error getting the content of the web.
		! can't compare offset-naive and offset-aware datetimes
		<class 'TypeError'>
		The content of the pages were not string. Verify.
		Different. The content of https://www.fondsk.ru/news/2020/03/25/borba-s-koronavirusom-i-bolshoj-brat-50441.html has distance with http://cbc.az/ru/pages/news of: False. Discarding.
	Result [46]  Processing URL https://www.gov.spb.ru/static/writable/mediact/bulletin/2021/05/21/%D0%98%D0%91-0524__19.doc
		Date found in the API results: 2021-05-21T00:00:00
		Date found in the URL: 2021-05-21 00:00:00
		Different. The content of https://www.fondsk.ru/news/2020/03/25/borba-s-koronavirusom-i-bolshoj-brat-50441.html has distance with https://www.gov.spb.ru/static/writable/mediact/bulletin/2021/05/21/%D0%98%D0%91-0524__19.doc of: 0.0846. Discarding.
	Result [47]  Processing URL https://www.fontanka.ru/2021/02/03/69747431/
		Date found in the API results: 2021-02-03T00:00:00
		Date found in the URL: 2021-02-03 00:00:00
		The content of https://www.fondsk.ru/news/2020/03/25/borba-s-koronavirusom-i-bolshoj-brat-50441.html has distance with https://www.fontanka.ru/2021/02/03/69747431/ of : 0.3589. Keeping.
		Adding to DB the URL https://www.fontanka.ru/2021/02/03/69747431/
	Result [48]  Processing URL https://www.brkmed.ru/category/lenta-novostej/
		The content of https://www.fondsk.ru/news/2020/03/25/borba-s-koronavirusom-i-bolshoj-brat-50441.html has distance with https://www.brkmed.ru/category/lenta-novostej/ of : 0.3119. Keeping.
		Adding to DB the URL https://www.brkmed.ru/category/lenta-novostej/
	Result [49]  Processing URL https://www.ekhokavkaza.com/a/31327713.html
		Date found in the API results: 2021-06-26T00:00:00
		Different. The content of https://www.fondsk.ru/news/2020/03/25/borba-s-koronavirusom-i-bolshoj-brat-50441.html has distance with https://www.ekhokavkaza.com/a/31327713.html of: 0.2898. Discarding.
	Result [50]  Processing URL https://www.zelao.ru/26596/26434/
		The content of https://www.fondsk.ru/news/2020/03/25/borba-s-koronavirusom-i-bolshoj-brat-50441.html has distance with https://www.zelao.ru/26596/26434/ of : 0.3356. Keeping.
		Adding to DB the URL https://www.zelao.ru/26596/26434/
	Result [51]  Processing URL https://xn--b1aew.xn--p1ai/tags/
		Date found in the content of the page: None
		The content of https://www.fondsk.ru/news/2020/03/25/borba-s-koronavirusom-i-bolshoj-brat-50441.html has distance with https://xn--b1aew.xn--p1ai/tags/ of : 0.3323. Keeping.
		Adding to DB the URL https://xn--b1aew.xn--p1ai/tags/
	Result [52]  Processing URL https://git03.rostrud.gov.ru/news/?SHOWALL_1=1
		Date found in the content of the page: None
		Different. The content of https://www.fondsk.ru/news/2020/03/25/borba-s-koronavirusom-i-bolshoj-brat-50441.html has distance with https://git03.rostrud.gov.ru/news/?SHOWALL_1=1 of: 0.05567907201546641. Discarding.
	Result [53]  Processing URL https://www.gov.spb.ru/static/writable/mediact/bulletin/2021/06/18/%D0%98%D0%91-0621__23.doc
		Date found in the API results: 2021-06-18T00:00:00
		Date found in the URL: 2021-06-18 00:00:00
		Different. The content of https://www.fondsk.ru/news/2020/03/25/borba-s-koronavirusom-i-bolshoj-brat-50441.html has distance with https://www.gov.spb.ru/static/writable/mediact/bulletin/2021/06/18/%D0%98%D0%91-0621__23.doc of: 0.0894. Discarding.
	Result [54]  Processing URL https://angarsk-adm.ru/gorodskoy-okrug/informatsiya/?rPage=%2Fprivatelabel%2Flisting%2Fphoto_gallery.jsp%3Fslim%3Dpp286463&boat_id=3026188&boatname=28%27+Larson+Cabrio+274&photo_revised_date=1479512303000&photo_name=Photo+0&photo=0&url=870&SHOWALL_1=1
		Different. The content of https://www.fondsk.ru/news/2020/03/25/borba-s-koronavirusom-i-bolshoj-brat-50441.html has distance with https://angarsk-adm.ru/gorodskoy-okrug/informatsiya/?rPage=%2Fprivatelabel%2Flisting%2Fphoto_gallery.jsp%3Fslim%3Dpp286463&boat_id=3026188&boatname=28%27+Larson+Cabrio+274&photo_revised_date=1479512303000&photo_name=Photo+0&photo=0&url=870&SHOWALL_1=1 of: 0.2166. Discarding.
	Result [55]  Processing URL https://russische-botschaft.ru/ru/2020/12/18/ezhegodnaya-press-konferenciya-prezide/
		Date found in the API results: 2020-12-18T00:00:00
		Date found in the URL: 2020-12-18 00:00:00
		The content of https://www.fondsk.ru/news/2020/03/25/borba-s-koronavirusom-i-bolshoj-brat-50441.html has distance with https://russische-botschaft.ru/ru/2020/12/18/ezhegodnaya-press-konferenciya-prezide/ of : 0.3131. Keeping.
		Adding to DB the URL https://russische-botschaft.ru/ru/2020/12/18/ezhegodnaya-press-konferenciya-prezide/
	Result [56]  Processing URL https://defeatcovid.ru/
		The content of https://www.fondsk.ru/news/2020/03/25/borba-s-koronavirusom-i-bolshoj-brat-50441.html has distance with https://defeatcovid.ru/ of : 0.3131. Keeping.
		Adding to DB the URL https://defeatcovid.ru/
	Result [57]  Processing URL https://ombudsmanrf.org/upload/files/Bjulleten_2020_9_sokr.pdf
		Date found in the API results: 2020-09-21T00:00:00
		Blacklisted url: https://ombudsmanrf.org/upload/files/Bjulleten_2020_9_sokr.pdf.  Discarding.  
	Result [58]  Processing URL https://www.gazprom.ru/f/posts/42/218001/gazprom-magazine-2020-01-02.pdf
		Blacklisted url: https://www.gazprom.ru/f/posts/42/218001/gazprom-magazine-2020-01-02.pdf.  Discarding.  
	Result [59]  Processing URL https://www.mk.ru/politics/2021/07/09/v-ubiystve-prezidenta-gaiti-nashelsya-sled-ssha.html
		Date found in the API results: 2021-07-09T18:19:21.631910
		Date found in the URL: 2021-07-09 00:00:00
		The content of https://www.fondsk.ru/news/2020/03/25/borba-s-koronavirusom-i-bolshoj-brat-50441.html has distance with https://www.mk.ru/politics/2021/07/09/v-ubiystve-prezidenta-gaiti-nashelsya-sled-ssha.html of : 0.3051. Keeping.
		Adding to DB the URL https://www.mk.ru/politics/2021/07/09/v-ubiystve-prezidenta-gaiti-nashelsya-sled-ssha.html
	Result [60]  Processing URL https://www.cyprusrussianbusiness.com/index.php/component/k2/date/2017/finance/2859-7year-bonds?start=340
		! Error getting the content of the web.
		! can't compare offset-naive and offset-aware datetimes
		<class 'TypeError'>
		The content of the pages were not string. Verify.
		Different. The content of https://www.fondsk.ru/news/2020/03/25/borba-s-koronavirusom-i-bolshoj-brat-50441.html has distance with https://www.cyprusrussianbusiness.com/index.php/component/k2/date/2017/finance/2859-7year-bonds?start=340 of: False. Discarding.
	Result [61]  Processing URL https://meduza.io/feature/2020/09/18/my-ne-znaem-chem-eto-lechit
		Date found in the API results: 2020-09-17T00:00:00
		Date found in the URL: 2020-09-18 00:00:00
		Different. The content of https://www.fondsk.ru/news/2020/03/25/borba-s-koronavirusom-i-bolshoj-brat-50441.html has distance with https://meduza.io/feature/2020/09/18/my-ne-znaem-chem-eto-lechit of: 0.2794. Discarding.
	Result [62]  Processing URL https://lenta.ru/articles/2020/07/30/pashinyan/
		Date found in the API results: 2020-07-30T00:00:00
		Date found in the URL: 2020-07-30 00:00:00
		Different. The content of https://www.fondsk.ru/news/2020/03/25/borba-s-koronavirusom-i-bolshoj-brat-50441.html has distance with https://lenta.ru/articles/2020/07/30/pashinyan/ of: 0.255. Discarding.
	Result [63]  Processing URL http://www.bgpu.ru/newsfiles/6299_f1610467812526.pdf
		Blacklisted url: http://www.bgpu.ru/newsfiles/6299_f1610467812526.pdf.  Discarding.  
	Result [64]  Processing URL https://thebell.io/eti-rebyata-prekrasno-znayut-kak-tut-vse-ustroeno-protiv-investbankirov-iz-fonda-baring-vostok-ispolzovali-sereznyj-resurs/
		Date found in the API results: 2019-02-16T00:00:00
		Date found in the content of the page: None
		Different. The content of https://www.fondsk.ru/news/2020/03/25/borba-s-koronavirusom-i-bolshoj-brat-50441.html has distance with https://thebell.io/eti-rebyata-prekrasno-znayut-kak-tut-vse-ustroeno-protiv-investbankirov-iz-fonda-baring-vostok-ispolzovali-sereznyj-resurs/ of: 0.24954737477368738. Discarding.
	Result [65]  Processing URL https://russiancouncil.ru/papers/Russia-China-2020-Report58.pdf
		Date found in the API results: 2020-06-30T00:00:00
		Blacklisted url: https://russiancouncil.ru/papers/Russia-China-2020-Report58.pdf.  Discarding.  
	Result [66]  Processing URL https://www.vladimir-city.ru/city/history.php
		Date found in the API results: 2011-01-12T00:00:00
		The content of https://www.fondsk.ru/news/2020/03/25/borba-s-koronavirusom-i-bolshoj-brat-50441.html has distance with https://www.vladimir-city.ru/city/history.php of : 0.3233. Keeping.
		Adding to DB the URL https://www.vladimir-city.ru/city/history.php
	Result [67]  Processing URL https://polpred.com/news?cnt_and=1&cnt=61&cnt_2=187&page=3
		The content of https://www.fondsk.ru/news/2020/03/25/borba-s-koronavirusom-i-bolshoj-brat-50441.html has distance with https://polpred.com/news?cnt_and=1&cnt=61&cnt_2=187&page=3 of : 0.3334. Keeping.
		Adding to DB the URL https://polpred.com/news?cnt_and=1&cnt=61&cnt_2=187&page=3
	Result [68]  Processing URL https://www.interfax-russia.ru/attachment/5946b125ac3355375c1836f443ceaf4a
		Different. The content of https://www.fondsk.ru/news/2020/03/25/borba-s-koronavirusom-i-bolshoj-brat-50441.html has distance with https://www.interfax-russia.ru/attachment/5946b125ac3355375c1836f443ceaf4a of: 0.1156. Discarding.
	Result [69]  Processing URL https://cdnimg.rg.ru/pril/article/206/25/96/Doklad_tekst.docx
		Date found in the content of the page: None
		Different. The content of https://www.fondsk.ru/news/2020/03/25/borba-s-koronavirusom-i-bolshoj-brat-50441.html has distance with https://cdnimg.rg.ru/pril/article/206/25/96/Doklad_tekst.docx of: 0.0834. Discarding.
	Result [70]  Processing URL https://cdnimg.rg.ru/pril/article/206/25/96/Doklad_tekst.docx
		Date found in the content of the page: None
		Different. The content of https://www.fondsk.ru/news/2020/03/25/borba-s-koronavirusom-i-bolshoj-brat-50441.html has distance with https://cdnimg.rg.ru/pril/article/206/25/96/Doklad_tekst.docx of: 0.0834. Discarding.
	Result [71]  Processing URL https://pravdapfo.ru/region/80
		The content of https://www.fondsk.ru/news/2020/03/25/borba-s-koronavirusom-i-bolshoj-brat-50441.html has distance with https://pravdapfo.ru/region/80 of : 0.3351. Keeping.
		Adding to DB the URL https://pravdapfo.ru/region/80
	Result [72]  Processing URL https://spravedlivo.ru/11310010
		Date found in the content of the page: None
		Different. The content of https://www.fondsk.ru/news/2020/03/25/borba-s-koronavirusom-i-bolshoj-brat-50441.html has distance with https://spravedlivo.ru/11310010 of: 0.0851. Discarding.
	Result [73]  Processing URL https://www.bashinform.ru/news-feed/
		The content of https://www.fondsk.ru/news/2020/03/25/borba-s-koronavirusom-i-bolshoj-brat-50441.html has distance with https://www.bashinform.ru/news-feed/ of : 0.341. Keeping.
		Adding to DB the URL https://www.bashinform.ru/news-feed/
	Result [74]  Processing URL http://www.kamaz-voronezh.ru/news/?PAGEN_1=3
		Different. The content of https://www.fondsk.ru/news/2020/03/25/borba-s-koronavirusom-i-bolshoj-brat-50441.html has distance with http://www.kamaz-voronezh.ru/news/?PAGEN_1=3 of: 0.2585. Discarding.
	Result [75]  Processing URL https://uriu.ranepa.ru/files/doc/nauka/%D0%A4%D0%B5%D1%81%D1%82%D0%B8%D0%B2%D0%B0%D0%BB%D1%8C%20%D0%BD%D0%B0%D1%83%D0%BA%D0%B8.%D0%A1%D0%B1%D0%BE%D1%80%D0%BD%D0%B8%D0%BA%20%D1%81%D1%82%D0%B0%D1%82%D0%B5%D0%B9%20%D0%92%D0%95%D0%A0%D0%9D%D0%AB%D0%99%2021.12.2020.pdf
		Blacklisted url: https://uriu.ranepa.ru/files/doc/nauka/%D0%A4%D0%B5%D1%81%D1%82%D0%B8%D0%B2%D0%B0%D0%BB%D1%8C%20%D0%BD%D0%B0%D1%83%D0%BA%D0%B8.%D0%A1%D0%B1%D0%BE%D1%80%D0%BD%D0%B8%D0%BA%20%D1%81%D1%82%D0%B0%D1%82%D0%B5%D0%B9%20%D0%92%D0%95%D0%A0%D0%9D%D0%AB%D0%99%2021.12.2020.pdf.  Discarding.  
	Result [76]  Processing URL https://itsmycity.ru/2020-12-28/laureaty-premii-its-my-city-za-2020-go
		Date found in the API results: 2020-12-28T00:00:00
		Date found in the URL: 2020-12-28 00:00:00
		The content of https://www.fondsk.ru/news/2020/03/25/borba-s-koronavirusom-i-bolshoj-brat-50441.html has distance with https://itsmycity.ru/2020-12-28/laureaty-premii-its-my-city-za-2020-go of : 0.3132. Keeping.
		Adding to DB the URL https://itsmycity.ru/2020-12-28/laureaty-premii-its-my-city-za-2020-go
	Result [77]  Processing URL https://all-events.ru/events/calendar/date_begin-from-18.02.2021/price_cat-is-besplatno/
		Date found in the URL: 2021-02-18 00:00:00
		The content of https://www.fondsk.ru/news/2020/03/25/borba-s-koronavirusom-i-bolshoj-brat-50441.html has distance with https://all-events.ru/events/calendar/date_begin-from-18.02.2021/price_cat-is-besplatno/ of : 0.3137. Keeping.
		Adding to DB the URL https://all-events.ru/events/calendar/date_begin-from-18.02.2021/price_cat-is-besplatno/
	Result [78]  Processing URL https://abireg.ru/n_21574.html?s365
		! Error getting the content of the web.
		! ('Connection broken: IncompleteRead(4035 bytes read, 4157 more expected)', IncompleteRead(4035 bytes read, 4157 more expected))
		<class 'requests.exceptions.ChunkedEncodingError'>
		The content of the pages were not string. Verify.
		Different. The content of https://www.fondsk.ru/news/2020/03/25/borba-s-koronavirusom-i-bolshoj-brat-50441.html has distance with https://abireg.ru/n_21574.html?s365 of: False. Discarding.
	Result [79]  Processing URL http://econ.sfedu.ru/images/Conference/Tom1_Conference.pdf
		Blacklisted url: http://econ.sfedu.ru/images/Conference/Tom1_Conference.pdf.  Discarding.  
	Result [80]  Processing URL http://econ.sfedu.ru/images/Conference/Tom1_Conference.pdf
		Blacklisted url: http://econ.sfedu.ru/images/Conference/Tom1_Conference.pdf.  Discarding.  
	Result [81]  Processing URL https://www.bbc.com/russian/news-56985899
		Date found in the API results: 2021-05-04T00:00:00
		Different. The content of https://www.fondsk.ru/news/2020/03/25/borba-s-koronavirusom-i-bolshoj-brat-50441.html has distance with https://www.bbc.com/russian/news-56985899 of: 0.2977. Discarding.
	Result [82]  Processing URL http://www.astrgorod.ru/podrazdeleniya/pravovoe-prosveshchenie
		Different. The content of https://www.fondsk.ru/news/2020/03/25/borba-s-koronavirusom-i-bolshoj-brat-50441.html has distance with http://www.astrgorod.ru/podrazdeleniya/pravovoe-prosveshchenie of: 0.2919. Discarding.
	Result [83]  Processing URL https://carnegieendowment.org/files/ProEtContra_58_all.pdf
		Date found in the API results: 2021-03-12T00:00:00
		Blacklisted url: https://carnegieendowment.org/files/ProEtContra_58_all.pdf.  Discarding.  
	Result [84]  Processing URL https://rusprav.tv/
		Different. The content of https://www.fondsk.ru/news/2020/03/25/borba-s-koronavirusom-i-bolshoj-brat-50441.html has distance with https://rusprav.tv/ of: 0.2776. Discarding.
	Result [85]  Processing URL http://sov-europe.ru/images/pdf/2020/02-2020.pdf
		Blacklisted url: http://sov-europe.ru/images/pdf/2020/02-2020.pdf.  Discarding.  

== Level 0. Twitter search by title as Борьба с коронавирусом и Большой Брат — Фонд стратегической культуры
https://api.twitter.com/2/tweets/search/all?query=%22%D0%91%D0%BE%D1%80%D1%8C%D0%B1%D0%B0+%D1%81+%D0%BA%D0%BE%D1%80%D0%BE%D0%BD%D0%B0%D0%B2%D0%B8%D1%80%D1%83%D1%81%D0%BE%D0%BC+%D0%B8+%D0%91%D0%BE%D0%BB%D1%8C%D1%88%D0%BE%D0%B9+%D0%91%D1%80%D0%B0%D1%82+%E2%80%94+%D0%A4%D0%BE%D0%BD%D0%B4+%D1%81%D1%82%D1%80%D0%B0%D1%82%D0%B5%D0%B3%D0%B8%D1%87%D0%B5%D1%81%D0%BA%D0%BE%D0%B9+%D0%BA%D1%83%D0%BB%D1%8C%D1%82%D1%83%D1%80%D1%8B%22&max_results=100&tweet.fields=author_id%2Cpublic_metrics%2Ccreated_at&start_time=2020-07-12T18%3A21%3A04.576475Z
	Downloaded 0 twitter content

== Level 0. VK search by title as Борьба с коронавирусом и Большой Брат — Фонд стратегической культуры
	Result [0]  Processing URL https://vk.com/id-51966513?w=wall-51966513_576515. Date: 2020-01-25 13:30:03
In total was found 1
