Searching the distribution graph of URL https://sputnik-ossetia.ru/South_Ossetia/20210511/12200003/Dopolnitelnaya-napryazhennost-yugoosetinskiy-ekspert-ob-ucheniyakh-NATO-v-Gruzii.html. Using 1 levels.

		Date found in the URL: 2021-05-11 00:00:00
Main title: Дополнительная напряженность: югоосетинский эксперт об учениях НАТО в Грузии
In level 0 were found 1 urls including original

== Level 0. Google search by LINKS to https://sputnik-ossetia.ru/South_Ossetia/20210511/12200003/Dopolnitelnaya-napryazhennost-yugoosetinskiy-ekspert-ob-ucheniyakh-NATO-v-Gruzii.html
	Total amount of results retrieved: 6
	Result [1]  Processing URL https://sputnik-ossetia.ru/South_Ossetia/20210511/12200003/Dopolnitelnaya-napryazhennost-yugoosetinskiy-ekspert-ob-ucheniyakh-NATO-v-Gruzii.html
		Date found in the API results: 2021-05-11T00:00:00
		Repeated url: https://sputnik-ossetia.ru/South_Ossetia/20210511/12200003/Dopolnitelnaya-napryazhennost-yugoosetinskiy-ekspert-ob-ucheniyakh-NATO-v-Gruzii.html.  Discarding.  
	Result [2]  Processing URL https://sputnik-ossetia.ru/analytics/20210603/12315099/Zona-zapreta-dlya-NATO-u-rossiyskikh-Iskanderov-novye-rakety.html
		Date found in the API results: 2021-06-03T00:00:00
		Date found in the URL: 2021-06-03 00:00:00
		Not in content. The URL https://sputnik-ossetia.ru/South_Ossetia/20210511/12200003/Dopolnitelnaya-napryazhennost-yugoosetinskiy-ekspert-ob-ucheniyakh-NATO-v-Gruzii.html is not in the content of site https://sputnik-ossetia.ru/analytics/20210603/12315099/Zona-zapreta-dlya-NATO-u-rossiyskikh-Iskanderov-novye-rakety.html  Discarding.
	Result [3]  Processing URL https://m.sputnik-ossetia.ru/analytics/20200221/10119032/Vsepravoslavnoe-soveschanie-v-Filadelfii-pri-chem-tut-Gosdep.html
		Date found in the URL: 2020-02-21 00:00:00
		Not in content. The URL https://sputnik-ossetia.ru/South_Ossetia/20210511/12200003/Dopolnitelnaya-napryazhennost-yugoosetinskiy-ekspert-ob-ucheniyakh-NATO-v-Gruzii.html is not in the content of site https://m.sputnik-ossetia.ru/analytics/20200221/10119032/Vsepravoslavnoe-soveschanie-v-Filadelfii-pri-chem-tut-Gosdep.html  Discarding.
	Result [4]  Processing URL https://m.sputnik-ossetia.ru/analytics/20210616/12372130/Putina-v-prezidenty-SShA-Zapad-obsuzhdaet-intervyu-rossiyskogo-lidera.html?mobile_return=no
		Date found in the URL: 2021-06-16 00:00:00
		Not in content. The URL https://sputnik-ossetia.ru/South_Ossetia/20210511/12200003/Dopolnitelnaya-napryazhennost-yugoosetinskiy-ekspert-ob-ucheniyakh-NATO-v-Gruzii.html is not in the content of site https://m.sputnik-ossetia.ru/analytics/20210616/12372130/Putina-v-prezidenty-SShA-Zapad-obsuzhdaet-intervyu-rossiyskogo-lidera.html?mobile_return=no  Discarding.
	Result [5]  Processing URL https://m.sputnik-ossetia.ru/analytics/20191209/9725541/Saudovskaya-Araviya-i-Rossiya-zhestoko-obideli-neftyanykh-ekspertov.html
		Date found in the URL: 2019-12-09 00:00:00
		Not in content. The URL https://sputnik-ossetia.ru/South_Ossetia/20210511/12200003/Dopolnitelnaya-napryazhennost-yugoosetinskiy-ekspert-ob-ucheniyakh-NATO-v-Gruzii.html is not in the content of site https://m.sputnik-ossetia.ru/analytics/20191209/9725541/Saudovskaya-Araviya-i-Rossiya-zhestoko-obideli-neftyanykh-ekspertov.html  Discarding.
	Result [6]  Processing URL https://sputnik-ossetia.ru/analytics/20200603/10674177/Dlya-chego-Rossii-rasshirenie-voennykh-baz-v-Sirii.html
		Date found in the API results: 2020-06-03T00:00:00
		Date found in the URL: 2020-06-03 00:00:00
		Not in content. The URL https://sputnik-ossetia.ru/South_Ossetia/20210511/12200003/Dopolnitelnaya-napryazhennost-yugoosetinskiy-ekspert-ob-ucheniyakh-NATO-v-Gruzii.html is not in the content of site https://sputnik-ossetia.ru/analytics/20200603/10674177/Dlya-chego-Rossii-rasshirenie-voennykh-baz-v-Sirii.html  Discarding.
		Date found in the API results: 2021-05-11T00:00:00

== Level 0. Twitter search by LINKS as https://sputnik-ossetia.ru/South_Ossetia/20210511/12200003/Dopolnitelnaya-napryazhennost-yugoosetinskiy-ekspert-ob-ucheniyakh-NATO-v-Gruzii.html
https://api.twitter.com/2/tweets/search/all?query=url+%3A+https%253A%252F%252Fsputnik-ossetia.ru%252FSouth_Ossetia%252F20210511%252F12200003%252FDopolnitelnaya-napryazhennost-yugoosetinskiy-ekspert-ob-ucheniyakh-NATO-v-Gruzii.html&max_results=100&tweet.fields=author_id%2Cpublic_metrics%2Ccreated_at&start_time=2020-07-12T18%3A56%3A05.119669Z
	Downloaded 0 twitter content

== Level 0. VK search by LINKS as https://sputnik-ossetia.ru/South_Ossetia/20210511/12200003/Dopolnitelnaya-napryazhennost-yugoosetinskiy-ekspert-ob-ucheniyakh-NATO-v-Gruzii.html
In total was found 0

== Level 0. Google search by TITLE as Дополнительная напряженность: югоосетинский эксперт об учениях НАТО в Грузии
	Total amount of results retrieved: 22
	Result [1]  Processing URL https://sputnik-ossetia.ru/South_Ossetia/20210511/12200003/Dopolnitelnaya-napryazhennost-yugoosetinskiy-ekspert-ob-ucheniyakh-NATO-v-Gruzii.html
		Date found in the API results: 2021-05-11T00:00:00
		Repeated url: https://sputnik-ossetia.ru/South_Ossetia/20210511/12200003/Dopolnitelnaya-napryazhennost-yugoosetinskiy-ekspert-ob-ucheniyakh-NATO-v-Gruzii.html.  Discarding.  
	Result [2]  Processing URL https://yandex.com/news/story/Dopolnitelnaya_napryazhennost_yugoosetinskij_ehkspert_ob_ucheniyakh_NATO_vGruzii--04af17bc00b0b394bfd5efa82a0f9bf2
		Date found in the content of the page: None
		Different. The content of https://sputnik-ossetia.ru/South_Ossetia/20210511/12200003/Dopolnitelnaya-napryazhennost-yugoosetinskiy-ekspert-ob-ucheniyakh-NATO-v-Gruzii.html has distance with https://yandex.com/news/story/Dopolnitelnaya_napryazhennost_yugoosetinskij_ehkspert_ob_ucheniyakh_NATO_vGruzii--04af17bc00b0b394bfd5efa82a0f9bf2 of: 0.2429456297315898. Discarding.
	Result [3]  Processing URL https://www.nato.int/cps/en/natohq/topics_49285.htm?selectedLocale=ru
		Date found in the API results: 2017-04-20T00:00:00
		The content of https://sputnik-ossetia.ru/South_Ossetia/20210511/12200003/Dopolnitelnaya-napryazhennost-yugoosetinskiy-ekspert-ob-ucheniyakh-NATO-v-Gruzii.html has distance with https://www.nato.int/cps/en/natohq/topics_49285.htm?selectedLocale=ru of : 0.3109. Keeping.
		Adding to DB the URL https://www.nato.int/cps/en/natohq/topics_49285.htm?selectedLocale=ru
	Result [4]  Processing URL https://www.nato.int/nato_static_fl2014/assets/pdf/pdf_publications/20131009_Deepening_Relations_with_Georgi-1.pdf
		Date found in the API results: 2013-10-09T00:00:00
		Blacklisted url: https://www.nato.int/nato_static_fl2014/assets/pdf/pdf_publications/20131009_Deepening_Relations_with_Georgi-1.pdf.  Discarding.  
	Result [5]  Processing URL https://az.sputniknews.ru/exclusive/20080909/42476974.html
		The content of https://sputnik-ossetia.ru/South_Ossetia/20210511/12200003/Dopolnitelnaya-napryazhennost-yugoosetinskiy-ekspert-ob-ucheniyakh-NATO-v-Gruzii.html has distance with https://az.sputniknews.ru/exclusive/20080909/42476974.html of : 0.862. Keeping.
		Adding to DB the URL https://az.sputniknews.ru/exclusive/20080909/42476974.html
	Result [6]  Processing URL https://ru.wikipedia.org/wiki/%D0%92%D0%BE%D0%BE%D1%80%D1%83%D0%B6%D1%91%D0%BD%D0%BD%D1%8B%D0%B9_%D0%BA%D0%BE%D0%BD%D1%84%D0%BB%D0%B8%D0%BA%D1%82_%D0%B2_%D0%AE%D0%B6%D0%BD%D0%BE%D0%B9_%D0%9E%D1%81%D0%B5%D1%82%D0%B8%D0%B8_(2008)
		Different. The content of https://sputnik-ossetia.ru/South_Ossetia/20210511/12200003/Dopolnitelnaya-napryazhennost-yugoosetinskiy-ekspert-ob-ucheniyakh-NATO-v-Gruzii.html has distance with https://ru.wikipedia.org/wiki/%D0%92%D0%BE%D0%BE%D1%80%D1%83%D0%B6%D1%91%D0%BD%D0%BD%D1%8B%D0%B9_%D0%BA%D0%BE%D0%BD%D1%84%D0%BB%D0%B8%D0%BA%D1%82_%D0%B2_%D0%AE%D0%B6%D0%BD%D0%BE%D0%B9_%D0%9E%D1%81%D0%B5%D1%82%D0%B8%D0%B8_(2008) of: 0.2564. Discarding.
	Result [7]  Processing URL https://risa.ru/images/5volumes/5konv-rami_t20.pdf
		Blacklisted url: https://risa.ru/images/5volumes/5konv-rami_t20.pdf.  Discarding.  
	Result [8]  Processing URL https://mgimo.ru/files2/y08_2011/209652/3-27_06-2011.pdf
		Blacklisted url: https://mgimo.ru/files2/y08_2011/209652/3-27_06-2011.pdf.  Discarding.  
	Result [9]  Processing URL https://crimea.ria.ru/politics/20210615/1119684112/Kogda-Ukrainu-i-Gruziyu-primut-v-NATO--mneniya-ekspertov.html
		Date found in the API results: 2021-06-15T00:00:00
		Date found in the URL: 2021-06-15 00:00:00
		The content of https://sputnik-ossetia.ru/South_Ossetia/20210511/12200003/Dopolnitelnaya-napryazhennost-yugoosetinskiy-ekspert-ob-ucheniyakh-NATO-v-Gruzii.html has distance with https://crimea.ria.ru/politics/20210615/1119684112/Kogda-Ukrainu-i-Gruziyu-primut-v-NATO--mneniya-ekspertov.html of : 0.3263. Keeping.
		Adding to DB the URL https://crimea.ria.ru/politics/20210615/1119684112/Kogda-Ukrainu-i-Gruziyu-primut-v-NATO--mneniya-ekspertov.html
	Result [10]  Processing URL https://polpred.com/news?cnt_and=1&cnt=256&cnt_2=90&page=4
		Date found in the content of the page: None
		Different. The content of https://sputnik-ossetia.ru/South_Ossetia/20210511/12200003/Dopolnitelnaya-napryazhennost-yugoosetinskiy-ekspert-ob-ucheniyakh-NATO-v-Gruzii.html has distance with https://polpred.com/news?cnt_and=1&cnt=256&cnt_2=90&page=4 of: 0.2892. Discarding.
	Result [11]  Processing URL https://vz.ru/amp/news/2009/7/23/310337.html
		Different. The content of https://sputnik-ossetia.ru/South_Ossetia/20210511/12200003/Dopolnitelnaya-napryazhennost-yugoosetinskiy-ekspert-ob-ucheniyakh-NATO-v-Gruzii.html has distance with https://vz.ru/amp/news/2009/7/23/310337.html of: 0.2629. Discarding.
	Result [12]  Processing URL https://www.aa.com.tr/ru/%D0%BC%D0%B8%D1%80/%D0%BA%D0%BE%D1%80%D0%B0%D0%B1%D0%BB%D0%B8-%D0%B3%D1%80%D1%83%D0%B7%D0%B8%D0%B8-%D0%B8-%D0%BD%D0%B0%D1%82%D0%BE-%D0%BF%D1%80%D0%BE%D0%B2%D0%B5%D0%BB%D0%B8-%D1%81%D0%BE%D0%B2%D0%BC%D0%B5%D1%81%D1%82%D0%BD%D1%8B%D0%B5-%D1%83%D1%87%D0%B5%D0%BD%D0%B8%D1%8F-%D0%B2-%D1%87%D0%B5%D1%80%D0%BD%D0%BE%D0%BC-%D0%BC%D0%BE%D1%80%D0%B5/2181240
		Date found in the API results: 2021-03-19T00:00:00
		! Error in getting content due to a Connection Error. Port closed, web down?
		The content of the pages were not string. Verify.
		Different. The content of https://sputnik-ossetia.ru/South_Ossetia/20210511/12200003/Dopolnitelnaya-napryazhennost-yugoosetinskiy-ekspert-ob-ucheniyakh-NATO-v-Gruzii.html has distance with https://www.aa.com.tr/ru/%D0%BC%D0%B8%D1%80/%D0%BA%D0%BE%D1%80%D0%B0%D0%B1%D0%BB%D0%B8-%D0%B3%D1%80%D1%83%D0%B7%D0%B8%D0%B8-%D0%B8-%D0%BD%D0%B0%D1%82%D0%BE-%D0%BF%D1%80%D0%BE%D0%B2%D0%B5%D0%BB%D0%B8-%D1%81%D0%BE%D0%B2%D0%BC%D0%B5%D1%81%D1%82%D0%BD%D1%8B%D0%B5-%D1%83%D1%87%D0%B5%D0%BD%D0%B8%D1%8F-%D0%B2-%D1%87%D0%B5%D1%80%D0%BD%D0%BE%D0%BC-%D0%BC%D0%BE%D1%80%D0%B5/2181240 of: False. Discarding.
	Result [13]  Processing URL https://regnum.ru/news/1189886.html
		The content of https://sputnik-ossetia.ru/South_Ossetia/20210511/12200003/Dopolnitelnaya-napryazhennost-yugoosetinskiy-ekspert-ob-ucheniyakh-NATO-v-Gruzii.html has distance with https://regnum.ru/news/1189886.html of : 0.3131. Keeping.
		Adding to DB the URL https://regnum.ru/news/1189886.html
	Result [14]  Processing URL https://cdnimg.rg.ru/pril/article/56/13/17/knizhka-finereader.pdf
		Blacklisted url: https://cdnimg.rg.ru/pril/article/56/13/17/knizhka-finereader.pdf.  Discarding.  
	Result [15]  Processing URL https://russiancouncil.ru/upload/iblock/56a/evolutionofpostsovietspace_ru.pdf
		Blacklisted url: https://russiancouncil.ru/upload/iblock/56a/evolutionofpostsovietspace_ru.pdf.  Discarding.  
	Result [16]  Processing URL http://aevis.ru/upload/ckeditor/files/%D0%9C%D0%B8%D1%85%D0%B0%D0%B9%D0%BB%D0%B5%D0%BD%D0%BA%D0%BE_%D0%92%D0%BD%D0%B5%D1%88%D0%BD%D1%8F%D1%8F%20%D1%80%D0%B5%D0%B3%D0%B8%D0%BE%D0%BD%D0%B0%D0%BB%D1%8C%D0%BD%D0%B0%D1%8F%20%D0%BF%D0%BE%D0%BB%D0%B8%D1%82%D0%B8%D0%BA%D0%B0%20%D0%95%D0%A1_III%20-1(1).pdf
		Blacklisted url: http://aevis.ru/upload/ckeditor/files/%D0%9C%D0%B8%D1%85%D0%B0%D0%B9%D0%BB%D0%B5%D0%BD%D0%BA%D0%BE_%D0%92%D0%BD%D0%B5%D1%88%D0%BD%D1%8F%D1%8F%20%D1%80%D0%B5%D0%B3%D0%B8%D0%BE%D0%BD%D0%B0%D0%BB%D1%8C%D0%BD%D0%B0%D1%8F%20%D0%BF%D0%BE%D0%BB%D0%B8%D1%82%D0%B8%D0%BA%D0%B0%20%D0%95%D0%A1_III%20-1(1).pdf.  Discarding.  
	Result [17]  Processing URL https://www.bbc.com/russian/news-40771126
		Date found in the API results: 2017-07-30T00:00:00
		Different. The content of https://sputnik-ossetia.ru/South_Ossetia/20210511/12200003/Dopolnitelnaya-napryazhennost-yugoosetinskiy-ekspert-ob-ucheniyakh-NATO-v-Gruzii.html has distance with https://www.bbc.com/russian/news-40771126 of: 0.2883. Discarding.
	Result [18]  Processing URL http://www.ifes-ras.ru/attaches/books__texts/strategiya_razvitiya.pdf
		Blacklisted url: http://www.ifes-ras.ru/attaches/books__texts/strategiya_razvitiya.pdf.  Discarding.  
	Result [19]  Processing URL https://www.vesti.ru/article/2548618
		Date found in the API results: 2021-04-09T00:00:00
		! Error getting the content of the web.
		! can't compare offset-naive and offset-aware datetimes
		<class 'TypeError'>
		The content of the pages were not string. Verify.
		Different. The content of https://sputnik-ossetia.ru/South_Ossetia/20210511/12200003/Dopolnitelnaya-napryazhennost-yugoosetinskiy-ekspert-ob-ucheniyakh-NATO-v-Gruzii.html has distance with https://www.vesti.ru/article/2548618 of: False. Discarding.
	Result [20]  Processing URL https://carnegie.ru/commentary/83951
		Date found in the API results: 2021-03-01T00:00:00
		Date found in the content of the page: None
		Different. The content of https://sputnik-ossetia.ru/South_Ossetia/20210511/12200003/Dopolnitelnaya-napryazhennost-yugoosetinskiy-ekspert-ob-ucheniyakh-NATO-v-Gruzii.html has distance with https://carnegie.ru/commentary/83951 of: 0.2552. Discarding.
	Result [21]  Processing URL https://www.golosameriki.com/a/georgia-agile-spirit-2019-drills-start/5013462.html
		Date found in the API results: 2019-07-24T00:00:00
		Different. The content of https://sputnik-ossetia.ru/South_Ossetia/20210511/12200003/Dopolnitelnaya-napryazhennost-yugoosetinskiy-ekspert-ob-ucheniyakh-NATO-v-Gruzii.html has distance with https://www.golosameriki.com/a/georgia-agile-spirit-2019-drills-start/5013462.html of: 0.2747. Discarding.
	Result [22]  Processing URL http://mfa-pmr.org/sites/default/files/publish/pdf/aktualnyeaspekty.pdf
		Blacklisted url: http://mfa-pmr.org/sites/default/files/publish/pdf/aktualnyeaspekty.pdf.  Discarding.  

== Level 0. Twitter search by title as Дополнительная напряженность: югоосетинский эксперт об учениях НАТО в Грузии
https://api.twitter.com/2/tweets/search/all?query=%22%D0%94%D0%BE%D0%BF%D0%BE%D0%BB%D0%BD%D0%B8%D1%82%D0%B5%D0%BB%D1%8C%D0%BD%D0%B0%D1%8F+%D0%BD%D0%B0%D0%BF%D1%80%D1%8F%D0%B6%D0%B5%D0%BD%D0%BD%D0%BE%D1%81%D1%82%D1%8C%3A+%D1%8E%D0%B3%D0%BE%D0%BE%D1%81%D0%B5%D1%82%D0%B8%D0%BD%D1%81%D0%BA%D0%B8%D0%B9+%D1%8D%D0%BA%D1%81%D0%BF%D0%B5%D1%80%D1%82+%D0%BE%D0%B1+%D1%83%D1%87%D0%B5%D0%BD%D0%B8%D1%8F%D1%85+%D0%9D%D0%90%D0%A2%D0%9E+%D0%B2+%D0%93%D1%80%D1%83%D0%B7%D0%B8%D0%B8%22&max_results=100&tweet.fields=author_id%2Cpublic_metrics%2Ccreated_at&start_time=2020-07-12T18%3A56%3A37.619808Z
	Downloaded 0 twitter content

== Level 0. VK search by title as Дополнительная напряженность: югоосетинский эксперт об учениях НАТО в Грузии
	Result [0]  Processing URL https://vk.com/id-95837632?w=wall-95837632_33095. Date: 2021-05-11 06:34:11
	Result [1]  Processing URL https://vk.com/id482600391?w=wall482600391_4159. Date: 2019-01-18 07:06:38
	Result [2]  Processing URL https://vk.com/id-46919433?w=wall-46919433_87701. Date: 2017-08-09 19:14:33
	Result [3]  Processing URL https://vk.com/id-102868701?w=wall-102868701_86154. Date: 2017-08-08 19:30:02
	Result [4]  Processing URL https://vk.com/id-99428024?w=wall-99428024_58943. Date: 2017-08-08 13:29:12
In total was found 5
