Searching the distribution graph of URL https://mundo.sputniknews.com/20210611/la-linea-roja-como-las-ansias-de-unirse-a-la-otan-podrian-acabar-con-la-independencia-de-ucrania-1113130920.html. Using 1 levels.

		Date found in the URL: 2021-06-11 00:00:00
Main title: La línea roja: cómo las ansias de unirse a la OTAN podrían acabar con la independencia de Ucrania - 11.06.2021, Sputnik Mundo
In level 0 were found 1 urls including original

== Level 0. Google search by LINKS to https://mundo.sputniknews.com/20210611/la-linea-roja-como-las-ansias-de-unirse-a-la-otan-podrian-acabar-con-la-independencia-de-ucrania-1113130920.html
	Total amount of results retrieved: 10
	Result [1]  Processing URL https://mundo.sputniknews.com/20210611/la-linea-roja-como-las-ansias-de-unirse-a-la-otan-podrian-acabar-con-la-independencia-de-ucrania-1113130920.html
		Date found in the API results: 2021-06-11T00:00:00
		Repeated url: https://mundo.sputniknews.com/20210611/la-linea-roja-como-las-ansias-de-unirse-a-la-otan-podrian-acabar-con-la-independencia-de-ucrania-1113130920.html.  Discarding.  
	Result [2]  Processing URL https://mundo.sputniknews.com/20210705/zelenski-afirma-que-ve-en-entrada-de-ucrania-en-la-otan-una-garantia-de-la-seguridad-1113797133.html
		Date found in the API results: 2021-07-05T18:54:51.341808
		Date found in the URL: 2021-07-05 00:00:00
		The URL https://mundo.sputniknews.com/20210611/la-linea-roja-como-las-ansias-de-unirse-a-la-otan-podrian-acabar-con-la-independencia-de-ucrania-1113130920.html IS in the content of site https://mundo.sputniknews.com/20210705/zelenski-afirma-que-ve-en-entrada-de-ucrania-en-la-otan-una-garantia-de-la-seguridad-1113797133.html  Keeping.
		Adding to DB the URL https://mundo.sputniknews.com/20210705/zelenski-afirma-que-ve-en-entrada-de-ucrania-en-la-otan-una-garantia-de-la-seguridad-1113797133.html
	Result [3]  Processing URL https://mundo.sputniknews.com/20210618/rusia-otan-debe-instar-a-kiev-a-dejar-de-especular-sobre-tema-de-ingreso-al-bloque-1113361006.html
		Date found in the API results: 2021-06-18T00:00:00
		Date found in the URL: 2021-06-18 00:00:00
		The URL https://mundo.sputniknews.com/20210611/la-linea-roja-como-las-ansias-de-unirse-a-la-otan-podrian-acabar-con-la-independencia-de-ucrania-1113130920.html IS in the content of site https://mundo.sputniknews.com/20210618/rusia-otan-debe-instar-a-kiev-a-dejar-de-especular-sobre-tema-de-ingreso-al-bloque-1113361006.html  Keeping.
		Adding to DB the URL https://mundo.sputniknews.com/20210618/rusia-otan-debe-instar-a-kiev-a-dejar-de-especular-sobre-tema-de-ingreso-al-bloque-1113361006.html
	Result [4]  Processing URL https://mundo.sputniknews.com/20210614/la-otan-celebra-una-cumbre-centrada-en-rusia-y-el-cara-a-cara-de-putin-y-biden-1113185145.html
		Date found in the API results: 2021-06-14T00:00:00
		Date found in the URL: 2021-06-14 00:00:00
		The URL https://mundo.sputniknews.com/20210611/la-linea-roja-como-las-ansias-de-unirse-a-la-otan-podrian-acabar-con-la-independencia-de-ucrania-1113130920.html IS in the content of site https://mundo.sputniknews.com/20210614/la-otan-celebra-una-cumbre-centrada-en-rusia-y-el-cara-a-cara-de-putin-y-biden-1113185145.html  Keeping.
		Adding to DB the URL https://mundo.sputniknews.com/20210614/la-otan-celebra-una-cumbre-centrada-en-rusia-y-el-cara-a-cara-de-putin-y-biden-1113185145.html
	Result [5]  Processing URL https://mundo.sputniknews.com/20210614/pedro-sanchez-comparece-en-rueda-de-prensa-tras-la-cumbre-de-la-otan-en-bruselas-1113185501.html
		Date found in the API results: 2021-06-14T00:00:00
		Date found in the URL: 2021-06-14 00:00:00
		The URL https://mundo.sputniknews.com/20210611/la-linea-roja-como-las-ansias-de-unirse-a-la-otan-podrian-acabar-con-la-independencia-de-ucrania-1113130920.html IS in the content of site https://mundo.sputniknews.com/20210614/pedro-sanchez-comparece-en-rueda-de-prensa-tras-la-cumbre-de-la-otan-en-bruselas-1113185501.html  Keeping.
		Adding to DB the URL https://mundo.sputniknews.com/20210614/pedro-sanchez-comparece-en-rueda-de-prensa-tras-la-cumbre-de-la-otan-en-bruselas-1113185501.html
	Result [6]  Processing URL https://mundo.sputniknews.com/20210618/el-canciller-frances-afirma-que-es-temprano-para-admitir-a-ucrania-en-la-otan-1113334269.html
		Date found in the API results: 2021-06-18T00:00:00
		Date found in the URL: 2021-06-18 00:00:00
		The URL https://mundo.sputniknews.com/20210611/la-linea-roja-como-las-ansias-de-unirse-a-la-otan-podrian-acabar-con-la-independencia-de-ucrania-1113130920.html IS in the content of site https://mundo.sputniknews.com/20210618/el-canciller-frances-afirma-que-es-temprano-para-admitir-a-ucrania-en-la-otan-1113334269.html  Keeping.
		Adding to DB the URL https://mundo.sputniknews.com/20210618/el-canciller-frances-afirma-que-es-temprano-para-admitir-a-ucrania-en-la-otan-1113334269.html
	Result [7]  Processing URL https://mundo.sputniknews.com/20210622/unos-5000-militares-y-32-buques-participaran-en-las-maniobras-sea-breeze-2021-de-la-otan-1113437079.html
		Date found in the API results: 2021-06-22T00:00:00
		Date found in the URL: 2021-06-22 00:00:00
		The URL https://mundo.sputniknews.com/20210611/la-linea-roja-como-las-ansias-de-unirse-a-la-otan-podrian-acabar-con-la-independencia-de-ucrania-1113130920.html IS in the content of site https://mundo.sputniknews.com/20210622/unos-5000-militares-y-32-buques-participaran-en-las-maniobras-sea-breeze-2021-de-la-otan-1113437079.html  Keeping.
		Adding to DB the URL https://mundo.sputniknews.com/20210622/unos-5000-militares-y-32-buques-participaran-en-las-maniobras-sea-breeze-2021-de-la-otan-1113437079.html
	Result [8]  Processing URL https://carlosagaton.blogspot.com/2021/06/las-ansias-de-unirse-la-otan-podrian.html
		Date found in the API results: 2021-06-11T00:00:00
		The URL https://mundo.sputniknews.com/20210611/la-linea-roja-como-las-ansias-de-unirse-a-la-otan-podrian-acabar-con-la-independencia-de-ucrania-1113130920.html IS in the content of site https://carlosagaton.blogspot.com/2021/06/las-ansias-de-unirse-la-otan-podrian.html  Keeping.
		Adding to DB the URL https://carlosagaton.blogspot.com/2021/06/las-ansias-de-unirse-la-otan-podrian.html
	Result [9]  Processing URL https://www.archyworldys.com/tag/otan/
		The URL https://mundo.sputniknews.com/20210611/la-linea-roja-como-las-ansias-de-unirse-a-la-otan-podrian-acabar-con-la-independencia-de-ucrania-1113130920.html IS in the content of site https://www.archyworldys.com/tag/otan/  Keeping.
		Adding to DB the URL https://www.archyworldys.com/tag/otan/
	Result [10]  Processing URL https://www.archyworldys.com/category/world/page/378/
		Not in content. The URL https://mundo.sputniknews.com/20210611/la-linea-roja-como-las-ansias-de-unirse-a-la-otan-podrian-acabar-con-la-independencia-de-ucrania-1113130920.html is not in the content of site https://www.archyworldys.com/category/world/page/378/  Discarding.
		Date found in the API results: 2021-06-11T00:00:00

== Level 0. Twitter search by LINKS as https://mundo.sputniknews.com/20210611/la-linea-roja-como-las-ansias-de-unirse-a-la-otan-podrian-acabar-con-la-independencia-de-ucrania-1113130920.html
https://api.twitter.com/2/tweets/search/all?query=url+%3A+https%253A%252F%252Fmundo.sputniknews.com%252F20210611%252Fla-linea-roja-como-las-ansias-de-unirse-a-la-otan-podrian-acabar-con-la-independencia-de-ucrania-1113130920.html&max_results=100&tweet.fields=author_id%2Cpublic_metrics%2Ccreated_at&start_time=2020-07-12T18%3A55%3A05.317898Z
	Downloaded 14 twitter content
	Result [1]  Processing twitter ID 1403521444030648322: La línea roja: cómo las ansias de unirse a la OTAN podrían acabar con la independencia de Ucrania https://t.co/uDHaESmjF2
	Result [2]  Processing twitter ID 1403519952867504131: RT @Andrey5004: La línea roja: cómo las ansias de unirse a la OTAN podrían acabar con la independencia de Ucrania https://t.co/AmzxQe36bU
	Result [3]  Processing twitter ID 1403492853142151168: La línea roja: cómo las ansias de unirse a la OTAN podrían acabar con la independencia de Ucrania https://t.co/AmzxQe36bU
	Result [4]  Processing twitter ID 1403439493051564041: RT @SputnikMundo: El antagonismo hacia Moscú se ha convertido en la idea nacional en Ucrania, así que EEUU y sus cómplices se aprovechan de…
	Result [5]  Processing twitter ID 1403428892325601285: RT @SputnikMundo: El antagonismo hacia Moscú se ha convertido en la idea nacional en Ucrania, así que EEUU y sus cómplices se aprovechan de…
	Result [6]  Processing twitter ID 1403421806745341955: RT @SputnikMundo: El antagonismo hacia Moscú se ha convertido en la idea nacional en Ucrania, así que EEUU y sus cómplices se aprovechan de…
	Result [7]  Processing twitter ID 1403409278560505857: A Ucrania la dejan soñar con el posible ingreso a la Alianza Atlántica.
 https://t.co/mKp9zTjrRA
	Result [8]  Processing twitter ID 1403405618216534020: RT @SputnikMundo: El antagonismo hacia Moscú se ha convertido en la idea nacional en Ucrania, así que EEUU y sus cómplices se aprovechan de…
	Result [9]  Processing twitter ID 1403403086085996544: RT @SputnikMundo: El antagonismo hacia Moscú se ha convertido en la idea nacional en Ucrania, así que EEUU y sus cómplices se aprovechan de…
	Result [10]  Processing twitter ID 1403402707231248386: RT @SputnikMundo: El antagonismo hacia Moscú se ha convertido en la idea nacional en Ucrania, así que EEUU y sus cómplices se aprovechan de…
	Result [11]  Processing twitter ID 1403401518691328001: RT @SputnikMundo: El antagonismo hacia Moscú se ha convertido en la idea nacional en Ucrania, así que EEUU y sus cómplices se aprovechan de…
	Result [12]  Processing twitter ID 1403401239077982211: RT @SputnikMundo: El antagonismo hacia Moscú se ha convertido en la idea nacional en Ucrania, así que EEUU y sus cómplices se aprovechan de…
	Result [13]  Processing twitter ID 1403401227870801926: RT @SputnikMundo: El antagonismo hacia Moscú se ha convertido en la idea nacional en Ucrania, así que EEUU y sus cómplices se aprovechan de…
	Result [14]  Processing twitter ID 1403401139538874369: El antagonismo hacia Moscú se ha convertido en la idea nacional en Ucrania, así que EEUU y sus cómplices se aprovechan de las actividades antirrusas de Kiev. Entretanto, a Ucrania la dejan soñar con el posible ingreso a la Alianza Atlántica

👉 https://t.co/HmgpIuk2KN

#OTAN

== Level 0. VK search by LINKS as https://mundo.sputniknews.com/20210611/la-linea-roja-como-las-ansias-de-unirse-a-la-otan-podrian-acabar-con-la-independencia-de-ucrania-1113130920.html
In total was found 0

== Level 0. Google search by TITLE as La línea roja: cómo las ansias de unirse a la OTAN podrían acabar con la independencia de Ucrania - 11.06.2021, Sputnik Mundo
	Total amount of results retrieved: 16
	Result [1]  Processing URL https://mundo.sputniknews.com/20210611/la-linea-roja-como-las-ansias-de-unirse-a-la-otan-podrian-acabar-con-la-independencia-de-ucrania-1113130920.html
		Date found in the API results: 2021-06-11T00:00:00
		Repeated url: https://mundo.sputniknews.com/20210611/la-linea-roja-como-las-ansias-de-unirse-a-la-otan-podrian-acabar-con-la-independencia-de-ucrania-1113130920.html.  Discarding.  
	Result [2]  Processing URL https://mundo.sputniknews.com/20210705/zelenski-afirma-que-ve-en-entrada-de-ucrania-en-la-otan-una-garantia-de-la-seguridad-1113797133.html
		Date found in the API results: 2021-07-05T18:55:12.204987
		Repeated url: https://mundo.sputniknews.com/20210705/zelenski-afirma-que-ve-en-entrada-de-ucrania-en-la-otan-una-garantia-de-la-seguridad-1113797133.html.  Discarding.  
	Result [3]  Processing URL https://mundo.sputniknews.com/20210618/rusia-otan-debe-instar-a-kiev-a-dejar-de-especular-sobre-tema-de-ingreso-al-bloque-1113361006.html
		Date found in the API results: 2021-06-18T00:00:00
		Repeated url: https://mundo.sputniknews.com/20210618/rusia-otan-debe-instar-a-kiev-a-dejar-de-especular-sobre-tema-de-ingreso-al-bloque-1113361006.html.  Discarding.  
	Result [4]  Processing URL https://mundo.sputniknews.com/20210622/unos-5000-militares-y-32-buques-participaran-en-las-maniobras-sea-breeze-2021-de-la-otan-1113437079.html
		Date found in the API results: 2021-06-22T00:00:00
		Repeated url: https://mundo.sputniknews.com/20210622/unos-5000-militares-y-32-buques-participaran-en-las-maniobras-sea-breeze-2021-de-la-otan-1113437079.html.  Discarding.  
	Result [5]  Processing URL https://mundo.sputniknews.com/20210614/la-otan-celebra-una-cumbre-centrada-en-rusia-y-el-cara-a-cara-de-putin-y-biden-1113185145.html
		Date found in the API results: 2021-06-14T00:00:00
		Repeated url: https://mundo.sputniknews.com/20210614/la-otan-celebra-una-cumbre-centrada-en-rusia-y-el-cara-a-cara-de-putin-y-biden-1113185145.html.  Discarding.  
	Result [6]  Processing URL https://mundo.sputniknews.com/20210618/el-canciller-frances-afirma-que-es-temprano-para-admitir-a-ucrania-en-la-otan-1113334269.html
		Date found in the API results: 2021-06-18T00:00:00
		Repeated url: https://mundo.sputniknews.com/20210618/el-canciller-frances-afirma-que-es-temprano-para-admitir-a-ucrania-en-la-otan-1113334269.html.  Discarding.  
	Result [7]  Processing URL https://mundo.sputniknews.com/20210614/pedro-sanchez-comparece-en-rueda-de-prensa-tras-la-cumbre-de-la-otan-en-bruselas-1113185501.html
		Date found in the API results: 2021-06-14T00:00:00
		Repeated url: https://mundo.sputniknews.com/20210614/pedro-sanchez-comparece-en-rueda-de-prensa-tras-la-cumbre-de-la-otan-en-bruselas-1113185501.html.  Discarding.  
	Result [8]  Processing URL https://mundo.sputniknews.com/20210630/cara-a-cara-con-la-nacion-la-tradicional-linea-directa-de-vladimir-putin--1113658695.html
		Date found in the API results: 2021-06-30T00:00:00
		Date found in the URL: 2021-06-30 00:00:00
		The content of https://mundo.sputniknews.com/20210611/la-linea-roja-como-las-ansias-de-unirse-a-la-otan-podrian-acabar-con-la-independencia-de-ucrania-1113130920.html has distance with https://mundo.sputniknews.com/20210630/cara-a-cara-con-la-nacion-la-tradicional-linea-directa-de-vladimir-putin--1113658695.html of : 0.8517. Keeping.
		Adding to DB the URL https://mundo.sputniknews.com/20210630/cara-a-cara-con-la-nacion-la-tradicional-linea-directa-de-vladimir-putin--1113658695.html
	Result [9]  Processing URL https://www.bbc.com/mundo/noticias-internacional-56772893
		Date found in the API results: 2021-04-17T00:00:00
		The content of https://mundo.sputniknews.com/20210611/la-linea-roja-como-las-ansias-de-unirse-a-la-otan-podrian-acabar-con-la-independencia-de-ucrania-1113130920.html has distance with https://www.bbc.com/mundo/noticias-internacional-56772893 of : 0.3285. Keeping.
		Adding to DB the URL https://www.bbc.com/mundo/noticias-internacional-56772893
	Result [10]  Processing URL https://www.bbc.com/mundo/noticias-internacional-56610286
		Date found in the API results: 2021-04-09T00:00:00
		The content of https://mundo.sputniknews.com/20210611/la-linea-roja-como-las-ansias-de-unirse-a-la-otan-podrian-acabar-con-la-independencia-de-ucrania-1113130920.html has distance with https://www.bbc.com/mundo/noticias-internacional-56610286 of : 0.3259. Keeping.
		Adding to DB the URL https://www.bbc.com/mundo/noticias-internacional-56610286
	Result [11]  Processing URL https://www.france24.com/es/europa/20210402-aumenta-la-tensi%C3%B3n-en-la-frontera-de-ucrania-por-la-presencia-de-tropas-rusas
		Date found in the API results: 2021-04-02T00:00:00
		Date found in the URL: 2021-04-02 00:00:00
		Different. The content of https://mundo.sputniknews.com/20210611/la-linea-roja-como-las-ansias-de-unirse-a-la-otan-podrian-acabar-con-la-independencia-de-ucrania-1113130920.html has distance with https://www.france24.com/es/europa/20210402-aumenta-la-tensi%C3%B3n-en-la-frontera-de-ucrania-por-la-presencia-de-tropas-rusas of: 0.051542441080666794. Discarding.
	Result [12]  Processing URL http://www.realinstitutoelcano.org/wps/wcm/connect/3ad6ba8046c02512b26cba32e3f308d0/DT17-2014-Faraminan-Ucrania-sobre-la-linea-roja.pdf?MOD=AJPERES&CACHEID=3ad6ba8046c02512b26cba32e3f308d0
		Date found in the API results: 2014-12-30T00:00:00
		Blacklisted url: http://www.realinstitutoelcano.org/wps/wcm/connect/3ad6ba8046c02512b26cba32e3f308d0/DT17-2014-Faraminan-Ucrania-sobre-la-linea-roja.pdf?MOD=AJPERES&CACHEID=3ad6ba8046c02512b26cba32e3f308d0.  Discarding.  
	Result [13]  Processing URL https://www.cidob.org/es/content/download/68049/2067179/version/36/file/guerra_en_tiempos_de_paz_la_estrategia_de_rusia_en_los_flancos_sur_y_este_de_la_otan_nicola%CC%81s_de_pedro_y_francis_ghile%CC%80s_%28eds.%29.pdf
		Date found in the API results: 2017-05-23T00:00:00
		Blacklisted url: https://www.cidob.org/es/content/download/68049/2067179/version/36/file/guerra_en_tiempos_de_paz_la_estrategia_de_rusia_en_los_flancos_sur_y_este_de_la_otan_nicola%CC%81s_de_pedro_y_francis_ghile%CC%80s_%28eds.%29.pdf.  Discarding.  
	Result [14]  Processing URL https://www.heraldo.es/noticias/internacional/2021/04/22/putin-avisa-a-occidente-de-que-no-traspase-la-linea-roja-con-rusia-1486651.html
		Date found in the API results: 2021-04-22T00:00:00
		Date found in the URL: 2021-04-22 00:00:00
		The content of https://mundo.sputniknews.com/20210611/la-linea-roja-como-las-ansias-de-unirse-a-la-otan-podrian-acabar-con-la-independencia-de-ucrania-1113130920.html has distance with https://www.heraldo.es/noticias/internacional/2021/04/22/putin-avisa-a-occidente-de-que-no-traspase-la-linea-roja-con-rusia-1486651.html of : 0.359. Keeping.
		Adding to DB the URL https://www.heraldo.es/noticias/internacional/2021/04/22/putin-avisa-a-occidente-de-que-no-traspase-la-linea-roja-con-rusia-1486651.html
	Result [15]  Processing URL https://www.youtube.com/watch?v=TlcFOhy6u1A
		Different. The content of https://mundo.sputniknews.com/20210611/la-linea-roja-como-las-ansias-de-unirse-a-la-otan-podrian-acabar-con-la-independencia-de-ucrania-1113130920.html has distance with https://www.youtube.com/watch?v=TlcFOhy6u1A of: 0.2905. Discarding.
	Result [16]  Processing URL https://www.elindependiente.com/internacional/2021/04/11/el-oso-ruso-ensena-las-garras-a-ucrania/
		Date found in the API results: 2021-04-11T00:00:00
		Date found in the URL: 2021-04-11 00:00:00
		Different. The content of https://mundo.sputniknews.com/20210611/la-linea-roja-como-las-ansias-de-unirse-a-la-otan-podrian-acabar-con-la-independencia-de-ucrania-1113130920.html has distance with https://www.elindependiente.com/internacional/2021/04/11/el-oso-ruso-ensena-las-garras-a-ucrania/ of: 0.2805. Discarding.

== Level 0. Twitter search by title as La línea roja: cómo las ansias de unirse a la OTAN podrían acabar con la independencia de Ucrania - 11.06.2021, Sputnik Mundo
https://api.twitter.com/2/tweets/search/all?query=%22La+l%C3%ADnea+roja%3A+c%C3%B3mo+las+ansias+de+unirse+a+la+OTAN+podr%C3%ADan+acabar+con+la+independencia+de+Ucrania+-+11.06.2021%2C+Sputnik+Mundo%22&max_results=100&tweet.fields=author_id%2Cpublic_metrics%2Ccreated_at&start_time=2020-07-12T18%3A55%3A16.452273Z
	Downloaded 0 twitter content

== Level 0. VK search by title as La línea roja: cómo las ansias de unirse a la OTAN podrían acabar con la independencia de Ucrania - 11.06.2021, Sputnik Mundo
In total was found 0
