Searching the distribution graph of URL https://sputnik-meedia.ee/opinion/20210516/467903/Nepriglyadnoe-litso-pochemu-demokraticheskaya-Estoniya-teryaet-lyudey.html. Using 1 levels.

		Date found in the URL: 2021-05-16 00:00:00
Main title: Почему в независимой Эстонии население сокращается
In level 0 were found 1 urls including original

== Level 0. Google search by LINKS to https://sputnik-meedia.ee/opinion/20210516/467903/Nepriglyadnoe-litso-pochemu-demokraticheskaya-Estoniya-teryaet-lyudey.html
	Total amount of results retrieved: 1
	Result [1]  Processing URL https://sputnik-meedia.ee/opinion/20210516/467903/Nepriglyadnoe-litso-pochemu-demokraticheskaya-Estoniya-teryaet-lyudey.html
		Date found in the API results: 2021-05-16T00:00:00
		Repeated url: https://sputnik-meedia.ee/opinion/20210516/467903/Nepriglyadnoe-litso-pochemu-demokraticheskaya-Estoniya-teryaet-lyudey.html.  Discarding.  
		Date found in the API results: 2021-05-16T00:00:00

== Level 0. Twitter search by LINKS as https://sputnik-meedia.ee/opinion/20210516/467903/Nepriglyadnoe-litso-pochemu-demokraticheskaya-Estoniya-teryaet-lyudey.html
https://api.twitter.com/2/tweets/search/all?query=url+%3A+https%253A%252F%252Fsputnik-meedia.ee%252Fopinion%252F20210516%252F467903%252FNepriglyadnoe-litso-pochemu-demokraticheskaya-Estoniya-teryaet-lyudey.html&max_results=100&tweet.fields=author_id%2Cpublic_metrics%2Ccreated_at&start_time=2020-07-12T18%3A47%3A56.855800Z
	Downloaded 0 twitter content

== Level 0. VK search by LINKS as https://sputnik-meedia.ee/opinion/20210516/467903/Nepriglyadnoe-litso-pochemu-demokraticheskaya-Estoniya-teryaet-lyudey.html
In total was found 0

== Level 0. Google search by TITLE as Почему в независимой Эстонии население сокращается
	Total amount of results retrieved: 86
	Result [1]  Processing URL https://sputnik-meedia.ee/opinion/20210516/467903/Nepriglyadnoe-litso-pochemu-demokraticheskaya-Estoniya-teryaet-lyudey.html
		Date found in the API results: 2021-05-16T00:00:00
		Repeated url: https://sputnik-meedia.ee/opinion/20210516/467903/Nepriglyadnoe-litso-pochemu-demokraticheskaya-Estoniya-teryaet-lyudey.html.  Discarding.  
	Result [2]  Processing URL https://ru.wikipedia.org/wiki/%D0%9D%D0%B0%D1%81%D0%B5%D0%BB%D0%B5%D0%BD%D0%B8%D0%B5_%D0%AD%D1%81%D1%82%D0%BE%D0%BD%D0%B8%D0%B8
		! Timeout waiting for the web server to answer.  We ignore and continue.
		The content of the pages were not string. Verify.
		Different. The content of https://sputnik-meedia.ee/opinion/20210516/467903/Nepriglyadnoe-litso-pochemu-demokraticheskaya-Estoniya-teryaet-lyudey.html has distance with https://ru.wikipedia.org/wiki/%D0%9D%D0%B0%D1%81%D0%B5%D0%BB%D0%B5%D0%BD%D0%B8%D0%B5_%D0%AD%D1%81%D1%82%D0%BE%D0%BD%D0%B8%D0%B8 of: False. Discarding.
	Result [3]  Processing URL https://ru.wikipedia.org/wiki/%D0%98%D1%81%D1%82%D0%BE%D1%80%D0%B8%D1%8F_%D0%AD%D1%81%D1%82%D0%BE%D0%BD%D0%B8%D0%B8
		Different. The content of https://sputnik-meedia.ee/opinion/20210516/467903/Nepriglyadnoe-litso-pochemu-demokraticheskaya-Estoniya-teryaet-lyudey.html has distance with https://ru.wikipedia.org/wiki/%D0%98%D1%81%D1%82%D0%BE%D1%80%D0%B8%D1%8F_%D0%AD%D1%81%D1%82%D0%BE%D0%BD%D0%B8%D0%B8 of: 0.2948. Discarding.
	Result [4]  Processing URL https://www.currenttime.tv/a/fsu-ussr-demographics/27934207.html
		Date found in the content of the page: None
		Different. The content of https://sputnik-meedia.ee/opinion/20210516/467903/Nepriglyadnoe-litso-pochemu-demokraticheskaya-Estoniya-teryaet-lyudey.html has distance with https://www.currenttime.tv/a/fsu-ussr-demographics/27934207.html of: 0.281. Discarding.
	Result [5]  Processing URL https://www.delfi.ee/a/78099932
		Date found in the API results: 2017-05-04T00:00:00
		Date found in the content of the page: None
		The content of https://sputnik-meedia.ee/opinion/20210516/467903/Nepriglyadnoe-litso-pochemu-demokraticheskaya-Estoniya-teryaet-lyudey.html has distance with https://www.delfi.ee/a/78099932 of : 0.3562. Keeping.
		Adding to DB the URL https://www.delfi.ee/a/78099932
	Result [6]  Processing URL https://www.stat.ee/dokumendid/62871
		Date found in the content of the page: None
		Different. The content of https://sputnik-meedia.ee/opinion/20210516/467903/Nepriglyadnoe-litso-pochemu-demokraticheskaya-Estoniya-teryaet-lyudey.html has distance with https://www.stat.ee/dokumendid/62871 of: 0.1498. Discarding.
	Result [7]  Processing URL https://ria.ru/20150617/1074774736.html
		Date found in the API results: 2021-05-26T00:00:00
		The content of https://sputnik-meedia.ee/opinion/20210516/467903/Nepriglyadnoe-litso-pochemu-demokraticheskaya-Estoniya-teryaet-lyudey.html has distance with https://ria.ru/20150617/1074774736.html of : 0.3263. Keeping.
		Adding to DB the URL https://ria.ru/20150617/1074774736.html
	Result [8]  Processing URL https://www.valitsus.ee/ru/strategiya-estoniya-2035/strategiya/potrebnosti-razvitiya
		Date found in the API results: 2021-01-05T00:00:00
		The content of https://sputnik-meedia.ee/opinion/20210516/467903/Nepriglyadnoe-litso-pochemu-demokraticheskaya-Estoniya-teryaet-lyudey.html has distance with https://www.valitsus.ee/ru/strategiya-estoniya-2035/strategiya/potrebnosti-razvitiya of : 0.3533. Keeping.
		Adding to DB the URL https://www.valitsus.ee/ru/strategiya-estoniya-2035/strategiya/potrebnosti-razvitiya
	Result [9]  Processing URL https://books.google.com/books?id=bw3zCwAAQBAJ&pg=PT13&lpg=PT13&dq=%D0%9F%D0%BE%D1%87%D0%B5%D0%BC%D1%83+%D0%B2+%D0%BD%D0%B5%D0%B7%D0%B0%D0%B2%D0%B8%D1%81%D0%B8%D0%BC%D0%BE%D0%B9+%D0%AD%D1%81%D1%82%D0%BE%D0%BD%D0%B8%D0%B8+%D0%BD%D0%B0%D1%81%D0%B5%D0%BB%D0%B5%D0%BD%D0%B8%D0%B5+%D1%81%D0%BE%D0%BA%D1%80%D0%B0%D1%89%D0%B0%D0%B5%D1%82%D1%81%D1%8F&source=bl&ots=O9Sn4Yv4oJ&sig=ACfU3U1k7wBPoZILXCdNPWJICiiCHFyx-w&hl=en&sa=X&ved=2ahUKEwju2vOR_t3xAhXNT98KHS4JDUUQ6AEwCHoECA4QAw
		Date found in the content of the page: None
		Different. The content of https://sputnik-meedia.ee/opinion/20210516/467903/Nepriglyadnoe-litso-pochemu-demokraticheskaya-Estoniya-teryaet-lyudey.html has distance with https://books.google.com/books?id=bw3zCwAAQBAJ&pg=PT13&lpg=PT13&dq=%D0%9F%D0%BE%D1%87%D0%B5%D0%BC%D1%83+%D0%B2+%D0%BD%D0%B5%D0%B7%D0%B0%D0%B2%D0%B8%D1%81%D0%B8%D0%BC%D0%BE%D0%B9+%D0%AD%D1%81%D1%82%D0%BE%D0%BD%D0%B8%D0%B8+%D0%BD%D0%B0%D1%81%D0%B5%D0%BB%D0%B5%D0%BD%D0%B8%D0%B5+%D1%81%D0%BE%D0%BA%D1%80%D0%B0%D1%89%D0%B0%D0%B5%D1%82%D1%81%D1%8F&source=bl&ots=O9Sn4Yv4oJ&sig=ACfU3U1k7wBPoZILXCdNPWJICiiCHFyx-w&hl=en&sa=X&ved=2ahUKEwju2vOR_t3xAhXNT98KHS4JDUUQ6AEwCHoECA4QAw of: 0.0976. Discarding.
	Result [10]  Processing URL https://books.google.com/books?id=ZHcqDgAAQBAJ&pg=PT12&lpg=PT12&dq=%D0%9F%D0%BE%D1%87%D0%B5%D0%BC%D1%83+%D0%B2+%D0%BD%D0%B5%D0%B7%D0%B0%D0%B2%D0%B8%D1%81%D0%B8%D0%BC%D0%BE%D0%B9+%D0%AD%D1%81%D1%82%D0%BE%D0%BD%D0%B8%D0%B8+%D0%BD%D0%B0%D1%81%D0%B5%D0%BB%D0%B5%D0%BD%D0%B8%D0%B5+%D1%81%D0%BE%D0%BA%D1%80%D0%B0%D1%89%D0%B0%D0%B5%D1%82%D1%81%D1%8F&source=bl&ots=DXpFYBlGa-&sig=ACfU3U1Vk385R7Y76jKHeZw8qhjoN8Yoow&hl=en&sa=X&ved=2ahUKEwju2vOR_t3xAhXNT98KHS4JDUUQ6AEwCXoECA8QAw
		Date found in the content of the page: None
		Different. The content of https://sputnik-meedia.ee/opinion/20210516/467903/Nepriglyadnoe-litso-pochemu-demokraticheskaya-Estoniya-teryaet-lyudey.html has distance with https://books.google.com/books?id=ZHcqDgAAQBAJ&pg=PT12&lpg=PT12&dq=%D0%9F%D0%BE%D1%87%D0%B5%D0%BC%D1%83+%D0%B2+%D0%BD%D0%B5%D0%B7%D0%B0%D0%B2%D0%B8%D1%81%D0%B8%D0%BC%D0%BE%D0%B9+%D0%AD%D1%81%D1%82%D0%BE%D0%BD%D0%B8%D0%B8+%D0%BD%D0%B0%D1%81%D0%B5%D0%BB%D0%B5%D0%BD%D0%B8%D0%B5+%D1%81%D0%BE%D0%BA%D1%80%D0%B0%D1%89%D0%B0%D0%B5%D1%82%D1%81%D1%8F&source=bl&ots=DXpFYBlGa-&sig=ACfU3U1Vk385R7Y76jKHeZw8qhjoN8Yoow&hl=en&sa=X&ved=2ahUKEwju2vOR_t3xAhXNT98KHS4JDUUQ6AEwCXoECA8QAw of: 0.0974. Discarding.
	Result [11]  Processing URL http://docstore.ohchr.org/SelfServices/FilesHandler.ashx?enc=6QkG1d%2FPPRiCAqhKb7yhslztXd5Nnh5GF9yFH9jwvik9PQ8K3kdrxAJ4iEzKh%2B3f%2FhyM8FssbfSBzfjkPfMTjIfjXXVkPan%2BhggNMx%2F%2F1iGTIgGb%2B0TYhq4zbr2ZtOzg
		Date found in the content of the page: None
		Different. The content of https://sputnik-meedia.ee/opinion/20210516/467903/Nepriglyadnoe-litso-pochemu-demokraticheskaya-Estoniya-teryaet-lyudey.html has distance with http://docstore.ohchr.org/SelfServices/FilesHandler.ashx?enc=6QkG1d%2FPPRiCAqhKb7yhslztXd5Nnh5GF9yFH9jwvik9PQ8K3kdrxAJ4iEzKh%2B3f%2FhyM8FssbfSBzfjkPfMTjIfjXXVkPan%2BhggNMx%2F%2F1iGTIgGb%2B0TYhq4zbr2ZtOzg of: 0.1052. Discarding.
	Result [12]  Processing URL https://www.etf.europa.eu/sites/default/files/2019-06/Session%203_OSKA_Milan%2027062019_rus_1.pdf
		Date found in the API results: None
		Blacklisted url: https://www.etf.europa.eu/sites/default/files/2019-06/Session%203_OSKA_Milan%2027062019_rus_1.pdf.  Discarding.  
	Result [13]  Processing URL https://www.euro.who.int/__data/assets/pdf_file/0010/98839/E85516sumR.pdf
		Date found in the API results: None
		Blacklisted url: https://www.euro.who.int/__data/assets/pdf_file/0010/98839/E85516sumR.pdf.  Discarding.  
	Result [14]  Processing URL https://demreview.hse.ru/article/download/11137/12299/
		Date found in the content of the page: None
		Different. The content of https://sputnik-meedia.ee/opinion/20210516/467903/Nepriglyadnoe-litso-pochemu-demokraticheskaya-Estoniya-teryaet-lyudey.html has distance with https://demreview.hse.ru/article/download/11137/12299/ of: 0.155. Discarding.
	Result [15]  Processing URL https://iz.ru/969513/igor-karmazin/territoriia-bezliudia-pochemu-vymiraiut-postsovetskie-strany
		Date found in the API results: 2020-01-29T00:00:00
		Different. The content of https://sputnik-meedia.ee/opinion/20210516/467903/Nepriglyadnoe-litso-pochemu-demokraticheskaya-Estoniya-teryaet-lyudey.html has distance with https://iz.ru/969513/igor-karmazin/territoriia-bezliudia-pochemu-vymiraiut-postsovetskie-strany of: 0.2398. Discarding.
	Result [16]  Processing URL https://inosmi.ru/social/20210427/249643315.html
		Date found in the API results: 2021-04-27T00:00:00
		Date found in the URL: 2021-04-27 00:00:00
		The content of https://sputnik-meedia.ee/opinion/20210516/467903/Nepriglyadnoe-litso-pochemu-demokraticheskaya-Estoniya-teryaet-lyudey.html has distance with https://inosmi.ru/social/20210427/249643315.html of : 0.3205. Keeping.
		Adding to DB the URL https://inosmi.ru/social/20210427/249643315.html
	Result [17]  Processing URL http://novayagazeta.ee/articles/12623/
		Date found in the API results: 2017-01-20T00:00:00
		The content of https://sputnik-meedia.ee/opinion/20210516/467903/Nepriglyadnoe-litso-pochemu-demokraticheskaya-Estoniya-teryaet-lyudey.html has distance with http://novayagazeta.ee/articles/12623/ of : 0.3168. Keeping.
		Adding to DB the URL http://novayagazeta.ee/articles/12623/
	Result [18]  Processing URL http://www.sotsiaalministeerium.ee/sites/default/files/content-editors/Ministeerium_kontaktid/Valjaanded/lpa_rus.pdf
		Blacklisted url: http://www.sotsiaalministeerium.ee/sites/default/files/content-editors/Ministeerium_kontaktid/Valjaanded/lpa_rus.pdf.  Discarding.  
	Result [19]  Processing URL https://vm.ee/sites/default/files/content-editors/web-static/118/Kodakondsus_nov.07.pdf
		Date found in the API results: 2007-11-01T00:00:00
		Blacklisted url: https://vm.ee/sites/default/files/content-editors/web-static/118/Kodakondsus_nov.07.pdf.  Discarding.  
	Result [20]  Processing URL http://www.demoscope.ru/weekly/2002/059/analit03.php
		Date found in the content of the page: None
		Different. The content of https://sputnik-meedia.ee/opinion/20210516/467903/Nepriglyadnoe-litso-pochemu-demokraticheskaya-Estoniya-teryaet-lyudey.html has distance with http://www.demoscope.ru/weekly/2002/059/analit03.php of: 0.2668. Discarding.
	Result [21]  Processing URL https://integratsioon.ee/sites/default/files/174_185.pdf
		Blacklisted url: https://integratsioon.ee/sites/default/files/174_185.pdf.  Discarding.  
	Result [22]  Processing URL http://www.demoscope.ru/weekly/2002/059/analit03.php
		Date found in the content of the page: None
		Different. The content of https://sputnik-meedia.ee/opinion/20210516/467903/Nepriglyadnoe-litso-pochemu-demokraticheskaya-Estoniya-teryaet-lyudey.html has distance with http://www.demoscope.ru/weekly/2002/059/analit03.php of: 0.2668. Discarding.
	Result [23]  Processing URL https://mgimo.ru/upload/iblock/858/elibrary_28352625_14778726.pdf
		Blacklisted url: https://mgimo.ru/upload/iblock/858/elibrary_28352625_14778726.pdf.  Discarding.  
	Result [24]  Processing URL https://rus.postimees.ee/3808931/angliyskaya-gazeta-25-udivitelnyh-faktov-ob-estonii
		Date found in the API results: 2016-08-22T00:00:00
		Different. The content of https://sputnik-meedia.ee/opinion/20210516/467903/Nepriglyadnoe-litso-pochemu-demokraticheskaya-Estoniya-teryaet-lyudey.html has distance with https://rus.postimees.ee/3808931/angliyskaya-gazeta-25-udivitelnyh-faktov-ob-estonii of: 0.2798. Discarding.
	Result [25]  Processing URL http://www.estonica.org/ru/%D0%9E%D0%B1%D1%89%D0%B5%D1%81%D1%82%D0%B2%D0%BE/%D0%9D%D0%B0%D1%81%D0%B5%D0%BB%D0%B5%D0%BD%D0%B8%D0%B5_%D0%AD%D1%81%D1%82%D0%BE%D0%BD%D0%B8%D0%B8/%D0%9F%D0%B5%D1%80%D0%B2%D1%8B%D0%B5_%D0%BF%D0%BE%D1%81%D0%B5%D0%BB%D0%B5%D0%BD%D1%86%D1%8B_%D0%AD%D1%81%D1%82%D0%BE%D0%BD%D0%B8%D0%B8_%D0%B8_%D0%BD%D0%B0%D1%81%D1%82%D0%BE%D1%8F%D1%89%D0%B5%D0%B5_%D0%B2%D1%80%D0%B5%D0%BC%D1%8F/
		Date found in the API results: 2010-09-06T00:00:00
		Date found in the content of the page: None
		Different. The content of https://sputnik-meedia.ee/opinion/20210516/467903/Nepriglyadnoe-litso-pochemu-demokraticheskaya-Estoniya-teryaet-lyudey.html has distance with http://www.estonica.org/ru/%D0%9E%D0%B1%D1%89%D0%B5%D1%81%D1%82%D0%B2%D0%BE/%D0%9D%D0%B0%D1%81%D0%B5%D0%BB%D0%B5%D0%BD%D0%B8%D0%B5_%D0%AD%D1%81%D1%82%D0%BE%D0%BD%D0%B8%D0%B8/%D0%9F%D0%B5%D1%80%D0%B2%D1%8B%D0%B5_%D0%BF%D0%BE%D1%81%D0%B5%D0%BB%D0%B5%D0%BD%D1%86%D1%8B_%D0%AD%D1%81%D1%82%D0%BE%D0%BD%D0%B8%D0%B8_%D0%B8_%D0%BD%D0%B0%D1%81%D1%82%D0%BE%D1%8F%D1%89%D0%B5%D0%B5_%D0%B2%D1%80%D0%B5%D0%BC%D1%8F/ of: 0.2961. Discarding.
	Result [26]  Processing URL https://vm.ee/sites/default/files/content-editors/web-static/118/Kodakondsus_nov.07.pdf
		Date found in the API results: 2007-11-01T00:00:00
		Blacklisted url: https://vm.ee/sites/default/files/content-editors/web-static/118/Kodakondsus_nov.07.pdf.  Discarding.  
	Result [27]  Processing URL https://www.interfax.ru/interview/761414
		Date found in the API results: 2021-04-16T00:00:00
		The content of https://sputnik-meedia.ee/opinion/20210516/467903/Nepriglyadnoe-litso-pochemu-demokraticheskaya-Estoniya-teryaet-lyudey.html has distance with https://www.interfax.ru/interview/761414 of : 0.3189. Keeping.
		Adding to DB the URL https://www.interfax.ru/interview/761414
	Result [28]  Processing URL http://stage.estonica.ee/ru/%D0%9E%D0%B1%D1%89%D0%B5%D1%81%D1%82%D0%B2%D0%BE/%D0%97%D0%B0%D1%81%D0%B5%D0%BB%D0%B5%D0%BD%D0%B8%D0%B5_%D0%AD%D1%81%D1%82%D0%BE%D0%BD%D0%B8%D0%B8/%D0%97%D0%B0%D1%81%D0%B5%D0%BB%D0%B5%D0%BD%D0%BD%D0%BE%D1%81%D1%82%D1%8C_%D0%A2%D0%B0%D0%BB%D0%BB%D0%B8%D0%BD%D0%BD%D0%B0_/
		Date found in the content of the page: None
		Different. The content of https://sputnik-meedia.ee/opinion/20210516/467903/Nepriglyadnoe-litso-pochemu-demokraticheskaya-Estoniya-teryaet-lyudey.html has distance with http://stage.estonica.ee/ru/%D0%9E%D0%B1%D1%89%D0%B5%D1%81%D1%82%D0%B2%D0%BE/%D0%97%D0%B0%D1%81%D0%B5%D0%BB%D0%B5%D0%BD%D0%B8%D0%B5_%D0%AD%D1%81%D1%82%D0%BE%D0%BD%D0%B8%D0%B8/%D0%97%D0%B0%D1%81%D0%B5%D0%BB%D0%B5%D0%BD%D0%BD%D0%BE%D1%81%D1%82%D1%8C_%D0%A2%D0%B0%D0%BB%D0%BB%D0%B8%D0%BD%D0%BD%D0%B0_/ of: 0.296. Discarding.
	Result [29]  Processing URL http://www.iut.nu/wp-content/uploads/2017/07/The-relationship-between-Population-and-Housing.pdf
		Blacklisted url: http://www.iut.nu/wp-content/uploads/2017/07/The-relationship-between-Population-and-Housing.pdf.  Discarding.  
	Result [30]  Processing URL https://www.gazeta.ru/social/news/2021/04/02/n_15815456.shtml
		Date found in the API results: 2021-04-02T00:00:00
		Date found in the URL: 2021-04-02 00:00:00
		The content of https://sputnik-meedia.ee/opinion/20210516/467903/Nepriglyadnoe-litso-pochemu-demokraticheskaya-Estoniya-teryaet-lyudey.html has distance with https://www.gazeta.ru/social/news/2021/04/02/n_15815456.shtml of : 0.3007. Keeping.
		Adding to DB the URL https://www.gazeta.ru/social/news/2021/04/02/n_15815456.shtml
	Result [31]  Processing URL https://nv.ua/ukraine/events/perepis-naseleniya-ukraincev-vse-menshe-novosti-ukrainy-50067199.html
		Date found in the API results: 2020-02-01T00:00:00
		! Error getting the content of the web.
		! can't compare offset-naive and offset-aware datetimes
		<class 'TypeError'>
		The content of the pages were not string. Verify.
		Different. The content of https://sputnik-meedia.ee/opinion/20210516/467903/Nepriglyadnoe-litso-pochemu-demokraticheskaya-Estoniya-teryaet-lyudey.html has distance with https://nv.ua/ukraine/events/perepis-naseleniya-ukraincev-vse-menshe-novosti-ukrainy-50067199.html of: False. Discarding.
	Result [32]  Processing URL https://unstats.un.org/unsd/methodology/m49/
		The content of https://sputnik-meedia.ee/opinion/20210516/467903/Nepriglyadnoe-litso-pochemu-demokraticheskaya-Estoniya-teryaet-lyudey.html has distance with https://unstats.un.org/unsd/methodology/m49/ of : 0.3328. Keeping.
		Adding to DB the URL https://unstats.un.org/unsd/methodology/m49/
	Result [33]  Processing URL https://dic.academic.ru/dic.nsf/enc_geo/5786/%D0%AD%D1%81%D1%82%D0%BE%D0%BD%D0%B8%D1%8F
		Date found in the content of the page: None
		Different. The content of https://sputnik-meedia.ee/opinion/20210516/467903/Nepriglyadnoe-litso-pochemu-demokraticheskaya-Estoniya-teryaet-lyudey.html has distance with https://dic.academic.ru/dic.nsf/enc_geo/5786/%D0%AD%D1%81%D1%82%D0%BE%D0%BD%D0%B8%D1%8F of: 0.2978. Discarding.
	Result [34]  Processing URL https://rus.err.ee/210884/sokrawenie-naselenija-jestonii-zamedlilos
		Date found in the API results: 2015-05-04T00:00:00
		Different. The content of https://sputnik-meedia.ee/opinion/20210516/467903/Nepriglyadnoe-litso-pochemu-demokraticheskaya-Estoniya-teryaet-lyudey.html has distance with https://rus.err.ee/210884/sokrawenie-naselenija-jestonii-zamedlilos of: 0.2911. Discarding.
	Result [35]  Processing URL https://www.belta.by/society/view/v-belarusi-na-nachalo-2021-goda-prozhivalo-okolo-935-mln-chelovek-belstat-436531-2021/
		Date found in the API results: 2021-04-09T00:00:00
		! Error getting the content of the web.
		! can't compare offset-naive and offset-aware datetimes
		<class 'TypeError'>
		The content of the pages were not string. Verify.
		Different. The content of https://sputnik-meedia.ee/opinion/20210516/467903/Nepriglyadnoe-litso-pochemu-demokraticheskaya-Estoniya-teryaet-lyudey.html has distance with https://www.belta.by/society/view/v-belarusi-na-nachalo-2021-goda-prozhivalo-okolo-935-mln-chelovek-belstat-436531-2021/ of: False. Discarding.
	Result [36]  Processing URL https://lv.baltnews.com/Saeima_elections/20210101/1024446926/Kak-izmenilas-chislennost-naseleniya-Latvii-za-tridtsat-let.html
		Date found in the API results: 2021-01-01T00:00:00
		Date found in the URL: 2021-01-01 00:00:00
		The content of https://sputnik-meedia.ee/opinion/20210516/467903/Nepriglyadnoe-litso-pochemu-demokraticheskaya-Estoniya-teryaet-lyudey.html has distance with https://lv.baltnews.com/Saeima_elections/20210101/1024446926/Kak-izmenilas-chislennost-naseleniya-Latvii-za-tridtsat-let.html of : 0.4319. Keeping.
		Adding to DB the URL https://lv.baltnews.com/Saeima_elections/20210101/1024446926/Kak-izmenilas-chislennost-naseleniya-Latvii-za-tridtsat-let.html
	Result [37]  Processing URL https://eesti200.ee/%D0%BF%D1%80%D0%BE%D0%B3%D1%80%D0%B0%D0%BC%D0%BC%D0%B0-%D0%BF%D0%B0%D1%80%D1%82%D0%B8%D0%B8-%D1%8D%D1%8D%D1%81%D1%82%D0%B8-200/
		Different. The content of https://sputnik-meedia.ee/opinion/20210516/467903/Nepriglyadnoe-litso-pochemu-demokraticheskaya-Estoniya-teryaet-lyudey.html has distance with https://eesti200.ee/%D0%BF%D1%80%D0%BE%D0%B3%D1%80%D0%B0%D0%BC%D0%BC%D0%B0-%D0%BF%D0%B0%D1%80%D1%82%D0%B8%D0%B8-%D1%8D%D1%8D%D1%81%D1%82%D0%B8-200/ of: 0.2809. Discarding.
	Result [38]  Processing URL http://www.demoscope.ru/weekly/033/evro01.php
		Date found in the content of the page: None
		Different. The content of https://sputnik-meedia.ee/opinion/20210516/467903/Nepriglyadnoe-litso-pochemu-demokraticheskaya-Estoniya-teryaet-lyudey.html has distance with http://www.demoscope.ru/weekly/033/evro01.php of: 0.2624. Discarding.
	Result [39]  Processing URL http://newsep.com.ua/new/1193
		Date found in the API results: 2020-03-18T00:00:00
		Different. The content of https://sputnik-meedia.ee/opinion/20210516/467903/Nepriglyadnoe-litso-pochemu-demokraticheskaya-Estoniya-teryaet-lyudey.html has distance with http://newsep.com.ua/new/1193 of: 0.2903. Discarding.
	Result [40]  Processing URL http://www.baltic-course.com/rus/_analytics/?doc=63922
		Date found in the API results: 2012-10-05T00:00:00
		Different. The content of https://sputnik-meedia.ee/opinion/20210516/467903/Nepriglyadnoe-litso-pochemu-demokraticheskaya-Estoniya-teryaet-lyudey.html has distance with http://www.baltic-course.com/rus/_analytics/?doc=63922 of: 0.2268. Discarding.
	Result [41]  Processing URL https://rus.lsm.lv/tema/naselenie/
		The content of https://sputnik-meedia.ee/opinion/20210516/467903/Nepriglyadnoe-litso-pochemu-demokraticheskaya-Estoniya-teryaet-lyudey.html has distance with https://rus.lsm.lv/tema/naselenie/ of : 0.3719. Keeping.
		Adding to DB the URL https://rus.lsm.lv/tema/naselenie/
	Result [42]  Processing URL http://old.memo.ru/history/diss/books/alexeewa/chapter4.htm
		Date found in the content of the page: None
		Different. The content of https://sputnik-meedia.ee/opinion/20210516/467903/Nepriglyadnoe-litso-pochemu-demokraticheskaya-Estoniya-teryaet-lyudey.html has distance with http://old.memo.ru/history/diss/books/alexeewa/chapter4.htm of: 0.1727. Discarding.
	Result [43]  Processing URL https://context.reverso.net/traduccion/espanol-ruso/la+restauraci%C3%B3n+de+la+independencia
		Date found in the content of the page: None
		Different. The content of https://sputnik-meedia.ee/opinion/20210516/467903/Nepriglyadnoe-litso-pochemu-demokraticheskaya-Estoniya-teryaet-lyudey.html has distance with https://context.reverso.net/traduccion/espanol-ruso/la+restauraci%C3%B3n+de+la+independencia of: 0.2810903944372654. Discarding.
	Result [44]  Processing URL https://www.tallinn.ee/rus/Stolitsa-Savisaar-gorditsja-Tallinnom-i-trevozhitsja-za-Estoniju
		Date found in the API results: 2013-08-19T00:00:00
		The content of https://sputnik-meedia.ee/opinion/20210516/467903/Nepriglyadnoe-litso-pochemu-demokraticheskaya-Estoniya-teryaet-lyudey.html has distance with https://www.tallinn.ee/rus/Stolitsa-Savisaar-gorditsja-Tallinnom-i-trevozhitsja-za-Estoniju of : 0.3167. Keeping.
		Adding to DB the URL https://www.tallinn.ee/rus/Stolitsa-Savisaar-gorditsja-Tallinnom-i-trevozhitsja-za-Estoniju
	Result [45]  Processing URL https://nv.ua/ukraine/events/perepis-naseleniya-ukraincev-vse-menshe-novosti-ukrainy-50067199.html
		Date found in the API results: 2020-02-01T00:00:00
		! Error getting the content of the web.
		! can't compare offset-naive and offset-aware datetimes
		<class 'TypeError'>
		The content of the pages were not string. Verify.
		Different. The content of https://sputnik-meedia.ee/opinion/20210516/467903/Nepriglyadnoe-litso-pochemu-demokraticheskaya-Estoniya-teryaet-lyudey.html has distance with https://nv.ua/ukraine/events/perepis-naseleniya-ukraincev-vse-menshe-novosti-ukrainy-50067199.html of: False. Discarding.
	Result [46]  Processing URL https://unstats.un.org/unsd/methodology/m49/
		The content of https://sputnik-meedia.ee/opinion/20210516/467903/Nepriglyadnoe-litso-pochemu-demokraticheskaya-Estoniya-teryaet-lyudey.html has distance with https://unstats.un.org/unsd/methodology/m49/ of : 0.3328. Keeping.
		Adding to DB the URL https://unstats.un.org/unsd/methodology/m49/
	Result [47]  Processing URL https://life.ru/p/1359313
		Date found in the API results: 2020-12-20T00:00:00
		The content of https://sputnik-meedia.ee/opinion/20210516/467903/Nepriglyadnoe-litso-pochemu-demokraticheskaya-Estoniya-teryaet-lyudey.html has distance with https://life.ru/p/1359313 of : 0.3041. Keeping.
		Adding to DB the URL https://life.ru/p/1359313
	Result [48]  Processing URL https://www.vsemirnyjbank.org/ru/news/feature/2017/11/30/cities-in-eastern-europe-and-central-asia
		Date found in the API results: 2017-11-29T00:00:00
		Date found in the content of the page: None
		The content of https://sputnik-meedia.ee/opinion/20210516/467903/Nepriglyadnoe-litso-pochemu-demokraticheskaya-Estoniya-teryaet-lyudey.html has distance with https://www.vsemirnyjbank.org/ru/news/feature/2017/11/30/cities-in-eastern-europe-and-central-asia of : 0.3321. Keeping.
		Adding to DB the URL https://www.vsemirnyjbank.org/ru/news/feature/2017/11/30/cities-in-eastern-europe-and-central-asia
	Result [49]  Processing URL https://russiancouncil.ru/analytics-and-comments/analytics/paradoksy-russkoy-karty-v-estonii/
		Date found in the API results: 2019-11-27T00:00:00
		Date found in the content of the page: None
		Different. The content of https://sputnik-meedia.ee/opinion/20210516/467903/Nepriglyadnoe-litso-pochemu-demokraticheskaya-Estoniya-teryaet-lyudey.html has distance with https://russiancouncil.ru/analytics-and-comments/analytics/paradoksy-russkoy-karty-v-estonii/ of: 0.2023. Discarding.
	Result [50]  Processing URL https://travelask.ru/blog/posts/10711-vymirayuschie-okrainy-evrosoyuza-naselenie-pribaltiki-katast
		Date found in the API results: 2018-02-23T00:00:00
		The content of https://sputnik-meedia.ee/opinion/20210516/467903/Nepriglyadnoe-litso-pochemu-demokraticheskaya-Estoniya-teryaet-lyudey.html has distance with https://travelask.ru/blog/posts/10711-vymirayuschie-okrainy-evrosoyuza-naselenie-pribaltiki-katast of : 0.3197. Keeping.
		Adding to DB the URL https://travelask.ru/blog/posts/10711-vymirayuschie-okrainy-evrosoyuza-naselenie-pribaltiki-katast
	Result [51]  Processing URL https://www.eurozine.com/the-proud-estonian-2/
		Date found in the API results: 2012-06-18T00:00:00
		Different. The content of https://sputnik-meedia.ee/opinion/20210516/467903/Nepriglyadnoe-litso-pochemu-demokraticheskaya-Estoniya-teryaet-lyudey.html has distance with https://www.eurozine.com/the-proud-estonian-2/ of: 0.1986. Discarding.
	Result [52]  Processing URL https://www.belta.by/society/view/v-belarusi-na-nachalo-2021-goda-prozhivalo-okolo-935-mln-chelovek-belstat-436531-2021/
		Date found in the API results: 2021-04-09T00:00:00
		! Error getting the content of the web.
		! can't compare offset-naive and offset-aware datetimes
		<class 'TypeError'>
		The content of the pages were not string. Verify.
		Different. The content of https://sputnik-meedia.ee/opinion/20210516/467903/Nepriglyadnoe-litso-pochemu-demokraticheskaya-Estoniya-teryaet-lyudey.html has distance with https://www.belta.by/society/view/v-belarusi-na-nachalo-2021-goda-prozhivalo-okolo-935-mln-chelovek-belstat-436531-2021/ of: False. Discarding.
	Result [53]  Processing URL https://lv.baltnews.com/Saeima_elections/20210101/1024446926/Kak-izmenilas-chislennost-naseleniya-Latvii-za-tridtsat-let.html
		Date found in the API results: 2021-01-01T00:00:00
		Date found in the URL: 2021-01-01 00:00:00
		The content of https://sputnik-meedia.ee/opinion/20210516/467903/Nepriglyadnoe-litso-pochemu-demokraticheskaya-Estoniya-teryaet-lyudey.html has distance with https://lv.baltnews.com/Saeima_elections/20210101/1024446926/Kak-izmenilas-chislennost-naseleniya-Latvii-za-tridtsat-let.html of : 0.4319. Keeping.
		Adding to DB the URL https://lv.baltnews.com/Saeima_elections/20210101/1024446926/Kak-izmenilas-chislennost-naseleniya-Latvii-za-tridtsat-let.html
	Result [54]  Processing URL https://eesti200.ee/%D0%BF%D1%80%D0%BE%D0%B3%D1%80%D0%B0%D0%BC%D0%BC%D0%B0-%D0%BF%D0%B0%D1%80%D1%82%D0%B8%D0%B8-%D1%8D%D1%8D%D1%81%D1%82%D0%B8-200/
		Different. The content of https://sputnik-meedia.ee/opinion/20210516/467903/Nepriglyadnoe-litso-pochemu-demokraticheskaya-Estoniya-teryaet-lyudey.html has distance with https://eesti200.ee/%D0%BF%D1%80%D0%BE%D0%B3%D1%80%D0%B0%D0%BC%D0%BC%D0%B0-%D0%BF%D0%B0%D1%80%D1%82%D0%B8%D0%B8-%D1%8D%D1%8D%D1%81%D1%82%D0%B8-200/ of: 0.2809. Discarding.
	Result [55]  Processing URL https://ia-centr.ru/experts/1176/
		The content of https://sputnik-meedia.ee/opinion/20210516/467903/Nepriglyadnoe-litso-pochemu-demokraticheskaya-Estoniya-teryaet-lyudey.html has distance with https://ia-centr.ru/experts/1176/ of : 0.3113. Keeping.
		Adding to DB the URL https://ia-centr.ru/experts/1176/
	Result [56]  Processing URL https://polit.ru/article/2020/08/21/toread/
		Date found in the API results: 2020-08-21T00:00:00
		Date found in the URL: 2020-08-21 00:00:00
		The content of https://sputnik-meedia.ee/opinion/20210516/467903/Nepriglyadnoe-litso-pochemu-demokraticheskaya-Estoniya-teryaet-lyudey.html has distance with https://polit.ru/article/2020/08/21/toread/ of : 0.3294. Keeping.
		Adding to DB the URL https://polit.ru/article/2020/08/21/toread/
	Result [57]  Processing URL https://asiaplustj.info/ru/news/tajikistan/society/20210329/rozhdaemost-vsyo-vishe-zemli-vsyo-menshe
		Date found in the API results: 2021-03-29T00:00:00
		Date found in the URL: 2021-03-29 00:00:00
		The content of https://sputnik-meedia.ee/opinion/20210516/467903/Nepriglyadnoe-litso-pochemu-demokraticheskaya-Estoniya-teryaet-lyudey.html has distance with https://asiaplustj.info/ru/news/tajikistan/society/20210329/rozhdaemost-vsyo-vishe-zemli-vsyo-menshe of : 0.3109. Keeping.
		Adding to DB the URL https://asiaplustj.info/ru/news/tajikistan/society/20210329/rozhdaemost-vsyo-vishe-zemli-vsyo-menshe
	Result [58]  Processing URL https://www.jour.fnisc.ru/index.php/socjour/article/download/171/171
		Date found in the content of the page: None
		Different. The content of https://sputnik-meedia.ee/opinion/20210516/467903/Nepriglyadnoe-litso-pochemu-demokraticheskaya-Estoniya-teryaet-lyudey.html has distance with https://www.jour.fnisc.ru/index.php/socjour/article/download/171/171 of: 0.1527. Discarding.
	Result [59]  Processing URL https://www.dissercat.com/content/osobennosti-adaptatsii-russkoyazychnogo-naseleniya-stran-baltii-k-sovremennym-sotsialno-poli
		Date found in the content of the page: None
		The content of https://sputnik-meedia.ee/opinion/20210516/467903/Nepriglyadnoe-litso-pochemu-demokraticheskaya-Estoniya-teryaet-lyudey.html has distance with https://www.dissercat.com/content/osobennosti-adaptatsii-russkoyazychnogo-naseleniya-stran-baltii-k-sovremennym-sotsialno-poli of : 0.3242. Keeping.
		Adding to DB the URL https://www.dissercat.com/content/osobennosti-adaptatsii-russkoyazychnogo-naseleniya-stran-baltii-k-sovremennym-sotsialno-poli
	Result [60]  Processing URL https://openknowledge.worldbank.org/bitstream/handle/10986/34947/154865RU.pdf?sequence=5
		Blacklisted url: https://openknowledge.worldbank.org/bitstream/handle/10986/34947/154865RU.pdf?sequence=5.  Discarding.  
	Result [61]  Processing URL https://www.aravot-ru.am/2021/07/09/360743/
		Date found in the API results: None
		Date found in the URL: 2021-07-09 00:00:00
		Different. The content of https://sputnik-meedia.ee/opinion/20210516/467903/Nepriglyadnoe-litso-pochemu-demokraticheskaya-Estoniya-teryaet-lyudey.html has distance with https://www.aravot-ru.am/2021/07/09/360743/ of: 0.24920127795527156. Discarding.
	Result [62]  Processing URL https://echo.msk.ru/news/2866606-echo.html
		Date found in the API results: None
		The content of https://sputnik-meedia.ee/opinion/20210516/467903/Nepriglyadnoe-litso-pochemu-demokraticheskaya-Estoniya-teryaet-lyudey.html has distance with https://echo.msk.ru/news/2866606-echo.html of : 0.3059. Keeping.
		Adding to DB the URL https://echo.msk.ru/news/2866606-echo.html
	Result [63]  Processing URL http://press-club.by/download/DD_10.pdf
		Blacklisted url: http://press-club.by/download/DD_10.pdf.  Discarding.  
	Result [64]  Processing URL https://yandex.ru/news/story/Estestvennaya_ubyl_naseleniya_Nizhegorodskoj_oblasti_vyrosla_pochti_na49--090c1d01ad3a8ae06e037ceab9bf32c0?lang=ru&rubric=index&fan=1&stid=O1IyTag3OxCSHeZ7kzbb&t=1626106802&persistent_id=152670284
		Different. The content of https://sputnik-meedia.ee/opinion/20210516/467903/Nepriglyadnoe-litso-pochemu-demokraticheskaya-Estoniya-teryaet-lyudey.html has distance with https://yandex.ru/news/story/Estestvennaya_ubyl_naseleniya_Nizhegorodskoj_oblasti_vyrosla_pochti_na49--090c1d01ad3a8ae06e037ceab9bf32c0?lang=ru&rubric=index&fan=1&stid=O1IyTag3OxCSHeZ7kzbb&t=1626106802&persistent_id=152670284 of: 0.2941. Discarding.
	Result [65]  Processing URL https://mukola.net/islandiia-obiavila-ob-yspehe-eksperimenta-s-chetyrehdnevnoi-rabochei-nedelei/
		Date found in the API results: None
		Different. The content of https://sputnik-meedia.ee/opinion/20210516/467903/Nepriglyadnoe-litso-pochemu-demokraticheskaya-Estoniya-teryaet-lyudey.html has distance with https://mukola.net/islandiia-obiavila-ob-yspehe-eksperimenta-s-chetyrehdnevnoi-rabochei-nedelei/ of: 0.2498. Discarding.
	Result [66]  Processing URL https://www.simplbooks.ee/ru/2021/01/%D0%BA%D0%BE%D0%B3%D0%B4%D0%B0-%D0%B2-2021-2022-%D0%B3%D0%BE%D0%B4%D1%83-%D0%B2-%D1%8D%D1%81%D1%82%D0%BE%D0%BD%D0%B8%D0%B8-%D0%B3%D0%BE%D1%81%D1%83%D0%B4%D0%B0%D1%80%D1%81%D1%82%D0%B2%D0%B5%D0%BD/
		Date found in the API results: 2021-01-05T00:00:00
		Different. The content of https://sputnik-meedia.ee/opinion/20210516/467903/Nepriglyadnoe-litso-pochemu-demokraticheskaya-Estoniya-teryaet-lyudey.html has distance with https://www.simplbooks.ee/ru/2021/01/%D0%BA%D0%BE%D0%B3%D0%B4%D0%B0-%D0%B2-2021-2022-%D0%B3%D0%BE%D0%B4%D1%83-%D0%B2-%D1%8D%D1%81%D1%82%D0%BE%D0%BD%D0%B8%D0%B8-%D0%B3%D0%BE%D1%81%D1%83%D0%B4%D0%B0%D1%80%D1%81%D1%82%D0%B2%D0%B5%D0%BD/ of: 0.2746. Discarding.
	Result [67]  Processing URL https://gorod.lv/novosti/tema/%D0%B4%D0%B5%D0%BC%D0%BE%D0%B3%D1%80%D0%B0%D1%84%D0%B8%D1%8F
		The content of https://sputnik-meedia.ee/opinion/20210516/467903/Nepriglyadnoe-litso-pochemu-demokraticheskaya-Estoniya-teryaet-lyudey.html has distance with https://gorod.lv/novosti/tema/%D0%B4%D0%B5%D0%BC%D0%BE%D0%B3%D1%80%D0%B0%D1%84%D0%B8%D1%8F of : 0.3721. Keeping.
		Adding to DB the URL https://gorod.lv/novosti/tema/%D0%B4%D0%B5%D0%BC%D0%BE%D0%B3%D1%80%D0%B0%D1%84%D0%B8%D1%8F
	Result [68]  Processing URL https://www.the-village.ru/city/stories/vaktsina-vektora
		Date found in the API results: None
		The content of https://sputnik-meedia.ee/opinion/20210516/467903/Nepriglyadnoe-litso-pochemu-demokraticheskaya-Estoniya-teryaet-lyudey.html has distance with https://www.the-village.ru/city/stories/vaktsina-vektora of : 0.307. Keeping.
		Adding to DB the URL https://www.the-village.ru/city/stories/vaktsina-vektora
	Result [69]  Processing URL https://www.eesti.ee/ru/estonskaa-respublika/estonskaa-respublika/
		Date found in the API results: 2021-01-05T00:00:00
		Date found in the content of the page: None
		Different. The content of https://sputnik-meedia.ee/opinion/20210516/467903/Nepriglyadnoe-litso-pochemu-demokraticheskaya-Estoniya-teryaet-lyudey.html has distance with https://www.eesti.ee/ru/estonskaa-respublika/estonskaa-respublika/ of: 0.20854021847070506. Discarding.
	Result [70]  Processing URL https://baltija.eu/2021/07/09/mid-rossii-o-situaczii-s-pravami-cheloveka-v-estonii/
		Date found in the API results: None
		Date found in the URL: 2021-07-09 00:00:00
		Different. The content of https://sputnik-meedia.ee/opinion/20210516/467903/Nepriglyadnoe-litso-pochemu-demokraticheskaya-Estoniya-teryaet-lyudey.html has distance with https://baltija.eu/2021/07/09/mid-rossii-o-situaczii-s-pravami-cheloveka-v-estonii/ of: 0.2677. Discarding.
	Result [71]  Processing URL https://globalaffairs.ru/articles/neuzheli-demografiya-eto-sudba/
		! Error getting the content of the web.
		! can't compare offset-naive and offset-aware datetimes
		<class 'TypeError'>
		The content of the pages were not string. Verify.
		Different. The content of https://sputnik-meedia.ee/opinion/20210516/467903/Nepriglyadnoe-litso-pochemu-demokraticheskaya-Estoniya-teryaet-lyudey.html has distance with https://globalaffairs.ru/articles/neuzheli-demografiya-eto-sudba/ of: False. Discarding.
	Result [72]  Processing URL https://www.oiguskantsler.ee/ru/vse-deti-v-estonii-ravny
		Different. The content of https://sputnik-meedia.ee/opinion/20210516/467903/Nepriglyadnoe-litso-pochemu-demokraticheskaya-Estoniya-teryaet-lyudey.html has distance with https://www.oiguskantsler.ee/ru/vse-deti-v-estonii-ravny of: 0.2799. Discarding.
	Result [73]  Processing URL https://www.bbc.com/russian/international/2009/09/090918_in_depth_estonia
		Date found in the API results: 2009-09-18T00:00:00
		Different. The content of https://sputnik-meedia.ee/opinion/20210516/467903/Nepriglyadnoe-litso-pochemu-demokraticheskaya-Estoniya-teryaet-lyudey.html has distance with https://www.bbc.com/russian/international/2009/09/090918_in_depth_estonia of: 0.2955. Discarding.
	Result [74]  Processing URL https://www.kstu.kz/wp-content/uploads/2014/01/Demograficheskaya-istoriya-Kazahstana.pdf
		Blacklisted url: https://www.kstu.kz/wp-content/uploads/2014/01/Demograficheskaya-istoriya-Kazahstana.pdf.  Discarding.  
	Result [75]  Processing URL https://www.dairynews.ru/news/sokrashcheni454e-dokhodov-naseleniya-mozhet-privesti-.html
		Date found in the API results: 2021-05-24T00:00:00
		Different. The content of https://sputnik-meedia.ee/opinion/20210516/467903/Nepriglyadnoe-litso-pochemu-demokraticheskaya-Estoniya-teryaet-lyudey.html has distance with https://www.dairynews.ru/news/sokrashcheni454e-dokhodov-naseleniya-mozhet-privesti-.html of: 0.2981. Discarding.
	Result [76]  Processing URL http://uzalo48.lipetsk.ru/node/145
		Date found in the content of the page: None
		The content of https://sputnik-meedia.ee/opinion/20210516/467903/Nepriglyadnoe-litso-pochemu-demokraticheskaya-Estoniya-teryaet-lyudey.html has distance with http://uzalo48.lipetsk.ru/node/145 of : 0.3023. Keeping.
		Adding to DB the URL http://uzalo48.lipetsk.ru/node/145
	Result [77]  Processing URL https://lv.sputniknews.ru/Baltics/20180517/8285334/Kirshtejns-otberem-grazhdanstvo-pary-tysjach-bolshe-ne-pojdut-mitingi.html
		Date found in the API results: 2018-05-17T00:00:00
		The content of https://sputnik-meedia.ee/opinion/20210516/467903/Nepriglyadnoe-litso-pochemu-demokraticheskaya-Estoniya-teryaet-lyudey.html has distance with https://lv.sputniknews.ru/Baltics/20180517/8285334/Kirshtejns-otberem-grazhdanstvo-pary-tysjach-bolshe-ne-pojdut-mitingi.html of : 0.3585. Keeping.
		Adding to DB the URL https://lv.sputniknews.ru/Baltics/20180517/8285334/Kirshtejns-otberem-grazhdanstvo-pary-tysjach-bolshe-ne-pojdut-mitingi.html
	Result [78]  Processing URL http://www.estemb.ru/static/files/048/_1.pdf
		Date found in the API results: 2013-04-01T00:00:00
		Blacklisted url: http://www.estemb.ru/static/files/048/_1.pdf.  Discarding.  
	Result [79]  Processing URL https://geo11-vpr.sdamgia.ru/test?theme=10&ttest=true
		The content of https://sputnik-meedia.ee/opinion/20210516/467903/Nepriglyadnoe-litso-pochemu-demokraticheskaya-Estoniya-teryaet-lyudey.html has distance with https://geo11-vpr.sdamgia.ru/test?theme=10&ttest=true of : 0.3463. Keeping.
		Adding to DB the URL https://geo11-vpr.sdamgia.ru/test?theme=10&ttest=true
	Result [80]  Processing URL https://history.wikireading.ru/342082
		Date found in the content of the page: None
		Different. The content of https://sputnik-meedia.ee/opinion/20210516/467903/Nepriglyadnoe-litso-pochemu-demokraticheskaya-Estoniya-teryaet-lyudey.html has distance with https://history.wikireading.ru/342082 of: 0.2501. Discarding.
	Result [81]  Processing URL https://news-front.info/2021/07/07/reforma-ot-vsemirnogo-banka-na-ukraine-planiruyut-zakryt-bolee-40-universitetov/
		Date found in the API results: None
		Date found in the URL: 2021-07-07 00:00:00
		Different. The content of https://sputnik-meedia.ee/opinion/20210516/467903/Nepriglyadnoe-litso-pochemu-demokraticheskaya-Estoniya-teryaet-lyudey.html has distance with https://news-front.info/2021/07/07/reforma-ot-vsemirnogo-banka-na-ukraine-planiruyut-zakryt-bolee-40-universitetov/ of: 0.2893. Discarding.
	Result [82]  Processing URL https://www.obzor.lt/blogs/bp16518.html
		Date found in the API results: None
		Date found in the content of the page: None
		The content of https://sputnik-meedia.ee/opinion/20210516/467903/Nepriglyadnoe-litso-pochemu-demokraticheskaya-Estoniya-teryaet-lyudey.html has distance with https://www.obzor.lt/blogs/bp16518.html of : 0.3005. Keeping.
		Adding to DB the URL https://www.obzor.lt/blogs/bp16518.html
	Result [83]  Processing URL http://polit.reactor.cc/post/4852062
		Date found in the API results: None
		The content of https://sputnik-meedia.ee/opinion/20210516/467903/Nepriglyadnoe-litso-pochemu-demokraticheskaya-Estoniya-teryaet-lyudey.html has distance with http://polit.reactor.cc/post/4852062 of : 0.3074. Keeping.
		Adding to DB the URL http://polit.reactor.cc/post/4852062
	Result [84]  Processing URL https://for-ua.com/article/426446
		Different. The content of https://sputnik-meedia.ee/opinion/20210516/467903/Nepriglyadnoe-litso-pochemu-demokraticheskaya-Estoniya-teryaet-lyudey.html has distance with https://for-ua.com/article/426446 of: 0.2997. Discarding.
	Result [85]  Processing URL https://iarex.ru/fd-non/as/page1741.html
		The content of https://sputnik-meedia.ee/opinion/20210516/467903/Nepriglyadnoe-litso-pochemu-demokraticheskaya-Estoniya-teryaet-lyudey.html has distance with https://iarex.ru/fd-non/as/page1741.html of : 0.3017. Keeping.
		Adding to DB the URL https://iarex.ru/fd-non/as/page1741.html
	Result [86]  Processing URL https://aftershock.news/?q=node/994613
		Date found in the API results: None
		Different. The content of https://sputnik-meedia.ee/opinion/20210516/467903/Nepriglyadnoe-litso-pochemu-demokraticheskaya-Estoniya-teryaet-lyudey.html has distance with https://aftershock.news/?q=node/994613 of: 0.2523. Discarding.

== Level 0. Twitter search by title as Почему в независимой Эстонии население сокращается
https://api.twitter.com/2/tweets/search/all?query=%22%D0%9F%D0%BE%D1%87%D0%B5%D0%BC%D1%83+%D0%B2+%D0%BD%D0%B5%D0%B7%D0%B0%D0%B2%D0%B8%D1%81%D0%B8%D0%BC%D0%BE%D0%B9+%D0%AD%D1%81%D1%82%D0%BE%D0%BD%D0%B8%D0%B8+%D0%BD%D0%B0%D1%81%D0%B5%D0%BB%D0%B5%D0%BD%D0%B8%D0%B5+%D1%81%D0%BE%D0%BA%D1%80%D0%B0%D1%89%D0%B0%D0%B5%D1%82%D1%81%D1%8F%22&max_results=100&tweet.fields=author_id%2Cpublic_metrics%2Ccreated_at&start_time=2020-07-12T18%3A50%3A35.154689Z
	Downloaded 0 twitter content

== Level 0. VK search by title as Почему в независимой Эстонии население сокращается
	Result [0]  Processing URL https://vk.com/id-51890114?w=wall-51890114_159196. Date: 2021-07-03 13:52:24
	Result [1]  Processing URL https://vk.com/id-68355823?w=wall-68355823_216854. Date: 2021-06-16 11:00:02
	Result [2]  Processing URL https://vk.com/id104432788?w=wall104432788_21889. Date: 2021-06-16 03:06:01
	Result [3]  Processing URL https://vk.com/id-157335818?w=wall-157335818_529939. Date: 2021-06-15 13:01:00
	Result [4]  Processing URL https://vk.com/id-187455997?w=wall-187455997_23731. Date: 2021-06-15 10:30:26
	Result [5]  Processing URL https://vk.com/id-102868701?w=wall-102868701_341353. Date: 2021-06-15 08:00:03
	Result [6]  Processing URL https://vk.com/id-199106350?w=wall-199106350_12747. Date: 2021-06-14 13:50:15
	Result [7]  Processing URL https://vk.com/id-64224759?w=wall-64224759_45086. Date: 2021-06-14 13:49:29
	Result [8]  Processing URL https://vk.com/id-27347418?w=wall-27347418_62495. Date: 2021-06-14 13:47:33
	Result [9]  Processing URL https://vk.com/id-24834583?w=wall-24834583_52896. Date: 2021-05-15 16:00:05
	Result [10]  Processing URL https://vk.com/id-60932039?w=wall-60932039_979301. Date: 2021-05-12 12:30:02
	Result [11]  Processing URL https://vk.com/id-61324059?w=wall-61324059_80052. Date: 2021-05-10 07:00:24
	Result [12]  Processing URL https://vk.com/id-164239893?w=wall-164239893_417241. Date: 2021-05-06 05:00:02
	Result [13]  Processing URL https://vk.com/id-189355686?w=wall-189355686_9466. Date: 2021-04-25 08:00:05
	Result [14]  Processing URL https://vk.com/id18854038?w=wall18854038_265376. Date: 2021-04-24 06:39:59
	Result [15]  Processing URL https://vk.com/id-203736923?w=wall-203736923_141. Date: 2021-04-20 14:45:00
	Result [16]  Processing URL https://vk.com/id-189355686?w=wall-189355686_9267. Date: 2021-04-06 09:00:06
	Result [17]  Processing URL https://vk.com/id425973181?w=wall425973181_2937. Date: 2021-03-31 10:32:37
	Result [18]  Processing URL https://vk.com/id-161516666?w=wall-161516666_9386. Date: 2021-03-27 16:00:01
	Result [19]  Processing URL https://vk.com/id-107523729?w=wall-107523729_71689. Date: 2021-03-11 15:00:07
	Result [20]  Processing URL https://vk.com/id528666255?w=wall528666255_4654. Date: 2021-02-24 09:22:09
	Result [21]  Processing URL https://vk.com/id-61324059?w=wall-61324059_78668. Date: 2021-02-20 12:00:24
	Result [22]  Processing URL https://vk.com/id287510981?w=wall287510981_6128. Date: 2021-01-18 07:13:36
	Result [23]  Processing URL https://vk.com/id-10113629?w=wall-10113629_40283. Date: 2021-01-17 18:14:00
	Result [24]  Processing URL https://vk.com/id198278457?w=wall198278457_16394. Date: 2021-01-17 15:27:43
	Result [25]  Processing URL https://vk.com/id-21758?w=wall-21758_209056. Date: 2021-01-11 15:21:25
	Result [26]  Processing URL https://vk.com/id-187131079?w=wall-187131079_1647. Date: 2021-01-02 17:58:28
	Result [27]  Processing URL https://vk.com/id-61324059?w=wall-61324059_77302. Date: 2020-12-03 17:00:29
	Result [28]  Processing URL https://vk.com/id-68578180?w=wall-68578180_616999. Date: 2020-12-02 09:04:39
	Result [29]  Processing URL https://vk.com/id-66621324?w=wall-66621324_3221265. Date: 2020-12-02 05:00:08
In total was found 30
