Searching the distribution graph of URL https://www.bbc.com/news/science-environment-52318539. Using 1 levels.

Main title: Coronavirus: Is there any evidence for lab release theory? - BBC News
In level 0 were found 1 urls including original

== Level 0. Google search by LINKS to https://www.bbc.com/news/science-environment-52318539
	Total amount of results retrieved: 112
	Result [1]  Processing URL https://www.bbc.co.uk/news/science-environment-52318539
		Date found in the API results: 2020-05-01T00:00:00
		The URL https://www.bbc.com/news/science-environment-52318539 IS in the content of site https://www.bbc.co.uk/news/science-environment-52318539  Keeping.
		Adding to DB the URL https://www.bbc.co.uk/news/science-environment-52318539
	Result [2]  Processing URL https://www.bbc.com/news/science-environment-52318539
		Date found in the API results: 2020-05-01T00:00:00
		Repeated url: https://www.bbc.com/news/science-environment-52318539.  Discarding.  
	Result [3]  Processing URL https://www.facebook.com/331161126970693/posts/coronavirus-is-there-any-evidence-for-lab-release-theoryby-paul-rincon-science-e/2911829332237180/
		Not in content. The URL https://www.bbc.com/news/science-environment-52318539 is not in the content of site https://www.facebook.com/331161126970693/posts/coronavirus-is-there-any-evidence-for-lab-release-theoryby-paul-rincon-science-e/2911829332237180/  Discarding.
	Result [4]  Processing URL https://news.ycombinator.com/item?id=26546497
		Not in content. The URL https://www.bbc.com/news/science-environment-52318539 is not in the content of site https://news.ycombinator.com/item?id=26546497  Discarding.
	Result [5]  Processing URL https://news.ycombinator.com/item?id=26546819
		Not in content. The URL https://www.bbc.com/news/science-environment-52318539 is not in the content of site https://news.ycombinator.com/item?id=26546819  Discarding.
	Result [6]  Processing URL http://wikipedia.us.nina.az/wiki/Special:MobileDiff/952374536
		The URL https://www.bbc.com/news/science-environment-52318539 IS in the content of site http://wikipedia.us.nina.az/wiki/Special:MobileDiff/952374536  Keeping.
		Adding to DB the URL http://wikipedia.us.nina.az/wiki/Special:MobileDiff/952374536
	Result [7]  Processing URL https://www.iheart.com/podcast/256-daily-emerald-30952084/episode/media-distrust-in-the-era-of-77718132/
		The URL https://www.bbc.com/news/science-environment-52318539 IS in the content of site https://www.iheart.com/podcast/256-daily-emerald-30952084/episode/media-distrust-in-the-era-of-77718132/  Keeping.
		Adding to DB the URL https://www.iheart.com/podcast/256-daily-emerald-30952084/episode/media-distrust-in-the-era-of-77718132/
	Result [8]  Processing URL https://books.google.com/books?id=iBcsEAAAQBAJ&pg=PA204&lpg=PA204&dq=https://www.bbc.com/news/science-environment-52318539&source=bl&ots=vJc4HlkSYv&sig=ACfU3U1sHlfu7F-yWsFYMMuqmHdCmr_dsA&hl=en&sa=X&ved=2ahUKEwiz0v-jht7xAhVDC94KHZU9CVYQ6AEwB3oECAwQAw
		Date found in the content of the page: None
		The URL https://www.bbc.com/news/science-environment-52318539 IS in the content of site https://books.google.com/books?id=iBcsEAAAQBAJ&pg=PA204&lpg=PA204&dq=https://www.bbc.com/news/science-environment-52318539&source=bl&ots=vJc4HlkSYv&sig=ACfU3U1sHlfu7F-yWsFYMMuqmHdCmr_dsA&hl=en&sa=X&ved=2ahUKEwiz0v-jht7xAhVDC94KHZU9CVYQ6AEwB3oECAwQAw  Keeping.
		Adding to DB the URL https://books.google.com/books?id=iBcsEAAAQBAJ&pg=PA204&lpg=PA204&dq=https://www.bbc.com/news/science-environment-52318539&source=bl&ots=vJc4HlkSYv&sig=ACfU3U1sHlfu7F-yWsFYMMuqmHdCmr_dsA&hl=en&sa=X&ved=2ahUKEwiz0v-jht7xAhVDC94KHZU9CVYQ6AEwB3oECAwQAw
	Result [9]  Processing URL http://www.davidweber.net/forums/viewtopic.php?f=16&t=10420&start=800
		The URL https://www.bbc.com/news/science-environment-52318539 IS in the content of site http://www.davidweber.net/forums/viewtopic.php?f=16&t=10420&start=800  Keeping.
		Adding to DB the URL http://www.davidweber.net/forums/viewtopic.php?f=16&t=10420&start=800
	Result [10]  Processing URL https://www.parlia.com/a/china-created-covid-19-attack-foreign-nations
		Date found in the API results: 2020-10-26T00:00:00
		The URL https://www.bbc.com/news/science-environment-52318539 IS in the content of site https://www.parlia.com/a/china-created-covid-19-attack-foreign-nations  Keeping.
		Adding to DB the URL https://www.parlia.com/a/china-created-covid-19-attack-foreign-nations
	Result [11]  Processing URL https://morokbarok.ru/news/science-environment-52318539.amp
		Not in content. The URL https://www.bbc.com/news/science-environment-52318539 is not in the content of site https://morokbarok.ru/news/science-environment-52318539.amp  Discarding.
	Result [12]  Processing URL https://link.springer.com/content/pdf/10.1007%2F978-3-030-62696-9_9.pdf
		Blacklisted url: https://link.springer.com/content/pdf/10.1007%2F978-3-030-62696-9_9.pdf.  Discarding.  
	Result [13]  Processing URL https://link.springer.com/chapter/10.1007/978-3-030-62696-9_9
		Date found in the API results: 2021-04-30T00:00:00
		Not in content. The URL https://www.bbc.com/news/science-environment-52318539 is not in the content of site https://link.springer.com/chapter/10.1007/978-3-030-62696-9_9  Discarding.
	Result [14]  Processing URL https://www.listennotes.com/da/top-episodes/paul-rincon/
		The URL https://www.bbc.com/news/science-environment-52318539 IS in the content of site https://www.listennotes.com/da/top-episodes/paul-rincon/  Keeping.
		Adding to DB the URL https://www.listennotes.com/da/top-episodes/paul-rincon/
	Result [15]  Processing URL https://www.bizcatalyst360.com/we-can-all-do-better/
		The URL https://www.bbc.com/news/science-environment-52318539 IS in the content of site https://www.bizcatalyst360.com/we-can-all-do-better/  Keeping.
		Adding to DB the URL https://www.bizcatalyst360.com/we-can-all-do-better/
	Result [16]  Processing URL https://japantoday.com/category/poll/Do-you-think-China-made-the-coronavirus-and-released-it-either-deliberately-or-by-accident-or-it-wasn't-manmade-
		Date found in the API results: 2020-09-23T00:00:00
		The URL https://www.bbc.com/news/science-environment-52318539 IS in the content of site https://japantoday.com/category/poll/Do-you-think-China-made-the-coronavirus-and-released-it-either-deliberately-or-by-accident-or-it-wasn't-manmade-  Keeping.
		Adding to DB the URL https://japantoday.com/category/poll/Do-you-think-China-made-the-coronavirus-and-released-it-either-deliberately-or-by-accident-or-it-wasn't-manmade-
	Result [17]  Processing URL https://www.duhocchina.com/wiki/en/Special:MobileDiff/1014331056
		The URL https://www.bbc.com/news/science-environment-52318539 IS in the content of site https://www.duhocchina.com/wiki/en/Special:MobileDiff/1014331056  Keeping.
		Adding to DB the URL https://www.duhocchina.com/wiki/en/Special:MobileDiff/1014331056
	Result [18]  Processing URL https://www.ncbi.nlm.nih.gov/pmc/articles/PMC7802553/
		Not in content. The URL https://www.bbc.com/news/science-environment-52318539 is not in the content of site https://www.ncbi.nlm.nih.gov/pmc/articles/PMC7802553/  Discarding.
	Result [19]  Processing URL https://webdiplomacy.net/contrib/phpBB3/viewtopic.php?f=8&t=2273&start=220
		The URL https://www.bbc.com/news/science-environment-52318539 IS in the content of site https://webdiplomacy.net/contrib/phpBB3/viewtopic.php?f=8&t=2273&start=220  Keeping.
		Adding to DB the URL https://webdiplomacy.net/contrib/phpBB3/viewtopic.php?f=8&t=2273&start=220
	Result [20]  Processing URL https://sites.imsa.edu/hadron/2020/06/03/origins-of-sars-cov-2/
		Date found in the URL: 2020-06-03 00:00:00
		The URL https://www.bbc.com/news/science-environment-52318539 IS in the content of site https://sites.imsa.edu/hadron/2020/06/03/origins-of-sars-cov-2/  Keeping.
		Adding to DB the URL https://sites.imsa.edu/hadron/2020/06/03/origins-of-sars-cov-2/
	Result [21]  Processing URL https://sites.imsa.edu/hadron/2020/06/03/origins-of-sars-cov-2/
		Date found in the URL: 2020-06-03 00:00:00
		The URL https://www.bbc.com/news/science-environment-52318539 IS in the content of site https://sites.imsa.edu/hadron/2020/06/03/origins-of-sars-cov-2/  Keeping.
		Adding to DB the URL https://sites.imsa.edu/hadron/2020/06/03/origins-of-sars-cov-2/
	Result [22]  Processing URL https://www.researchgate.net/publication/350515493_2_INVESTIGATION_OF_RaTG13_AND_THE_7896_CLADE
		Date found in the API results: 2021-04-02T00:00:00
		Not in content. The URL https://www.bbc.com/news/science-environment-52318539 is not in the content of site https://www.researchgate.net/publication/350515493_2_INVESTIGATION_OF_RaTG13_AND_THE_7896_CLADE  Discarding.
	Result [23]  Processing URL https://www.lancerregister.com/threads/anyone-here-got-the-chinese-virus.587489/page-10
		Date found in the API results: 2020-04-16T00:00:00
		Not in content. The URL https://www.bbc.com/news/science-environment-52318539 is not in the content of site https://www.lancerregister.com/threads/anyone-here-got-the-chinese-virus.587489/page-10  Discarding.
	Result [24]  Processing URL https://www.redhotpawn.com/forum/science/origins-of-covid-19.184807/page-3
		Date found in the content of the page: None
		Not in content. The URL https://www.bbc.com/news/science-environment-52318539 is not in the content of site https://www.redhotpawn.com/forum/science/origins-of-covid-19.184807/page-3  Discarding.
	Result [25]  Processing URL https://www.duhocchina.com/wiki/en/Special:MobileDiff/1014331056
		The URL https://www.bbc.com/news/science-environment-52318539 IS in the content of site https://www.duhocchina.com/wiki/en/Special:MobileDiff/1014331056  Keeping.
		Adding to DB the URL https://www.duhocchina.com/wiki/en/Special:MobileDiff/1014331056
	Result [26]  Processing URL https://in.avalanches.com/ajodhya__call_it_wuhan_viruschinese_virus_or_covid_19_lab_made_or_natural_i218701_09_05_2020
		Date found in the API results: 2020-05-09T00:00:00
		! Error getting the content of the web.
		! can't compare offset-naive and offset-aware datetimes
		<class 'TypeError'>
		Not in content. The URL https://www.bbc.com/news/science-environment-52318539 is not in the content of site https://in.avalanches.com/ajodhya__call_it_wuhan_viruschinese_virus_or_covid_19_lab_made_or_natural_i218701_09_05_2020  Discarding.
	Result [27]  Processing URL https://www.tandfonline.com/doi/pdf/10.1080/00396338.2020.1763610?needAccess=true
		Date found in the API results: 2020-04-18T00:00:00
		Date found in the URL: 2020-07-12 00:00:00
		Not in content. The URL https://www.bbc.com/news/science-environment-52318539 is not in the content of site https://www.tandfonline.com/doi/pdf/10.1080/00396338.2020.1763610?needAccess=true  Discarding.
	Result [28]  Processing URL https://european-science.com/eojnss/article/download/6101/2811
		Not in content. The URL https://www.bbc.com/news/science-environment-52318539 is not in the content of site https://european-science.com/eojnss/article/download/6101/2811  Discarding.
	Result [29]  Processing URL https://hn.boxpiper.com/u/saas_sam
		Date found in the content of the page: None
		Not in content. The URL https://www.bbc.com/news/science-environment-52318539 is not in the content of site https://hn.boxpiper.com/u/saas_sam  Discarding.
	Result [30]  Processing URL https://www.talkparrotlets.com/threads/hope-everyone-is-doing-okay.87293/
		Date found in the API results: 2020-03-18T00:00:00
		The URL https://www.bbc.com/news/science-environment-52318539 IS in the content of site https://www.talkparrotlets.com/threads/hope-everyone-is-doing-okay.87293/  Keeping.
		Adding to DB the URL https://www.talkparrotlets.com/threads/hope-everyone-is-doing-okay.87293/
	Result [31]  Processing URL https://threadreaderapp.com/thread/1251060754297602048.html
		The URL https://www.bbc.com/news/science-environment-52318539 IS in the content of site https://threadreaderapp.com/thread/1251060754297602048.html  Keeping.
		Adding to DB the URL https://threadreaderapp.com/thread/1251060754297602048.html
	Result [32]  Processing URL https://twitter.com/swetac/status/1348171718863450115
		Date found in the API results: 2021-01-09T00:00:00
		Date found in the content of the page: None
		Not in content. The URL https://www.bbc.com/news/science-environment-52318539 is not in the content of site https://twitter.com/swetac/status/1348171718863450115  Discarding.
	Result [33]  Processing URL https://www.academia.edu/42766720/Compendium_of_Sources_Part_10_The_Far_Right_Response_to_Covid-19--_Conspiracy_Theories_Disinformation_Disaster_Capitalism_Racist_Stereotype_the_New_Tea_Party_Movement_and_Catastrophe_Opportunism
		Not in content. The URL https://www.bbc.com/news/science-environment-52318539 is not in the content of site https://www.academia.edu/42766720/Compendium_of_Sources_Part_10_The_Far_Right_Response_to_Covid-19--_Conspiracy_Theories_Disinformation_Disaster_Capitalism_Racist_Stereotype_the_New_Tea_Party_Movement_and_Catastrophe_Opportunism  Discarding.
	Result [34]  Processing URL https://freethoughtblogs.com/singham/2020/04/26/the-utter-garbage-going-around-social-media/
		Date found in the API results: 2020-04-26T00:00:00
		Date found in the URL: 2020-04-26 00:00:00
		The URL https://www.bbc.com/news/science-environment-52318539 IS in the content of site https://freethoughtblogs.com/singham/2020/04/26/the-utter-garbage-going-around-social-media/  Keeping.
		Adding to DB the URL https://freethoughtblogs.com/singham/2020/04/26/the-utter-garbage-going-around-social-media/
	Result [35]  Processing URL https://www.ptleader.com/stories/social-engineering-for-a-new-normal,69819
		Date found in the API results: 2020-06-26T00:00:00
		The URL https://www.bbc.com/news/science-environment-52318539 IS in the content of site https://www.ptleader.com/stories/social-engineering-for-a-new-normal,69819  Keeping.
		Adding to DB the URL https://www.ptleader.com/stories/social-engineering-for-a-new-normal,69819
	Result [36]  Processing URL https://spanceptvideomarketing.com/what-is-the-origin-of-covid-19/
		Date found in the API results: 2020-09-19T00:00:00
		Date found in the content of the page: None
		Not in content. The URL https://www.bbc.com/news/science-environment-52318539 is not in the content of site https://spanceptvideomarketing.com/what-is-the-origin-of-covid-19/  Discarding.
	Result [37]  Processing URL https://www.fansnetwork.co.uk/football/westhamunited/forum/257449/origin-of-covid-19.-what-do-you-think/
		Not in content. The URL https://www.bbc.com/news/science-environment-52318539 is not in the content of site https://www.fansnetwork.co.uk/football/westhamunited/forum/257449/origin-of-covid-19.-what-do-you-think/  Discarding.
	Result [38]  Processing URL https://gist.github.com/deebs67/53bd1231a8059ffc314ba33dfe476713
		Not in content. The URL https://www.bbc.com/news/science-environment-52318539 is not in the content of site https://gist.github.com/deebs67/53bd1231a8059ffc314ba33dfe476713  Discarding.
	Result [39]  Processing URL https://www.bsbmun.com/uploads/5/8/4/4/58443581/bsbmun_ecosoc_study_guide.pdf
		Blacklisted url: https://www.bsbmun.com/uploads/5/8/4/4/58443581/bsbmun_ecosoc_study_guide.pdf.  Discarding.  
	Result [40]  Processing URL https://cofacts.tw/reply/-M8NJnIBb3SlMKoARhGp
		Date found in the API results: 2020-05-17T00:00:00
		The URL https://www.bbc.com/news/science-environment-52318539 IS in the content of site https://cofacts.tw/reply/-M8NJnIBb3SlMKoARhGp  Keeping.
		Adding to DB the URL https://cofacts.tw/reply/-M8NJnIBb3SlMKoARhGp
	Result [41]  Processing URL https://cofacts.tw/reply/-M8NJnIBb3SlMKoARhGp
		Date found in the API results: 2020-05-17T00:00:00
		The URL https://www.bbc.com/news/science-environment-52318539 IS in the content of site https://cofacts.tw/reply/-M8NJnIBb3SlMKoARhGp  Keeping.
		Adding to DB the URL https://cofacts.tw/reply/-M8NJnIBb3SlMKoARhGp
	Result [42]  Processing URL https://sph.nus.edu.sg/wp-content/uploads/2020/07/COVID-19-Science-Report-Country-Journeys-23-Jul.pdf
		Date found in the API results: 2020-07-23T00:00:00
		Blacklisted url: https://sph.nus.edu.sg/wp-content/uploads/2020/07/COVID-19-Science-Report-Country-Journeys-23-Jul.pdf.  Discarding.  
	Result [43]  Processing URL https://www.aus.edu/sites/default/files/first_year_reader_spring_2020.pdf
		Blacklisted url: https://www.aus.edu/sites/default/files/first_year_reader_spring_2020.pdf.  Discarding.  
	Result [44]  Processing URL https://www.dhedped.com/2020/06/something-is-wrong-with-china-boycott.html
		Date found in the API results: 2020-06-20T00:00:00
		Not in content. The URL https://www.bbc.com/news/science-environment-52318539 is not in the content of site https://www.dhedped.com/2020/06/something-is-wrong-with-china-boycott.html  Discarding.
	Result [45]  Processing URL https://journals.bsu.by/index.php/internationalRelations/article/download/3493/3967/
		Not in content. The URL https://www.bbc.com/news/science-environment-52318539 is not in the content of site https://journals.bsu.by/index.php/internationalRelations/article/download/3493/3967/  Discarding.
	Result [46]  Processing URL https://www.thejournal.ie/donald-trump-warns-china-could-face-consequences-over-pandemic-5078105-Apr2020/
		Date found in the API results: 2020-04-19T00:00:00
		! Error getting the content of the web.
		! can't compare offset-naive and offset-aware datetimes
		<class 'TypeError'>
		Not in content. The URL https://www.bbc.com/news/science-environment-52318539 is not in the content of site https://www.thejournal.ie/donald-trump-warns-china-could-face-consequences-over-pandemic-5078105-Apr2020/  Discarding.
	Result [47]  Processing URL https://poddtoppen.se/podcast/1448785539/virtual-legality/who-fact-checks-the-fact-checkers-facebook-youtube-twitter-vl207
		The URL https://www.bbc.com/news/science-environment-52318539 IS in the content of site https://poddtoppen.se/podcast/1448785539/virtual-legality/who-fact-checks-the-fact-checkers-facebook-youtube-twitter-vl207  Keeping.
		Adding to DB the URL https://poddtoppen.se/podcast/1448785539/virtual-legality/who-fact-checks-the-fact-checkers-facebook-youtube-twitter-vl207
	Result [48]  Processing URL https://utreon.com/v/7UUWoZV6Z3A
		Date found in the API results: 2020-04-20T00:00:00
		The URL https://www.bbc.com/news/science-environment-52318539 IS in the content of site https://utreon.com/v/7UUWoZV6Z3A  Keeping.
		Adding to DB the URL https://utreon.com/v/7UUWoZV6Z3A
	Result [49]  Processing URL https://www.patrikkorenar.cz/l/puvod-koronaviru-vsechno-o-covidu-4/
		Date found in the API results: 2021-05-05T00:00:00
		The URL https://www.bbc.com/news/science-environment-52318539 IS in the content of site https://www.patrikkorenar.cz/l/puvod-koronaviru-vsechno-o-covidu-4/  Keeping.
		Adding to DB the URL https://www.patrikkorenar.cz/l/puvod-koronaviru-vsechno-o-covidu-4/
	Result [50]  Processing URL https://lahore.comsats.edu.pk/Papers/Abstracts/827-8585877744993614917.pdf
		Blacklisted url: https://lahore.comsats.edu.pk/Papers/Abstracts/827-8585877744993614917.pdf.  Discarding.  
	Result [51]  Processing URL https://www.mumsnet.com/Talk/coronavirus/3887267-CV19-was-released-from-lab
		Date found in the API results: 2020-04-21T00:00:00
		Not in content. The URL https://www.bbc.com/news/science-environment-52318539 is not in the content of site https://www.mumsnet.com/Talk/coronavirus/3887267-CV19-was-released-from-lab  Discarding.
	Result [52]  Processing URL http://bionyt.s807.sureserver.com/nyheder2020april16/
		Date found in the API results: 2020-04-16T00:00:00
		Not in content. The URL https://www.bbc.com/news/science-environment-52318539 is not in the content of site http://bionyt.s807.sureserver.com/nyheder2020april16/  Discarding.
	Result [53]  Processing URL https://www.scribd.com/document/501969890/New-1-Proposed-Forensic-Investigation-of-Wuhan-Laboratories
		Date found in the content of the page: None
		Not in content. The URL https://www.bbc.com/news/science-environment-52318539 is not in the content of site https://www.scribd.com/document/501969890/New-1-Proposed-Forensic-Investigation-of-Wuhan-Laboratories  Discarding.
	Result [54]  Processing URL https://aseannow.com/topic/1205801-who-in-chinese-pocket/?do=getLastComment
		Date found in the API results: 2021-02-13T00:00:00
		The URL https://www.bbc.com/news/science-environment-52318539 IS in the content of site https://aseannow.com/topic/1205801-who-in-chinese-pocket/?do=getLastComment  Keeping.
		Adding to DB the URL https://aseannow.com/topic/1205801-who-in-chinese-pocket/?do=getLastComment
	Result [55]  Processing URL https://www.reddit.com/user/twotime
		Not in content. The URL https://www.bbc.com/news/science-environment-52318539 is not in the content of site https://www.reddit.com/user/twotime  Discarding.
	Result [56]  Processing URL https://ta.wikipedia.org/wiki/%E0%AE%8A%E0%AE%95%E0%AE%BE%E0%AE%A9%E0%AF%8D_%E0%AE%A4%E0%AF%80%E0%AE%A8%E0%AF%81%E0%AE%A3%E0%AF%8D%E0%AE%AE%E0%AE%BF%E0%AE%AF%E0%AE%BF%E0%AE%AF%E0%AE%B2%E0%AF%8D_%E0%AE%86%E0%AE%AF%E0%AF%8D%E0%AE%B5%E0%AF%81_%E0%AE%A8%E0%AE%BF%E0%AE%B1%E0%AF%81%E0%AE%B5%E0%AE%A9%E0%AE%AE%E0%AF%8D
		The URL https://www.bbc.com/news/science-environment-52318539 IS in the content of site https://ta.wikipedia.org/wiki/%E0%AE%8A%E0%AE%95%E0%AE%BE%E0%AE%A9%E0%AF%8D_%E0%AE%A4%E0%AF%80%E0%AE%A8%E0%AF%81%E0%AE%A3%E0%AF%8D%E0%AE%AE%E0%AE%BF%E0%AE%AF%E0%AE%BF%E0%AE%AF%E0%AE%B2%E0%AF%8D_%E0%AE%86%E0%AE%AF%E0%AF%8D%E0%AE%B5%E0%AF%81_%E0%AE%A8%E0%AE%BF%E0%AE%B1%E0%AF%81%E0%AE%B5%E0%AE%A9%E0%AE%AE%E0%AF%8D  Keeping.
		Adding to DB the URL https://ta.wikipedia.org/wiki/%E0%AE%8A%E0%AE%95%E0%AE%BE%E0%AE%A9%E0%AF%8D_%E0%AE%A4%E0%AF%80%E0%AE%A8%E0%AF%81%E0%AE%A3%E0%AF%8D%E0%AE%AE%E0%AE%BF%E0%AE%AF%E0%AE%BF%E0%AE%AF%E0%AE%B2%E0%AF%8D_%E0%AE%86%E0%AE%AF%E0%AF%8D%E0%AE%B5%E0%AF%81_%E0%AE%A8%E0%AE%BF%E0%AE%B1%E0%AF%81%E0%AE%B5%E0%AE%A9%E0%AE%AE%E0%AF%8D
	Result [57]  Processing URL https://daattorah.blogspot.com/2020/05/is-there-any-evidence-for-lab-release.html
		Date found in the API results: 2020-05-06T00:00:00
		The URL https://www.bbc.com/news/science-environment-52318539 IS in the content of site https://daattorah.blogspot.com/2020/05/is-there-any-evidence-for-lab-release.html  Keeping.
		Adding to DB the URL https://daattorah.blogspot.com/2020/05/is-there-any-evidence-for-lab-release.html
	Result [58]  Processing URL https://tokyoeigo.com/study0228/
		Date found in the API results: 2020-05-19T00:00:00
		The URL https://www.bbc.com/news/science-environment-52318539 IS in the content of site https://tokyoeigo.com/study0228/  Keeping.
		Adding to DB the URL https://tokyoeigo.com/study0228/
	Result [59]  Processing URL https://www.ianalysed.com/2021/03/5.html
		Date found in the API results: 2021-03-14T00:00:00
		Date found in the URL: 2021-03-05 00:00:00
		The URL https://www.bbc.com/news/science-environment-52318539 IS in the content of site https://www.ianalysed.com/2021/03/5.html  Keeping.
		Adding to DB the URL https://www.ianalysed.com/2021/03/5.html
	Result [60]  Processing URL https://books.google.com/books?id=cu4YEAAAQBAJ&pg=PT223&lpg=PT223&dq=https://www.bbc.com/news/science-environment-52318539&source=bl&ots=91S2UGgXUV&sig=ACfU3U1xkCuTVHf9WQESt1sUkBwsnuTlew&hl=en&sa=X&ved=2ahUKEwi2qcepht7xAhVSCd4KHZeNAT84MxDoATAJegQIFhAD
		The URL https://www.bbc.com/news/science-environment-52318539 IS in the content of site https://books.google.com/books?id=cu4YEAAAQBAJ&pg=PT223&lpg=PT223&dq=https://www.bbc.com/news/science-environment-52318539&source=bl&ots=91S2UGgXUV&sig=ACfU3U1xkCuTVHf9WQESt1sUkBwsnuTlew&hl=en&sa=X&ved=2ahUKEwi2qcepht7xAhVSCd4KHZeNAT84MxDoATAJegQIFhAD  Keeping.
		Adding to DB the URL https://books.google.com/books?id=cu4YEAAAQBAJ&pg=PT223&lpg=PT223&dq=https://www.bbc.com/news/science-environment-52318539&source=bl&ots=91S2UGgXUV&sig=ACfU3U1xkCuTVHf9WQESt1sUkBwsnuTlew&hl=en&sa=X&ved=2ahUKEwi2qcepht7xAhVSCd4KHZeNAT84MxDoATAJegQIFhAD
	Result [61]  Processing URL https://www.ianalysed.com/2021/03/5.html
		Date found in the API results: 2021-03-14T00:00:00
		Date found in the URL: 2021-03-05 00:00:00
		The URL https://www.bbc.com/news/science-environment-52318539 IS in the content of site https://www.ianalysed.com/2021/03/5.html  Keeping.
		Adding to DB the URL https://www.ianalysed.com/2021/03/5.html
	Result [62]  Processing URL https://pdfcoffee.com/download/new-1-proposed-forensic-investigation-of-wuhan-laboratories-pdf-free.html
		The URL https://www.bbc.com/news/science-environment-52318539 IS in the content of site https://pdfcoffee.com/download/new-1-proposed-forensic-investigation-of-wuhan-laboratories-pdf-free.html  Keeping.
		Adding to DB the URL https://pdfcoffee.com/download/new-1-proposed-forensic-investigation-of-wuhan-laboratories-pdf-free.html
	Result [63]  Processing URL http://research.sabanciuniv.edu/41248/1/10252668_Akar_Ogun.pdf
		Blacklisted url: http://research.sabanciuniv.edu/41248/1/10252668_Akar_Ogun.pdf.  Discarding.  
	Result [64]  Processing URL http://c.o0bg.com/news/nation/2020/05/03/dhs-report-china-hid-virus-severity-hoard-supplies/QmH5G3OA9uSfBgCH3v530L/story.html
		Date found in the API results: 2020-05-03T00:00:00
		Date found in the URL: 2020-05-03 00:00:00
		Not in content. The URL https://www.bbc.com/news/science-environment-52318539 is not in the content of site http://c.o0bg.com/news/nation/2020/05/03/dhs-report-china-hid-virus-severity-hoard-supplies/QmH5G3OA9uSfBgCH3v530L/story.html  Discarding.
	Result [65]  Processing URL https://www.nordbayern.de/politik/coronavirus-usa-erheben-schwere-vorwurfe-gegen-china-1.10076056
		Date found in the API results: 2020-05-04T00:00:00
		Not in content. The URL https://www.bbc.com/news/science-environment-52318539 is not in the content of site https://www.nordbayern.de/politik/coronavirus-usa-erheben-schwere-vorwurfe-gegen-china-1.10076056  Discarding.
	Result [66]  Processing URL https://books.google.com/books?id=cu4YEAAAQBAJ&pg=PT223&lpg=PT223&dq=https://www.bbc.com/news/science-environment-52318539&source=bl&ots=91S2UGgXUY&sig=ACfU3U0CcGq7GBhrY8FqAMMkFqdSWVrTYQ&hl=en&sa=X&ved=2ahUKEwijz-Cqht7xAhWdqJUCHYvxAQM4PRDoATAFegQIERAD
		The URL https://www.bbc.com/news/science-environment-52318539 IS in the content of site https://books.google.com/books?id=cu4YEAAAQBAJ&pg=PT223&lpg=PT223&dq=https://www.bbc.com/news/science-environment-52318539&source=bl&ots=91S2UGgXUY&sig=ACfU3U0CcGq7GBhrY8FqAMMkFqdSWVrTYQ&hl=en&sa=X&ved=2ahUKEwijz-Cqht7xAhWdqJUCHYvxAQM4PRDoATAFegQIERAD  Keeping.
		Adding to DB the URL https://books.google.com/books?id=cu4YEAAAQBAJ&pg=PT223&lpg=PT223&dq=https://www.bbc.com/news/science-environment-52318539&source=bl&ots=91S2UGgXUY&sig=ACfU3U0CcGq7GBhrY8FqAMMkFqdSWVrTYQ&hl=en&sa=X&ved=2ahUKEwijz-Cqht7xAhWdqJUCHYvxAQM4PRDoATAFegQIERAD
	Result [67]  Processing URL https://books.google.com/books?id=6FbzDwAAQBAJ&pg=PT268&lpg=PT268&dq=https://www.bbc.com/news/science-environment-52318539&source=bl&ots=S3Rl2kKfQ8&sig=ACfU3U1nwjN1ri6HJ6JPxeGtE4DwpBeOuw&hl=en&sa=X&ved=2ahUKEwijz-Cqht7xAhWdqJUCHYvxAQM4PRDoATAGegQIEBAD
		Date found in the content of the page: None
		The URL https://www.bbc.com/news/science-environment-52318539 IS in the content of site https://books.google.com/books?id=6FbzDwAAQBAJ&pg=PT268&lpg=PT268&dq=https://www.bbc.com/news/science-environment-52318539&source=bl&ots=S3Rl2kKfQ8&sig=ACfU3U1nwjN1ri6HJ6JPxeGtE4DwpBeOuw&hl=en&sa=X&ved=2ahUKEwijz-Cqht7xAhWdqJUCHYvxAQM4PRDoATAGegQIEBAD  Keeping.
		Adding to DB the URL https://books.google.com/books?id=6FbzDwAAQBAJ&pg=PT268&lpg=PT268&dq=https://www.bbc.com/news/science-environment-52318539&source=bl&ots=S3Rl2kKfQ8&sig=ACfU3U1nwjN1ri6HJ6JPxeGtE4DwpBeOuw&hl=en&sa=X&ved=2ahUKEwijz-Cqht7xAhWdqJUCHYvxAQM4PRDoATAGegQIEBAD
	Result [68]  Processing URL https://www.uk-muscle.co.uk/threads/china-created-the-virus-released-it-by-accident.343367/page-3
		Date found in the API results: 2020-04-17T00:00:00
		Not in content. The URL https://www.bbc.com/news/science-environment-52318539 is not in the content of site https://www.uk-muscle.co.uk/threads/china-created-the-virus-released-it-by-accident.343367/page-3  Discarding.
	Result [69]  Processing URL https://sudbury.club/hi-robots-ready-to-think-freely-yet/
		Date found in the API results: 2020-04-24T00:00:00
		The URL https://www.bbc.com/news/science-environment-52318539 IS in the content of site https://sudbury.club/hi-robots-ready-to-think-freely-yet/  Keeping.
		Adding to DB the URL https://sudbury.club/hi-robots-ready-to-think-freely-yet/
	Result [70]  Processing URL https://handwiki.org/wiki/Organization:Wuhan_Institute_of_Virology
		Date found in the API results: 2021-05-12T00:00:00
		! Error getting the content of the web.
		! unsupported operand type(s) for +: 'int' and 'str'
		<class 'TypeError'>
		Not in content. The URL https://www.bbc.com/news/science-environment-52318539 is not in the content of site https://handwiki.org/wiki/Organization:Wuhan_Institute_of_Virology  Discarding.
	Result [71]  Processing URL https://www.inthenameofhumanrights.com/p/covid-19-coronation-those-are-not.html
		Not in content. The URL https://www.bbc.com/news/science-environment-52318539 is not in the content of site https://www.inthenameofhumanrights.com/p/covid-19-coronation-those-are-not.html  Discarding.
	Result [72]  Processing URL https://www.cyprus-forum.com/cyprus47300-3230.html
		Date found in the API results: 2020-12-06T00:00:00
		The URL https://www.bbc.com/news/science-environment-52318539 IS in the content of site https://www.cyprus-forum.com/cyprus47300-3230.html  Keeping.
		Adding to DB the URL https://www.cyprus-forum.com/cyprus47300-3230.html
	Result [73]  Processing URL https://taibbi.substack.com/p/democrats-have-abandoned-civil-liberties/comments
		Date found in the API results: 2020-05-15T00:00:00
		Not in content. The URL https://www.bbc.com/news/science-environment-52318539 is not in the content of site https://taibbi.substack.com/p/democrats-have-abandoned-civil-liberties/comments  Discarding.
	Result [74]  Processing URL https://indygraf.com/protocollo-contagio-presentazione-del-primo-libro-inchiesta-con-fonti-pubbliche-certificate-in-blockchain/
		Date found in the API results: 2020-06-18T00:00:00
		Date found in the content of the page: None
		Not in content. The URL https://www.bbc.com/news/science-environment-52318539 is not in the content of site https://indygraf.com/protocollo-contagio-presentazione-del-primo-libro-inchiesta-con-fonti-pubbliche-certificate-in-blockchain/  Discarding.
	Result [75]  Processing URL https://today.line.me/tw/v2/comment/article/VrjMK1?utm_source=amp
		Date found in the content of the page: None
		Not in content. The URL https://www.bbc.com/news/science-environment-52318539 is not in the content of site https://today.line.me/tw/v2/comment/article/VrjMK1?utm_source=amp  Discarding.
	Result [76]  Processing URL https://b.hatena.ne.jp/entry/s/www.bbc.com/news/science-environment-52318539
		The URL https://www.bbc.com/news/science-environment-52318539 IS in the content of site https://b.hatena.ne.jp/entry/s/www.bbc.com/news/science-environment-52318539  Keeping.
		Adding to DB the URL https://b.hatena.ne.jp/entry/s/www.bbc.com/news/science-environment-52318539
	Result [77]  Processing URL https://note.com/fictitiousness/n/n2b8734182214
		Date found in the API results: 2020-09-13T00:00:00
		Not in content. The URL https://www.bbc.com/news/science-environment-52318539 is not in the content of site https://note.com/fictitiousness/n/n2b8734182214  Discarding.
	Result [78]  Processing URL https://www.cruzada.co/lo-peor-de-la-pandemia-es-el-comunismo/
		Date found in the API results: 2020-06-16T00:00:00
		The URL https://www.bbc.com/news/science-environment-52318539 IS in the content of site https://www.cruzada.co/lo-peor-de-la-pandemia-es-el-comunismo/  Keeping.
		Adding to DB the URL https://www.cruzada.co/lo-peor-de-la-pandemia-es-el-comunismo/
	Result [79]  Processing URL http://www.polskiportal.pl/download/2020/kwiecien_2020.pdf
		Date found in the API results: 2020-04-01T00:00:00
		Blacklisted url: http://www.polskiportal.pl/download/2020/kwiecien_2020.pdf.  Discarding.  
	Result [80]  Processing URL https://www.getekendereep.com/profile/632-peter-motte/content/page/55/?type=forums_topic_post
		Date found in the API results: 2020-06-01T00:00:00
		Not in content. The URL https://www.bbc.com/news/science-environment-52318539 is not in the content of site https://www.getekendereep.com/profile/632-peter-motte/content/page/55/?type=forums_topic_post  Discarding.
	Result [81]  Processing URL https://podcasts.apple.com/ru/podcast/daily-emerald/id1042466220
		Not in content. The URL https://www.bbc.com/news/science-environment-52318539 is not in the content of site https://podcasts.apple.com/ru/podcast/daily-emerald/id1042466220  Discarding.
	Result [82]  Processing URL http://www.chilemusicos.net/comunidad/printthread.php?tid=270606
		Date found in the content of the page: None
		Not in content. The URL https://www.bbc.com/news/science-environment-52318539 is not in the content of site http://www.chilemusicos.net/comunidad/printthread.php?tid=270606  Discarding.
	Result [83]  Processing URL http://gasoilpipes.x10host.com/Shale%20Gas%20Links%20Part%2086.pdf
		Date found in the API results: 2020-01-04T00:00:00
		Blacklisted url: http://gasoilpipes.x10host.com/Shale%20Gas%20Links%20Part%2086.pdf.  Discarding.  
	Result [84]  Processing URL https://www.abim.inf.br/o-pior-da-pandemia-e-o-comunismo/
		Date found in the API results: 2020-06-15T00:00:00
		Date found in the content of the page: None
		Not in content. The URL https://www.bbc.com/news/science-environment-52318539 is not in the content of site https://www.abim.inf.br/o-pior-da-pandemia-e-o-comunismo/  Discarding.
	Result [85]  Processing URL https://alt-rev-com.fr/2020/09/21/les-grands-de-la-planete-le-coronavirus-et-nous-episode-2-partie-1-donald-trump-une-incurie-criminelle-au-service-du-business-le-coronavirus-et-leffondrement-economique/
		Date found in the API results: 2020-09-21T00:00:00
		Date found in the URL: 2020-09-21 00:00:00
		The URL https://www.bbc.com/news/science-environment-52318539 IS in the content of site https://alt-rev-com.fr/2020/09/21/les-grands-de-la-planete-le-coronavirus-et-nous-episode-2-partie-1-donald-trump-une-incurie-criminelle-au-service-du-business-le-coronavirus-et-leffondrement-economique/  Keeping.
		Adding to DB the URL https://alt-rev-com.fr/2020/09/21/les-grands-de-la-planete-le-coronavirus-et-nous-episode-2-partie-1-donald-trump-une-incurie-criminelle-au-service-du-business-le-coronavirus-et-leffondrement-economique/
	Result [86]  Processing URL https://jacqueshenry.wordpress.com/2020/06/12/breve-les-rumeurs-relatives-a-lorigine-du-covid-19/
		Date found in the API results: 2020-06-12T00:00:00
		Date found in the URL: 2020-06-12 00:00:00
		The URL https://www.bbc.com/news/science-environment-52318539 IS in the content of site https://jacqueshenry.wordpress.com/2020/06/12/breve-les-rumeurs-relatives-a-lorigine-du-covid-19/  Keeping.
		Adding to DB the URL https://jacqueshenry.wordpress.com/2020/06/12/breve-les-rumeurs-relatives-a-lorigine-du-covid-19/
	Result [87]  Processing URL https://mydrop.ru/p/blursedimages/comments/geacjo/blursed_change_world/
		Date found in the API results: 2020-05-06T00:00:00
		! Error getting the content of the web.
		! Document is empty
		<class 'lxml.etree.ParserError'>
		Not in content. The URL https://www.bbc.com/news/science-environment-52318539 is not in the content of site https://mydrop.ru/p/blursedimages/comments/geacjo/blursed_change_world/  Discarding.
	Result [88]  Processing URL https://defence-line.org/2020/05/o-chem-molchat-chast-8/
		Not in content. The URL https://www.bbc.com/news/science-environment-52318539 is not in the content of site https://defence-line.org/2020/05/o-chem-molchat-chast-8/  Discarding.
	Result [89]  Processing URL https://podcastaddict.com/podcast/2310554
		Date found in the content of the page: None
		Not in content. The URL https://www.bbc.com/news/science-environment-52318539 is not in the content of site https://podcastaddict.com/podcast/2310554  Discarding.
	Result [90]  Processing URL https://tendanceclaire.org/article.php?id=1619
		Date found in the API results: 2020-09-21T00:00:00
		The URL https://www.bbc.com/news/science-environment-52318539 IS in the content of site https://tendanceclaire.org/article.php?id=1619  Keeping.
		Adding to DB the URL https://tendanceclaire.org/article.php?id=1619
	Result [91]  Processing URL https://podcastaddict.com/podcast/2310554
		Date found in the content of the page: None
		Not in content. The URL https://www.bbc.com/news/science-environment-52318539 is not in the content of site https://podcastaddict.com/podcast/2310554  Discarding.
	Result [92]  Processing URL https://tendanceclaire.org/article.php?id=1619
		Date found in the API results: 2020-09-21T00:00:00
		The URL https://www.bbc.com/news/science-environment-52318539 IS in the content of site https://tendanceclaire.org/article.php?id=1619  Keeping.
		Adding to DB the URL https://tendanceclaire.org/article.php?id=1619
	Result [93]  Processing URL http://aveiro123.blogspot.com/2020/06/o-pior-da-pandemia-e-o-comunismo.html
		Date found in the API results: 2020-06-16T00:00:00
		The URL https://www.bbc.com/news/science-environment-52318539 IS in the content of site http://aveiro123.blogspot.com/2020/06/o-pior-da-pandemia-e-o-comunismo.html  Keeping.
		Adding to DB the URL http://aveiro123.blogspot.com/2020/06/o-pior-da-pandemia-e-o-comunismo.html
	Result [94]  Processing URL https://eksisozluk.com/2020-olaganustu-salgin-hastalik-donemi--6303504?p=3
		Date found in the API results: 2020-03-21T00:00:00
		Date found in the content of the page: None
		Not in content. The URL https://www.bbc.com/news/science-environment-52318539 is not in the content of site https://eksisozluk.com/2020-olaganustu-salgin-hastalik-donemi--6303504?p=3  Discarding.
	Result [95]  Processing URL https://lihkg.com/thread/1997005/page/2
		Date found in the API results: 2020-05-02T00:00:00
		Date found in the content of the page: None
		Not in content. The URL https://www.bbc.com/news/science-environment-52318539 is not in the content of site https://lihkg.com/thread/1997005/page/2  Discarding.
	Result [96]  Processing URL https://dokumen.pub/download/data-science-for-fake-news-surveys-and-perspectives-42-1st-edition-3030626954-9783030626952-9783030626969.html
		Not in content. The URL https://www.bbc.com/news/science-environment-52318539 is not in the content of site https://dokumen.pub/download/data-science-for-fake-news-surveys-and-perspectives-42-1st-edition-3030626954-9783030626952-9783030626969.html  Discarding.
	Result [97]  Processing URL https://www.ariva.de/forum/hat-china-angst-vor-der-covid-19-wahrheit-568929
		Date found in the API results: 2020-04-14T00:00:00
		The URL https://www.bbc.com/news/science-environment-52318539 IS in the content of site https://www.ariva.de/forum/hat-china-angst-vor-der-covid-19-wahrheit-568929  Keeping.
		Adding to DB the URL https://www.ariva.de/forum/hat-china-angst-vor-der-covid-19-wahrheit-568929
	Result [98]  Processing URL https://naukowy.blog.polityka.pl/2020/04/16/dolowy-wbrew-roznym-bogom/
		Date found in the API results: 2020-04-16T00:00:00
		Date found in the URL: 2020-04-16 00:00:00
		The URL https://www.bbc.com/news/science-environment-52318539 IS in the content of site https://naukowy.blog.polityka.pl/2020/04/16/dolowy-wbrew-roznym-bogom/  Keeping.
		Adding to DB the URL https://naukowy.blog.polityka.pl/2020/04/16/dolowy-wbrew-roznym-bogom/
	Result [99]  Processing URL https://livsglimtar.com/2020/05/09/pa-vag/
		Date found in the API results: 2020-05-09T00:00:00
		Date found in the URL: 2020-05-09 00:00:00
		The URL https://www.bbc.com/news/science-environment-52318539 IS in the content of site https://livsglimtar.com/2020/05/09/pa-vag/  Keeping.
		Adding to DB the URL https://livsglimtar.com/2020/05/09/pa-vag/
	Result [100]  Processing URL https://caseclosedbylewweinstein.wordpress.com/2010/02/07/floor-plan-of-suite-at-gmus-discovery-hall-in-2001-with-ali-al-timimi-and-leading-anthrax-scientists/
		Date found in the API results: 2010-02-07T00:00:00
		The URL https://www.bbc.com/news/science-environment-52318539 IS in the content of site https://caseclosedbylewweinstein.wordpress.com/2010/02/07/floor-plan-of-suite-at-gmus-discovery-hall-in-2001-with-ali-al-timimi-and-leading-anthrax-scientists/  Keeping.
		Adding to DB the URL https://caseclosedbylewweinstein.wordpress.com/2010/02/07/floor-plan-of-suite-at-gmus-discovery-hall-in-2001-with-ali-al-timimi-and-leading-anthrax-scientists/
	Result [101]  Processing URL https://www.hwupgrade.it/news/scienza-tecnologia/coronavirus-ecco-la-mappa-per-monitorare-la-diffusione-dell-epidemia-in-tempo-reale-come-vederla_86742-10060.html
		The URL https://www.bbc.com/news/science-environment-52318539 IS in the content of site https://www.hwupgrade.it/news/scienza-tecnologia/coronavirus-ecco-la-mappa-per-monitorare-la-diffusione-dell-epidemia-in-tempo-reale-come-vederla_86742-10060.html  Keeping.
		Adding to DB the URL https://www.hwupgrade.it/news/scienza-tecnologia/coronavirus-ecco-la-mappa-per-monitorare-la-diffusione-dell-epidemia-in-tempo-reale-come-vederla_86742-10060.html
	Result [102]  Processing URL https://multilingualcetvies.blogspot.com/p/esperanto-mohamed-la-profeto-de-islamo.html
		Not in content. The URL https://www.bbc.com/news/science-environment-52318539 is not in the content of site https://multilingualcetvies.blogspot.com/p/esperanto-mohamed-la-profeto-de-islamo.html  Discarding.
	Result [103]  Processing URL https://multilingualcetvies.blogspot.com/2020/12/chinese-traditional-hk-6.html
		Date found in the API results: 2020-12-31T00:00:00
		Not in content. The URL https://www.bbc.com/news/science-environment-52318539 is not in the content of site https://multilingualcetvies.blogspot.com/2020/12/chinese-traditional-hk-6.html  Discarding.
	Result [104]  Processing URL https://www.gezip.net/bbs/board.php?bo_table=realtime&wr_id=2534149
		Not in content. The URL https://www.bbc.com/news/science-environment-52318539 is not in the content of site https://www.gezip.net/bbs/board.php?bo_table=realtime&wr_id=2534149  Discarding.
	Result [105]  Processing URL https://gathering.tweakers.net/forum/list_messages/1989972
		Date found in the content of the page: None
		Not in content. The URL https://www.bbc.com/news/science-environment-52318539 is not in the content of site https://gathering.tweakers.net/forum/list_messages/1989972  Discarding.
	Result [106]  Processing URL https://jp.image-photo.monster/r/newsplus/1587358476/
		Date found in the API results: 2020-04-20T00:00:00
		The URL https://www.bbc.com/news/science-environment-52318539 IS in the content of site https://jp.image-photo.monster/r/newsplus/1587358476/  Keeping.
		Adding to DB the URL https://jp.image-photo.monster/r/newsplus/1587358476/
	Result [107]  Processing URL http://jupyter.oddb.co/%E8%AD%A6%E6%83%95%E4%BB%BB%E4%B8%8D%E5%AF%90-%E5%9F%BA%E7%9D%A3%E5%BE%92%E5%92%8C%E5%9F%BA%E7%9D%A3%E6%95%99%E4%BC%9A%E5%A6%82%E4%BD%95%E9%9D%A2%E5%AF%B9%E6%9D%83%E6%9F%84.xhtml
		Not in content. The URL https://www.bbc.com/news/science-environment-52318539 is not in the content of site http://jupyter.oddb.co/%E8%AD%A6%E6%83%95%E4%BB%BB%E4%B8%8D%E5%AF%90-%E5%9F%BA%E7%9D%A3%E5%BE%92%E5%92%8C%E5%9F%BA%E7%9D%A3%E6%95%99%E4%BC%9A%E5%A6%82%E4%BD%95%E9%9D%A2%E5%AF%B9%E6%9D%83%E6%9F%84.xhtml  Discarding.
	Result [108]  Processing URL https://asahi.5ch.net/test/read.cgi/newsplus/1587139800/
		Date found in the API results: 2020-04-18T00:00:00
		! Error getting the content of the web.
		! Document is empty
		<class 'lxml.etree.ParserError'>
		Not in content. The URL https://www.bbc.com/news/science-environment-52318539 is not in the content of site https://asahi.5ch.net/test/read.cgi/newsplus/1587139800/  Discarding.
	Result [109]  Processing URL http://blue-diver.seesaa.net/category/2520088-2.html
		Not in content. The URL https://www.bbc.com/news/science-environment-52318539 is not in the content of site http://blue-diver.seesaa.net/category/2520088-2.html  Discarding.
	Result [110]  Processing URL http://blue-diver.seesaa.net/index-4.html
		Not in content. The URL https://www.bbc.com/news/science-environment-52318539 is not in the content of site http://blue-diver.seesaa.net/index-4.html  Discarding.
	Result [111]  Processing URL https://rvwab.com/videos/watch/2AckgqPbm8U
		The URL https://www.bbc.com/news/science-environment-52318539 IS in the content of site https://rvwab.com/videos/watch/2AckgqPbm8U  Keeping.
		Adding to DB the URL https://rvwab.com/videos/watch/2AckgqPbm8U
	Result [112]  Processing URL https://en-lk.arabicworld.club/watch/gjFl92lOAfdUI
		Date found in the API results: 2020-06-19T00:00:00
		Date found in the content of the page: None
		Not in content. The URL https://www.bbc.com/news/science-environment-52318539 is not in the content of site https://en-lk.arabicworld.club/watch/gjFl92lOAfdUI  Discarding.
		Date found in the API results: 2020-05-01T00:00:00

== Level 0. Twitter search by LINKS as https://www.bbc.com/news/science-environment-52318539
https://api.twitter.com/2/tweets/search/all?query=url+%3A+https%253A%252F%252Fwww.bbc.com%252Fnews%252Fscience-environment-52318539&max_results=100&tweet.fields=author_id%2Cpublic_metrics%2Ccreated_at&start_time=2020-07-12T19%3A27%3A32.521516Z
	Downloaded 51 twitter content
	Result [1]  Processing twitter ID 1411935194219573249: Coronavirus: Is there any evidence for lab release theory? - BBC News https://t.co/GwApwucAPa
	Result [2]  Processing twitter ID 1409278600503869440: @mentju4 @TakethatCt @JRJHealey @StephenBevan15 @BreezerGalway @IvermectinForC1 @amanda_pompili @BottomleyFiona @groin_hammer @Takeastepback16 @LittleBigEd @CharlotteSlalom @fiski70 @CoralBlob @hounddog123456 @mcfunny @ScepticalAussie @dave_odo @crabb_vicki @Theonew16516042 @KatySco47008484 @Ladyjustice1312 @markdodds11 @Awithonelison @PeteF175 @fredwibblington @PierreKory @Kathmarval @GarySlegg @LauraSc72529359 @sim0n40 @agent_deadfool @rossmarwood @jneill @silversynergy @Adelere @BaileInis @AdamBlayney @thewibblemovem1 @nickdalton1972 @_johnbye @UnjustSociety1 @MrsSarahMurray @CpnSindbad @k_b_lvi @KAS118 @gordonrlove @braidedmanga @brucep13 When was the lab leak labeled a conspiracy theory? I keep hearing that, but even the BBC discussed the possibility in May last year. 
https://t.co/5PDfQ6JA87
	Result [3]  Processing twitter ID 1408090239898378247: @Cork_Beasht @JamesCa18491392 @wh0967 @silversynergy @PeterHotez @shrimpzoo @JAMA_current No it wasn't. There has been speculation about it since the beginning of the pandemic. Have said all along this is unlikely, which is true.
https://t.co/5PDfQ6JA87
https://t.co/Bc0U2NZ5fm
	Result [4]  Processing twitter ID 1402351126603784194: @R4jpH @Molndalaren Har du läst hela artikeln? Tycker det är helt uppenbart att dom vill att läsaren ska avfärda labb-teorin. ”Forskare säger att det inte är så... ” ”Det finns inga bevis för...”
Osv osv.

https://t.co/TKfExEoImD
	Result [5]  Processing twitter ID 1401863130469257216: RT @AnthonyGlees: Also here https://t.co/Yy2oChZTHz https://t.co/QdpTXm39GS
	Result [6]  Processing twitter ID 1401862474215968772: Also here https://t.co/Yy2oChZTHz https://t.co/QdpTXm39GS
	Result [7]  Processing twitter ID 1401862350941130758: @sxybio This old report (on which I’ve always relied) does say, categorically, US intel insists the virus was natural, *not engineered. https://t.co/Yy2oChZTHz
	Result [8]  Processing twitter ID 1398033342130425863: @Bungle2010 @trisigkelly @BBCWorld https://t.co/09laxl67vp Even the BBC were reporting on it over a year ago. At the time it seemed like the most plausible reason for the pandemic but please tell us your scientific hypothesis!
	Result [9]  Processing twitter ID 1397610088853016576: The bbc was at least asking the question.  

Of course, our own deep state clowns were lying.  

https://t.co/zk64Xo0Mhz
	Result [10]  Processing twitter ID 1391945824783962113: @Void_Z_ @Excrucio_East @ZekeJMiller https://t.co/I6LXVs4cc6
	Result [11]  Processing twitter ID 1379255955456630785: Coronavirus: Is there any evidence for lab release theory? - BBC News https://t.co/3bYlrS5PWe
研究所が持ってたらファイザーより先にワクチンなり治療薬なりが作れたと思うからなしだと思ってる。
	Result [12]  Processing twitter ID 1376048669854593027: BBC news article discussing
lab release theory:
https://t.co/T1qu91ZWse
	Result [13]  Processing twitter ID 1362733110237016066: @PunktHinkebein Was der Autor bezweckt entzieht sich meiner Kenntnis.
Ich will gar nichts pushen, die Debatte um den Pandemieursprung ist nicht neu (siehe bspw BBC Artikel aus Mai 2020 https://t.co/0RZfe54mXz). Ich finde man sollte den Lösungsraum bei der Suche nach den möglichen  Ursachen ...
	Result [14]  Processing twitter ID 1358190971280740353: Coronavirus: Is there any evidence for lab release theory? https://t.co/3jtgXZZ03a
	Result [15]  Processing twitter ID 1356753964079984641: RT @wangfujohn: @kevinroose @BostonJoan @noUpside @cpicciolini Just how is the idea that #COVID was being studied at Wuhan Institute of Vir…
	Result [16]  Processing twitter ID 1356744442548379649: @kevinroose @BostonJoan @noUpside @cpicciolini Just how is the idea that #COVID was being studied at Wuhan Institute of Virology baseless?

You will never deradicalize anyone unless you are armed with, and able to speak to the truth rather than threaten the censorship you need to make your world work

https://t.co/WSTOgl4OXL
	Result [17]  Processing twitter ID 1351190407191924738: @sbsportsfan We've done more stories on the camps than any other media I can think of. Since you're not going to bother to search re the lab stories here are some links: https://t.co/vfBNgyzS3Y
	Result [18]  Processing twitter ID 1350379897454276610: @CryptoH0DLEM @philipdmcavoy @Wide_O_72 @TheFist89369846 @MrHarryCole https://t.co/fUwoCdZSC5
	Result [19]  Processing twitter ID 1349843554559012864: @barryjohnreid21 @LozzaFox https://t.co/09laxl67vp
	Result [20]  Processing twitter ID 1349843395187978242: @KathLaw5 @LozzaFox https://t.co/09laxl67vp
	Result [21]  Processing twitter ID 1348189141201268736: @swetac ... reducing bio-research to improve the efficacy of naturally occurring viruses in order to weaponise them also helps      https://t.co/Cas0WKkw1E
	Result [22]  Processing twitter ID 1346171869624299521: @Justin_Ling When actual visits to the Wuhan lab showed serious lax bio-security, it isn't that far-fetched a theory. I don't know if we will ever know the truth for sure, either way, but it isn't as unlikely as you make it seem. https://t.co/s0EfiATt8f
	Result [23]  Processing twitter ID 1335735373314600965: @MambaRepublican @mattgaetz https://t.co/zHGRuAl09F

https://t.co/52CwOyl9Xj

https://t.co/iZpazTbXMV

https://t.co/QmfYYwVxVw
	Result [24]  Processing twitter ID 1334630742735859713: @MsRightMsRight This too is enlightening and for those who shout "Tin Foil" be rest assured it comes from your favourite broadcaster!

https://t.co/2O8goWHvtV
	Result [25]  Processing twitter ID 1332752306870292481: @DesignExperime2 @MatthewJshow @JoeBiden There were zero possibilities that anyone was going to allow no lockdowns. Truth is it was a no win situation and a virus released intentional.  States rights gives decisions to governors yet you blame the President?  https://t.co/WZEKTQidm0
	Result [26]  Processing twitter ID 1329052182470017025: @abovetheclouds If China has nothing to hide, they should have no reason not to accept an independent investigation on the origins of the virus. But if the virus was leaked, it makes perfect sense why China tried so hard initially to downplay it. 
https://t.co/Ca68NLfp7B
	Result [27]  Processing twitter ID 1327591574310707203: @Mikemid78 @daveymant https://t.co/EYhvBCCvTL
	Result [28]  Processing twitter ID 1324710543417053184: RT @franciscodeasis: @joshrogin @WendyOrent @beyerstein @RachelAlter007 What is the probability of a SARS outbreak from a lab using histori…
	Result [29]  Processing twitter ID 1324671859191762944: RT @franciscodeasis: @joshrogin @WendyOrent @beyerstein @RachelAlter007 What is the probability of a SARS outbreak from a lab using histori…
	Result [30]  Processing twitter ID 1324671822193958912: RT @franciscodeasis: @joshrogin @WendyOrent @beyerstein @RachelAlter007 What is the probability of a SARS outbreak from a lab using histori…
	Result [31]  Processing twitter ID 1324670532856500224: @joshrogin @WendyOrent @beyerstein @RachelAlter007 What is the probability of a SARS outbreak from a lab using historical data?: 80% (67% if we include 2012 Yunnan outbreak)
"In four instances between 2003 and 2004, the Sars virus was accidentally released at laboratories in Singapore, Taiwan and Beijing"
https://t.co/L2oeTMkIB4
	Result [32]  Processing twitter ID 1319285717575454724: #FridayThoughts  Look what i found #WuhanVirus #CCPVirus 
https://t.co/ZiOOSxpwx1
	Result [33]  Processing twitter ID 1319044709554245633: @CocReality @JacBolsonaro @kimpaim O início:

As autoridades enviaram dois avisos a Washington sobre o laboratório. A coluna diz que os funcionários estavam preocupados com as deficiências de segurança e gerenciamento no Instituto de Virologia de Wuhan (WIV) e pediram mais ajuda.
https://t.co/d6NEuDxZOL
	Result [34]  Processing twitter ID 1317511900016594944: @Blakenburg8 @Pfizer_UK Reliable sources say it’s not made in a Chineese Laboratory. https://t.co/TIwrwQKkNW
	Result [35]  Processing twitter ID 1308759216354713600: He is worrying about his People being sick. He is pressured to do something about that. And he is doing everything what he can to meet the challenge.https://t.co/eZNsO9GWzg (c)
	Result [36]  Processing twitter ID 1308435567974244352: @TJaytheist @Notyourmother17 @Kalaax008 @JoeBiden No one claimed it was made in a lab you mental midget. Just that it was done purposely.

COVID-19 is linked to bat coronaviruses that were being researched in Wuhan. There were warnings of safety issues &amp; it originated there. 

https://t.co/lw5oc2Jwyx https://t.co/U8gYcRpm3X
	Result [37]  Processing twitter ID 1306619161439862788: @pawshots1244 @Phx7auto @DrAnamorphosis @DonaldJTrumpJr That is not a fact. I'm not claiming China did or did not release it, just pointing out that a lot of info is unknown.
I found a couple of articles that say it may not have come from a lab. 
https://t.co/44pqfm6bXa
https://t.co/hFRLx6ECmb
	Result [38]  Processing twitter ID 1306333461930795008: @austinsilverfx I don’t watch CNN, CNBC or FOX.  There is simply no evidence for the theory you posted. https://t.co/aXLoIMTcgG
	Result [39]  Processing twitter ID 1306204980211191814: https://t.co/63Pzs86TJK
	Result [40]  Processing twitter ID 1305903502338785280: BBC News - Coronavirus: Is there any evidence for lab release theory? https://t.co/6NbzOFnk9x
	Result [41]  Processing twitter ID 1305903429227819010: https://t.co/6NbzOFnk9x
	Result [42]  Processing twitter ID 1304939215638077441: 1 May 2020BBC News - Coronavirus: Is there any evidence for lab release theory? https://t.co/Q5F6ENylCR
	Result [43]  Processing twitter ID 1304197267956490241: RT @TerryHa88364561: #COVID_19 was created in a #military #lab (not in Wuhan) as a #biological #weapon by "blending" #coronavirus from #bat…
	Result [44]  Processing twitter ID 1303187796463558656: #COVID_19 was created in a #military #lab (not in Wuhan) as a #biological #weapon by "blending" #coronavirus from #bats and #pangolin. #China has executed people and their families who were involved. Experts saying "Not true" have got it wrong this time.

https://t.co/01WPuobjul
	Result [45]  Processing twitter ID 1303039199533101056: @TejinderSsodhi Can't expect this from ex-@htTweets 
Open your eyes and read this.

https://t.co/PncBvP0qJm
	Result [46]  Processing twitter ID 1301423725749964801: @luigimenze @dutcjoc @matteosalvinimi https://t.co/GaweLc5DiC
	Result [47]  Processing twitter ID 1299284246855520256: RT @sgtgary: @Aella_Girl Virus originated in nature but may have been studied at the Wuhan Institute of Virology. The strain that caused CO…
	Result [48]  Processing twitter ID 1299277983903932416: @Aarthi1 @globaltimesnews https://t.co/tleEozDMC7
	Result [49]  Processing twitter ID 1299257676313096192: @Aella_Girl Virus originated in nature but may have been studied at the Wuhan Institute of Virology. The strain that caused COVID was not modified, but we will likely never know if it accidentally got out. The WIV has a history of safety problems though. More: https://t.co/JspsFBCpsp
	Result [50]  Processing twitter ID 1299224211311882241: @sleepwa05763522 @Aarthi1 @globaltimesnews https://t.co/tleEozDMC7
	Result [51]  Processing twitter ID 1294994621249081345: https://t.co/oqfQuUEnwx. Cuando salga a la luz el encubrimiento Chino y lo que hizo el CCP. Espero que a nivel global se exterminen de una vez las políticas de extremo. Aunque paradójicamente esta solución es Extrema. SOLUCIONES DE CENTRO y DEMOCRATICAS

== Level 0. VK search by LINKS as https://www.bbc.com/news/science-environment-52318539
	Result [0]  Processing URL https://vk.com/id479711299?w=wall479711299_3778. Date: 2020-04-17 10:37:47
In total was found 1

== Level 0. Google search by TITLE as Coronavirus: Is there any evidence for lab release theory? - BBC News
	Total amount of results retrieved: 70
	Result [1]  Processing URL https://www.bbc.com/news/science-environment-52318539
		Date found in the API results: 2020-05-01T00:00:00
		Repeated url: https://www.bbc.com/news/science-environment-52318539.  Discarding.  
	Result [2]  Processing URL https://www.bbc.com/news/world-asia-china-57268111
		Date found in the API results: 2021-05-27T00:00:00
		The content of https://www.bbc.com/news/science-environment-52318539 has distance with https://www.bbc.com/news/world-asia-china-57268111 of : 0.9063. Keeping.
		Adding to DB the URL https://www.bbc.com/news/world-asia-china-57268111
	Result [3]  Processing URL https://www.youtube.com/watch?v=rbC8_BxGbjM
		Date found in the API results: 2020-04-17T00:00:00
		Different. The content of https://www.bbc.com/news/science-environment-52318539 has distance with https://www.youtube.com/watch?v=rbC8_BxGbjM of: 0.269. Discarding.
	Result [4]  Processing URL https://www.ncbi.nlm.nih.gov/search/research-news/9415/
		The content of https://www.bbc.com/news/science-environment-52318539 has distance with https://www.ncbi.nlm.nih.gov/search/research-news/9415/ of : 0.3086. Keeping.
		Adding to DB the URL https://www.ncbi.nlm.nih.gov/search/research-news/9415/
	Result [5]  Processing URL https://www.bbc.co.uk/news/world-asia-china-56581246
		Date found in the API results: 2021-03-31T00:00:00
		The content of https://www.bbc.com/news/science-environment-52318539 has distance with https://www.bbc.co.uk/news/world-asia-china-56581246 of : 0.8961. Keeping.
		Adding to DB the URL https://www.bbc.co.uk/news/world-asia-china-56581246
	Result [6]  Processing URL https://www.bbc.co.uk/news/topics/cwz44pwvj4rt/wuhan
		The content of https://www.bbc.com/news/science-environment-52318539 has distance with https://www.bbc.co.uk/news/topics/cwz44pwvj4rt/wuhan of : 0.3236. Keeping.
		Adding to DB the URL https://www.bbc.co.uk/news/topics/cwz44pwvj4rt/wuhan
	Result [7]  Processing URL https://www.bbc.co.uk/news/extra/ewsu2giezk/city-of-silence-china-wuhan
		Different. The content of https://www.bbc.com/news/science-environment-52318539 has distance with https://www.bbc.co.uk/news/extra/ewsu2giezk/city-of-silence-china-wuhan of: 0.2922. Discarding.
	Result [8]  Processing URL https://www.vanityfair.com/news/2021/06/the-lab-leak-theory-inside-the-fight-to-uncover-covid-19s-origins
		Date found in the API results: 2021-06-03T00:00:00
		The content of https://www.bbc.com/news/science-environment-52318539 has distance with https://www.vanityfair.com/news/2021/06/the-lab-leak-theory-inside-the-fight-to-uncover-covid-19s-origins of : 0.3421. Keeping.
		Adding to DB the URL https://www.vanityfair.com/news/2021/06/the-lab-leak-theory-inside-the-fight-to-uncover-covid-19s-origins
	Result [9]  Processing URL https://www.nbcnews.com/science/science-news/lab-leak-theory-science-scientists-rcna1191
		Date found in the API results: 2021-06-17T00:00:00
		The content of https://www.bbc.com/news/science-environment-52318539 has distance with https://www.nbcnews.com/science/science-news/lab-leak-theory-science-scientists-rcna1191 of : 0.307. Keeping.
		Adding to DB the URL https://www.nbcnews.com/science/science-news/lab-leak-theory-science-scientists-rcna1191
	Result [10]  Processing URL https://www.theguardian.com/world/2021/may/27/did-covid-come-from-a-wuhan-lab-what-we-know-so-far
		Date found in the API results: 2021-05-27T00:00:00
		Date found in the URL: 2021-05-02 00:00:00
		Different. The content of https://www.bbc.com/news/science-environment-52318539 has distance with https://www.theguardian.com/world/2021/may/27/did-covid-come-from-a-wuhan-lab-what-we-know-so-far of: 0.2831. Discarding.
	Result [11]  Processing URL https://ar-ar.facebook.com/MyanmarNetNews/posts/coronavirus-is-there-any-evidence-for-lab-release-theoryby-paul-rincon-science-e/2911829332237180/
		The content of https://www.bbc.com/news/science-environment-52318539 has distance with https://ar-ar.facebook.com/MyanmarNetNews/posts/coronavirus-is-there-any-evidence-for-lab-release-theoryby-paul-rincon-science-e/2911829332237180/ of : 0.3046. Keeping.
		Adding to DB the URL https://ar-ar.facebook.com/MyanmarNetNews/posts/coronavirus-is-there-any-evidence-for-lab-release-theoryby-paul-rincon-science-e/2911829332237180/
	Result [12]  Processing URL https://www.theguardian.com/world/2021/may/27/did-covid-come-from-a-wuhan-lab-what-we-know-so-far
		Date found in the API results: 2021-05-27T00:00:00
		Date found in the URL: 2021-05-02 00:00:00
		Different. The content of https://www.bbc.com/news/science-environment-52318539 has distance with https://www.theguardian.com/world/2021/may/27/did-covid-come-from-a-wuhan-lab-what-we-know-so-far of: 0.2831. Discarding.
	Result [13]  Processing URL https://healthnews.dev/coronavirus-is-there-any-evidence-for-lab-release-theory-bbc-news/
		Date found in the content of the page: None
		Different. The content of https://www.bbc.com/news/science-environment-52318539 has distance with https://healthnews.dev/coronavirus-is-there-any-evidence-for-lab-release-theory-bbc-news/ of: 0.2077. Discarding.
	Result [14]  Processing URL https://nymag.com/intelligencer/article/coronavirus-lab-escape-theory.html
		Date found in the API results: 2021-01-04T00:00:00
		The content of https://www.bbc.com/news/science-environment-52318539 has distance with https://nymag.com/intelligencer/article/coronavirus-lab-escape-theory.html of : 0.3167. Keeping.
		Adding to DB the URL https://nymag.com/intelligencer/article/coronavirus-lab-escape-theory.html
	Result [15]  Processing URL https://undark.org/2021/05/28/abstracts-lab-leak-hypothesis-mainstream/
		Date found in the API results: 2021-05-28T00:00:00
		Date found in the URL: 2021-05-28 00:00:00
		Different. The content of https://www.bbc.com/news/science-environment-52318539 has distance with https://undark.org/2021/05/28/abstracts-lab-leak-hypothesis-mainstream/ of: 0.024837374334713187. Discarding.
	Result [16]  Processing URL https://en.wikipedia.org/wiki/COVID-19_misinformation
		Different. The content of https://www.bbc.com/news/science-environment-52318539 has distance with https://en.wikipedia.org/wiki/COVID-19_misinformation of: 0.2955. Discarding.
	Result [17]  Processing URL https://theglobalherald.com/news/coronavirus-is-there-any-evidence-for-lab-release-theory-bbc-news/
		! Error getting the content of the web.
		! unsupported operand type(s) for +: 'int' and 'str'
		<class 'TypeError'>
		The content of the pages were not string. Verify.
		Different. The content of https://www.bbc.com/news/science-environment-52318539 has distance with https://theglobalherald.com/news/coronavirus-is-there-any-evidence-for-lab-release-theory-bbc-news/ of: False. Discarding.
	Result [18]  Processing URL https://www.the-scientist.com/news-opinion/covid-19-s-origins-need-further-investigation-say-scientists-68770
		Date found in the API results: 2021-05-14T00:00:00
		The content of https://www.bbc.com/news/science-environment-52318539 has distance with https://www.the-scientist.com/news-opinion/covid-19-s-origins-need-further-investigation-say-scientists-68770 of : 0.3323. Keeping.
		Adding to DB the URL https://www.the-scientist.com/news-opinion/covid-19-s-origins-need-further-investigation-say-scientists-68770
	Result [19]  Processing URL https://www.nytimes.com/2021/05/27/us/coronavirus-today-lab-leak.html
		Date found in the API results: 2021-05-27T00:00:00
		Date found in the URL: 2021-05-27 00:00:00
		The content of https://www.bbc.com/news/science-environment-52318539 has distance with https://www.nytimes.com/2021/05/27/us/coronavirus-today-lab-leak.html of : 0.3785. Keeping.
		Adding to DB the URL https://www.nytimes.com/2021/05/27/us/coronavirus-today-lab-leak.html
	Result [20]  Processing URL https://www.hsph.harvard.edu/news/hsph-in-the-news/the-latest-on-the-coronavirus/
		Date found in the API results: 2021-07-09T19:28:16.967155
		Different. The content of https://www.bbc.com/news/science-environment-52318539 has distance with https://www.hsph.harvard.edu/news/hsph-in-the-news/the-latest-on-the-coronavirus/ of: 0.2822. Discarding.
	Result [21]  Processing URL https://www.bostonmagazine.com/news/2020/09/09/alina-chan-broad-institute-coronavirus/
		Date found in the API results: 2020-09-09T00:00:00
		Date found in the URL: 2020-09-09 00:00:00
		The content of https://www.bbc.com/news/science-environment-52318539 has distance with https://www.bostonmagazine.com/news/2020/09/09/alina-chan-broad-institute-coronavirus/ of : 0.32. Keeping.
		Adding to DB the URL https://www.bostonmagazine.com/news/2020/09/09/alina-chan-broad-institute-coronavirus/
	Result [22]  Processing URL https://usrtk.org/biohazards/origin-of-sars-cov-2-gain-of-function-readings/
		Date found in the API results: 2021-07-09T19:28:20.448279
		Date found in the content of the page: None
		Different. The content of https://www.bbc.com/news/science-environment-52318539 has distance with https://usrtk.org/biohazards/origin-of-sars-cov-2-gain-of-function-readings/ of: 0.024837374334713187. Discarding.
	Result [23]  Processing URL https://www.yahoo.com/now/science-around-lab-leak-theory-204525152.html
		Date found in the API results: 2021-06-17T00:00:00
		The content of https://www.bbc.com/news/science-environment-52318539 has distance with https://www.yahoo.com/now/science-around-lab-leak-theory-204525152.html of : 0.3309. Keeping.
		Adding to DB the URL https://www.yahoo.com/now/science-around-lab-leak-theory-204525152.html
	Result [24]  Processing URL http://www.filippalentzos.com/?page_id=572
		The content of https://www.bbc.com/news/science-environment-52318539 has distance with http://www.filippalentzos.com/?page_id=572 of : 0.3123. Keeping.
		Adding to DB the URL http://www.filippalentzos.com/?page_id=572
	Result [25]  Processing URL https://wapo.st/2yhdh21
		Different. The content of https://www.bbc.com/news/science-environment-52318539 has distance with https://wapo.st/2yhdh21 of: 0.2681. Discarding.
	Result [26]  Processing URL https://www.cnet.com/features/the-complex-messy-hunt-for-covid-19s-origin-and-the-lab-leak-theory/
		Date found in the API results: 2021-01-19T00:00:00
		The content of https://www.bbc.com/news/science-environment-52318539 has distance with https://www.cnet.com/features/the-complex-messy-hunt-for-covid-19s-origin-and-the-lab-leak-theory/ of : 0.3496. Keeping.
		Adding to DB the URL https://www.cnet.com/features/the-complex-messy-hunt-for-covid-19s-origin-and-the-lab-leak-theory/
	Result [27]  Processing URL https://www.nbcnews.com/politics/national-security/did-coronavirus-really-escape-chinese-lab-here-s-what-we-n1199531
		Date found in the API results: 2020-05-04T00:00:00
		The content of https://www.bbc.com/news/science-environment-52318539 has distance with https://www.nbcnews.com/politics/national-security/did-coronavirus-really-escape-chinese-lab-here-s-what-we-n1199531 of : 0.3063. Keeping.
		Adding to DB the URL https://www.nbcnews.com/politics/national-security/did-coronavirus-really-escape-chinese-lab-here-s-what-we-n1199531
	Result [28]  Processing URL https://theglobalherald.com/news/coronavirus-is-there-any-evidence-for-lab-release-theory-bbc-news/
		! Error getting the content of the web.
		! unsupported operand type(s) for +: 'int' and 'str'
		<class 'TypeError'>
		The content of the pages were not string. Verify.
		Different. The content of https://www.bbc.com/news/science-environment-52318539 has distance with https://theglobalherald.com/news/coronavirus-is-there-any-evidence-for-lab-release-theory-bbc-news/ of: False. Discarding.
	Result [29]  Processing URL https://www.independent.co.uk/asia/china/covid-china-wuhan-lab-leak-b1856637.html
		Date found in the API results: 2021-05-30T00:00:00
		The content of https://www.bbc.com/news/science-environment-52318539 has distance with https://www.independent.co.uk/asia/china/covid-china-wuhan-lab-leak-b1856637.html of : 0.3433. Keeping.
		Adding to DB the URL https://www.independent.co.uk/asia/china/covid-china-wuhan-lab-leak-b1856637.html
	Result [30]  Processing URL https://apnews.com/article/who-virus-unlikley-leaked-china-lab-7a739e01f0713ebcc031d7ca81c51345
		Date found in the API results: 2021-02-09T00:00:00
		The content of https://www.bbc.com/news/science-environment-52318539 has distance with https://apnews.com/article/who-virus-unlikley-leaked-china-lab-7a739e01f0713ebcc031d7ca81c51345 of : 0.357. Keeping.
		Adding to DB the URL https://apnews.com/article/who-virus-unlikley-leaked-china-lab-7a739e01f0713ebcc031d7ca81c51345
	Result [31]  Processing URL https://apnews.com/article/who-virus-unlikley-leaked-china-lab-7a739e01f0713ebcc031d7ca81c51345
		Date found in the API results: 2021-02-09T00:00:00
		The content of https://www.bbc.com/news/science-environment-52318539 has distance with https://apnews.com/article/who-virus-unlikley-leaked-china-lab-7a739e01f0713ebcc031d7ca81c51345 of : 0.357. Keeping.
		Adding to DB the URL https://apnews.com/article/who-virus-unlikley-leaked-china-lab-7a739e01f0713ebcc031d7ca81c51345
	Result [32]  Processing URL https://www.cnn.com/2021/02/18/asia/china-coronavirus-disinformation-fort-detrick-intl-hnk/index.html
		Date found in the API results: 2021-02-18T00:00:00
		Date found in the URL: 2021-02-18 00:00:00
		The content of https://www.bbc.com/news/science-environment-52318539 has distance with https://www.cnn.com/2021/02/18/asia/china-coronavirus-disinformation-fort-detrick-intl-hnk/index.html of : 0.3252. Keeping.
		Adding to DB the URL https://www.cnn.com/2021/02/18/asia/china-coronavirus-disinformation-fort-detrick-intl-hnk/index.html
	Result [33]  Processing URL https://thebulletin.org/2021/02/who-covid-19-didnt-leak-from-a-lab-also-who-maybe-it-did/
		Date found in the API results: 2021-02-11T00:00:00
		Different. The content of https://www.bbc.com/news/science-environment-52318539 has distance with https://thebulletin.org/2021/02/who-covid-19-didnt-leak-from-a-lab-also-who-maybe-it-did/ of: 0.282. Discarding.
	Result [34]  Processing URL https://www.telegraph.co.uk/global-health/science-and-disease/no-evidence-covid-19-lab-leak-plenty-natural-origins-leading/
		Date found in the API results: 2021-07-08T19:28:30.618864
		The content of https://www.bbc.com/news/science-environment-52318539 has distance with https://www.telegraph.co.uk/global-health/science-and-disease/no-evidence-covid-19-lab-leak-plenty-natural-origins-leading/ of : 0.3044. Keeping.
		Adding to DB the URL https://www.telegraph.co.uk/global-health/science-and-disease/no-evidence-covid-19-lab-leak-plenty-natural-origins-leading/
	Result [35]  Processing URL https://twitter.com/HStiles1/statuses/1251859134741393409
		Date found in the content of the page: None
		The content of https://www.bbc.com/news/science-environment-52318539 has distance with https://twitter.com/HStiles1/statuses/1251859134741393409 of : 0.3244. Keeping.
		Adding to DB the URL https://twitter.com/HStiles1/statuses/1251859134741393409
	Result [36]  Processing URL https://coronaviruswales.uk/2020/06/23/coronavirus-is-there-any-evidence-for-lab-release-theory-bbc-news/
		Date found in the URL: 2020-06-23 00:00:00
		Different. The content of https://www.bbc.com/news/science-environment-52318539 has distance with https://coronaviruswales.uk/2020/06/23/coronavirus-is-there-any-evidence-for-lab-release-theory-bbc-news/ of: 0.04146293761001369. Discarding.
	Result [37]  Processing URL https://www.fredhutch.org/en/news/center-news/2021/07/deleted-coronavirus-sequences.html
		Date found in the API results: 2021-07-08T19:28:32.667475
		The content of https://www.bbc.com/news/science-environment-52318539 has distance with https://www.fredhutch.org/en/news/center-news/2021/07/deleted-coronavirus-sequences.html of : 0.3161. Keeping.
		Adding to DB the URL https://www.fredhutch.org/en/news/center-news/2021/07/deleted-coronavirus-sequences.html
	Result [38]  Processing URL https://www.thetimes.co.uk/article/seven-year-covid-trail-revealed-l5vxt7jqp
		Date found in the API results: 2020-07-04T00:00:00
		The content of https://www.bbc.com/news/science-environment-52318539 has distance with https://www.thetimes.co.uk/article/seven-year-covid-trail-revealed-l5vxt7jqp of : 0.3439. Keeping.
		Adding to DB the URL https://www.thetimes.co.uk/article/seven-year-covid-trail-revealed-l5vxt7jqp
	Result [39]  Processing URL https://www.rnz.co.nz/news/world/446667/covid-origins-scientists-weigh-up-evidence-on-virus-s-origins
		Date found in the API results: 2021-07-11T19:28:38.475225
		Different. The content of https://www.bbc.com/news/science-environment-52318539 has distance with https://www.rnz.co.nz/news/world/446667/covid-origins-scientists-weigh-up-evidence-on-virus-s-origins of: 0.2797. Discarding.
	Result [40]  Processing URL https://biomedres.us/fulltexts/BJSTR.MS.ID.004575.php
		Date found in the API results: 2020-05-27T00:00:00
		! Timeout waiting for the web server to answer.  We ignore and continue.
		The content of the pages were not string. Verify.
		Different. The content of https://www.bbc.com/news/science-environment-52318539 has distance with https://biomedres.us/fulltexts/BJSTR.MS.ID.004575.php of: False. Discarding.
	Result [41]  Processing URL https://www.sciencedaily.com/breaking/
		! Error getting the content of the web.
		! Document is empty
		<class 'lxml.etree.ParserError'>
		The content of the pages were not string. Verify.
		Different. The content of https://www.bbc.com/news/science-environment-52318539 has distance with https://www.sciencedaily.com/breaking/ of: False. Discarding.
	Result [42]  Processing URL https://www.wsj.com/video
		The content of https://www.bbc.com/news/science-environment-52318539 has distance with https://www.wsj.com/video of : 0.3938. Keeping.
		Adding to DB the URL https://www.wsj.com/video
	Result [43]  Processing URL https://www.disinfo.eu/coronavirus/
		The content of https://www.bbc.com/news/science-environment-52318539 has distance with https://www.disinfo.eu/coronavirus/ of : 0.3422. Keeping.
		Adding to DB the URL https://www.disinfo.eu/coronavirus/
	Result [44]  Processing URL https://www.apple.com/
		The content of https://www.bbc.com/news/science-environment-52318539 has distance with https://www.apple.com/ of : 0.3287. Keeping.
		Adding to DB the URL https://www.apple.com/
	Result [45]  Processing URL https://www.oecd.org/coronavirus/policy-responses/the-territorial-impact-of-covid-19-managing-the-crisis-across-levels-of-government-d3e314e1/
		The content of https://www.bbc.com/news/science-environment-52318539 has distance with https://www.oecd.org/coronavirus/policy-responses/the-territorial-impact-of-covid-19-managing-the-crisis-across-levels-of-government-d3e314e1/ of : 0.3118. Keeping.
		Adding to DB the URL https://www.oecd.org/coronavirus/policy-responses/the-territorial-impact-of-covid-19-managing-the-crisis-across-levels-of-government-d3e314e1/
	Result [46]  Processing URL https://telangana.wordpress.com/2020/04/17/coronavirus-is-there-any-evidence-for-lab-release-theory-bbc-news/amp/
		Date found in the URL: 2020-04-17 00:00:00
		Different. The content of https://www.bbc.com/news/science-environment-52318539 has distance with https://telangana.wordpress.com/2020/04/17/coronavirus-is-there-any-evidence-for-lab-release-theory-bbc-news/amp/ of: 0.2927. Discarding.
	Result [47]  Processing URL https://khn.org/morning-breakout/first-edition-july-6-2021/
		Date found in the API results: 2021-07-06T19:28:58.894206
		! Error getting the content of the web.
		! can't compare offset-naive and offset-aware datetimes
		<class 'TypeError'>
		The content of the pages were not string. Verify.
		Different. The content of https://www.bbc.com/news/science-environment-52318539 has distance with https://khn.org/morning-breakout/first-edition-july-6-2021/ of: False. Discarding.
	Result [48]  Processing URL https://www.chicagotribune.com/columns/rex-huppke/ct-deer-human-bones-huppke-20170508-story.html
		Date found in the API results: 2017-05-08T00:00:00
		The content of https://www.bbc.com/news/science-environment-52318539 has distance with https://www.chicagotribune.com/columns/rex-huppke/ct-deer-human-bones-huppke-20170508-story.html of : 0.3327. Keeping.
		Adding to DB the URL https://www.chicagotribune.com/columns/rex-huppke/ct-deer-human-bones-huppke-20170508-story.html
	Result [49]  Processing URL https://www.pvnews.me/coronavirus-is-there-any-evidence-for-lab-release-theory-bbc-news_262dfe324.html
		Date found in the API results: 2021-03-28T00:00:00
		! Error in getting content due to a Connection Error. Port closed, web down?
		The content of the pages were not string. Verify.
		Different. The content of https://www.bbc.com/news/science-environment-52318539 has distance with https://www.pvnews.me/coronavirus-is-there-any-evidence-for-lab-release-theory-bbc-news_262dfe324.html of: False. Discarding.
	Result [50]  Processing URL https://theprint.in/health/lab-leak-or-natural-how-the-evidence-stacks-up-in-the-coronavirus-origin-investigation/674905/
		Date found in the API results: 2021-06-14T00:00:00
		Date found in the content of the page: None
		Different. The content of https://www.bbc.com/news/science-environment-52318539 has distance with https://theprint.in/health/lab-leak-or-natural-how-the-evidence-stacks-up-in-the-coronavirus-origin-investigation/674905/ of: 0.02619915295971634. Discarding.
	Result [51]  Processing URL https://www.apple.com/
		The content of https://www.bbc.com/news/science-environment-52318539 has distance with https://www.apple.com/ of : 0.3287. Keeping.
		Adding to DB the URL https://www.apple.com/
	Result [52]  Processing URL https://telangana.wordpress.com/2020/04/17/coronavirus-is-there-any-evidence-for-lab-release-theory-bbc-news/amp/
		Date found in the URL: 2020-04-17 00:00:00
		Different. The content of https://www.bbc.com/news/science-environment-52318539 has distance with https://telangana.wordpress.com/2020/04/17/coronavirus-is-there-any-evidence-for-lab-release-theory-bbc-news/amp/ of: 0.2927. Discarding.
	Result [53]  Processing URL https://hmgccity.com/coronavirus-national-updates/
		Date found in the content of the page: None
		Different. The content of https://www.bbc.com/news/science-environment-52318539 has distance with https://hmgccity.com/coronavirus-national-updates/ of: 0.024837374334713187. Discarding.
	Result [54]  Processing URL https://khn.org/morning-breakout/first-edition-july-6-2021/
		Date found in the API results: 2021-07-06T19:29:13.830711
		! Error getting the content of the web.
		! can't compare offset-naive and offset-aware datetimes
		<class 'TypeError'>
		The content of the pages were not string. Verify.
		Different. The content of https://www.bbc.com/news/science-environment-52318539 has distance with https://khn.org/morning-breakout/first-edition-july-6-2021/ of: False. Discarding.
	Result [55]  Processing URL https://www.chicagotribune.com/columns/rex-huppke/ct-deer-human-bones-huppke-20170508-story.html
		Date found in the API results: 2017-05-08T00:00:00
		The content of https://www.bbc.com/news/science-environment-52318539 has distance with https://www.chicagotribune.com/columns/rex-huppke/ct-deer-human-bones-huppke-20170508-story.html of : 0.3327. Keeping.
		Adding to DB the URL https://www.chicagotribune.com/columns/rex-huppke/ct-deer-human-bones-huppke-20170508-story.html
	Result [56]  Processing URL https://www.pvnews.me/coronavirus-is-there-any-evidence-for-lab-release-theory-bbc-news_262dfe324.html
		Date found in the API results: 2021-03-28T00:00:00
		! Error in getting content due to a Connection Error. Port closed, web down?
		The content of the pages were not string. Verify.
		Different. The content of https://www.bbc.com/news/science-environment-52318539 has distance with https://www.pvnews.me/coronavirus-is-there-any-evidence-for-lab-release-theory-bbc-news_262dfe324.html of: False. Discarding.
	Result [57]  Processing URL https://www.nationalgeographic.com/science/article/what-you-need-to-know-about-the-covid-19-lab-leak-hypothesis
		Date found in the API results: 2021-06-04T00:00:00
		Different. The content of https://www.bbc.com/news/science-environment-52318539 has distance with https://www.nationalgeographic.com/science/article/what-you-need-to-know-about-the-covid-19-lab-leak-hypothesis of: 0.2787. Discarding.
	Result [58]  Processing URL https://theprint.in/health/lab-leak-or-natural-how-the-evidence-stacks-up-in-the-coronavirus-origin-investigation/674905/
		Date found in the API results: 2021-06-14T00:00:00
		Date found in the content of the page: None
		Different. The content of https://www.bbc.com/news/science-environment-52318539 has distance with https://theprint.in/health/lab-leak-or-natural-how-the-evidence-stacks-up-in-the-coronavirus-origin-investigation/674905/ of: 0.02619915295971634. Discarding.
	Result [59]  Processing URL https://www.insidehighered.com/news/2018/06/20/new-stanford-prison-experiment-revelations-question-findings
		Date found in the API results: 2018-06-20T00:00:00
		Different. The content of https://www.bbc.com/news/science-environment-52318539 has distance with https://www.insidehighered.com/news/2018/06/20/new-stanford-prison-experiment-revelations-question-findings of: 0.2814. Discarding.
	Result [60]  Processing URL https://www.artsci.uc.edu/departments/history/newsletters.html
		Different. The content of https://www.bbc.com/news/science-environment-52318539 has distance with https://www.artsci.uc.edu/departments/history/newsletters.html of: 0.246. Discarding.
	Result [61]  Processing URL https://www.healthline.com/health-news/covid-19-updates
		The content of https://www.bbc.com/news/science-environment-52318539 has distance with https://www.healthline.com/health-news/covid-19-updates of : 0.3849. Keeping.
		Adding to DB the URL https://www.healthline.com/health-news/covid-19-updates
	Result [62]  Processing URL https://guyanachronicle.com/2021/07/12/scientists-weigh-up-evidence-over-covid-19-origins/
		Date found in the API results: 2021-07-12
		Date found in the URL: 2021-07-12 00:00:00
		Different. The content of https://www.bbc.com/news/science-environment-52318539 has distance with https://guyanachronicle.com/2021/07/12/scientists-weigh-up-evidence-over-covid-19-origins/ of: 0.20944024697375904. Discarding.
	Result [63]  Processing URL https://www.medicalnewstoday.com/
		The content of https://www.bbc.com/news/science-environment-52318539 has distance with https://www.medicalnewstoday.com/ of : 0.3791. Keeping.
		Adding to DB the URL https://www.medicalnewstoday.com/
	Result [64]  Processing URL https://www.washingtonpost.com/world/asia_pacific/coronavirus-bats-china-wuhan/2021/06/02/772ef984-beb2-11eb-922a-c40c9774bc48_story.html
		Date found in the API results: 2021-06-03T00:00:00
		! Timeout waiting for the web server to answer.  We ignore and continue.
		The content of the pages were not string. Verify.
		Different. The content of https://www.bbc.com/news/science-environment-52318539 has distance with https://www.washingtonpost.com/world/asia_pacific/coronavirus-bats-china-wuhan/2021/06/02/772ef984-beb2-11eb-922a-c40c9774bc48_story.html of: False. Discarding.
	Result [65]  Processing URL https://books.google.com/books?id=6FbzDwAAQBAJ&pg=PT268&lpg=PT268&dq=Coronavirus:+Is+there+any+evidence+for+lab+release+theory?+-+BBC+News&source=bl&ots=S3Rl2kKhQ1&sig=ACfU3U2uR26Lp_aswXP2xxLbWMLqjTVo1A&hl=en&sa=X&ved=2ahUKEwiY1ueGh97xAhXHGFkFHcgPAew4PRDoATAEegQIAhAD
		Date found in the content of the page: None
		Different. The content of https://www.bbc.com/news/science-environment-52318539 has distance with https://books.google.com/books?id=6FbzDwAAQBAJ&pg=PT268&lpg=PT268&dq=Coronavirus:+Is+there+any+evidence+for+lab+release+theory?+-+BBC+News&source=bl&ots=S3Rl2kKhQ1&sig=ACfU3U2uR26Lp_aswXP2xxLbWMLqjTVo1A&hl=en&sa=X&ved=2ahUKEwiY1ueGh97xAhXHGFkFHcgPAew4PRDoATAEegQIAhAD of: 0.2905. Discarding.
	Result [66]  Processing URL https://books.google.com/books?id=xpYJEAAAQBAJ&pg=PA103&lpg=PA103&dq=Coronavirus:+Is+there+any+evidence+for+lab+release+theory?+-+BBC+News&source=bl&ots=RVCC5HvsVq&sig=ACfU3U12Y4IGNuIlhUWjzrxpUcto_k2QVQ&hl=en&sa=X&ved=2ahUKEwi6i8CJh97xAhUCad4KHdWLAp44QhDoATAAegQIBRAD
		Different. The content of https://www.bbc.com/news/science-environment-52318539 has distance with https://books.google.com/books?id=xpYJEAAAQBAJ&pg=PA103&lpg=PA103&dq=Coronavirus:+Is+there+any+evidence+for+lab+release+theory?+-+BBC+News&source=bl&ots=RVCC5HvsVq&sig=ACfU3U12Y4IGNuIlhUWjzrxpUcto_k2QVQ&hl=en&sa=X&ved=2ahUKEwi6i8CJh97xAhUCad4KHdWLAp44QhDoATAAegQIBRAD of: 0.2907. Discarding.
	Result [67]  Processing URL https://books.google.com/books?id=ez8KEAAAQBAJ&pg=PT216&lpg=PT216&dq=Coronavirus:+Is+there+any+evidence+for+lab+release+theory?+-+BBC+News&source=bl&ots=gBCWdE8-wb&sig=ACfU3U0cQ5FcLvbCpMlnIqR-R-4ylmr8lg&hl=en&sa=X&ved=2ahUKEwi6i8CJh97xAhUCad4KHdWLAp44QhDoATABegQIBBAD
		Different. The content of https://www.bbc.com/news/science-environment-52318539 has distance with https://books.google.com/books?id=ez8KEAAAQBAJ&pg=PT216&lpg=PT216&dq=Coronavirus:+Is+there+any+evidence+for+lab+release+theory?+-+BBC+News&source=bl&ots=gBCWdE8-wb&sig=ACfU3U0cQ5FcLvbCpMlnIqR-R-4ylmr8lg&hl=en&sa=X&ved=2ahUKEwi6i8CJh97xAhUCad4KHdWLAp44QhDoATABegQIBBAD of: 0.2931. Discarding.
	Result [68]  Processing URL https://books.google.com/books?id=s3ceEAAAQBAJ&pg=PT72&lpg=PT72&dq=Coronavirus:+Is+there+any+evidence+for+lab+release+theory?+-+BBC+News&source=bl&ots=PBHD-Xsdsu&sig=ACfU3U1OXdiBQoZYy5I-MNfWp_9KYkYnSQ&hl=en&sa=X&ved=2ahUKEwi6i8CJh97xAhUCad4KHdWLAp44QhDoATACegQIAxAD
		Different. The content of https://www.bbc.com/news/science-environment-52318539 has distance with https://books.google.com/books?id=s3ceEAAAQBAJ&pg=PT72&lpg=PT72&dq=Coronavirus:+Is+there+any+evidence+for+lab+release+theory?+-+BBC+News&source=bl&ots=PBHD-Xsdsu&sig=ACfU3U1OXdiBQoZYy5I-MNfWp_9KYkYnSQ&hl=en&sa=X&ved=2ahUKEwi6i8CJh97xAhUCad4KHdWLAp44QhDoATACegQIAxAD of: 0.2922. Discarding.
	Result [69]  Processing URL https://books.google.com/books?id=564WEAAAQBAJ&pg=PT36&lpg=PT36&dq=Coronavirus:+Is+there+any+evidence+for+lab+release+theory?+-+BBC+News&source=bl&ots=ywxnkgYQnf&sig=ACfU3U2BfP_FSZZuhp_POetPe0hFKasE2w&hl=en&sa=X&ved=2ahUKEwi6i8CJh97xAhUCad4KHdWLAp44QhDoATADegQIAhAD
		Different. The content of https://www.bbc.com/news/science-environment-52318539 has distance with https://books.google.com/books?id=564WEAAAQBAJ&pg=PT36&lpg=PT36&dq=Coronavirus:+Is+there+any+evidence+for+lab+release+theory?+-+BBC+News&source=bl&ots=ywxnkgYQnf&sig=ACfU3U2BfP_FSZZuhp_POetPe0hFKasE2w&hl=en&sa=X&ved=2ahUKEwi6i8CJh97xAhUCad4KHdWLAp44QhDoATADegQIAhAD of: 0.2909. Discarding.
	Result [70]  Processing URL https://receitasdebolos.fun/bolos-coronavirus%3A-is-there-any-evidence-for-lab-release-theory%3F-bbc-news/h%C3%A1-1-ano/bbc-news/KkrbC8_BxGbjM
		Different. The content of https://www.bbc.com/news/science-environment-52318539 has distance with https://receitasdebolos.fun/bolos-coronavirus%3A-is-there-any-evidence-for-lab-release-theory%3F-bbc-news/h%C3%A1-1-ano/bbc-news/KkrbC8_BxGbjM of: 0.2747. Discarding.

== Level 0. Twitter search by title as Coronavirus: Is there any evidence for lab release theory? - BBC News
https://api.twitter.com/2/tweets/search/all?query=%22Coronavirus%3A+Is+there+any+evidence+for+lab+release+theory%3F+-+BBC+News%22&max_results=100&tweet.fields=author_id%2Cpublic_metrics%2Ccreated_at&start_time=2020-07-12T19%3A29%3A51.751169Z
	Downloaded 7 twitter content
	Result [1]  Processing twitter ID 1411935194219573249: Coronavirus: Is there any evidence for lab release theory? - BBC News https://t.co/GwApwucAPa
	Result [2]  Processing twitter ID 1379255955456630785: Coronavirus: Is there any evidence for lab release theory? - BBC News https://t.co/3bYlrS5PWe
研究所が持ってたらファイザーより先にワクチンなり治療薬なりが作れたと思うからなしだと思ってる。
	Result [3]  Processing twitter ID 1363994685291720706: Coronavirus: Is there any evidence for lab release theory? – BBC News https://t.co/uYUBmk4ggX https://t.co/hv5YDUpMIB
	Result [4]  Processing twitter ID 1310842551826604033: #coronanews Coronavirus: Is there any evidence for lab release theory? – BBC News https://t.co/wp1yBdO6wU
	Result [5]  Processing twitter ID 1298096878832062464: Coronavirus: Is there any evidence for lab release theory? - BBC News https://t.co/sA3qhuYKyW via @YouTube
	Result [6]  Processing twitter ID 1297741290843435008: Coronavirus: Is there any evidence for lab release theory? - BBC News https://t.co/sA3qhuYKyW via @YouTube
	Result [7]  Processing twitter ID 1282955665036673025: Coronavirus: Is there any evidence for lab release theory? – BBC News https://t.co/26FPiqpshA

== Level 0. VK search by title as Coronavirus: Is there any evidence for lab release theory? - BBC News
	Result [0]  Processing URL https://vk.com/id-198462752?w=wall-198462752_1300. Date: 2021-05-17 23:54:47
	Result [1]  Processing URL https://vk.com/id-195212510?w=wall-195212510_5640. Date: 2021-04-25 02:27:54
	Result [2]  Processing URL https://vk.com/id585689619?w=wall585689619_12847. Date: 2021-03-11 22:44:20
	Result [3]  Processing URL https://vk.com/id-191739538?w=wall-191739538_17610. Date: 2021-02-16 16:14:29
	Result [4]  Processing URL https://vk.com/id-195212510?w=wall-195212510_3099. Date: 2020-12-08 14:47:23
	Result [5]  Processing URL https://vk.com/id-191739538?w=wall-191739538_13115. Date: 2020-11-18 13:23:42
	Result [6]  Processing URL https://vk.com/id581608605?w=wall581608605_1815. Date: 2020-10-23 18:43:44
	Result [7]  Processing URL https://vk.com/id468902746?w=wall468902746_13320. Date: 2020-05-21 22:34:43
	Result [8]  Processing URL https://vk.com/id-194259083?w=wall-194259083_524. Date: 2020-05-15 05:18:23
	Result [9]  Processing URL https://vk.com/id-66846978?w=wall-66846978_622. Date: 2020-05-13 15:23:00
	Result [10]  Processing URL https://vk.com/id543783097?w=wall543783097_506. Date: 2020-04-19 22:56:19
	Result [11]  Processing URL https://vk.com/id437789736?w=wall437789736_13467. Date: 2020-04-17 14:27:58
	Result [12]  Processing URL https://vk.com/id479711299?w=wall479711299_3778. Date: 2020-04-17 10:37:47
In total was found 13
