Searching the distribution graph of URL https://www.change.org/p/the-international-olympic-committee-petition-to-relocate-the-2018-winter-olympics-from-south-korea. Using 1 levels.

		Date found in the content of the page: None
Main title: Petition 路 The International Olympic Committee: Petition to relocate the 2018 Winter Olympics from South Korea 路 Change.org
In level 0 were found 1 urls including original

== Level 0. Google search by LINKS to https://www.change.org/p/the-international-olympic-committee-petition-to-relocate-the-2018-winter-olympics-from-south-korea
	Total amount of results retrieved: 103
	Result [1]  Processing URL https://www.change.org/petitions?selected=popular_weekly
		! Error getting the content of the web.
		! unsupported operand type(s) for +: 'int' and 'str'
		<class 'TypeError'>
		Not in content. The URL https://www.change.org/p/the-international-olympic-committee-petition-to-relocate-the-2018-winter-olympics-from-south-korea is not in the content of site https://www.change.org/petitions?selected=popular_weekly  Discarding.
	Result [2]  Processing URL https://wwwo.change.org/p/international-olympic-committee-revoke-beijing-s-hosting-right-of-2022-winter-olympics-on-human-rights-ground?original_footer_petition_id=26141123&algorithm=promoted&source_location=petition_footer&grid_position=7&pt=AVBldGl0aW9uAFXBFgEAAAAAX%2BeXa7ocmDNlNmU1NWQwMg%3D%3D
		Not in content. The URL https://www.change.org/p/the-international-olympic-committee-petition-to-relocate-the-2018-winter-olympics-from-south-korea is not in the content of site https://wwwo.change.org/p/international-olympic-committee-revoke-beijing-s-hosting-right-of-2022-winter-olympics-on-human-rights-ground?original_footer_petition_id=26141123&algorithm=promoted&source_location=petition_footer&grid_position=7&pt=AVBldGl0aW9uAFXBFgEAAAAAX%2BeXa7ocmDNlNmU1NWQwMg%3D%3D  Discarding.
	Result [3]  Processing URL https://lostrapposullamaschera.change.org/p/international-olympic-committee-revoke-beijing-s-hosting-right-of-2022-winter-olympics-on-human-rights-ground?original_footer_petition_id=25718581&algorithm=promoted&source_location=petition_footer&grid_position=10&pt=AVBldGl0aW9uAFXBFgEAAAAAX%2Bdf%2FId8v7UzMzliYTIzMw%3D%3D
		Not in content. The URL https://www.change.org/p/the-international-olympic-committee-petition-to-relocate-the-2018-winter-olympics-from-south-korea is not in the content of site https://lostrapposullamaschera.change.org/p/international-olympic-committee-revoke-beijing-s-hosting-right-of-2022-winter-olympics-on-human-rights-ground?original_footer_petition_id=25718581&algorithm=promoted&source_location=petition_footer&grid_position=10&pt=AVBldGl0aW9uAFXBFgEAAAAAX%2Bdf%2FId8v7UzMzliYTIzMw%3D%3D  Discarding.
	Result [4]  Processing URL https://www.cbc.ca/sports/olympics/canada-olympic-house-plans-pyeongchang-1.4477897
		Date found in the API results: 2018-01-08T00:00:00
		Not in content. The URL https://www.change.org/p/the-international-olympic-committee-petition-to-relocate-the-2018-winter-olympics-from-south-korea is not in the content of site https://www.cbc.ca/sports/olympics/canada-olympic-house-plans-pyeongchang-1.4477897  Discarding.
	Result [5]  Processing URL https://en.wikipedia.org/wiki/2018_Winter_Olympics
		Not in content. The URL https://www.change.org/p/the-international-olympic-committee-petition-to-relocate-the-2018-winter-olympics-from-south-korea is not in the content of site https://en.wikipedia.org/wiki/2018_Winter_Olympics  Discarding.
	Result [6]  Processing URL https://www.reddit.com/user/Michae1Yeager/
		The URL https://www.change.org/p/the-international-olympic-committee-petition-to-relocate-the-2018-winter-olympics-from-south-korea IS in the content of site https://www.reddit.com/user/Michae1Yeager/  Keeping.
		Adding to DB the URL https://www.reddit.com/user/Michae1Yeager/
	Result [7]  Processing URL https://www.reddit.com/user/MarkMeerhoney
		! Error getting the content of the web.
		! signed integer is greater than maximum
		<class 'OverflowError'>
		Not in content. The URL https://www.change.org/p/the-international-olympic-committee-petition-to-relocate-the-2018-winter-olympics-from-south-korea is not in the content of site https://www.reddit.com/user/MarkMeerhoney  Discarding.
	Result [8]  Processing URL https://olympics.com/ioc/olympic-games-organising-committees
		Not in content. The URL https://www.change.org/p/the-international-olympic-committee-petition-to-relocate-the-2018-winter-olympics-from-south-korea is not in the content of site https://olympics.com/ioc/olympic-games-organising-committees  Discarding.
	Result [9]  Processing URL https://www.jstor.org/stable/27000241
		Date found in the content of the page: None
		Not in content. The URL https://www.change.org/p/the-international-olympic-committee-petition-to-relocate-the-2018-winter-olympics-from-south-korea is not in the content of site https://www.jstor.org/stable/27000241  Discarding.
	Result [10]  Processing URL https://secondaryinfektion.org/report/vignettes/
		! Error getting the content of the web.
		! signed integer is greater than maximum
		<class 'OverflowError'>
		Not in content. The URL https://www.change.org/p/the-international-olympic-committee-petition-to-relocate-the-2018-winter-olympics-from-south-korea is not in the content of site https://secondaryinfektion.org/report/vignettes/  Discarding.
	Result [11]  Processing URL https://www.kas.de/wf/doc/kas_38367-1522-2-30.pdf
		Date found in the API results: None
		Blacklisted url: https://www.kas.de/wf/doc/kas_38367-1522-2-30.pdf.  Discarding.  
	Result [12]  Processing URL https://ioa.org.gr/wp-content/uploads/2019/06/2017_24thpseminar_168x24cm_pf02_lr_low.pdf
		Date found in the API results: None
		Blacklisted url: https://ioa.org.gr/wp-content/uploads/2019/06/2017_24thpseminar_168x24cm_pf02_lr_low.pdf.  Discarding.  
	Result [13]  Processing URL https://webapp.uibk.ac.at/ojs2/index.php/ciss/article/download/2003/1972
		Date found in the content of the page: None
		Not in content. The URL https://www.change.org/p/the-international-olympic-committee-petition-to-relocate-the-2018-winter-olympics-from-south-korea is not in the content of site https://webapp.uibk.ac.at/ojs2/index.php/ciss/article/download/2003/1972  Discarding.
	Result [14]  Processing URL https://www.sportanddev.org/sites/default/files/downloads/sportpeaceanddevelopmentreduced.pdf
		Date found in the API results: None
		Blacklisted url: https://www.sportanddev.org/sites/default/files/downloads/sportpeaceanddevelopmentreduced.pdf.  Discarding.  
	Result [15]  Processing URL https://www.tesisenred.net/bitstream/handle/10803/670015/TD%20REGUANT.pdf?sequence=1&isAllowed=y
		Blacklisted url: https://www.tesisenred.net/bitstream/handle/10803/670015/TD%20REGUANT.pdf?sequence=1&isAllowed=y.  Discarding.  
	Result [16]  Processing URL https://nic.org.uk/app/uploads/Congestion-Capacity-Carbon_-Priorities-for-national-infrastructure.pdf
		Date found in the API results: None
		Blacklisted url: https://nic.org.uk/app/uploads/Congestion-Capacity-Carbon_-Priorities-for-national-infrastructure.pdf.  Discarding.  
	Result [17]  Processing URL https://www.preventionweb.net/files/61895_61895disastermgmtrefhdbkmongolia.pdf
		Date found in the API results: None
		Blacklisted url: https://www.preventionweb.net/files/61895_61895disastermgmtrefhdbkmongolia.pdf.  Discarding.  
	Result [18]  Processing URL https://www.ohchr.org/en/hrbodies/hrc/regularsessions/session24/documents/a-hrc-24-2_en.doc
		Not in content. The URL https://www.change.org/p/the-international-olympic-committee-petition-to-relocate-the-2018-winter-olympics-from-south-korea is not in the content of site https://www.ohchr.org/en/hrbodies/hrc/regularsessions/session24/documents/a-hrc-24-2_en.doc  Discarding.
	Result [19]  Processing URL https://unhabitat.org/sites/default/files/documents/2019-05/global_experiences_in_land_readjustment_urban_legal_case_studies_volume_7_1.pdf
		Blacklisted url: https://unhabitat.org/sites/default/files/documents/2019-05/global_experiences_in_land_readjustment_urban_legal_case_studies_volume_7_1.pdf.  Discarding.  
	Result [20]  Processing URL https://www.ourcommons.ca/ErrorPage/Default.aspx?Url=https%3A%2F%2Fwww.ourcommons.ca%3A443%2FParliamentarians%2Fen%2Fpublicationsearch%3Ffttarget%3D0%26MaxRowReturn%3D10000%26ParlSes%3D40%26Person%3D25466%26PublicationTypeId%3D37%26RPP%3D100%26SearchText%3D%26Topic%3D38173%26Witness%3D&StatusCode=404
		Not in content. The URL https://www.change.org/p/the-international-olympic-committee-petition-to-relocate-the-2018-winter-olympics-from-south-korea is not in the content of site https://www.ourcommons.ca/ErrorPage/Default.aspx?Url=https%3A%2F%2Fwww.ourcommons.ca%3A443%2FParliamentarians%2Fen%2Fpublicationsearch%3Ffttarget%3D0%26MaxRowReturn%3D10000%26ParlSes%3D40%26Person%3D25466%26PublicationTypeId%3D37%26RPP%3D100%26SearchText%3D%26Topic%3D38173%26Witness%3D&StatusCode=404  Discarding.
	Result [21]  Processing URL http://www.refworld.org/pdfid/52eb56a74.pdf
		Date found in the API results: 2014-01-30T00:00:00
		Blacklisted url: http://www.refworld.org/pdfid/52eb56a74.pdf.  Discarding.  
	Result [22]  Processing URL https://www.boell.de/sites/default/files/2020-09/Perspectives-Asia-9-2020.pdf
		Date found in the API results: 2020-09-09T00:00:00
		Blacklisted url: https://www.boell.de/sites/default/files/2020-09/Perspectives-Asia-9-2020.pdf.  Discarding.  
	Result [23]  Processing URL https://ioa.org.gr/wp-content/uploads/2019/06/2017_24thpseminar_168x24cm_pf02_lr_low.pdf
		Blacklisted url: https://ioa.org.gr/wp-content/uploads/2019/06/2017_24thpseminar_168x24cm_pf02_lr_low.pdf.  Discarding.  
	Result [24]  Processing URL https://reporting.unhcr.org/sites/default/files/gr2016/pdf/Book_GR_2016_ENGLISH_complete.pdf
		Date found in the API results: 2016-03-30T00:00:00
		Blacklisted url: https://reporting.unhcr.org/sites/default/files/gr2016/pdf/Book_GR_2016_ENGLISH_complete.pdf.  Discarding.  
	Result [25]  Processing URL https://nic.org.uk/app/uploads/Congestion-Capacity-Carbon_-Priorities-for-national-infrastructure.pdf
		Blacklisted url: https://nic.org.uk/app/uploads/Congestion-Capacity-Carbon_-Priorities-for-national-infrastructure.pdf.  Discarding.  
	Result [26]  Processing URL https://ec.europa.eu/eurostat/documents/3217494/7596823/KS-01-16-691-EN-N.pdf
		Blacklisted url: https://ec.europa.eu/eurostat/documents/3217494/7596823/KS-01-16-691-EN-N.pdf.  Discarding.  
	Result [27]  Processing URL https://www.cambridge.org/core/books/rights-claiming-in-south-korea/mobilizing-rights-for-the-marginalized/B47E4C53E5178337AF3024593448D5F3/core-reader
		Not in content. The URL https://www.change.org/p/the-international-olympic-committee-petition-to-relocate-the-2018-winter-olympics-from-south-korea is not in the content of site https://www.cambridge.org/core/books/rights-claiming-in-south-korea/mobilizing-rights-for-the-marginalized/B47E4C53E5178337AF3024593448D5F3/core-reader  Discarding.
	Result [28]  Processing URL https://www.undp.org/content/dam/undp/library/corporate/HDR/HDR2016/UNDP-HDR16-Report-EN.pdf
		Date found in the API results: None
		Blacklisted url: https://www.undp.org/content/dam/undp/library/corporate/HDR/HDR2016/UNDP-HDR16-Report-EN.pdf.  Discarding.  
	Result [29]  Processing URL https://www.sportanddev.org/sites/default/files/downloads/sportpeaceanddevelopmentreduced.pdf
		Blacklisted url: https://www.sportanddev.org/sites/default/files/downloads/sportpeaceanddevelopmentreduced.pdf.  Discarding.  
	Result [30]  Processing URL https://www.metropolis.org/sites/default/files/resources/Cities-change-the-world.pdf
		Blacklisted url: https://www.metropolis.org/sites/default/files/resources/Cities-change-the-world.pdf.  Discarding.  
	Result [31]  Processing URL https://portals.iucn.org/library/efiles/documents/EPLP-086.pdf
		Blacklisted url: https://portals.iucn.org/library/efiles/documents/EPLP-086.pdf.  Discarding.  
	Result [32]  Processing URL https://www.politico.eu/wp-content/uploads/2020/12/01/EO108.PDFO_.pdf
		Date found in the API results: None
		Blacklisted url: https://www.politico.eu/wp-content/uploads/2020/12/01/EO108.PDFO_.pdf.  Discarding.  
	Result [33]  Processing URL https://group.ntt/en/csr/data/pdf/sustainability_report_2018e.pdf
		Date found in the API results: 2016-03-22T00:00:00
		Blacklisted url: https://group.ntt/en/csr/data/pdf/sustainability_report_2018e.pdf.  Discarding.  
	Result [34]  Processing URL https://www.govinfo.gov/content/pkg/PLAW-106publ113/html/PLAW-106publ113.htm
		Date found in the content of the page: None
		Not in content. The URL https://www.change.org/p/the-international-olympic-committee-petition-to-relocate-the-2018-winter-olympics-from-south-korea is not in the content of site https://www.govinfo.gov/content/pkg/PLAW-106publ113/html/PLAW-106publ113.htm  Discarding.
	Result [35]  Processing URL https://ilga.org/downloads/ILGA_State_Sponsored_Homophobia_2019.pdf
		Date found in the API results: 2019-03-01T00:00:00
		Blacklisted url: https://ilga.org/downloads/ILGA_State_Sponsored_Homophobia_2019.pdf.  Discarding.  
	Result [36]  Processing URL https://leginfo.legislature.ca.gov/faces/billSearchClient.xhtml?author=All&lawCode=All&session_year=20192020&house=Both
		! Error getting the content of the web.
		! unsupported operand type(s) for +: 'int' and 'str'
		<class 'TypeError'>
		Not in content. The URL https://www.change.org/p/the-international-olympic-committee-petition-to-relocate-the-2018-winter-olympics-from-south-korea is not in the content of site https://leginfo.legislature.ca.gov/faces/billSearchClient.xhtml?author=All&lawCode=All&session_year=20192020&house=Both  Discarding.
	Result [37]  Processing URL https://stratcomcoe.org/cuploads/pfiles/full_academic_journal_for_web_final.pdf
		Blacklisted url: https://stratcomcoe.org/cuploads/pfiles/full_academic_journal_for_web_final.pdf.  Discarding.  
	Result [38]  Processing URL https://sustainabledevelopment.un.org/content/documents/26614Written_Statements_NGO.pdf
		Blacklisted url: https://sustainabledevelopment.un.org/content/documents/26614Written_Statements_NGO.pdf.  Discarding.  
	Result [39]  Processing URL https://www.tesisenred.net/bitstream/handle/10803/670015/TD%20REGUANT.pdf?sequence=1&isAllowed=y
		Blacklisted url: https://www.tesisenred.net/bitstream/handle/10803/670015/TD%20REGUANT.pdf?sequence=1&isAllowed=y.  Discarding.  
	Result [40]  Processing URL https://www.amnesty.org/download/Documents/POL1025522016ENGLISH.PDF
		Date found in the API results: 2016-03-23T00:00:00
		Date found in the content of the page: None
		Not in content. The URL https://www.change.org/p/the-international-olympic-committee-petition-to-relocate-the-2018-winter-olympics-from-south-korea is not in the content of site https://www.amnesty.org/download/Documents/POL1025522016ENGLISH.PDF  Discarding.
	Result [41]  Processing URL http://reshare.ukdataservice.ac.uk/851617/1/Change_org_petitions_metadata.tab
		Date found in the content of the page: None
		Not in content. The URL https://www.change.org/p/the-international-olympic-committee-petition-to-relocate-the-2018-winter-olympics-from-south-korea is not in the content of site http://reshare.ukdataservice.ac.uk/851617/1/Change_org_petitions_metadata.tab  Discarding.
	Result [42]  Processing URL https://www.politico.eu/wp-content/uploads/2020/12/01/EO108.PDFO_.pdf
		Date found in the API results: 2020-12-01T00:00:00
		Blacklisted url: https://www.politico.eu/wp-content/uploads/2020/12/01/EO108.PDFO_.pdf.  Discarding.  
	Result [43]  Processing URL https://www.oldwestbury.edu/sites/default/files/2021-06/2020_22_UndergradCatalog.pdf
		Blacklisted url: https://www.oldwestbury.edu/sites/default/files/2021-06/2020_22_UndergradCatalog.pdf.  Discarding.  
	Result [44]  Processing URL https://parkour.uk/wp-content/uploads/2017/05/Appendix-15-Wheaton_and_Thorpe_IOC_Final_Report_bookmarks.pdf
		Blacklisted url: https://parkour.uk/wp-content/uploads/2017/05/Appendix-15-Wheaton_and_Thorpe_IOC_Final_Report_bookmarks.pdf.  Discarding.  
	Result [45]  Processing URL https://sustainabledevelopment.un.org/content/documents/26614Written_Statements_NGO.pdf
		Blacklisted url: https://sustainabledevelopment.un.org/content/documents/26614Written_Statements_NGO.pdf.  Discarding.  
	Result [46]  Processing URL https://awionline.org/sites/default/files/uploads/documents/AWI-ML-CAMMIC-5th-edition.pdf
		Blacklisted url: https://awionline.org/sites/default/files/uploads/documents/AWI-ML-CAMMIC-5th-edition.pdf.  Discarding.  
	Result [47]  Processing URL https://www.vbgov.com/news-release/4449/city+of+virginia+beach+labor+day+operating+sc
		! Error in getting content due to a Connection Error. Port closed, web down?
		Not in content. The URL https://www.change.org/p/the-international-olympic-committee-petition-to-relocate-the-2018-winter-olympics-from-south-korea is not in the content of site https://www.vbgov.com/news-release/4449/city+of+virginia+beach+labor+day+operating+sc  Discarding.
	Result [48]  Processing URL https://www.gilcedillo.com/
		Not in content. The URL https://www.change.org/p/the-international-olympic-committee-petition-to-relocate-the-2018-winter-olympics-from-south-korea is not in the content of site https://www.gilcedillo.com/  Discarding.
	Result [49]  Processing URL https://www.mtu.edu/registrar/pdfs/registration-academic-guide.pdf
		Blacklisted url: https://www.mtu.edu/registrar/pdfs/registration-academic-guide.pdf.  Discarding.  
	Result [50]  Processing URL https://www.gpo.gov/fdsys/pkg/CHRG-115hhrg25165/pdf/CHRG-115hhrg25165.pdf
		Date found in the API results: 2017-02-28T00:00:00
		Blacklisted url: https://www.gpo.gov/fdsys/pkg/CHRG-115hhrg25165/pdf/CHRG-115hhrg25165.pdf.  Discarding.  
	Result [51]  Processing URL https://www.apple.com/
		Not in content. The URL https://www.change.org/p/the-international-olympic-committee-petition-to-relocate-the-2018-winter-olympics-from-south-korea is not in the content of site https://www.apple.com/  Discarding.
	Result [52]  Processing URL https://researchrepository.wvu.edu/cgi/viewcontent.cgi?article=1060&context=wvlr
		! Error getting the content of the web.
		! unsupported operand type(s) for +: 'int' and 'str'
		<class 'TypeError'>
		Not in content. The URL https://www.change.org/p/the-international-olympic-committee-petition-to-relocate-the-2018-winter-olympics-from-south-korea is not in the content of site https://researchrepository.wvu.edu/cgi/viewcontent.cgi?article=1060&context=wvlr  Discarding.
	Result [53]  Processing URL https://www.cambridge.org/core/books/rights-claiming-in-south-korea/mobilizing-rights-for-the-marginalized/B47E4C53E5178337AF3024593448D5F3/core-reader
		Not in content. The URL https://www.change.org/p/the-international-olympic-committee-petition-to-relocate-the-2018-winter-olympics-from-south-korea is not in the content of site https://www.cambridge.org/core/books/rights-claiming-in-south-korea/mobilizing-rights-for-the-marginalized/B47E4C53E5178337AF3024593448D5F3/core-reader  Discarding.
	Result [54]  Processing URL https://digitalcommons.law.villanova.edu/cgi/viewcontent.cgi?referer=&httpsredir=1&article=1337&context=mslj
		Not in content. The URL https://www.change.org/p/the-international-olympic-committee-petition-to-relocate-the-2018-winter-olympics-from-south-korea is not in the content of site https://digitalcommons.law.villanova.edu/cgi/viewcontent.cgi?referer=&httpsredir=1&article=1337&context=mslj  Discarding.
	Result [55]  Processing URL https://pica.org/
		Date found in the content of the page: None
		Not in content. The URL https://www.change.org/p/the-international-olympic-committee-petition-to-relocate-the-2018-winter-olympics-from-south-korea is not in the content of site https://pica.org/  Discarding.
	Result [56]  Processing URL https://sustainabledevelopment.un.org/content/documents/26614Written_Statements_NGO.pdf
		Blacklisted url: https://sustainabledevelopment.un.org/content/documents/26614Written_Statements_NGO.pdf.  Discarding.  
	Result [57]  Processing URL https://www.sipa.columbia.edu/file/12434/download?token=XgZgNy0R
		Not in content. The URL https://www.change.org/p/the-international-olympic-committee-petition-to-relocate-the-2018-winter-olympics-from-south-korea is not in the content of site https://www.sipa.columbia.edu/file/12434/download?token=XgZgNy0R  Discarding.
	Result [58]  Processing URL https://www.parking-mobility.org/news-publications/ipmi-blog/
		Not in content. The URL https://www.change.org/p/the-international-olympic-committee-petition-to-relocate-the-2018-winter-olympics-from-south-korea is not in the content of site https://www.parking-mobility.org/news-publications/ipmi-blog/  Discarding.
	Result [59]  Processing URL https://www.hrw.org/sites/default/files/wr2014_web_0.pdf
		Date found in the API results: 2014-01-13T00:00:00
		Blacklisted url: https://www.hrw.org/sites/default/files/wr2014_web_0.pdf.  Discarding.  
	Result [60]  Processing URL https://www.airuniversity.af.edu/Portals/10/AUPress/Books/B_0161_WRIGHT_ARTIFICIAL_INTELLIGENCE_CHINA_RUSSIA_AND_THE_GLOBAL_ORDER.PDF
		Not in content. The URL https://www.change.org/p/the-international-olympic-committee-petition-to-relocate-the-2018-winter-olympics-from-south-korea is not in the content of site https://www.airuniversity.af.edu/Portals/10/AUPress/Books/B_0161_WRIGHT_ARTIFICIAL_INTELLIGENCE_CHINA_RUSSIA_AND_THE_GLOBAL_ORDER.PDF  Discarding.
	Result [61]  Processing URL https://minorityrights.org/wp-content/uploads/2015/07/MRG-state-of-the-worlds-minorities-2015-FULL-TEXT.pdf
		Date found in the API results: 2015-07-17T00:00:00
		Blacklisted url: https://minorityrights.org/wp-content/uploads/2015/07/MRG-state-of-the-worlds-minorities-2015-FULL-TEXT.pdf.  Discarding.  
	Result [62]  Processing URL https://www.files.ethz.ch/isn/195405/fp_24.pdf
		Blacklisted url: https://www.files.ethz.ch/isn/195405/fp_24.pdf.  Discarding.  
	Result [63]  Processing URL https://www.gov.uk/government/publications/against-corruption-a-collection-of-essays/against-corruption-a-collection-of-essays
		Date found in the API results: None
		! Error getting the content of the web.
		! unsupported operand type(s) for +: 'int' and 'str'
		<class 'TypeError'>
		Not in content. The URL https://www.change.org/p/the-international-olympic-committee-petition-to-relocate-the-2018-winter-olympics-from-south-korea is not in the content of site https://www.gov.uk/government/publications/against-corruption-a-collection-of-essays/against-corruption-a-collection-of-essays  Discarding.
	Result [64]  Processing URL http://regnet.anu.edu.au/sites/default/files/publications/attachments/2015-05/2012_International_Symposium_For_Olympic_Studies._Proceedings_0.pdf
		Blacklisted url: http://regnet.anu.edu.au/sites/default/files/publications/attachments/2015-05/2012_International_Symposium_For_Olympic_Studies._Proceedings_0.pdf.  Discarding.  
	Result [65]  Processing URL https://etda.libraries.psu.edu/files/final_submissions/13199
		! Error getting the content of the web.
		! unsupported operand type(s) for +: 'int' and 'str'
		<class 'TypeError'>
		Not in content. The URL https://www.change.org/p/the-international-olympic-committee-petition-to-relocate-the-2018-winter-olympics-from-south-korea is not in the content of site https://etda.libraries.psu.edu/files/final_submissions/13199  Discarding.
	Result [66]  Processing URL https://www.in.gov/history/about-indiana-history-and-trivia/indiana-almanac/
		Not in content. The URL https://www.change.org/p/the-international-olympic-committee-petition-to-relocate-the-2018-winter-olympics-from-south-korea is not in the content of site https://www.in.gov/history/about-indiana-history-and-trivia/indiana-almanac/  Discarding.
	Result [67]  Processing URL https://www.belfercenter.org/sites/default/files/2020-09/StrategicCompetition.pdf
		Blacklisted url: https://www.belfercenter.org/sites/default/files/2020-09/StrategicCompetition.pdf.  Discarding.  
	Result [68]  Processing URL https://elischolar.library.yale.edu/cgi/viewcontent.cgi?article=1002&context=ceas_publication_series
		! Error getting the content of the web.
		! unsupported operand type(s) for +: 'int' and 'str'
		<class 'TypeError'>
		Not in content. The URL https://www.change.org/p/the-international-olympic-committee-petition-to-relocate-the-2018-winter-olympics-from-south-korea is not in the content of site https://elischolar.library.yale.edu/cgi/viewcontent.cgi?article=1002&context=ceas_publication_series  Discarding.
	Result [69]  Processing URL https://isocarp.org/app/uploads/2020/01/56thCongress_Recap.pdf
		Blacklisted url: https://isocarp.org/app/uploads/2020/01/56thCongress_Recap.pdf.  Discarding.  
	Result [70]  Processing URL https://www.sportireland.ie/sites/default/files/2019-10/rio-review-final.pdf
		Blacklisted url: https://www.sportireland.ie/sites/default/files/2019-10/rio-review-final.pdf.  Discarding.  
	Result [71]  Processing URL https://www.bayareacouncil.org/news/
		Date found in the content of the page: None
		Not in content. The URL https://www.change.org/p/the-international-olympic-committee-petition-to-relocate-the-2018-winter-olympics-from-south-korea is not in the content of site https://www.bayareacouncil.org/news/  Discarding.
	Result [72]  Processing URL https://www.lawa.org/-/media/lawa-web/lawa-our-lax/final-environmental-impact-statement/final-environmental-impact-statement--part-ii-volumes-1-11/feis_eir_part2-06_topical_response.ashx
		! Error getting the content of the web.
		! unsupported operand type(s) for +: 'int' and 'str'
		<class 'TypeError'>
		Not in content. The URL https://www.change.org/p/the-international-olympic-committee-petition-to-relocate-the-2018-winter-olympics-from-south-korea is not in the content of site https://www.lawa.org/-/media/lawa-web/lawa-our-lax/final-environmental-impact-statement/final-environmental-impact-statement--part-ii-volumes-1-11/feis_eir_part2-06_topical_response.ashx  Discarding.
	Result [73]  Processing URL https://history.illinois.edu/document/183
		Not in content. The URL https://www.change.org/p/the-international-olympic-committee-petition-to-relocate-the-2018-winter-olympics-from-south-korea is not in the content of site https://history.illinois.edu/document/183  Discarding.
	Result [74]  Processing URL https://www.scad.edu/sites/default/files/PDF/catalog-20-21-accessible.pdf
		Blacklisted url: https://www.scad.edu/sites/default/files/PDF/catalog-20-21-accessible.pdf.  Discarding.  
	Result [75]  Processing URL https://www.faa.gov/about/history/media/Civil_Aviation_Policy_in_Alaska.pdf
		Blacklisted url: https://www.faa.gov/about/history/media/Civil_Aviation_Policy_in_Alaska.pdf.  Discarding.  
	Result [76]  Processing URL https://ndupress.ndu.edu/Portals/68/Documents/jfq/jfq-91/jfq-91.pdf
		Blacklisted url: https://ndupress.ndu.edu/Portals/68/Documents/jfq/jfq-91/jfq-91.pdf.  Discarding.  
	Result [77]  Processing URL https://www.justice.gov/eoir/page/file/1271691/download
		Not in content. The URL https://www.change.org/p/the-international-olympic-committee-petition-to-relocate-the-2018-winter-olympics-from-south-korea is not in the content of site https://www.justice.gov/eoir/page/file/1271691/download  Discarding.
	Result [78]  Processing URL https://minorityrights.org/wp-content/uploads/2015/07/MRG-state-of-the-worlds-minorities-2015-FULL-TEXT.pdf
		Date found in the API results: 2015-07-17T00:00:00
		Blacklisted url: https://minorityrights.org/wp-content/uploads/2015/07/MRG-state-of-the-worlds-minorities-2015-FULL-TEXT.pdf.  Discarding.  
	Result [79]  Processing URL https://www.airuniversity.af.edu/Portals/10/AUPress/Books/B_0161_WRIGHT_ARTIFICIAL_INTELLIGENCE_CHINA_RUSSIA_AND_THE_GLOBAL_ORDER.PDF
		Not in content. The URL https://www.change.org/p/the-international-olympic-committee-petition-to-relocate-the-2018-winter-olympics-from-south-korea is not in the content of site https://www.airuniversity.af.edu/Portals/10/AUPress/Books/B_0161_WRIGHT_ARTIFICIAL_INTELLIGENCE_CHINA_RUSSIA_AND_THE_GLOBAL_ORDER.PDF  Discarding.
	Result [80]  Processing URL https://www.naspa.org/images/uploads/events/Mind_Body_and_Sport.pdf
		Blacklisted url: https://www.naspa.org/images/uploads/events/Mind_Body_and_Sport.pdf.  Discarding.  
	Result [81]  Processing URL https://www.cnbc.com/CNBCsitemapAll10.xml
		Blacklisted url: https://www.cnbc.com/CNBCsitemapAll10.xml.  Discarding.  
	Result [82]  Processing URL http://hdr.undp.org/sites/default/files/2016_human_development_report.pdf
		Date found in the API results: 2016-08-02T00:00:00
		Blacklisted url: http://hdr.undp.org/sites/default/files/2016_human_development_report.pdf.  Discarding.  
	Result [83]  Processing URL https://minorityrights.org/wp-content/uploads/2015/07/MRG-state-of-the-worlds-minorities-2015-FULL-TEXT.pdf
		Date found in the API results: 2015-07-17T00:00:00
		Blacklisted url: https://minorityrights.org/wp-content/uploads/2015/07/MRG-state-of-the-worlds-minorities-2015-FULL-TEXT.pdf.  Discarding.  
	Result [84]  Processing URL https://www.supremecourt.gov/DocketPDF/17/17-1194/36361/20180223123953498_Petition%20for%20Certiorari_International%20Refugee%20Assistance%20Project%20v.%20Trump.pdf
		Blacklisted url: https://www.supremecourt.gov/DocketPDF/17/17-1194/36361/20180223123953498_Petition%20for%20Certiorari_International%20Refugee%20Assistance%20Project%20v.%20Trump.pdf.  Discarding.  
	Result [85]  Processing URL https://www.naspa.org/images/uploads/events/Mind_Body_and_Sport.pdf
		Blacklisted url: https://www.naspa.org/images/uploads/events/Mind_Body_and_Sport.pdf.  Discarding.  
	Result [86]  Processing URL https://publications.iadb.org/publications/english/document/5G_The_Driver_for_the_Next-Generation_Digital_Society_in_Latin_America_and_the_Caribbean.pdf
		Blacklisted url: https://publications.iadb.org/publications/english/document/5G_The_Driver_for_the_Next-Generation_Digital_Society_in_Latin_America_and_the_Caribbean.pdf.  Discarding.  
	Result [87]  Processing URL https://www.who.int/disabilities/world_report/2011/report.pdf
		Blacklisted url: https://www.who.int/disabilities/world_report/2011/report.pdf.  Discarding.  
	Result [88]  Processing URL https://www.apple.com/
		Not in content. The URL https://www.change.org/p/the-international-olympic-committee-petition-to-relocate-the-2018-winter-olympics-from-south-korea is not in the content of site https://www.apple.com/  Discarding.
	Result [89]  Processing URL https://www.sandiegouniontribune.com/olympics
		Date found in the content of the page: None
		Not in content. The URL https://www.change.org/p/the-international-olympic-committee-petition-to-relocate-the-2018-winter-olympics-from-south-korea is not in the content of site https://www.sandiegouniontribune.com/olympics  Discarding.
	Result [90]  Processing URL https://www.bloomberg.com/news/videos/2021-03-12/-bloomberg-surveillance-early-edition-full-show-03-12-2021-video
		Date found in the API results: 2021-03-12T00:00:00
		Date found in the URL: 2021-03-12 00:00:00
		Not in content. The URL https://www.change.org/p/the-international-olympic-committee-petition-to-relocate-the-2018-winter-olympics-from-south-korea is not in the content of site https://www.bloomberg.com/news/videos/2021-03-12/-bloomberg-surveillance-early-edition-full-show-03-12-2021-video  Discarding.
	Result [91]  Processing URL https://www.seattletimes.com/
		! Timeout waiting for the web server to answer.  We ignore and continue.
		Not in content. The URL https://www.change.org/p/the-international-olympic-committee-petition-to-relocate-the-2018-winter-olympics-from-south-korea is not in the content of site https://www.seattletimes.com/  Discarding.
	Result [92]  Processing URL https://www.plmj.com/xms/files/v1/noticias_imprensa/2011/Junho/ISLJ_2011_1-2_Proef_97-188.pdf
		Blacklisted url: https://www.plmj.com/xms/files/v1/noticias_imprensa/2011/Junho/ISLJ_2011_1-2_Proef_97-188.pdf.  Discarding.  
	Result [93]  Processing URL https://www.brookings.edu/essay/the-education-of-kim-jong-un/
		Date found in the content of the page: None
		Not in content. The URL https://www.change.org/p/the-international-olympic-committee-petition-to-relocate-the-2018-winter-olympics-from-south-korea is not in the content of site https://www.brookings.edu/essay/the-education-of-kim-jong-un/  Discarding.
	Result [94]  Processing URL https://www.uspto.gov/about-us/news-updates
		Not in content. The URL https://www.change.org/p/the-international-olympic-committee-petition-to-relocate-the-2018-winter-olympics-from-south-korea is not in the content of site https://www.uspto.gov/about-us/news-updates  Discarding.
	Result [95]  Processing URL https://usopm.org/wp-content/uploads/2020/10/USOPM_Teachers-Guide-Grades-9-12_final.pdf
		Blacklisted url: https://usopm.org/wp-content/uploads/2020/10/USOPM_Teachers-Guide-Grades-9-12_final.pdf.  Discarding.  
	Result [96]  Processing URL https://www.flysfo.com/sites/default/files/assets/investor/34CDEFOS.pdf
		Blacklisted url: https://www.flysfo.com/sites/default/files/assets/investor/34CDEFOS.pdf.  Discarding.  
	Result [97]  Processing URL https://www.flysfo.com/sites/default/files/assets/investor/37COS.pdf
		Blacklisted url: https://www.flysfo.com/sites/default/files/assets/investor/37COS.pdf.  Discarding.  
	Result [98]  Processing URL https://www.worldanimalprotection.org/sites/default/files/int_files/global_review_2016.pdf
		Blacklisted url: https://www.worldanimalprotection.org/sites/default/files/int_files/global_review_2016.pdf.  Discarding.  
	Result [99]  Processing URL https://www.uspto.gov/about-us/news-updates
		Not in content. The URL https://www.change.org/p/the-international-olympic-committee-petition-to-relocate-the-2018-winter-olympics-from-south-korea is not in the content of site https://www.uspto.gov/about-us/news-updates  Discarding.
	Result [100]  Processing URL https://usopm.org/wp-content/uploads/2020/10/USOPM_Teachers-Guide-Grades-9-12_final.pdf
		Blacklisted url: https://usopm.org/wp-content/uploads/2020/10/USOPM_Teachers-Guide-Grades-9-12_final.pdf.  Discarding.  
	Result [101]  Processing URL https://www.flysfo.com/sites/default/files/assets/investor/34CDEFOS.pdf
		Blacklisted url: https://www.flysfo.com/sites/default/files/assets/investor/34CDEFOS.pdf.  Discarding.  
	Result [102]  Processing URL https://www.flysfo.com/sites/default/files/assets/investor/37COS.pdf
		Blacklisted url: https://www.flysfo.com/sites/default/files/assets/investor/37COS.pdf.  Discarding.  
	Result [103]  Processing URL https://www.worldanimalprotection.org/sites/default/files/int_files/global_review_2016.pdf
		Blacklisted url: https://www.worldanimalprotection.org/sites/default/files/int_files/global_review_2016.pdf.  Discarding.  

== Level 0. Twitter search by LINKS as https://www.change.org/p/the-international-olympic-committee-petition-to-relocate-the-2018-winter-olympics-from-south-korea
https://api.twitter.com/2/tweets/search/all?query=url+%3A+https%253A%252F%252Fwww.change.org%252Fp%252Fthe-international-olympic-committee-petition-to-relocate-the-2018-winter-olympics-from-south-korea&max_results=100&tweet.fields=author_id%2Cpublic_metrics%2Ccreated_at&start_time=2018-07-13T18%3A34%3A30.845175Z
	Downloaded 0 twitter content

== Level 0. VK search by LINKS as https://www.change.org/p/the-international-olympic-committee-petition-to-relocate-the-2018-winter-olympics-from-south-korea
In total was found 0

== Level 0. Google search by TITLE as Petition 路 The International Olympic Committee: Petition to relocate the 2018 Winter Olympics from South Korea 路 Change.org
	Total amount of results retrieved: 96
	Result [1]  Processing URL https://www.change.org/p/international-olympic-committee-revoke-beijing-s-hosting-right-of-2022-winter-olympics-on-human-rights-ground
		The content of https://www.change.org/p/the-international-olympic-committee-petition-to-relocate-the-2018-winter-olympics-from-south-korea has distance with https://www.change.org/p/international-olympic-committee-revoke-beijing-s-hosting-right-of-2022-winter-olympics-on-human-rights-ground of : 0.3648. Keeping.
		Adding to DB the URL https://www.change.org/p/international-olympic-committee-revoke-beijing-s-hosting-right-of-2022-winter-olympics-on-human-rights-ground
	Result [2]  Processing URL https://www.change.org/decision-makers/thomas-bach-30
		The content of https://www.change.org/p/the-international-olympic-committee-petition-to-relocate-the-2018-winter-olympics-from-south-korea has distance with https://www.change.org/decision-makers/thomas-bach-30 of : 0.875. Keeping.
		Adding to DB the URL https://www.change.org/decision-makers/thomas-bach-30
	Result [3]  Processing URL https://www.change.org/decision-makers/international-olympic-committee-17
		The content of https://www.change.org/p/the-international-olympic-committee-petition-to-relocate-the-2018-winter-olympics-from-south-korea has distance with https://www.change.org/decision-makers/international-olympic-committee-17 of : 0.8785. Keeping.
		Adding to DB the URL https://www.change.org/decision-makers/international-olympic-committee-17
	Result [4]  Processing URL https://www.change.org/t/south-korea-2
		The content of https://www.change.org/p/the-international-olympic-committee-petition-to-relocate-the-2018-winter-olympics-from-south-korea has distance with https://www.change.org/t/south-korea-2 of : 0.814. Keeping.
		Adding to DB the URL https://www.change.org/t/south-korea-2
	Result [5]  Processing URL https://lostrapposullamaschera.change.org/p/international-olympic-committee-revoke-beijing-s-hosting-right-of-2022-winter-olympics-on-human-rights-ground?original_footer_petition_id=25718581&algorithm=promoted&source_location=petition_footer&grid_position=10&pt=AVBldGl0aW9uAFXBFgEAAAAAX%2Bdf%2FId8v7UzMzliYTIzMw%3D%3D
		The content of https://www.change.org/p/the-international-olympic-committee-petition-to-relocate-the-2018-winter-olympics-from-south-korea has distance with https://lostrapposullamaschera.change.org/p/international-olympic-committee-revoke-beijing-s-hosting-right-of-2022-winter-olympics-on-human-rights-ground?original_footer_petition_id=25718581&algorithm=promoted&source_location=petition_footer&grid_position=10&pt=AVBldGl0aW9uAFXBFgEAAAAAX%2Bdf%2FId8v7UzMzliYTIzMw%3D%3D of : 0.3077. Keeping.
		Adding to DB the URL https://lostrapposullamaschera.change.org/p/international-olympic-committee-revoke-beijing-s-hosting-right-of-2022-winter-olympics-on-human-rights-ground?original_footer_petition_id=25718581&algorithm=promoted&source_location=petition_footer&grid_position=10&pt=AVBldGl0aW9uAFXBFgEAAAAAX%2Bdf%2FId8v7UzMzliYTIzMw%3D%3D
	Result [6]  Processing URL https://wwwo.change.org/p/international-olympic-committee-revoke-beijing-s-hosting-right-of-2022-winter-olympics-on-human-rights-ground?original_footer_petition_id=26141123&algorithm=promoted&source_location=petition_footer&grid_position=7&pt=AVBldGl0aW9uAFXBFgEAAAAAX%2BeXa7ocmDNlNmU1NWQwMg%3D%3D
		The content of https://www.change.org/p/the-international-olympic-committee-petition-to-relocate-the-2018-winter-olympics-from-south-korea has distance with https://wwwo.change.org/p/international-olympic-committee-revoke-beijing-s-hosting-right-of-2022-winter-olympics-on-human-rights-ground?original_footer_petition_id=26141123&algorithm=promoted&source_location=petition_footer&grid_position=7&pt=AVBldGl0aW9uAFXBFgEAAAAAX%2BeXa7ocmDNlNmU1NWQwMg%3D%3D of : 0.3648. Keeping.
		Adding to DB the URL https://wwwo.change.org/p/international-olympic-committee-revoke-beijing-s-hosting-right-of-2022-winter-olympics-on-human-rights-ground?original_footer_petition_id=26141123&algorithm=promoted&source_location=petition_footer&grid_position=7&pt=AVBldGl0aW9uAFXBFgEAAAAAX%2BeXa7ocmDNlNmU1NWQwMg%3D%3D
	Result [7]  Processing URL https://www.change.org/petitions?selected=popular_weekly
		! Error getting the content of the web.
		! unsupported operand type(s) for +: 'int' and 'str'
		<class 'TypeError'>
		The content of the pages were not string. Verify.
		Different. The content of https://www.change.org/p/the-international-olympic-committee-petition-to-relocate-the-2018-winter-olympics-from-south-korea has distance with https://www.change.org/petitions?selected=popular_weekly of: False. Discarding.
	Result [8]  Processing URL https://www.change.org/p/international-olympic-committee-china-close-internment-camps-before-hosting-2022-olympics-uyghurche-%E4%B8%AD%E6%96%87-%E6%97%A5%E6%9C%AC%E8%AA%9E-t%C3%BCrk%C3%A7e-%D8%B9%D8%B1%D8%A8%D9%89
		The content of https://www.change.org/p/the-international-olympic-committee-petition-to-relocate-the-2018-winter-olympics-from-south-korea has distance with https://www.change.org/p/international-olympic-committee-china-close-internment-camps-before-hosting-2022-olympics-uyghurche-%E4%B8%AD%E6%96%87-%E6%97%A5%E6%9C%AC%E8%AA%9E-t%C3%BCrk%C3%A7e-%D8%B9%D8%B1%D8%A8%D9%89 of : 0.3055. Keeping.
		Adding to DB the URL https://www.change.org/p/international-olympic-committee-china-close-internment-camps-before-hosting-2022-olympics-uyghurche-%E4%B8%AD%E6%96%87-%E6%97%A5%E6%9C%AC%E8%AA%9E-t%C3%BCrk%C3%A7e-%D8%B9%D8%B1%D8%A8%D9%89
	Result [9]  Processing URL https://apnews.com/hub/international-olympic-committee
		The content of https://www.change.org/p/the-international-olympic-committee-petition-to-relocate-the-2018-winter-olympics-from-south-korea has distance with https://apnews.com/hub/international-olympic-committee of : 0.3078. Keeping.
		Adding to DB the URL https://apnews.com/hub/international-olympic-committee
	Result [10]  Processing URL https://www.espn.com/olympics/news/story?id=6742361
		Date found in the API results: 2011-07-06T00:00:00
		The content of https://www.change.org/p/the-international-olympic-committee-petition-to-relocate-the-2018-winter-olympics-from-south-korea has distance with https://www.espn.com/olympics/news/story?id=6742361 of : 0.3336. Keeping.
		Adding to DB the URL https://www.espn.com/olympics/news/story?id=6742361
	Result [11]  Processing URL https://www.cbc.ca/sports/olympics/canada-olympic-house-plans-pyeongchang-1.4477897
		Date found in the API results: 2018-01-08T00:00:00
		The content of https://www.change.org/p/the-international-olympic-committee-petition-to-relocate-the-2018-winter-olympics-from-south-korea has distance with https://www.cbc.ca/sports/olympics/canada-olympic-house-plans-pyeongchang-1.4477897 of : 0.3195. Keeping.
		Adding to DB the URL https://www.cbc.ca/sports/olympics/canada-olympic-house-plans-pyeongchang-1.4477897
	Result [12]  Processing URL https://www.nationalgeographic.com/adventure/article/140221-climate-change-winter-olympics-global-warming-science
		Date found in the API results: 2014-02-22T00:00:00
		Different. The content of https://www.change.org/p/the-international-olympic-committee-petition-to-relocate-the-2018-winter-olympics-from-south-korea has distance with https://www.nationalgeographic.com/adventure/article/140221-climate-change-winter-olympics-global-warming-science of: 0.2911. Discarding.
	Result [13]  Processing URL https://www.nytimes.com/2017/02/07/sports/winter-athletes-threaten-to-skip-events-unless-russian-olympians-are-kept-out-over-doping.html
		Date found in the API results: 2017-02-07T00:00:00
		The content of https://www.change.org/p/the-international-olympic-committee-petition-to-relocate-the-2018-winter-olympics-from-south-korea has distance with https://www.nytimes.com/2017/02/07/sports/winter-athletes-threaten-to-skip-events-unless-russian-olympians-are-kept-out-over-doping.html of : 0.3275. Keeping.
		Adding to DB the URL https://www.nytimes.com/2017/02/07/sports/winter-athletes-threaten-to-skip-events-unless-russian-olympians-are-kept-out-over-doping.html
	Result [14]  Processing URL https://www.newsweek.com/will-tokyo-olympics-canceled-latest-updates-1593380
		Date found in the API results: 2021-05-20T00:00:00
		Date found in the content of the page: None
		Different. The content of https://www.change.org/p/the-international-olympic-committee-petition-to-relocate-the-2018-winter-olympics-from-south-korea has distance with https://www.newsweek.com/will-tokyo-olympics-canceled-latest-updates-1593380 of: 0.00179838145668898. Discarding.
	Result [15]  Processing URL http://auctionassetsgroup.com/when-is-the-next-olympics
		Date found in the content of the page: None
		Different. The content of https://www.change.org/p/the-international-olympic-committee-petition-to-relocate-the-2018-winter-olympics-from-south-korea has distance with http://auctionassetsgroup.com/when-is-the-next-olympics of: 0.056828066106117715. Discarding.
	Result [16]  Processing URL https://law.lclark.edu/live/files/23690-21-czajkowskipdf
		! Error getting the content of the web.
		! Document is empty
		<class 'lxml.etree.ParserError'>
		The content of the pages were not string. Verify.
		Different. The content of https://www.change.org/p/the-international-olympic-committee-petition-to-relocate-the-2018-winter-olympics-from-south-korea has distance with https://law.lclark.edu/live/files/23690-21-czajkowskipdf of: False. Discarding.
	Result [17]  Processing URL https://sg.news.yahoo.com/weather/news/change-org-crashes-1-5-115155103.html
		The content of https://www.change.org/p/the-international-olympic-committee-petition-to-relocate-the-2018-winter-olympics-from-south-korea has distance with https://sg.news.yahoo.com/weather/news/change-org-crashes-1-5-115155103.html of : 0.3367. Keeping.
		Adding to DB the URL https://sg.news.yahoo.com/weather/news/change-org-crashes-1-5-115155103.html
	Result [18]  Processing URL http://maywespeak.com/petitions/
		The content of https://www.change.org/p/the-international-olympic-committee-petition-to-relocate-the-2018-winter-olympics-from-south-korea has distance with http://maywespeak.com/petitions/ of : 0.3026. Keeping.
		Adding to DB the URL http://maywespeak.com/petitions/
	Result [19]  Processing URL https://www.change.org/p/cancel-the-tokyo-olympics-to-protect-our-lives-stoptokyoolympic-cancelthetokyoolympics
		The content of https://www.change.org/p/the-international-olympic-committee-petition-to-relocate-the-2018-winter-olympics-from-south-korea has distance with https://www.change.org/p/cancel-the-tokyo-olympics-to-protect-our-lives-stoptokyoolympic-cancelthetokyoolympics of : 0.3039. Keeping.
		Adding to DB the URL https://www.change.org/p/cancel-the-tokyo-olympics-to-protect-our-lives-stoptokyoolympic-cancelthetokyoolympics
	Result [20]  Processing URL https://responsiblestatecraft.org/2021/05/27/boycotting-china-olympics-is-there-any-right-way-to-go/
		Date found in the API results: 2021-05-27T00:00:00
		Date found in the URL: 2021-05-27 00:00:00
		The content of https://www.change.org/p/the-international-olympic-committee-petition-to-relocate-the-2018-winter-olympics-from-south-korea has distance with https://responsiblestatecraft.org/2021/05/27/boycotting-china-olympics-is-there-any-right-way-to-go/ of : 0.329. Keeping.
		Adding to DB the URL https://responsiblestatecraft.org/2021/05/27/boycotting-china-olympics-is-there-any-right-way-to-go/
	Result [21]  Processing URL http://auctionassetsgroup.com/when-is-the-next-olympics
		Date found in the content of the page: None
		Different. The content of https://www.change.org/p/the-international-olympic-committee-petition-to-relocate-the-2018-winter-olympics-from-south-korea has distance with http://auctionassetsgroup.com/when-is-the-next-olympics of: 0.056828066106117715. Discarding.
	Result [22]  Processing URL https://thesportjournal.org/article/olympic-sports-of-the-future/
		The content of https://www.change.org/p/the-international-olympic-committee-petition-to-relocate-the-2018-winter-olympics-from-south-korea has distance with https://thesportjournal.org/article/olympic-sports-of-the-future/ of : 0.3276. Keeping.
		Adding to DB the URL https://thesportjournal.org/article/olympic-sports-of-the-future/
	Result [23]  Processing URL http://www.gamesmonitor.org.uk/planning_development?page=2
		Date found in the content of the page: None
		The content of https://www.change.org/p/the-international-olympic-committee-petition-to-relocate-the-2018-winter-olympics-from-south-korea has distance with http://www.gamesmonitor.org.uk/planning_development?page=2 of : 0.3203. Keeping.
		Adding to DB the URL http://www.gamesmonitor.org.uk/planning_development?page=2
	Result [24]  Processing URL https://www.jstor.org/stable/27000241
		Date found in the content of the page: None
		Different. The content of https://www.change.org/p/the-international-olympic-committee-petition-to-relocate-the-2018-winter-olympics-from-south-korea has distance with https://www.jstor.org/stable/27000241 of: 0.21880117916803143. Discarding.
	Result [25]  Processing URL https://olympics.com/ioc/olympic-games-organising-committees
		The content of https://www.change.org/p/the-international-olympic-committee-petition-to-relocate-the-2018-winter-olympics-from-south-korea has distance with https://olympics.com/ioc/olympic-games-organising-committees of : 0.3111. Keeping.
		Adding to DB the URL https://olympics.com/ioc/olympic-games-organising-committees
	Result [26]  Processing URL https://responsiblestatecraft.org/2021/05/27/boycotting-china-olympics-is-there-any-right-way-to-go/
		Date found in the API results: 2021-05-27T00:00:00
		Date found in the URL: 2021-05-27 00:00:00
		The content of https://www.change.org/p/the-international-olympic-committee-petition-to-relocate-the-2018-winter-olympics-from-south-korea has distance with https://responsiblestatecraft.org/2021/05/27/boycotting-china-olympics-is-there-any-right-way-to-go/ of : 0.329. Keeping.
		Adding to DB the URL https://responsiblestatecraft.org/2021/05/27/boycotting-china-olympics-is-there-any-right-way-to-go/
	Result [27]  Processing URL https://www.aph.gov.au/About_Parliament/Parliamentary_Departments/Parliamentary_Library/pubs/rp/RP0708/08rp32
		The content of https://www.change.org/p/the-international-olympic-committee-petition-to-relocate-the-2018-winter-olympics-from-south-korea has distance with https://www.aph.gov.au/About_Parliament/Parliamentary_Departments/Parliamentary_Library/pubs/rp/RP0708/08rp32 of : 0.3112. Keeping.
		Adding to DB the URL https://www.aph.gov.au/About_Parliament/Parliamentary_Departments/Parliamentary_Library/pubs/rp/RP0708/08rp32
	Result [28]  Processing URL https://www.paralympic.org/sites/default/files/document/140722154927621_Annual+Report+2013_FINAL_V2.pdf
		Blacklisted url: https://www.paralympic.org/sites/default/files/document/140722154927621_Annual+Report+2013_FINAL_V2.pdf.  Discarding.  
	Result [29]  Processing URL http://maywespeak.com/petitions/
		The content of https://www.change.org/p/the-international-olympic-committee-petition-to-relocate-the-2018-winter-olympics-from-south-korea has distance with http://maywespeak.com/petitions/ of : 0.3026. Keeping.
		Adding to DB the URL http://maywespeak.com/petitions/
	Result [30]  Processing URL https://www.theguardian.com/environment/2015/sep/16/olympic-organisers-destroy-sacred-south-korean-forest-to-create-ski-run
		Date found in the API results: 2015-09-16T00:00:00
		Different. The content of https://www.change.org/p/the-international-olympic-committee-petition-to-relocate-the-2018-winter-olympics-from-south-korea has distance with https://www.theguardian.com/environment/2015/sep/16/olympic-organisers-destroy-sacred-south-korean-forest-to-create-ski-run of: 0.2845. Discarding.
	Result [31]  Processing URL https://publications.iadb.org/publications/english/document/5G_The_Driver_for_the_Next-Generation_Digital_Society_in_Latin_America_and_the_Caribbean.pdf
		Blacklisted url: https://publications.iadb.org/publications/english/document/5G_The_Driver_for_the_Next-Generation_Digital_Society_in_Latin_America_and_the_Caribbean.pdf.  Discarding.  
	Result [32]  Processing URL https://etda.libraries.psu.edu/files/final_submissions/13199
		! Error getting the content of the web.
		! unsupported operand type(s) for +: 'int' and 'str'
		<class 'TypeError'>
		The content of the pages were not string. Verify.
		Different. The content of https://www.change.org/p/the-international-olympic-committee-petition-to-relocate-the-2018-winter-olympics-from-south-korea has distance with https://etda.libraries.psu.edu/files/final_submissions/13199 of: False. Discarding.
	Result [33]  Processing URL https://www.jstor.org/stable/27000241
		Date found in the content of the page: None
		Different. The content of https://www.change.org/p/the-international-olympic-committee-petition-to-relocate-the-2018-winter-olympics-from-south-korea has distance with https://www.jstor.org/stable/27000241 of: 0.21880117916803143. Discarding.
	Result [34]  Processing URL https://www.usfigureskating.org/sites/default/files/media-files/FactSheet.pdf
		Blacklisted url: https://www.usfigureskating.org/sites/default/files/media-files/FactSheet.pdf.  Discarding.  
	Result [35]  Processing URL https://aausports.org/
		Date found in the content of the page: None
		Different. The content of https://www.change.org/p/the-international-olympic-committee-petition-to-relocate-the-2018-winter-olympics-from-south-korea has distance with https://aausports.org/ of: 0.01783414247498266. Discarding.
	Result [36]  Processing URL https://www.sportstravelmagazine.com/sports-and-covid-19-what-happened-earlier-this-summer/
		Date found in the API results: 2021-06-24T00:00:00
		! Error getting the content of the web.
		! unsupported operand type(s) for +: 'int' and 'str'
		<class 'TypeError'>
		The content of the pages were not string. Verify.
		Different. The content of https://www.change.org/p/the-international-olympic-committee-petition-to-relocate-the-2018-winter-olympics-from-south-korea has distance with https://www.sportstravelmagazine.com/sports-and-covid-19-what-happened-earlier-this-summer/ of: False. Discarding.
	Result [37]  Processing URL https://www.pinterest.com/fightfortheinnocentinc/
		The content of https://www.change.org/p/the-international-olympic-committee-petition-to-relocate-the-2018-winter-olympics-from-south-korea has distance with https://www.pinterest.com/fightfortheinnocentinc/ of : 0.3129. Keeping.
		Adding to DB the URL https://www.pinterest.com/fightfortheinnocentinc/
	Result [38]  Processing URL https://www.paralympic.org/sites/default/files/document/140722154927621_Annual+Report+2013_FINAL_V2.pdf
		Blacklisted url: https://www.paralympic.org/sites/default/files/document/140722154927621_Annual+Report+2013_FINAL_V2.pdf.  Discarding.  
	Result [39]  Processing URL http://paws-li.org/Paws-Action.html
		The content of https://www.change.org/p/the-international-olympic-committee-petition-to-relocate-the-2018-winter-olympics-from-south-korea has distance with http://paws-li.org/Paws-Action.html of : 0.3387. Keeping.
		Adding to DB the URL http://paws-li.org/Paws-Action.html
	Result [40]  Processing URL https://www.govinfo.gov/content/pkg/PLAW-106publ113/html/PLAW-106publ113.htm
		Date found in the content of the page: None
		The content of https://www.change.org/p/the-international-olympic-committee-petition-to-relocate-the-2018-winter-olympics-from-south-korea has distance with https://www.govinfo.gov/content/pkg/PLAW-106publ113/html/PLAW-106publ113.htm of : 0.306. Keeping.
		Adding to DB the URL https://www.govinfo.gov/content/pkg/PLAW-106publ113/html/PLAW-106publ113.htm
	Result [41]  Processing URL https://aausports.org/
		Date found in the content of the page: None
		Different. The content of https://www.change.org/p/the-international-olympic-committee-petition-to-relocate-the-2018-winter-olympics-from-south-korea has distance with https://aausports.org/ of: 0.01783414247498266. Discarding.
	Result [42]  Processing URL https://www.sportstravelmagazine.com/sports-and-covid-19-what-happened-earlier-this-summer/
		Date found in the API results: 2021-06-24T00:00:00
		! Error getting the content of the web.
		! unsupported operand type(s) for +: 'int' and 'str'
		<class 'TypeError'>
		The content of the pages were not string. Verify.
		Different. The content of https://www.change.org/p/the-international-olympic-committee-petition-to-relocate-the-2018-winter-olympics-from-south-korea has distance with https://www.sportstravelmagazine.com/sports-and-covid-19-what-happened-earlier-this-summer/ of: False. Discarding.
	Result [43]  Processing URL https://www.paralympic.org/sites/default/files/document/140722154927621_Annual+Report+2013_FINAL_V2.pdf
		Blacklisted url: https://www.paralympic.org/sites/default/files/document/140722154927621_Annual+Report+2013_FINAL_V2.pdf.  Discarding.  
	Result [44]  Processing URL http://paws-li.org/Paws-Action.html
		The content of https://www.change.org/p/the-international-olympic-committee-petition-to-relocate-the-2018-winter-olympics-from-south-korea has distance with http://paws-li.org/Paws-Action.html of : 0.3387. Keeping.
		Adding to DB the URL http://paws-li.org/Paws-Action.html
	Result [45]  Processing URL https://www.govinfo.gov/content/pkg/PLAW-106publ113/html/PLAW-106publ113.htm
		Date found in the content of the page: None
		The content of https://www.change.org/p/the-international-olympic-committee-petition-to-relocate-the-2018-winter-olympics-from-south-korea has distance with https://www.govinfo.gov/content/pkg/PLAW-106publ113/html/PLAW-106publ113.htm of : 0.306. Keeping.
		Adding to DB the URL https://www.govinfo.gov/content/pkg/PLAW-106publ113/html/PLAW-106publ113.htm
	Result [46]  Processing URL http://keia.org/sites/default/files/publications/kei_jointus-korea_2020_2.5.pdf
		Blacklisted url: http://keia.org/sites/default/files/publications/kei_jointus-korea_2020_2.5.pdf.  Discarding.  
	Result [47]  Processing URL https://www.congress.gov/congressional-report/108th-congress/house-report/809/1?s=1&r=10
		Date found in the content of the page: None
		The content of https://www.change.org/p/the-international-olympic-committee-petition-to-relocate-the-2018-winter-olympics-from-south-korea has distance with https://www.congress.gov/congressional-report/108th-congress/house-report/809/1?s=1&r=10 of : 0.3138. Keeping.
		Adding to DB the URL https://www.congress.gov/congressional-report/108th-congress/house-report/809/1?s=1&r=10
	Result [48]  Processing URL https://aautaekwondo.org/
		Date found in the content of the page: None
		Different. The content of https://www.change.org/p/the-international-olympic-committee-petition-to-relocate-the-2018-winter-olympics-from-south-korea has distance with https://aautaekwondo.org/ of: 0.01783414247498266. Discarding.
	Result [49]  Processing URL https://leginfo.legislature.ca.gov/faces/billSearchClient.xhtml?author=All&lawCode=All&session_year=20192020&house=Both
		! Error getting the content of the web.
		! unsupported operand type(s) for +: 'int' and 'str'
		<class 'TypeError'>
		The content of the pages were not string. Verify.
		Different. The content of https://www.change.org/p/the-international-olympic-committee-petition-to-relocate-the-2018-winter-olympics-from-south-korea has distance with https://leginfo.legislature.ca.gov/faces/billSearchClient.xhtml?author=All&lawCode=All&session_year=20192020&house=Both of: False. Discarding.
	Result [50]  Processing URL https://www.cambridge.org/core/books/rights-claiming-in-south-korea/mobilizing-rights-for-the-marginalized/B47E4C53E5178337AF3024593448D5F3/core-reader
		The content of https://www.change.org/p/the-international-olympic-committee-petition-to-relocate-the-2018-winter-olympics-from-south-korea has distance with https://www.cambridge.org/core/books/rights-claiming-in-south-korea/mobilizing-rights-for-the-marginalized/B47E4C53E5178337AF3024593448D5F3/core-reader of : 0.3416. Keeping.
		Adding to DB the URL https://www.cambridge.org/core/books/rights-claiming-in-south-korea/mobilizing-rights-for-the-marginalized/B47E4C53E5178337AF3024593448D5F3/core-reader
	Result [51]  Processing URL https://www.amnesty.org/download/Documents/POL1067002018ENGLISH.PDF
		Date found in the API results: 2018-02-01T00:00:00
		! Error getting the content of the web.
		! unsupported operand type(s) for +: 'int' and 'str'
		<class 'TypeError'>
		The content of the pages were not string. Verify.
		Different. The content of https://www.change.org/p/the-international-olympic-committee-petition-to-relocate-the-2018-winter-olympics-from-south-korea has distance with https://www.amnesty.org/download/Documents/POL1067002018ENGLISH.PDF of: False. Discarding.
	Result [52]  Processing URL https://www.aph.gov.au/About_Parliament/Parliamentary_Departments/Parliamentary_Library/pubs/rp/RP0708/08rp32
		The content of https://www.change.org/p/the-international-olympic-committee-petition-to-relocate-the-2018-winter-olympics-from-south-korea has distance with https://www.aph.gov.au/About_Parliament/Parliamentary_Departments/Parliamentary_Library/pubs/rp/RP0708/08rp32 of : 0.3121. Keeping.
		Adding to DB the URL https://www.aph.gov.au/About_Parliament/Parliamentary_Departments/Parliamentary_Library/pubs/rp/RP0708/08rp32
	Result [53]  Processing URL https://www.supremecourt.gov/DocketPDF/17/17-1194/36361/20180223123953498_Petition%20for%20Certiorari_International%20Refugee%20Assistance%20Project%20v.%20Trump.pdf
		Blacklisted url: https://www.supremecourt.gov/DocketPDF/17/17-1194/36361/20180223123953498_Petition%20for%20Certiorari_International%20Refugee%20Assistance%20Project%20v.%20Trump.pdf.  Discarding.  
	Result [54]  Processing URL https://elischolar.library.yale.edu/cgi/viewcontent.cgi?article=1002&context=ceas_publication_series
		! Error getting the content of the web.
		! unsupported operand type(s) for +: 'int' and 'str'
		<class 'TypeError'>
		The content of the pages were not string. Verify.
		Different. The content of https://www.change.org/p/the-international-olympic-committee-petition-to-relocate-the-2018-winter-olympics-from-south-korea has distance with https://elischolar.library.yale.edu/cgi/viewcontent.cgi?article=1002&context=ceas_publication_series of: False. Discarding.
	Result [55]  Processing URL https://www.c40.org/researches/municipality-led-circular-economy
		! Error getting the content of the web.
		! Python int too large to convert to C long
		<class 'OverflowError'>
		The content of the pages were not string. Verify.
		Different. The content of https://www.change.org/p/the-international-olympic-committee-petition-to-relocate-the-2018-winter-olympics-from-south-korea has distance with https://www.c40.org/researches/municipality-led-circular-economy of: False. Discarding.
	Result [56]  Processing URL https://www.hrw.org/sites/default/files/world_report_download/201801world_report_web.pdf
		Date found in the API results: 2018-01-09T00:00:00
		Blacklisted url: https://www.hrw.org/sites/default/files/world_report_download/201801world_report_web.pdf.  Discarding.  
	Result [57]  Processing URL https://www.rand.org/content/dam/rand/pubs/research_reports/RR2200/RR2237/RAND_RR2237.pdf
		Blacklisted url: https://www.rand.org/content/dam/rand/pubs/research_reports/RR2200/RR2237/RAND_RR2237.pdf.  Discarding.  
	Result [58]  Processing URL https://www.gilcedillo.com/
		The content of https://www.change.org/p/the-international-olympic-committee-petition-to-relocate-the-2018-winter-olympics-from-south-korea has distance with https://www.gilcedillo.com/ of : 0.3296. Keeping.
		Adding to DB the URL https://www.gilcedillo.com/
	Result [59]  Processing URL https://www.post-gazette.com/sports/olympics/2021/02/03/Rights-groups-call-for-boycott-of-Beijing-2022-Winter-Games/stories/202102030097
		Date found in the API results: 2021-02-03T00:00:00
		Date found in the URL: 2021-02-03 00:00:00
		Different. The content of https://www.change.org/p/the-international-olympic-committee-petition-to-relocate-the-2018-winter-olympics-from-south-korea has distance with https://www.post-gazette.com/sports/olympics/2021/02/03/Rights-groups-call-for-boycott-of-Beijing-2022-Winter-Games/stories/202102030097 of: 0.2943. Discarding.
	Result [60]  Processing URL https://www.in.gov/history/about-indiana-history-and-trivia/indiana-almanac/
		Different. The content of https://www.change.org/p/the-international-olympic-committee-petition-to-relocate-the-2018-winter-olympics-from-south-korea has distance with https://www.in.gov/history/about-indiana-history-and-trivia/indiana-almanac/ of: 0.2883. Discarding.
	Result [61]  Processing URL https://www.rand.org/content/dam/rand/pubs/research_reports/RR2200/RR2237/RAND_RR2237.pdf
		Blacklisted url: https://www.rand.org/content/dam/rand/pubs/research_reports/RR2200/RR2237/RAND_RR2237.pdf.  Discarding.  
	Result [62]  Processing URL https://www.gilcedillo.com/
		The content of https://www.change.org/p/the-international-olympic-committee-petition-to-relocate-the-2018-winter-olympics-from-south-korea has distance with https://www.gilcedillo.com/ of : 0.3294. Keeping.
		Adding to DB the URL https://www.gilcedillo.com/
	Result [63]  Processing URL https://www.post-gazette.com/sports/olympics/2021/02/03/Rights-groups-call-for-boycott-of-Beijing-2022-Winter-Games/stories/202102030097
		Date found in the API results: 2021-02-03T00:00:00
		Date found in the URL: 2021-02-03 00:00:00
		Different. The content of https://www.change.org/p/the-international-olympic-committee-petition-to-relocate-the-2018-winter-olympics-from-south-korea has distance with https://www.post-gazette.com/sports/olympics/2021/02/03/Rights-groups-call-for-boycott-of-Beijing-2022-Winter-Games/stories/202102030097 of: 0.2943. Discarding.
	Result [64]  Processing URL https://www.in.gov/history/about-indiana-history-and-trivia/indiana-almanac/
		Different. The content of https://www.change.org/p/the-international-olympic-committee-petition-to-relocate-the-2018-winter-olympics-from-south-korea has distance with https://www.in.gov/history/about-indiana-history-and-trivia/indiana-almanac/ of: 0.2883. Discarding.
	Result [65]  Processing URL https://www.who.int/disabilities/world_report/2011/report.pdf
		Blacklisted url: https://www.who.int/disabilities/world_report/2011/report.pdf.  Discarding.  
	Result [66]  Processing URL http://www.oas.org/en/sla/docs/AG07239E03.pdf
		Date found in the API results: 2017-01-17T00:00:00
		Blacklisted url: http://www.oas.org/en/sla/docs/AG07239E03.pdf.  Discarding.  
	Result [67]  Processing URL https://www.adweek.com/brand-marketing/tracking-coronavirus-cancellations-and-travel-restrictions/
		The content of https://www.change.org/p/the-international-olympic-committee-petition-to-relocate-the-2018-winter-olympics-from-south-korea has distance with https://www.adweek.com/brand-marketing/tracking-coronavirus-cancellations-and-travel-restrictions/ of : 0.3113. Keeping.
		Adding to DB the URL https://www.adweek.com/brand-marketing/tracking-coronavirus-cancellations-and-travel-restrictions/
	Result [68]  Processing URL https://ilga.org/downloads/ILGA_State_Sponsored_Homophobia_2019.pdf
		Date found in the API results: 2019-03-01T00:00:00
		Blacklisted url: https://ilga.org/downloads/ILGA_State_Sponsored_Homophobia_2019.pdf.  Discarding.  
	Result [69]  Processing URL https://www.kas.de/wf/doc/kas_38367-1522-2-30.pdf
		Blacklisted url: https://www.kas.de/wf/doc/kas_38367-1522-2-30.pdf.  Discarding.  
	Result [70]  Processing URL https://publicaffairs.vpcomm.umich.edu/wp-content/uploads/sites/19/2018/06/2018.06.15-018-7-Exhibit-D-Jones-Decl.-3-of-3.pdf
		Blacklisted url: https://publicaffairs.vpcomm.umich.edu/wp-content/uploads/sites/19/2018/06/2018.06.15-018-7-Exhibit-D-Jones-Decl.-3-of-3.pdf.  Discarding.  
	Result [71]  Processing URL https://www.metropolis.org/sites/default/files/resources/Cities-change-the-world.pdf
		Blacklisted url: https://www.metropolis.org/sites/default/files/resources/Cities-change-the-world.pdf.  Discarding.  
	Result [72]  Processing URL https://lk-k.com/wp-content/uploads/2018/08/NOTH-HAAS-RIGOZZI-HASLER-in-ARROYO-Ed.-Arb.-in-Switzerland-Practitioners-Guide-2018-Ch.-15-CAS-Procedural-Rules.pdf
		Blacklisted url: https://lk-k.com/wp-content/uploads/2018/08/NOTH-HAAS-RIGOZZI-HASLER-in-ARROYO-Ed.-Arb.-in-Switzerland-Practitioners-Guide-2018-Ch.-15-CAS-Procedural-Rules.pdf.  Discarding.  
	Result [73]  Processing URL https://www.c40.org/researches/municipality-led-circular-economy
		! Error getting the content of the web.
		! Python int too large to convert to C long
		<class 'OverflowError'>
		The content of the pages were not string. Verify.
		Different. The content of https://www.change.org/p/the-international-olympic-committee-petition-to-relocate-the-2018-winter-olympics-from-south-korea has distance with https://www.c40.org/researches/municipality-led-circular-economy of: False. Discarding.
	Result [74]  Processing URL https://nic.org.uk/app/uploads/Congestion-Capacity-Carbon_-Priorities-for-national-infrastructure.pdf
		Blacklisted url: https://nic.org.uk/app/uploads/Congestion-Capacity-Carbon_-Priorities-for-national-infrastructure.pdf.  Discarding.  
	Result [75]  Processing URL http://ndl.ethernet.edu.et/bitstream/123456789/50535/1/25.pdf
		Blacklisted url: http://ndl.ethernet.edu.et/bitstream/123456789/50535/1/25.pdf.  Discarding.  
	Result [76]  Processing URL https://sustainabledevelopment.un.org/content/documents/26614Written_Statements_NGO.pdf
		Blacklisted url: https://sustainabledevelopment.un.org/content/documents/26614Written_Statements_NGO.pdf.  Discarding.  
	Result [77]  Processing URL https://colorofhockey.com/2018/03/
		Date found in the API results: 2018-03-31T00:00:00
		The content of https://www.change.org/p/the-international-olympic-committee-petition-to-relocate-the-2018-winter-olympics-from-south-korea has distance with https://colorofhockey.com/2018/03/ of : 0.3204. Keeping.
		Adding to DB the URL https://colorofhockey.com/2018/03/
	Result [78]  Processing URL https://schulich.yorku.ca/wp-content/uploads/2020/09/Undergraduate-Handbook-2020-2021.pdf
		Blacklisted url: https://schulich.yorku.ca/wp-content/uploads/2020/09/Undergraduate-Handbook-2020-2021.pdf.  Discarding.  
	Result [79]  Processing URL https://www.preventionweb.net/files/61895_61895disastermgmtrefhdbkmongolia.pdf
		Blacklisted url: https://www.preventionweb.net/files/61895_61895disastermgmtrefhdbkmongolia.pdf.  Discarding.  
	Result [80]  Processing URL https://www.gilcedillo.com/
		The content of https://www.change.org/p/the-international-olympic-committee-petition-to-relocate-the-2018-winter-olympics-from-south-korea has distance with https://www.gilcedillo.com/ of : 0.3294. Keeping.
		Adding to DB the URL https://www.gilcedillo.com/
	Result [81]  Processing URL https://cdn.salaamgateway.com/special-coverage/sgie19-20/full-report.pdf
		Blacklisted url: https://cdn.salaamgateway.com/special-coverage/sgie19-20/full-report.pdf.  Discarding.  
	Result [82]  Processing URL https://schulich.yorku.ca/wp-content/uploads/2020/09/Undergraduate-Handbook-2020-2021.pdf
		Blacklisted url: https://schulich.yorku.ca/wp-content/uploads/2020/09/Undergraduate-Handbook-2020-2021.pdf.  Discarding.  
	Result [83]  Processing URL https://www.in.gov/history/about-indiana-history-and-trivia/indiana-almanac/
		Different. The content of https://www.change.org/p/the-international-olympic-committee-petition-to-relocate-the-2018-winter-olympics-from-south-korea has distance with https://www.in.gov/history/about-indiana-history-and-trivia/indiana-almanac/ of: 0.2883. Discarding.
	Result [84]  Processing URL https://lk-k.com/wp-content/uploads/2018/08/NOTH-HAAS-RIGOZZI-HASLER-in-ARROYO-Ed.-Arb.-in-Switzerland-Practitioners-Guide-2018-Ch.-15-CAS-Procedural-Rules.pdf
		Blacklisted url: https://lk-k.com/wp-content/uploads/2018/08/NOTH-HAAS-RIGOZZI-HASLER-in-ARROYO-Ed.-Arb.-in-Switzerland-Practitioners-Guide-2018-Ch.-15-CAS-Procedural-Rules.pdf.  Discarding.  
	Result [85]  Processing URL https://www.metropolis.org/sites/default/files/resources/Cities-change-the-world.pdf
		Blacklisted url: https://www.metropolis.org/sites/default/files/resources/Cities-change-the-world.pdf.  Discarding.  
	Result [86]  Processing URL https://elischolar.library.yale.edu/cgi/viewcontent.cgi?article=1002&context=ceas_publication_series
		! Error getting the content of the web.
		! unsupported operand type(s) for +: 'int' and 'str'
		<class 'TypeError'>
		The content of the pages were not string. Verify.
		Different. The content of https://www.change.org/p/the-international-olympic-committee-petition-to-relocate-the-2018-winter-olympics-from-south-korea has distance with https://elischolar.library.yale.edu/cgi/viewcontent.cgi?article=1002&context=ceas_publication_series of: False. Discarding.
	Result [87]  Processing URL https://www.sportanddev.org/sites/default/files/downloads/sportpeaceanddevelopmentreduced.pdf
		Blacklisted url: https://www.sportanddev.org/sites/default/files/downloads/sportpeaceanddevelopmentreduced.pdf.  Discarding.  
	Result [88]  Processing URL https://colorofhockey.com/2018/03/
		Date found in the API results: 2018-03-31T00:00:00
		The content of https://www.change.org/p/the-international-olympic-committee-petition-to-relocate-the-2018-winter-olympics-from-south-korea has distance with https://colorofhockey.com/2018/03/ of : 0.3204. Keeping.
		Adding to DB the URL https://colorofhockey.com/2018/03/
	Result [89]  Processing URL https://sustainabledevelopment.un.org/content/documents/26614Written_Statements_NGO.pdf
		Blacklisted url: https://sustainabledevelopment.un.org/content/documents/26614Written_Statements_NGO.pdf.  Discarding.  
	Result [90]  Processing URL https://www.adb.org/sites/default/files/publication/502801/adbi-principles-infrastructure-case-studies-best-practices.pdf
		Blacklisted url: https://www.adb.org/sites/default/files/publication/502801/adbi-principles-infrastructure-case-studies-best-practices.pdf.  Discarding.  
	Result [91]  Processing URL https://docs.fcc.gov/public/attachments/FCC-17-158A1.docx
		Date found in the content of the page: None
		Different. The content of https://www.change.org/p/the-international-olympic-committee-petition-to-relocate-the-2018-winter-olympics-from-south-korea has distance with https://docs.fcc.gov/public/attachments/FCC-17-158A1.docx of: 0.0831. Discarding.
	Result [92]  Processing URL https://www.swisswetter.ch/bitcoin-profit/4miyr.htm
		The content of https://www.change.org/p/the-international-olympic-committee-petition-to-relocate-the-2018-winter-olympics-from-south-korea has distance with https://www.swisswetter.ch/bitcoin-profit/4miyr.htm of : 0.3441. Keeping.
		Adding to DB the URL https://www.swisswetter.ch/bitcoin-profit/4miyr.htm
	Result [93]  Processing URL https://www.reuters.com/article/us-olympics-2018-nbc-idUSKBN1FV0IS
		Date found in the API results: 2018-02-11T00:00:00
		The content of https://www.change.org/p/the-international-olympic-committee-petition-to-relocate-the-2018-winter-olympics-from-south-korea has distance with https://www.reuters.com/article/us-olympics-2018-nbc-idUSKBN1FV0IS of : 0.3129. Keeping.
		Adding to DB the URL https://www.reuters.com/article/us-olympics-2018-nbc-idUSKBN1FV0IS
	Result [94]  Processing URL https://ucao-uut.tg/zw1v4/women%27s-figure-skating-olympics-2018-results
		The content of https://www.change.org/p/the-international-olympic-committee-petition-to-relocate-the-2018-winter-olympics-from-south-korea has distance with https://ucao-uut.tg/zw1v4/women%27s-figure-skating-olympics-2018-results of : 0.3041. Keeping.
		Adding to DB the URL https://ucao-uut.tg/zw1v4/women%27s-figure-skating-olympics-2018-results
	Result [95]  Processing URL https://www.ihrb.org/uploads/meeting-reports/Sporting_Chance_Forum_Meeting_Report_2017.pdf
		Blacklisted url: https://www.ihrb.org/uploads/meeting-reports/Sporting_Chance_Forum_Meeting_Report_2017.pdf.  Discarding.  
	Result [96]  Processing URL https://www.parliament.wa.gov.au/WebCMS/webcms.nsf/resources/file-index-to-questions-and-speeches-2018/$file/Index%20to%20Questions%20and%20Speeches%202018.pdf
		Date found in the API results: 2018-01-02T00:00:00
		Blacklisted url: https://www.parliament.wa.gov.au/WebCMS/webcms.nsf/resources/file-index-to-questions-and-speeches-2018/$file/Index%20to%20Questions%20and%20Speeches%202018.pdf.  Discarding.  

== Level 0. Twitter search by title as Petition 路 The International Olympic Committee: Petition to relocate the 2018 Winter Olympics from South Korea 路 Change.org
https://api.twitter.com/2/tweets/search/all?query=%22Petition+%C2%B7+The+International+Olympic+Committee%3A+Petition+to+relocate+the+2018+Winter+Olympics+from+South+Korea+%C2%B7+Change.org%22&max_results=100&tweet.fields=author_id%2Cpublic_metrics%2Ccreated_at&start_time=2018-07-13T18%3A43%3A01.441777Z
	Downloaded 0 twitter content

== Level 0. VK search by title as Petition 路 The International Olympic Committee: Petition to relocate the 2018 Winter Olympics from South Korea 路 Change.org
In total was found 0
