Searching the distribution graph of URL https://ipress.ua/ru/news/ukrayna_vvedet_tsyfrovie_covidsertyfykati_cherez_1014_dney_posle_es_323316.html. Using 1 levels.

Main title: Украина введет цифровые COVID-сертификаты через 10-14 дней после ЕС - iPress.ua 
In level 0 were found 1 urls including original

== Level 0. Google search by LINKS to https://ipress.ua/ru/news/ukrayna_vvedet_tsyfrovie_covidsertyfykati_cherez_1014_dney_posle_es_323316.html
	Total amount of results retrieved: 1
	Result [1]  Processing URL https://ipress.ua/ru/news/ukrayna_vvedet_tsyfrovie_covidsertyfykati_cherez_1014_dney_posle_es_323316.html
		Date found in the API results: 2021-06-08T00:00:00
		Repeated url: https://ipress.ua/ru/news/ukrayna_vvedet_tsyfrovie_covidsertyfykati_cherez_1014_dney_posle_es_323316.html.  Discarding.  
		Date found in the API results: 2021-06-08T00:00:00

== Level 0. Twitter search by LINKS as https://ipress.ua/ru/news/ukrayna_vvedet_tsyfrovie_covidsertyfykati_cherez_1014_dney_posle_es_323316.html
https://api.twitter.com/2/tweets/search/all?query=url+%3A+https%253A%252F%252Fipress.ua%252Fru%252Fnews%252Fukrayna_vvedet_tsyfrovie_covidsertyfykati_cherez_1014_dney_posle_es_323316.html&max_results=100&tweet.fields=author_id%2Cpublic_metrics%2Ccreated_at&start_time=2020-07-12T19%3A05%3A12.576383Z
	Downloaded 0 twitter content

== Level 0. VK search by LINKS as https://ipress.ua/ru/news/ukrayna_vvedet_tsyfrovie_covidsertyfykati_cherez_1014_dney_posle_es_323316.html
In total was found 0

== Level 0. Google search by TITLE as Украина введет цифровые COVID-сертификаты через 10-14 дней после ЕС - iPress.ua 
	Total amount of results retrieved: 18
	Result [1]  Processing URL https://ipress.ua/ru/news/ukrayna_vvedet_tsyfrovie_covidsertyfykati_cherez_1014_dney_posle_es_323316.html
		Date found in the API results: 2021-06-08T00:00:00
		Repeated url: https://ipress.ua/ru/news/ukrayna_vvedet_tsyfrovie_covidsertyfykati_cherez_1014_dney_posle_es_323316.html.  Discarding.  
	Result [2]  Processing URL https://ipress.ua/ru/news/covidsertyfykat_v_dyy_mozhet_poluchyt_naskolko_y_drugye_nyuansi_324134.html
		Date found in the API results: 2021-07-01T00:00:00
		The content of https://ipress.ua/ru/news/ukrayna_vvedet_tsyfrovie_covidsertyfykati_cherez_1014_dney_posle_es_323316.html has distance with https://ipress.ua/ru/news/covidsertyfykat_v_dyy_mozhet_poluchyt_naskolko_y_drugye_nyuansi_324134.html of : 0.7941. Keeping.
		Adding to DB the URL https://ipress.ua/ru/news/covidsertyfykat_v_dyy_mozhet_poluchyt_naskolko_y_drugye_nyuansi_324134.html
	Result [3]  Processing URL https://ipress.ua/ru/news/v_deystvyya_startuet_betatestyrovanye_covid_sertyfykatov_324062.html
		Date found in the API results: 2021-06-30T00:00:00
		The content of https://ipress.ua/ru/news/ukrayna_vvedet_tsyfrovie_covidsertyfykati_cherez_1014_dney_posle_es_323316.html has distance with https://ipress.ua/ru/news/v_deystvyya_startuet_betatestyrovanye_covid_sertyfykatov_324062.html of : 0.782. Keeping.
		Adding to DB the URL https://ipress.ua/ru/news/v_deystvyya_startuet_betatestyrovanye_covid_sertyfykatov_324062.html
	Result [4]  Processing URL https://ipress.ua/ru/news/sovet_es_otmenyl_ogranychenyya_na_poezdky_dlya_vladeltsev_pasportov_vaktsynatsyy_323512.html
		Date found in the API results: 2021-06-14T00:00:00
		The content of https://ipress.ua/ru/news/ukrayna_vvedet_tsyfrovie_covidsertyfykati_cherez_1014_dney_posle_es_323316.html has distance with https://ipress.ua/ru/news/sovet_es_otmenyl_ogranychenyya_na_poezdky_dlya_vladeltsev_pasportov_vaktsynatsyy_323512.html of : 0.7942. Keeping.
		Adding to DB the URL https://ipress.ua/ru/news/sovet_es_otmenyl_ogranychenyya_na_poezdky_dlya_vladeltsev_pasportov_vaktsynatsyy_323512.html
	Result [5]  Processing URL https://ipress.ua/ru/news/v_pravytelstve_prognozyruyut_ynflyatsyyu_do_8_po_ytogam_goda_324345.html
		Date found in the API results: 2021-07-07T19:05:20.908284
		The content of https://ipress.ua/ru/news/ukrayna_vvedet_tsyfrovie_covidsertyfykati_cherez_1014_dney_posle_es_323316.html has distance with https://ipress.ua/ru/news/v_pravytelstve_prognozyruyut_ynflyatsyyu_do_8_po_ytogam_goda_324345.html of : 0.7927. Keeping.
		Adding to DB the URL https://ipress.ua/ru/news/v_pravytelstve_prognozyruyut_ynflyatsyyu_do_8_po_ytogam_goda_324345.html
	Result [6]  Processing URL https://ipress.ua/ru/news/semeynie_vrachy_budut_vidavat_spravky_o_polnom_kurse_covidvaktsynatsyy__shmigal_323605.html
		Date found in the API results: 2021-06-16T00:00:00
		The content of https://ipress.ua/ru/news/ukrayna_vvedet_tsyfrovie_covidsertyfykati_cherez_1014_dney_posle_es_323316.html has distance with https://ipress.ua/ru/news/semeynie_vrachy_budut_vidavat_spravky_o_polnom_kurse_covidvaktsynatsyy__shmigal_323605.html of : 0.7888. Keeping.
		Adding to DB the URL https://ipress.ua/ru/news/semeynie_vrachy_budut_vidavat_spravky_o_polnom_kurse_covidvaktsynatsyy__shmigal_323605.html
	Result [7]  Processing URL https://yandex.com/news/instory/Kabmin_utochnil_sroki_zapuska_COVID-sertifikatov_vUkraine--9b90e985cf533eab8fead786aee011fc
		Date found in the content of the page: None
		Different. The content of https://ipress.ua/ru/news/ukrayna_vvedet_tsyfrovie_covidsertyfykati_cherez_1014_dney_posle_es_323316.html has distance with https://yandex.com/news/instory/Kabmin_utochnil_sroki_zapuska_COVID-sertifikatov_vUkraine--9b90e985cf533eab8fead786aee011fc of: 0.2183491515674432. Discarding.
	Result [8]  Processing URL https://www.bbc.com/ukrainian/features-russian-57694642
		Date found in the API results: 2021-07-02T00:00:00
		Different. The content of https://ipress.ua/ru/news/ukrayna_vvedet_tsyfrovie_covidsertyfykati_cherez_1014_dney_posle_es_323316.html has distance with https://www.bbc.com/ukrainian/features-russian-57694642 of: 0.269. Discarding.
	Result [9]  Processing URL https://www.pravda.com.ua/rus/news/2021/06/8/7296475/
		Date found in the API results: 2021-06-08T00:00:00
		Date found in the URL: 2021-06-08 00:00:00
		Different. The content of https://ipress.ua/ru/news/ukrayna_vvedet_tsyfrovie_covidsertyfykati_cherez_1014_dney_posle_es_323316.html has distance with https://www.pravda.com.ua/rus/news/2021/06/8/7296475/ of: 0.2973. Discarding.
	Result [10]  Processing URL https://www.pravda.com.ua/rus/news/2021/06/30/7298854/
		Date found in the API results: 2021-06-30T00:00:00
		Date found in the URL: 2021-06-30 00:00:00
		Different. The content of https://ipress.ua/ru/news/ukrayna_vvedet_tsyfrovie_covidsertyfykati_cherez_1014_dney_posle_es_323316.html has distance with https://www.pravda.com.ua/rus/news/2021/06/30/7298854/ of: 0.2817. Discarding.
	Result [11]  Processing URL https://hromadske.ua/ru/posts/v-ukraine-nachali-vydavat-covid-sertifikaty-kak-ih-poluchit-i-dayut-li-oni-pravo-ehat-za-granicu
		Date found in the API results: 2021-07-01T00:00:00
		The content of https://ipress.ua/ru/news/ukrayna_vvedet_tsyfrovie_covidsertyfykati_cherez_1014_dney_posle_es_323316.html has distance with https://hromadske.ua/ru/posts/v-ukraine-nachali-vydavat-covid-sertifikaty-kak-ih-poluchit-i-dayut-li-oni-pravo-ehat-za-granicu of : 0.3102. Keeping.
		Adding to DB the URL https://hromadske.ua/ru/posts/v-ukraine-nachali-vydavat-covid-sertifikaty-kak-ih-poluchit-i-dayut-li-oni-pravo-ehat-za-granicu
	Result [12]  Processing URL https://www.dw.com/ru/v-es-nachali-dejstvovat-kovid-sertifikaty-chto-nado-znat-rossijanam/a-58114919
		Date found in the API results: 2021-07-01T00:00:00
		Different. The content of https://ipress.ua/ru/news/ukrayna_vvedet_tsyfrovie_covidsertyfykati_cherez_1014_dney_posle_es_323316.html has distance with https://www.dw.com/ru/v-es-nachali-dejstvovat-kovid-sertifikaty-chto-nado-znat-rossijanam/a-58114919 of: 0.2832. Discarding.
	Result [13]  Processing URL https://www.dw.com/ru/kak-budet-rabotat-cifrovoj-kovid-sertifikat-es/a-57856147
		Date found in the API results: 2021-06-11T00:00:00
		Different. The content of https://ipress.ua/ru/news/ukrayna_vvedet_tsyfrovie_covidsertyfykati_cherez_1014_dney_posle_es_323316.html has distance with https://www.dw.com/ru/kak-budet-rabotat-cifrovoj-kovid-sertifikat-es/a-57856147 of: 0.2842. Discarding.
	Result [14]  Processing URL https://www.rfi.fr/ru/%D0%B5%D0%B2%D1%80%D0%BE%D0%BF%D0%B0/20210701-%D0%B5%D0%B2%D1%80%D0%BE%D1%81%D0%BE%D1%8E%D0%B7-%D1%88%D0%B5%D0%BD%D0%B3%D0%B5%D0%BD%D1%81%D0%BA%D0%B0%D1%8F-%D0%B7%D0%BE%D0%BD%D0%B0-%D0%BA%D0%BE%D0%B2%D0%B8%D0%B4-%D1%81%D0%B5%D1%80%D1%82%D0%B8%D1%84%D0%B8%D0%BA%D0%B0%D1%82-%D0%B4%D0%BB%D1%8F-%D0%BF%D0%BE%D0%B5%D0%B7%D0%B4%D0%BE%D0%BA-1-%D0%B8%D1%8E%D0%BB%D1%8F
		Date found in the API results: 2021-07-01T00:00:00
		Date found in the URL: 2021-07-01 00:00:00
		Different. The content of https://ipress.ua/ru/news/ukrayna_vvedet_tsyfrovie_covidsertyfykati_cherez_1014_dney_posle_es_323316.html has distance with https://www.rfi.fr/ru/%D0%B5%D0%B2%D1%80%D0%BE%D0%BF%D0%B0/20210701-%D0%B5%D0%B2%D1%80%D0%BE%D1%81%D0%BE%D1%8E%D0%B7-%D1%88%D0%B5%D0%BD%D0%B3%D0%B5%D0%BD%D1%81%D0%BA%D0%B0%D1%8F-%D0%B7%D0%BE%D0%BD%D0%B0-%D0%BA%D0%BE%D0%B2%D0%B8%D0%B4-%D1%81%D0%B5%D1%80%D1%82%D0%B8%D1%84%D0%B8%D0%BA%D0%B0%D1%82-%D0%B4%D0%BB%D1%8F-%D0%BF%D0%BE%D0%B5%D0%B7%D0%B4%D0%BE%D0%BA-1-%D0%B8%D1%8E%D0%BB%D1%8F of: 0.044592286253708535. Discarding.
	Result [15]  Processing URL http://news_hub.dc5n.hce-project.com/2021/03/05/00/ukraine_ru_mix1.pdf
		Blacklisted url: http://news_hub.dc5n.hce-project.com/2021/03/05/00/ukraine_ru_mix1.pdf.  Discarding.  
	Result [16]  Processing URL https://medicine.lv/raksti/troksnis-ausis-tinnitus-tinnitus-auss-un-smadzenu-slimiba?p=1&c=lor-klinika-sia-filiale
		Date found in the API results: 2014-08-31T00:00:00
		Different. The content of https://ipress.ua/ru/news/ukrayna_vvedet_tsyfrovie_covidsertyfykati_cherez_1014_dney_posle_es_323316.html has distance with https://medicine.lv/raksti/troksnis-ausis-tinnitus-tinnitus-auss-un-smadzenu-slimiba?p=1&c=lor-klinika-sia-filiale of: 0.2874. Discarding.
	Result [17]  Processing URL https://mtnkenya.com/new-a-stain-remover-that-works-like-magic/
		The content of https://ipress.ua/ru/news/ukrayna_vvedet_tsyfrovie_covidsertyfykati_cherez_1014_dney_posle_es_323316.html has distance with https://mtnkenya.com/new-a-stain-remover-that-works-like-magic/ of : 0.3031. Keeping.
		Adding to DB the URL https://mtnkenya.com/new-a-stain-remover-that-works-like-magic/
	Result [18]  Processing URL http://rhorigm.webpin.com/blog_%D0%A0%D1%83%D0%BA%D0%BE%D0%B2%D0%BE%D0%B4%D1%81%D1%82%D0%B2%D0%BE-%D0%BF%D0%BE-%D1%8D%D0%BA%D1%81%D0%BF%D0%BB%D1%83%D0%B0%D1%82%D0%B0%D1%86%D0%B8%D0%B8-%D0%BF%D0%B0%D1%81%D1%81%D0%B0%D1%82-%D0%B16.html
		Date found in the API results: 2015-03-19T00:00:00
		Different. The content of https://ipress.ua/ru/news/ukrayna_vvedet_tsyfrovie_covidsertyfykati_cherez_1014_dney_posle_es_323316.html has distance with http://rhorigm.webpin.com/blog_%D0%A0%D1%83%D0%BA%D0%BE%D0%B2%D0%BE%D0%B4%D1%81%D1%82%D0%B2%D0%BE-%D0%BF%D0%BE-%D1%8D%D0%BA%D1%81%D0%BF%D0%BB%D1%83%D0%B0%D1%82%D0%B0%D1%86%D0%B8%D0%B8-%D0%BF%D0%B0%D1%81%D1%81%D0%B0%D1%82-%D0%B16.html of: 0.2756. Discarding.

== Level 0. Twitter search by title as Украина введет цифровые COVID-сертификаты через 10-14 дней после ЕС - iPress.ua 
https://api.twitter.com/2/tweets/search/all?query=%22%D0%A3%D0%BA%D1%80%D0%B0%D0%B8%D0%BD%D0%B0+%D0%B2%D0%B2%D0%B5%D0%B4%D0%B5%D1%82+%D1%86%D0%B8%D1%84%D1%80%D0%BE%D0%B2%D1%8B%D0%B5+COVID-%D1%81%D0%B5%D1%80%D1%82%D0%B8%D1%84%D0%B8%D0%BA%D0%B0%D1%82%D1%8B+%D1%87%D0%B5%D1%80%D0%B5%D0%B7+10-14+%D0%B4%D0%BD%D0%B5%D0%B9+%D0%BF%D0%BE%D1%81%D0%BB%D0%B5+%D0%95%D0%A1+-+iPress.ua+%22&max_results=100&tweet.fields=author_id%2Cpublic_metrics%2Ccreated_at&start_time=2020-07-12T19%3A05%3A37.058739Z
	Downloaded 0 twitter content

== Level 0. VK search by title as Украина введет цифровые COVID-сертификаты через 10-14 дней после ЕС - iPress.ua 
In total was found 0
