Searching the distribution graph of URL https://asd.news/news/v-sovbeze-rossii-schitayut-chto-kiev-mozhet-poyti-na-voennuyu-avantyuru-v-krymu-s-pozvoleniya-ssha/. Using 1 levels.

Main title: В Совбезе России считают, что Киев может пойти на военную авантюру в Крыму с позволения США | Новости | Аналитическая служба Донбасса
In level 0 were found 1 urls including original

== Level 0. Google search by LINKS to https://asd.news/news/v-sovbeze-rossii-schitayut-chto-kiev-mozhet-poyti-na-voennuyu-avantyuru-v-krymu-s-pozvoleniya-ssha/
	Total amount of results retrieved: 0

== Level 0. Twitter search by LINKS as https://asd.news/news/v-sovbeze-rossii-schitayut-chto-kiev-mozhet-poyti-na-voennuyu-avantyuru-v-krymu-s-pozvoleniya-ssha/
https://api.twitter.com/2/tweets/search/all?query=url+%3A+https%253A%252F%252Fasd.news%252Fnews%252Fv-sovbeze-rossii-schitayut-chto-kiev-mozhet-poyti-na-voennuyu-avantyuru-v-krymu-s-pozvoleniya-ssha%252F&max_results=100&tweet.fields=author_id%2Cpublic_metrics%2Ccreated_at&start_time=2018-07-13T19%3A00%3A18.690700Z
	Downloaded 0 twitter content

== Level 0. VK search by LINKS as https://asd.news/news/v-sovbeze-rossii-schitayut-chto-kiev-mozhet-poyti-na-voennuyu-avantyuru-v-krymu-s-pozvoleniya-ssha/
	Result [0]  Processing URL https://vk.com/id-185415599?w=wall-185415599_6431. Date: 2021-04-14 14:48:34
In total was found 1

== Level 0. Google search by TITLE as В Совбезе России считают, что Киев может пойти на военную авантюру в Крыму с позволения США | Новости | Аналитическая служба Донбасса
	Total amount of results retrieved: 108
	Result [1]  Processing URL https://asd.news/news/segodnya-v-ssha-mogut-vvesti-novye-sanktsii-protiv-moskvy/
		The content of https://asd.news/news/v-sovbeze-rossii-schitayut-chto-kiev-mozhet-poyti-na-voennuyu-avantyuru-v-krymu-s-pozvoleniya-ssha/ has distance with https://asd.news/news/segodnya-v-ssha-mogut-vvesti-novye-sanktsii-protiv-moskvy/ of : 0.9639. Keeping.
		Adding to DB the URL https://asd.news/news/segodnya-v-ssha-mogut-vvesti-novye-sanktsii-protiv-moskvy/
	Result [2]  Processing URL https://asd.news/news/komanduyushchiy-vsu-ya-dumayu-chto-tot-na-ukraine-kto-voynu-voynoy-ne-nazyvaet-to-on-ne-ukrainets/
		The content of https://asd.news/news/v-sovbeze-rossii-schitayut-chto-kiev-mozhet-poyti-na-voennuyu-avantyuru-v-krymu-s-pozvoleniya-ssha/ has distance with https://asd.news/news/komanduyushchiy-vsu-ya-dumayu-chto-tot-na-ukraine-kto-voynu-voynoy-ne-nazyvaet-to-on-ne-ukrainets/ of : 0.9565. Keeping.
		Adding to DB the URL https://asd.news/news/komanduyushchiy-vsu-ya-dumayu-chto-tot-na-ukraine-kto-voynu-voynoy-ne-nazyvaet-to-on-ne-ukrainets/
	Result [3]  Processing URL https://www.kas.de/c/document_library/get_file?uuid=8b1c9437-39c0-6f33-c562-91ce18446709&groupId=252038
		Date found in the API results: 2018-08-17T00:00:00
		Date found in the content of the page: None
		Different. The content of https://asd.news/news/v-sovbeze-rossii-schitayut-chto-kiev-mozhet-poyti-na-voennuyu-avantyuru-v-krymu-s-pozvoleniya-ssha/ has distance with https://www.kas.de/c/document_library/get_file?uuid=8b1c9437-39c0-6f33-c562-91ce18446709&groupId=252038 of: 0.1147. Discarding.
	Result [4]  Processing URL https://ruxpert.ru/%D0%A3%D0%BA%D1%80%D0%B0%D0%B8%D0%BD%D1%81%D0%BA%D0%B8%D0%B9_%D0%BA%D1%80%D0%B8%D0%B7%D0%B8%D1%81
		Different. The content of https://asd.news/news/v-sovbeze-rossii-schitayut-chto-kiev-mozhet-poyti-na-voennuyu-avantyuru-v-krymu-s-pozvoleniya-ssha/ has distance with https://ruxpert.ru/%D0%A3%D0%BA%D1%80%D0%B0%D0%B8%D0%BD%D1%81%D0%BA%D0%B8%D0%B9_%D0%BA%D1%80%D0%B8%D0%B7%D0%B8%D1%81 of: 0.264. Discarding.
	Result [5]  Processing URL https://carnegieendowment.org/files/shevzova_power.pdf
		Date found in the API results: None
		Blacklisted url: https://carnegieendowment.org/files/shevzova_power.pdf.  Discarding.  
	Result [6]  Processing URL https://for-ua.com/ru/tag/28
		Different. The content of https://asd.news/news/v-sovbeze-rossii-schitayut-chto-kiev-mozhet-poyti-na-voennuyu-avantyuru-v-krymu-s-pozvoleniya-ssha/ has distance with https://for-ua.com/ru/tag/28 of: 0.278. Discarding.
	Result [7]  Processing URL http://www.advertology.ru/index.php?name=Forums&file=viewtopic&p=147597
		Date found in the API results: 2021-04-12T00:00:00
		Different. The content of https://asd.news/news/v-sovbeze-rossii-schitayut-chto-kiev-mozhet-poyti-na-voennuyu-avantyuru-v-krymu-s-pozvoleniya-ssha/ has distance with http://www.advertology.ru/index.php?name=Forums&file=viewtopic&p=147597 of: 0.2794. Discarding.
	Result [8]  Processing URL https://www.kommersant.ru/doc/3106602
		The content of https://asd.news/news/v-sovbeze-rossii-schitayut-chto-kiev-mozhet-poyti-na-voennuyu-avantyuru-v-krymu-s-pozvoleniya-ssha/ has distance with https://www.kommersant.ru/doc/3106602 of : 0.3078. Keeping.
		Adding to DB the URL https://www.kommersant.ru/doc/3106602
	Result [9]  Processing URL https://razumkov.org.ua/uploads/article/2019_Donbass_Italy.pdf
		Date found in the API results: 2019-08-18T00:00:00
		Blacklisted url: https://razumkov.org.ua/uploads/article/2019_Donbass_Italy.pdf.  Discarding.  
	Result [10]  Processing URL https://mgimo.ru/upload/iblock/3d5/3d5cfa570e4fe96f6b6b47bc62c37ba1.pdf
		Date found in the API results: None
		Blacklisted url: https://mgimo.ru/upload/iblock/3d5/3d5cfa570e4fe96f6b6b47bc62c37ba1.pdf.  Discarding.  
	Result [11]  Processing URL https://topwar.ru/181626-spory-za-donbass.html
		Date found in the API results: 2021-04-06T00:00:00
		Different. The content of https://asd.news/news/v-sovbeze-rossii-schitayut-chto-kiev-mozhet-poyti-na-voennuyu-avantyuru-v-krymu-s-pozvoleniya-ssha/ has distance with https://topwar.ru/181626-spory-za-donbass.html of: 0.2882. Discarding.
	Result [12]  Processing URL https://polpred.com/news/?cnt=257&sector=20&page=8
		Date found in the content of the page: None
		The content of https://asd.news/news/v-sovbeze-rossii-schitayut-chto-kiev-mozhet-poyti-na-voennuyu-avantyuru-v-krymu-s-pozvoleniya-ssha/ has distance with https://polpred.com/news/?cnt=257&sector=20&page=8 of : 0.3486. Keeping.
		Adding to DB the URL https://polpred.com/news/?cnt=257&sector=20&page=8
	Result [13]  Processing URL https://www.eurointegration.com.ua/rus/search/search_pubs/page_17/?search=%EE%20%F0%EE%F1%F1%E8%E8
		The content of https://asd.news/news/v-sovbeze-rossii-schitayut-chto-kiev-mozhet-poyti-na-voennuyu-avantyuru-v-krymu-s-pozvoleniya-ssha/ has distance with https://www.eurointegration.com.ua/rus/search/search_pubs/page_17/?search=%EE%20%F0%EE%F1%F1%E8%E8 of : 0.312. Keeping.
		Adding to DB the URL https://www.eurointegration.com.ua/rus/search/search_pubs/page_17/?search=%EE%20%F0%EE%F1%F1%E8%E8
	Result [14]  Processing URL http://www.fa.ru/org/div/uoonir/Documents/%D0%A1%D0%B1%D0%BE%D1%80%D0%BD%D0%B8%D0%BA%20%D0%BC%D0%B0%D1%82%D0%B5%D1%80%D0%B8%D0%B0%D0%BB%D0%BE%D0%B2%20%D0%BA%D1%80%D1%83%D0%B3%D0%BB%D0%BE%D0%B3%D0%BE%20%D1%81%D1%82%D0%BE%D0%BB%D0%B0%20%D0%90%D1%80%D0%BC%D0%B8%D1%8F-2020.pdf
		Date found in the API results: 2020-08-05T00:00:00
		Blacklisted url: http://www.fa.ru/org/div/uoonir/Documents/%D0%A1%D0%B1%D0%BE%D1%80%D0%BD%D0%B8%D0%BA%20%D0%BC%D0%B0%D1%82%D0%B5%D1%80%D0%B8%D0%B0%D0%BB%D0%BE%D0%B2%20%D0%BA%D1%80%D1%83%D0%B3%D0%BB%D0%BE%D0%B3%D0%BE%20%D1%81%D1%82%D0%BE%D0%BB%D0%B0%20%D0%90%D1%80%D0%BC%D0%B8%D1%8F-2020.pdf.  Discarding.  
	Result [15]  Processing URL http://iskran.ru/wp-content/uploads/2020/03/%D0%91%D1%83%D0%B4%D0%B5%D0%BD%D0%BD%D1%8B%D0%B8%CC%86-NEW-dis_budenny-2020.pdf
		Date found in the API results: None
		Blacklisted url: http://iskran.ru/wp-content/uploads/2020/03/%D0%91%D1%83%D0%B4%D0%B5%D0%BD%D0%BD%D1%8B%D0%B8%CC%86-NEW-dis_budenny-2020.pdf.  Discarding.  
	Result [16]  Processing URL https://www.dipacademy.ru/documents/993/ISBN_978-5-9907695-3-3.pdf
		Blacklisted url: https://www.dipacademy.ru/documents/993/ISBN_978-5-9907695-3-3.pdf.  Discarding.  
	Result [17]  Processing URL https://www.bfm.ru/news/400581
		Date found in the API results: 2018-11-26T00:00:00
		The content of https://asd.news/news/v-sovbeze-rossii-schitayut-chto-kiev-mozhet-poyti-na-voennuyu-avantyuru-v-krymu-s-pozvoleniya-ssha/ has distance with https://www.bfm.ru/news/400581 of : 0.3139. Keeping.
		Adding to DB the URL https://www.bfm.ru/news/400581
	Result [18]  Processing URL http://komitet.info/about/direct/?SHOWALL_1=1
		The content of https://asd.news/news/v-sovbeze-rossii-schitayut-chto-kiev-mozhet-poyti-na-voennuyu-avantyuru-v-krymu-s-pozvoleniya-ssha/ has distance with http://komitet.info/about/direct/?SHOWALL_1=1 of : 0.3567. Keeping.
		Adding to DB the URL http://komitet.info/about/direct/?SHOWALL_1=1
	Result [19]  Processing URL http://risa.ru/images/9theses/ix-konvent-rami_3-diskurs.pdf
		Blacklisted url: http://risa.ru/images/9theses/ix-konvent-rami_3-diskurs.pdf.  Discarding.  
	Result [20]  Processing URL https://vz.ru/news/2021/4/3/1092724.html
		Date found in the API results: 2021-04-03T00:00:00
		Date found in the URL: 2021-04-03 00:00:00
		Different. The content of https://asd.news/news/v-sovbeze-rossii-schitayut-chto-kiev-mozhet-poyti-na-voennuyu-avantyuru-v-krymu-s-pozvoleniya-ssha/ has distance with https://vz.ru/news/2021/4/3/1092724.html of: 0.269. Discarding.
	Result [21]  Processing URL https://blogs.voanews.com/russian/russia-watch/2014/03/07/%D0%BE%D0%BA%D0%BA%D1%83%D0%BF%D0%B0%D1%86%D0%B8%D0%BE%D0%BD%D0%BD%D1%8B%D0%B5-%D0%B8%D0%B3%D1%80%D1%8B-%D0%B2%D0%BB%D0%B0%D0%B4%D0%B8%D0%BC%D0%B8%D1%80%D0%B0-%D0%BF%D1%83%D1%82%D0%B8%D0%BD%D0%B0/
		Date found in the API results: 2014-03-07T00:00:00
		Date found in the content of the page: None
		Different. The content of https://asd.news/news/v-sovbeze-rossii-schitayut-chto-kiev-mozhet-poyti-na-voennuyu-avantyuru-v-krymu-s-pozvoleniya-ssha/ has distance with https://blogs.voanews.com/russian/russia-watch/2014/03/07/%D0%BE%D0%BA%D0%BA%D1%83%D0%BF%D0%B0%D1%86%D0%B8%D0%BE%D0%BD%D0%BD%D1%8B%D0%B5-%D0%B8%D0%B3%D1%80%D1%8B-%D0%B2%D0%BB%D0%B0%D0%B4%D0%B8%D0%BC%D0%B8%D1%80%D0%B0-%D0%BF%D1%83%D1%82%D0%B8%D0%BD%D0%B0/ of: 0.2576. Discarding.
	Result [22]  Processing URL https://regnum.ru/news/polit/3024492.html
		Date found in the API results: 2020-08-09T00:00:00
		The content of https://asd.news/news/v-sovbeze-rossii-schitayut-chto-kiev-mozhet-poyti-na-voennuyu-avantyuru-v-krymu-s-pozvoleniya-ssha/ has distance with https://regnum.ru/news/polit/3024492.html of : 0.3323. Keeping.
		Adding to DB the URL https://regnum.ru/news/polit/3024492.html
	Result [23]  Processing URL https://historyrussia.org/images/img-knigi/pobeda/t5.pdf
		Blacklisted url: https://historyrussia.org/images/img-knigi/pobeda/t5.pdf.  Discarding.  
	Result [24]  Processing URL http://council.gov.ru/media/files/41d44f243403159cba92.pdf
		Blacklisted url: http://council.gov.ru/media/files/41d44f243403159cba92.pdf.  Discarding.  
	Result [25]  Processing URL https://gordonua.com/publications/stenogramma-sekretnogo-zasedaniya-snbo-vo-vremya-anneksii-kryma-v-2014-godu-polnyy-tekst-na-russkom-yazyke-121122.html
		Date found in the API results: 2016-02-22T00:00:00
		Different. The content of https://asd.news/news/v-sovbeze-rossii-schitayut-chto-kiev-mozhet-poyti-na-voennuyu-avantyuru-v-krymu-s-pozvoleniya-ssha/ has distance with https://gordonua.com/publications/stenogramma-sekretnogo-zasedaniya-snbo-vo-vremya-anneksii-kryma-v-2014-godu-polnyy-tekst-na-russkom-yazyke-121122.html of: 0.2663. Discarding.
	Result [26]  Processing URL https://istina.msu.ru/profile/Manoylo/
		The content of https://asd.news/news/v-sovbeze-rossii-schitayut-chto-kiev-mozhet-poyti-na-voennuyu-avantyuru-v-krymu-s-pozvoleniya-ssha/ has distance with https://istina.msu.ru/profile/Manoylo/ of : 0.308. Keeping.
		Adding to DB the URL https://istina.msu.ru/profile/Manoylo/
	Result [27]  Processing URL https://www.nam.kiev.ua/files/publications/978-966-8406-79-9-monog.pdf
		Blacklisted url: https://www.nam.kiev.ua/files/publications/978-966-8406-79-9-monog.pdf.  Discarding.  
	Result [28]  Processing URL http://duma.gov.ru/media/files/AeVQSDy0D4iAtVZwXbKKscoqEkuQEa19.pdf
		Blacklisted url: http://duma.gov.ru/media/files/AeVQSDy0D4iAtVZwXbKKscoqEkuQEa19.pdf.  Discarding.  
	Result [29]  Processing URL https://www.mid.ru/foreign_policy/news/-/asset_publisher/cKNonkJE02Bw/content/id/3826083
		Date found in the API results: 2019-10-02T00:00:00
		! Error getting the content of the web.
		! can't compare offset-naive and offset-aware datetimes
		<class 'TypeError'>
		The content of the pages were not string. Verify.
		Different. The content of https://asd.news/news/v-sovbeze-rossii-schitayut-chto-kiev-mozhet-poyti-na-voennuyu-avantyuru-v-krymu-s-pozvoleniya-ssha/ has distance with https://www.mid.ru/foreign_policy/news/-/asset_publisher/cKNonkJE02Bw/content/id/3826083 of: False. Discarding.
	Result [30]  Processing URL https://freerussiahouse.org/wp-content/uploads/2020/04/Russia2030-rus_web.pdf
		Blacklisted url: https://freerussiahouse.org/wp-content/uploads/2020/04/Russia2030-rus_web.pdf.  Discarding.  
	Result [31]  Processing URL https://uu.diva-portal.org/smash/get/diva2:1138525/FULLTEXT01.pdf
		Blacklisted url: https://uu.diva-portal.org/smash/get/diva2:1138525/FULLTEXT01.pdf.  Discarding.  
	Result [32]  Processing URL http://donnu.ru/public/insites/files/%D0%92%D0%B5%D1%81%D1%82%D0%BD%D0%B8%D0%BA%20%D0%A1%D0%9D%D0%9E%20%D0%A2%D0%BE%D0%BC%202.%D0%A1%D0%BE%D1%86%D0%B8%D0%B0%D0%BB%D1%8C%D0%BD%D0%BE-%D0%B3%D1%83%D0%BC%D0%B0%D0%BD%D0%B8%D1%82%D0%B0%D1%80%D0%BD%D1%8B%D0%B5%20%D0%BD%D0%B0%D1%83%D0%BA%D0%B8.%20%D0%98%D1%81%D1%82%D0%BE%D1%80%D0%B8%D1%87%D0%B5%D1%81%D0%BA%D0%B8%D0%B5%20%D0%BD%D0%B0%D1%83%D0%BA%D0%B8%20%D0%B8%20%D0%BF%D0%BE%D0%BB%D0%B8%D1%82%D0%BE%D0%BB%D0%BE%D0%B3%D0%B8%D1%8F%2C%20%D1%87%D0%B0%D1%81%D1%82%D1%8C%201%2C2021.pdf
		Blacklisted url: http://donnu.ru/public/insites/files/%D0%92%D0%B5%D1%81%D1%82%D0%BD%D0%B8%D0%BA%20%D0%A1%D0%9D%D0%9E%20%D0%A2%D0%BE%D0%BC%202.%D0%A1%D0%BE%D1%86%D0%B8%D0%B0%D0%BB%D1%8C%D0%BD%D0%BE-%D0%B3%D1%83%D0%BC%D0%B0%D0%BD%D0%B8%D1%82%D0%B0%D1%80%D0%BD%D1%8B%D0%B5%20%D0%BD%D0%B0%D1%83%D0%BA%D0%B8.%20%D0%98%D1%81%D1%82%D0%BE%D1%80%D0%B8%D1%87%D0%B5%D1%81%D0%BA%D0%B8%D0%B5%20%D0%BD%D0%B0%D1%83%D0%BA%D0%B8%20%D0%B8%20%D0%BF%D0%BE%D0%BB%D0%B8%D1%82%D0%BE%D0%BB%D0%BE%D0%B3%D0%B8%D1%8F%2C%20%D1%87%D0%B0%D1%81%D1%82%D1%8C%201%2C2021.pdf.  Discarding.  
	Result [33]  Processing URL https://www.primakovreadings.com/files/File/ru/PrimakovReadings/2020/Stenogramma.pdf
		Blacklisted url: https://www.primakovreadings.com/files/File/ru/PrimakovReadings/2020/Stenogramma.pdf.  Discarding.  
	Result [34]  Processing URL https://dsvf.ru/docs/Sbornik_Primakov.pdf
		Blacklisted url: https://dsvf.ru/docs/Sbornik_Primakov.pdf.  Discarding.  
	Result [35]  Processing URL http://www.pmedpharm.ru/sveden/files/B1.B.02_UMM_Istoriya_2020.pdf
		Date found in the API results: 2021-01-27T00:00:00
		Blacklisted url: http://www.pmedpharm.ru/sveden/files/B1.B.02_UMM_Istoriya_2020.pdf.  Discarding.  
	Result [36]  Processing URL https://glavred.info/politics/286198-ato-vtorzhenie-rossii-i-peremirie-na-donbasse-glavnye-podrobnosti.html
		Date found in the API results: 2014-09-19T00:00:00
		Date found in the content of the page: None
		Different. The content of https://asd.news/news/v-sovbeze-rossii-schitayut-chto-kiev-mozhet-poyti-na-voennuyu-avantyuru-v-krymu-s-pozvoleniya-ssha/ has distance with https://glavred.info/politics/286198-ato-vtorzhenie-rossii-i-peremirie-na-donbasse-glavnye-podrobnosti.html of: 0.2863. Discarding.
	Result [37]  Processing URL https://sc.mil.ru/files/morf/military/archive/rvo_2017-10_120.pdf
		Date found in the API results: 2017-10-01T00:00:00
		Blacklisted url: https://sc.mil.ru/files/morf/military/archive/rvo_2017-10_120.pdf.  Discarding.  
	Result [38]  Processing URL http://ysu.am/files/National_Security.pdf
		Blacklisted url: http://ysu.am/files/National_Security.pdf.  Discarding.  
	Result [39]  Processing URL https://zounb.zp.ua/resourse/zaporizkyy-kray/iz-dorobku-zaporizhciv/oleg-zoin/publicistika/otvyazannoe-zlo
		Different. The content of https://asd.news/news/v-sovbeze-rossii-schitayut-chto-kiev-mozhet-poyti-na-voennuyu-avantyuru-v-krymu-s-pozvoleniya-ssha/ has distance with https://zounb.zp.ua/resourse/zaporizkyy-kray/iz-dorobku-zaporizhciv/oleg-zoin/publicistika/otvyazannoe-zlo of: 0.2845. Discarding.
	Result [40]  Processing URL https://vumo.mil.ru/upload/site57/FnwXRBZ1oq.pdf
		Blacklisted url: https://vumo.mil.ru/upload/site57/FnwXRBZ1oq.pdf.  Discarding.  
	Result [41]  Processing URL https://cchgeu.ru/upload/iblock/cab/sbornik-2019.pdf
		Date found in the API results: 2019-12-11T00:00:00
		Blacklisted url: https://cchgeu.ru/upload/iblock/cab/sbornik-2019.pdf.  Discarding.  
	Result [42]  Processing URL http://dissovet.rudn.ru/web-local/prep/rj/dis/download.php?file=778b76a06bc1a99a8ed0fd95e2f94d3a16008
		Different. The content of https://asd.news/news/v-sovbeze-rossii-schitayut-chto-kiev-mozhet-poyti-na-voennuyu-avantyuru-v-krymu-s-pozvoleniya-ssha/ has distance with http://dissovet.rudn.ru/web-local/prep/rj/dis/download.php?file=778b76a06bc1a99a8ed0fd95e2f94d3a16008 of: 0.1757. Discarding.
	Result [43]  Processing URL https://www.instituteofeurope.ru/kommentarii/kommentarii-2015-2018-gg
		Date found in the content of the page: None
		The content of https://asd.news/news/v-sovbeze-rossii-schitayut-chto-kiev-mozhet-poyti-na-voennuyu-avantyuru-v-krymu-s-pozvoleniya-ssha/ has distance with https://www.instituteofeurope.ru/kommentarii/kommentarii-2015-2018-gg of : 0.3184. Keeping.
		Adding to DB the URL https://www.instituteofeurope.ru/kommentarii/kommentarii-2015-2018-gg
	Result [44]  Processing URL https://diplog.ru/news/buduschee-rossii---celi-i-zadachi/2018-03-06-63
		Date found in the API results: 2018-03-06T00:00:00
		The content of https://asd.news/news/v-sovbeze-rossii-schitayut-chto-kiev-mozhet-poyti-na-voennuyu-avantyuru-v-krymu-s-pozvoleniya-ssha/ has distance with https://diplog.ru/news/buduschee-rossii---celi-i-zadachi/2018-03-06-63 of : 0.3355. Keeping.
		Adding to DB the URL https://diplog.ru/news/buduschee-rossii---celi-i-zadachi/2018-03-06-63
	Result [45]  Processing URL http://clubadmiral.ru/alm2/alm_2.pdf
		Blacklisted url: http://clubadmiral.ru/alm2/alm_2.pdf.  Discarding.  
	Result [46]  Processing URL https://www.ivran.ru/f/Dissertaciya_Babayana_D.K..pdf
		Blacklisted url: https://www.ivran.ru/f/Dissertaciya_Babayana_D.K..pdf.  Discarding.  
	Result [47]  Processing URL https://xn----7sbb5ahj4aiadq2m.xn--p1ai/others/prewar4.shtml
		! Error in getting content due to a Connection Error. Port closed, web down?
		The content of the pages were not string. Verify.
		Different. The content of https://asd.news/news/v-sovbeze-rossii-schitayut-chto-kiev-mozhet-poyti-na-voennuyu-avantyuru-v-krymu-s-pozvoleniya-ssha/ has distance with https://xn----7sbb5ahj4aiadq2m.xn--p1ai/others/prewar4.shtml of: False. Discarding.
	Result [48]  Processing URL https://timeze2019.blogspot.com/p/blog-page_74.html
		Date found in the API results: 2020-12-09T00:00:00
		Different. The content of https://asd.news/news/v-sovbeze-rossii-schitayut-chto-kiev-mozhet-poyti-na-voennuyu-avantyuru-v-krymu-s-pozvoleniya-ssha/ has distance with https://timeze2019.blogspot.com/p/blog-page_74.html of: 0.2589. Discarding.
	Result [49]  Processing URL http://berpt.ru/vospitatelnaya-rabota/aktualnye-meropriyatiya/1130-falsifikatory-istorii-i-tretya-mirovaya-vojna
		Date found in the content of the page: None
		Different. The content of https://asd.news/news/v-sovbeze-rossii-schitayut-chto-kiev-mozhet-poyti-na-voennuyu-avantyuru-v-krymu-s-pozvoleniya-ssha/ has distance with http://berpt.ru/vospitatelnaya-rabota/aktualnye-meropriyatiya/1130-falsifikatory-istorii-i-tretya-mirovaya-vojna of: 0.2936. Discarding.
	Result [50]  Processing URL https://www.imemo.ru/files/File/ru/publ/2016/Yearbook%202016.pdf
		Blacklisted url: https://www.imemo.ru/files/File/ru/publ/2016/Yearbook%202016.pdf.  Discarding.  
	Result [51]  Processing URL https://www.ncfu.ru/export/uploads/Dokumenty-Nauka/materialy-foruma-kavkaz-v-nachale-xxi-veka-narody-obshchestvo-i-gosudarstvo-tom-1_15-16.11.2016.pdf
		Date found in the API results: 2016-11-16T00:00:00
		Blacklisted url: https://www.ncfu.ru/export/uploads/Dokumenty-Nauka/materialy-foruma-kavkaz-v-nachale-xxi-veka-narody-obshchestvo-i-gosudarstvo-tom-1_15-16.11.2016.pdf.  Discarding.  
	Result [52]  Processing URL http://www.ipk.ru/ftpgetfile.php?id=87
		! Error in getting content due to a Connection Error. Port closed, web down?
		The content of the pages were not string. Verify.
		Different. The content of https://asd.news/news/v-sovbeze-rossii-schitayut-chto-kiev-mozhet-poyti-na-voennuyu-avantyuru-v-krymu-s-pozvoleniya-ssha/ has distance with http://www.ipk.ru/ftpgetfile.php?id=87 of: False. Discarding.
	Result [53]  Processing URL https://nlp.stanford.edu/data/CoNLL17_Parser_Models/Russian-SynTagRus/Russian-SynTagRus-Tagger/words.txt
		Date found in the content of the page: None
		Different. The content of https://asd.news/news/v-sovbeze-rossii-schitayut-chto-kiev-mozhet-poyti-na-voennuyu-avantyuru-v-krymu-s-pozvoleniya-ssha/ has distance with https://nlp.stanford.edu/data/CoNLL17_Parser_Models/Russian-SynTagRus/Russian-SynTagRus-Tagger/words.txt of: 0.0434. Discarding.
	Result [54]  Processing URL https://elib.bsu.by/bitstream/123456789/259344/1/Tihomirov.pdf
		Blacklisted url: https://elib.bsu.by/bitstream/123456789/259344/1/Tihomirov.pdf.  Discarding.  
	Result [55]  Processing URL http://www.noravank.am/rus/articles/list.php?SHOWALL_1=1&SECTION_ID=169
		The content of https://asd.news/news/v-sovbeze-rossii-schitayut-chto-kiev-mozhet-poyti-na-voennuyu-avantyuru-v-krymu-s-pozvoleniya-ssha/ has distance with http://www.noravank.am/rus/articles/list.php?SHOWALL_1=1&SECTION_ID=169 of : 0.4339. Keeping.
		Adding to DB the URL http://www.noravank.am/rus/articles/list.php?SHOWALL_1=1&SECTION_ID=169
	Result [56]  Processing URL https://www.rubaltic.ru/article/?author=&SHOWALL_1=1&bxajaxid=ccf4e94a172ae20d56c636996f53ab87
		! Timeout waiting for the web server to answer.  We ignore and continue.
		The content of the pages were not string. Verify.
		Different. The content of https://asd.news/news/v-sovbeze-rossii-schitayut-chto-kiev-mozhet-poyti-na-voennuyu-avantyuru-v-krymu-s-pozvoleniya-ssha/ has distance with https://www.rubaltic.ru/article/?author=&SHOWALL_1=1&bxajaxid=ccf4e94a172ae20d56c636996f53ab87 of: False. Discarding.
	Result [57]  Processing URL https://www.academia.edu/45147011/
		Different. The content of https://asd.news/news/v-sovbeze-rossii-schitayut-chto-kiev-mozhet-poyti-na-voennuyu-avantyuru-v-krymu-s-pozvoleniya-ssha/ has distance with https://www.academia.edu/45147011/ of: 0.2496. Discarding.
	Result [58]  Processing URL https://bigenc.ru/domestic_history/text/5610195
		Date found in the content of the page: None
		The content of https://asd.news/news/v-sovbeze-rossii-schitayut-chto-kiev-mozhet-poyti-na-voennuyu-avantyuru-v-krymu-s-pozvoleniya-ssha/ has distance with https://bigenc.ru/domestic_history/text/5610195 of : 0.3121. Keeping.
		Adding to DB the URL https://bigenc.ru/domestic_history/text/5610195
	Result [59]  Processing URL http://www.imepi-eurasia.ru/baner/VNI_OMEPI_3_2014.pdf
		Blacklisted url: http://www.imepi-eurasia.ru/baner/VNI_OMEPI_3_2014.pdf.  Discarding.  
	Result [60]  Processing URL http://www.imepi-eurasia.ru/baner/VNI_OMEPI_3_2014.pdf
		Blacklisted url: http://www.imepi-eurasia.ru/baner/VNI_OMEPI_3_2014.pdf.  Discarding.  
	Result [61]  Processing URL http://pravorf.org/index.php/itemlist?start=135
		Date found in the content of the page: None
		The content of https://asd.news/news/v-sovbeze-rossii-schitayut-chto-kiev-mozhet-poyti-na-voennuyu-avantyuru-v-krymu-s-pozvoleniya-ssha/ has distance with http://pravorf.org/index.php/itemlist?start=135 of : 0.3215. Keeping.
		Adding to DB the URL http://pravorf.org/index.php/itemlist?start=135
	Result [62]  Processing URL https://army.ric.mil.ru/upload/site175/YnE1LAxWMe.pdf
		Blacklisted url: https://army.ric.mil.ru/upload/site175/YnE1LAxWMe.pdf.  Discarding.  
	Result [63]  Processing URL http://www.rni.am/rus/articles/list.php?SHOWALL_1=1&SECTION_ID=169
		The content of https://asd.news/news/v-sovbeze-rossii-schitayut-chto-kiev-mozhet-poyti-na-voennuyu-avantyuru-v-krymu-s-pozvoleniya-ssha/ has distance with http://www.rni.am/rus/articles/list.php?SHOWALL_1=1&SECTION_ID=169 of : 0.4335. Keeping.
		Adding to DB the URL http://www.rni.am/rus/articles/list.php?SHOWALL_1=1&SECTION_ID=169
	Result [64]  Processing URL https://vk.com/midpetrozavodsk
		Date found in the content of the page: None
		Different. The content of https://asd.news/news/v-sovbeze-rossii-schitayut-chto-kiev-mozhet-poyti-na-voennuyu-avantyuru-v-krymu-s-pozvoleniya-ssha/ has distance with https://vk.com/midpetrozavodsk of: 0.2505. Discarding.
	Result [65]  Processing URL https://spravedlivo.ru/7540810
		Date found in the content of the page: None
		Different. The content of https://asd.news/news/v-sovbeze-rossii-schitayut-chto-kiev-mozhet-poyti-na-voennuyu-avantyuru-v-krymu-s-pozvoleniya-ssha/ has distance with https://spravedlivo.ru/7540810 of: 0.1334. Discarding.
	Result [66]  Processing URL http://academy-skrf.ru/science/publishing/collection_of_forums/2016/sb24.11.16.pdf
		Blacklisted url: http://academy-skrf.ru/science/publishing/collection_of_forums/2016/sb24.11.16.pdf.  Discarding.  
	Result [67]  Processing URL https://m.roem.ru/03-10-2016/233977/bezvlastie-i-konsultacii/
		Date found in the API results: 2016-10-03T00:00:00
		Different. The content of https://asd.news/news/v-sovbeze-rossii-schitayut-chto-kiev-mozhet-poyti-na-voennuyu-avantyuru-v-krymu-s-pozvoleniya-ssha/ has distance with https://m.roem.ru/03-10-2016/233977/bezvlastie-i-konsultacii/ of: 0.2542. Discarding.
	Result [68]  Processing URL http://mfa-pmr.org/sites/default/files/publish/pdf/midn771.pdf
		Blacklisted url: http://mfa-pmr.org/sites/default/files/publish/pdf/midn771.pdf.  Discarding.  
	Result [69]  Processing URL http://www.sov-europe.ru/images/pdf/2015/04-2015.pdf
		Blacklisted url: http://www.sov-europe.ru/images/pdf/2015/04-2015.pdf.  Discarding.  
	Result [70]  Processing URL https://bashedu.ru/sites/default/files/upload/639/files/mir-evrazii-2020-t-2.pdf
		Blacklisted url: https://bashedu.ru/sites/default/files/upload/639/files/mir-evrazii-2020-t-2.pdf.  Discarding.  
	Result [71]  Processing URL http://www.sov-europe.ru/images/pdf/2015/01-2015.pdf
		Blacklisted url: http://www.sov-europe.ru/images/pdf/2015/01-2015.pdf.  Discarding.  
	Result [72]  Processing URL http://xn--h1aauh.xn--p1ai/wp-content/uploads/2020/03/%D0%9C%D0%B5%D1%81%D1%81%D0%B8%D1%8F....pdf
		Blacklisted url: http://xn--h1aauh.xn--p1ai/wp-content/uploads/2020/03/%D0%9C%D0%B5%D1%81%D1%81%D0%B8%D1%8F....pdf.  Discarding.  
	Result [73]  Processing URL https://old.khodorkovsky.ru/mbk/articles_and_interview/18814.html
		Date found in the content of the page: None
		Different. The content of https://asd.news/news/v-sovbeze-rossii-schitayut-chto-kiev-mozhet-poyti-na-voennuyu-avantyuru-v-krymu-s-pozvoleniya-ssha/ has distance with https://old.khodorkovsky.ru/mbk/articles_and_interview/18814.html of: 0.2428. Discarding.
	Result [74]  Processing URL https://newsruword.ru/sitemap/
		Date found in the content of the page: None
		Different. The content of https://asd.news/news/v-sovbeze-rossii-schitayut-chto-kiev-mozhet-poyti-na-voennuyu-avantyuru-v-krymu-s-pozvoleniya-ssha/ has distance with https://newsruword.ru/sitemap/ of: 0.047109207708779445. Discarding.
	Result [75]  Processing URL http://www.igpran.ru/upload/iblock/6ab/C%D0%B1%D0%BE%D1%80%D0%BD%D0%B8%D0%BA%20%D0%BD%D0%B0%D1%83%D1%87%D0%BD%D1%8B%D1%85%20%D0%B4%D0%BE%D0%BA%D0%BB%D0%B0%D0%B4%D0%BE%D0%B2%20%D0%B8%20%D0%B2%D1%8B%D1%81%D1%82%D1%83%D0%BF%D0%BB%D0%B5%D0%BD%D0%B8%D0%B9.pdf
		Blacklisted url: http://www.igpran.ru/upload/iblock/6ab/C%D0%B1%D0%BE%D1%80%D0%BD%D0%B8%D0%BA%20%D0%BD%D0%B0%D1%83%D1%87%D0%BD%D1%8B%D1%85%20%D0%B4%D0%BE%D0%BA%D0%BB%D0%B0%D0%B4%D0%BE%D0%B2%20%D0%B8%20%D0%B2%D1%8B%D1%81%D1%82%D1%83%D0%BF%D0%BB%D0%B5%D0%BD%D0%B8%D0%B9.pdf.  Discarding.  
	Result [76]  Processing URL https://dou.ua/forums/topic/9946/
		Date found in the API results: 2014-05-22T00:00:00
		Date found in the content of the page: None
		Different. The content of https://asd.news/news/v-sovbeze-rossii-schitayut-chto-kiev-mozhet-poyti-na-voennuyu-avantyuru-v-krymu-s-pozvoleniya-ssha/ has distance with https://dou.ua/forums/topic/9946/ of: 0.027794204612655235. Discarding.
	Result [77]  Processing URL http://scilla.ru/works/knigi/vozhdi.doc
		Date found in the content of the page: None
		Different. The content of https://asd.news/news/v-sovbeze-rossii-schitayut-chto-kiev-mozhet-poyti-na-voennuyu-avantyuru-v-krymu-s-pozvoleniya-ssha/ has distance with http://scilla.ru/works/knigi/vozhdi.doc of: 0.0781. Discarding.
	Result [78]  Processing URL https://www.profinance.ru/news/2014/03/01/ao62-reshenie-etsb-i-dannye-ssha-v-fokuse-fx.html
		Date found in the API results: 2014-03-01T00:00:00
		Different. The content of https://asd.news/news/v-sovbeze-rossii-schitayut-chto-kiev-mozhet-poyti-na-voennuyu-avantyuru-v-krymu-s-pozvoleniya-ssha/ has distance with https://www.profinance.ru/news/2014/03/01/ao62-reshenie-etsb-i-dannye-ssha-v-fokuse-fx.html of: 0.2798. Discarding.
	Result [79]  Processing URL https://spb.ranepa.ru/wp-content/uploads/2021/01/ac_2018_5.pdf
		Blacklisted url: https://spb.ranepa.ru/wp-content/uploads/2021/01/ac_2018_5.pdf.  Discarding.  
	Result [80]  Processing URL https://habr.com/ru/company/flant/blog/433754/
		Date found in the API results: 2018-12-20T00:00:00
		! Error getting the content of the web.
		! signed integer is greater than maximum
		<class 'OverflowError'>
		The content of the pages were not string. Verify.
		Different. The content of https://asd.news/news/v-sovbeze-rossii-schitayut-chto-kiev-mozhet-poyti-na-voennuyu-avantyuru-v-krymu-s-pozvoleniya-ssha/ has distance with https://habr.com/ru/company/flant/blog/433754/ of: False. Discarding.
	Result [81]  Processing URL https://spb.ranepa.ru/wp-content/uploads/2021/01/ac_2018_5.pdf
		Blacklisted url: https://spb.ranepa.ru/wp-content/uploads/2021/01/ac_2018_5.pdf.  Discarding.  
	Result [82]  Processing URL https://rua.gr/sitemap.html
		! Timeout waiting for the web server to answer.  We ignore and continue.
		The content of the pages were not string. Verify.
		Different. The content of https://asd.news/news/v-sovbeze-rossii-schitayut-chto-kiev-mozhet-poyti-na-voennuyu-avantyuru-v-krymu-s-pozvoleniya-ssha/ has distance with https://rua.gr/sitemap.html of: False. Discarding.
	Result [83]  Processing URL http://scienceport.ru/matherials/?special=N&SHOWALL_2=1
		Date found in the API results: 2020-01-30T00:00:00
		! Timeout waiting for the web server to answer.  We ignore and continue.
		The content of the pages were not string. Verify.
		Different. The content of https://asd.news/news/v-sovbeze-rossii-schitayut-chto-kiev-mozhet-poyti-na-voennuyu-avantyuru-v-krymu-s-pozvoleniya-ssha/ has distance with http://scienceport.ru/matherials/?special=N&SHOWALL_2=1 of: False. Discarding.
	Result [84]  Processing URL https://compromat.ws/pochemu-do-sih-por-ne-nashlos-zhelayushhih-vlozhitsya-v-igornyj-biznes-v-krymu/
		Date found in the API results: 2021-05-20T00:00:00
		! Error in getting content due to a Connection Error. Port closed, web down?
		The content of the pages were not string. Verify.
		Different. The content of https://asd.news/news/v-sovbeze-rossii-schitayut-chto-kiev-mozhet-poyti-na-voennuyu-avantyuru-v-krymu-s-pozvoleniya-ssha/ has distance with https://compromat.ws/pochemu-do-sih-por-ne-nashlos-zhelayushhih-vlozhitsya-v-igornyj-biznes-v-krymu/ of: False. Discarding.
	Result [85]  Processing URL http://norma-spb.com/book/Goltch_book.pdf
		Blacklisted url: http://norma-spb.com/book/Goltch_book.pdf.  Discarding.  
	Result [86]  Processing URL https://alleuropa.ru/?number=109
		Date found in the content of the page: None
		Different. The content of https://asd.news/news/v-sovbeze-rossii-schitayut-chto-kiev-mozhet-poyti-na-voennuyu-avantyuru-v-krymu-s-pozvoleniya-ssha/ has distance with https://alleuropa.ru/?number=109 of: 0.2935. Discarding.
	Result [87]  Processing URL https://berkovich-zametki.com/Guestbook/guestbook_mar2014_1.html
		Date found in the API results: 2014-03-04T00:00:00
		Date found in the content of the page: None
		Different. The content of https://asd.news/news/v-sovbeze-rossii-schitayut-chto-kiev-mozhet-poyti-na-voennuyu-avantyuru-v-krymu-s-pozvoleniya-ssha/ has distance with https://berkovich-zametki.com/Guestbook/guestbook_mar2014_1.html of: 0.2657. Discarding.
	Result [88]  Processing URL https://energynews.su/sitemap.html
		The content of https://asd.news/news/v-sovbeze-rossii-schitayut-chto-kiev-mozhet-poyti-na-voennuyu-avantyuru-v-krymu-s-pozvoleniya-ssha/ has distance with https://energynews.su/sitemap.html of : 0.3193. Keeping.
		Adding to DB the URL https://energynews.su/sitemap.html
	Result [89]  Processing URL https://www.gup.ru/events/news/smi/Lich_sbornik_2018_ru.pdf
		Blacklisted url: https://www.gup.ru/events/news/smi/Lich_sbornik_2018_ru.pdf.  Discarding.  
	Result [90]  Processing URL https://www.gup.ru/events/news/smi/Lich_sbornik_2018_ru.pdf
		Blacklisted url: https://www.gup.ru/events/news/smi/Lich_sbornik_2018_ru.pdf.  Discarding.  
	Result [91]  Processing URL https://coollib.com/b/490459-katerina-andreeva-belaruskiy-donbass/read
		Date found in the content of the page: None
		Different. The content of https://asd.news/news/v-sovbeze-rossii-schitayut-chto-kiev-mozhet-poyti-na-voennuyu-avantyuru-v-krymu-s-pozvoleniya-ssha/ has distance with https://coollib.com/b/490459-katerina-andreeva-belaruskiy-donbass/read of: 0.027794204612655235. Discarding.
	Result [92]  Processing URL https://newsua.ru/sitemap
		Blacklisted url: https://newsua.ru/sitemap.  Discarding.  
	Result [93]  Processing URL https://dn.depo.ua/rus/donetsk/pidsumki-tizhnya-v-dnr-smert-stirola-ta-igri-u-viyskoviy-30102016200000
		Date found in the API results: 2016-10-30T00:00:00
		Different. The content of https://asd.news/news/v-sovbeze-rossii-schitayut-chto-kiev-mozhet-poyti-na-voennuyu-avantyuru-v-krymu-s-pozvoleniya-ssha/ has distance with https://dn.depo.ua/rus/donetsk/pidsumki-tizhnya-v-dnr-smert-stirola-ta-igri-u-viyskoviy-30102016200000 of: 0.2623. Discarding.
	Result [94]  Processing URL http://library.khpg.org/files/docs/1368711071.pdf
		Blacklisted url: http://library.khpg.org/files/docs/1368711071.pdf.  Discarding.  
	Result [95]  Processing URL http://elar.uspu.ru/bitstream/uspu/3708/1/21Marbakh.pdf
		Blacklisted url: http://elar.uspu.ru/bitstream/uspu/3708/1/21Marbakh.pdf.  Discarding.  
	Result [96]  Processing URL http://ualife.net/karta-sajta/
		! Timeout waiting for the web server to answer.  We ignore and continue.
		The content of the pages were not string. Verify.
		Different. The content of https://asd.news/news/v-sovbeze-rossii-schitayut-chto-kiev-mozhet-poyti-na-voennuyu-avantyuru-v-krymu-s-pozvoleniya-ssha/ has distance with http://ualife.net/karta-sajta/ of: False. Discarding.
	Result [97]  Processing URL https://sibsutis.ru/d/physics/docs/webdav_bizproc_history_get/1675771/1675771/
		Date found in the API results: 2015-04-24T00:00:00
		! Error in getting content due to a Connection Error. Port closed, web down?
		The content of the pages were not string. Verify.
		Different. The content of https://asd.news/news/v-sovbeze-rossii-schitayut-chto-kiev-mozhet-poyti-na-voennuyu-avantyuru-v-krymu-s-pozvoleniya-ssha/ has distance with https://sibsutis.ru/d/physics/docs/webdav_bizproc_history_get/1675771/1675771/ of: False. Discarding.
	Result [98]  Processing URL https://kpfu.ru/portal/docs/F_135567348/Tom.3.Sbornik.statej.2015.pdf
		Blacklisted url: https://kpfu.ru/portal/docs/F_135567348/Tom.3.Sbornik.statej.2015.pdf.  Discarding.  
	Result [99]  Processing URL http://kpfu.ru/portal/ias_utils.file_download?p_table_id=4&p_file=F890345617/356_11._.IMOIV._Islam_._Egipet_Rossiya._.MAKET._.02.12.2016._.pdf
		Blacklisted url: http://kpfu.ru/portal/ias_utils.file_download?p_table_id=4&p_file=F890345617/356_11._.IMOIV._Islam_._Egipet_Rossiya._.MAKET._.02.12.2016._.pdf.  Discarding.  
	Result [100]  Processing URL https://www.putin-itogi.ru/putin-voina/
		Date found in the API results: 2015-05-09T00:00:00
		Date found in the content of the page: None
		Different. The content of https://asd.news/news/v-sovbeze-rossii-schitayut-chto-kiev-mozhet-poyti-na-voennuyu-avantyuru-v-krymu-s-pozvoleniya-ssha/ has distance with https://www.putin-itogi.ru/putin-voina/ of: 0.2954. Discarding.
	Result [101]  Processing URL https://www.mk.ru/politics/2016/06/14/prezidentom-izbrali-zyuganova-glava-mvd-pri-elcine-raskryl-tayny-devyanostykh.html
		Date found in the API results: 2016-06-14T00:00:00
		Different. The content of https://asd.news/news/v-sovbeze-rossii-schitayut-chto-kiev-mozhet-poyti-na-voennuyu-avantyuru-v-krymu-s-pozvoleniya-ssha/ has distance with https://www.mk.ru/politics/2016/06/14/prezidentom-izbrali-zyuganova-glava-mvd-pri-elcine-raskryl-tayny-devyanostykh.html of: 0.253. Discarding.
	Result [102]  Processing URL http://anl.az/el_ru/2019/11/cd/Ap2018-270.pdf
		Blacklisted url: http://anl.az/el_ru/2019/11/cd/Ap2018-270.pdf.  Discarding.  
	Result [103]  Processing URL https://echo.msk.ru/programs/personalno/769514-echo/comments/
		Date found in the API results: 2011-04-27T00:00:00
		Different. The content of https://asd.news/news/v-sovbeze-rossii-schitayut-chto-kiev-mozhet-poyti-na-voennuyu-avantyuru-v-krymu-s-pozvoleniya-ssha/ has distance with https://echo.msk.ru/programs/personalno/769514-echo/comments/ of: 0.2953. Discarding.
	Result [104]  Processing URL https://apostrophe.ua/news/society/2021-04-23/otvod-voysk-ne-tuda-rossiyskuyu-tehniku-zametili-v-neojidannom-meste/229970
		Date found in the API results: 2021-04-23T00:00:00
		Date found in the URL: 2021-04-23 00:00:00
		Different. The content of https://asd.news/news/v-sovbeze-rossii-schitayut-chto-kiev-mozhet-poyti-na-voennuyu-avantyuru-v-krymu-s-pozvoleniya-ssha/ has distance with https://apostrophe.ua/news/society/2021-04-23/otvod-voysk-ne-tuda-rossiyskuyu-tehniku-zametili-v-neojidannom-meste/229970 of: 0.2523521334486091. Discarding.
	Result [105]  Processing URL https://interaffairs.ru/virtualread/ia_rus/32019/files/assets/downloads/publication.pdf
		Date found in the API results: 2019-03-08T00:00:00
		Blacklisted url: https://interaffairs.ru/virtualread/ia_rus/32019/files/assets/downloads/publication.pdf.  Discarding.  
	Result [106]  Processing URL http://vestnik-brgu.ru/wp-content/numbers/v2012_21.pdf
		Blacklisted url: http://vestnik-brgu.ru/wp-content/numbers/v2012_21.pdf.  Discarding.  
	Result [107]  Processing URL https://ostannipodii.com/ru/a/202104/v_minoborony_rf_podtverdili_chto_vvodili_regulyarnye_voyska_na_vostok_ukrainy-110021702/
		Date found in the API results: 2021-04-08T00:00:00
		Different. The content of https://asd.news/news/v-sovbeze-rossii-schitayut-chto-kiev-mozhet-poyti-na-voennuyu-avantyuru-v-krymu-s-pozvoleniya-ssha/ has distance with https://ostannipodii.com/ru/a/202104/v_minoborony_rf_podtverdili_chto_vvodili_regulyarnye_voyska_na_vostok_ukrainy-110021702/ of: 0.2749. Discarding.
	Result [108]  Processing URL http://www.kgau.ru/new/all/science/04/content3/zakon_2_2019.pdf
		Blacklisted url: http://www.kgau.ru/new/all/science/04/content3/zakon_2_2019.pdf.  Discarding.  

== Level 0. Twitter search by title as В Совбезе России считают, что Киев может пойти на военную авантюру в Крыму с позволения США | Новости | Аналитическая служба Донбасса
https://api.twitter.com/2/tweets/search/all?query=%22%D0%92+%D0%A1%D0%BE%D0%B2%D0%B1%D0%B5%D0%B7%D0%B5+%D0%A0%D0%BE%D1%81%D1%81%D0%B8%D0%B8+%D1%81%D1%87%D0%B8%D1%82%D0%B0%D1%8E%D1%82%2C+%D1%87%D1%82%D0%BE+%D0%9A%D0%B8%D0%B5%D0%B2+%D0%BC%D0%BE%D0%B6%D0%B5%D1%82+%D0%BF%D0%BE%D0%B9%D1%82%D0%B8+%D0%BD%D0%B0+%D0%B2%D0%BE%D0%B5%D0%BD%D0%BD%D1%83%D1%8E+%D0%B0%D0%B2%D0%B0%D0%BD%D1%82%D1%8E%D1%80%D1%83+%D0%B2+%D0%9A%D1%80%D1%8B%D0%BC%D1%83+%D1%81+%D0%BF%D0%BE%D0%B7%D0%B2%D0%BE%D0%BB%D0%B5%D0%BD%D0%B8%D1%8F+%D0%A1%D0%A8%D0%90+%7C+%D0%9D%D0%BE%D0%B2%D0%BE%D1%81%D1%82%D0%B8+%7C+%D0%90%D0%BD%D0%B0%D0%BB%D0%B8%D1%82%D0%B8%D1%87%D0%B5%D1%81%D0%BA%D0%B0%D1%8F+%D1%81%D0%BB%D1%83%D0%B6%D0%B1%D0%B0+%D0%94%D0%BE%D0%BD%D0%B1%D0%B0%D1%81%D1%81%D0%B0%22&max_results=100&tweet.fields=author_id%2Cpublic_metrics%2Ccreated_at&start_time=2018-07-13T19%3A05%3A09.665663Z
	Downloaded 0 twitter content

== Level 0. VK search by title as В Совбезе России считают, что Киев может пойти на военную авантюру в Крыму с позволения США | Новости | Аналитическая служба Донбасса
In total was found 0
