Searching the distribution graph of URL https://sputnik-ossetia.ru/radio/20210513/12214396/Ugroza-zhizni-zachem-Pentagonu-biolaboratorii-v-Gruzii.html. Using 1 levels.

		Date found in the URL: 2021-05-13 00:00:00
Main title: Угроза жизни: зачем Пентагону биолаборатории в Грузии
In level 0 were found 1 urls including original

== Level 0. Google search by LINKS to https://sputnik-ossetia.ru/radio/20210513/12214396/Ugroza-zhizni-zachem-Pentagonu-biolaboratorii-v-Gruzii.html
	Total amount of results retrieved: 1
	Result [1]  Processing URL https://sputnik-ossetia.ru/radio/20210513/12214396/Ugroza-zhizni-zachem-Pentagonu-biolaboratorii-v-Gruzii.html
		Date found in the API results: 2021-05-13T00:00:00
		Repeated url: https://sputnik-ossetia.ru/radio/20210513/12214396/Ugroza-zhizni-zachem-Pentagonu-biolaboratorii-v-Gruzii.html.  Discarding.  
		Date found in the API results: 2021-05-13T00:00:00

== Level 0. Twitter search by LINKS as https://sputnik-ossetia.ru/radio/20210513/12214396/Ugroza-zhizni-zachem-Pentagonu-biolaboratorii-v-Gruzii.html
https://api.twitter.com/2/tweets/search/all?query=url+%3A+https%253A%252F%252Fsputnik-ossetia.ru%252Fradio%252F20210513%252F12214396%252FUgroza-zhizni-zachem-Pentagonu-biolaboratorii-v-Gruzii.html&max_results=100&tweet.fields=author_id%2Cpublic_metrics%2Ccreated_at&start_time=2020-07-12T18%3A57%3A30.897422Z
	Downloaded 0 twitter content

== Level 0. VK search by LINKS as https://sputnik-ossetia.ru/radio/20210513/12214396/Ugroza-zhizni-zachem-Pentagonu-biolaboratorii-v-Gruzii.html
	Result [0]  Processing URL https://vk.com/id270329389?w=wall270329389_8312. Date: 2021-05-14 09:05:56
In total was found 1

== Level 0. Google search by TITLE as Угроза жизни: зачем Пентагону биолаборатории в Грузии
	Total amount of results retrieved: 55
	Result [1]  Processing URL https://sputnik-ossetia.ru/radio/20210513/12214396/Ugroza-zhizni-zachem-Pentagonu-biolaboratorii-v-Gruzii.html
		Repeated url: https://sputnik-ossetia.ru/radio/20210513/12214396/Ugroza-zhizni-zachem-Pentagonu-biolaboratorii-v-Gruzii.html.  Discarding.  
	Result [2]  Processing URL https://eadaily.com/ru/news/2018/01/23/sekretnye-biolaboratorii-pentagona-u-granic-rossii-rassledovanie
		Date found in the API results: 2018-01-23T00:00:00
		The content of https://sputnik-ossetia.ru/radio/20210513/12214396/Ugroza-zhizni-zachem-Pentagonu-biolaboratorii-v-Gruzii.html has distance with https://eadaily.com/ru/news/2018/01/23/sekretnye-biolaboratorii-pentagona-u-granic-rossii-rassledovanie of : 0.304. Keeping.
		Adding to DB the URL https://eadaily.com/ru/news/2018/01/23/sekretnye-biolaboratorii-pentagona-u-granic-rossii-rassledovanie
	Result [3]  Processing URL https://lenta.ru/news/2020/06/29/biolab/
		Date found in the API results: 2020-06-29T00:00:00
		Date found in the URL: 2020-06-29 00:00:00
		Different. The content of https://sputnik-ossetia.ru/radio/20210513/12214396/Ugroza-zhizni-zachem-Pentagonu-biolaboratorii-v-Gruzii.html has distance with https://lenta.ru/news/2020/06/29/biolab/ of: 0.2592. Discarding.
	Result [4]  Processing URL https://lenta.ru/articles/2020/06/16/biolab/
		Date found in the API results: 2020-06-16T00:00:00
		Date found in the URL: 2020-06-16 00:00:00
		Different. The content of https://sputnik-ossetia.ru/radio/20210513/12214396/Ugroza-zhizni-zachem-Pentagonu-biolaboratorii-v-Gruzii.html has distance with https://lenta.ru/articles/2020/06/16/biolab/ of: 0.258. Discarding.
	Result [5]  Processing URL https://www.mk.ru/politics/2020/05/05/pentagon-okruzhil-rossiyu-poyasom-sekretnykh-biolaboratoriy.html
		Date found in the API results: 2020-05-05T00:00:00
		Date found in the URL: 2020-05-05 00:00:00
		Different. The content of https://sputnik-ossetia.ru/radio/20210513/12214396/Ugroza-zhizni-zachem-Pentagonu-biolaboratorii-v-Gruzii.html has distance with https://www.mk.ru/politics/2020/05/05/pentagon-okruzhil-rossiyu-poyasom-sekretnykh-biolaboratoriy.html of: 0.2824. Discarding.
	Result [6]  Processing URL https://www.gazeta.ru/politics/2021/04/09_a_13552772.shtml
		Date found in the API results: 2021-04-09T00:00:00
		Date found in the URL: 2021-04-09 00:00:00
		Different. The content of https://sputnik-ossetia.ru/radio/20210513/12214396/Ugroza-zhizni-zachem-Pentagonu-biolaboratorii-v-Gruzii.html has distance with https://www.gazeta.ru/politics/2021/04/09_a_13552772.shtml of: 0.2997. Discarding.
	Result [7]  Processing URL https://petition.president.gov.ua/petition/118694
		Date found in the content of the page: None
		Different. The content of https://sputnik-ossetia.ru/radio/20210513/12214396/Ugroza-zhizni-zachem-Pentagonu-biolaboratorii-v-Gruzii.html has distance with https://petition.president.gov.ua/petition/118694 of: 0.2798. Discarding.
	Result [8]  Processing URL https://sputnik-abkhazia.ru/analytics/20190620/1027684335/Biolaboratoriya-Lugara-v-Gruzii-po-prezhnemu-ugrozhaet-sosednim-stranam.html
		Date found in the API results: 2019-06-20T00:00:00
		Date found in the URL: 2019-06-20 00:00:00
		The content of https://sputnik-ossetia.ru/radio/20210513/12214396/Ugroza-zhizni-zachem-Pentagonu-biolaboratorii-v-Gruzii.html has distance with https://sputnik-abkhazia.ru/analytics/20190620/1027684335/Biolaboratoriya-Lugara-v-Gruzii-po-prezhnemu-ugrozhaet-sosednim-stranam.html of : 0.8965. Keeping.
		Adding to DB the URL https://sputnik-abkhazia.ru/analytics/20190620/1027684335/Biolaboratoriya-Lugara-v-Gruzii-po-prezhnemu-ugrozhaet-sosednim-stranam.html
	Result [9]  Processing URL https://www.ritmeurasia.org/news--2018-02-09--laboratorii-pentagona-ubit-polmilliona-chelovek-po-sebestoimosti-29-centov-za-edinicu-34866
		Date found in the API results: 2018-02-09T00:00:00
		Different. The content of https://sputnik-ossetia.ru/radio/20210513/12214396/Ugroza-zhizni-zachem-Pentagonu-biolaboratorii-v-Gruzii.html has distance with https://www.ritmeurasia.org/news--2018-02-09--laboratorii-pentagona-ubit-polmilliona-chelovek-po-sebestoimosti-29-centov-za-edinicu-34866 of: 0.2821. Discarding.
	Result [10]  Processing URL https://inosmi.ru/politic/20210420/249598299.html
		Date found in the API results: 2021-04-20T00:00:00
		Date found in the URL: 2021-04-20 00:00:00
		The content of https://sputnik-ossetia.ru/radio/20210513/12214396/Ugroza-zhizni-zachem-Pentagonu-biolaboratorii-v-Gruzii.html has distance with https://inosmi.ru/politic/20210420/249598299.html of : 0.3376. Keeping.
		Adding to DB the URL https://inosmi.ru/politic/20210420/249598299.html
	Result [11]  Processing URL https://ria.ru/20181004/1530014686.html
		Date found in the API results: 2020-03-03T00:00:00
		The content of https://sputnik-ossetia.ru/radio/20210513/12214396/Ugroza-zhizni-zachem-Pentagonu-biolaboratorii-v-Gruzii.html has distance with https://ria.ru/20181004/1530014686.html of : 0.3629. Keeping.
		Adding to DB the URL https://ria.ru/20181004/1530014686.html
	Result [12]  Processing URL https://inosmi.ru/politic/20210420/249598299.html
		Date found in the API results: 2021-04-20T00:00:00
		Date found in the URL: 2021-04-20 00:00:00
		The content of https://sputnik-ossetia.ru/radio/20210513/12214396/Ugroza-zhizni-zachem-Pentagonu-biolaboratorii-v-Gruzii.html has distance with https://inosmi.ru/politic/20210420/249598299.html of : 0.3376. Keeping.
		Adding to DB the URL https://inosmi.ru/politic/20210420/249598299.html
	Result [13]  Processing URL https://zonakz.net/2020/09/28/biolaboratoriya-pentagona-v-almaty-radiobuj-ili-troyanskij-kon/
		Date found in the API results: 2020-09-28T00:00:00
		Date found in the URL: 2020-09-28 00:00:00
		Different. The content of https://sputnik-ossetia.ru/radio/20210513/12214396/Ugroza-zhizni-zachem-Pentagonu-biolaboratorii-v-Gruzii.html has distance with https://zonakz.net/2020/09/28/biolaboratoriya-pentagona-v-almaty-radiobuj-ili-troyanskij-kon/ of: 0.033728796940876556. Discarding.
	Result [14]  Processing URL https://zonakz.net/2021/05/21/biolaboratorii-ssha-rasshiryayut-svoyu-deyatelnost-na-evrazijskom-prostranstve/
		Date found in the API results: 2021-05-21T00:00:00
		Date found in the URL: 2021-05-21 00:00:00
		Different. The content of https://sputnik-ossetia.ru/radio/20210513/12214396/Ugroza-zhizni-zachem-Pentagonu-biolaboratorii-v-Gruzii.html has distance with https://zonakz.net/2021/05/21/biolaboratorii-ssha-rasshiryayut-svoyu-deyatelnost-na-evrazijskom-prostranstve/ of: 0.033728796940876556. Discarding.
	Result [15]  Processing URL https://rg.ru/2020/04/24/ssha-priznali-nalichie-na-ukraine-sekretnyh-biologicheskih-laboratorij.html
		Date found in the API results: 2020-04-24T00:00:00
		Date found in the URL: 2020-04-24 00:00:00
		Different. The content of https://sputnik-ossetia.ru/radio/20210513/12214396/Ugroza-zhizni-zachem-Pentagonu-biolaboratorii-v-Gruzii.html has distance with https://rg.ru/2020/04/24/ssha-priznali-nalichie-na-ukraine-sekretnyh-biologicheskih-laboratorij.html of: 0.2765. Discarding.
	Result [16]  Processing URL https://www.bbc.com/russian/news-45752916
		Date found in the API results: 2018-10-04T00:00:00
		Different. The content of https://sputnik-ossetia.ru/radio/20210513/12214396/Ugroza-zhizni-zachem-Pentagonu-biolaboratorii-v-Gruzii.html has distance with https://www.bbc.com/russian/news-45752916 of: 0.2875. Discarding.
	Result [17]  Processing URL https://yandex.ru/news/instory/Sovbez_Rossii_SSHA_sozdayut_dlyaraznykh_stran_individualnye_programmy_rabot_pobiooruzhiyu--5a5e5df8cbfcb226121af2d6689e611a?persistent_id=142587529
		Date found in the content of the page: None
		Different. The content of https://sputnik-ossetia.ru/radio/20210513/12214396/Ugroza-zhizni-zachem-Pentagonu-biolaboratorii-v-Gruzii.html has distance with https://yandex.ru/news/instory/Sovbez_Rossii_SSHA_sozdayut_dlyaraznykh_stran_individualnye_programmy_rabot_pobiooruzhiyu--5a5e5df8cbfcb226121af2d6689e611a?persistent_id=142587529 of: 0.23290933379799036. Discarding.
	Result [18]  Processing URL http://book.sarov.ru/wp-content/uploads/2019/10/%D0%9F%D1%80%D0%BE%D1%82%D0%B8%D0%B2%D0%BE%D1%81%D1%82%D0%BE%D1%8F%D0%BD%D0%B8%D0%B5-XXI-%D0%B2%D0%B5%D0%BA%D0%B0-%D1%82%D0%BE%D0%BC-2-4.pdf
		Blacklisted url: http://book.sarov.ru/wp-content/uploads/2019/10/%D0%9F%D1%80%D0%BE%D1%82%D0%B8%D0%B2%D0%BE%D1%81%D1%82%D0%BE%D1%8F%D0%BD%D0%B8%D0%B5-XXI-%D0%B2%D0%B5%D0%BA%D0%B0-%D1%82%D0%BE%D0%BC-2-4.pdf.  Discarding.  
	Result [19]  Processing URL http://redstar.ru/biolaboratorii-dvojnogo-naznacheniya-po-prezhnemu-funktsioniruyut/
		Date found in the API results: 2020-05-20T00:00:00
		Date found in the content of the page: None
		Different. The content of https://sputnik-ossetia.ru/radio/20210513/12214396/Ugroza-zhizni-zachem-Pentagonu-biolaboratorii-v-Gruzii.html has distance with http://redstar.ru/biolaboratorii-dvojnogo-naznacheniya-po-prezhnemu-funktsioniruyut/ of: 0.03954968184043074. Discarding.
	Result [20]  Processing URL https://www.kt.kz/rus/analytics/globalisty_nachali_tretyu_mirovuyu_biologicheskuyu_voynu_1377896155.html
		Date found in the API results: 2020-03-24T00:00:00
		Different. The content of https://sputnik-ossetia.ru/radio/20210513/12214396/Ugroza-zhizni-zachem-Pentagonu-biolaboratorii-v-Gruzii.html has distance with https://www.kt.kz/rus/analytics/globalisty_nachali_tretyu_mirovuyu_biologicheskuyu_voynu_1377896155.html of: 0.2602. Discarding.
	Result [21]  Processing URL http://redstar.ru/biolaboratorii-dvojnogo-naznacheniya-po-prezhnemu-funktsioniruyut/
		Date found in the API results: 2020-05-20T00:00:00
		Date found in the content of the page: None
		Different. The content of https://sputnik-ossetia.ru/radio/20210513/12214396/Ugroza-zhizni-zachem-Pentagonu-biolaboratorii-v-Gruzii.html has distance with http://redstar.ru/biolaboratorii-dvojnogo-naznacheniya-po-prezhnemu-funktsioniruyut/ of: 0.03954968184043074. Discarding.
	Result [22]  Processing URL https://ms.detector.media/manipulyatsii/post/24602/2020-05-01-amerykanskye-laboratoryy-v-ukrayne-medvedchuk-y-11-reanymyrovaly-rossyyskyy-feyk/
		Date found in the API results: 2020-05-01T00:00:00
		Date found in the URL: 2020-05-01 00:00:00
		Different. The content of https://sputnik-ossetia.ru/radio/20210513/12214396/Ugroza-zhizni-zachem-Pentagonu-biolaboratorii-v-Gruzii.html has distance with https://ms.detector.media/manipulyatsii/post/24602/2020-05-01-amerykanskye-laboratoryy-v-ukrayne-medvedchuk-y-11-reanymyrovaly-rossyyskyy-feyk/ of: 0.2854. Discarding.
	Result [23]  Processing URL https://yugsn.ru/biolaboratorii-ssha-v-respublikax-byivshego-sovetskogo-soyuza-stali-ugrozoj-dlya-rossii/
		Date found in the API results: 2020-06-27T00:00:00
		Different. The content of https://sputnik-ossetia.ru/radio/20210513/12214396/Ugroza-zhizni-zachem-Pentagonu-biolaboratorii-v-Gruzii.html has distance with https://yugsn.ru/biolaboratorii-ssha-v-respublikax-byivshego-sovetskogo-soyuza-stali-ugrozoj-dlya-rossii/ of: 0.2981. Discarding.
	Result [24]  Processing URL https://interaffairs.ru/news/show/20717
		Date found in the API results: 2018-10-09T00:00:00
		Different. The content of https://sputnik-ossetia.ru/radio/20210513/12214396/Ugroza-zhizni-zachem-Pentagonu-biolaboratorii-v-Gruzii.html has distance with https://interaffairs.ru/news/show/20717 of: 0.2971. Discarding.
	Result [25]  Processing URL https://mk-kz.kz/incident/2018/06/06/chto-delayut-tainye-amerikanskie-laboratorii-na-territorii-respublik-byvshego-soyuza.html
		Date found in the API results: 2018-06-06T00:00:00
		Different. The content of https://sputnik-ossetia.ru/radio/20210513/12214396/Ugroza-zhizni-zachem-Pentagonu-biolaboratorii-v-Gruzii.html has distance with https://mk-kz.kz/incident/2018/06/06/chto-delayut-tainye-amerikanskie-laboratorii-na-territorii-respublik-byvshego-soyuza.html of: 0.2824. Discarding.
	Result [26]  Processing URL https://www.dsnews.ua/politics/v-znak-vernosti-putinu-zachem-kolomoyskiy-nachal-biovoynu-29042020220000
		Date found in the API results: 2020-04-30T00:00:00
		! Error getting the content of the web.
		! signed integer is greater than maximum
		<class 'OverflowError'>
		The content of the pages were not string. Verify.
		Different. The content of https://sputnik-ossetia.ru/radio/20210513/12214396/Ugroza-zhizni-zachem-Pentagonu-biolaboratorii-v-Gruzii.html has distance with https://www.dsnews.ua/politics/v-znak-vernosti-putinu-zachem-kolomoyskiy-nachal-biovoynu-29042020220000 of: False. Discarding.
	Result [27]  Processing URL https://riafan.ru/1018271-ssha-razrabatyvayut-i-ispytyvayut-biologicheskoe-oruzhie-na-ukraine-i-v-gruzii-kolonka-vladimira-tulina
		Date found in the API results: 2018-01-22T00:00:00
		! Error getting the content of the web.
		! can't compare offset-naive and offset-aware datetimes
		<class 'TypeError'>
		The content of the pages were not string. Verify.
		Different. The content of https://sputnik-ossetia.ru/radio/20210513/12214396/Ugroza-zhizni-zachem-Pentagonu-biolaboratorii-v-Gruzii.html has distance with https://riafan.ru/1018271-ssha-razrabatyvayut-i-ispytyvayut-biologicheskoe-oruzhie-na-ukraine-i-v-gruzii-kolonka-vladimira-tulina of: False. Discarding.
	Result [28]  Processing URL https://rus.azattyq.org/a/press-review-russian-propaganda-campaign-against-labs/30693640.html
		Date found in the API results: 2020-06-27T00:00:00
		Different. The content of https://sputnik-ossetia.ru/radio/20210513/12214396/Ugroza-zhizni-zachem-Pentagonu-biolaboratorii-v-Gruzii.html has distance with https://rus.azattyq.org/a/press-review-russian-propaganda-campaign-against-labs/30693640.html of: 0.2809. Discarding.
	Result [29]  Processing URL https://vestikavkaza.ru/news/cem-ugrozaut-rossii-sekretnye-biolaboratorii-ssa-v-armenii.html
		Date found in the API results: 2021-04-19T00:00:00
		Different. The content of https://sputnik-ossetia.ru/radio/20210513/12214396/Ugroza-zhizni-zachem-Pentagonu-biolaboratorii-v-Gruzii.html has distance with https://vestikavkaza.ru/news/cem-ugrozaut-rossii-sekretnye-biolaboratorii-ssa-v-armenii.html of: 0.2904. Discarding.
	Result [30]  Processing URL https://zvezdaweekly.ru/news/20201291341-AfM0x.html
		Date found in the API results: 2020-01-29T00:00:00
		Different. The content of https://sputnik-ossetia.ru/radio/20210513/12214396/Ugroza-zhizni-zachem-Pentagonu-biolaboratorii-v-Gruzii.html has distance with https://zvezdaweekly.ru/news/20201291341-AfM0x.html of: 0.2877. Discarding.
	Result [31]  Processing URL https://www.kommersant.ru/doc/4135539
		Date found in the API results: 2019-10-25T00:00:00
		The content of https://sputnik-ossetia.ru/radio/20210513/12214396/Ugroza-zhizni-zachem-Pentagonu-biolaboratorii-v-Gruzii.html has distance with https://www.kommersant.ru/doc/4135539 of : 0.3265. Keeping.
		Adding to DB the URL https://www.kommersant.ru/doc/4135539
	Result [32]  Processing URL http://www.politrus.com/2021/04/28/dtra-usa/
		Date found in the API results: 2021-04-28T00:00:00
		Date found in the URL: 2021-04-28 00:00:00
		Different. The content of https://sputnik-ossetia.ru/radio/20210513/12214396/Ugroza-zhizni-zachem-Pentagonu-biolaboratorii-v-Gruzii.html has distance with http://www.politrus.com/2021/04/28/dtra-usa/ of: 0.2844. Discarding.
	Result [33]  Processing URL https://zhitomir.life/blogy/chuma-likhoradka-khantavirus-chem-zanimayutsya-v-ukraine-sekretnye-biolaboratorii-ssha.html
		Date found in the API results: 2020-04-24T00:00:00
		Different. The content of https://sputnik-ossetia.ru/radio/20210513/12214396/Ugroza-zhizni-zachem-Pentagonu-biolaboratorii-v-Gruzii.html has distance with https://zhitomir.life/blogy/chuma-likhoradka-khantavirus-chem-zanimayutsya-v-ukraine-sekretnye-biolaboratorii-ssha.html of: 0.2681. Discarding.
	Result [34]  Processing URL https://ru.armeniasputnik.am/world/20200529/23211054/Konspirologiya-govorite-Zachem-amerikantsam-biolaboratorii-na-Kavkaze-i-v-Tsentralnoy-Azii.html
		Date found in the API results: 2020-05-29T00:00:00
		Date found in the URL: 2020-05-29 00:00:00
		The content of https://sputnik-ossetia.ru/radio/20210513/12214396/Ugroza-zhizni-zachem-Pentagonu-biolaboratorii-v-Gruzii.html has distance with https://ru.armeniasputnik.am/world/20200529/23211054/Konspirologiya-govorite-Zachem-amerikantsam-biolaboratorii-na-Kavkaze-i-v-Tsentralnoy-Azii.html of : 0.9179. Keeping.
		Adding to DB the URL https://ru.armeniasputnik.am/world/20200529/23211054/Konspirologiya-govorite-Zachem-amerikantsam-biolaboratorii-na-Kavkaze-i-v-Tsentralnoy-Azii.html
	Result [35]  Processing URL https://regnum.ru/news/polit/2955934.html
		Date found in the API results: 2020-05-20T00:00:00
		The content of https://sputnik-ossetia.ru/radio/20210513/12214396/Ugroza-zhizni-zachem-Pentagonu-biolaboratorii-v-Gruzii.html has distance with https://regnum.ru/news/polit/2955934.html of : 0.316. Keeping.
		Adding to DB the URL https://regnum.ru/news/polit/2955934.html
	Result [36]  Processing URL https://vpoanalytics.com/2021/04/13/biofabriki-smerti-pentagona/
		Date found in the API results: 2021-04-13T00:00:00
		Date found in the URL: 2021-04-13 00:00:00
		Different. The content of https://sputnik-ossetia.ru/radio/20210513/12214396/Ugroza-zhizni-zachem-Pentagonu-biolaboratorii-v-Gruzii.html has distance with https://vpoanalytics.com/2021/04/13/biofabriki-smerti-pentagona/ of: 0.2281. Discarding.
	Result [37]  Processing URL https://topwar.ru/183301-pauchja-set-biolaboratorii-ssha-ukrepljajut-svoe-vlijanie.html
		Date found in the API results: 2021-05-27T00:00:00
		Different. The content of https://sputnik-ossetia.ru/radio/20210513/12214396/Ugroza-zhizni-zachem-Pentagonu-biolaboratorii-v-Gruzii.html has distance with https://topwar.ru/183301-pauchja-set-biolaboratorii-ssha-ukrepljajut-svoe-vlijanie.html of: 0.2956. Discarding.
	Result [38]  Processing URL https://tengrinews.kz/kazakhstan_news/onischenko-zayavil-opasnosti-amerikanskih-biolaboratoriy-sng-437631/
		Date found in the API results: 2021-05-18T00:00:00
		The content of https://sputnik-ossetia.ru/radio/20210513/12214396/Ugroza-zhizni-zachem-Pentagonu-biolaboratorii-v-Gruzii.html has distance with https://tengrinews.kz/kazakhstan_news/onischenko-zayavil-opasnosti-amerikanskih-biolaboratoriy-sng-437631/ of : 0.3338. Keeping.
		Adding to DB the URL https://tengrinews.kz/kazakhstan_news/onischenko-zayavil-opasnosti-amerikanskih-biolaboratoriy-sng-437631/
	Result [39]  Processing URL https://www.vesti.ru/article/1498355
		Date found in the API results: 2018-09-14T00:00:00
		Date found in the content of the page: None
		Different. The content of https://sputnik-ossetia.ru/radio/20210513/12214396/Ugroza-zhizni-zachem-Pentagonu-biolaboratorii-v-Gruzii.html has distance with https://www.vesti.ru/article/1498355 of: 0.2872. Discarding.
	Result [40]  Processing URL https://www.ekhokavkaza.com/a/30587800.html
		Date found in the API results: 2020-05-01T00:00:00
		Different. The content of https://sputnik-ossetia.ru/radio/20210513/12214396/Ugroza-zhizni-zachem-Pentagonu-biolaboratorii-v-Gruzii.html has distance with https://www.ekhokavkaza.com/a/30587800.html of: 0.2775. Discarding.
	Result [41]  Processing URL https://ruinformer.com/page/biologicheskaja-ugroza-chto-delajut-voennye-epidemiologi-ssha-na-ukraine
		Date found in the API results: 2020-10-19T00:00:00
		Different. The content of https://sputnik-ossetia.ru/radio/20210513/12214396/Ugroza-zhizni-zachem-Pentagonu-biolaboratorii-v-Gruzii.html has distance with https://ruinformer.com/page/biologicheskaja-ugroza-chto-delajut-voennye-epidemiologi-ssha-na-ukraine of: 0.2618. Discarding.
	Result [42]  Processing URL https://www.newsru.com/world/24Sep2020/georgia_usa.html
		Date found in the API results: 2020-09-24T00:00:00
		Date found in the URL: 2020-09-24 00:00:00
		Different. The content of https://sputnik-ossetia.ru/radio/20210513/12214396/Ugroza-zhizni-zachem-Pentagonu-biolaboratorii-v-Gruzii.html has distance with https://www.newsru.com/world/24Sep2020/georgia_usa.html of: 0.2714. Discarding.
	Result [43]  Processing URL https://www.vitrenko.org/36832
		Date found in the content of the page: None
		Different. The content of https://sputnik-ossetia.ru/radio/20210513/12214396/Ugroza-zhizni-zachem-Pentagonu-biolaboratorii-v-Gruzii.html has distance with https://www.vitrenko.org/36832 of: 0.2601. Discarding.
	Result [44]  Processing URL http://ruskline.ru/news_rl/2017/11/16/zachem_pentagon_sobiraet_biologicheskij_material_rossijskih_grazhdan_a_vokrug_nashej_strany_razmestil_biologicheskie_laboratorii
		The content of https://sputnik-ossetia.ru/radio/20210513/12214396/Ugroza-zhizni-zachem-Pentagonu-biolaboratorii-v-Gruzii.html has distance with http://ruskline.ru/news_rl/2017/11/16/zachem_pentagon_sobiraet_biologicheskij_material_rossijskih_grazhdan_a_vokrug_nashej_strany_razmestil_biologicheskie_laboratorii of : 0.3006. Keeping.
		Adding to DB the URL http://ruskline.ru/news_rl/2017/11/16/zachem_pentagon_sobiraet_biologicheskij_material_rossijskih_grazhdan_a_vokrug_nashej_strany_razmestil_biologicheskie_laboratorii
	Result [45]  Processing URL https://dev.news.ru/politics/voennyj-diplomat-zayavil-ob-ugroze-ot-gruzinskih-i-ukrainskih-biolaboratorij/
		! Error getting the content of the web.
		! signed integer is greater than maximum
		<class 'OverflowError'>
		The content of the pages were not string. Verify.
		Different. The content of https://sputnik-ossetia.ru/radio/20210513/12214396/Ugroza-zhizni-zachem-Pentagonu-biolaboratorii-v-Gruzii.html has distance with https://dev.news.ru/politics/voennyj-diplomat-zayavil-ob-ugroze-ot-gruzinskih-i-ukrainskih-biolaboratorij/ of: False. Discarding.
	Result [46]  Processing URL https://vm.ru/army/803265-proba-pera-zachem-ssha-sozdayut-biolaboratoriyu-v-ukraine
		The content of https://sputnik-ossetia.ru/radio/20210513/12214396/Ugroza-zhizni-zachem-Pentagonu-biolaboratorii-v-Gruzii.html has distance with https://vm.ru/army/803265-proba-pera-zachem-ssha-sozdayut-biolaboratoriyu-v-ukraine of : 0.3097. Keeping.
		Adding to DB the URL https://vm.ru/army/803265-proba-pera-zachem-ssha-sozdayut-biolaboratoriyu-v-ukraine
	Result [47]  Processing URL https://avtoschool-dosaaf-ekb.ru/description_108599_biolaboratorii_pentagona_na_ukraine_eto_drugoe.html
		Different. The content of https://sputnik-ossetia.ru/radio/20210513/12214396/Ugroza-zhizni-zachem-Pentagonu-biolaboratorii-v-Gruzii.html has distance with https://avtoschool-dosaaf-ekb.ru/description_108599_biolaboratorii_pentagona_na_ukraine_eto_drugoe.html of: 0.247. Discarding.
	Result [48]  Processing URL https://polpred.com/news?cnt_and=1&cnt=47&cnt_2=31&page=6
		Different. The content of https://sputnik-ossetia.ru/radio/20210513/12214396/Ugroza-zhizni-zachem-Pentagonu-biolaboratorii-v-Gruzii.html has distance with https://polpred.com/news?cnt_and=1&cnt=47&cnt_2=31&page=6 of: 0.2919. Discarding.
	Result [49]  Processing URL https://ru-an-info.livejournal.com/25961414.html
		Date found in the API results: 2021-07-05T18:58:43.213597
		The content of https://sputnik-ossetia.ru/radio/20210513/12214396/Ugroza-zhizni-zachem-Pentagonu-biolaboratorii-v-Gruzii.html has distance with https://ru-an-info.livejournal.com/25961414.html of : 0.3001. Keeping.
		Adding to DB the URL https://ru-an-info.livejournal.com/25961414.html
	Result [50]  Processing URL http://eurasianinfoleague.com/tochka-zreniya/amerikanskie-biolaboratorii-v-armenii-chudesa-mnogovektornosti/
		Different. The content of https://sputnik-ossetia.ru/radio/20210513/12214396/Ugroza-zhizni-zachem-Pentagonu-biolaboratorii-v-Gruzii.html has distance with http://eurasianinfoleague.com/tochka-zreniya/amerikanskie-biolaboratorii-v-armenii-chudesa-mnogovektornosti/ of: 0.2811. Discarding.
	Result [51]  Processing URL http://www.fa.ru/org/div/uoonir/Documents/%D0%A1%D0%B1%D0%BE%D1%80%D0%BD%D0%B8%D0%BA%20%D0%BC%D0%B0%D1%82%D0%B5%D1%80%D0%B8%D0%B0%D0%BB%D0%BE%D0%B2%20%D0%BA%D1%80%D1%83%D0%B3%D0%BB%D0%BE%D0%B3%D0%BE%20%D1%81%D1%82%D0%BE%D0%BB%D0%B0%20%D0%90%D1%80%D0%BC%D0%B8%D1%8F-2020.pdf
		Blacklisted url: http://www.fa.ru/org/div/uoonir/Documents/%D0%A1%D0%B1%D0%BE%D1%80%D0%BD%D0%B8%D0%BA%20%D0%BC%D0%B0%D1%82%D0%B5%D1%80%D0%B8%D0%B0%D0%BB%D0%BE%D0%B2%20%D0%BA%D1%80%D1%83%D0%B3%D0%BB%D0%BE%D0%B3%D0%BE%20%D1%81%D1%82%D0%BE%D0%BB%D0%B0%20%D0%90%D1%80%D0%BC%D0%B8%D1%8F-2020.pdf.  Discarding.  
	Result [52]  Processing URL https://bloknot-moldova.md/news/laboratorii-ssha-pod-bokom-u-moldovy-ukraina-mozhe-1273612
		Date found in the API results: 2020-10-13T00:00:00
		Different. The content of https://sputnik-ossetia.ru/radio/20210513/12214396/Ugroza-zhizni-zachem-Pentagonu-biolaboratorii-v-Gruzii.html has distance with https://bloknot-moldova.md/news/laboratorii-ssha-pod-bokom-u-moldovy-ukraina-mozhe-1273612 of: 0.2611. Discarding.
	Result [53]  Processing URL https://www.securitylab.ru/news/tags/%D1%84%D0%B8%D1%88%D0%B8%D0%BD%D0%B3/
		The content of https://sputnik-ossetia.ru/radio/20210513/12214396/Ugroza-zhizni-zachem-Pentagonu-biolaboratorii-v-Gruzii.html has distance with https://www.securitylab.ru/news/tags/%D1%84%D0%B8%D1%88%D0%B8%D0%BD%D0%B3/ of : 0.3123. Keeping.
		Adding to DB the URL https://www.securitylab.ru/news/tags/%D1%84%D0%B8%D1%88%D0%B8%D0%BD%D0%B3/
	Result [54]  Processing URL https://argumenti.ru/society/nature/2021/07/729771
		Date found in the API results: 2021-07-11T18:58:50.991471
		Date found in the URL: 2021-07-07 00:00:00
		Different. The content of https://sputnik-ossetia.ru/radio/20210513/12214396/Ugroza-zhizni-zachem-Pentagonu-biolaboratorii-v-Gruzii.html has distance with https://argumenti.ru/society/nature/2021/07/729771 of: 0.2875. Discarding.
	Result [55]  Processing URL https://vz.ru/news/2021/7/8/1107873.html
		Date found in the API results: 2021-07-08T18:58:51.731876
		Date found in the URL: 2021-07-08 00:00:00
		Different. The content of https://sputnik-ossetia.ru/radio/20210513/12214396/Ugroza-zhizni-zachem-Pentagonu-biolaboratorii-v-Gruzii.html has distance with https://vz.ru/news/2021/7/8/1107873.html of: 0.2761. Discarding.

== Level 0. Twitter search by title as Угроза жизни: зачем Пентагону биолаборатории в Грузии
https://api.twitter.com/2/tweets/search/all?query=%22%D0%A3%D0%B3%D1%80%D0%BE%D0%B7%D0%B0+%D0%B6%D0%B8%D0%B7%D0%BD%D0%B8%3A+%D0%B7%D0%B0%D1%87%D0%B5%D0%BC+%D0%9F%D0%B5%D0%BD%D1%82%D0%B0%D0%B3%D0%BE%D0%BD%D1%83+%D0%B1%D0%B8%D0%BE%D0%BB%D0%B0%D0%B1%D0%BE%D1%80%D0%B0%D1%82%D0%BE%D1%80%D0%B8%D0%B8+%D0%B2+%D0%93%D1%80%D1%83%D0%B7%D0%B8%D0%B8%22&max_results=100&tweet.fields=author_id%2Cpublic_metrics%2Ccreated_at&start_time=2020-07-12T18%3A58%3A52.883970Z
	Downloaded 0 twitter content

== Level 0. VK search by title as Угроза жизни: зачем Пентагону биолаборатории в Грузии
	Result [0]  Processing URL https://vk.com/id-45929147?w=wall-45929147_20199. Date: 2021-06-25 01:57:59
	Result [1]  Processing URL https://vk.com/id3805241?w=wall3805241_1102. Date: 2021-06-25 01:52:52
	Result [2]  Processing URL https://vk.com/id-146189010?w=wall-146189010_30666. Date: 2021-05-16 09:29:51
	Result [3]  Processing URL https://vk.com/id270329389?w=wall270329389_8312. Date: 2021-05-14 09:05:56
	Result [4]  Processing URL https://vk.com/id-95837632?w=wall-95837632_33183. Date: 2021-05-13 11:15:51
	Result [5]  Processing URL https://vk.com/id-174855763?w=wall-174855763_25284. Date: 2021-05-11 15:03:09
	Result [6]  Processing URL https://vk.com/id-172634372?w=wall-172634372_13838. Date: 2021-04-20 10:11:53
	Result [7]  Processing URL https://vk.com/id162574353?w=wall162574353_42493. Date: 2021-04-11 08:20:44
	Result [8]  Processing URL https://vk.com/id-58300344?w=wall-58300344_72341. Date: 2021-03-01 16:25:10
	Result [9]  Processing URL https://vk.com/id472430464?w=wall472430464_1514. Date: 2021-02-23 15:19:05
	Result [10]  Processing URL https://vk.com/id174702670?w=wall174702670_4606. Date: 2021-02-23 15:13:26
	Result [11]  Processing URL https://vk.com/id-148952049?w=wall-148952049_49902. Date: 2021-02-10 08:40:00
	Result [12]  Processing URL https://vk.com/id152279994?w=wall152279994_3345. Date: 2021-01-31 02:53:42
	Result [13]  Processing URL https://vk.com/id266072871?w=wall266072871_5493. Date: 2021-01-26 09:38:51
	Result [14]  Processing URL https://vk.com/id422585171?w=wall422585171_113013. Date: 2021-01-10 11:47:00
	Result [15]  Processing URL https://vk.com/id-200477521?w=wall-200477521_226. Date: 2020-12-07 14:03:11
	Result [16]  Processing URL https://vk.com/id-105472947?w=wall-105472947_320916. Date: 2020-11-21 07:10:00
	Result [17]  Processing URL https://vk.com/id401674421?w=wall401674421_120790. Date: 2020-11-09 20:48:33
	Result [18]  Processing URL https://vk.com/id-68578180?w=wall-68578180_608640. Date: 2020-10-30 11:30:03
	Result [19]  Processing URL https://vk.com/id-106067045?w=wall-106067045_148191. Date: 2020-10-29 22:22:08
	Result [20]  Processing URL https://vk.com/id-66621324?w=wall-66621324_3193074. Date: 2020-10-29 20:00:03
	Result [21]  Processing URL https://vk.com/id-127440997?w=wall-127440997_48022. Date: 2020-10-29 18:31:05
	Result [22]  Processing URL https://vk.com/id-71926578?w=wall-71926578_119143. Date: 2020-10-29 17:36:06
	Result [23]  Processing URL https://vk.com/id-57424472?w=wall-57424472_287081. Date: 2020-10-29 17:15:00
	Result [24]  Processing URL https://vk.com/id-80492167?w=wall-80492167_633059. Date: 2020-10-29 10:30:01
	Result [25]  Processing URL https://vk.com/id187272559?w=wall187272559_204652. Date: 2020-10-29 09:32:03
	Result [26]  Processing URL https://vk.com/id-81596363?w=wall-81596363_162653. Date: 2020-10-28 21:00:02
	Result [27]  Processing URL https://vk.com/id-3223620?w=wall-3223620_1574625. Date: 2020-10-28 16:58:39
	Result [28]  Processing URL https://vk.com/id470133488?w=wall470133488_54846. Date: 2020-10-28 16:31:01
	Result [29]  Processing URL https://vk.com/id-118652704?w=wall-118652704_198255. Date: 2020-10-28 16:00:08
In total was found 30
