Searching the distribution graph of URL https://m.economictimes.com/news/international/world-news/how-the-united-states-beat-the-coronavirus-variants-for-now/articleshow/82652253.cms. Using 1 levels.

Main title: How the United States beat the coronavirus variants, for now - The Economic Times
In level 0 were found 1 urls including original

== Level 0. Google search by LINKS to https://m.economictimes.com/news/international/world-news/how-the-united-states-beat-the-coronavirus-variants-for-now/articleshow/82652253.cms
	Total amount of results retrieved: 5
	Result [1]  Processing URL https://economictimes.indiatimes.com/news/international/world-news/how-the-united-states-beat-the-coronavirus-variants-for-now/articleshow/82652253.cms
		The URL https://m.economictimes.com/news/international/world-news/how-the-united-states-beat-the-coronavirus-variants-for-now/articleshow/82652253.cms IS in the content of site https://economictimes.indiatimes.com/news/international/world-news/how-the-united-states-beat-the-coronavirus-variants-for-now/articleshow/82652253.cms  Keeping.
		Adding to DB the URL https://economictimes.indiatimes.com/news/international/world-news/how-the-united-states-beat-the-coronavirus-variants-for-now/articleshow/82652253.cms
	Result [2]  Processing URL https://m.rediff.com/tags/all-india-knockout
		Not in content. The URL https://m.economictimes.com/news/international/world-news/how-the-united-states-beat-the-coronavirus-variants-for-now/articleshow/82652253.cms is not in the content of site https://m.rediff.com/tags/all-india-knockout  Discarding.
	Result [3]  Processing URL https://www.rediff.com/tags/-south-point-high-school
		Not in content. The URL https://m.economictimes.com/news/international/world-news/how-the-united-states-beat-the-coronavirus-variants-for-now/articleshow/82652253.cms is not in the content of site https://www.rediff.com/tags/-south-point-high-school  Discarding.
	Result [4]  Processing URL https://instabook.website/post/?post=7bc83e8803705f0fa402cec8a38d4d53&t=1621350990&t=
		Date found in the content of the page: None
		Not in content. The URL https://m.economictimes.com/news/international/world-news/how-the-united-states-beat-the-coronavirus-variants-for-now/articleshow/82652253.cms is not in the content of site https://instabook.website/post/?post=7bc83e8803705f0fa402cec8a38d4d53&t=1621350990&t=  Discarding.
	Result [5]  Processing URL https://instabook.website/post/?post=7bc83e8803705f0fa402cec8a38d4d53&t=1621342682&t=
		Date found in the content of the page: None
		Not in content. The URL https://m.economictimes.com/news/international/world-news/how-the-united-states-beat-the-coronavirus-variants-for-now/articleshow/82652253.cms is not in the content of site https://instabook.website/post/?post=7bc83e8803705f0fa402cec8a38d4d53&t=1621342682&t=  Discarding.

== Level 0. Twitter search by LINKS as https://m.economictimes.com/news/international/world-news/how-the-united-states-beat-the-coronavirus-variants-for-now/articleshow/82652253.cms
https://api.twitter.com/2/tweets/search/all?query=url+%3A+https%253A%252F%252Fm.economictimes.com%252Fnews%252Finternational%252Fworld-news%252Fhow-the-united-states-beat-the-coronavirus-variants-for-now%252Farticleshow%252F82652253.cms&max_results=100&tweet.fields=author_id%2Cpublic_metrics%2Ccreated_at&start_time=2018-07-13T23%3A52%3A53.255496Z
	Downloaded 0 twitter content

== Level 0. VK search by LINKS as https://m.economictimes.com/news/international/world-news/how-the-united-states-beat-the-coronavirus-variants-for-now/articleshow/82652253.cms
In total was found 0

== Level 0. Google search by TITLE as How the United States beat the coronavirus variants, for now - The Economic Times
	Total amount of results retrieved: 86
	Result [1]  Processing URL https://economictimes.indiatimes.com/news/international/world-news/how-the-united-states-beat-the-coronavirus-variants-for-now/articleshow/82652253.cms
		Date found in the API results: 2021-05-15T00:00:00
		Repeated url: https://economictimes.indiatimes.com/news/international/world-news/how-the-united-states-beat-the-coronavirus-variants-for-now/articleshow/82652253.cms.  Discarding.  
	Result [2]  Processing URL https://economictimes.indiatimes.com/topic/Covid-US-variant/news
		The content of https://m.economictimes.com/news/international/world-news/how-the-united-states-beat-the-coronavirus-variants-for-now/articleshow/82652253.cms has distance with https://economictimes.indiatimes.com/topic/Covid-US-variant/news of : 0.5777. Keeping.
		Adding to DB the URL https://economictimes.indiatimes.com/topic/Covid-US-variant/news
	Result [3]  Processing URL https://economictimes.indiatimes.com/topic/coronavirus-in-usa
		The content of https://m.economictimes.com/news/international/world-news/how-the-united-states-beat-the-coronavirus-variants-for-now/articleshow/82652253.cms has distance with https://economictimes.indiatimes.com/topic/coronavirus-in-usa of : 0.5843. Keeping.
		Adding to DB the URL https://economictimes.indiatimes.com/topic/coronavirus-in-usa
	Result [4]  Processing URL https://www.usaid.gov/coronavirus
		The content of https://m.economictimes.com/news/international/world-news/how-the-united-states-beat-the-coronavirus-variants-for-now/articleshow/82652253.cms has distance with https://www.usaid.gov/coronavirus of : 0.3524. Keeping.
		Adding to DB the URL https://www.usaid.gov/coronavirus
	Result [5]  Processing URL https://www.nytimes.com/live/2021/03/29/world/covid-vaccine-coronavirus-cases
		Date found in the API results: 2021-07-08T23:53:23.450479
		Date found in the URL: 2021-03-29 00:00:00
		The content of https://m.economictimes.com/news/international/world-news/how-the-united-states-beat-the-coronavirus-variants-for-now/articleshow/82652253.cms has distance with https://www.nytimes.com/live/2021/03/29/world/covid-vaccine-coronavirus-cases of : 0.3305. Keeping.
		Adding to DB the URL https://www.nytimes.com/live/2021/03/29/world/covid-vaccine-coronavirus-cases
	Result [6]  Processing URL https://www.cidrap.umn.edu/covid-19/other-news-sources
		The content of https://m.economictimes.com/news/international/world-news/how-the-united-states-beat-the-coronavirus-variants-for-now/articleshow/82652253.cms has distance with https://www.cidrap.umn.edu/covid-19/other-news-sources of : 0.3301. Keeping.
		Adding to DB the URL https://www.cidrap.umn.edu/covid-19/other-news-sources
	Result [7]  Processing URL https://m.facebook.com/EconomicTimes/posts/10158078411927694?locale2=sw_KE
		The content of https://m.economictimes.com/news/international/world-news/how-the-united-states-beat-the-coronavirus-variants-for-now/articleshow/82652253.cms has distance with https://m.facebook.com/EconomicTimes/posts/10158078411927694?locale2=sw_KE of : 0.311. Keeping.
		Adding to DB the URL https://m.facebook.com/EconomicTimes/posts/10158078411927694?locale2=sw_KE
	Result [8]  Processing URL https://www.economist.com/coronavirus-pandemic
		The content of https://m.economictimes.com/news/international/world-news/how-the-united-states-beat-the-coronavirus-variants-for-now/articleshow/82652253.cms has distance with https://www.economist.com/coronavirus-pandemic of : 0.3178. Keeping.
		Adding to DB the URL https://www.economist.com/coronavirus-pandemic
	Result [9]  Processing URL https://jamanetwork.com/journals/jama/fullarticle/2776039
		Date found in the content of the page: None
		Different. The content of https://m.economictimes.com/news/international/world-news/how-the-united-states-beat-the-coronavirus-variants-for-now/articleshow/82652253.cms has distance with https://jamanetwork.com/journals/jama/fullarticle/2776039 of: 0.017437828197760824. Discarding.
	Result [10]  Processing URL https://cepr.org/sites/default/files/news/COVID-19.pdf
		Blacklisted url: https://cepr.org/sites/default/files/news/COVID-19.pdf.  Discarding.  
	Result [11]  Processing URL https://www.npr.org/sections/goatsandsoda/2021/05/12/995855343/will-covid-19-vaccines-still-work-against-the-variant-from-india
		Date found in the API results: 2021-05-12T00:00:00
		Date found in the URL: 2021-05-12 00:00:00
		The content of https://m.economictimes.com/news/international/world-news/how-the-united-states-beat-the-coronavirus-variants-for-now/articleshow/82652253.cms has distance with https://www.npr.org/sections/goatsandsoda/2021/05/12/995855343/will-covid-19-vaccines-still-work-against-the-variant-from-india of : 0.3066688840844836. Keeping.
		Adding to DB the URL https://www.npr.org/sections/goatsandsoda/2021/05/12/995855343/will-covid-19-vaccines-still-work-against-the-variant-from-india
	Result [12]  Processing URL https://www.seattletimes.com/seattle-news/health/coronavirus-daily-news-updates-july-10-what-to-know-today-about-covid-19-in-the-seattle-area-washington-state-and-the-world-2/
		Date found in the API results: 2021-07-10T23:53:30.584714
		! Timeout waiting for the web server to answer.  We ignore and continue.
		The content of the pages were not string. Verify.
		Different. The content of https://m.economictimes.com/news/international/world-news/how-the-united-states-beat-the-coronavirus-variants-for-now/articleshow/82652253.cms has distance with https://www.seattletimes.com/seattle-news/health/coronavirus-daily-news-updates-july-10-what-to-know-today-about-covid-19-in-the-seattle-area-washington-state-and-the-world-2/ of: False. Discarding.
	Result [13]  Processing URL https://ihpi.umich.edu/experts-news-covid-19
		The content of https://m.economictimes.com/news/international/world-news/how-the-united-states-beat-the-coronavirus-variants-for-now/articleshow/82652253.cms has distance with https://ihpi.umich.edu/experts-news-covid-19 of : 0.3236. Keeping.
		Adding to DB the URL https://ihpi.umich.edu/experts-news-covid-19
	Result [14]  Processing URL https://www.weforum.org/
		The content of https://m.economictimes.com/news/international/world-news/how-the-united-states-beat-the-coronavirus-variants-for-now/articleshow/82652253.cms has distance with https://www.weforum.org/ of : 0.3394. Keeping.
		Adding to DB the URL https://www.weforum.org/
	Result [15]  Processing URL https://en.wikipedia.org/wiki/Economy_of_the_United_States
		The content of https://m.economictimes.com/news/international/world-news/how-the-united-states-beat-the-coronavirus-variants-for-now/articleshow/82652253.cms has distance with https://en.wikipedia.org/wiki/Economy_of_the_United_States of : 0.333. Keeping.
		Adding to DB the URL https://en.wikipedia.org/wiki/Economy_of_the_United_States
	Result [16]  Processing URL https://www.bharatbiotech.com/bharat_news.html
		The content of https://m.economictimes.com/news/international/world-news/how-the-united-states-beat-the-coronavirus-variants-for-now/articleshow/82652253.cms has distance with https://www.bharatbiotech.com/bharat_news.html of : 0.3143. Keeping.
		Adding to DB the URL https://www.bharatbiotech.com/bharat_news.html
	Result [17]  Processing URL https://nymag.com/intelligencer/2021/07/covid-b-1-617-2-delta-variant-what-we-know.html
		Date found in the API results: 2021-07-12
		The content of https://m.economictimes.com/news/international/world-news/how-the-united-states-beat-the-coronavirus-variants-for-now/articleshow/82652253.cms has distance with https://nymag.com/intelligencer/2021/07/covid-b-1-617-2-delta-variant-what-we-know.html of : 0.3448. Keeping.
		Adding to DB the URL https://nymag.com/intelligencer/2021/07/covid-b-1-617-2-delta-variant-what-we-know.html
	Result [18]  Processing URL https://www.newyorker.com/science/medical-dispatch/what-the-coronavirus-variants-mean-for-the-end-of-the-pandemic
		Date found in the API results: 2021-03-07T00:00:00
		The content of https://m.economictimes.com/news/international/world-news/how-the-united-states-beat-the-coronavirus-variants-for-now/articleshow/82652253.cms has distance with https://www.newyorker.com/science/medical-dispatch/what-the-coronavirus-variants-mean-for-the-end-of-the-pandemic of : 0.3236. Keeping.
		Adding to DB the URL https://www.newyorker.com/science/medical-dispatch/what-the-coronavirus-variants-mean-for-the-end-of-the-pandemic
	Result [19]  Processing URL https://www.hks.harvard.edu/centers/mrcbg/programs/covid-19
		The content of https://m.economictimes.com/news/international/world-news/how-the-united-states-beat-the-coronavirus-variants-for-now/articleshow/82652253.cms has distance with https://www.hks.harvard.edu/centers/mrcbg/programs/covid-19 of : 0.3104. Keeping.
		Adding to DB the URL https://www.hks.harvard.edu/centers/mrcbg/programs/covid-19
	Result [20]  Processing URL https://www.marketwatch.com/latest-news
		The content of https://m.economictimes.com/news/international/world-news/how-the-united-states-beat-the-coronavirus-variants-for-now/articleshow/82652253.cms has distance with https://www.marketwatch.com/latest-news of : 0.365. Keeping.
		Adding to DB the URL https://www.marketwatch.com/latest-news
	Result [21]  Processing URL https://nymag.com/intelligencer/2021/07/covid-b-1-617-2-delta-variant-what-we-know.html
		Date found in the API results: 2021-07-12
		The content of https://m.economictimes.com/news/international/world-news/how-the-united-states-beat-the-coronavirus-variants-for-now/articleshow/82652253.cms has distance with https://nymag.com/intelligencer/2021/07/covid-b-1-617-2-delta-variant-what-we-know.html of : 0.3448. Keeping.
		Adding to DB the URL https://nymag.com/intelligencer/2021/07/covid-b-1-617-2-delta-variant-what-we-know.html
	Result [22]  Processing URL https://www.newyorker.com/science/medical-dispatch/what-the-coronavirus-variants-mean-for-the-end-of-the-pandemic
		Date found in the API results: 2021-03-07T00:00:00
		The content of https://m.economictimes.com/news/international/world-news/how-the-united-states-beat-the-coronavirus-variants-for-now/articleshow/82652253.cms has distance with https://www.newyorker.com/science/medical-dispatch/what-the-coronavirus-variants-mean-for-the-end-of-the-pandemic of : 0.3236. Keeping.
		Adding to DB the URL https://www.newyorker.com/science/medical-dispatch/what-the-coronavirus-variants-mean-for-the-end-of-the-pandemic
	Result [23]  Processing URL https://www.hks.harvard.edu/centers/mrcbg/programs/covid-19
		The content of https://m.economictimes.com/news/international/world-news/how-the-united-states-beat-the-coronavirus-variants-for-now/articleshow/82652253.cms has distance with https://www.hks.harvard.edu/centers/mrcbg/programs/covid-19 of : 0.3104. Keeping.
		Adding to DB the URL https://www.hks.harvard.edu/centers/mrcbg/programs/covid-19
	Result [24]  Processing URL https://www.marketwatch.com/latest-news
		The content of https://m.economictimes.com/news/international/world-news/how-the-united-states-beat-the-coronavirus-variants-for-now/articleshow/82652253.cms has distance with https://www.marketwatch.com/latest-news of : 0.365. Keeping.
		Adding to DB the URL https://www.marketwatch.com/latest-news
	Result [25]  Processing URL https://www.ft.com/coronavirusfree
		The content of https://m.economictimes.com/news/international/world-news/how-the-united-states-beat-the-coronavirus-variants-for-now/articleshow/82652253.cms has distance with https://www.ft.com/coronavirusfree of : 0.3485. Keeping.
		Adding to DB the URL https://www.ft.com/coronavirusfree
	Result [26]  Processing URL https://www.cnbc.com/squawk-box-us/
		The content of https://m.economictimes.com/news/international/world-news/how-the-united-states-beat-the-coronavirus-variants-for-now/articleshow/82652253.cms has distance with https://www.cnbc.com/squawk-box-us/ of : 0.3035. Keeping.
		Adding to DB the URL https://www.cnbc.com/squawk-box-us/
	Result [27]  Processing URL https://finance.yahoo.com/news/j-j-decides-not-conduct-042222990.html
		Date found in the API results: 2021-06-28T00:00:00
		The content of https://m.economictimes.com/news/international/world-news/how-the-united-states-beat-the-coronavirus-variants-for-now/articleshow/82652253.cms has distance with https://finance.yahoo.com/news/j-j-decides-not-conduct-042222990.html of : 0.3591. Keeping.
		Adding to DB the URL https://finance.yahoo.com/news/j-j-decides-not-conduct-042222990.html
	Result [28]  Processing URL https://www.latimes.com/world-nation/story/2021-05-18/covid-asia-new-lockdowns
		Date found in the API results: 2021-05-18T00:00:00
		Date found in the URL: 2021-05-18 00:00:00
		Different. The content of https://m.economictimes.com/news/international/world-news/how-the-united-states-beat-the-coronavirus-variants-for-now/articleshow/82652253.cms has distance with https://www.latimes.com/world-nation/story/2021-05-18/covid-asia-new-lockdowns of: 0.11447934792563422. Discarding.
	Result [29]  Processing URL https://www.orlandosentinel.com/coronavirus/
		Date found in the content of the page: None
		Different. The content of https://m.economictimes.com/news/international/world-news/how-the-united-states-beat-the-coronavirus-variants-for-now/articleshow/82652253.cms has distance with https://www.orlandosentinel.com/coronavirus/ of: 0.025625862408831065. Discarding.
	Result [30]  Processing URL https://www.amprogress.org/covid-19-resources/covid19animalresearch/
		The content of https://m.economictimes.com/news/international/world-news/how-the-united-states-beat-the-coronavirus-variants-for-now/articleshow/82652253.cms has distance with https://www.amprogress.org/covid-19-resources/covid19animalresearch/ of : 0.3389. Keeping.
		Adding to DB the URL https://www.amprogress.org/covid-19-resources/covid19animalresearch/
	Result [31]  Processing URL https://time.com/6073345/delta-variant-covid-19/
		Date found in the API results: 2021-06-15T00:00:00
		The content of https://m.economictimes.com/news/international/world-news/how-the-united-states-beat-the-coronavirus-variants-for-now/articleshow/82652253.cms has distance with https://time.com/6073345/delta-variant-covid-19/ of : 0.328. Keeping.
		Adding to DB the URL https://time.com/6073345/delta-variant-covid-19/
	Result [32]  Processing URL https://governor.wv.gov/Pages/WV-COVID-19-actions-and-executive-orders.aspx
		! Error getting the content of the web.
		! can't compare offset-naive and offset-aware datetimes
		<class 'TypeError'>
		The content of the pages were not string. Verify.
		Different. The content of https://m.economictimes.com/news/international/world-news/how-the-united-states-beat-the-coronavirus-variants-for-now/articleshow/82652253.cms has distance with https://governor.wv.gov/Pages/WV-COVID-19-actions-and-executive-orders.aspx of: False. Discarding.
	Result [33]  Processing URL https://www.lowyinstitute.org/the-interpreter/debate/coronavirus-pandemic
		! Timeout waiting for the web server to answer.  We ignore and continue.
		The content of the pages were not string. Verify.
		Different. The content of https://m.economictimes.com/news/international/world-news/how-the-united-states-beat-the-coronavirus-variants-for-now/articleshow/82652253.cms has distance with https://www.lowyinstitute.org/the-interpreter/debate/coronavirus-pandemic of: False. Discarding.
	Result [34]  Processing URL https://www.aljazeera.com/opinions/2020/5/3/the-impact-of-coronavirus-could-compare-to-the-great-depression
		Date found in the API results: 2020-05-03T00:00:00
		Date found in the URL: 2020-05-03 00:00:00
		The content of https://m.economictimes.com/news/international/world-news/how-the-united-states-beat-the-coronavirus-variants-for-now/articleshow/82652253.cms has distance with https://www.aljazeera.com/opinions/2020/5/3/the-impact-of-coronavirus-could-compare-to-the-great-depression of : 0.3565. Keeping.
		Adding to DB the URL https://www.aljazeera.com/opinions/2020/5/3/the-impact-of-coronavirus-could-compare-to-the-great-depression
	Result [35]  Processing URL https://www.sfchronicle.com/coronavirus/article/Coronavirus-live-updates-Bay-Area-sees-plunge-in-15993567.php
		Date found in the API results: 2021-06-27T00:00:00
		The content of https://m.economictimes.com/news/international/world-news/how-the-united-states-beat-the-coronavirus-variants-for-now/articleshow/82652253.cms has distance with https://www.sfchronicle.com/coronavirus/article/Coronavirus-live-updates-Bay-Area-sees-plunge-in-15993567.php of : 0.3287. Keeping.
		Adding to DB the URL https://www.sfchronicle.com/coronavirus/article/Coronavirus-live-updates-Bay-Area-sees-plunge-in-15993567.php
	Result [36]  Processing URL https://www.bbc.com/news/world-asia-52344299
		Date found in the API results: 2020-04-20T00:00:00
		The content of https://m.economictimes.com/news/international/world-news/how-the-united-states-beat-the-coronavirus-variants-for-now/articleshow/82652253.cms has distance with https://www.bbc.com/news/world-asia-52344299 of : 0.3233. Keeping.
		Adding to DB the URL https://www.bbc.com/news/world-asia-52344299
	Result [37]  Processing URL https://www.pbs.org/newshour/health/covid-19-vaccines-can-adapt-to-new-variants-heres-what-it-will-take
		Date found in the API results: 2021-02-09T00:00:00
		The content of https://m.economictimes.com/news/international/world-news/how-the-united-states-beat-the-coronavirus-variants-for-now/articleshow/82652253.cms has distance with https://www.pbs.org/newshour/health/covid-19-vaccines-can-adapt-to-new-variants-heres-what-it-will-take of : 0.3412. Keeping.
		Adding to DB the URL https://www.pbs.org/newshour/health/covid-19-vaccines-can-adapt-to-new-variants-heres-what-it-will-take
	Result [38]  Processing URL https://www.pharmaceutical-technology.com/news/covid-commentators
		Different. The content of https://m.economictimes.com/news/international/world-news/how-the-united-states-beat-the-coronavirus-variants-for-now/articleshow/82652253.cms has distance with https://www.pharmaceutical-technology.com/news/covid-commentators of: 0.2974. Discarding.
	Result [39]  Processing URL https://fortune.com/
		The content of https://m.economictimes.com/news/international/world-news/how-the-united-states-beat-the-coronavirus-variants-for-now/articleshow/82652253.cms has distance with https://fortune.com/ of : 0.3814. Keeping.
		Adding to DB the URL https://fortune.com/
	Result [40]  Processing URL https://www.clinicaltrialsarena.com/news/coronavirus-timeline/
		Different. The content of https://m.economictimes.com/news/international/world-news/how-the-united-states-beat-the-coronavirus-variants-for-now/articleshow/82652253.cms has distance with https://www.clinicaltrialsarena.com/news/coronavirus-timeline/ of: 0.2975. Discarding.
	Result [41]  Processing URL https://www.npr.org/sections/goatsandsoda/2021/05/12/995855343/will-covid-19-vaccines-still-work-against-the-variant-from-india
		Date found in the API results: None
		Date found in the URL: 2021-05-12 00:00:00
		The content of https://m.economictimes.com/news/international/world-news/how-the-united-states-beat-the-coronavirus-variants-for-now/articleshow/82652253.cms has distance with https://www.npr.org/sections/goatsandsoda/2021/05/12/995855343/will-covid-19-vaccines-still-work-against-the-variant-from-india of : 0.3066688840844836. Keeping.
		Adding to DB the URL https://www.npr.org/sections/goatsandsoda/2021/05/12/995855343/will-covid-19-vaccines-still-work-against-the-variant-from-india
	Result [42]  Processing URL http://www.tampabayos.com/u1io3n/news-in-lebanon-now
		The content of https://m.economictimes.com/news/international/world-news/how-the-united-states-beat-the-coronavirus-variants-for-now/articleshow/82652253.cms has distance with http://www.tampabayos.com/u1io3n/news-in-lebanon-now of : 0.3409. Keeping.
		Adding to DB the URL http://www.tampabayos.com/u1io3n/news-in-lebanon-now
	Result [43]  Processing URL https://www.washingtonpost.com/washington-post-live/2021/07/08/transcript-leadership-during-crisis-seattle-mayor-jenny-durkan/
		Date found in the API results: None
		! Timeout waiting for the web server to answer.  We ignore and continue.
		The content of the pages were not string. Verify.
		Different. The content of https://m.economictimes.com/news/international/world-news/how-the-united-states-beat-the-coronavirus-variants-for-now/articleshow/82652253.cms has distance with https://www.washingtonpost.com/washington-post-live/2021/07/08/transcript-leadership-during-crisis-seattle-mayor-jenny-durkan/ of: False. Discarding.
	Result [44]  Processing URL https://www.telegraph.co.uk/global-health/science-and-disease/coronavirus-news-covid-india-variant-uk-vaccinated-jabs-indoors/
		Date found in the API results: None
		! Error getting the content of the web.
		! signed integer is greater than maximum
		<class 'OverflowError'>
		The content of the pages were not string. Verify.
		Different. The content of https://m.economictimes.com/news/international/world-news/how-the-united-states-beat-the-coronavirus-variants-for-now/articleshow/82652253.cms has distance with https://www.telegraph.co.uk/global-health/science-and-disease/coronavirus-news-covid-india-variant-uk-vaccinated-jabs-indoors/ of: False. Discarding.
	Result [45]  Processing URL https://www.raps.org/news-and-articles/news-articles/2021/5/recon-sanofi-gks-report-positive-interim-results-f
		Date found in the API results: None
		Date found in the content of the page: None
		Different. The content of https://m.economictimes.com/news/international/world-news/how-the-united-states-beat-the-coronavirus-variants-for-now/articleshow/82652253.cms has distance with https://www.raps.org/news-and-articles/news-articles/2021/5/recon-sanofi-gks-report-positive-interim-results-f of: 0.10270568746548868. Discarding.
	Result [46]  Processing URL https://www.nature.com/articles/d41586-021-00220-x
		Date found in the API results: 2021-01-26T00:00:00
		The content of https://m.economictimes.com/news/international/world-news/how-the-united-states-beat-the-coronavirus-variants-for-now/articleshow/82652253.cms has distance with https://www.nature.com/articles/d41586-021-00220-x of : 0.3484. Keeping.
		Adding to DB the URL https://www.nature.com/articles/d41586-021-00220-x
	Result [47]  Processing URL https://www.civilbeat.org/2021/03/chad-blair-goodbye-covid-19-hello-climate-change/
		Date found in the API results: 2021-03-28T00:00:00
		The content of https://m.economictimes.com/news/international/world-news/how-the-united-states-beat-the-coronavirus-variants-for-now/articleshow/82652253.cms has distance with https://www.civilbeat.org/2021/03/chad-blair-goodbye-covid-19-hello-climate-change/ of : 0.3319. Keeping.
		Adding to DB the URL https://www.civilbeat.org/2021/03/chad-blair-goodbye-covid-19-hello-climate-change/
	Result [48]  Processing URL https://www.hrw.org/report/2021/05/17/years-dont-wait-them/increased-inequalities-childrens-right-education-due-covid
		Date found in the API results: None
		Date found in the URL: 2021-05-17 00:00:00
		The content of https://m.economictimes.com/news/international/world-news/how-the-united-states-beat-the-coronavirus-variants-for-now/articleshow/82652253.cms has distance with https://www.hrw.org/report/2021/05/17/years-dont-wait-them/increased-inequalities-childrens-right-education-due-covid of : 0.3286. Keeping.
		Adding to DB the URL https://www.hrw.org/report/2021/05/17/years-dont-wait-them/increased-inequalities-childrens-right-education-due-covid
	Result [49]  Processing URL https://www.newyorker.com/science/medical-dispatch/what-the-coronavirus-variants-mean-for-the-end-of-the-pandemic
		Date found in the API results: 2021-03-07T00:00:00
		The content of https://m.economictimes.com/news/international/world-news/how-the-united-states-beat-the-coronavirus-variants-for-now/articleshow/82652253.cms has distance with https://www.newyorker.com/science/medical-dispatch/what-the-coronavirus-variants-mean-for-the-end-of-the-pandemic of : 0.3236. Keeping.
		Adding to DB the URL https://www.newyorker.com/science/medical-dispatch/what-the-coronavirus-variants-mean-for-the-end-of-the-pandemic
	Result [50]  Processing URL https://www.imf.org/-/media/Files/Publications/WEO/2021/April/English/Ch1.ashx
		Date found in the URL: 2021-04-12 00:00:00
		Different. The content of https://m.economictimes.com/news/international/world-news/how-the-united-states-beat-the-coronavirus-variants-for-now/articleshow/82652253.cms has distance with https://www.imf.org/-/media/Files/Publications/WEO/2021/April/English/Ch1.ashx of: 0.1633. Discarding.
	Result [51]  Processing URL https://federalnewsnetwork.com/government-news/2021/07/the-latest-china-locks-down-city-near-myanmar-over-virus/
		Date found in the API results: 2021-07-12
		Different. The content of https://m.economictimes.com/news/international/world-news/how-the-united-states-beat-the-coronavirus-variants-for-now/articleshow/82652253.cms has distance with https://federalnewsnetwork.com/government-news/2021/07/the-latest-china-locks-down-city-near-myanmar-over-virus/ of: 0.2974. Discarding.
	Result [52]  Processing URL https://www.nature.com/articles/d41586-021-00220-x
		Date found in the API results: 2021-01-26T00:00:00
		The content of https://m.economictimes.com/news/international/world-news/how-the-united-states-beat-the-coronavirus-variants-for-now/articleshow/82652253.cms has distance with https://www.nature.com/articles/d41586-021-00220-x of : 0.3484. Keeping.
		Adding to DB the URL https://www.nature.com/articles/d41586-021-00220-x
	Result [53]  Processing URL https://www.cnn.com/2021/03/12/economy/stimulus-economy-biden-china/index.html
		Date found in the API results: 2021-03-12T00:00:00
		Date found in the URL: 2021-03-12 00:00:00
		The content of https://m.economictimes.com/news/international/world-news/how-the-united-states-beat-the-coronavirus-variants-for-now/articleshow/82652253.cms has distance with https://www.cnn.com/2021/03/12/economy/stimulus-economy-biden-china/index.html of : 0.409. Keeping.
		Adding to DB the URL https://www.cnn.com/2021/03/12/economy/stimulus-economy-biden-china/index.html
	Result [54]  Processing URL https://www.cnn.com/world/live-news/coronavirus-pandemic-vaccine-updates-02-18-21/index.html
		The content of https://m.economictimes.com/news/international/world-news/how-the-united-states-beat-the-coronavirus-variants-for-now/articleshow/82652253.cms has distance with https://www.cnn.com/world/live-news/coronavirus-pandemic-vaccine-updates-02-18-21/index.html of : 0.3382. Keeping.
		Adding to DB the URL https://www.cnn.com/world/live-news/coronavirus-pandemic-vaccine-updates-02-18-21/index.html
	Result [55]  Processing URL https://www.consilium.europa.eu/en/policies/coronavirus/
		The content of https://m.economictimes.com/news/international/world-news/how-the-united-states-beat-the-coronavirus-variants-for-now/articleshow/82652253.cms has distance with https://www.consilium.europa.eu/en/policies/coronavirus/ of : 0.3133. Keeping.
		Adding to DB the URL https://www.consilium.europa.eu/en/policies/coronavirus/
	Result [56]  Processing URL https://www.project-syndicate.org/commentary/us-still-needs-testing-contact-tracing-quarantines-by-william-a-haseltine-2021-03
		Date found in the API results: 2021-03-18T00:00:00
		! Error getting the content of the web.
		! can't compare offset-naive and offset-aware datetimes
		<class 'TypeError'>
		The content of the pages were not string. Verify.
		Different. The content of https://m.economictimes.com/news/international/world-news/how-the-united-states-beat-the-coronavirus-variants-for-now/articleshow/82652253.cms has distance with https://www.project-syndicate.org/commentary/us-still-needs-testing-contact-tracing-quarantines-by-william-a-haseltine-2021-03 of: False. Discarding.
	Result [57]  Processing URL https://investors.modernatx.com/news-releases/news-release-details/moderna-covid-19-vaccine-retains-neutralizing-activity-against
		Date found in the API results: 2021-01-25T00:00:00
		! Error getting the content of the web.
		! unsupported operand type(s) for +: 'int' and 'str'
		<class 'TypeError'>
		The content of the pages were not string. Verify.
		Different. The content of https://m.economictimes.com/news/international/world-news/how-the-united-states-beat-the-coronavirus-variants-for-now/articleshow/82652253.cms has distance with https://investors.modernatx.com/news-releases/news-release-details/moderna-covid-19-vaccine-retains-neutralizing-activity-against of: False. Discarding.
	Result [58]  Processing URL https://www.who.int/news/item/08-04-2021-covax-reaches-over-100-economies-42-days-after-first-international-delivery
		Date found in the API results: 2021-04-08T00:00:00
		Date found in the URL: 2021-08-04 00:00:00
		The content of https://m.economictimes.com/news/international/world-news/how-the-united-states-beat-the-coronavirus-variants-for-now/articleshow/82652253.cms has distance with https://www.who.int/news/item/08-04-2021-covax-reaches-over-100-economies-42-days-after-first-international-delivery of : 0.334. Keeping.
		Adding to DB the URL https://www.who.int/news/item/08-04-2021-covax-reaches-over-100-economies-42-days-after-first-international-delivery
	Result [59]  Processing URL https://portal.ct.gov/Office-of-the-Governor/News/Press-Releases/2021/02-2021/Governor-Lamont-Announces-Connecticut-Will-Continue-Age-Based-Approach-To-COVID-Vaccine
		Date found in the API results: 2021-02-22T00:00:00
		Date found in the URL: 2021-02-20 00:00:00
		The content of https://m.economictimes.com/news/international/world-news/how-the-united-states-beat-the-coronavirus-variants-for-now/articleshow/82652253.cms has distance with https://portal.ct.gov/Office-of-the-Governor/News/Press-Releases/2021/02-2021/Governor-Lamont-Announces-Connecticut-Will-Continue-Age-Based-Approach-To-COVID-Vaccine of : 0.3096. Keeping.
		Adding to DB the URL https://portal.ct.gov/Office-of-the-Governor/News/Press-Releases/2021/02-2021/Governor-Lamont-Announces-Connecticut-Will-Continue-Age-Based-Approach-To-COVID-Vaccine
	Result [60]  Processing URL https://www.oecd.org/coronavirus/policy-responses/access-to-covid-19-vaccines-global-approaches-in-a-global-crisis-c6a18370/
		Date found in the API results: 2021-03-18T00:00:00
		The content of https://m.economictimes.com/news/international/world-news/how-the-united-states-beat-the-coronavirus-variants-for-now/articleshow/82652253.cms has distance with https://www.oecd.org/coronavirus/policy-responses/access-to-covid-19-vaccines-global-approaches-in-a-global-crisis-c6a18370/ of : 0.3409. Keeping.
		Adding to DB the URL https://www.oecd.org/coronavirus/policy-responses/access-to-covid-19-vaccines-global-approaches-in-a-global-crisis-c6a18370/
	Result [61]  Processing URL https://www.cfr.org/in-brief/how-dangerous-are-new-covid-19-strains
		Date found in the API results: 2021-01-07T00:00:00
		The content of https://m.economictimes.com/news/international/world-news/how-the-united-states-beat-the-coronavirus-variants-for-now/articleshow/82652253.cms has distance with https://www.cfr.org/in-brief/how-dangerous-are-new-covid-19-strains of : 0.321. Keeping.
		Adding to DB the URL https://www.cfr.org/in-brief/how-dangerous-are-new-covid-19-strains
	Result [62]  Processing URL https://www.reuters.com/video/
		Date found in the API results: 2021-07-12
		The content of https://m.economictimes.com/news/international/world-news/how-the-united-states-beat-the-coronavirus-variants-for-now/articleshow/82652253.cms has distance with https://www.reuters.com/video/ of : 0.3652. Keeping.
		Adding to DB the URL https://www.reuters.com/video/
	Result [63]  Processing URL https://www.ncbi.nlm.nih.gov/pmc/articles/PMC7435223/
		The content of https://m.economictimes.com/news/international/world-news/how-the-united-states-beat-the-coronavirus-variants-for-now/articleshow/82652253.cms has distance with https://www.ncbi.nlm.nih.gov/pmc/articles/PMC7435223/ of : 0.3402. Keeping.
		Adding to DB the URL https://www.ncbi.nlm.nih.gov/pmc/articles/PMC7435223/
	Result [64]  Processing URL https://www.as-coa.org/articles/coronavirus-latin-america
		Date found in the API results: 2021-02-10T00:00:00
		The content of https://m.economictimes.com/news/international/world-news/how-the-united-states-beat-the-coronavirus-variants-for-now/articleshow/82652253.cms has distance with https://www.as-coa.org/articles/coronavirus-latin-america of : 0.3117. Keeping.
		Adding to DB the URL https://www.as-coa.org/articles/coronavirus-latin-america
	Result [65]  Processing URL https://www.modernhealthcare.com/safety-quality/coronavirus-outbreak-live-updates-covid-19
		Date found in the API results: 2020-12-26T00:00:00
		The content of https://m.economictimes.com/news/international/world-news/how-the-united-states-beat-the-coronavirus-variants-for-now/articleshow/82652253.cms has distance with https://www.modernhealthcare.com/safety-quality/coronavirus-outbreak-live-updates-covid-19 of : 0.3603. Keeping.
		Adding to DB the URL https://www.modernhealthcare.com/safety-quality/coronavirus-outbreak-live-updates-covid-19
	Result [66]  Processing URL https://www.capradio.org/
		Date found in the content of the page: None
		Different. The content of https://m.economictimes.com/news/international/world-news/how-the-united-states-beat-the-coronavirus-variants-for-now/articleshow/82652253.cms has distance with https://www.capradio.org/ of: 0.26198975632469346. Discarding.
	Result [67]  Processing URL https://www.c-span.org/video/?508352-1/president-biden-announces-purchase-additional-200-million-vaccines
		Date found in the API results: 2021-01-26T00:00:00
		The content of https://m.economictimes.com/news/international/world-news/how-the-united-states-beat-the-coronavirus-variants-for-now/articleshow/82652253.cms has distance with https://www.c-span.org/video/?508352-1/president-biden-announces-purchase-additional-200-million-vaccines of : 0.3216. Keeping.
		Adding to DB the URL https://www.c-span.org/video/?508352-1/president-biden-announces-purchase-additional-200-million-vaccines
	Result [68]  Processing URL https://www.theatlantic.com/
		The content of https://m.economictimes.com/news/international/world-news/how-the-united-states-beat-the-coronavirus-variants-for-now/articleshow/82652253.cms has distance with https://www.theatlantic.com/ of : 0.3606. Keeping.
		Adding to DB the URL https://www.theatlantic.com/
	Result [69]  Processing URL https://www.usnews.com/news/best-states/georgia/articles/2021-07-09/q-a-with-georgia-gov-kemp-voters-know-what-the-truth-is
		Date found in the API results: 2021-07-08T23:55:22.552837
		! Timeout waiting for the web server to answer.  We ignore and continue.
		The content of the pages were not string. Verify.
		Different. The content of https://m.economictimes.com/news/international/world-news/how-the-united-states-beat-the-coronavirus-variants-for-now/articleshow/82652253.cms has distance with https://www.usnews.com/news/best-states/georgia/articles/2021-07-09/q-a-with-georgia-gov-kemp-voters-know-what-the-truth-is of: False. Discarding.
	Result [70]  Processing URL https://www.modbee.com/news/article252724123.html
		Date found in the API results: 2021-07-12
		! Timeout waiting for the web server to answer.  We ignore and continue.
		The content of the pages were not string. Verify.
		Different. The content of https://m.economictimes.com/news/international/world-news/how-the-united-states-beat-the-coronavirus-variants-for-now/articleshow/82652253.cms has distance with https://www.modbee.com/news/article252724123.html of: False. Discarding.
	Result [71]  Processing URL https://abcnews.go.com/US/video/abc-news-live-delta-variant-fuels-surge-covid-78798149
		Date found in the API results: None
		The content of https://m.economictimes.com/news/international/world-news/how-the-united-states-beat-the-coronavirus-variants-for-now/articleshow/82652253.cms has distance with https://abcnews.go.com/US/video/abc-news-live-delta-variant-fuels-surge-covid-78798149 of : 0.3427. Keeping.
		Adding to DB the URL https://abcnews.go.com/US/video/abc-news-live-delta-variant-fuels-surge-covid-78798149
	Result [72]  Processing URL https://www.thehindu.com/news/national/andhra-pradesh/mass-inoculation-key-to-checking-covid-19-experts/article35291437.ece
		Date found in the API results: None
		The content of https://m.economictimes.com/news/international/world-news/how-the-united-states-beat-the-coronavirus-variants-for-now/articleshow/82652253.cms has distance with https://www.thehindu.com/news/national/andhra-pradesh/mass-inoculation-key-to-checking-covid-19-experts/article35291437.ece of : 0.3661. Keeping.
		Adding to DB the URL https://www.thehindu.com/news/national/andhra-pradesh/mass-inoculation-key-to-checking-covid-19-experts/article35291437.ece
	Result [73]  Processing URL https://www.wiscnews.com/news/national/stocks-edge-higher-ahead-of-earnings-season-banks-in-focus/article_89c69cc7-f4e7-51c5-ba9c-b2a4307f22d9.html
		Date found in the content of the page: None
		The content of https://m.economictimes.com/news/international/world-news/how-the-united-states-beat-the-coronavirus-variants-for-now/articleshow/82652253.cms has distance with https://www.wiscnews.com/news/national/stocks-edge-higher-ahead-of-earnings-season-banks-in-focus/article_89c69cc7-f4e7-51c5-ba9c-b2a4307f22d9.html of : 0.3237653547254951. Keeping.
		Adding to DB the URL https://www.wiscnews.com/news/national/stocks-edge-higher-ahead-of-earnings-season-banks-in-focus/article_89c69cc7-f4e7-51c5-ba9c-b2a4307f22d9.html
	Result [74]  Processing URL https://auburnpub.com/news/national/stock-indexes-notch-more-records-ahead-of-earnings-reports/article_7dde871c-94f8-58bb-9b18-cfb7bcd72376.html
		The content of https://m.economictimes.com/news/international/world-news/how-the-united-states-beat-the-coronavirus-variants-for-now/articleshow/82652253.cms has distance with https://auburnpub.com/news/national/stock-indexes-notch-more-records-ahead-of-earnings-reports/article_7dde871c-94f8-58bb-9b18-cfb7bcd72376.html of : 0.3362. Keeping.
		Adding to DB the URL https://auburnpub.com/news/national/stock-indexes-notch-more-records-ahead-of-earnings-reports/article_7dde871c-94f8-58bb-9b18-cfb7bcd72376.html
	Result [75]  Processing URL https://www.indexjournal.com/news/national/stocks-edge-higher-ahead-of-earnings-season-banks-in-focus/article_1139117d-5f97-5e99-8a6f-19eecb5f1bc2.html
		Date found in the API results: None
		Date found in the content of the page: None
		The content of https://m.economictimes.com/news/international/world-news/how-the-united-states-beat-the-coronavirus-variants-for-now/articleshow/82652253.cms has distance with https://www.indexjournal.com/news/national/stocks-edge-higher-ahead-of-earnings-season-banks-in-focus/article_1139117d-5f97-5e99-8a6f-19eecb5f1bc2.html of : 0.3166043091214037. Keeping.
		Adding to DB the URL https://www.indexjournal.com/news/national/stocks-edge-higher-ahead-of-earnings-season-banks-in-focus/article_1139117d-5f97-5e99-8a6f-19eecb5f1bc2.html
	Result [76]  Processing URL https://www.cbs17.com/news/lockdowns-in-asia-as-some-nations-see-1st-major-virus-surges/
		Date found in the API results: None
		Date found in the content of the page: None
		Different. The content of https://m.economictimes.com/news/international/world-news/how-the-united-states-beat-the-coronavirus-variants-for-now/articleshow/82652253.cms has distance with https://www.cbs17.com/news/lockdowns-in-asia-as-some-nations-see-1st-major-virus-surges/ of: 0.21684993531694696. Discarding.
	Result [77]  Processing URL https://www.swoknews.com/ap/business/the-latest-idaho-senators-eye-blocking-required-vaccination/article_38063e52-e324-5922-891f-7cb3c5f40714.html
		Date found in the API results: None
		The content of https://m.economictimes.com/news/international/world-news/how-the-united-states-beat-the-coronavirus-variants-for-now/articleshow/82652253.cms has distance with https://www.swoknews.com/ap/business/the-latest-idaho-senators-eye-blocking-required-vaccination/article_38063e52-e324-5922-891f-7cb3c5f40714.html of : 0.3246. Keeping.
		Adding to DB the URL https://www.swoknews.com/ap/business/the-latest-idaho-senators-eye-blocking-required-vaccination/article_38063e52-e324-5922-891f-7cb3c5f40714.html
	Result [78]  Processing URL https://www.idahostatesman.com/news/business/article252724123.html
		Date found in the API results: None
		! Timeout waiting for the web server to answer.  We ignore and continue.
		The content of the pages were not string. Verify.
		Different. The content of https://m.economictimes.com/news/international/world-news/how-the-united-states-beat-the-coronavirus-variants-for-now/articleshow/82652253.cms has distance with https://www.idahostatesman.com/news/business/article252724123.html of: False. Discarding.
	Result [79]  Processing URL https://www.forbes.com/sites/coronavirusfrontlines/2021/04/21/to-beat-covid-variants-the-us-must-do-more-to-find-them/
		Date found in the API results: 2021-04-21T00:00:00
		Date found in the URL: 2021-04-21 00:00:00
		The content of https://m.economictimes.com/news/international/world-news/how-the-united-states-beat-the-coronavirus-variants-for-now/articleshow/82652253.cms has distance with https://www.forbes.com/sites/coronavirusfrontlines/2021/04/21/to-beat-covid-variants-the-us-must-do-more-to-find-them/ of : 0.3352. Keeping.
		Adding to DB the URL https://www.forbes.com/sites/coronavirusfrontlines/2021/04/21/to-beat-covid-variants-the-us-must-do-more-to-find-them/
	Result [80]  Processing URL https://www.un.org/en/coronavirus/un-secretary-general
		The content of https://m.economictimes.com/news/international/world-news/how-the-united-states-beat-the-coronavirus-variants-for-now/articleshow/82652253.cms has distance with https://www.un.org/en/coronavirus/un-secretary-general of : 0.3324. Keeping.
		Adding to DB the URL https://www.un.org/en/coronavirus/un-secretary-general
	Result [81]  Processing URL https://www.rockefellerfoundation.org/national-covid-19-testing-action-plan/
		Different. The content of https://m.economictimes.com/news/international/world-news/how-the-united-states-beat-the-coronavirus-variants-for-now/articleshow/82652253.cms has distance with https://www.rockefellerfoundation.org/national-covid-19-testing-action-plan/ of: 0.2987. Discarding.
	Result [82]  Processing URL https://www.usatoday.com/story/opinion/2021/03/04/covid-19-masks-distancing-still-needed-stop-variants-column/6875140002/
		Date found in the API results: 2021-03-04T00:00:00
		Date found in the URL: 2021-03-04 00:00:00
		Different. The content of https://m.economictimes.com/news/international/world-news/how-the-united-states-beat-the-coronavirus-variants-for-now/articleshow/82652253.cms has distance with https://www.usatoday.com/story/opinion/2021/03/04/covid-19-masks-distancing-still-needed-stop-variants-column/6875140002/ of: 0.2915. Discarding.
	Result [83]  Processing URL https://www.frontiersin.org/articles/10.3389/fpubh.2020.577018/full
		Date found in the API results: 2021-01-12T00:00:00
		Date found in the URL: 2020-07-12 00:00:00
		Different. The content of https://m.economictimes.com/news/international/world-news/how-the-united-states-beat-the-coronavirus-variants-for-now/articleshow/82652253.cms has distance with https://www.frontiersin.org/articles/10.3389/fpubh.2020.577018/full of: 0.2961. Discarding.
	Result [84]  Processing URL https://www.state.gov/u-s-relations-with-israel/
		Date found in the API results: 2021-01-20T00:00:00
		The content of https://m.economictimes.com/news/international/world-news/how-the-united-states-beat-the-coronavirus-variants-for-now/articleshow/82652253.cms has distance with https://www.state.gov/u-s-relations-with-israel/ of : 0.3308. Keeping.
		Adding to DB the URL https://www.state.gov/u-s-relations-with-israel/
	Result [85]  Processing URL https://www.thestreet.com/latest-news/there-are-no-covid-super-strains-yet-says-virologist-vincent-racaniello
		Date found in the API results: 2021-04-04T00:00:00
		The content of https://m.economictimes.com/news/international/world-news/how-the-united-states-beat-the-coronavirus-variants-for-now/articleshow/82652253.cms has distance with https://www.thestreet.com/latest-news/there-are-no-covid-super-strains-yet-says-virologist-vincent-racaniello of : 0.352. Keeping.
		Adding to DB the URL https://www.thestreet.com/latest-news/there-are-no-covid-super-strains-yet-says-virologist-vincent-racaniello
	Result [86]  Processing URL https://www.lackawannacounty.org/
		The content of https://m.economictimes.com/news/international/world-news/how-the-united-states-beat-the-coronavirus-variants-for-now/articleshow/82652253.cms has distance with https://www.lackawannacounty.org/ of : 0.3255. Keeping.
		Adding to DB the URL https://www.lackawannacounty.org/

== Level 0. Twitter search by title as How the United States beat the coronavirus variants, for now - The Economic Times
https://api.twitter.com/2/tweets/search/all?query=%22How+the+United+States+beat+the+coronavirus+variants%2C+for+now+-+The+Economic+Times%22&max_results=100&tweet.fields=author_id%2Cpublic_metrics%2Ccreated_at&start_time=2018-07-13T23%3A56%3A10.479974Z
	Downloaded 0 twitter content

== Level 0. VK search by title as How the United States beat the coronavirus variants, for now - The Economic Times
	Result [0]  Processing URL https://vk.com/id-191739538?w=wall-191739538_18506. Date: 2021-03-06 17:31:24
	Result [1]  Processing URL https://vk.com/id-191740297?w=wall-191740297_14075. Date: 2021-03-06 03:40:19
	Result [2]  Processing URL https://vk.com/id-191740297?w=wall-191740297_13805. Date: 2021-03-01 02:43:49
	Result [3]  Processing URL https://vk.com/id-191739538?w=wall-191739538_17891. Date: 2021-02-22 15:57:51
	Result [4]  Processing URL https://vk.com/id-195212510?w=wall-195212510_2386. Date: 2020-10-25 17:32:44
In total was found 5
