Searching the distribution graph of URL https://www.dw.com/en/uks-new-immigration-system-to-shut-door-on-low-skilled-eu-workers/a-52428669. Using 1 levels.

Main title: UK′s new immigration system to shut door on low-skilled EU workers | News | DW | 19.02.2020
In level 0 were found 1 urls including original

== Level 0. Google search by LINKS to https://www.dw.com/en/uks-new-immigration-system-to-shut-door-on-low-skilled-eu-workers/a-52428669
	Total amount of results retrieved: 7
	Result [1]  Processing URL https://www.dw.com/en/uks-new-immigration-system-to-shut-door-on-low-skilled-eu-workers/a-52428669
		Date found in the API results: 2020-02-19T00:00:00
		Repeated url: https://www.dw.com/en/uks-new-immigration-system-to-shut-door-on-low-skilled-eu-workers/a-52428669.  Discarding.  
	Result [2]  Processing URL https://www.dw.com/en/sitemap-detail-from-2020-02-01-to-2020-07-01.xml
		Blacklisted url: https://www.dw.com/en/sitemap-detail-from-2020-02-01-to-2020-07-01.xml.  Discarding.  
	Result [3]  Processing URL https://www.dw.com/en/sitemap-detail-from-2019-12-01-to-2020-06-01.xml
		Blacklisted url: https://www.dw.com/en/sitemap-detail-from-2019-12-01-to-2020-06-01.xml.  Discarding.  
	Result [4]  Processing URL https://www.dw.com/en/sitemap-detail-from-2019-12-01-to-2020-05-01.xml
		Blacklisted url: https://www.dw.com/en/sitemap-detail-from-2019-12-01-to-2020-05-01.xml.  Discarding.  
	Result [5]  Processing URL https://www.dw.com/en/sitemap-detail-from-2019-12-01-to-2020-03-01.xml
		Blacklisted url: https://www.dw.com/en/sitemap-detail-from-2019-12-01-to-2020-03-01.xml.  Discarding.  
	Result [6]  Processing URL http://82.146.41.40/snippet/labour%20immigration%20policy%20uk.txt
		Not in content. The URL https://www.dw.com/en/uks-new-immigration-system-to-shut-door-on-low-skilled-eu-workers/a-52428669 is not in the content of site http://82.146.41.40/snippet/labour%20immigration%20policy%20uk.txt  Discarding.
	Result [7]  Processing URL https://themomentum.co/no-visas-for-low-skilled-workers/
		Date found in the API results: 2020-02-19T00:00:00
		The URL https://www.dw.com/en/uks-new-immigration-system-to-shut-door-on-low-skilled-eu-workers/a-52428669 IS in the content of site https://themomentum.co/no-visas-for-low-skilled-workers/  Keeping.
		Adding to DB the URL https://themomentum.co/no-visas-for-low-skilled-workers/
		Date found in the API results: 2020-02-19T00:00:00

== Level 0. Twitter search by LINKS as https://www.dw.com/en/uks-new-immigration-system-to-shut-door-on-low-skilled-eu-workers/a-52428669
https://api.twitter.com/2/tweets/search/all?query=url+%3A+https%253A%252F%252Fwww.dw.com%252Fen%252Fuks-new-immigration-system-to-shut-door-on-low-skilled-eu-workers%252Fa-52428669&max_results=100&tweet.fields=author_id%2Cpublic_metrics%2Ccreated_at&start_time=2020-07-12T23%3A56%3A53.326922Z
	Downloaded 0 twitter content

== Level 0. VK search by LINKS as https://www.dw.com/en/uks-new-immigration-system-to-shut-door-on-low-skilled-eu-workers/a-52428669
In total was found 0

== Level 0. Google search by TITLE as UK′s new immigration system to shut door on low-skilled EU workers | News | DW | 19.02.2020
	Total amount of results retrieved: 86
	Result [1]  Processing URL https://www.dw.com/en/uks-new-immigration-system-to-shut-door-on-low-skilled-eu-workers/a-52428669
		Date found in the API results: 2020-02-19T00:00:00
		Repeated url: https://www.dw.com/en/uks-new-immigration-system-to-shut-door-on-low-skilled-eu-workers/a-52428669.  Discarding.  
	Result [2]  Processing URL https://www.nytimes.com/2020/02/19/world/europe/uk-immigration-low-skilled-workers.html
		Date found in the API results: 2020-02-19T00:00:00
		Date found in the URL: 2020-02-19 00:00:00
		The content of https://www.dw.com/en/uks-new-immigration-system-to-shut-door-on-low-skilled-eu-workers/a-52428669 has distance with https://www.nytimes.com/2020/02/19/world/europe/uk-immigration-low-skilled-workers.html of : 0.3612. Keeping.
		Adding to DB the URL https://www.nytimes.com/2020/02/19/world/europe/uk-immigration-low-skilled-workers.html
	Result [3]  Processing URL https://www.peoplemanagement.co.uk/news/articles/doors-close-on-low-skilled-migrants-as-government-reveals-new-points-based-system
		Date found in the API results: 2020-02-19T00:00:00
		The content of https://www.dw.com/en/uks-new-immigration-system-to-shut-door-on-low-skilled-eu-workers/a-52428669 has distance with https://www.peoplemanagement.co.uk/news/articles/doors-close-on-low-skilled-migrants-as-government-reveals-new-points-based-system of : 0.341. Keeping.
		Adding to DB the URL https://www.peoplemanagement.co.uk/news/articles/doors-close-on-low-skilled-migrants-as-government-reveals-new-points-based-system
	Result [4]  Processing URL https://www.theguardian.com/uk-news/2020/feb/18/uk-to-close-door-to-non-english-speakers-and-unskilled-workers
		Date found in the API results: 2020-02-18T00:00:00
		Date found in the URL: 2020-02-01 00:00:00
		Different. The content of https://www.dw.com/en/uks-new-immigration-system-to-shut-door-on-low-skilled-eu-workers/a-52428669 has distance with https://www.theguardian.com/uk-news/2020/feb/18/uk-to-close-door-to-non-english-speakers-and-unskilled-workers of: 0.2768. Discarding.
	Result [5]  Processing URL https://www.bbc.com/news/uk-politics-55133506
		Date found in the API results: None
		The content of https://www.dw.com/en/uks-new-immigration-system-to-shut-door-on-low-skilled-eu-workers/a-52428669 has distance with https://www.bbc.com/news/uk-politics-55133506 of : 0.3044. Keeping.
		Adding to DB the URL https://www.bbc.com/news/uk-politics-55133506
	Result [6]  Processing URL https://www.bighospitality.co.uk/Article/2020/02/19/Government-closes-door-on-low-skilled-EU-migrants
		Date found in the API results: 2020-02-19T00:00:00
		Date found in the URL: 2020-02-19 00:00:00
		The content of https://www.dw.com/en/uks-new-immigration-system-to-shut-door-on-low-skilled-eu-workers/a-52428669 has distance with https://www.bighospitality.co.uk/Article/2020/02/19/Government-closes-door-on-low-skilled-EU-migrants of : 0.3283. Keeping.
		Adding to DB the URL https://www.bighospitality.co.uk/Article/2020/02/19/Government-closes-door-on-low-skilled-EU-migrants
	Result [7]  Processing URL https://www.politico.eu/article/uk-shuts-door-unskilled-migrants/
		Date found in the API results: 2020-02-18T00:00:00
		Date found in the content of the page: None
		Different. The content of https://www.dw.com/en/uks-new-immigration-system-to-shut-door-on-low-skilled-eu-workers/a-52428669 has distance with https://www.politico.eu/article/uk-shuts-door-unskilled-migrants/ of: 0.026611472501478415. Discarding.
	Result [8]  Processing URL https://www.forbes.com/sites/freylindsay/2020/02/19/low-skilled-workers-need-not-apply-in-post-brexit-britain/
		Date found in the API results: 2020-02-19T00:00:00
		Date found in the URL: 2020-02-19 00:00:00
		The content of https://www.dw.com/en/uks-new-immigration-system-to-shut-door-on-low-skilled-eu-workers/a-52428669 has distance with https://www.forbes.com/sites/freylindsay/2020/02/19/low-skilled-workers-need-not-apply-in-post-brexit-britain/ of : 0.334. Keeping.
		Adding to DB the URL https://www.forbes.com/sites/freylindsay/2020/02/19/low-skilled-workers-need-not-apply-in-post-brexit-britain/
	Result [9]  Processing URL https://www.lauradevine.com/news/new-immigration-system-is-the-uk-open-for-business-or-closing-its-door/
		Date found in the API results: 2020-02-20T00:00:00
		Date found in the content of the page: None
		Different. The content of https://www.dw.com/en/uks-new-immigration-system-to-shut-door-on-low-skilled-eu-workers/a-52428669 has distance with https://www.lauradevine.com/news/new-immigration-system-is-the-uk-open-for-business-or-closing-its-door/ of: 0.040289458243692546. Discarding.
	Result [10]  Processing URL https://foreignpolicy.com/2020/02/21/boris-johnsons-new-immigration-rules-will-harm-britains-economy/
		Date found in the API results: 2020-02-21T00:00:00
		Date found in the URL: 2020-02-21 00:00:00
		The content of https://www.dw.com/en/uks-new-immigration-system-to-shut-door-on-low-skilled-eu-workers/a-52428669 has distance with https://foreignpolicy.com/2020/02/21/boris-johnsons-new-immigration-rules-will-harm-britains-economy/ of : 0.3303. Keeping.
		Adding to DB the URL https://foreignpolicy.com/2020/02/21/boris-johnsons-new-immigration-rules-will-harm-britains-economy/
	Result [11]  Processing URL https://apnews.com/article/economy-immigration-ap-top-news-london-boris-johnson-f3a13e26b8eba124f8fb4afc40969641
		Date found in the API results: 2020-02-19T00:00:00
		The content of https://www.dw.com/en/uks-new-immigration-system-to-shut-door-on-low-skilled-eu-workers/a-52428669 has distance with https://apnews.com/article/economy-immigration-ap-top-news-london-boris-johnson-f3a13e26b8eba124f8fb4afc40969641 of : 0.3633. Keeping.
		Adding to DB the URL https://apnews.com/article/economy-immigration-ap-top-news-london-boris-johnson-f3a13e26b8eba124f8fb4afc40969641
	Result [12]  Processing URL https://www.thelocal.it/20200219/this-will-mean-nothing-good-for-brits-in-europe-uks-post-brexit-immigration-system-sparks-alarm/
		Date found in the API results: 2020-02-19T00:00:00
		Date found in the URL: 2020-02-19 00:00:00
		Different. The content of https://www.dw.com/en/uks-new-immigration-system-to-shut-door-on-low-skilled-eu-workers/a-52428669 has distance with https://www.thelocal.it/20200219/this-will-mean-nothing-good-for-brits-in-europe-uks-post-brexit-immigration-system-sparks-alarm/ of: 0.25480582146470543. Discarding.
	Result [13]  Processing URL https://assets.publishing.service.gov.uk/government/uploads/system/uploads/attachment_data/file/899755/UK_Points-Based_System_Further_Details_Web_Accessible.pdf
		Date found in the API results: None
		Blacklisted url: https://assets.publishing.service.gov.uk/government/uploads/system/uploads/attachment_data/file/899755/UK_Points-Based_System_Further_Details_Web_Accessible.pdf.  Discarding.  
	Result [14]  Processing URL https://www.personneltoday.com/hr/points-based-immigration-scheme-shuts-out-low-skilled-workers/
		Date found in the API results: 2020-02-19T00:00:00
		The content of https://www.dw.com/en/uks-new-immigration-system-to-shut-door-on-low-skilled-eu-workers/a-52428669 has distance with https://www.personneltoday.com/hr/points-based-immigration-scheme-shuts-out-low-skilled-workers/ of : 0.3244. Keeping.
		Adding to DB the URL https://www.personneltoday.com/hr/points-based-immigration-scheme-shuts-out-low-skilled-workers/
	Result [15]  Processing URL https://www.japantimes.co.jp/news/2020/01/27/world/u-k-open-scientists-closed-low-skill-migrants/
		Date found in the API results: 2020-01-27T00:00:00
		Date found in the URL: 2020-01-27 00:00:00
		The content of https://www.dw.com/en/uks-new-immigration-system-to-shut-door-on-low-skilled-eu-workers/a-52428669 has distance with https://www.japantimes.co.jp/news/2020/01/27/world/u-k-open-scientists-closed-low-skill-migrants/ of : 0.3504. Keeping.
		Adding to DB the URL https://www.japantimes.co.jp/news/2020/01/27/world/u-k-open-scientists-closed-low-skill-migrants/
	Result [16]  Processing URL https://news.sky.com/story/low-skilled-workers-to-be-denied-visas-under-immigration-shake-up-11937527
		Date found in the API results: 2020-02-19T00:00:00
		The content of https://www.dw.com/en/uks-new-immigration-system-to-shut-door-on-low-skilled-eu-workers/a-52428669 has distance with https://news.sky.com/story/low-skilled-workers-to-be-denied-visas-under-immigration-shake-up-11937527 of : 0.3406. Keeping.
		Adding to DB the URL https://news.sky.com/story/low-skilled-workers-to-be-denied-visas-under-immigration-shake-up-11937527
	Result [17]  Processing URL https://www.independent.co.uk/news/uk/politics/brexit-eu-citizens-immigration-rules-work-home-office-a9342766.html
		Date found in the API results: 2020-02-18T00:00:00
		The content of https://www.dw.com/en/uks-new-immigration-system-to-shut-door-on-low-skilled-eu-workers/a-52428669 has distance with https://www.independent.co.uk/news/uk/politics/brexit-eu-citizens-immigration-rules-work-home-office-a9342766.html of : 0.3527. Keeping.
		Adding to DB the URL https://www.independent.co.uk/news/uk/politics/brexit-eu-citizens-immigration-rules-work-home-office-a9342766.html
	Result [18]  Processing URL https://www.brookings.edu/wp-content/uploads/2017/08/hansontextsp17bpea.pdf
		Date found in the API results: None
		Blacklisted url: https://www.brookings.edu/wp-content/uploads/2017/08/hansontextsp17bpea.pdf.  Discarding.  
	Result [19]  Processing URL http://publications.europa.eu/resource/cellar/9f6bf74f-59ed-4c86-83c7-f876b1006d13.0001.03/DOC_2
		Date found in the content of the page: None
		Different. The content of https://www.dw.com/en/uks-new-immigration-system-to-shut-door-on-low-skilled-eu-workers/a-52428669 has distance with http://publications.europa.eu/resource/cellar/9f6bf74f-59ed-4c86-83c7-f876b1006d13.0001.03/DOC_2 of: 0.1568. Discarding.
	Result [20]  Processing URL https://www.cgdev.org/blog/theres-no-such-thing-low-skill-worker
		Date found in the API results: 2021-06-23T00:00:00
		The content of https://www.dw.com/en/uks-new-immigration-system-to-shut-door-on-low-skilled-eu-workers/a-52428669 has distance with https://www.cgdev.org/blog/theres-no-such-thing-low-skill-worker of : 0.3357. Keeping.
		Adding to DB the URL https://www.cgdev.org/blog/theres-no-such-thing-low-skill-worker
	Result [21]  Processing URL https://www.epi.org/publication/temporary-labor-migration-programs-governance-migrant-worker-rights-and-recommendations-for-the-u-n-global-compact-for-migration/
		Date found in the API results: 2018-08-01T00:00:00
		Different. The content of https://www.dw.com/en/uks-new-immigration-system-to-shut-door-on-low-skilled-eu-workers/a-52428669 has distance with https://www.epi.org/publication/temporary-labor-migration-programs-governance-migrant-worker-rights-and-recommendations-for-the-u-n-global-compact-for-migration/ of: 0.2979. Discarding.
	Result [22]  Processing URL https://www.gla.ac.uk/media/Media_597449_smxx.pdf
		Date found in the API results: None
		Blacklisted url: https://www.gla.ac.uk/media/Media_597449_smxx.pdf.  Discarding.  
	Result [23]  Processing URL https://www.prb.org/resources/trends-in-migration-to-the-u-s/
		Different. The content of https://www.dw.com/en/uks-new-immigration-system-to-shut-door-on-low-skilled-eu-workers/a-52428669 has distance with https://www.prb.org/resources/trends-in-migration-to-the-u-s/ of: 0.2928. Discarding.
	Result [24]  Processing URL https://www.bighospitality.co.uk/Article/2020/02/19/Government-closes-door-on-low-skilled-EU-migrants
		Date found in the API results: 2020-02-19T00:00:00
		Date found in the URL: 2020-02-19 00:00:00
		The content of https://www.dw.com/en/uks-new-immigration-system-to-shut-door-on-low-skilled-eu-workers/a-52428669 has distance with https://www.bighospitality.co.uk/Article/2020/02/19/Government-closes-door-on-low-skilled-EU-migrants of : 0.3283. Keeping.
		Adding to DB the URL https://www.bighospitality.co.uk/Article/2020/02/19/Government-closes-door-on-low-skilled-EU-migrants
	Result [25]  Processing URL https://www.hindustantimes.com/world-news/explained-uk-s-points-based-visa-system-and-how-it-could-prove-advantageous-to-india/story-d7RY98TGRGkBAcaYgO8KrN.html
		Date found in the API results: 2020-12-01T00:00:00
		Date found in the content of the page: None
		Different. The content of https://www.dw.com/en/uks-new-immigration-system-to-shut-door-on-low-skilled-eu-workers/a-52428669 has distance with https://www.hindustantimes.com/world-news/explained-uk-s-points-based-visa-system-and-how-it-could-prove-advantageous-to-india/story-d7RY98TGRGkBAcaYgO8KrN.html of: 0.007959407024176699. Discarding.
	Result [26]  Processing URL https://www.faegredrinker.com/en/insights/publications/2020/4/uk-government-releases-new-points-based-immigration-guidance
		Date found in the API results: 2020-04-15T00:00:00
		Different. The content of https://www.dw.com/en/uks-new-immigration-system-to-shut-door-on-low-skilled-eu-workers/a-52428669 has distance with https://www.faegredrinker.com/en/insights/publications/2020/4/uk-government-releases-new-points-based-immigration-guidance of: 0.25756884223337895. Discarding.
	Result [27]  Processing URL https://www.thetimes.co.uk/article/immigration-reforms-will-stop-firms-using-cheap-foreign-labour-l9pgxklrs
		Date found in the API results: 2020-02-19T00:00:00
		The content of https://www.dw.com/en/uks-new-immigration-system-to-shut-door-on-low-skilled-eu-workers/a-52428669 has distance with https://www.thetimes.co.uk/article/immigration-reforms-will-stop-firms-using-cheap-foreign-labour-l9pgxklrs of : 0.3045. Keeping.
		Adding to DB the URL https://www.thetimes.co.uk/article/immigration-reforms-will-stop-firms-using-cheap-foreign-labour-l9pgxklrs
	Result [28]  Processing URL https://www.cfr.org/backgrounder/what-canadas-immigration-policy
		Date found in the API results: 2020-08-03T00:00:00
		The content of https://www.dw.com/en/uks-new-immigration-system-to-shut-door-on-low-skilled-eu-workers/a-52428669 has distance with https://www.cfr.org/backgrounder/what-canadas-immigration-policy of : 0.3291. Keeping.
		Adding to DB the URL https://www.cfr.org/backgrounder/what-canadas-immigration-policy
	Result [29]  Processing URL https://www.nap.edu/read/23550/chapter/6
		The content of https://www.dw.com/en/uks-new-immigration-system-to-shut-door-on-low-skilled-eu-workers/a-52428669 has distance with https://www.nap.edu/read/23550/chapter/6 of : 0.3063. Keeping.
		Adding to DB the URL https://www.nap.edu/read/23550/chapter/6
	Result [30]  Processing URL https://www.jstor.org/stable/20455108
		Date found in the content of the page: None
		Different. The content of https://www.dw.com/en/uks-new-immigration-system-to-shut-door-on-low-skilled-eu-workers/a-52428669 has distance with https://www.jstor.org/stable/20455108 of: 0.20275139207337045. Discarding.
	Result [31]  Processing URL https://www.aph.gov.au/About_Parliament/Parliamentary_Departments/Parliamentary_Library/pubs/BN/1011/AustMigration
		Date found in the content of the page: None
		The content of https://www.dw.com/en/uks-new-immigration-system-to-shut-door-on-low-skilled-eu-workers/a-52428669 has distance with https://www.aph.gov.au/About_Parliament/Parliamentary_Departments/Parliamentary_Library/pubs/BN/1011/AustMigration of : 0.3203. Keeping.
		Adding to DB the URL https://www.aph.gov.au/About_Parliament/Parliamentary_Departments/Parliamentary_Library/pubs/BN/1011/AustMigration
	Result [32]  Processing URL https://www.hindustantimes.com/world-news/explained-uk-s-points-based-visa-system-and-how-it-could-prove-advantageous-to-india/story-d7RY98TGRGkBAcaYgO8KrN.html
		Date found in the API results: 2020-12-01T00:00:00
		Date found in the content of the page: None
		Different. The content of https://www.dw.com/en/uks-new-immigration-system-to-shut-door-on-low-skilled-eu-workers/a-52428669 has distance with https://www.hindustantimes.com/world-news/explained-uk-s-points-based-visa-system-and-how-it-could-prove-advantageous-to-india/story-d7RY98TGRGkBAcaYgO8KrN.html of: 0.007959407024176699. Discarding.
	Result [33]  Processing URL https://www.ncbi.nlm.nih.gov/pmc/articles/PMC4302270/
		The content of https://www.dw.com/en/uks-new-immigration-system-to-shut-door-on-low-skilled-eu-workers/a-52428669 has distance with https://www.ncbi.nlm.nih.gov/pmc/articles/PMC4302270/ of : 0.3025. Keeping.
		Adding to DB the URL https://www.ncbi.nlm.nih.gov/pmc/articles/PMC4302270/
	Result [34]  Processing URL https://www.ilo.org/wcmsp5/groups/public/---asia/---ro-bangkok/---ilo-beijing/documents/publication/wcms_565474.pdf
		Blacklisted url: https://www.ilo.org/wcmsp5/groups/public/---asia/---ro-bangkok/---ilo-beijing/documents/publication/wcms_565474.pdf.  Discarding.  
	Result [35]  Processing URL http://www.nber.org/papers/w14490.pdf
		Blacklisted url: http://www.nber.org/papers/w14490.pdf.  Discarding.  
	Result [36]  Processing URL https://www.gherson.com/blog/post-brexit-britain-going-be-implementing-japanese-style-immigration-policy
		Date found in the API results: 2018-11-08T00:00:00
		Date found in the content of the page: None
		The content of https://www.dw.com/en/uks-new-immigration-system-to-shut-door-on-low-skilled-eu-workers/a-52428669 has distance with https://www.gherson.com/blog/post-brexit-britain-going-be-implementing-japanese-style-immigration-policy of : 0.3219. Keeping.
		Adding to DB the URL https://www.gherson.com/blog/post-brexit-britain-going-be-implementing-japanese-style-immigration-policy
	Result [37]  Processing URL https://voxeu.org/article/immigration-and-welfare-state-new-evidence-eu
		The content of https://www.dw.com/en/uks-new-immigration-system-to-shut-door-on-low-skilled-eu-workers/a-52428669 has distance with https://voxeu.org/article/immigration-and-welfare-state-new-evidence-eu of : 0.3078. Keeping.
		Adding to DB the URL https://voxeu.org/article/immigration-and-welfare-state-new-evidence-eu
	Result [38]  Processing URL https://www.hks.harvard.edu/sites/default/files/centers/mrcbg/files/Global%20Britain%20-%20vFinal-%2013th%20Mar%209.00GMT.pdf
		Date found in the API results: 2021-02-11T00:00:00
		Blacklisted url: https://www.hks.harvard.edu/sites/default/files/centers/mrcbg/files/Global%20Britain%20-%20vFinal-%2013th%20Mar%209.00GMT.pdf.  Discarding.  
	Result [39]  Processing URL https://www.thetimes.co.uk/article/immigration-reforms-will-stop-firms-using-cheap-foreign-labour-l9pgxklrs
		Date found in the API results: 2020-02-19T00:00:00
		The content of https://www.dw.com/en/uks-new-immigration-system-to-shut-door-on-low-skilled-eu-workers/a-52428669 has distance with https://www.thetimes.co.uk/article/immigration-reforms-will-stop-firms-using-cheap-foreign-labour-l9pgxklrs of : 0.3045. Keeping.
		Adding to DB the URL https://www.thetimes.co.uk/article/immigration-reforms-will-stop-firms-using-cheap-foreign-labour-l9pgxklrs
	Result [40]  Processing URL https://www.bighospitality.co.uk/Article/2020/02/19/Government-closes-door-on-low-skilled-EU-migrants
		Date found in the API results: 2020-02-19T00:00:00
		Date found in the URL: 2020-02-19 00:00:00
		The content of https://www.dw.com/en/uks-new-immigration-system-to-shut-door-on-low-skilled-eu-workers/a-52428669 has distance with https://www.bighospitality.co.uk/Article/2020/02/19/Government-closes-door-on-low-skilled-EU-migrants of : 0.3283. Keeping.
		Adding to DB the URL https://www.bighospitality.co.uk/Article/2020/02/19/Government-closes-door-on-low-skilled-EU-migrants
	Result [41]  Processing URL https://www.refinery29.com/en-gb/government-points-based-immigration
		Date found in the API results: 2020-02-20T00:00:00
		The content of https://www.dw.com/en/uks-new-immigration-system-to-shut-door-on-low-skilled-eu-workers/a-52428669 has distance with https://www.refinery29.com/en-gb/government-points-based-immigration of : 0.3357. Keeping.
		Adding to DB the URL https://www.refinery29.com/en-gb/government-points-based-immigration
	Result [42]  Processing URL https://en.wikipedia.org/wiki/Immigration
		The content of https://www.dw.com/en/uks-new-immigration-system-to-shut-door-on-low-skilled-eu-workers/a-52428669 has distance with https://en.wikipedia.org/wiki/Immigration of : 0.3098. Keeping.
		Adding to DB the URL https://en.wikipedia.org/wiki/Immigration
	Result [43]  Processing URL https://fortune.com/2020/02/21/uk-borders-immigrants-growth-debate/
		Date found in the API results: 2020-02-21T00:00:00
		Date found in the URL: 2020-02-21 00:00:00
		The content of https://www.dw.com/en/uks-new-immigration-system-to-shut-door-on-low-skilled-eu-workers/a-52428669 has distance with https://fortune.com/2020/02/21/uk-borders-immigrants-growth-debate/ of : 0.3191. Keeping.
		Adding to DB the URL https://fortune.com/2020/02/21/uk-borders-immigrants-growth-debate/
	Result [44]  Processing URL https://www.aljazeera.com/opinions/2020/2/20/the-uk-wants-the-best-immigrants-why-would-they-want-the-uk
		Date found in the API results: 2020-02-20T00:00:00
		Date found in the URL: 2020-02-20 00:00:00
		The content of https://www.dw.com/en/uks-new-immigration-system-to-shut-door-on-low-skilled-eu-workers/a-52428669 has distance with https://www.aljazeera.com/opinions/2020/2/20/the-uk-wants-the-best-immigrants-why-would-they-want-the-uk of : 0.3381. Keeping.
		Adding to DB the URL https://www.aljazeera.com/opinions/2020/2/20/the-uk-wants-the-best-immigrants-why-would-they-want-the-uk
	Result [45]  Processing URL https://www.theweek.in/news/world/2020/02/19/what-is-new-points-based-visa-system-introduced-by-uk-minister-priti-patel.html
		Date found in the API results: 2020-02-19T00:00:00
		Date found in the URL: 2020-02-19 00:00:00
		The content of https://www.dw.com/en/uks-new-immigration-system-to-shut-door-on-low-skilled-eu-workers/a-52428669 has distance with https://www.theweek.in/news/world/2020/02/19/what-is-new-points-based-visa-system-introduced-by-uk-minister-priti-patel.html of : 0.3287. Keeping.
		Adding to DB the URL https://www.theweek.in/news/world/2020/02/19/what-is-new-points-based-visa-system-introduced-by-uk-minister-priti-patel.html
	Result [46]  Processing URL https://voxeu.org/article/immigration-and-welfare-state-new-evidence-eu
		The content of https://www.dw.com/en/uks-new-immigration-system-to-shut-door-on-low-skilled-eu-workers/a-52428669 has distance with https://voxeu.org/article/immigration-and-welfare-state-new-evidence-eu of : 0.3078. Keeping.
		Adding to DB the URL https://voxeu.org/article/immigration-and-welfare-state-new-evidence-eu
	Result [47]  Processing URL https://www.newstatesman.com/spotlight/coronavirus/2020/05/why-covid-19-should-change-conversation-migrant-workers
		Date found in the API results: 2020-05-18T00:00:00
		Different. The content of https://www.dw.com/en/uks-new-immigration-system-to-shut-door-on-low-skilled-eu-workers/a-52428669 has distance with https://www.newstatesman.com/spotlight/coronavirus/2020/05/why-covid-19-should-change-conversation-migrant-workers of: 0.2932. Discarding.
	Result [48]  Processing URL https://ourglobalfuture.com/reports/closing-the-door-the-true-cost-of-the-immigration-white-paper/
		Date found in the API results: 2019-02-11T00:00:00
		The content of https://www.dw.com/en/uks-new-immigration-system-to-shut-door-on-low-skilled-eu-workers/a-52428669 has distance with https://ourglobalfuture.com/reports/closing-the-door-the-true-cost-of-the-immigration-white-paper/ of : 0.3417. Keeping.
		Adding to DB the URL https://ourglobalfuture.com/reports/closing-the-door-the-true-cost-of-the-immigration-white-paper/
	Result [49]  Processing URL https://theconversation.com/uks-new-post-brexit-immigration-plan-is-surreal-and-cynical-109094
		Date found in the API results: 2018-12-19T00:00:00
		The content of https://www.dw.com/en/uks-new-immigration-system-to-shut-door-on-low-skilled-eu-workers/a-52428669 has distance with https://theconversation.com/uks-new-post-brexit-immigration-plan-is-surreal-and-cynical-109094 of : 0.349. Keeping.
		Adding to DB the URL https://theconversation.com/uks-new-post-brexit-immigration-plan-is-surreal-and-cynical-109094
	Result [50]  Processing URL https://institute.global/policy/balanced-migration-progressive-approach
		Date found in the API results: 2018-03-28T00:00:00
		! Error getting the content of the web.
		! unsupported operand type(s) for +: 'int' and 'str'
		<class 'TypeError'>
		The content of the pages were not string. Verify.
		Different. The content of https://www.dw.com/en/uks-new-immigration-system-to-shut-door-on-low-skilled-eu-workers/a-52428669 has distance with https://institute.global/policy/balanced-migration-progressive-approach of: False. Discarding.
	Result [51]  Processing URL https://lampforum.org/what-we-do/research-and-advocacy/policy-notes/skills-mix-foreign-born-workers-bring-more-than-university-degrees-to-high-income-countries/
		Date found in the API results: 2021-04-28T00:00:00
		Different. The content of https://www.dw.com/en/uks-new-immigration-system-to-shut-door-on-low-skilled-eu-workers/a-52428669 has distance with https://lampforum.org/what-we-do/research-and-advocacy/policy-notes/skills-mix-foreign-born-workers-bring-more-than-university-degrees-to-high-income-countries/ of: 0.2819. Discarding.
	Result [52]  Processing URL https://wol.iza.org/articles/circular-migration/long
		Date found in the content of the page: None
		The content of https://www.dw.com/en/uks-new-immigration-system-to-shut-door-on-low-skilled-eu-workers/a-52428669 has distance with https://wol.iza.org/articles/circular-migration/long of : 0.3307. Keeping.
		Adding to DB the URL https://wol.iza.org/articles/circular-migration/long
	Result [53]  Processing URL https://www.pc.gov.au/research/supporting/sustainable-population/05-population-chapter03.pdf
		Blacklisted url: https://www.pc.gov.au/research/supporting/sustainable-population/05-population-chapter03.pdf.  Discarding.  
	Result [54]  Processing URL https://blogs.lse.ac.uk/politicsandpolicy/labour-should-not-be-the-champion-of-eu-free-movement/
		Date found in the API results: 2016-01-30T00:00:00
		! Error getting the content of the web.
		! unsupported operand type(s) for +: 'int' and 'str'
		<class 'TypeError'>
		The content of the pages were not string. Verify.
		Different. The content of https://www.dw.com/en/uks-new-immigration-system-to-shut-door-on-low-skilled-eu-workers/a-52428669 has distance with https://blogs.lse.ac.uk/politicsandpolicy/labour-should-not-be-the-champion-of-eu-free-movement/ of: False. Discarding.
	Result [55]  Processing URL https://en.wikipedia.org/wiki/Immigration
		The content of https://www.dw.com/en/uks-new-immigration-system-to-shut-door-on-low-skilled-eu-workers/a-52428669 has distance with https://en.wikipedia.org/wiki/Immigration of : 0.3098. Keeping.
		Adding to DB the URL https://en.wikipedia.org/wiki/Immigration
	Result [56]  Processing URL https://www.nber.org/system/files/chapters/c6577/c6577.pdf
		Blacklisted url: https://www.nber.org/system/files/chapters/c6577/c6577.pdf.  Discarding.  
	Result [57]  Processing URL https://www.niesr.ac.uk/sites/default/files/publications/Free%20movement%20-%20Final%20report.pdf
		Blacklisted url: https://www.niesr.ac.uk/sites/default/files/publications/Free%20movement%20-%20Final%20report.pdf.  Discarding.  
	Result [58]  Processing URL https://www.businessroundtable.org/policy-perspectives/immigration/state-of-immigration/hiring-lower-skilled-workers
		Different. The content of https://www.dw.com/en/uks-new-immigration-system-to-shut-door-on-low-skilled-eu-workers/a-52428669 has distance with https://www.businessroundtable.org/policy-perspectives/immigration/state-of-immigration/hiring-lower-skilled-workers of: 0.2805. Discarding.
	Result [59]  Processing URL https://www.oecd-ilibrary.org/how-immigrants-contribute-to-developing-countries-economies_5jfj2sg0970x.pdf?itemId=%2Fcontent%2Fpublication%2F9789264288737-en&mimeType=pdf
		Blacklisted url: https://www.oecd-ilibrary.org/how-immigrants-contribute-to-developing-countries-economies_5jfj2sg0970x.pdf?itemId=%2Fcontent%2Fpublication%2F9789264288737-en&mimeType=pdf.  Discarding.  
	Result [60]  Processing URL https://publications.iom.int/system/files/pdf/wmr_2020.pdf
		Blacklisted url: https://publications.iom.int/system/files/pdf/wmr_2020.pdf.  Discarding.  
	Result [61]  Processing URL https://migrationobservatory.ox.ac.uk/resources/primers/policy-primer-the-uks-2021-points-based-immigration-system/
		Date found in the content of the page: None
		Different. The content of https://www.dw.com/en/uks-new-immigration-system-to-shut-door-on-low-skilled-eu-workers/a-52428669 has distance with https://migrationobservatory.ox.ac.uk/resources/primers/policy-primer-the-uks-2021-points-based-immigration-system/ of: 0.026611472501478415. Discarding.
	Result [62]  Processing URL http://auctionassetsgroup.com/new-immigration-rules-uk-2020-for-illegal-immigrants
		Date found in the content of the page: None
		Different. The content of https://www.dw.com/en/uks-new-immigration-system-to-shut-door-on-low-skilled-eu-workers/a-52428669 has distance with http://auctionassetsgroup.com/new-immigration-rules-uk-2020-for-illegal-immigrants of: 0.059379217273954114. Discarding.
	Result [63]  Processing URL https://www.oecd.org/coronavirus/en/
		The content of https://www.dw.com/en/uks-new-immigration-system-to-shut-door-on-low-skilled-eu-workers/a-52428669 has distance with https://www.oecd.org/coronavirus/en/ of : 0.3137. Keeping.
		Adding to DB the URL https://www.oecd.org/coronavirus/en/
	Result [64]  Processing URL https://time.com/5786459/uk-points-based-immigration-system/
		Date found in the API results: 2020-02-19T00:00:00
		The content of https://www.dw.com/en/uks-new-immigration-system-to-shut-door-on-low-skilled-eu-workers/a-52428669 has distance with https://time.com/5786459/uk-points-based-immigration-system/ of : 0.3469. Keeping.
		Adding to DB the URL https://time.com/5786459/uk-points-based-immigration-system/
	Result [65]  Processing URL https://www.telegraph.co.uk/politics/2020/02/19/boris-johnson-brexit-news-latest-immigration-eu-workers/
		Date found in the API results: 2020-02-19T00:00:00
		Date found in the URL: 2020-02-19 00:00:00
		Different. The content of https://www.dw.com/en/uks-new-immigration-system-to-shut-door-on-low-skilled-eu-workers/a-52428669 has distance with https://www.telegraph.co.uk/politics/2020/02/19/boris-johnson-brexit-news-latest-immigration-eu-workers/ of: 0.2929. Discarding.
	Result [66]  Processing URL https://www.seattletimes.com/
		! Timeout waiting for the web server to answer.  We ignore and continue.
		The content of the pages were not string. Verify.
		Different. The content of https://www.dw.com/en/uks-new-immigration-system-to-shut-door-on-low-skilled-eu-workers/a-52428669 has distance with https://www.seattletimes.com/ of: False. Discarding.
	Result [67]  Processing URL https://www.nortonrosefulbright.com/en/knowledge/publications/2fd4c32b/immigration-after-brexit
		Date found in the API results: 2020-12-31T00:00:00
		Date found in the content of the page: None
		Different. The content of https://www.dw.com/en/uks-new-immigration-system-to-shut-door-on-low-skilled-eu-workers/a-52428669 has distance with https://www.nortonrosefulbright.com/en/knowledge/publications/2fd4c32b/immigration-after-brexit of: 0.030847823951272228. Discarding.
	Result [68]  Processing URL https://epic.org/news/
		! Error getting the content of the web.
		! unsupported operand type(s) for +: 'int' and 'str'
		<class 'TypeError'>
		The content of the pages were not string. Verify.
		Different. The content of https://www.dw.com/en/uks-new-immigration-system-to-shut-door-on-low-skilled-eu-workers/a-52428669 has distance with https://epic.org/news/ of: False. Discarding.
	Result [69]  Processing URL https://finance.yahoo.com/portfolios/
		The content of https://www.dw.com/en/uks-new-immigration-system-to-shut-door-on-low-skilled-eu-workers/a-52428669 has distance with https://finance.yahoo.com/portfolios/ of : 0.3276. Keeping.
		Adding to DB the URL https://finance.yahoo.com/portfolios/
	Result [70]  Processing URL https://www.auswaertiges-amt.de/en/einreiseundaufenthalt/feg
		Date found in the API results: 2021-03-02T00:00:00
		The content of https://www.dw.com/en/uks-new-immigration-system-to-shut-door-on-low-skilled-eu-workers/a-52428669 has distance with https://www.auswaertiges-amt.de/en/einreiseundaufenthalt/feg of : 0.3294. Keeping.
		Adding to DB the URL https://www.auswaertiges-amt.de/en/einreiseundaufenthalt/feg
	Result [71]  Processing URL https://www.thisismoney.co.uk/money/markets/article-9752431/Bosses-say-Britains-entitled-young-wont-mop-floors.html
		Date found in the API results: 2021-07-03T00:00:00
		The content of https://www.dw.com/en/uks-new-immigration-system-to-shut-door-on-low-skilled-eu-workers/a-52428669 has distance with https://www.thisismoney.co.uk/money/markets/article-9752431/Bosses-say-Britains-entitled-young-wont-mop-floors.html of : 0.3976. Keeping.
		Adding to DB the URL https://www.thisismoney.co.uk/money/markets/article-9752431/Bosses-say-Britains-entitled-young-wont-mop-floors.html
	Result [72]  Processing URL https://www.bloomberg.com/news/articles/2020-02-18/u-k-to-slash-unskilled-immigration-with-points-system-from-2021
		Date found in the API results: 2020-02-18T00:00:00
		! Error getting the content of the web.
		! can't compare offset-naive and offset-aware datetimes
		<class 'TypeError'>
		The content of the pages were not string. Verify.
		Different. The content of https://www.dw.com/en/uks-new-immigration-system-to-shut-door-on-low-skilled-eu-workers/a-52428669 has distance with https://www.bloomberg.com/news/articles/2020-02-18/u-k-to-slash-unskilled-immigration-with-points-system-from-2021 of: False. Discarding.
	Result [73]  Processing URL https://news.cgtn.com/news/2021-07-08/Inequality-and-the-Macron-commission-11JCvST2Ynu/index.html
		Date found in the API results: 2021-07-08T23:58:52.623770
		Date found in the URL: 2021-07-08 00:00:00
		Different. The content of https://www.dw.com/en/uks-new-immigration-system-to-shut-door-on-low-skilled-eu-workers/a-52428669 has distance with https://news.cgtn.com/news/2021-07-08/Inequality-and-the-Macron-commission-11JCvST2Ynu/index.html of: 0.2993. Discarding.
	Result [74]  Processing URL https://www.phoenixs.co.uk/
		The content of https://www.dw.com/en/uks-new-immigration-system-to-shut-door-on-low-skilled-eu-workers/a-52428669 has distance with https://www.phoenixs.co.uk/ of : 0.3399. Keeping.
		Adding to DB the URL https://www.phoenixs.co.uk/
	Result [75]  Processing URL https://www.youtube.com/watch?v=AmcbWU8Du7A
		Different. The content of https://www.dw.com/en/uks-new-immigration-system-to-shut-door-on-low-skilled-eu-workers/a-52428669 has distance with https://www.youtube.com/watch?v=AmcbWU8Du7A of: 0.2861. Discarding.
	Result [76]  Processing URL https://www.kcl.ac.uk/policy-institute/assets/the-reset-moment.pdf
		Blacklisted url: https://www.kcl.ac.uk/policy-institute/assets/the-reset-moment.pdf.  Discarding.  
	Result [77]  Processing URL https://www.americanprogress.org/issues/immigration/reports/2019/07/22/472378/restoring-rule-law-fair-humane-workable-immigration-system/
		Date found in the API results: 2019-07-22T00:00:00
		Date found in the URL: 2019-07-22 00:00:00
		The content of https://www.dw.com/en/uks-new-immigration-system-to-shut-door-on-low-skilled-eu-workers/a-52428669 has distance with https://www.americanprogress.org/issues/immigration/reports/2019/07/22/472378/restoring-rule-law-fair-humane-workable-immigration-system/ of : 0.3308. Keeping.
		Adding to DB the URL https://www.americanprogress.org/issues/immigration/reports/2019/07/22/472378/restoring-rule-law-fair-humane-workable-immigration-system/
	Result [78]  Processing URL https://www.theatlantic.com/magazine/archive/2019/04/david-frum-how-much-immigration-is-too-much/583252/
		Date found in the API results: 2019-04-15T00:00:00
		The content of https://www.dw.com/en/uks-new-immigration-system-to-shut-door-on-low-skilled-eu-workers/a-52428669 has distance with https://www.theatlantic.com/magazine/archive/2019/04/david-frum-how-much-immigration-is-too-much/583252/ of : 0.3432. Keeping.
		Adding to DB the URL https://www.theatlantic.com/magazine/archive/2019/04/david-frum-how-much-immigration-is-too-much/583252/
	Result [79]  Processing URL https://www.jrf.org.uk/sites/default/files/jrf/migrated/files/1617-migrants-low-wage-employment.pdf
		Blacklisted url: https://www.jrf.org.uk/sites/default/files/jrf/migrated/files/1617-migrants-low-wage-employment.pdf.  Discarding.  
	Result [80]  Processing URL https://www.reuters.com/article/us-britain-eu-immigration/uk-heralds-end-of-cheap-labor-from-europe-with-post-brexit-immigration-system-idUSKBN20C2OB
		Date found in the API results: 2020-02-18T00:00:00
		The content of https://www.dw.com/en/uks-new-immigration-system-to-shut-door-on-low-skilled-eu-workers/a-52428669 has distance with https://www.reuters.com/article/us-britain-eu-immigration/uk-heralds-end-of-cheap-labor-from-europe-with-post-brexit-immigration-system-idUSKBN20C2OB of : 0.3427. Keeping.
		Adding to DB the URL https://www.reuters.com/article/us-britain-eu-immigration/uk-heralds-end-of-cheap-labor-from-europe-with-post-brexit-immigration-system-idUSKBN20C2OB
	Result [81]  Processing URL https://www.newstalk.com/news/uk-migrants-working-visas-969825
		Date found in the API results: 2020-02-19T00:00:00
		! Error getting the content of the web.
		! can't compare offset-naive and offset-aware datetimes
		<class 'TypeError'>
		The content of the pages were not string. Verify.
		Different. The content of https://www.dw.com/en/uks-new-immigration-system-to-shut-door-on-low-skilled-eu-workers/a-52428669 has distance with https://www.newstalk.com/news/uk-migrants-working-visas-969825 of: False. Discarding.
	Result [82]  Processing URL https://www.oecd.org/coronavirus/en/
		The content of https://www.dw.com/en/uks-new-immigration-system-to-shut-door-on-low-skilled-eu-workers/a-52428669 has distance with https://www.oecd.org/coronavirus/en/ of : 0.3137. Keeping.
		Adding to DB the URL https://www.oecd.org/coronavirus/en/
	Result [83]  Processing URL https://migrationobservatory.ox.ac.uk/resources/primers/policy-primer-the-uks-2021-points-based-immigration-system/
		Date found in the content of the page: None
		Different. The content of https://www.dw.com/en/uks-new-immigration-system-to-shut-door-on-low-skilled-eu-workers/a-52428669 has distance with https://migrationobservatory.ox.ac.uk/resources/primers/policy-primer-the-uks-2021-points-based-immigration-system/ of: 0.026611472501478415. Discarding.
	Result [84]  Processing URL http://auctionassetsgroup.com/new-immigration-rules-uk-2020-for-illegal-immigrants
		Date found in the content of the page: None
		Different. The content of https://www.dw.com/en/uks-new-immigration-system-to-shut-door-on-low-skilled-eu-workers/a-52428669 has distance with http://auctionassetsgroup.com/new-immigration-rules-uk-2020-for-illegal-immigrants of: 0.059379217273954114. Discarding.
	Result [85]  Processing URL https://www.telegraph.co.uk/politics/2020/02/19/boris-johnson-brexit-news-latest-immigration-eu-workers/
		Date found in the API results: 2020-02-19T00:00:00
		Date found in the URL: 2020-02-19 00:00:00
		Different. The content of https://www.dw.com/en/uks-new-immigration-system-to-shut-door-on-low-skilled-eu-workers/a-52428669 has distance with https://www.telegraph.co.uk/politics/2020/02/19/boris-johnson-brexit-news-latest-immigration-eu-workers/ of: 0.2929. Discarding.
	Result [86]  Processing URL https://time.com/5786459/uk-points-based-immigration-system/
		Date found in the API results: 2020-02-19T00:00:00
		The content of https://www.dw.com/en/uks-new-immigration-system-to-shut-door-on-low-skilled-eu-workers/a-52428669 has distance with https://time.com/5786459/uk-points-based-immigration-system/ of : 0.3469. Keeping.
		Adding to DB the URL https://time.com/5786459/uk-points-based-immigration-system/

== Level 0. Twitter search by title as UK′s new immigration system to shut door on low-skilled EU workers | News | DW | 19.02.2020
https://api.twitter.com/2/tweets/search/all?query=%22UK%E2%80%B2s+new+immigration+system+to+shut+door+on+low-skilled+EU+workers+%7C+News+%7C+DW+%7C+19.02.2020%22&max_results=100&tweet.fields=author_id%2Cpublic_metrics%2Ccreated_at&start_time=2020-07-12T23%3A59%3A05.211204Z
	Downloaded 0 twitter content

== Level 0. VK search by title as UK′s new immigration system to shut door on low-skilled EU workers | News | DW | 19.02.2020
In total was found 0
