Searching the distribution graph of URL https://edition.cnn.com/2021/04/08/politics/ukraine-us-black-sea/index.html. Using 1 levels.

		Date found in the URL: 2021-04-08 00:00:00
Main title: Russia-Ukraine: US considering sending warships to Black Sea amid tensions - CNNPolitics
In level 0 were found 1 urls including original

== Level 0. Google search by LINKS to https://edition.cnn.com/2021/04/08/politics/ukraine-us-black-sea/index.html
	Total amount of results retrieved: 109
	Result [1]  Processing URL https://www.cnn.com/2021/04/08/politics/ukraine-us-black-sea/index.html
		Date found in the API results: 2021-04-09T00:00:00
		Date found in the URL: 2021-04-08 00:00:00
		The URL https://edition.cnn.com/2021/04/08/politics/ukraine-us-black-sea/index.html IS in the content of site https://www.cnn.com/2021/04/08/politics/ukraine-us-black-sea/index.html  Keeping.
		Adding to DB the URL https://www.cnn.com/2021/04/08/politics/ukraine-us-black-sea/index.html
	Result [2]  Processing URL https://edition.cnn.com/sitemaps/cnn/news.xml
		Blacklisted url: https://edition.cnn.com/sitemaps/cnn/news.xml.  Discarding.  
	Result [3]  Processing URL https://www.cnn.com/article/sitemap-2021-4.html
		Not in content. The URL https://edition.cnn.com/2021/04/08/politics/ukraine-us-black-sea/index.html is not in the content of site https://www.cnn.com/article/sitemap-2021-4.html  Discarding.
	Result [4]  Processing URL https://en.wikipedia.org/wiki/Black_Sea_Fleet
		The URL https://edition.cnn.com/2021/04/08/politics/ukraine-us-black-sea/index.html IS in the content of site https://en.wikipedia.org/wiki/Black_Sea_Fleet  Keeping.
		Adding to DB the URL https://en.wikipedia.org/wiki/Black_Sea_Fleet
	Result [5]  Processing URL https://www.cnbc.com/CNBCsitemapAll10.xml
		Blacklisted url: https://www.cnbc.com/CNBCsitemapAll10.xml.  Discarding.  
	Result [6]  Processing URL https://www.bpb.de/internationales/weltweit/sicherheitspolitische-presseschau/195540/cnn
		Not in content. The URL https://edition.cnn.com/2021/04/08/politics/ukraine-us-black-sea/index.html is not in the content of site https://www.bpb.de/internationales/weltweit/sicherheitspolitische-presseschau/195540/cnn  Discarding.
	Result [7]  Processing URL https://www.facebook.com/permalink.php?id=253563061810338&story_fbid=1139434166556552
		Not in content. The URL https://edition.cnn.com/2021/04/08/politics/ukraine-us-black-sea/index.html is not in the content of site https://www.facebook.com/permalink.php?id=253563061810338&story_fbid=1139434166556552  Discarding.
	Result [8]  Processing URL https://www.reddit.com/r/Wallstreetsilver/comments/mnmzc8/us_considering_sending_warships_to_black_sea_amid/
		Not in content. The URL https://edition.cnn.com/2021/04/08/politics/ukraine-us-black-sea/index.html is not in the content of site https://www.reddit.com/r/Wallstreetsilver/comments/mnmzc8/us_considering_sending_warships_to_black_sea_amid/  Discarding.
	Result [9]  Processing URL https://www.pressreleasepower.com/prnews/us-considering-sending-warships-to-black-sea-amid-russia-ukraine-tensions.html
		Date found in the content of the page: None
		Not in content. The URL https://edition.cnn.com/2021/04/08/politics/ukraine-us-black-sea/index.html is not in the content of site https://www.pressreleasepower.com/prnews/us-considering-sending-warships-to-black-sea-amid-russia-ukraine-tensions.html  Discarding.
	Result [10]  Processing URL https://acmedailynews.com/us-considering-sending-warships-to-black-sea-amid-russia-ukraine-tensions/
		Date found in the content of the page: None
		Not in content. The URL https://edition.cnn.com/2021/04/08/politics/ukraine-us-black-sea/index.html is not in the content of site https://acmedailynews.com/us-considering-sending-warships-to-black-sea-amid-russia-ukraine-tensions/  Discarding.
	Result [11]  Processing URL https://www.reddit.com/r/Wallstreetsilver/comments/mnmzc8/us_considering_sending_warships_to_black_sea_amid/
		The URL https://edition.cnn.com/2021/04/08/politics/ukraine-us-black-sea/index.html IS in the content of site https://www.reddit.com/r/Wallstreetsilver/comments/mnmzc8/us_considering_sending_warships_to_black_sea_amid/  Keeping.
		Adding to DB the URL https://www.reddit.com/r/Wallstreetsilver/comments/mnmzc8/us_considering_sending_warships_to_black_sea_amid/
	Result [12]  Processing URL https://www.subsim.com/radioroom/showthread.php?t=249066&page=5
		The URL https://edition.cnn.com/2021/04/08/politics/ukraine-us-black-sea/index.html IS in the content of site https://www.subsim.com/radioroom/showthread.php?t=249066&page=5  Keeping.
		Adding to DB the URL https://www.subsim.com/radioroom/showthread.php?t=249066&page=5
	Result [13]  Processing URL https://www.subsim.com/radioroom/showthread.php?t=248184&page=77
		The URL https://edition.cnn.com/2021/04/08/politics/ukraine-us-black-sea/index.html IS in the content of site https://www.subsim.com/radioroom/showthread.php?t=248184&page=77  Keeping.
		Adding to DB the URL https://www.subsim.com/radioroom/showthread.php?t=248184&page=77
	Result [14]  Processing URL https://russianmilitaryanalysis.wordpress.com/2021/03/22/russian-forces-in-kaliningrad-implications-of-the-newly-formed-18th-guards-motor-rifle-division/
		Date found in the API results: 2021-03-22T00:00:00
		Date found in the URL: 2021-03-22 00:00:00
		The URL https://edition.cnn.com/2021/04/08/politics/ukraine-us-black-sea/index.html IS in the content of site https://russianmilitaryanalysis.wordpress.com/2021/03/22/russian-forces-in-kaliningrad-implications-of-the-newly-formed-18th-guards-motor-rifle-division/  Keeping.
		Adding to DB the URL https://russianmilitaryanalysis.wordpress.com/2021/03/22/russian-forces-in-kaliningrad-implications-of-the-newly-formed-18th-guards-motor-rifle-division/
	Result [15]  Processing URL https://i-law.com/ilaw/financialNews.htm
		Not in content. The URL https://edition.cnn.com/2021/04/08/politics/ukraine-us-black-sea/index.html is not in the content of site https://i-law.com/ilaw/financialNews.htm  Discarding.
	Result [16]  Processing URL https://www.nytimes.com/section/reuters
		Not in content. The URL https://edition.cnn.com/2021/04/08/politics/ukraine-us-black-sea/index.html is not in the content of site https://www.nytimes.com/section/reuters  Discarding.
	Result [17]  Processing URL https://www.prisonstudies.org/news/international-news-and-guidance-covid-19-and-prisons-1-december-onwards
		Date found in the API results: 2020-12-01T00:00:00
		Not in content. The URL https://edition.cnn.com/2021/04/08/politics/ukraine-us-black-sea/index.html is not in the content of site https://www.prisonstudies.org/news/international-news-and-guidance-covid-19-and-prisons-1-december-onwards  Discarding.
	Result [18]  Processing URL http://www.brandeis.edu/now/index.xml
		Blacklisted url: http://www.brandeis.edu/now/index.xml.  Discarding.  
	Result [19]  Processing URL https://www.latimes.com/sitemap-202007.xml
		Blacklisted url: https://www.latimes.com/sitemap-202007.xml.  Discarding.  
	Result [20]  Processing URL http://www.brandeis.edu/now/index.xml
		Blacklisted url: http://www.brandeis.edu/now/index.xml.  Discarding.  
	Result [21]  Processing URL https://www.latimes.com/sitemap-202007.xml
		Blacklisted url: https://www.latimes.com/sitemap-202007.xml.  Discarding.  
	Result [22]  Processing URL https://pypi.org/project/china-dictatorship/
		Not in content. The URL https://edition.cnn.com/2021/04/08/politics/ukraine-us-black-sea/index.html is not in the content of site https://pypi.org/project/china-dictatorship/  Discarding.
	Result [23]  Processing URL https://www.telegraph.co.uk/sitemap-news.xml
		Blacklisted url: https://www.telegraph.co.uk/sitemap-news.xml.  Discarding.  
	Result [24]  Processing URL https://seebeth.com/911-related-articles.html
		! Error in getting content due to a Connection Error. Port closed, web down?
		Not in content. The URL https://edition.cnn.com/2021/04/08/politics/ukraine-us-black-sea/index.html is not in the content of site https://seebeth.com/911-related-articles.html  Discarding.
	Result [25]  Processing URL https://www.fdd.org/wp-content/uploads/2021/06/fdd-monograph-a-better-blueprint-for-international-organizations-advancing-american-interests-on-the-global-stage.pdf
		Date found in the API results: 2021-06-09T00:00:00
		Blacklisted url: https://www.fdd.org/wp-content/uploads/2021/06/fdd-monograph-a-better-blueprint-for-international-organizations-advancing-american-interests-on-the-global-stage.pdf.  Discarding.  
	Result [26]  Processing URL https://web.ece.ucsb.edu/~parhami/pers_blog.htm
		! Error getting the content of the web.
		! signed integer is greater than maximum
		<class 'OverflowError'>
		Not in content. The URL https://edition.cnn.com/2021/04/08/politics/ukraine-us-black-sea/index.html is not in the content of site https://web.ece.ucsb.edu/~parhami/pers_blog.htm  Discarding.
	Result [27]  Processing URL https://ucmapps.oakland.edu/newsarchive/
		! Error in getting content due to a Connection Error. Port closed, web down?
		Not in content. The URL https://edition.cnn.com/2021/04/08/politics/ukraine-us-black-sea/index.html is not in the content of site https://ucmapps.oakland.edu/newsarchive/  Discarding.
	Result [28]  Processing URL https://www.newshub.co.nz/home/world.sitemap.xml
		Blacklisted url: https://www.newshub.co.nz/home/world.sitemap.xml.  Discarding.  
	Result [29]  Processing URL https://www.wlu.ca/sitemap.xml
		Blacklisted url: https://www.wlu.ca/sitemap.xml.  Discarding.  
	Result [30]  Processing URL https://www.npmjs.com/package/china-dictatorship
		Date found in the API results: 2021-05-20T00:00:00
		Not in content. The URL https://edition.cnn.com/2021/04/08/politics/ukraine-us-black-sea/index.html is not in the content of site https://www.npmjs.com/package/china-dictatorship  Discarding.
	Result [31]  Processing URL https://www.bakerlaw.com/sitemap.xml
		Blacklisted url: https://www.bakerlaw.com/sitemap.xml.  Discarding.  
	Result [32]  Processing URL https://hadarat.net/server.php/post/14613/%D8%B9%D8%B1%D9%8A%D8%B6%D8%A9-%D9%85%D9%88%D9%86%D8%AA%D8%B1%D9%88-%D9%88%D8%A7%D9%84%D8%A3%D8%B3%D9%84%D9%85%D8%A9-%D8%A7%D9%84%D8%B2%D8%A7%D8%AD%D9%81%D8%A9-%D9%84%D9%84%D8%AC%D9%8A%D8%B4-%D8%A7%D9%84%D8%AA%D8%B1%D9%83%D9%8A
		The URL https://edition.cnn.com/2021/04/08/politics/ukraine-us-black-sea/index.html IS in the content of site https://hadarat.net/server.php/post/14613/%D8%B9%D8%B1%D9%8A%D8%B6%D8%A9-%D9%85%D9%88%D9%86%D8%AA%D8%B1%D9%88-%D9%88%D8%A7%D9%84%D8%A3%D8%B3%D9%84%D9%85%D8%A9-%D8%A7%D9%84%D8%B2%D8%A7%D8%AD%D9%81%D8%A9-%D9%84%D9%84%D8%AC%D9%8A%D8%B4-%D8%A7%D9%84%D8%AA%D8%B1%D9%83%D9%8A  Keeping.
		Adding to DB the URL https://hadarat.net/server.php/post/14613/%D8%B9%D8%B1%D9%8A%D8%B6%D8%A9-%D9%85%D9%88%D9%86%D8%AA%D8%B1%D9%88-%D9%88%D8%A7%D9%84%D8%A3%D8%B3%D9%84%D9%85%D8%A9-%D8%A7%D9%84%D8%B2%D8%A7%D8%AD%D9%81%D8%A9-%D9%84%D9%84%D8%AC%D9%8A%D8%B4-%D8%A7%D9%84%D8%AA%D8%B1%D9%83%D9%8A
	Result [33]  Processing URL https://github.com/cirosantilli/china-dictatorship
		Date found in the API results: 2021-06-03T00:00:00
		Not in content. The URL https://edition.cnn.com/2021/04/08/politics/ukraine-us-black-sea/index.html is not in the content of site https://github.com/cirosantilli/china-dictatorship  Discarding.
	Result [34]  Processing URL https://help.oclc.org/Library_Management/EZproxy/Database_stanzas
		Date found in the API results: 2020-08-03T00:00:00
		Not in content. The URL https://edition.cnn.com/2021/04/08/politics/ukraine-us-black-sea/index.html is not in the content of site https://help.oclc.org/Library_Management/EZproxy/Database_stanzas  Discarding.
	Result [35]  Processing URL http://www.globalsurya.sch.id/konsultasi.html
		! Timeout waiting for the web server to answer.  We ignore and continue.
		Not in content. The URL https://edition.cnn.com/2021/04/08/politics/ukraine-us-black-sea/index.html is not in the content of site http://www.globalsurya.sch.id/konsultasi.html  Discarding.
	Result [36]  Processing URL https://netral.news/en/image-sitemap-67.xml
		Blacklisted url: https://netral.news/en/image-sitemap-67.xml.  Discarding.  
	Result [37]  Processing URL https://www.unpkg.com/china-dictatorship@latest/README.html
		Date found in the API results: 2019-11-03T00:00:00
		Not in content. The URL https://edition.cnn.com/2021/04/08/politics/ukraine-us-black-sea/index.html is not in the content of site https://www.unpkg.com/china-dictatorship@latest/README.html  Discarding.
	Result [38]  Processing URL http://www.softpanorama.org/Skeptics/Political_skeptic/Propaganda/Neo_mccarthyism/index.shtml
		Not in content. The URL https://edition.cnn.com/2021/04/08/politics/ukraine-us-black-sea/index.html is not in the content of site http://www.softpanorama.org/Skeptics/Political_skeptic/Propaganda/Neo_mccarthyism/index.shtml  Discarding.
	Result [39]  Processing URL https://www.semissourian.com/forums/speakout/thread/13466
		Date found in the API results: 2021-03-22T00:00:00
		! Error in getting content due to a Connection Error. Port closed, web down?
		Not in content. The URL https://edition.cnn.com/2021/04/08/politics/ukraine-us-black-sea/index.html is not in the content of site https://www.semissourian.com/forums/speakout/thread/13466  Discarding.
	Result [40]  Processing URL https://exploratornews.wordpress.com/page/2/
		Date found in the API results: 2021-04-25T00:00:00
		Not in content. The URL https://edition.cnn.com/2021/04/08/politics/ukraine-us-black-sea/index.html is not in the content of site https://exploratornews.wordpress.com/page/2/  Discarding.
	Result [41]  Processing URL https://www.zogii.mn/post/7534397
		Date found in the API results: 2021-04-09T00:00:00
		! Error in getting content due to a Connection Error. Port closed, web down?
		Not in content. The URL https://edition.cnn.com/2021/04/08/politics/ukraine-us-black-sea/index.html is not in the content of site https://www.zogii.mn/post/7534397  Discarding.
	Result [42]  Processing URL https://www.labourstart.org/covid-19.php?n=1000
		Not in content. The URL https://edition.cnn.com/2021/04/08/politics/ukraine-us-black-sea/index.html is not in the content of site https://www.labourstart.org/covid-19.php?n=1000  Discarding.
	Result [43]  Processing URL https://cirosantilli.com/china-dictatorship/
		Date found in the API results: 2019-11-03T00:00:00
		Not in content. The URL https://edition.cnn.com/2021/04/08/politics/ukraine-us-black-sea/index.html is not in the content of site https://cirosantilli.com/china-dictatorship/  Discarding.
	Result [44]  Processing URL https://podcastaddict.com/podcast/2071844
		Date found in the content of the page: None
		Not in content. The URL https://edition.cnn.com/2021/04/08/politics/ukraine-us-black-sea/index.html is not in the content of site https://podcastaddict.com/podcast/2071844  Discarding.
	Result [45]  Processing URL https://anchor.fm/michael-demato/episodes/Representatives-Are-To-Be-Knowledgable-Of-Their-States-Federalist-no--56-etoerv
		Not in content. The URL https://edition.cnn.com/2021/04/08/politics/ukraine-us-black-sea/index.html is not in the content of site https://anchor.fm/michael-demato/episodes/Representatives-Are-To-Be-Knowledgable-Of-Their-States-Federalist-no--56-etoerv  Discarding.
	Result [46]  Processing URL https://anchor.fm/michael-demato/episodes/Chinese-Government-Inches-Towards-Take-Over-Of-Taiwan-e141lle
		Not in content. The URL https://edition.cnn.com/2021/04/08/politics/ukraine-us-black-sea/index.html is not in the content of site https://anchor.fm/michael-demato/episodes/Chinese-Government-Inches-Towards-Take-Over-Of-Taiwan-e141lle  Discarding.
	Result [47]  Processing URL http://publica.fraunhofer.de/jsp/EprintsHarvester?verb=ListRecords&metadataPrefix=oai_dc
		! Timeout waiting for the web server to answer.  We ignore and continue.
		Not in content. The URL https://edition.cnn.com/2021/04/08/politics/ukraine-us-black-sea/index.html is not in the content of site http://publica.fraunhofer.de/jsp/EprintsHarvester?verb=ListRecords&metadataPrefix=oai_dc  Discarding.
	Result [48]  Processing URL https://www.buenagenteperiodico.com/main-contenido-id-12-regimen-tributario-e-informes-de-gestion
		Not in content. The URL https://edition.cnn.com/2021/04/08/politics/ukraine-us-black-sea/index.html is not in the content of site https://www.buenagenteperiodico.com/main-contenido-id-12-regimen-tributario-e-informes-de-gestion  Discarding.
	Result [49]  Processing URL http://starlightnews.com/wordpress/2021/04/new-discussion-3/
		Date found in the API results: 2021-04-07T00:00:00
		The URL https://edition.cnn.com/2021/04/08/politics/ukraine-us-black-sea/index.html IS in the content of site http://starlightnews.com/wordpress/2021/04/new-discussion-3/  Keeping.
		Adding to DB the URL http://starlightnews.com/wordpress/2021/04/new-discussion-3/
	Result [50]  Processing URL http://starlightnews.com/wordpress/2021/04/new-discussion-3/
		Date found in the API results: 2021-04-07T00:00:00
		The URL https://edition.cnn.com/2021/04/08/politics/ukraine-us-black-sea/index.html IS in the content of site http://starlightnews.com/wordpress/2021/04/new-discussion-3/  Keeping.
		Adding to DB the URL http://starlightnews.com/wordpress/2021/04/new-discussion-3/
	Result [51]  Processing URL https://www.cad.go.th/ewtadmin/ewt/uthaithani/ewt_news.php?nid=76&filename=index
		! Error in getting content due to a Connection Error. Port closed, web down?
		Not in content. The URL https://edition.cnn.com/2021/04/08/politics/ukraine-us-black-sea/index.html is not in the content of site https://www.cad.go.th/ewtadmin/ewt/uthaithani/ewt_news.php?nid=76&filename=index  Discarding.
	Result [52]  Processing URL https://www.15minutenews.com/headlines/
		Not in content. The URL https://edition.cnn.com/2021/04/08/politics/ukraine-us-black-sea/index.html is not in the content of site https://www.15minutenews.com/headlines/  Discarding.
	Result [53]  Processing URL https://www.thingelstad.com/archive/
		Not in content. The URL https://edition.cnn.com/2021/04/08/politics/ukraine-us-black-sea/index.html is not in the content of site https://www.thingelstad.com/archive/  Discarding.
	Result [54]  Processing URL http://ssobangsaphannoi.com/BPN/ViewWebboard.php?QuestionID=00023
		Not in content. The URL https://edition.cnn.com/2021/04/08/politics/ukraine-us-black-sea/index.html is not in the content of site http://ssobangsaphannoi.com/BPN/ViewWebboard.php?QuestionID=00023  Discarding.
	Result [55]  Processing URL https://cccovid19.org/corona_virus/index.php?newsletter_main=1
		Not in content. The URL https://edition.cnn.com/2021/04/08/politics/ukraine-us-black-sea/index.html is not in the content of site https://cccovid19.org/corona_virus/index.php?newsletter_main=1  Discarding.
	Result [56]  Processing URL https://help.oclc.org/Library_Management/EZproxy/Database_stanzas
		Date found in the API results: 2020-08-03T00:00:00
		Not in content. The URL https://edition.cnn.com/2021/04/08/politics/ukraine-us-black-sea/index.html is not in the content of site https://help.oclc.org/Library_Management/EZproxy/Database_stanzas  Discarding.
	Result [57]  Processing URL https://podtail.com/podcast/plane-talking-uk-s-podcast/episode-324-plane-reclaimers/
		Not in content. The URL https://edition.cnn.com/2021/04/08/politics/ukraine-us-black-sea/index.html is not in the content of site https://podtail.com/podcast/plane-talking-uk-s-podcast/episode-324-plane-reclaimers/  Discarding.
	Result [58]  Processing URL http://www.finnsheep.com/Steve's%20Blog.htm
		Date found in the content of the page: None
		Not in content. The URL https://edition.cnn.com/2021/04/08/politics/ukraine-us-black-sea/index.html is not in the content of site http://www.finnsheep.com/Steve's%20Blog.htm  Discarding.
	Result [59]  Processing URL https://www.swellnet.com/comments/get/506540
		Date found in the API results: None
		Not in content. The URL https://edition.cnn.com/2021/04/08/politics/ukraine-us-black-sea/index.html is not in the content of site https://www.swellnet.com/comments/get/506540  Discarding.
	Result [60]  Processing URL https://www.democraticunderground.com/~Top%2010%20Idiots
		Date found in the API results: 2021-06-24T00:00:00
		Not in content. The URL https://edition.cnn.com/2021/04/08/politics/ukraine-us-black-sea/index.html is not in the content of site https://www.democraticunderground.com/~Top%2010%20Idiots  Discarding.
	Result [61]  Processing URL https://podtail.com/podcast/plane-talking-uk-s-podcast/episode-324-plane-reclaimers/
		Not in content. The URL https://edition.cnn.com/2021/04/08/politics/ukraine-us-black-sea/index.html is not in the content of site https://podtail.com/podcast/plane-talking-uk-s-podcast/episode-324-plane-reclaimers/  Discarding.
	Result [62]  Processing URL https://www.onvif.org/blog/2020/07/23/how-does-emerging-tech-address-workplace-safety/
		Date found in the API results: 2020-07-23T00:00:00
		Date found in the URL: 2020-07-23 00:00:00
		Not in content. The URL https://edition.cnn.com/2021/04/08/politics/ukraine-us-black-sea/index.html is not in the content of site https://www.onvif.org/blog/2020/07/23/how-does-emerging-tech-address-workplace-safety/  Discarding.
	Result [63]  Processing URL https://www.gamleboeger.dk/
		Date found in the API results: 2021-05-21T00:00:00
		Not in content. The URL https://edition.cnn.com/2021/04/08/politics/ukraine-us-black-sea/index.html is not in the content of site https://www.gamleboeger.dk/  Discarding.
	Result [64]  Processing URL https://teklogtransporte.com.br/2015/05/06/Jockey_Club/index.php
		Date found in the API results: 2015-05-06T00:00:00
		Not in content. The URL https://edition.cnn.com/2021/04/08/politics/ukraine-us-black-sea/index.html is not in the content of site https://teklogtransporte.com.br/2015/05/06/Jockey_Club/index.php  Discarding.
	Result [65]  Processing URL https://www.swellnet.com/comments/get/506540
		Date found in the API results: None
		Not in content. The URL https://edition.cnn.com/2021/04/08/politics/ukraine-us-black-sea/index.html is not in the content of site https://www.swellnet.com/comments/get/506540  Discarding.
	Result [66]  Processing URL https://awesomeopensource.com/project/cirosantilli/china-dictatorship
		Date found in the content of the page: None
		Not in content. The URL https://edition.cnn.com/2021/04/08/politics/ukraine-us-black-sea/index.html is not in the content of site https://awesomeopensource.com/project/cirosantilli/china-dictatorship  Discarding.
	Result [67]  Processing URL http://www.dailyjeonbuk.com/tv/view.html?idxno=5409&update=Y&page=1&sc_section_code=TV1C8
		! Error getting the content of the web.
		! ('Connection broken: IncompleteRead(729 bytes read, 2646 more expected)', IncompleteRead(729 bytes read, 2646 more expected))
		<class 'requests.exceptions.ChunkedEncodingError'>
		Not in content. The URL https://edition.cnn.com/2021/04/08/politics/ukraine-us-black-sea/index.html is not in the content of site http://www.dailyjeonbuk.com/tv/view.html?idxno=5409&update=Y&page=1&sc_section_code=TV1C8  Discarding.
	Result [68]  Processing URL https://ciesint.com/index.php?Langue=2
		Not in content. The URL https://edition.cnn.com/2021/04/08/politics/ukraine-us-black-sea/index.html is not in the content of site https://ciesint.com/index.php?Langue=2  Discarding.
	Result [69]  Processing URL https://vesti.la/ssha-rassmatrivayut-vozmozhnost-otpravki-voennyh-korablej-v-chernoe-more-na-fone-rossijsko-ukrainskoj-napryazhennosti/
		Date found in the API results: 2021-04-12T00:00:00
		The URL https://edition.cnn.com/2021/04/08/politics/ukraine-us-black-sea/index.html IS in the content of site https://vesti.la/ssha-rassmatrivayut-vozmozhnost-otpravki-voennyh-korablej-v-chernoe-more-na-fone-rossijsko-ukrainskoj-napryazhennosti/  Keeping.
		Adding to DB the URL https://vesti.la/ssha-rassmatrivayut-vozmozhnost-otpravki-voennyh-korablej-v-chernoe-more-na-fone-rossijsko-ukrainskoj-napryazhennosti/
	Result [70]  Processing URL https://imgur.com/imgur-assets/sitemap_gallery/sitemap_gallery_images/067d39dd-4208-4b80-a55e-fae61a65dd9d.xml
		Blacklisted url: https://imgur.com/imgur-assets/sitemap_gallery/sitemap_gallery_images/067d39dd-4208-4b80-a55e-fae61a65dd9d.xml.  Discarding.  
	Result [71]  Processing URL https://castbox.fm/channel/Horny-Report-id1785492
		Not in content. The URL https://edition.cnn.com/2021/04/08/politics/ukraine-us-black-sea/index.html is not in the content of site https://castbox.fm/channel/Horny-Report-id1785492  Discarding.
	Result [72]  Processing URL http://www.kybunkorea.co.kr/customer/sub_02.php?code=after&page=70&bbsData=bm89MTkz%7C%7C&search=&searchstring=&mode=view
		Not in content. The URL https://edition.cnn.com/2021/04/08/politics/ukraine-us-black-sea/index.html is not in the content of site http://www.kybunkorea.co.kr/customer/sub_02.php?code=after&page=70&bbsData=bm89MTkz%7C%7C&search=&searchstring=&mode=view  Discarding.
	Result [73]  Processing URL https://www.indystar.com/
		Not in content. The URL https://edition.cnn.com/2021/04/08/politics/ukraine-us-black-sea/index.html is not in the content of site https://www.indystar.com/  Discarding.
	Result [74]  Processing URL https://www.podcastrepublic.net/podcast/1340970714
		Not in content. The URL https://edition.cnn.com/2021/04/08/politics/ukraine-us-black-sea/index.html is not in the content of site https://www.podcastrepublic.net/podcast/1340970714  Discarding.
	Result [75]  Processing URL https://biblio.co.uk/site-maps/couk-books-sitemap219.xml
		Blacklisted url: https://biblio.co.uk/site-maps/couk-books-sitemap219.xml.  Discarding.  
	Result [76]  Processing URL http://www.positionintelligence.com/product/calamp-lmu-3030/
		! Error getting the content of the web.
		! can't compare offset-naive and offset-aware datetimes
		<class 'TypeError'>
		Not in content. The URL https://edition.cnn.com/2021/04/08/politics/ukraine-us-black-sea/index.html is not in the content of site http://www.positionintelligence.com/product/calamp-lmu-3030/  Discarding.
	Result [77]  Processing URL http://www.positionintelligence.com/why-asset-tracking-is-important/
		Not in content. The URL https://edition.cnn.com/2021/04/08/politics/ukraine-us-black-sea/index.html is not in the content of site http://www.positionintelligence.com/why-asset-tracking-is-important/  Discarding.
	Result [78]  Processing URL https://fccsudan.org/fcc_en/blog-single.php?id=2
		Date found in the content of the page: None
		Not in content. The URL https://edition.cnn.com/2021/04/08/politics/ukraine-us-black-sea/index.html is not in the content of site https://fccsudan.org/fcc_en/blog-single.php?id=2  Discarding.
	Result [79]  Processing URL http://barbsweirdworld.blogspot.com/
		Date found in the content of the page: None
		Not in content. The URL https://edition.cnn.com/2021/04/08/politics/ukraine-us-black-sea/index.html is not in the content of site http://barbsweirdworld.blogspot.com/  Discarding.
	Result [80]  Processing URL http://barbsweirdworld.blogspot.com/
		Date found in the content of the page: None
		Not in content. The URL https://edition.cnn.com/2021/04/08/politics/ukraine-us-black-sea/index.html is not in the content of site http://barbsweirdworld.blogspot.com/  Discarding.
	Result [81]  Processing URL https://gitlab.com/cirosantilli/china-dictatorship
		Date found in the content of the page: None
		Not in content. The URL https://edition.cnn.com/2021/04/08/politics/ukraine-us-black-sea/index.html is not in the content of site https://gitlab.com/cirosantilli/china-dictatorship  Discarding.
	Result [82]  Processing URL https://creativepool.com/sitemap/projects_1.xml
		Blacklisted url: https://creativepool.com/sitemap/projects_1.xml.  Discarding.  
	Result [83]  Processing URL http://www.transtutors.com/SiteMap/default.aspx?subjectId=5350&pid=24
		Not in content. The URL https://edition.cnn.com/2021/04/08/politics/ukraine-us-black-sea/index.html is not in the content of site http://www.transtutors.com/SiteMap/default.aspx?subjectId=5350&pid=24  Discarding.
	Result [84]  Processing URL http://www.linuxengineeringgroup.com/
		Not in content. The URL https://edition.cnn.com/2021/04/08/politics/ukraine-us-black-sea/index.html is not in the content of site http://www.linuxengineeringgroup.com/  Discarding.
	Result [85]  Processing URL http://journal.umpo.ac.id/index.php/istawa/article/view/623/72830
		! Error in getting content due to a Connection Error. Port closed, web down?
		Not in content. The URL https://edition.cnn.com/2021/04/08/politics/ukraine-us-black-sea/index.html is not in the content of site http://journal.umpo.ac.id/index.php/istawa/article/view/623/72830  Discarding.
	Result [86]  Processing URL http://www.sejongin.co.kr/tv/view.html?idxno=19&update=Y&page=1&sc_section_code=
		Not in content. The URL https://edition.cnn.com/2021/04/08/politics/ukraine-us-black-sea/index.html is not in the content of site http://www.sejongin.co.kr/tv/view.html?idxno=19&update=Y&page=1&sc_section_code=  Discarding.
	Result [87]  Processing URL https://online.unisc.br/seer/index.php/cadpesquisa/comment/view/13012/8068
		! Timeout waiting for the web server to answer.  We ignore and continue.
		Not in content. The URL https://edition.cnn.com/2021/04/08/politics/ukraine-us-black-sea/index.html is not in the content of site https://online.unisc.br/seer/index.php/cadpesquisa/comment/view/13012/8068  Discarding.
	Result [88]  Processing URL http://anestesi.fk.ugm.ac.id/jka.ugm/detail-jurnal-96-PENATALAKSANAAN-ANESTESI-COLOSTOMY-PADA-PASIEN-ATR-.html
		Not in content. The URL https://edition.cnn.com/2021/04/08/politics/ukraine-us-black-sea/index.html is not in the content of site http://anestesi.fk.ugm.ac.id/jka.ugm/detail-jurnal-96-PENATALAKSANAAN-ANESTESI-COLOSTOMY-PADA-PASIEN-ATR-.html  Discarding.
	Result [89]  Processing URL https://8kun.top/qresearch/res/13394141.html
		Not in content. The URL https://edition.cnn.com/2021/04/08/politics/ukraine-us-black-sea/index.html is not in the content of site https://8kun.top/qresearch/res/13394141.html  Discarding.
	Result [90]  Processing URL https://kunstler.com/clusterfuck-nation/will-america-survive-joe-biden/
		Date found in the API results: 2021-04-09T00:00:00
		Not in content. The URL https://edition.cnn.com/2021/04/08/politics/ukraine-us-black-sea/index.html is not in the content of site https://kunstler.com/clusterfuck-nation/will-america-survive-joe-biden/  Discarding.
	Result [91]  Processing URL https://teamcalendars.co.uk/blog/11/fsc-approved-again
		Date found in the API results: 2018-05-17T00:00:00
		Not in content. The URL https://edition.cnn.com/2021/04/08/politics/ukraine-us-black-sea/index.html is not in the content of site https://teamcalendars.co.uk/blog/11/fsc-approved-again  Discarding.
	Result [92]  Processing URL http://www.kocs.or.kr/board/board.asp?mode=view&brdIdx=774&brdId=move
		Date found in the API results: 2014-04-23T00:00:00
		Not in content. The URL https://edition.cnn.com/2021/04/08/politics/ukraine-us-black-sea/index.html is not in the content of site http://www.kocs.or.kr/board/board.asp?mode=view&brdIdx=774&brdId=move  Discarding.
	Result [93]  Processing URL http://plc8949.com/shop/display/home.php?mode=kosoboard_view&szTblName=qna&id=10&szDepth=1&szFid=-2
		Date found in the API results: 2017-05-18T00:00:00
		Not in content. The URL https://edition.cnn.com/2021/04/08/politics/ukraine-us-black-sea/index.html is not in the content of site http://plc8949.com/shop/display/home.php?mode=kosoboard_view&szTblName=qna&id=10&szDepth=1&szFid=-2  Discarding.
	Result [94]  Processing URL https://warmsouthernbreeze.wordpress.com/sitemap.xml
		Date found in the API results: None
		Blacklisted url: https://warmsouthernbreeze.wordpress.com/sitemap.xml.  Discarding.  
	Result [95]  Processing URL http://www.cre8tivebrandideas.co.uk/executive-gift-of-the-week-nickel-plated-weather-station
		! Timeout waiting for the web server to answer.  We ignore and continue.
		Not in content. The URL https://edition.cnn.com/2021/04/08/politics/ukraine-us-black-sea/index.html is not in the content of site http://www.cre8tivebrandideas.co.uk/executive-gift-of-the-week-nickel-plated-weather-station  Discarding.
	Result [96]  Processing URL https://petchary.wordpress.com/sitemap.xml
		Blacklisted url: https://petchary.wordpress.com/sitemap.xml.  Discarding.  
	Result [97]  Processing URL https://cooltweets.herokuapp.com/gerudoku
		! Error getting the content of the web.
		! signed integer is greater than maximum
		<class 'OverflowError'>
		Not in content. The URL https://edition.cnn.com/2021/04/08/politics/ukraine-us-black-sea/index.html is not in the content of site https://cooltweets.herokuapp.com/gerudoku  Discarding.
	Result [98]  Processing URL https://lodelcar.tumblr.com/
		Date found in the API results: 2021-05-25T00:00:00
		Not in content. The URL https://edition.cnn.com/2021/04/08/politics/ukraine-us-black-sea/index.html is not in the content of site https://lodelcar.tumblr.com/  Discarding.
	Result [99]  Processing URL https://www.enviroreporter.com/2014/04/radiation-conversation-ii/
		Date found in the API results: 2014-04-26T00:00:00
		Not in content. The URL https://edition.cnn.com/2021/04/08/politics/ukraine-us-black-sea/index.html is not in the content of site https://www.enviroreporter.com/2014/04/radiation-conversation-ii/  Discarding.
	Result [100]  Processing URL http://www.oicu.com/
		Not in content. The URL https://edition.cnn.com/2021/04/08/politics/ukraine-us-black-sea/index.html is not in the content of site http://www.oicu.com/  Discarding.
	Result [101]  Processing URL https://www.thingelstad.com/archive/
		Not in content. The URL https://edition.cnn.com/2021/04/08/politics/ukraine-us-black-sea/index.html is not in the content of site https://www.thingelstad.com/archive/  Discarding.
	Result [102]  Processing URL https://www.indexxx.com/m/milla-azul
		Date found in the content of the page: None
		Not in content. The URL https://edition.cnn.com/2021/04/08/politics/ukraine-us-black-sea/index.html is not in the content of site https://www.indexxx.com/m/milla-azul  Discarding.
	Result [103]  Processing URL https://awesomeopensource.com/project/cirosantilli/china-dictatorship
		Date found in the content of the page: None
		Not in content. The URL https://edition.cnn.com/2021/04/08/politics/ukraine-us-black-sea/index.html is not in the content of site https://awesomeopensource.com/project/cirosantilli/china-dictatorship  Discarding.
	Result [104]  Processing URL http://meitenkai.php.xdomain.jp/to/blog/article/%EF%BC%BB%E9%85%92%E7%B8%81%E3%81%99%E3%81%8E%E3%82%80%E3%82%89%EF%BC%BD%E6%96%B0%E9%AE%AE%21%21%E5%88%BA%E8%BA%AB%E7%9B%9B%E3%82%8A%E5%90%88%E3%82%8F%E3%81%9B%E3%80%80
		Date found in the API results: None
		! Timeout waiting for the web server to answer.  We ignore and continue.
		Not in content. The URL https://edition.cnn.com/2021/04/08/politics/ukraine-us-black-sea/index.html is not in the content of site http://meitenkai.php.xdomain.jp/to/blog/article/%EF%BC%BB%E9%85%92%E7%B8%81%E3%81%99%E3%81%8E%E3%82%80%E3%82%89%EF%BC%BD%E6%96%B0%E9%AE%AE%21%21%E5%88%BA%E8%BA%AB%E7%9B%9B%E3%82%8A%E5%90%88%E3%82%8F%E3%81%9B%E3%80%80  Discarding.
	Result [105]  Processing URL https://gitlab.com/cirosantilli/china-dictatorship
		Date found in the content of the page: None
		Not in content. The URL https://edition.cnn.com/2021/04/08/politics/ukraine-us-black-sea/index.html is not in the content of site https://gitlab.com/cirosantilli/china-dictatorship  Discarding.
	Result [106]  Processing URL https://8kun.top/qresearch/res/13320392.html
		! Error getting the content of the web.
		! signed integer is greater than maximum
		<class 'OverflowError'>
		Not in content. The URL https://edition.cnn.com/2021/04/08/politics/ukraine-us-black-sea/index.html is not in the content of site https://8kun.top/qresearch/res/13320392.html  Discarding.
	Result [107]  Processing URL https://currentthoughtsontrade.com/tag/argentina/
		Date found in the API results: None
		Not in content. The URL https://edition.cnn.com/2021/04/08/politics/ukraine-us-black-sea/index.html is not in the content of site https://currentthoughtsontrade.com/tag/argentina/  Discarding.
	Result [108]  Processing URL https://www.vodafone.pt/sitemap.xml
		Blacklisted url: https://www.vodafone.pt/sitemap.xml.  Discarding.  
	Result [109]  Processing URL https://ccrjustice.org/sites/default/files/attach/2015/02/DeptofState_2014_005900-006078_0.pdf
		Blacklisted url: https://ccrjustice.org/sites/default/files/attach/2015/02/DeptofState_2014_005900-006078_0.pdf.  Discarding.  

== Level 0. Twitter search by LINKS as https://edition.cnn.com/2021/04/08/politics/ukraine-us-black-sea/index.html
https://api.twitter.com/2/tweets/search/all?query=url+%3A+https%253A%252F%252Fedition.cnn.com%252F2021%252F04%252F08%252Fpolitics%252Fukraine-us-black-sea%252Findex.html&max_results=100&tweet.fields=author_id%2Cpublic_metrics%2Ccreated_at&start_time=2018-07-13T23%3A34%3A04.680174Z
	Downloaded 100 twitter content
	Result [1]  Processing twitter ID 1407498759668445184: RT @heardscientist1: @AdamMilstein https://t.co/OywAD6xJLN
	Result [2]  Processing twitter ID 1407413748692828164: @AdamMilstein https://t.co/OywAD6xJLN
	Result [3]  Processing twitter ID 1386301690492723200: @bmls797 @AmyAThatcher Pwhahaha. That is why he stopped sending ships after Russian military did exercise of sinking the ships! Where are the ships Biden? Hiding? Lol 😅
https://t.co/fU59VIH7Gy
	Result [4]  Processing twitter ID 1382999708252073985: アメリカがウクライナで戦争を望んでいるかもしれない理由 
https://t.co/RkaKfp6XWc
 2021年4月9日
Moon of Alabama
　昨日CNNは、ロシア・ウクライナ間の緊張の中、アメリカは黒海への軍艦配備を考えているhttps://t.co/KVqogzRoXV と伝えた。だが、アメリカが「考えて」いるというのは、ニセ情報
	Result [5]  Processing twitter ID 1382660772535357441: @bookazoid_ @laugh_in_pain да ты хуйню написал https://t.co/5Xz2rn6Jr0
	Result [6]  Processing twitter ID 1382660580998311943: @bookazoid_ читай. CNN проросийское сми https://t.co/5Xz2rn6Jr0
	Result [7]  Processing twitter ID 1382630254150365187: @pereproshuyu Ось ще новина від CNN але теж без імені джерела: https://t.co/fK39Cp78ay
	Result [8]  Processing twitter ID 1382604459696607232: @bookazoid_ але ж таки планували
https://t.co/Dycyiqoif0
	Result [9]  Processing twitter ID 1382450998883594242: @MacFinn44 @Bongo__Fury @AFP @WhiteHouse https://t.co/MN9yedC0Ai
	Result [10]  Processing twitter ID 1382439453654982657: Але заради справедливості, вони писали про "considering", а не "sending" що і купило мою довіру, коли я прочитав про те, що вже послали

https://t.co/jBqq51LLof
	Result [11]  Processing twitter ID 1381194487595036673: Terlalu banyak ancaman campur tangan di era bapak baiden :v
https://t.co/sRzjJgSn0O
	Result [12]  Processing twitter ID 1381176284047409155: RT @Trojkan1337: Nej, det kommer de inte göra.

https://t.co/f5bQ6MIAXB
	Result [13]  Processing twitter ID 1381122689675448320: RT @AlexKokcharov: #US is reportedly considering sending US navy vessels to #BlackSea amid #Russia|n military build-up next to #Ukraine's b…
	Result [14]  Processing twitter ID 1381049652779347969: США розглядають можливість відправки військових кораблів в Чорне море на тлі напруженості між Росією і Україною  

https://t.co/bBi0X2o9Xr
	Result [15]  Processing twitter ID 1381048835330433025: RT @TarasKuzio: Biden-2 is getting tough on Putin for personal (attacks vs his family)and geopolitical (Russian interference in US election…
	Result [16]  Processing twitter ID 1380992211471454216: RT @calibr747: ВМС США отправляют военные корабли в Черное море в дополнение к уже находящимся там, в качестве поддержки Украины на фоне ув…
	Result [17]  Processing twitter ID 1380989507017834504: RT @TarasKuzio: Biden-2 is getting tough on Putin for personal (attacks vs his family)and geopolitical (Russian interference in US election…
	Result [18]  Processing twitter ID 1380971490741518338: Biden-2 is getting tough on Putin for personal (attacks vs his family)and geopolitical (Russian interference in US elections, hacking, Russian military aggression vs UA) reasons https://t.co/WM4VzKa5eG. Biden-1 under Obama (Russia reset 2009 and vetoing arms to Ukraine) is gone
	Result [19]  Processing twitter ID 1380965112958361603: RT @L_ThinkTank: [🇺🇸 ÉTATS-UNIS | 🇺🇦 UKRAINE ]

🔸Les États-Unis envisagent d'envoyer des navires de guerre en mer Noire en signe de soutien…
	Result [20]  Processing twitter ID 1380926108741349380: RT @NRC_Egeland: Very dangerous rise in tensions in Eastern Ukraine. Renewed armed conflict would take a heavy toll on the 3.4 million livi…
	Result [21]  Processing twitter ID 1380910233489268739: RT @NRC_Egeland: Very dangerous rise in tensions in Eastern Ukraine. Renewed armed conflict would take a heavy toll on the 3.4 million livi…
	Result [22]  Processing twitter ID 1380885394359775232: RT @StasSwanky: Соединенные Штаты рассматривают возможность отправки военных кораблей в Черное море, сообщает CNN со ссылкой на представите…
	Result [23]  Processing twitter ID 1380866903866929154: https://t.co/BYJrRqaHfY
	Result [24]  Processing twitter ID 1380839726014464003: RT @charly0153: EEUU enviará 2 destructores al mar Negro ante las tensiones en la región... ¿realmente hay alguien en EEUU que piense que e…
	Result [25]  Processing twitter ID 1380825621169795073: RT @StasSwanky: Соединенные Штаты рассматривают возможность отправки военных кораблей в Черное море, сообщает CNN со ссылкой на представите…
	Result [26]  Processing twitter ID 1380798038415962113: RT @Paco_Gil_: Finalmente EE.UU. enviará dos navíos de guerra al Mar Negro, según el M.º de Relaciones Exteriores de Turquía, mientras la t…
	Result [27]  Processing twitter ID 1380796977248632832: RT @charly0153: EEUU enviará 2 destructores al mar Negro ante las tensiones en la región... ¿realmente hay alguien en EEUU que piense que e…
	Result [28]  Processing twitter ID 1380792153471860736: EEUU enviará 2 destructores al mar Negro ante las tensiones en la región... ¿realmente hay alguien en EEUU que piense que eso intimida a alguien ?
https://t.co/yoig9Ukj6D https://t.co/FEAEuToZdY
	Result [29]  Processing twitter ID 1380791321154174983: RT @fran_dacoba: ¿Barcos de guerra norteamericanos al Mar Negro?
https://t.co/FEooSFqqUl
	Result [30]  Processing twitter ID 1380787989941473280: ABD medyasına göre, ABD savaş gemileri Kardenize geçecekmiş.
Ne Türkiye ne de ABD'den bu konuda yalanlama gelmedi.
ABD yetkilileri bu konudaki soruya cevap vememekle yetindi.
Yakında Rusya'nın Suriye'de bazı hamleleri şaşırtıcı olmayackatır. 
https://t.co/YBxP7UOi9Z
	Result [31]  Processing twitter ID 1380782016220790790: https://t.co/hJGUbodQ7Z
	Result [32]  Processing twitter ID 1380738433497370624: RT @L_ThinkTank: [🇺🇸 ÉTATS-UNIS | 🇺🇦 UKRAINE ]

🔸Les États-Unis envisagent d'envoyer des navires de guerre en mer Noire en signe de soutien…
	Result [33]  Processing twitter ID 1380737404416442370: RT @L_ThinkTank: [🇺🇸 ÉTATS-UNIS | 🇺🇦 UKRAINE ]

🔸Les États-Unis envisagent d'envoyer des navires de guerre en mer Noire en signe de soutien…
	Result [34]  Processing twitter ID 1380734631226585095: RT @calibr747: ВМС США отправляют военные корабли в Черное море в дополнение к уже находящимся там, в качестве поддержки Украины на фоне ув…
	Result [35]  Processing twitter ID 1380727524746010627: https://t.co/mfnQLrwL0T https://t.co/K9UmCsFf3v
	Result [36]  Processing twitter ID 1380722331404800001: RT @StasSwanky: Соединенные Штаты рассматривают возможность отправки военных кораблей в Черное море, сообщает CNN со ссылкой на представите…
	Result [37]  Processing twitter ID 1380697273642913799: RT @StasSwanky: Соединенные Штаты рассматривают возможность отправки военных кораблей в Черное море, сообщает CNN со ссылкой на представите…
	Result [38]  Processing twitter ID 1380695632868831237: RT @StasSwanky: Соединенные Штаты рассматривают возможность отправки военных кораблей в Черное море, сообщает CNN со ссылкой на представите…
	Result [39]  Processing twitter ID 1380689956453113857: Finalmente EE.UU. enviará dos navíos de guerra al Mar Negro, según el M.º de Relaciones Exteriores de Turquía, mientras la tensión entre Rusia y Ucrania aumenta. 
 
Probablemente dos destructores Arleigh Burke o un Arleigh Burke y un crucero Ticonderoga.
https://t.co/khhDXyJDqE
	Result [40]  Processing twitter ID 1380680444421795842: RT @AlexKokcharov: #US is reportedly considering sending US navy vessels to #BlackSea amid #Russia|n military build-up next to #Ukraine's b…
	Result [41]  Processing twitter ID 1380679188944936970: RT @AlexKokcharov: #US is reportedly considering sending US navy vessels to #BlackSea amid #Russia|n military build-up next to #Ukraine's b…
	Result [42]  Processing twitter ID 1380670812286500865: RT @AlexKokcharov: #US is reportedly considering sending US navy vessels to #BlackSea amid #Russia|n military build-up next to #Ukraine's b…
	Result [43]  Processing twitter ID 1380669771293855744: #USA  https://t.co/3sgbjsEM8j
	Result [44]  Processing twitter ID 1380633443625799700: RT @calibr747: ВМС США отправляют военные корабли в Черное море в дополнение к уже находящимся там, в качестве поддержки Украины на фоне ув…
	Result [45]  Processing twitter ID 1380633077416914951: RT @motytchak: they should have been there FEW WEEKS AGO on the regular rotational basis:
https://t.co/Av6mFrsKOL 

Montreux treaty require…
	Result [46]  Processing twitter ID 1380627607935401987: RT @_RUSSIE_: Des Navires de guerre américains rentre en mer Noire après les menaces de la #Russie contre l’#Ukraine https://t.co/L16Hwjtjh…
	Result [47]  Processing twitter ID 1380625908948684804: RT @fran_dacoba: ¿Barcos de guerra norteamericanos al Mar Negro?
https://t.co/FEooSFqqUl
	Result [48]  Processing twitter ID 1380616181749407747: @Potentialmemery On the bright side, there could be a chance of US intervention to stop the conflict, but I wouldn't get my hopes up
https://t.co/gJvcIrqG37
	Result [49]  Processing twitter ID 1380612507736363009: RT @calibr747: ВМС США отправляют военные корабли в Черное море в дополнение к уже находящимся там, в качестве поддержки Украины на фоне ув…
	Result [50]  Processing twitter ID 1380594475680993280: RT @fran_dacoba: ¿Barcos de guerra norteamericanos al Mar Negro?
https://t.co/FEooSFqqUl
	Result [51]  Processing twitter ID 1380592679239704579: RT @fran_dacoba: ¿Barcos de guerra norteamericanos al Mar Negro?
https://t.co/FEooSFqqUl
	Result [52]  Processing twitter ID 1380592486763134976: RT @fran_dacoba: ¿Barcos de guerra norteamericanos al Mar Negro?
https://t.co/FEooSFqqUl
	Result [53]  Processing twitter ID 1380591820846022660: RT @fran_dacoba: ¿Barcos de guerra norteamericanos al Mar Negro?
https://t.co/FEooSFqqUl
	Result [54]  Processing twitter ID 1380591225875668997: RT @fran_dacoba: ¿Barcos de guerra norteamericanos al Mar Negro?
https://t.co/FEooSFqqUl
	Result [55]  Processing twitter ID 1380590498981744647: RT @L_ThinkTank: [🇺🇸 ÉTATS-UNIS | 🇺🇦 UKRAINE ]

🔸Les États-Unis envisagent d'envoyer des navires de guerre en mer Noire en signe de soutien…
	Result [56]  Processing twitter ID 1380587953269792771: RT @Eshavaasyam: US considering sending warships to Black Sea amid Russia-Ukraine tensions
https://t.co/pfsKpFjPkV
	Result [57]  Processing twitter ID 1380585927982997505: US considering sending warships to Black Sea amid Russia-Ukraine tensions
https://t.co/pfsKpFjPkV
	Result [58]  Processing twitter ID 1380573852489691140: RT @NRC_Egeland: Very dangerous rise in tensions in Eastern Ukraine. Renewed armed conflict would take a heavy toll on the 3.4 million livi…
	Result [59]  Processing twitter ID 1380573569663520770: RT @NRC_Egeland: Very dangerous rise in tensions in Eastern Ukraine. Renewed armed conflict would take a heavy toll on the 3.4 million livi…
	Result [60]  Processing twitter ID 1380572618110156803: RT @NRC_Egeland: Very dangerous rise in tensions in Eastern Ukraine. Renewed armed conflict would take a heavy toll on the 3.4 million livi…
	Result [61]  Processing twitter ID 1380571707941994496: RT @fran_dacoba: ¿Barcos de guerra norteamericanos al Mar Negro?
https://t.co/FEooSFqqUl
	Result [62]  Processing twitter ID 1380571553281236999: RT @NRC_Egeland: Very dangerous rise in tensions in Eastern Ukraine. Renewed armed conflict would take a heavy toll on the 3.4 million livi…
	Result [63]  Processing twitter ID 1380571542053130253: RT @NRC_Egeland: Very dangerous rise in tensions in Eastern Ukraine. Renewed armed conflict would take a heavy toll on the 3.4 million livi…
	Result [64]  Processing twitter ID 1380570228321570819: RT @NRC_Egeland: Very dangerous rise in tensions in Eastern Ukraine. Renewed armed conflict would take a heavy toll on the 3.4 million livi…
	Result [65]  Processing twitter ID 1380534879973224448: RT @_RUSSIE_: Des Navires de guerre américains rentre en mer Noire après les menaces de la #Russie contre l’#Ukraine https://t.co/L16Hwjtjh…
	Result [66]  Processing twitter ID 1380533658881302530: Des Navires de guerre américains rentre en mer Noire après les menaces de la #Russie contre l’#Ukraine https://t.co/L16Hwjtjh5  #Europe #Россия #Russia #Rusia #روسيا
	Result [67]  Processing twitter ID 1380532609307045889: RT @AlexKokcharov: #US is reportedly considering sending US navy vessels to #BlackSea amid #Russia|n military build-up next to #Ukraine's b…
	Result [68]  Processing twitter ID 1380532384479776770: RT @calibr747: ВМС США отправляют военные корабли в Черное море в дополнение к уже находящимся там, в качестве поддержки Украины на фоне ув…
	Result [69]  Processing twitter ID 1380529747785043969: RT @AlexKokcharov: #US is reportedly considering sending US navy vessels to #BlackSea amid #Russia|n military build-up next to #Ukraine's b…
	Result [70]  Processing twitter ID 1380521410234310666: ¿Barcos de guerra norteamericanos al Mar Negro?
https://t.co/FEooSFqqUl
	Result [71]  Processing twitter ID 1380520467371548675: Les #EtatsUnis envisagent d'envoyer des navires de guerre en mer Noire dans les prochaines semaines pour montrer leur soutien à l'#Ukraine dans un contexte de présence militaire accrue de la #Russie à la frontière orientale de l'Ukraine. 
https://t.co/Nmp8w7T0k1
	Result [72]  Processing twitter ID 1380519259210678272: RT @NRC_Egeland: Very dangerous rise in tensions in Eastern Ukraine. Renewed armed conflict would take a heavy toll on the 3.4 million livi…
	Result [73]  Processing twitter ID 1380518309171462145: RT @calibr747: ВМС США отправляют военные корабли в Черное море в дополнение к уже находящимся там, в качестве поддержки Украины на фоне ув…
	Result [74]  Processing twitter ID 1380514567818784769: RT @NRC_Egeland: Very dangerous rise in tensions in Eastern Ukraine. Renewed armed conflict would take a heavy toll on the 3.4 million livi…
	Result [75]  Processing twitter ID 1380513369866768384: RT @NRC_Egeland: Very dangerous rise in tensions in Eastern Ukraine. Renewed armed conflict would take a heavy toll on the 3.4 million livi…
	Result [76]  Processing twitter ID 1380510908061999114: RT @NRC_Egeland: Very dangerous rise in tensions in Eastern Ukraine. Renewed armed conflict would take a heavy toll on the 3.4 million livi…
	Result [77]  Processing twitter ID 1380508880099217412: RT @NRC_Egeland: Very dangerous rise in tensions in Eastern Ukraine. Renewed armed conflict would take a heavy toll on the 3.4 million livi…
	Result [78]  Processing twitter ID 1380508048293257220: RT @NRC_Egeland: Very dangerous rise in tensions in Eastern Ukraine. Renewed armed conflict would take a heavy toll on the 3.4 million livi…
	Result [79]  Processing twitter ID 1380507649163337731: Very dangerous rise in tensions in Eastern Ukraine. Renewed armed conflict would take a heavy toll on the 3.4 million living on both sides of the contact line. As a humanitarian group on the ground we see how vulnerable the civilians already are. https://t.co/0c5GWMfJWF
	Result [80]  Processing twitter ID 1380506004958412805: RT @calibr747: ВМС США отправляют военные корабли в Черное море в дополнение к уже находящимся там, в качестве поддержки Украины на фоне ув…
	Result [81]  Processing twitter ID 1380501924084998144: #US considering sending warships to #BlackSea amid #Russia-#Ukraine tensions

https://t.co/lcYrKGhDOY
	Result [82]  Processing twitter ID 1380499743571329025: RT @calibr747: ВМС США отправляют военные корабли в Черное море в дополнение к уже находящимся там, в качестве поддержки Украины на фоне ув…
	Result [83]  Processing twitter ID 1380499610842587141: RT @calibr747: ВМС США отправляют военные корабли в Черное море в дополнение к уже находящимся там, в качестве поддержки Украины на фоне ув…
	Result [84]  Processing twitter ID 1380497450230669315: RT @C_Barraud: 🇺🇸 🇷🇺🇺🇦 US considering sending warships to Black Sea amid #Russia-#Ukraine tensions - CNN
https://t.co/X8DHICCGtp
	Result [85]  Processing twitter ID 1380497294185832448: RT @gloomynews: ロシア軍がウクライナ国境地帯に兵力を集結している件で、米軍はウクライナ支援姿勢を強化すべく黒海に艦船配備を検討中と米国防省筋。CNN報道。
https://t.co/09PgTuxGSC
	Result [86]  Processing twitter ID 1380497045845336067: RT @AlexKokcharov: #US is reportedly considering sending US navy vessels to #BlackSea amid #Russia|n military build-up next to #Ukraine's b…
	Result [87]  Processing twitter ID 1380496412597706752: On Wednesday, two US B-1 bombers conducted missions over the Aegean Sea - This just after the weeks long Bomber Strike Force mission of the USAF in Europe had ended  https://t.co/Y79vKZXsJ1
	Result [88]  Processing twitter ID 1380495890935382030: RT @AlexKokcharov: #US is reportedly considering sending US navy vessels to #BlackSea amid #Russia|n military build-up next to #Ukraine's b…
	Result [89]  Processing twitter ID 1380494876295491585: RT @calibr747: ВМС США отправляют военные корабли в Черное море в дополнение к уже находящимся там, в качестве поддержки Украины на фоне ув…
	Result [90]  Processing twitter ID 1380493612367155202: RT @AlexKokcharov: #US is reportedly considering sending US navy vessels to #BlackSea amid #Russia|n military build-up next to #Ukraine's b…
	Result [91]  Processing twitter ID 1380493314550546435: @ArturJerzy @MJMarszalkowski Może lotniskowce, bo się wkurzyli lekko. https://t.co/GmZ6POppRy
	Result [92]  Processing twitter ID 1380492888333766658: RT @AlexKokcharov: #US is reportedly considering sending US navy vessels to #BlackSea amid #Russia|n military build-up next to #Ukraine's b…
	Result [93]  Processing twitter ID 1380492741403086858: RT @AlexKokcharov: #US is reportedly considering sending US navy vessels to #BlackSea amid #Russia|n military build-up next to #Ukraine's b…
	Result [94]  Processing twitter ID 1380491235085987840: RT @AlexKokcharov: #US is reportedly considering sending US navy vessels to #BlackSea amid #Russia|n military build-up next to #Ukraine's b…
	Result [95]  Processing twitter ID 1380490191505289221: RT @AlexKokcharov: #US is reportedly considering sending US navy vessels to #BlackSea amid #Russia|n military build-up next to #Ukraine's b…
	Result [96]  Processing twitter ID 1380490134781583363: RT @shottlandka: Well that's one sure way of escalating things further...

https://t.co/ATaFtbrUXi
	Result [97]  Processing twitter ID 1380490124241338369: RT @AlexKokcharov: #US is reportedly considering sending US navy vessels to #BlackSea amid #Russia|n military build-up next to #Ukraine's b…
	Result [98]  Processing twitter ID 1380488574802477056: RT @AlexKokcharov: #US is reportedly considering sending US navy vessels to #BlackSea amid #Russia|n military build-up next to #Ukraine's b…
	Result [99]  Processing twitter ID 1380487783115071490: RT @AlexKokcharov: #US is reportedly considering sending US navy vessels to #BlackSea amid #Russia|n military build-up next to #Ukraine's b…
	Result [100]  Processing twitter ID 1380486759948161031: RT @AlexKokcharov: #US is reportedly considering sending US navy vessels to #BlackSea amid #Russia|n military build-up next to #Ukraine's b…

== Level 0. VK search by LINKS as https://edition.cnn.com/2021/04/08/politics/ukraine-us-black-sea/index.html
	Result [0]  Processing URL https://vk.com/id633372150?w=wall633372150_4477. Date: 2021-04-09 18:35:43
	Result [1]  Processing URL https://vk.com/id-55788258?w=wall-55788258_5360. Date: 2021-04-09 12:39:46
	Result [2]  Processing URL https://vk.com/id-177603618?w=wall-177603618_23446. Date: 2021-04-09 11:51:30
	Result [3]  Processing URL https://vk.com/id591395147?w=wall591395147_2898. Date: 2021-04-09 08:06:06
	Result [4]  Processing URL https://vk.com/id-181618243?w=wall-181618243_16900. Date: 2021-04-09 07:11:58
	Result [5]  Processing URL https://vk.com/id-1043729?w=wall-1043729_23719. Date: 2021-04-09 04:45:41
	Result [6]  Processing URL https://vk.com/id-64261561?w=wall-64261561_106009. Date: 2021-04-08 21:26:03
	Result [7]  Processing URL https://vk.com/id-99428024?w=wall-99428024_202996. Date: 2021-04-08 20:33:02
	Result [8]  Processing URL https://vk.com/id-191739538?w=wall-191739538_16756. Date: 2021-01-29 21:43:17
In total was found 9

== Level 0. Google search by TITLE as Russia-Ukraine: US considering sending warships to Black Sea amid tensions - CNNPolitics
	Total amount of results retrieved: 22
	Result [1]  Processing URL https://www.cnn.com/2021/04/08/politics/ukraine-us-black-sea/index.html
		Date found in the API results: 2021-04-09T00:00:00
		Repeated url: https://www.cnn.com/2021/04/08/politics/ukraine-us-black-sea/index.html.  Discarding.  
	Result [2]  Processing URL https://www.cnn.com/2018/12/05/politics/us-navy-black-sea-russia-ukraine/index.html
		Date found in the API results: 2018-12-05T00:00:00
		The content of https://edition.cnn.com/2021/04/08/politics/ukraine-us-black-sea/index.html has distance with https://www.cnn.com/2018/12/05/politics/us-navy-black-sea-russia-ukraine/index.html of : 0.9164. Keeping.
		Adding to DB the URL https://www.cnn.com/2018/12/05/politics/us-navy-black-sea-russia-ukraine/index.html
	Result [3]  Processing URL https://www.pinterest.com/pin/434386326567397513/
		Date found in the content of the page: None
		The content of https://edition.cnn.com/2021/04/08/politics/ukraine-us-black-sea/index.html has distance with https://www.pinterest.com/pin/434386326567397513/ of : 0.3335. Keeping.
		Adding to DB the URL https://www.pinterest.com/pin/434386326567397513/
	Result [4]  Processing URL https://www.abc57.com/news/us-considering-sending-warships-to-black-sea-amid-russia-ukraine-tensions
		Date found in the API results: 2021-04-09T00:00:00
		! Error getting the content of the web.
		! can't compare offset-naive and offset-aware datetimes
		<class 'TypeError'>
		The content of the pages were not string. Verify.
		Different. The content of https://edition.cnn.com/2021/04/08/politics/ukraine-us-black-sea/index.html has distance with https://www.abc57.com/news/us-considering-sending-warships-to-black-sea-amid-russia-ukraine-tensions of: False. Discarding.
	Result [5]  Processing URL https://flipboard.com/@cnn/politics-17jf08kfz/us-considering-sending-warships-to-black-sea-amid-russia-ukraine-tensions/a-agkTNnoWSEGFFEGUyLagdg%3Aa%3A132361178-982eeb1ba2%2Fcnn.com
		Date found in the Snippet of the API results: None
		The content of https://edition.cnn.com/2021/04/08/politics/ukraine-us-black-sea/index.html has distance with https://flipboard.com/@cnn/politics-17jf08kfz/us-considering-sending-warships-to-black-sea-amid-russia-ukraine-tensions/a-agkTNnoWSEGFFEGUyLagdg%3Aa%3A132361178-982eeb1ba2%2Fcnn.com of : 0.3321. Keeping.
		Adding to DB the URL https://flipboard.com/@cnn/politics-17jf08kfz/us-considering-sending-warships-to-black-sea-amid-russia-ukraine-tensions/a-agkTNnoWSEGFFEGUyLagdg%3Aa%3A132361178-982eeb1ba2%2Fcnn.com
	Result [6]  Processing URL https://twitter.com/cnnpolitics/status/1380223680765120516?lang=de
		Date found in the content of the page: None
		The content of https://edition.cnn.com/2021/04/08/politics/ukraine-us-black-sea/index.html has distance with https://twitter.com/cnnpolitics/status/1380223680765120516?lang=de of : 0.396. Keeping.
		Adding to DB the URL https://twitter.com/cnnpolitics/status/1380223680765120516?lang=de
	Result [7]  Processing URL https://www.pehalnews.in/tag/russia-ukraine-us-considering-sending-warships-to-black-sea-amid-tensions-cnnpolitics/
		! Timeout waiting for the web server to answer.  We ignore and continue.
		The content of the pages were not string. Verify.
		Different. The content of https://edition.cnn.com/2021/04/08/politics/ukraine-us-black-sea/index.html has distance with https://www.pehalnews.in/tag/russia-ukraine-us-considering-sending-warships-to-black-sea-amid-tensions-cnnpolitics/ of: False. Discarding.
	Result [8]  Processing URL https://freenews.today/tag/us-considering-sending-warships-to-black-sea-amid-russia-ukraine-tensions-cnnpolitics/
		The content of https://edition.cnn.com/2021/04/08/politics/ukraine-us-black-sea/index.html has distance with https://freenews.today/tag/us-considering-sending-warships-to-black-sea-amid-russia-ukraine-tensions-cnnpolitics/ of : 0.3005. Keeping.
		Adding to DB the URL https://freenews.today/tag/us-considering-sending-warships-to-black-sea-amid-russia-ukraine-tensions-cnnpolitics/
	Result [9]  Processing URL https://www.ksmb.com/category/cnn-politics/page/90/
		Date found in the content of the page: None
		Different. The content of https://edition.cnn.com/2021/04/08/politics/ukraine-us-black-sea/index.html has distance with https://www.ksmb.com/category/cnn-politics/page/90/ of: 0.10364223144306133. Discarding.
	Result [10]  Processing URL https://www.dailymail.co.uk/news/article-9448855/Russia-moves-warships-Black-Sea-drills-Interfax.html
		Date found in the API results: 2021-04-08T00:00:00
		The content of https://edition.cnn.com/2021/04/08/politics/ukraine-us-black-sea/index.html has distance with https://www.dailymail.co.uk/news/article-9448855/Russia-moves-warships-Black-Sea-drills-Interfax.html of : 0.3896. Keeping.
		Adding to DB the URL https://www.dailymail.co.uk/news/article-9448855/Russia-moves-warships-Black-Sea-drills-Interfax.html
	Result [11]  Processing URL https://www.wksm.com/category/cnn-politics/page/34/
		Date found in the content of the page: None
		Different. The content of https://edition.cnn.com/2021/04/08/politics/ukraine-us-black-sea/index.html has distance with https://www.wksm.com/category/cnn-politics/page/34/ of: 0.10343873882179404. Discarding.
	Result [12]  Processing URL https://nypost.com/2021/04/20/russia-sends-warships-in-black-sea-amid-us-ukraine-tensions/
		Date found in the API results: 2021-04-20T00:00:00
		Date found in the URL: 2021-04-20 00:00:00
		Different. The content of https://edition.cnn.com/2021/04/08/politics/ukraine-us-black-sea/index.html has distance with https://nypost.com/2021/04/20/russia-sends-warships-in-black-sea-amid-us-ukraine-tensions/ of: 0.2864. Discarding.
	Result [13]  Processing URL https://www.dailymail.co.uk/news/article-9448855/Russia-moves-warships-Black-Sea-drills-Interfax.html
		Date found in the API results: 2021-04-08T00:00:00
		The content of https://edition.cnn.com/2021/04/08/politics/ukraine-us-black-sea/index.html has distance with https://www.dailymail.co.uk/news/article-9448855/Russia-moves-warships-Black-Sea-drills-Interfax.html of : 0.3883. Keeping.
		Adding to DB the URL https://www.dailymail.co.uk/news/article-9448855/Russia-moves-warships-Black-Sea-drills-Interfax.html
	Result [14]  Processing URL https://twitreworld.com/tag/us-considering-sending-warships-to-black-sea-amid-russia-ukraine-tensions-cnnpolitics/
		The content of https://edition.cnn.com/2021/04/08/politics/ukraine-us-black-sea/index.html has distance with https://twitreworld.com/tag/us-considering-sending-warships-to-black-sea-amid-russia-ukraine-tensions-cnnpolitics/ of : 0.3208. Keeping.
		Adding to DB the URL https://twitreworld.com/tag/us-considering-sending-warships-to-black-sea-amid-russia-ukraine-tensions-cnnpolitics/
	Result [15]  Processing URL https://twitreworld.com/17640/
		The content of https://edition.cnn.com/2021/04/08/politics/ukraine-us-black-sea/index.html has distance with https://twitreworld.com/17640/ of : 0.325. Keeping.
		Adding to DB the URL https://twitreworld.com/17640/
	Result [16]  Processing URL https://www.aljazeera.com/news/2021/4/15/us-cancels-warships-deployment-to-black-sea-turkish-officials
		Date found in the API results: 2021-04-15T00:00:00
		Date found in the URL: 2021-04-15 00:00:00
		The content of https://edition.cnn.com/2021/04/08/politics/ukraine-us-black-sea/index.html has distance with https://www.aljazeera.com/news/2021/4/15/us-cancels-warships-deployment-to-black-sea-turkish-officials of : 0.3509. Keeping.
		Adding to DB the URL https://www.aljazeera.com/news/2021/4/15/us-cancels-warships-deployment-to-black-sea-turkish-officials
	Result [17]  Processing URL https://newz25.com/us-taking-into-account-sending-warships-to-black-sea-amid-russia-ukraine-tensions/
		The content of https://edition.cnn.com/2021/04/08/politics/ukraine-us-black-sea/index.html has distance with https://newz25.com/us-taking-into-account-sending-warships-to-black-sea-amid-russia-ukraine-tensions/ of : 0.3462. Keeping.
		Adding to DB the URL https://newz25.com/us-taking-into-account-sending-warships-to-black-sea-amid-russia-ukraine-tensions/
	Result [18]  Processing URL https://www.unian.info/world/cnn-u-s-considering-sending-warships-to-black-sea-11381926.html
		The content of https://edition.cnn.com/2021/04/08/politics/ukraine-us-black-sea/index.html has distance with https://www.unian.info/world/cnn-u-s-considering-sending-warships-to-black-sea-11381926.html of : 0.3574. Keeping.
		Adding to DB the URL https://www.unian.info/world/cnn-u-s-considering-sending-warships-to-black-sea-11381926.html
	Result [19]  Processing URL https://www.aninews.in/news/world/us/us-mulls-sending-warships-to-black-sea-as-russia-ukraine-tensions-rise20210409032455
		Date found in the API results: 2021-04-09T00:00:00
		! Error getting the content of the web.
		! can't compare offset-naive and offset-aware datetimes
		<class 'TypeError'>
		The content of the pages were not string. Verify.
		Different. The content of https://edition.cnn.com/2021/04/08/politics/ukraine-us-black-sea/index.html has distance with https://www.aninews.in/news/world/us/us-mulls-sending-warships-to-black-sea-as-russia-ukraine-tensions-rise20210409032455 of: False. Discarding.
	Result [20]  Processing URL https://www.aa.com.tr/en/americas/us-weighing-sending-warships-to-black-sea-amid-tensions/2202903
		Date found in the API results: 2021-04-08T00:00:00
		! Error in getting content due to a Connection Error. Port closed, web down?
		The content of the pages were not string. Verify.
		Different. The content of https://edition.cnn.com/2021/04/08/politics/ukraine-us-black-sea/index.html has distance with https://www.aa.com.tr/en/americas/us-weighing-sending-warships-to-black-sea-amid-tensions/2202903 of: False. Discarding.
	Result [21]  Processing URL https://www.wionews.com/world/russia-ukraine-border-crisis-us-weighing-sending-warships-to-black-sea-amid-tensions-376188
		Date found in the API results: 2021-04-09T00:00:00
		The content of https://edition.cnn.com/2021/04/08/politics/ukraine-us-black-sea/index.html has distance with https://www.wionews.com/world/russia-ukraine-border-crisis-us-weighing-sending-warships-to-black-sea-amid-tensions-376188 of : 0.3802. Keeping.
		Adding to DB the URL https://www.wionews.com/world/russia-ukraine-border-crisis-us-weighing-sending-warships-to-black-sea-amid-tensions-376188
	Result [22]  Processing URL https://www-trendmicro.com/tag/us-considering-sending-warships-to-black-sea-amid-russia-ukraine-tensions-cnnpolitics/
		Date found in the content of the page: None
		Different. The content of https://edition.cnn.com/2021/04/08/politics/ukraine-us-black-sea/index.html has distance with https://www-trendmicro.com/tag/us-considering-sending-warships-to-black-sea-amid-russia-ukraine-tensions-cnnpolitics/ of: 0.041854097398787406. Discarding.

== Level 0. Twitter search by title as Russia-Ukraine: US considering sending warships to Black Sea amid tensions - CNNPolitics
https://api.twitter.com/2/tweets/search/all?query=%22Russia-Ukraine%3A+US+considering+sending+warships+to+Black+Sea+amid+tensions+-+CNNPolitics%22&max_results=100&tweet.fields=author_id%2Cpublic_metrics%2Ccreated_at&start_time=2018-07-13T23%3A34%3A55.912396Z
	Downloaded 10 twitter content
	Result [1]  Processing twitter ID 1383428416184090639: Russia-Ukraine: US considering sending warships to Black Sea amid tensions - CNNPolitics https://t.co/rbJqHPw5CA
	Result [2]  Processing twitter ID 1381676207750541312: Russia-Ukraine: US considering sending warships to Black Sea amid tensions - CNNPolitics https://t.co/G4BHiJeDjy
	Result [3]  Processing twitter ID 1381646599659528197: #Russia-#Ukraine: US considering sending warships to Black Sea amid tensions - CNNPolitics https://t.co/ulFgelNnAh
	Result [4]  Processing twitter ID 1380703063187599364: Russia-Ukraine: US considering sending warships to Black Sea amid tensions - CNNPolitics https://t.co/qyK0Ryvv9H 

I thought democrats were against war? or does controlled press 4 most part give them free pass? big 3 networks paticularily
	Result [5]  Processing twitter ID 1380614343444815872: Russia-Ukraine: US considering sending warships to Black Sea amid tensions - CNNPolitics https://t.co/PRMuhh4ulX
	Result [6]  Processing twitter ID 1380537494861537284: Russia-Ukraine: US considering sending warships to Black Sea amid tensions - CNNPolitics https://t.co/zzrFxbBUHM
	Result [7]  Processing twitter ID 1380481065316405250: Russia-Ukraine: US considering sending warships to Black Sea amid tensions - CNNPolitics https://t.co/IK96EPIPMM
	Result [8]  Processing twitter ID 1380478745480400898: Russia-Ukraine: US considering sending warships to Black Sea amid tensions - CNNPolitics https://t.co/sFy2yX0NxR
	Result [9]  Processing twitter ID 1380466519658926084: Russia-Ukraine: US considering sending warships to Black Sea amid tensions - CNNPolitics https://t.co/84T1o5SaJR
	Result [10]  Processing twitter ID 1380445763948396544: Russia-Ukraine: US considering sending warships to Black Sea amid tensions - CNNPolitics https://t.co/CGCG27eShm

== Level 0. VK search by title as Russia-Ukraine: US considering sending warships to Black Sea amid tensions - CNNPolitics
	Result [0]  Processing URL https://vk.com/id607685132?w=wall607685132_1133. Date: 2021-04-09 01:13:50
In total was found 1
