Searching the distribution graph of URL https://oko-planet.su/politik/politiklist/549229-novyy-migracionnyy-krizis-evropa-ne-gotova.html. Using 1 levels.

Main title: Новый миграционный кризис: Европа не готова » ОКО ПЛАНЕТЫ информационно-аналитический портал
In level 0 were found 1 urls including original

== Level 0. Google search by LINKS to https://oko-planet.su/politik/politiklist/549229-novyy-migracionnyy-krizis-evropa-ne-gotova.html
	Total amount of results retrieved: 1
	Result [1]  Processing URL https://oko-planet.su/politik/politiklist/549229-novyy-migracionnyy-krizis-evropa-ne-gotova.html
		Date found in the API results: 2019-12-19T00:00:00
		Repeated url: https://oko-planet.su/politik/politiklist/549229-novyy-migracionnyy-krizis-evropa-ne-gotova.html.  Discarding.  
		Date found in the API results: 2019-12-19T00:00:00

== Level 0. Twitter search by LINKS as https://oko-planet.su/politik/politiklist/549229-novyy-migracionnyy-krizis-evropa-ne-gotova.html
https://api.twitter.com/2/tweets/search/all?query=url+%3A+https%253A%252F%252Foko-planet.su%252Fpolitik%252Fpolitiklist%252F549229-novyy-migracionnyy-krizis-evropa-ne-gotova.html&max_results=100&tweet.fields=author_id%2Cpublic_metrics%2Ccreated_at&start_time=2020-07-12T18%3A22%3A33.435454Z
	Downloaded 0 twitter content

== Level 0. VK search by LINKS as https://oko-planet.su/politik/politiklist/549229-novyy-migracionnyy-krizis-evropa-ne-gotova.html
In total was found 0

== Level 0. Google search by TITLE as Новый миграционный кризис: Европа не готова » ОКО ПЛАНЕТЫ информационно-аналитический портал
	Total amount of results retrieved: 99
	Result [1]  Processing URL https://ria.ru/20210525/migratsiya-1733716124.html
		Date found in the API results: 2021-05-26T00:00:00
		Date found in the URL: 2021-05-25 00:00:00
		Different. The content of https://oko-planet.su/politik/politiklist/549229-novyy-migracionnyy-krizis-evropa-ne-gotova.html has distance with https://ria.ru/20210525/migratsiya-1733716124.html of: 0.2897. Discarding.
	Result [2]  Processing URL https://oko-planet.su/first/429345-evropa-bez-ameriki.html
		The content of https://oko-planet.su/politik/politiklist/549229-novyy-migracionnyy-krizis-evropa-ne-gotova.html has distance with https://oko-planet.su/first/429345-evropa-bez-ameriki.html of : 0.964. Keeping.
		Adding to DB the URL https://oko-planet.su/first/429345-evropa-bez-ameriki.html
	Result [3]  Processing URL https://www.gazeta.ru/business/2021/05/13/13591772.shtml
		Date found in the API results: 2021-05-13T00:00:00
		Date found in the URL: 2021-05-13 00:00:00
		Different. The content of https://oko-planet.su/politik/politiklist/549229-novyy-migracionnyy-krizis-evropa-ne-gotova.html has distance with https://www.gazeta.ru/business/2021/05/13/13591772.shtml of: 0.2897. Discarding.
	Result [4]  Processing URL https://www.dipacademy.ru/documents/993/ISBN_978-5-9907695-3-3.pdf
		Blacklisted url: https://www.dipacademy.ru/documents/993/ISBN_978-5-9907695-3-3.pdf.  Discarding.  
	Result [5]  Processing URL https://www.dw.com/ru/grozit-li-europe-novyj-migracionnyj-krizis-18052021/av-57573521
		Date found in the API results: 2021-05-18T00:00:00
		Different. The content of https://oko-planet.su/politik/politiklist/549229-novyy-migracionnyy-krizis-evropa-ne-gotova.html has distance with https://www.dw.com/ru/grozit-li-europe-novyj-migracionnyj-krizis-18052021/av-57573521 of: 0.2876. Discarding.
	Result [6]  Processing URL https://www.imemo.ru/files/File/ru/publ/2016/2016_033.pdf
		Date found in the API results: 2013-07-01T00:00:00
		Blacklisted url: https://www.imemo.ru/files/File/ru/publ/2016/2016_033.pdf.  Discarding.  
	Result [7]  Processing URL https://www.un.org/annualreport/files/2020/09/Annual-report-SG-2020-RU-Complete-Web.pdf
		Date found in the API results: None
		Blacklisted url: https://www.un.org/annualreport/files/2020/09/Annual-report-SG-2020-RU-Complete-Web.pdf.  Discarding.  
	Result [8]  Processing URL http://www.instituteofeurope.ru/images/uploads/monografii/eur21-1.pdf
		Date found in the API results: None
		Blacklisted url: http://www.instituteofeurope.ru/images/uploads/monografii/eur21-1.pdf.  Discarding.  
	Result [9]  Processing URL http://instituteofeurope.ru/images/uploads/doklad/349.pdf
		Date found in the API results: 2018-03-20T00:00:00
		Blacklisted url: http://instituteofeurope.ru/images/uploads/doklad/349.pdf.  Discarding.  
	Result [10]  Processing URL https://documents1.worldbank.org/curated/en/904931496066986956/pdf/115315-WP-Russian-Federation-International-development-cooperation-set-of-lectures-edition-PUBLIC-RUSSIAN-ONLY.pdf
		Date found in the API results: None
		Blacklisted url: https://documents1.worldbank.org/curated/en/904931496066986956/pdf/115315-WP-Russian-Federation-International-development-cooperation-set-of-lectures-edition-PUBLIC-RUSSIAN-ONLY.pdf.  Discarding.  
	Result [11]  Processing URL https://russiancouncil.ru/common/upload/%D1%81%D0%B1%D0%BE%D1%80%D0%BD%D0%B8%D0%BA_%D0%A2%D1%80%D0%B0%D0%BD%D1%81%D0%BD%D0%B0%D1%86%D0%B8%D0%BE%D0%BD%D0%B0%D0%BB%D1%8C%D0%BD%D1%8B%D0%B5%20%D0%BC%D0%B8%D0%B3%D1%80%D0%B0%D1%86%D0%B8%D0%B8.pdf
		Blacklisted url: https://russiancouncil.ru/common/upload/%D1%81%D0%B1%D0%BE%D1%80%D0%BD%D0%B8%D0%BA_%D0%A2%D1%80%D0%B0%D0%BD%D1%81%D0%BD%D0%B0%D1%86%D0%B8%D0%BE%D0%BD%D0%B0%D0%BB%D1%8C%D0%BD%D1%8B%D0%B5%20%D0%BC%D0%B8%D0%B3%D1%80%D0%B0%D1%86%D0%B8%D0%B8.pdf.  Discarding.  
	Result [12]  Processing URL https://www.kas.de/wf/doc/kas_52004-1522-6-30.pdf?180405162859
		Blacklisted url: https://www.kas.de/wf/doc/kas_52004-1522-6-30.pdf?180405162859.  Discarding.  
	Result [13]  Processing URL http://www.latvijasradio.lsm.lv/?rt=site&ac=feed&c=4&s=671&a=1&id=25
		Different. The content of https://oko-planet.su/politik/politiklist/549229-novyy-migracionnyy-krizis-evropa-ne-gotova.html has distance with http://www.latvijasradio.lsm.lv/?rt=site&ac=feed&c=4&s=671&a=1&id=25 of: 0.2315. Discarding.
	Result [14]  Processing URL https://www.mid.ru/ru/foreign_policy/humanitarian_cooperation/-/asset_publisher/bB3NYd16mBFC/content/id/4025481
		Different. The content of https://oko-planet.su/politik/politiklist/549229-novyy-migracionnyy-krizis-evropa-ne-gotova.html has distance with https://www.mid.ru/ru/foreign_policy/humanitarian_cooperation/-/asset_publisher/bB3NYd16mBFC/content/id/4025481 of: 0.2494. Discarding.
	Result [15]  Processing URL https://www.undp.org/content/dam/undp/library/Environment%20and%20Energy/Climate%20Strategies/Russian/charting_carbon_russian.pdf
		Blacklisted url: https://www.undp.org/content/dam/undp/library/Environment%20and%20Energy/Climate%20Strategies/Russian/charting_carbon_russian.pdf.  Discarding.  
	Result [16]  Processing URL https://www.freiheit.org/sites/default/files/import/2019-09/19827-liberalismxxiblock2019.pdf
		Blacklisted url: https://www.freiheit.org/sites/default/files/import/2019-09/19827-liberalismxxiblock2019.pdf.  Discarding.  
	Result [17]  Processing URL https://www.preventionweb.net/english/hyogo/gar/2015/en/gar-pdf/GAR2015_RU.pdf
		Blacklisted url: https://www.preventionweb.net/english/hyogo/gar/2015/en/gar-pdf/GAR2015_RU.pdf.  Discarding.  
	Result [18]  Processing URL http://duma.gov.ru/media/files/zNSO2B6Qbe3oAaZbiOSTsRMXw8Me9loe.pdf
		Blacklisted url: http://duma.gov.ru/media/files/zNSO2B6Qbe3oAaZbiOSTsRMXw8Me9loe.pdf.  Discarding.  
	Result [19]  Processing URL https://carnegieendowment.org/files/200317_CarnegieReport_2017_layouts.pdf
		Blacklisted url: https://carnegieendowment.org/files/200317_CarnegieReport_2017_layouts.pdf.  Discarding.  
	Result [20]  Processing URL https://www.wilsoncenter.org/sites/default/files/media/documents/publication/Modernisatia.pdf
		Blacklisted url: https://www.wilsoncenter.org/sites/default/files/media/documents/publication/Modernisatia.pdf.  Discarding.  
	Result [21]  Processing URL https://www.imf.org/external/russian/pubs/ft/fandd/2016/09/pdf/fd0916r.pdf
		Blacklisted url: https://www.imf.org/external/russian/pubs/ft/fandd/2016/09/pdf/fd0916r.pdf.  Discarding.  
	Result [22]  Processing URL http://duma.gov.ru/media/files/zNSO2B6Qbe3oAaZbiOSTsRMXw8Me9loe.pdf
		Blacklisted url: http://duma.gov.ru/media/files/zNSO2B6Qbe3oAaZbiOSTsRMXw8Me9loe.pdf.  Discarding.  
	Result [23]  Processing URL https://carnegieendowment.org/files/200317_CarnegieReport_2017_layouts.pdf
		Blacklisted url: https://carnegieendowment.org/files/200317_CarnegieReport_2017_layouts.pdf.  Discarding.  
	Result [24]  Processing URL https://istina.msu.ru/profile/Manoylo/
		The content of https://oko-planet.su/politik/politiklist/549229-novyy-migracionnyy-krizis-evropa-ne-gotova.html has distance with https://istina.msu.ru/profile/Manoylo/ of : 0.3335. Keeping.
		Adding to DB the URL https://istina.msu.ru/profile/Manoylo/
	Result [25]  Processing URL https://mgimo.ru/upload/2016/03/rossiya_i-turtsiya_v_novoy_mirovoy-politicheskoy_srede.pdf
		Blacklisted url: https://mgimo.ru/upload/2016/03/rossiya_i-turtsiya_v_novoy_mirovoy-politicheskoy_srede.pdf.  Discarding.  
	Result [26]  Processing URL http://www.pircenter.org/media/content/files/12/13969745490.pdf
		Blacklisted url: http://www.pircenter.org/media/content/files/12/13969745490.pdf.  Discarding.  
	Result [27]  Processing URL https://dspace.spbu.ru/bitstream/11701/2931/1/VKR_Kornilova_T_M_.docx
		Date found in the content of the page: None
		Different. The content of https://oko-planet.su/politik/politiklist/549229-novyy-migracionnyy-krizis-evropa-ne-gotova.html has distance with https://dspace.spbu.ru/bitstream/11701/2931/1/VKR_Kornilova_T_M_.docx of: 0.079. Discarding.
	Result [28]  Processing URL https://opinions.kz/images/scientific_conferences/%D0%A0%D0%A3%D0%A1%20%D0%9C%D0%B0%D1%82%D0%B5%D1%80%D0%B8%D0%B0%D0%BB%D1%8B%20%D0%BC%D0%B5%D0%B6%D0%B4%D1%83%D0%BD%D0%B0%D1%80%D0%BE%D0%B4%D0%BD%D0%BE%D0%B9%20%D0%BA%D0%BE%D0%BD%D1%84%D0%B5%D1%80%D0%B5%D0%BD%D1%86%D0%B8%D0%B8.%20%D0%9D%D0%BE%D0%B2%D1%8B%D0%B5%20%D0%B2%D1%8B%D0%B7%D0%BE%D0%B2%D1%8B%20%D0%B8%20%D0%BF%D0%BE%D0%B4%D1%85%D0%BE%D0%B4%D1%8B%20%D0%BF%D0%BE%20%D1%80%D0%B5%D0%B3%D0%B8%D0%BE%D0%BD%D0%B0%D0%BB%D1%8C%D0%BD%D0%BE%20%D0%B8%20%D0%B3%D0%BB%D0%BE%D0%B1%D0%B0%D0%BB%D1%8C%D0%BD%D0%BE%D0%B9%20%D0%B1%D0%B5%D0%B7%D0%BE%D0%BF%D0%B0%D1%81%D0%BD%D0%BE%D1%81%D1%82%D0%B8%20%D0%B2%20%D0%A6%D0%B5%D0%BD%D1%82%D1%80%D0%B0%D0%BB%D1%8C%D0%BD%D0%BE%D0%B9%20%D0%90%D0%B7%D0%B8%D0%B8..pdf
		Blacklisted url: https://opinions.kz/images/scientific_conferences/%D0%A0%D0%A3%D0%A1%20%D0%9C%D0%B0%D1%82%D0%B5%D1%80%D0%B8%D0%B0%D0%BB%D1%8B%20%D0%BC%D0%B5%D0%B6%D0%B4%D1%83%D0%BD%D0%B0%D1%80%D0%BE%D0%B4%D0%BD%D0%BE%D0%B9%20%D0%BA%D0%BE%D0%BD%D1%84%D0%B5%D1%80%D0%B5%D0%BD%D1%86%D0%B8%D0%B8.%20%D0%9D%D0%BE%D0%B2%D1%8B%D0%B5%20%D0%B2%D1%8B%D0%B7%D0%BE%D0%B2%D1%8B%20%D0%B8%20%D0%BF%D0%BE%D0%B4%D1%85%D0%BE%D0%B4%D1%8B%20%D0%BF%D0%BE%20%D1%80%D0%B5%D0%B3%D0%B8%D0%BE%D0%BD%D0%B0%D0%BB%D1%8C%D0%BD%D0%BE%20%D0%B8%20%D0%B3%D0%BB%D0%BE%D0%B1%D0%B0%D0%BB%D1%8C%D0%BD%D0%BE%D0%B9%20%D0%B1%D0%B5%D0%B7%D0%BE%D0%BF%D0%B0%D1%81%D0%BD%D0%BE%D1%81%D1%82%D0%B8%20%D0%B2%20%D0%A6%D0%B5%D0%BD%D1%82%D1%80%D0%B0%D0%BB%D1%8C%D0%BD%D0%BE%D0%B9%20%D0%90%D0%B7%D0%B8%D0%B8..pdf.  Discarding.  
	Result [29]  Processing URL https://www.euroclio.eu/wp-content/uploads/2019/10/Students_RUto-web-reduced-size.pdf
		Blacklisted url: https://www.euroclio.eu/wp-content/uploads/2019/10/Students_RUto-web-reduced-size.pdf.  Discarding.  
	Result [30]  Processing URL http://ir.vsu.ru/resources/library/books/cis_cee/cis_cee1.pdf
		Blacklisted url: http://ir.vsu.ru/resources/library/books/cis_cee/cis_cee1.pdf.  Discarding.  
	Result [31]  Processing URL https://uu.diva-portal.org/smash/get/diva2:1138525/FULLTEXT01.pdf
		Blacklisted url: https://uu.diva-portal.org/smash/get/diva2:1138525/FULLTEXT01.pdf.  Discarding.  
	Result [32]  Processing URL http://www.vestnik-mslu.ru/Vest/4_812.pdf
		Blacklisted url: http://www.vestnik-mslu.ru/Vest/4_812.pdf.  Discarding.  
	Result [33]  Processing URL https://www.climatecentre.org/downloads/files/reports/RC_climateguide_RU_screen.pdf
		Blacklisted url: https://www.climatecentre.org/downloads/files/reports/RC_climateguide_RU_screen.pdf.  Discarding.  
	Result [34]  Processing URL https://rsue.ru/rstv/sbornik.pdf
		Blacklisted url: https://rsue.ru/rstv/sbornik.pdf.  Discarding.  
	Result [35]  Processing URL http://citeseerx.ist.psu.edu/viewdoc/download?doi=10.1.1.476.8938&rep=rep1&type=pdf
		Date found in the content of the page: None
		Different. The content of https://oko-planet.su/politik/politiklist/549229-novyy-migracionnyy-krizis-evropa-ne-gotova.html has distance with http://citeseerx.ist.psu.edu/viewdoc/download?doi=10.1.1.476.8938&rep=rep1&type=pdf of: 0.1057. Discarding.
	Result [36]  Processing URL http://aevis.ru/upload/ckeditor/files/%D0%AF%D0%B4%D0%B5%D1%80%D0%BD%D1%8B%D0%B9%20%D0%BC%D0%B8%D1%80%20%D0%A3%D1%80%D0%A4%D0%A3.pdf
		Blacklisted url: http://aevis.ru/upload/ckeditor/files/%D0%AF%D0%B4%D0%B5%D1%80%D0%BD%D1%8B%D0%B9%20%D0%BC%D0%B8%D1%80%20%D0%A3%D1%80%D0%A4%D0%A3.pdf.  Discarding.  
	Result [37]  Processing URL http://rut-miit.ru/content/%D0%94%D0%B8%D1%81%D1%81%D0%B5%D1%80%D1%82%D0%B0%D1%86%D0%B8%D1%8F.pdf?id_wm=723438
		Blacklisted url: http://rut-miit.ru/content/%D0%94%D0%B8%D1%81%D1%81%D0%B5%D1%80%D1%82%D0%B0%D1%86%D0%B8%D1%8F.pdf?id_wm=723438.  Discarding.  
	Result [38]  Processing URL https://www.ilo.org/public/russian/standards/decl/download/russian.pdf
		Blacklisted url: https://www.ilo.org/public/russian/standards/decl/download/russian.pdf.  Discarding.  
	Result [39]  Processing URL https://www.globethics.net/documents/4289936/15225869/RP_Russia_Predprinimatelstvo.pdf/309f8cdf-2b84-4d77-947f-80de9ef04d4d
		Different. The content of https://oko-planet.su/politik/politiklist/549229-novyy-migracionnyy-krizis-evropa-ne-gotova.html has distance with https://www.globethics.net/documents/4289936/15225869/RP_Russia_Predprinimatelstvo.pdf/309f8cdf-2b84-4d77-947f-80de9ef04d4d of: 0.1824. Discarding.
	Result [40]  Processing URL https://www.hse.ru/pubs/share/direct/content_document/214711399.pdf
		Blacklisted url: https://www.hse.ru/pubs/share/direct/content_document/214711399.pdf.  Discarding.  
	Result [41]  Processing URL http://heritage-institute.ru/wp-content/uploads/2019/11/%D1%81%D0%B1%D0%BE%D1%80%D0%BD%D0%B8%D0%BA_%D0%9F%D0%B0%D0%BD%D0%B0%D1%80%D0%B8%D0%BD%D1%81%D0%BA%D0%B8%D0%B5-%D1%87%D1%82%D0%B5%D0%BD%D0%B8%D1%8F_2019.pdf
		Blacklisted url: http://heritage-institute.ru/wp-content/uploads/2019/11/%D1%81%D0%B1%D0%BE%D1%80%D0%BD%D0%B8%D0%BA_%D0%9F%D0%B0%D0%BD%D0%B0%D1%80%D0%B8%D0%BD%D1%81%D0%BA%D0%B8%D0%B5-%D1%87%D1%82%D0%B5%D0%BD%D0%B8%D1%8F_2019.pdf.  Discarding.  
	Result [42]  Processing URL http://www.tf.vu.lt/wp-content/uploads/2018/02/DISERTACIJA.pdf
		Blacklisted url: http://www.tf.vu.lt/wp-content/uploads/2018/02/DISERTACIJA.pdf.  Discarding.  
	Result [43]  Processing URL http://economy.samregion.ru/upload/iblock/0ca/1_proekt-strategii-so_2030.pdf
		Blacklisted url: http://economy.samregion.ru/upload/iblock/0ca/1_proekt-strategii-so_2030.pdf.  Discarding.  
	Result [44]  Processing URL https://elbasy.kz/sites/default/files/pagefiles/2019-06/423d7253d66cad2c6f68758bcaf33782.pdf
		Blacklisted url: https://elbasy.kz/sites/default/files/pagefiles/2019-06/423d7253d66cad2c6f68758bcaf33782.pdf.  Discarding.  
	Result [45]  Processing URL http://council.gov.ru/media/files/41d44f244199faec8a08.pdf
		Blacklisted url: http://council.gov.ru/media/files/41d44f244199faec8a08.pdf.  Discarding.  
	Result [46]  Processing URL https://enic-kazakhstan.kz/files/1604569997/kniga-lekcii-elbasy.pdf
		Blacklisted url: https://enic-kazakhstan.kz/files/1604569997/kniga-lekcii-elbasy.pdf.  Discarding.  
	Result [47]  Processing URL https://undocs.org/pdf?symbol=ru/A/69/144
		Date found in the API results: 2014-03-31T00:00:00
		Date found in the content of the page: None
		Different. The content of https://oko-planet.su/politik/politiklist/549229-novyy-migracionnyy-krizis-evropa-ne-gotova.html has distance with https://undocs.org/pdf?symbol=ru/A/69/144 of: 0.1179. Discarding.
	Result [48]  Processing URL http://www.fa.ru/org/div/edition/mne/journals/2014%20%E2%84%963.pdf
		Date found in the API results: 2014-09-01T00:00:00
		Blacklisted url: http://www.fa.ru/org/div/edition/mne/journals/2014%20%E2%84%963.pdf.  Discarding.  
	Result [49]  Processing URL https://www.tambov.gov.ru/assets/files/atk/sbornik-tgu-konferenciya.docx
		Date found in the content of the page: None
		Different. The content of https://oko-planet.su/politik/politiklist/549229-novyy-migracionnyy-krizis-evropa-ne-gotova.html has distance with https://www.tambov.gov.ru/assets/files/atk/sbornik-tgu-konferenciya.docx of: 0.0794. Discarding.
	Result [50]  Processing URL http://www.ilo.int/public/russian/standards/relm/ilc/ilc96/pdf/rep-vi.pdf
		Blacklisted url: http://www.ilo.int/public/russian/standards/relm/ilc/ilc96/pdf/rep-vi.pdf.  Discarding.  
	Result [51]  Processing URL https://portal.tpu.ru/science/konf/migration/TPU%20Migration%20Conference%20proceedings.pdf
		Date found in the API results: 2012-09-15T00:00:00
		Blacklisted url: https://portal.tpu.ru/science/konf/migration/TPU%20Migration%20Conference%20proceedings.pdf.  Discarding.  
	Result [52]  Processing URL https://polpred.com/news?cnt_and=1&cnt=153&cnt_2=61&page=12
		Date found in the content of the page: None
		The content of https://oko-planet.su/politik/politiklist/549229-novyy-migracionnyy-krizis-evropa-ne-gotova.html has distance with https://polpred.com/news?cnt_and=1&cnt=153&cnt_2=61&page=12 of : 0.3259. Keeping.
		Adding to DB the URL https://polpred.com/news?cnt_and=1&cnt=153&cnt_2=61&page=12
	Result [53]  Processing URL http://xn--h1aauh.xn--p1ai/wp-content/uploads/2018/12/%D0%A1%D0%B5%D0%BA%D1%83%D0%BB%D1%8F%D1%80%D0%B8%D0%B7%D0%B0%D1%86%D0%B8%D1%8F-%D1%82.-4.-%E2%84%96-4.pdf
		Blacklisted url: http://xn--h1aauh.xn--p1ai/wp-content/uploads/2018/12/%D0%A1%D0%B5%D0%BA%D1%83%D0%BB%D1%8F%D1%80%D0%B8%D0%B7%D0%B0%D1%86%D0%B8%D1%8F-%D1%82.-4.-%E2%84%96-4.pdf.  Discarding.  
	Result [54]  Processing URL https://finlandabroad.fi/documents/4248263/0/100+%D1%81%D0%BE%D1%86%D0%B8%D0%B0%D0%BB%D1%8C%D0%BD%D1%8B%D1%85+%D0%B8%D0%BD%D0%BD%D0%BE%D0%B2%D0%B0%D1%86%D0%B8%D0%B9+%D0%B8%D0%B7+%D0%A4%D0%B8%D0%BD%D0%BB%D1%8F%D0%BD%D0%B4%D0%B8%D0%B8.pdf/a94b5d82-ce28-963c-d52d-6c336dc79ce1?t=1579007867192
		Different. The content of https://oko-planet.su/politik/politiklist/549229-novyy-migracionnyy-krizis-evropa-ne-gotova.html has distance with https://finlandabroad.fi/documents/4248263/0/100+%D1%81%D0%BE%D1%86%D0%B8%D0%B0%D0%BB%D1%8C%D0%BD%D1%8B%D1%85+%D0%B8%D0%BD%D0%BD%D0%BE%D0%B2%D0%B0%D1%86%D0%B8%D0%B9+%D0%B8%D0%B7+%D0%A4%D0%B8%D0%BD%D0%BB%D1%8F%D0%BD%D0%B4%D0%B8%D0%B8.pdf/a94b5d82-ce28-963c-d52d-6c336dc79ce1?t=1579007867192 of: 0.1397. Discarding.
	Result [55]  Processing URL http://gkb15.moscow/lenta/
		The content of https://oko-planet.su/politik/politiklist/549229-novyy-migracionnyy-krizis-evropa-ne-gotova.html has distance with http://gkb15.moscow/lenta/ of : 0.3097. Keeping.
		Adding to DB the URL http://gkb15.moscow/lenta/
	Result [56]  Processing URL https://unece.org/DAM/env/epr/epr_studies/Tajiskistan_II.r.pdf
		Blacklisted url: https://unece.org/DAM/env/epr/epr_studies/Tajiskistan_II.r.pdf.  Discarding.  
	Result [57]  Processing URL http://chertanovocentr.ru/deputat_gosudarstvennoj_dumy_fs_rf_anatolij_borisovich_vybornyj_210_izbiratel_nyj_okrug/
		The content of https://oko-planet.su/politik/politiklist/549229-novyy-migracionnyy-krizis-evropa-ne-gotova.html has distance with http://chertanovocentr.ru/deputat_gosudarstvennoj_dumy_fs_rf_anatolij_borisovich_vybornyj_210_izbiratel_nyj_okrug/ of : 0.3311. Keeping.
		Adding to DB the URL http://chertanovocentr.ru/deputat_gosudarstvennoj_dumy_fs_rf_anatolij_borisovich_vybornyj_210_izbiratel_nyj_okrug/
	Result [58]  Processing URL https://www.asu.ru/files/documents/00007036.pdf
		Blacklisted url: https://www.asu.ru/files/documents/00007036.pdf.  Discarding.  
	Result [59]  Processing URL https://spb.rpa-mu.ru/Media/spb/Docs/Documents/RIO/%D0%9F%D1%80%D0%B0%D0%B2%D0%BE%20%D0%9E%D0%B1%D1%89%D0%B5%D1%81%D1%82%D0%B2%D0%BE%20%D0%93%D0%BE%D1%81%D1%83%D0%B4%D0%B0%D1%80%D1%81%D1%82%D0%B2%D0%BE%20%D0%A2%207.pdf
		Blacklisted url: https://spb.rpa-mu.ru/Media/spb/Docs/Documents/RIO/%D0%9F%D1%80%D0%B0%D0%B2%D0%BE%20%D0%9E%D0%B1%D1%89%D0%B5%D1%81%D1%82%D0%B2%D0%BE%20%D0%93%D0%BE%D1%81%D1%83%D0%B4%D0%B0%D1%80%D1%81%D1%82%D0%B2%D0%BE%20%D0%A2%207.pdf.  Discarding.  
	Result [60]  Processing URL https://asu.edu.ru/images/File/ilil3/tolerantnost.pdf
		Blacklisted url: https://asu.edu.ru/images/File/ilil3/tolerantnost.pdf.  Discarding.  
	Result [61]  Processing URL http://orel-region.ru/antiterror/filese/Destruktivnoe_vliyanie_terrora.pdf
		Date found in the API results: 2016-11-11T00:00:00
		Blacklisted url: http://orel-region.ru/antiterror/filese/Destruktivnoe_vliyanie_terrora.pdf.  Discarding.  
	Result [62]  Processing URL http://imc-i.ru/userfiles/ufiles/MMNPK12042018.pdf
		Date found in the API results: 2018-04-12T00:00:00
		Blacklisted url: http://imc-i.ru/userfiles/ufiles/MMNPK12042018.pdf.  Discarding.  
	Result [63]  Processing URL http://static.iea.ras.ru/books/X_kongress.pdf
		Blacklisted url: http://static.iea.ras.ru/books/X_kongress.pdf.  Discarding.  
	Result [64]  Processing URL https://sdgs.by/kcfinder/upload/files/FINAL_%D0%94%D0%BE%D1%80%D0%BE%D0%B6%D0%BD%D0%B0%D1%8F_%D0%BA%D0%B0%D1%80%D1%82%D0%B0_%D0%A6%D0%A3%D0%A0_RU_25_06.pdf
		Blacklisted url: https://sdgs.by/kcfinder/upload/files/FINAL_%D0%94%D0%BE%D1%80%D0%BE%D0%B6%D0%BD%D0%B0%D1%8F_%D0%BA%D0%B0%D1%80%D1%82%D0%B0_%D0%A6%D0%A3%D0%A0_RU_25_06.pdf.  Discarding.  
	Result [65]  Processing URL https://site-siu.ranepa.ru/Content/3818/GOTC_2018_chast__1.pdf
		Blacklisted url: https://site-siu.ranepa.ru/Content/3818/GOTC_2018_chast__1.pdf.  Discarding.  
	Result [66]  Processing URL http://spkurdyumov.ru/uploads/2016/05/prekariat-novyj-opasnyj-klass.pdf
		Blacklisted url: http://spkurdyumov.ru/uploads/2016/05/prekariat-novyj-opasnyj-klass.pdf.  Discarding.  
	Result [67]  Processing URL https://www.ncfu.ru/uploads/op_2018/metod_38.03.05_elektronnyy_biznes_2018.pdf
		Blacklisted url: https://www.ncfu.ru/uploads/op_2018/metod_38.03.05_elektronnyy_biznes_2018.pdf.  Discarding.  
	Result [68]  Processing URL http://www.arcticandnorth.ru/Encyclopedia_Arctic/new_horizons.pdf
		Blacklisted url: http://www.arcticandnorth.ru/Encyclopedia_Arctic/new_horizons.pdf.  Discarding.  
	Result [69]  Processing URL http://lawacademy.ru/docs/%D0%91%D0%B8%D0%B1%D0%BB%D0%B8%D0%BE%D1%82%D0%B5%D0%BA%D0%B0%20%D0%A3%D0%9C%D0%A3/Uchebniki/20letSovetuEvropy.pdf
		Blacklisted url: http://lawacademy.ru/docs/%D0%91%D0%B8%D0%B1%D0%BB%D0%B8%D0%BE%D1%82%D0%B5%D0%BA%D0%B0%20%D0%A3%D0%9C%D0%A3/Uchebniki/20letSovetuEvropy.pdf.  Discarding.  
	Result [70]  Processing URL https://baltnews.ee/mir_novosti/20200309/1018393650/Povtoreniya-migratsionnogo-krizisa-ne-budet-potomu-chto-Evropa-ne-vpustit-bezhentsev--ekspert.html
		Date found in the API results: 2020-03-09T00:00:00
		Date found in the URL: 2020-03-09 00:00:00
		The content of https://oko-planet.su/politik/politiklist/549229-novyy-migracionnyy-krizis-evropa-ne-gotova.html has distance with https://baltnews.ee/mir_novosti/20200309/1018393650/Povtoreniya-migratsionnogo-krizisa-ne-budet-potomu-chto-Evropa-ne-vpustit-bezhentsev--ekspert.html of : 0.3339. Keeping.
		Adding to DB the URL https://baltnews.ee/mir_novosti/20200309/1018393650/Povtoreniya-migratsionnogo-krizisa-ne-budet-potomu-chto-Evropa-ne-vpustit-bezhentsev--ekspert.html
	Result [71]  Processing URL http://static.government.ru/media/files/A7VAAeFNsJuhiJk6lizjPYsGYZn2jfU0.pdf
		Blacklisted url: http://static.government.ru/media/files/A7VAAeFNsJuhiJk6lizjPYsGYZn2jfU0.pdf.  Discarding.  
	Result [72]  Processing URL https://www.herzen.spb.ru/img/files/m1cha/teoria/Konferenciya_17-18_dekabrya.pdf
		Blacklisted url: https://www.herzen.spb.ru/img/files/m1cha/teoria/Konferenciya_17-18_dekabrya.pdf.  Discarding.  
	Result [73]  Processing URL http://logos.press.md/tochka-zreniya/
		The content of https://oko-planet.su/politik/politiklist/549229-novyy-migracionnyy-krizis-evropa-ne-gotova.html has distance with http://logos.press.md/tochka-zreniya/ of : 0.3049. Keeping.
		Adding to DB the URL http://logos.press.md/tochka-zreniya/
	Result [74]  Processing URL https://www.tyuiu.ru/wp-content/uploads/2016/02/Sbornik-materialov-VII-Mezhdunarodnoj-nauchno-prakticheskoj-konferentsii-obuchayushhihsya-aspirantov-i-uchenyh-2-Tom-2017-g-1.pdf
		Blacklisted url: https://www.tyuiu.ru/wp-content/uploads/2016/02/Sbornik-materialov-VII-Mezhdunarodnoj-nauchno-prakticheskoj-konferentsii-obuchayushhihsya-aspirantov-i-uchenyh-2-Tom-2017-g-1.pdf.  Discarding.  
	Result [75]  Processing URL http://ukros.ru/wp-content/uploads/2013/10/00_Evrop-cultura.pdf
		Blacklisted url: http://ukros.ru/wp-content/uploads/2013/10/00_Evrop-cultura.pdf.  Discarding.  
	Result [76]  Processing URL http://intlaw.rudn.ru/files/research/africa/school/2018AfricanSchool.pdf
		Date found in the API results: 2018-11-28T00:00:00
		Blacklisted url: http://intlaw.rudn.ru/files/research/africa/school/2018AfricanSchool.pdf.  Discarding.  
	Result [77]  Processing URL https://xn--b1aew.xn--p1ai/upload/site1/document_journal/FP_2016__4.pdf
		Blacklisted url: https://xn--b1aew.xn--p1ai/upload/site1/document_journal/FP_2016__4.pdf.  Discarding.  
	Result [78]  Processing URL http://igras.ru/sites/default/files/%D0%93%D0%B5%D0%BE%D0%B3%D1%80%D0%B0%D1%84%D0%B8%D1%8F%20%D0%BC%D0%B8%D1%80%D0%BE%D0%B2%D0%BE%D0%B3%D0%BE%20%D1%80%D0%B0%D0%B7%D0%B2%D0%B8%D1%82%D0%B8%D1%8F.%20%D0%92%D1%8B%D0%BF%D1%83%D1%81%D0%BA%202_0.pdf
		Blacklisted url: http://igras.ru/sites/default/files/%D0%93%D0%B5%D0%BE%D0%B3%D1%80%D0%B0%D1%84%D0%B8%D1%8F%20%D0%BC%D0%B8%D1%80%D0%BE%D0%B2%D0%BE%D0%B3%D0%BE%20%D1%80%D0%B0%D0%B7%D0%B2%D0%B8%D1%82%D0%B8%D1%8F.%20%D0%92%D1%8B%D0%BF%D1%83%D1%81%D0%BA%202_0.pdf.  Discarding.  
	Result [79]  Processing URL https://www.gfdrr.org/sites/default/files/publication/natural-hazards-unnatural-disasters-2012-ru.pdf
		Date found in the Snippet of the API results: None
		Blacklisted url: https://www.gfdrr.org/sites/default/files/publication/natural-hazards-unnatural-disasters-2012-ru.pdf.  Discarding.  
	Result [80]  Processing URL https://core.ac.uk/download/pdf/212957156.pdf
		Blacklisted url: https://core.ac.uk/download/pdf/212957156.pdf.  Discarding.  
	Result [81]  Processing URL http://www.rnei.de/wp-content/uploads/2017/05/Ustoichivoe-Razvitie_gro-.pdf
		Blacklisted url: http://www.rnei.de/wp-content/uploads/2017/05/Ustoichivoe-Razvitie_gro-.pdf.  Discarding.  
	Result [82]  Processing URL https://narfu.ru/upload/medialibrary/5dc/konfliktologiya-uchebnik.pdf
		Blacklisted url: https://narfu.ru/upload/medialibrary/5dc/konfliktologiya-uchebnik.pdf.  Discarding.  
	Result [83]  Processing URL https://portal.research.lu.se/portal/files/57987643/CrossRoad_2017_1_2.pdf
		Blacklisted url: https://portal.research.lu.se/portal/files/57987643/CrossRoad_2017_1_2.pdf.  Discarding.  
	Result [84]  Processing URL http://www.psu.ru/files/docs/science/books/sborniki/ekonomika-i-upravlenie-aktualnye-problemy-i-poisk-putej-resheniya.pdf
		Blacklisted url: http://www.psu.ru/files/docs/science/books/sborniki/ekonomika-i-upravlenie-aktualnye-problemy-i-poisk-putej-resheniya.pdf.  Discarding.  
	Result [85]  Processing URL http://se.sportedu.ru/sites/se.sportedu.ru/files/sbornik_aktualnye_problemy_razvitiya_turizma_-_2019.pdf
		Blacklisted url: http://se.sportedu.ru/sites/se.sportedu.ru/files/sbornik_aktualnye_problemy_razvitiya_turizma_-_2019.pdf.  Discarding.  
	Result [86]  Processing URL https://www.enu.kz/downloads/mart-2021/finansovye-aspekty-monografiya.pdf
		Blacklisted url: https://www.enu.kz/downloads/mart-2021/finansovye-aspekty-monografiya.pdf.  Discarding.  
	Result [87]  Processing URL http://cdn.istanbul.edu.tr/statics/turkiyat.istanbul.edu.tr/wp-content/uploads/2016/09/ART-%C3%96ZEL-2.pdf
		Blacklisted url: http://cdn.istanbul.edu.tr/statics/turkiyat.istanbul.edu.tr/wp-content/uploads/2016/09/ART-%C3%96ZEL-2.pdf.  Discarding.  
	Result [88]  Processing URL http://scienceportal.org.by/upload/Vneshneek.%20factor%20v%20strategii%20modern-ii%20Ros.%20i%20Bel..pdf
		Blacklisted url: http://scienceportal.org.by/upload/Vneshneek.%20factor%20v%20strategii%20modern-ii%20Ros.%20i%20Bel..pdf.  Discarding.  
	Result [89]  Processing URL https://aifc.kz/uploads/%D0%A1%D1%82%D0%B0%D0%BD%D0%BE%D0%B2%D0%BB%D0%B5%D0%BD%D0%B8%D0%B5%20%D0%B8%20%D1%80%D0%B0%D0%B7%D0%B2%D0%B8%D1%82%D0%B8%D0%B5%20%D1%81%D0%BE%D0%B2%D1%80%D0%B5%D0%BC%D0%B5%D0%BD%D0%BD%D0%BE%D0%B8%CC%86%20%D0%9A%D0%B0%D0%B7%D0%B0%D1%85%D1%81%D1%82%D0%B0%D0%BD%D1%81%D0%BA%D0%BE%D0%B8%CC%86%20%D0%B3%D0%BE%D1%81%D1%83%D0%B4%D0%B0%D1%80%D1%81%D1%82%D0%B2%D0%B5%D0%BD%D0%BD%D0%BE%D1%81%D1%82%D0%B8.pdf
		Blacklisted url: https://aifc.kz/uploads/%D0%A1%D1%82%D0%B0%D0%BD%D0%BE%D0%B2%D0%BB%D0%B5%D0%BD%D0%B8%D0%B5%20%D0%B8%20%D1%80%D0%B0%D0%B7%D0%B2%D0%B8%D1%82%D0%B8%D0%B5%20%D1%81%D0%BE%D0%B2%D1%80%D0%B5%D0%BC%D0%B5%D0%BD%D0%BD%D0%BE%D0%B8%CC%86%20%D0%9A%D0%B0%D0%B7%D0%B0%D1%85%D1%81%D1%82%D0%B0%D0%BD%D1%81%D0%BA%D0%BE%D0%B8%CC%86%20%D0%B3%D0%BE%D1%81%D1%83%D0%B4%D0%B0%D1%80%D1%81%D1%82%D0%B2%D0%B5%D0%BD%D0%BD%D0%BE%D1%81%D1%82%D0%B8.pdf.  Discarding.  
	Result [90]  Processing URL https://www.austausch.org/files/DRA/Publikationen/Nachhaltige_Entwicklung_in_Russland.pdf
		Blacklisted url: https://www.austausch.org/files/DRA/Publikationen/Nachhaltige_Entwicklung_in_Russland.pdf.  Discarding.  
	Result [91]  Processing URL https://security.urfu.ru/fileadmin/user_upload/site_15891/Protivodeistvie_terrorizmu_i_ehkstremizmu/Mezhdunarodnyi_opyt_profilaktiki_ehkstremizma.pdf
		Blacklisted url: https://security.urfu.ru/fileadmin/user_upload/site_15891/Protivodeistvie_terrorizmu_i_ehkstremizmu/Mezhdunarodnyi_opyt_profilaktiki_ehkstremizma.pdf.  Discarding.  
	Result [92]  Processing URL https://elib.bsu.by/bitstream/123456789/230547/1/%D0%A4%D0%B8%D0%BB%D0%BE%D1%81%D0%BE%D1%84%D0%B8%D1%8F%20%D0%B8%20%D1%81%D0%BE%D1%86%D0%B8%D0%B0%D0%BB%D1%8C%D0%BD%D1%8B%D0%B5%20%D0%BD%D0%B0%D1%83%D0%BA%D0%B8%20%D0%B2%20%D1%81%D0%BE%D0%B2%D1%80%D0%B5%D0%BC%D0%B5%D0%BD%D0%BD%D0%BE%D0%BC%20%D0%BC%D0%B8%D1%80%D0%B5.pdf
		Blacklisted url: https://elib.bsu.by/bitstream/123456789/230547/1/%D0%A4%D0%B8%D0%BB%D0%BE%D1%81%D0%BE%D1%84%D0%B8%D1%8F%20%D0%B8%20%D1%81%D0%BE%D1%86%D0%B8%D0%B0%D0%BB%D1%8C%D0%BD%D1%8B%D0%B5%20%D0%BD%D0%B0%D1%83%D0%BA%D0%B8%20%D0%B2%20%D1%81%D0%BE%D0%B2%D1%80%D0%B5%D0%BC%D0%B5%D0%BD%D0%BD%D0%BE%D0%BC%20%D0%BC%D0%B8%D1%80%D0%B5.pdf.  Discarding.  
	Result [93]  Processing URL https://unecon.ru/sites/default/files/sbornik_luchshih_dokladov_2020_2_compressed.pdf
		Blacklisted url: https://unecon.ru/sites/default/files/sbornik_luchshih_dokladov_2020_2_compressed.pdf.  Discarding.  
	Result [94]  Processing URL https://baltnews.ee/mir_novosti/20200309/1018393650/Povtoreniya-migratsionnogo-krizisa-ne-budet-potomu-chto-Evropa-ne-vpustit-bezhentsev--ekspert.html
		Date found in the API results: 2020-03-09T00:00:00
		Date found in the URL: 2020-03-09 00:00:00
		The content of https://oko-planet.su/politik/politiklist/549229-novyy-migracionnyy-krizis-evropa-ne-gotova.html has distance with https://baltnews.ee/mir_novosti/20200309/1018393650/Povtoreniya-migratsionnogo-krizisa-ne-budet-potomu-chto-Evropa-ne-vpustit-bezhentsev--ekspert.html of : 0.3339. Keeping.
		Adding to DB the URL https://baltnews.ee/mir_novosti/20200309/1018393650/Povtoreniya-migratsionnogo-krizisa-ne-budet-potomu-chto-Evropa-ne-vpustit-bezhentsev--ekspert.html
	Result [95]  Processing URL http://nir.bseu.by/scientific/study/nirs_doc/sbnirs2016.pdf
		Blacklisted url: http://nir.bseu.by/scientific/study/nirs_doc/sbnirs2016.pdf.  Discarding.  
	Result [96]  Processing URL https://news.liga.net/world/photo/novyy-migratsionnyy-krizis-na-poroge-20-yarkih-foto-s-granits-evrosoyuza
		Date found in the API results: 2020-03-05T00:00:00
		The content of https://oko-planet.su/politik/politiklist/549229-novyy-migracionnyy-krizis-evropa-ne-gotova.html has distance with https://news.liga.net/world/photo/novyy-migratsionnyy-krizis-na-poroge-20-yarkih-foto-s-granits-evrosoyuza of : 0.3177. Keeping.
		Adding to DB the URL https://news.liga.net/world/photo/novyy-migratsionnyy-krizis-na-poroge-20-yarkih-foto-s-granits-evrosoyuza
	Result [97]  Processing URL http://www.eedialog.org/wp-content/uploads/2020/02/Romanova_Kontseptsiya-stressoustojchivosti-ES.pdf
		Blacklisted url: http://www.eedialog.org/wp-content/uploads/2020/02/Romanova_Kontseptsiya-stressoustojchivosti-ES.pdf.  Discarding.  
	Result [98]  Processing URL https://www.osce.org/files/f/documents/4/1/448453.pdf
		Blacklisted url: https://www.osce.org/files/f/documents/4/1/448453.pdf.  Discarding.  
	Result [99]  Processing URL https://guu.ru/wp-content/uploads/forum_bl_v2.pdf
		Blacklisted url: https://guu.ru/wp-content/uploads/forum_bl_v2.pdf.  Discarding.  

== Level 0. Twitter search by title as Новый миграционный кризис: Европа не готова » ОКО ПЛАНЕТЫ информационно-аналитический портал
https://api.twitter.com/2/tweets/search/all?query=%22%D0%9D%D0%BE%D0%B2%D1%8B%D0%B9+%D0%BC%D0%B8%D0%B3%D1%80%D0%B0%D1%86%D0%B8%D0%BE%D0%BD%D0%BD%D1%8B%D0%B9+%D0%BA%D1%80%D0%B8%D0%B7%D0%B8%D1%81%3A+%D0%95%D0%B2%D1%80%D0%BE%D0%BF%D0%B0+%D0%BD%D0%B5+%D0%B3%D0%BE%D1%82%D0%BE%D0%B2%D0%B0+%C2%BB+%D0%9E%D0%9A%D0%9E+%D0%9F%D0%9B%D0%90%D0%9D%D0%95%D0%A2%D0%AB+%D0%B8%D0%BD%D1%84%D0%BE%D1%80%D0%BC%D0%B0%D1%86%D0%B8%D0%BE%D0%BD%D0%BD%D0%BE-%D0%B0%D0%BD%D0%B0%D0%BB%D0%B8%D1%82%D0%B8%D1%87%D0%B5%D1%81%D0%BA%D0%B8%D0%B9+%D0%BF%D0%BE%D1%80%D1%82%D0%B0%D0%BB%22&max_results=100&tweet.fields=author_id%2Cpublic_metrics%2Ccreated_at&start_time=2020-07-12T18%3A25%3A52.882609Z
	Downloaded 0 twitter content

== Level 0. VK search by title as Новый миграционный кризис: Европа не готова » ОКО ПЛАНЕТЫ информационно-аналитический портал
	Result [0]  Processing URL https://vk.com/id-77327914?w=wall-77327914_95425. Date: 2016-03-03 05:01:20
	Result [1]  Processing URL https://vk.com/id-35276355?w=wall-35276355_1064636. Date: 2015-09-09 08:01:19
	Result [2]  Processing URL https://vk.com/id66973133?w=wall66973133_37485. Date: 2015-09-04 21:30:02
In total was found 3
