Searching the distribution graph of URL https://www.state.gov/united-states-trains-ukraine-to-identify-and-respond-to-the-use-of-weapons-of-mass-destruction-in-targeted-assassinations/. Using 1 levels.

Main title: United States Trains Ukraine To Identify and Respond to the Use of Weapons of Mass Destruction in Targeted Assassinations - United States Department of State
In level 0 were found 1 urls including original

== Level 0. Google search by LINKS to https://www.state.gov/united-states-trains-ukraine-to-identify-and-respond-to-the-use-of-weapons-of-mass-destruction-in-targeted-assassinations/
	Total amount of results retrieved: 60
	Result [1]  Processing URL https://www.state.gov/united-states-trains-ukraine-to-identify-and-respond-to-the-use-of-weapons-of-mass-destruction-in-targeted-assassinations/
		Date found in the API results: 2021-05-12T00:00:00
		Repeated url: https://www.state.gov/united-states-trains-ukraine-to-identify-and-respond-to-the-use-of-weapons-of-mass-destruction-in-targeted-assassinations/.  Discarding.  
	Result [2]  Processing URL https://www.state.gov/united-states-trains-republic-of-estonia-to-identify-and-respond-to-use-of-weapons-of-mass-destruction-for-assassination/
		Date found in the API results: 2021-01-28T00:00:00
		Not in content. The URL https://www.state.gov/united-states-trains-ukraine-to-identify-and-respond-to-the-use-of-weapons-of-mass-destruction-in-targeted-assassinations/ is not in the content of site https://www.state.gov/united-states-trains-republic-of-estonia-to-identify-and-respond-to-use-of-weapons-of-mass-destruction-for-assassination/  Discarding.
	Result [3]  Processing URL http://ndupress.ndu.edu/Portals/68/Documents/occasional/cswmd/CSWMD_OccationalPaper-10.pdf
		Blacklisted url: http://ndupress.ndu.edu/Portals/68/Documents/occasional/cswmd/CSWMD_OccationalPaper-10.pdf.  Discarding.  
	Result [4]  Processing URL https://www.nonproliferation.org/wp-content/uploads/npr/123salama.pdf
		Blacklisted url: https://www.nonproliferation.org/wp-content/uploads/npr/123salama.pdf.  Discarding.  
	Result [5]  Processing URL https://www.aclu.org/sites/default/files/field_document/ACLURM002136.pdf
		Blacklisted url: https://www.aclu.org/sites/default/files/field_document/ACLURM002136.pdf.  Discarding.  
	Result [6]  Processing URL https://fas.org/sgp/othergov/doe/lanl/ota-isc-559.pdf
		Blacklisted url: https://fas.org/sgp/othergov/doe/lanl/ota-isc-559.pdf.  Discarding.  
	Result [7]  Processing URL https://www.csis.org/files/media/csis/pubs/wmdinmetrends%5B1%5D.pdf
		Blacklisted url: https://www.csis.org/files/media/csis/pubs/wmdinmetrends%5B1%5D.pdf.  Discarding.  
	Result [8]  Processing URL https://www.files.ethz.ch/isn/26614/Weapons_of_Terror.pdf
		Blacklisted url: https://www.files.ethz.ch/isn/26614/Weapons_of_Terror.pdf.  Discarding.  
	Result [9]  Processing URL https://www.govinfo.gov/content/pkg/CHRG-107shrg79961/html/CHRG-107shrg79961.htm
		Date found in the content of the page: None
		Not in content. The URL https://www.state.gov/united-states-trains-ukraine-to-identify-and-respond-to-the-use-of-weapons-of-mass-destruction-in-targeted-assassinations/ is not in the content of site https://www.govinfo.gov/content/pkg/CHRG-107shrg79961/html/CHRG-107shrg79961.htm  Discarding.
	Result [10]  Processing URL https://www.dni.gov/files/ODNI/documents/assessments/ATA-2021-Unclassified-Report.pdf
		Date found in the API results: 2021-04-09T00:00:00
		Blacklisted url: https://www.dni.gov/files/ODNI/documents/assessments/ATA-2021-Unclassified-Report.pdf.  Discarding.  
	Result [11]  Processing URL https://alabama.ebscoed.com/eds?search=y&query=%22Weapons+of+mass+destruction%22&type=DE
		Not in content. The URL https://www.state.gov/united-states-trains-ukraine-to-identify-and-respond-to-the-use-of-weapons-of-mass-destruction-in-targeted-assassinations/ is not in the content of site https://alabama.ebscoed.com/eds?search=y&query=%22Weapons+of+mass+destruction%22&type=DE  Discarding.
	Result [12]  Processing URL https://ycsg.yale.edu/sites/default/files/files/weapons_of_terror.pdf
		Blacklisted url: https://ycsg.yale.edu/sites/default/files/files/weapons_of_terror.pdf.  Discarding.  
	Result [13]  Processing URL https://www.politico.com/f/?id=0000016b-a5a1-d241-adff-fdf908e00001
		Date found in the content of the page: None
		Not in content. The URL https://www.state.gov/united-states-trains-ukraine-to-identify-and-respond-to-the-use-of-weapons-of-mass-destruction-in-targeted-assassinations/ is not in the content of site https://www.politico.com/f/?id=0000016b-a5a1-d241-adff-fdf908e00001  Discarding.
	Result [14]  Processing URL https://www.nato.int/cps/en/natohq/official_texts_156624.htm
		Date found in the API results: 2018-08-30T00:00:00
		Not in content. The URL https://www.state.gov/united-states-trains-ukraine-to-identify-and-respond-to-the-use-of-weapons-of-mass-destruction-in-targeted-assassinations/ is not in the content of site https://www.nato.int/cps/en/natohq/official_texts_156624.htm  Discarding.
	Result [15]  Processing URL https://www.fbi.gov/file-repository/fbi-dhs-domestic-terrorism-strategic-report.pdf
		Blacklisted url: https://www.fbi.gov/file-repository/fbi-dhs-domestic-terrorism-strategic-report.pdf.  Discarding.  
	Result [16]  Processing URL https://www.justtherealnews.com/exec-depts/state-department/daily-press-briefing-may-11-2021-200-pm/
		Not in content. The URL https://www.state.gov/united-states-trains-ukraine-to-identify-and-respond-to-the-use-of-weapons-of-mass-destruction-in-targeted-assassinations/ is not in the content of site https://www.justtherealnews.com/exec-depts/state-department/daily-press-briefing-may-11-2021-200-pm/  Discarding.
	Result [17]  Processing URL https://www.hsdl.org/?view&did=2959
		! Error getting the content of the web.
		! unsupported operand type(s) for +: 'int' and 'str'
		<class 'TypeError'>
		Not in content. The URL https://www.state.gov/united-states-trains-ukraine-to-identify-and-respond-to-the-use-of-weapons-of-mass-destruction-in-targeted-assassinations/ is not in the content of site https://www.hsdl.org/?view&did=2959  Discarding.
	Result [18]  Processing URL https://public-preview-server.prod.cstreetsandbox.com/export-control-and-related-border-security-assistance-exbs/
		! Error getting the content of the web.
		! Document is empty
		<class 'lxml.etree.ParserError'>
		Not in content. The URL https://www.state.gov/united-states-trains-ukraine-to-identify-and-respond-to-the-use-of-weapons-of-mass-destruction-in-targeted-assassinations/ is not in the content of site https://public-preview-server.prod.cstreetsandbox.com/export-control-and-related-border-security-assistance-exbs/  Discarding.
	Result [19]  Processing URL https://www.unodc.org/documents/frontpage/Use_of_Internet_for_Terrorist_Purposes.pdf
		Blacklisted url: https://www.unodc.org/documents/frontpage/Use_of_Internet_for_Terrorist_Purposes.pdf.  Discarding.  
	Result [20]  Processing URL https://dod.defense.gov/Portals/1/Documents/pubs/2018-National-Defense-Strategy-Summary.pdf
		Blacklisted url: https://dod.defense.gov/Portals/1/Documents/pubs/2018-National-Defense-Strategy-Summary.pdf.  Discarding.  
	Result [21]  Processing URL https://dod.defense.gov/Portals/1/Documents/pubs/2018-National-Defense-Strategy-Summary.pdf
		Blacklisted url: https://dod.defense.gov/Portals/1/Documents/pubs/2018-National-Defense-Strategy-Summary.pdf.  Discarding.  
	Result [22]  Processing URL https://www.diplomatie.gouv.fr/IMG/pdf/information_manipulation_rvb_cle838736.pdf
		Blacklisted url: https://www.diplomatie.gouv.fr/IMG/pdf/information_manipulation_rvb_cle838736.pdf.  Discarding.  
	Result [23]  Processing URL https://www.savethechildren.net/sites/default/files/waronchildren/pdf/waronchildren.pdf
		Blacklisted url: https://www.savethechildren.net/sites/default/files/waronchildren/pdf/waronchildren.pdf.  Discarding.  
	Result [24]  Processing URL https://trumpwhitehouse.archives.gov/wp-content/uploads/2017/12/NSS-Final-12-18-2017-0905.pdf
		Date found in the API results: None
		Blacklisted url: https://trumpwhitehouse.archives.gov/wp-content/uploads/2017/12/NSS-Final-12-18-2017-0905.pdf.  Discarding.  
	Result [25]  Processing URL https://www.unhcr.org/56bb369c9.pdf
		Blacklisted url: https://www.unhcr.org/56bb369c9.pdf.  Discarding.  
	Result [26]  Processing URL https://reliefweb.int/sites/reliefweb.int/files/resources/humanitarian-impact-of-drones.pdf
		Blacklisted url: https://reliefweb.int/sites/reliefweb.int/files/resources/humanitarian-impact-of-drones.pdf.  Discarding.  
	Result [27]  Processing URL https://www.justice.gov/doj/page/file/1246311/download
		Not in content. The URL https://www.state.gov/united-states-trains-ukraine-to-identify-and-respond-to-the-use-of-weapons-of-mass-destruction-in-targeted-assassinations/ is not in the content of site https://www.justice.gov/doj/page/file/1246311/download  Discarding.
	Result [28]  Processing URL https://www.oecd.org/futures/globalprospects/37944611.pdf
		Date found in the API results: None
		Blacklisted url: https://www.oecd.org/futures/globalprospects/37944611.pdf.  Discarding.  
	Result [29]  Processing URL https://www.hsdl.org/?view&did=2959
		! Error getting the content of the web.
		! unsupported operand type(s) for +: 'int' and 'str'
		<class 'TypeError'>
		Not in content. The URL https://www.state.gov/united-states-trains-ukraine-to-identify-and-respond-to-the-use-of-weapons-of-mass-destruction-in-targeted-assassinations/ is not in the content of site https://www.hsdl.org/?view&did=2959  Discarding.
	Result [30]  Processing URL https://www.geneva-academy.ch/joomlatools-files/docman-files/Briefing9_interactif.pdf
		Blacklisted url: https://www.geneva-academy.ch/joomlatools-files/docman-files/Briefing9_interactif.pdf.  Discarding.  
	Result [31]  Processing URL https://assets.publishing.service.gov.uk/government/uploads/system/uploads/attachment_data/file/975077/Global_Britain_in_a_Competitive_Age-_the_Integrated_Review_of_Security__Defence__Development_and_Foreign_Policy.pdf
		Blacklisted url: https://assets.publishing.service.gov.uk/government/uploads/system/uploads/attachment_data/file/975077/Global_Britain_in_a_Competitive_Age-_the_Integrated_Review_of_Security__Defence__Development_and_Foreign_Policy.pdf.  Discarding.  
	Result [32]  Processing URL https://www.swp-berlin.org/publikation/facets-of-the-north-korea-conflict
		Not in content. The URL https://www.state.gov/united-states-trains-ukraine-to-identify-and-respond-to-the-use-of-weapons-of-mass-destruction-in-targeted-assassinations/ is not in the content of site https://www.swp-berlin.org/publikation/facets-of-the-north-korea-conflict  Discarding.
	Result [33]  Processing URL https://training.fema.gov/hiedu/docs/select%20em-related%20terms%20and%20definitions.doc
		Date found in the content of the page: None
		Not in content. The URL https://www.state.gov/united-states-trains-ukraine-to-identify-and-respond-to-the-use-of-weapons-of-mass-destruction-in-targeted-assassinations/ is not in the content of site https://training.fema.gov/hiedu/docs/select%20em-related%20terms%20and%20definitions.doc  Discarding.
	Result [34]  Processing URL https://www.fatf-gafi.org/media/fatf/documents/reports/mer4/MER-United-States-2016.pdf
		Date found in the API results: None
		Blacklisted url: https://www.fatf-gafi.org/media/fatf/documents/reports/mer4/MER-United-States-2016.pdf.  Discarding.  
	Result [35]  Processing URL https://www.armscontrol.org/taxonomy/term/1016
		Not in content. The URL https://www.state.gov/united-states-trains-ukraine-to-identify-and-respond-to-the-use-of-weapons-of-mass-destruction-in-targeted-assassinations/ is not in the content of site https://www.armscontrol.org/taxonomy/term/1016  Discarding.
	Result [36]  Processing URL https://www.belfercenter.org/publication/terrorism-and-weapons-mass-destruction
		! Error getting the content of the web.
		! can't compare offset-naive and offset-aware datetimes
		<class 'TypeError'>
		Not in content. The URL https://www.state.gov/united-states-trains-ukraine-to-identify-and-respond-to-the-use-of-weapons-of-mass-destruction-in-targeted-assassinations/ is not in the content of site https://www.belfercenter.org/publication/terrorism-and-weapons-mass-destruction  Discarding.
	Result [37]  Processing URL https://wps.unwomen.org/pdf/en/GlobalStudy_EN_Web.pdf
		Blacklisted url: https://wps.unwomen.org/pdf/en/GlobalStudy_EN_Web.pdf.  Discarding.  
	Result [38]  Processing URL https://www.rand.org/pubs/conf_proceedings/CF129.html
		Not in content. The URL https://www.state.gov/united-states-trains-ukraine-to-identify-and-respond-to-the-use-of-weapons-of-mass-destruction-in-targeted-assassinations/ is not in the content of site https://www.rand.org/pubs/conf_proceedings/CF129.html  Discarding.
	Result [39]  Processing URL https://ec.europa.eu/neighbourhood-enlargement/sites/default/files/serbia_report_2020.pdf
		Date found in the API results: None
		Blacklisted url: https://ec.europa.eu/neighbourhood-enlargement/sites/default/files/serbia_report_2020.pdf.  Discarding.  
	Result [40]  Processing URL https://www.unidir.org/files/publications/pdfs/a-decade-of-implementing-the-unpoa-analysis-of-national-reports-en-301.pdf
		Blacklisted url: https://www.unidir.org/files/publications/pdfs/a-decade-of-implementing-the-unpoa-analysis-of-national-reports-en-301.pdf.  Discarding.  
	Result [41]  Processing URL https://www.dia.mil/News/Speeches-and-Testimonies/Article-View/Article/2590462/statement-for-the-record-worldwide-threat-assessment/
		Date found in the API results: 2021-04-29T00:00:00
		Not in content. The URL https://www.state.gov/united-states-trains-ukraine-to-identify-and-respond-to-the-use-of-weapons-of-mass-destruction-in-targeted-assassinations/ is not in the content of site https://www.dia.mil/News/Speeches-and-Testimonies/Article-View/Article/2590462/statement-for-the-record-worldwide-threat-assessment/  Discarding.
	Result [42]  Processing URL https://www.unidir.org/files/publications/pdfs/a-decade-of-implementing-the-unpoa-analysis-of-national-reports-en-301.pdf
		Blacklisted url: https://www.unidir.org/files/publications/pdfs/a-decade-of-implementing-the-unpoa-analysis-of-national-reports-en-301.pdf.  Discarding.  
	Result [43]  Processing URL https://www.fincen.gov/sites/default/files/2019-10/Iran%20311%20Final%20Rule_20191025_508.pdf
		Date found in the API results: None
		Blacklisted url: https://www.fincen.gov/sites/default/files/2019-10/Iran%20311%20Final%20Rule_20191025_508.pdf.  Discarding.  
	Result [44]  Processing URL https://www.wilsoncenter.org/event/the-efficacy-and-ethics-us-counterterrorism-strategy
		Not in content. The URL https://www.state.gov/united-states-trains-ukraine-to-identify-and-respond-to-the-use-of-weapons-of-mass-destruction-in-targeted-assassinations/ is not in the content of site https://www.wilsoncenter.org/event/the-efficacy-and-ethics-us-counterterrorism-strategy  Discarding.
	Result [45]  Processing URL http://opac.lib.idu.ac.id/unhan-ebook/assets/uploads/files/afc2d-188.the-new-warfare.pdf
		Blacklisted url: http://opac.lib.idu.ac.id/unhan-ebook/assets/uploads/files/afc2d-188.the-new-warfare.pdf.  Discarding.  
	Result [46]  Processing URL https://www.congress.gov/bill/116th-congress/house-bill/2500/text
		Not in content. The URL https://www.state.gov/united-states-trains-ukraine-to-identify-and-respond-to-the-use-of-weapons-of-mass-destruction-in-targeted-assassinations/ is not in the content of site https://www.congress.gov/bill/116th-congress/house-bill/2500/text  Discarding.
	Result [47]  Processing URL https://www.sipri.org/sites/default/files/YB06%20707%2014.pdf
		Blacklisted url: https://www.sipri.org/sites/default/files/YB06%20707%2014.pdf.  Discarding.  
	Result [48]  Processing URL https://www.everycrsreport.com/reports/RL31715.html
		Date found in the content of the page: None
		Not in content. The URL https://www.state.gov/united-states-trains-ukraine-to-identify-and-respond-to-the-use-of-weapons-of-mass-destruction-in-targeted-assassinations/ is not in the content of site https://www.everycrsreport.com/reports/RL31715.html  Discarding.
	Result [49]  Processing URL http://pustaka.unp.ac.id/file/abstrak_kki/EBOOKS/LIBRARIES%20Burning%20books%20and%20leveling%20libraries%20%20extremist%20violence%20and%20cultural%20destruction.pdf
		Blacklisted url: http://pustaka.unp.ac.id/file/abstrak_kki/EBOOKS/LIBRARIES%20Burning%20books%20and%20leveling%20libraries%20%20extremist%20violence%20and%20cultural%20destruction.pdf.  Discarding.  
	Result [50]  Processing URL https://www.ushmm.org/m/pdfs/Fundamentals-of-Genocide-and-Mass-Atrocity-Prevention.pdf
		Date found in the API results: None
		Blacklisted url: https://www.ushmm.org/m/pdfs/Fundamentals-of-Genocide-and-Mass-Atrocity-Prevention.pdf.  Discarding.  
	Result [51]  Processing URL https://www.armscontrol.org/factsheets/Timeline-of-Syrian-Chemical-Weapons-Activity
		Not in content. The URL https://www.state.gov/united-states-trains-ukraine-to-identify-and-respond-to-the-use-of-weapons-of-mass-destruction-in-targeted-assassinations/ is not in the content of site https://www.armscontrol.org/factsheets/Timeline-of-Syrian-Chemical-Weapons-Activity  Discarding.
	Result [52]  Processing URL https://pacifictruck.ca/utgy/france-press-conference-today
		Not in content. The URL https://www.state.gov/united-states-trains-ukraine-to-identify-and-respond-to-the-use-of-weapons-of-mass-destruction-in-targeted-assassinations/ is not in the content of site https://pacifictruck.ca/utgy/france-press-conference-today  Discarding.
	Result [53]  Processing URL https://www.siumed.edu/im/overview-potential-agents-biological-terrorism.html
		Date found in the content of the page: None
		Not in content. The URL https://www.state.gov/united-states-trains-ukraine-to-identify-and-respond-to-the-use-of-weapons-of-mass-destruction-in-targeted-assassinations/ is not in the content of site https://www.siumed.edu/im/overview-potential-agents-biological-terrorism.html  Discarding.
	Result [54]  Processing URL https://www.securitycouncilreport.org/atf/cf/%7B65BFCF9B-6D27-4E9C-8CD3-CF6E4FF96FF9%7D/spv_7758.pdf
		Date found in the API results: 2016-08-23T00:00:00
		Blacklisted url: https://www.securitycouncilreport.org/atf/cf/%7B65BFCF9B-6D27-4E9C-8CD3-CF6E4FF96FF9%7D/spv_7758.pdf.  Discarding.  
	Result [55]  Processing URL http://merchandiseandgift.com/blog/wp-id.php?viewid=3338&homework-help-us-states
		! Error getting the content of the web.
		! Document is empty
		<class 'lxml.etree.ParserError'>
		Not in content. The URL https://www.state.gov/united-states-trains-ukraine-to-identify-and-respond-to-the-use-of-weapons-of-mass-destruction-in-targeted-assassinations/ is not in the content of site http://merchandiseandgift.com/blog/wp-id.php?viewid=3338&homework-help-us-states  Discarding.
	Result [56]  Processing URL https://www.stopfake.org/en/fake-west-might-use-weapons-of-mass-destruction-in-ukraine-and-then-blame-russia/
		Date found in the API results: 2021-05-21T00:00:00
		The URL https://www.state.gov/united-states-trains-ukraine-to-identify-and-respond-to-the-use-of-weapons-of-mass-destruction-in-targeted-assassinations/ IS in the content of site https://www.stopfake.org/en/fake-west-might-use-weapons-of-mass-destruction-in-ukraine-and-then-blame-russia/  Keeping.
		Adding to DB the URL https://www.stopfake.org/en/fake-west-might-use-weapons-of-mass-destruction-in-ukraine-and-then-blame-russia/
	Result [57]  Processing URL https://www.crisisgroup.org/global/exploiting-disorder-al-qaeda-and-islamic-state
		! Error getting the content of the web.
		! Document is empty
		<class 'lxml.etree.ParserError'>
		Not in content. The URL https://www.state.gov/united-states-trains-ukraine-to-identify-and-respond-to-the-use-of-weapons-of-mass-destruction-in-targeted-assassinations/ is not in the content of site https://www.crisisgroup.org/global/exploiting-disorder-al-qaeda-and-islamic-state  Discarding.
	Result [58]  Processing URL https://home.treasury.gov/system/files/136/nationalstrategyforcombatingterroristandotherillicitfinancing.pdf
		Blacklisted url: https://home.treasury.gov/system/files/136/nationalstrategyforcombatingterroristandotherillicitfinancing.pdf.  Discarding.  
	Result [59]  Processing URL https://www.who.int/globalchange/publications/climchange.pdf
		Blacklisted url: https://www.who.int/globalchange/publications/climchange.pdf.  Discarding.  
	Result [60]  Processing URL https://www.iss.europa.eu/sites/default/files/EUISSFiles/CP_148.pdf
		Blacklisted url: https://www.iss.europa.eu/sites/default/files/EUISSFiles/CP_148.pdf.  Discarding.  
		Date found in the API results: 2021-05-12T00:00:00

== Level 0. Twitter search by LINKS as https://www.state.gov/united-states-trains-ukraine-to-identify-and-respond-to-the-use-of-weapons-of-mass-destruction-in-targeted-assassinations/
https://api.twitter.com/2/tweets/search/all?query=url+%3A+https%253A%252F%252Fwww.state.gov%252Funited-states-trains-ukraine-to-identify-and-respond-to-the-use-of-weapons-of-mass-destruction-in-targeted-assassinations%252F&max_results=100&tweet.fields=author_id%2Cpublic_metrics%2Ccreated_at&start_time=2020-07-12T19%3A12%3A09.756068Z
	Downloaded 98 twitter content
	Result [1]  Processing twitter ID 1394761581695754242: RT @Malinka1102: What is #US regime planning to do in #Ukraine?!🤔

"United States Trains Ukraine To Identify and Respond to the Use of Weap…
	Result [2]  Processing twitter ID 1394754652026068993: United States Trains Ukraine To Identify and Respond to the Use of Weapons of Mass Destruction in Targeted Assassinations
https://t.co/iJ3ZbtF8Gd
	Result [3]  Processing twitter ID 1394395574355603470: RT @Malinka1102: What is #US regime planning to do in #Ukraine?!🤔

"United States Trains Ukraine To Identify and Respond to the Use of Weap…
	Result [4]  Processing twitter ID 1394372910903611395: The US conducted a virtual training exercise with partners from #Ukraine to help domestic security services, law enforcement, &amp; first responders identify, respond to, &amp; investigate assassinations involving #WMDs. 🤨 https://t.co/9MQa0RtzGQ
	Result [5]  Processing twitter ID 1394355856104382467: RT @Malinka1102: What is #US regime planning to do in #Ukraine?!🤔

"United States Trains Ukraine To Identify and Respond to the Use of Weap…
	Result [6]  Processing twitter ID 1394338485620903943: RT @Towers_Go: "Die #USA trainieren die #Ukraine, um den Einsatz von Massenvernichtungswaffen bei gezielten Attentaten zu identifizieren un…
	Result [7]  Processing twitter ID 1394332480887574529: RT @Mithras49314064: United States Trains Ukraine To Identify and Respond to the Use of Weapons of Mass Destruction in Targeted Assassinati…
	Result [8]  Processing twitter ID 1394318024438583302: RT @Malinka1102: What is #US regime planning to do in #Ukraine?!🤔

"United States Trains Ukraine To Identify and Respond to the Use of Weap…
	Result [9]  Processing twitter ID 1394280436906577925: United States Trains Ukraine To Identify and Respond to the Use of Weapons of Mass Destruction in Targeted Assassinations - United States Department of State https://t.co/HVbLZmGnIq
	Result [10]  Processing twitter ID 1394279972018212864: RT @Malinka1102: What is #US regime planning to do in #Ukraine?!🤔

"United States Trains Ukraine To Identify and Respond to the Use of Weap…
	Result [11]  Processing twitter ID 1394275864188178436: RT @Malinka1102: What is #US regime planning to do in #Ukraine?!🤔

"United States Trains Ukraine To Identify and Respond to the Use of Weap…
	Result [12]  Processing twitter ID 1394272492257222657: RT @Malinka1102: What is #US regime planning to do in #Ukraine?!🤔

"United States Trains Ukraine To Identify and Respond to the Use of Weap…
	Result [13]  Processing twitter ID 1394267850156564485: RT @Malinka1102: What is #US regime planning to do in #Ukraine?!🤔

"United States Trains Ukraine To Identify and Respond to the Use of Weap…
	Result [14]  Processing twitter ID 1394265901235585026: RT @Malinka1102: What is #US regime planning to do in #Ukraine?!🤔

"United States Trains Ukraine To Identify and Respond to the Use of Weap…
	Result [15]  Processing twitter ID 1394259312592113667: RT @Malinka1102: What is #US regime planning to do in #Ukraine?!🤔

"United States Trains Ukraine To Identify and Respond to the Use of Weap…
	Result [16]  Processing twitter ID 1394254994329767936: RT @Malinka1102: What is #US regime planning to do in #Ukraine?!🤔

"United States Trains Ukraine To Identify and Respond to the Use of Weap…
	Result [17]  Processing twitter ID 1394252710816403456: RT @Malinka1102: What is #US regime planning to do in #Ukraine?!🤔

"United States Trains Ukraine To Identify and Respond to the Use of Weap…
	Result [18]  Processing twitter ID 1394251411114897411: RT @Malinka1102: What is #US regime planning to do in #Ukraine?!🤔

"United States Trains Ukraine To Identify and Respond to the Use of Weap…
	Result [19]  Processing twitter ID 1394248276891799554: RT @Malinka1102: What is #US regime planning to do in #Ukraine?!🤔

"United States Trains Ukraine To Identify and Respond to the Use of Weap…
	Result [20]  Processing twitter ID 1394247386701209602: RT @Malinka1102: What is #US regime planning to do in #Ukraine?!🤔

"United States Trains Ukraine To Identify and Respond to the Use of Weap…
	Result [21]  Processing twitter ID 1394246688932388877: RT @Malinka1102: What is #US regime planning to do in #Ukraine?!🤔

"United States Trains Ukraine To Identify and Respond to the Use of Weap…
	Result [22]  Processing twitter ID 1394246609320427524: RT @Malinka1102: What is #US regime planning to do in #Ukraine?!🤔

"United States Trains Ukraine To Identify and Respond to the Use of Weap…
	Result [23]  Processing twitter ID 1394246151663198208: RT @Malinka1102: What is #US regime planning to do in #Ukraine?!🤔

"United States Trains Ukraine To Identify and Respond to the Use of Weap…
	Result [24]  Processing twitter ID 1394246079361716229: RT @Malinka1102: What is #US regime planning to do in #Ukraine?!🤔

"United States Trains Ukraine To Identify and Respond to the Use of Weap…
	Result [25]  Processing twitter ID 1394245245240545283: RT @Malinka1102: What is #US regime planning to do in #Ukraine?!🤔

"United States Trains Ukraine To Identify and Respond to the Use of Weap…
	Result [26]  Processing twitter ID 1394244273307009024: RT @Malinka1102: What is #US regime planning to do in #Ukraine?!🤔

"United States Trains Ukraine To Identify and Respond to the Use of Weap…
	Result [27]  Processing twitter ID 1394244267799891970: RT @Mithras49314064: United States Trains Ukraine To Identify and Respond to the Use of Weapons of Mass Destruction in Targeted Assassinati…
	Result [28]  Processing twitter ID 1394244235508002816: United States Trains Ukraine To Identify and Respond to the Use of Weapons of Mass Destruction in Targeted Assassinations - United States Department of State https://t.co/uFyw5ZnedU
	Result [29]  Processing twitter ID 1394243249884344320: RT @Malinka1102: What is #US regime planning to do in #Ukraine?!🤔

"United States Trains Ukraine To Identify and Respond to the Use of Weap…
	Result [30]  Processing twitter ID 1394243156510580738: RT @Malinka1102: What is #US regime planning to do in #Ukraine?!🤔

"United States Trains Ukraine To Identify and Respond to the Use of Weap…
	Result [31]  Processing twitter ID 1394242986796584961: RT @Malinka1102: What is #US regime planning to do in #Ukraine?!🤔

"United States Trains Ukraine To Identify and Respond to the Use of Weap…
	Result [32]  Processing twitter ID 1394242845519847425: RT @Malinka1102: What is #US regime planning to do in #Ukraine?!🤔

"United States Trains Ukraine To Identify and Respond to the Use of Weap…
	Result [33]  Processing twitter ID 1394242801114787842: RT @Malinka1102: What is #US regime planning to do in #Ukraine?!🤔

"United States Trains Ukraine To Identify and Respond to the Use of Weap…
	Result [34]  Processing twitter ID 1394238329248378882: RT @Malinka1102: What is #US regime planning to do in #Ukraine?!🤔

"United States Trains Ukraine To Identify and Respond to the Use of Weap…
	Result [35]  Processing twitter ID 1394230985550614531: RT @Malinka1102: What is #US regime planning to do in #Ukraine?!🤔

"United States Trains Ukraine To Identify and Respond to the Use of Weap…
	Result [36]  Processing twitter ID 1394227667151556609: RT @Malinka1102: What is #US regime planning to do in #Ukraine?!🤔

"United States Trains Ukraine To Identify and Respond to the Use of Weap…
	Result [37]  Processing twitter ID 1394218783737327616: RT @Malinka1102: What is #US regime planning to do in #Ukraine?!🤔

"United States Trains Ukraine To Identify and Respond to the Use of Weap…
	Result [38]  Processing twitter ID 1394216120815472641: RT @Malinka1102: What is #US regime planning to do in #Ukraine?!🤔

"United States Trains Ukraine To Identify and Respond to the Use of Weap…
	Result [39]  Processing twitter ID 1394209829602750467: RT @Malinka1102: What is #US regime planning to do in #Ukraine?!🤔

"United States Trains Ukraine To Identify and Respond to the Use of Weap…
	Result [40]  Processing twitter ID 1394209501960671232: RT @Malinka1102: What is #US regime planning to do in #Ukraine?!🤔

"United States Trains Ukraine To Identify and Respond to the Use of Weap…
	Result [41]  Processing twitter ID 1394208918570737670: RT @Malinka1102: What is #US regime planning to do in #Ukraine?!🤔

"United States Trains Ukraine To Identify and Respond to the Use of Weap…
	Result [42]  Processing twitter ID 1394204719049023492: RT @Malinka1102: What is #US regime planning to do in #Ukraine?!🤔

"United States Trains Ukraine To Identify and Respond to the Use of Weap…
	Result [43]  Processing twitter ID 1394200229923205120: RT @Malinka1102: What is #US regime planning to do in #Ukraine?!🤔

"United States Trains Ukraine To Identify and Respond to the Use of Weap…
	Result [44]  Processing twitter ID 1394175756595433479: RT @Malinka1102: What is #US regime planning to do in #Ukraine?!🤔

"United States Trains Ukraine To Identify and Respond to the Use of Weap…
	Result [45]  Processing twitter ID 1394172406428807177: RT @Malinka1102: What is #US regime planning to do in #Ukraine?!🤔

"United States Trains Ukraine To Identify and Respond to the Use of Weap…
	Result [46]  Processing twitter ID 1394172398178611200: RT @Malinka1102: What is #US regime planning to do in #Ukraine?!🤔

"United States Trains Ukraine To Identify and Respond to the Use of Weap…
	Result [47]  Processing twitter ID 1394167158863802369: RT @Malinka1102: What is #US regime planning to do in #Ukraine?!🤔

"United States Trains Ukraine To Identify and Respond to the Use of Weap…
	Result [48]  Processing twitter ID 1394163291488931841: RT @Malinka1102: What is #US regime planning to do in #Ukraine?!🤔

"United States Trains Ukraine To Identify and Respond to the Use of Weap…
	Result [49]  Processing twitter ID 1394159315951439880: RT @Malinka1102: What is #US regime planning to do in #Ukraine?!🤔

"United States Trains Ukraine To Identify and Respond to the Use of Weap…
	Result [50]  Processing twitter ID 1394144161507446784: RT @Malinka1102: What is #US regime planning to do in #Ukraine?!🤔

"United States Trains Ukraine To Identify and Respond to the Use of Weap…
	Result [51]  Processing twitter ID 1394128331138867203: https://t.co/Gj01fMby4c
	Result [52]  Processing twitter ID 1394126344204681217: RT @Malinka1102: What is #US regime planning to do in #Ukraine?!🤔

"United States Trains Ukraine To Identify and Respond to the Use of Weap…
	Result [53]  Processing twitter ID 1394122479241736197: RT @Malinka1102: What is #US regime planning to do in #Ukraine?!🤔

"United States Trains Ukraine To Identify and Respond to the Use of Weap…
	Result [54]  Processing twitter ID 1394122260722683904: RT @Malinka1102: What is #US regime planning to do in #Ukraine?!🤔

"United States Trains Ukraine To Identify and Respond to the Use of Weap…
	Result [55]  Processing twitter ID 1394121346884329474: RT @Malinka1102: What is #US regime planning to do in #Ukraine?!🤔

"United States Trains Ukraine To Identify and Respond to the Use of Weap…
	Result [56]  Processing twitter ID 1394117103926587394: RT @Malinka1102: What is #US regime planning to do in #Ukraine?!🤔

"United States Trains Ukraine To Identify and Respond to the Use of Weap…
	Result [57]  Processing twitter ID 1394048090701717506: RT @Malinka1102: What is #US regime planning to do in #Ukraine?!🤔

"United States Trains Ukraine To Identify and Respond to the Use of Weap…
	Result [58]  Processing twitter ID 1394043863984218113: RT @Malinka1102: What is #US regime planning to do in #Ukraine?!🤔

"United States Trains Ukraine To Identify and Respond to the Use of Weap…
	Result [59]  Processing twitter ID 1394042684315082755: RT @Malinka1102: What is #US regime planning to do in #Ukraine?!🤔

"United States Trains Ukraine To Identify and Respond to the Use of Weap…
	Result [60]  Processing twitter ID 1394035914809090048: RT @Malinka1102: What is #US regime planning to do in #Ukraine?!🤔

"United States Trains Ukraine To Identify and Respond to the Use of Weap…
	Result [61]  Processing twitter ID 1394034238945648640: RT @Malinka1102: What is #US regime planning to do in #Ukraine?!🤔

"United States Trains Ukraine To Identify and Respond to the Use of Weap…
	Result [62]  Processing twitter ID 1394033776884436994: RT @Malinka1102: What is #US regime planning to do in #Ukraine?!🤔

"United States Trains Ukraine To Identify and Respond to the Use of Weap…
	Result [63]  Processing twitter ID 1394033500114890754: RT @Malinka1102: What is #US regime planning to do in #Ukraine?!🤔

"United States Trains Ukraine To Identify and Respond to the Use of Weap…
	Result [64]  Processing twitter ID 1394032576113774593: RT @Malinka1102: What is #US regime planning to do in #Ukraine?!🤔

"United States Trains Ukraine To Identify and Respond to the Use of Weap…
	Result [65]  Processing twitter ID 1394032482043957250: RT @Malinka1102: What is #US regime planning to do in #Ukraine?!🤔

"United States Trains Ukraine To Identify and Respond to the Use of Weap…
	Result [66]  Processing twitter ID 1394023223407349761: RT @Malinka1102: What is #US regime planning to do in #Ukraine?!🤔

"United States Trains Ukraine To Identify and Respond to the Use of Weap…
	Result [67]  Processing twitter ID 1394021756810244101: RT @Malinka1102: What is #US regime planning to do in #Ukraine?!🤔

"United States Trains Ukraine To Identify and Respond to the Use of Weap…
	Result [68]  Processing twitter ID 1394009996514533377: RT @Malinka1102: What is #US regime planning to do in #Ukraine?!🤔

"United States Trains Ukraine To Identify and Respond to the Use of Weap…
	Result [69]  Processing twitter ID 1394005608995643397: RT @Malinka1102: What is #US regime planning to do in #Ukraine?!🤔

"United States Trains Ukraine To Identify and Respond to the Use of Weap…
	Result [70]  Processing twitter ID 1394003351898140673: RT @Malinka1102: What is #US regime planning to do in #Ukraine?!🤔

"United States Trains Ukraine To Identify and Respond to the Use of Weap…
	Result [71]  Processing twitter ID 1393994687355101186: RT @Malinka1102: What is #US regime planning to do in #Ukraine?!🤔

"United States Trains Ukraine To Identify and Respond to the Use of Weap…
	Result [72]  Processing twitter ID 1393977068761849865: RT @Malinka1102: What is #US regime planning to do in #Ukraine?!🤔

"United States Trains Ukraine To Identify and Respond to the Use of Weap…
	Result [73]  Processing twitter ID 1393974956485185536: RT @Malinka1102: What is #US regime planning to do in #Ukraine?!🤔

"United States Trains Ukraine To Identify and Respond to the Use of Weap…
	Result [74]  Processing twitter ID 1393974191146274817: RT @Malinka1102: What is #US regime planning to do in #Ukraine?!🤔

"United States Trains Ukraine To Identify and Respond to the Use of Weap…
	Result [75]  Processing twitter ID 1393973911994445831: RT @Malinka1102: What is #US regime planning to do in #Ukraine?!🤔

"United States Trains Ukraine To Identify and Respond to the Use of Weap…
	Result [76]  Processing twitter ID 1393973446753804291: RT @Malinka1102: What is #US regime planning to do in #Ukraine?!🤔

"United States Trains Ukraine To Identify and Respond to the Use of Weap…
	Result [77]  Processing twitter ID 1393973234115219461: RT @Malinka1102: What is #US regime planning to do in #Ukraine?!🤔

"United States Trains Ukraine To Identify and Respond to the Use of Weap…
	Result [78]  Processing twitter ID 1393972121768968194: RT @Towers_Go: "Die #USA trainieren die #Ukraine, um den Einsatz von Massenvernichtungswaffen bei gezielten Attentaten zu identifizieren un…
	Result [79]  Processing twitter ID 1393971459962269701: RT @Malinka1102: What is #US regime planning to do in #Ukraine?!🤔

"United States Trains Ukraine To Identify and Respond to the Use of Weap…
	Result [80]  Processing twitter ID 1393969435720003586: RT @Malinka1102: What is #US regime planning to do in #Ukraine?!🤔

"United States Trains Ukraine To Identify and Respond to the Use of Weap…
	Result [81]  Processing twitter ID 1393965896150962177: "Die #USA trainieren die #Ukraine, um den Einsatz von Massenvernichtungswaffen bei gezielten Attentaten zu identifizieren und darauf zu reagieren"
Was soll das werden, wenn's fertig ist? Ein #FalseFlag wie in Syrien?
https://t.co/3wYcHQPXzh
	Result [82]  Processing twitter ID 1393964421316284418: RT @Malinka1102: What is #US regime planning to do in #Ukraine?!🤔

"United States Trains Ukraine To Identify and Respond to the Use of Weap…
	Result [83]  Processing twitter ID 1393962447887798273: What is #US regime planning to do in #Ukraine?!🤔

"United States Trains Ukraine To Identify and Respond to the Use of Weapons of Mass Destruction in Targeted Assassinations"

#FalseFlag op coming? 🤔

https://t.co/xcZV04XdyC https://t.co/9PI59xaq5o
	Result [84]  Processing twitter ID 1392886128584298496: RT @StateEUR: As part of a series of engagements across Europe, the U.S. conducted a training exercise with Ukraine to help domestic securi…
	Result [85]  Processing twitter ID 1392885589494620164: As part of a series of engagements across Europe, the U.S. conducted a training exercise with Ukraine to help domestic security services, law enforcement, &amp; first responders identify &amp; investigate assassinations involving weapons of mass destruction.
https://t.co/cETqTMOhZS
	Result [86]  Processing twitter ID 1392885561602490376: США вчили українських експертів протидіяти зброї масового знищення Росії 

https://t.co/EAzEkJu3Px
	Result [87]  Processing twitter ID 1392881068076847111: United States Trains Ukraine To Identify and Respond to the Use of Weapons of Mass Destruction in Targeted Assassinations - United States Department of State https://t.co/tSDLLPEknw
	Result [88]  Processing twitter ID 1392737774483107843: RT @TimInHonolulu: United States Trains Ukraine To Identify and Respond to the Use of Weapons of Mass Destruction in Targeted Assassination…
	Result [89]  Processing twitter ID 1392706980385591296: #ChemicalWeapons
United States Trains Ukraine To Identify and Respond to the Use of Weapons of Mass Destruction in Targeted Assassinations

https://t.co/xiOEpRSJrG
	Result [90]  Processing twitter ID 1392654600109395970: RT @TimInHonolulu: United States Trains Ukraine To Identify and Respond to the Use of Weapons of Mass Destruction in Targeted Assassination…
	Result [91]  Processing twitter ID 1392609962942242820: The United States is committed to working with allies and partners to counter Russian malign activity like the use of WMD as tools of assassination. https://t.co/U69Y4X9DQY
	Result [92]  Processing twitter ID 1392605979083100162: United States Trains #Ukraine To Identify and Respond to the Use of Weapons of Mass Destruction by Russia in Targeted Assassinations https://t.co/dKHCmPZfFa
	Result [93]  Processing twitter ID 1392600838686789632: RT @TimInHonolulu: United States Trains Ukraine To Identify and Respond to the Use of Weapons of Mass Destruction in Targeted Assassination…
	Result [94]  Processing twitter ID 1392573760100839428: RT @Levitt_Matt: United States Trains Ukraine To Identify and Respond to the Use of Weapons of Mass Destruction in Targeted Assassinations…
	Result [95]  Processing twitter ID 1392572587549630470: RT @TimInHonolulu: United States Trains Ukraine To Identify and Respond to the Use of Weapons of Mass Destruction in Targeted Assassination…
	Result [96]  Processing twitter ID 1392572320103940096: RT @TimInHonolulu: United States Trains Ukraine To Identify and Respond to the Use of Weapons of Mass Destruction in Targeted Assassination…
	Result [97]  Processing twitter ID 1392571990133723137: ‘The U.S. recently conducted a virtual training exercise with partners from Ukraine to help domestic security services, law enforcement, and first responders identify, respond to, and investigate assassinations involving weapons of mass destruction. ’ https://t.co/bSTFl2iNNI
	Result [98]  Processing twitter ID 1392571022184955912: RT @TimInHonolulu: United States Trains Ukraine To Identify and Respond to the Use of Weapons of Mass Destruction in Targeted Assassination…

== Level 0. VK search by LINKS as https://www.state.gov/united-states-trains-ukraine-to-identify-and-respond-to-the-use-of-weapons-of-mass-destruction-in-targeted-assassinations/
In total was found 0

== Level 0. Google search by TITLE as United States Trains Ukraine To Identify and Respond to the Use of Weapons of Mass Destruction in Targeted Assassinations - United States Department of State
	Total amount of results retrieved: 66
	Result [1]  Processing URL https://www.state.gov/united-states-trains-ukraine-to-identify-and-respond-to-the-use-of-weapons-of-mass-destruction-in-targeted-assassinations/
		Date found in the API results: 2021-05-12T00:00:00
		Repeated url: https://www.state.gov/united-states-trains-ukraine-to-identify-and-respond-to-the-use-of-weapons-of-mass-destruction-in-targeted-assassinations/.  Discarding.  
	Result [2]  Processing URL https://www.state.gov/united-states-trains-republic-of-estonia-to-identify-and-respond-to-use-of-weapons-of-mass-destruction-for-assassination/
		Date found in the API results: 2021-01-28T00:00:00
		The content of https://www.state.gov/united-states-trains-ukraine-to-identify-and-respond-to-the-use-of-weapons-of-mass-destruction-in-targeted-assassinations/ has distance with https://www.state.gov/united-states-trains-republic-of-estonia-to-identify-and-respond-to-use-of-weapons-of-mass-destruction-for-assassination/ of : 0.9114. Keeping.
		Adding to DB the URL https://www.state.gov/united-states-trains-republic-of-estonia-to-identify-and-respond-to-use-of-weapons-of-mass-destruction-for-assassination/
	Result [3]  Processing URL https://subscription.ukrweekly.com/2021/05/13/u-s-trains-ukraine-to-identify-and-respond-to-weapons-of-mass-destruction-in-targeted-assassinations/
		Date found in the URL: 2021-05-13 00:00:00
		The content of https://www.state.gov/united-states-trains-ukraine-to-identify-and-respond-to-the-use-of-weapons-of-mass-destruction-in-targeted-assassinations/ has distance with https://subscription.ukrweekly.com/2021/05/13/u-s-trains-ukraine-to-identify-and-respond-to-weapons-of-mass-destruction-in-targeted-assassinations/ of : 0.6406. Keeping.
		Adding to DB the URL https://subscription.ukrweekly.com/2021/05/13/u-s-trains-ukraine-to-identify-and-respond-to-weapons-of-mass-destruction-in-targeted-assassinations/
	Result [4]  Processing URL https://www.govinfo.gov/content/pkg/CHRG-111shrg54615/html/CHRG-111shrg54615.htm
		Date found in the content of the page: None
		Different. The content of https://www.state.gov/united-states-trains-ukraine-to-identify-and-respond-to-the-use-of-weapons-of-mass-destruction-in-targeted-assassinations/ has distance with https://www.govinfo.gov/content/pkg/CHRG-111shrg54615/html/CHRG-111shrg54615.htm of: 0.2576. Discarding.
	Result [5]  Processing URL https://www.govinfo.gov/content/pkg/PLAW-107publ228/html/PLAW-107publ228.htm
		Date found in the content of the page: None
		Different. The content of https://www.state.gov/united-states-trains-ukraine-to-identify-and-respond-to-the-use-of-weapons-of-mass-destruction-in-targeted-assassinations/ has distance with https://www.govinfo.gov/content/pkg/PLAW-107publ228/html/PLAW-107publ228.htm of: 0.2871. Discarding.
	Result [6]  Processing URL https://fas.org/irp/threat/frd.html
		Date found in the content of the page: None
		Different. The content of https://www.state.gov/united-states-trains-ukraine-to-identify-and-respond-to-the-use-of-weapons-of-mass-destruction-in-targeted-assassinations/ has distance with https://fas.org/irp/threat/frd.html of: 0.2661. Discarding.
	Result [7]  Processing URL https://fas.org/sgp/othergov/doe/lanl/ota-isc-559.pdf
		Blacklisted url: https://fas.org/sgp/othergov/doe/lanl/ota-isc-559.pdf.  Discarding.  
	Result [8]  Processing URL https://www.congress.gov/116/plaws/publ6/PLAW-116publ6.htm
		! Error getting the content of the web.
		! can't compare offset-naive and offset-aware datetimes
		<class 'TypeError'>
		The content of the pages were not string. Verify.
		Different. The content of https://www.state.gov/united-states-trains-ukraine-to-identify-and-respond-to-the-use-of-weapons-of-mass-destruction-in-targeted-assassinations/ has distance with https://www.congress.gov/116/plaws/publ6/PLAW-116publ6.htm of: False. Discarding.
	Result [9]  Processing URL https://www.hsdl.org/?view&did=2959
		! Error getting the content of the web.
		! unsupported operand type(s) for +: 'int' and 'str'
		<class 'TypeError'>
		The content of the pages were not string. Verify.
		Different. The content of https://www.state.gov/united-states-trains-ukraine-to-identify-and-respond-to-the-use-of-weapons-of-mass-destruction-in-targeted-assassinations/ has distance with https://www.hsdl.org/?view&did=2959 of: False. Discarding.
	Result [10]  Processing URL https://www.rand.org/pubs/conf_proceedings/CF129.html
		The content of https://www.state.gov/united-states-trains-ukraine-to-identify-and-respond-to-the-use-of-weapons-of-mass-destruction-in-targeted-assassinations/ has distance with https://www.rand.org/pubs/conf_proceedings/CF129.html of : 0.3282. Keeping.
		Adding to DB the URL https://www.rand.org/pubs/conf_proceedings/CF129.html
	Result [11]  Processing URL https://en.wikipedia.org/wiki/Iran_and_weapons_of_mass_destruction
		The content of https://www.state.gov/united-states-trains-ukraine-to-identify-and-respond-to-the-use-of-weapons-of-mass-destruction-in-targeted-assassinations/ has distance with https://en.wikipedia.org/wiki/Iran_and_weapons_of_mass_destruction of : 0.3129. Keeping.
		Adding to DB the URL https://en.wikipedia.org/wiki/Iran_and_weapons_of_mass_destruction
	Result [12]  Processing URL https://www.dni.gov/files/ODNI/documents/assessments/ATA-2021-Unclassified-Report.pdf
		Date found in the API results: 2021-04-09T00:00:00
		Blacklisted url: https://www.dni.gov/files/ODNI/documents/assessments/ATA-2021-Unclassified-Report.pdf.  Discarding.  
	Result [13]  Processing URL https://www.everycrsreport.com/reports/RL30679.html
		Date found in the content of the page: None
		The content of https://www.state.gov/united-states-trains-ukraine-to-identify-and-respond-to-the-use-of-weapons-of-mass-destruction-in-targeted-assassinations/ has distance with https://www.everycrsreport.com/reports/RL30679.html of : 0.3012. Keeping.
		Adding to DB the URL https://www.everycrsreport.com/reports/RL30679.html
	Result [14]  Processing URL https://www.9-11commission.gov/report/911Report.pdf
		Blacklisted url: https://www.9-11commission.gov/report/911Report.pdf.  Discarding.  
	Result [15]  Processing URL https://www.fbi.gov/file-repository/fbi-dhs-domestic-terrorism-strategic-report.pdf
		Blacklisted url: https://www.fbi.gov/file-repository/fbi-dhs-domestic-terrorism-strategic-report.pdf.  Discarding.  
	Result [16]  Processing URL https://usun.usmission.gov/author/usun-mission/
		! Timeout waiting for the web server to answer.  We ignore and continue.
		The content of the pages were not string. Verify.
		Different. The content of https://www.state.gov/united-states-trains-ukraine-to-identify-and-respond-to-the-use-of-weapons-of-mass-destruction-in-targeted-assassinations/ has distance with https://usun.usmission.gov/author/usun-mission/ of: False. Discarding.
	Result [17]  Processing URL https://media.defense.gov/2017/Apr/07/2001728509/-1/-1/0/B_0058_PAULSEN_ROLE_NUCLEAR_WEAPONS.PDF
		Date found in the content of the page: None
		Different. The content of https://www.state.gov/united-states-trains-ukraine-to-identify-and-respond-to-the-use-of-weapons-of-mass-destruction-in-targeted-assassinations/ has distance with https://media.defense.gov/2017/Apr/07/2001728509/-1/-1/0/B_0058_PAULSEN_ROLE_NUCLEAR_WEAPONS.PDF of: 0.1074. Discarding.
	Result [18]  Processing URL https://popcenter.asu.edu/sites/default/files/library/reading/PDFs/PolicingTerrorism.pdf
		Blacklisted url: https://popcenter.asu.edu/sites/default/files/library/reading/PDFs/PolicingTerrorism.pdf.  Discarding.  
	Result [19]  Processing URL http://ndupress.ndu.edu/Portals/68/Documents/occasional/cswmd/CSWMD_OccationalPaper-10.pdf
		Blacklisted url: http://ndupress.ndu.edu/Portals/68/Documents/occasional/cswmd/CSWMD_OccationalPaper-10.pdf.  Discarding.  
	Result [20]  Processing URL https://www.airuniversity.af.edu/Portals/10/CSDS/Books/battlefield_future2.pdf
		Blacklisted url: https://www.airuniversity.af.edu/Portals/10/CSDS/Books/battlefield_future2.pdf.  Discarding.  
	Result [21]  Processing URL https://ua.usembassy.gov/category/press-releases/
		! Timeout waiting for the web server to answer.  We ignore and continue.
		The content of the pages were not string. Verify.
		Different. The content of https://www.state.gov/united-states-trains-ukraine-to-identify-and-respond-to-the-use-of-weapons-of-mass-destruction-in-targeted-assassinations/ has distance with https://ua.usembassy.gov/category/press-releases/ of: False. Discarding.
	Result [22]  Processing URL https://popcenter.asu.edu/sites/default/files/library/reading/PDFs/PolicingTerrorism.pdf
		Blacklisted url: https://popcenter.asu.edu/sites/default/files/library/reading/PDFs/PolicingTerrorism.pdf.  Discarding.  
	Result [23]  Processing URL https://www.9-11commission.gov/report/911Report.pdf
		Blacklisted url: https://www.9-11commission.gov/report/911Report.pdf.  Discarding.  
	Result [24]  Processing URL https://en.wikipedia.org/wiki/Iran_and_weapons_of_mass_destruction
		The content of https://www.state.gov/united-states-trains-ukraine-to-identify-and-respond-to-the-use-of-weapons-of-mass-destruction-in-targeted-assassinations/ has distance with https://en.wikipedia.org/wiki/Iran_and_weapons_of_mass_destruction of : 0.3129. Keeping.
		Adding to DB the URL https://en.wikipedia.org/wiki/Iran_and_weapons_of_mass_destruction
	Result [25]  Processing URL https://www.utoledo.edu/law/events/pdf/CLE-materials-law-review-symposium.pdf
		Blacklisted url: https://www.utoledo.edu/law/events/pdf/CLE-materials-law-review-symposium.pdf.  Discarding.  
	Result [26]  Processing URL https://alabama.ebscoed.com/eds?search=y&query=%22Weapons+of+mass+destruction%22&type=DE
		The content of https://www.state.gov/united-states-trains-ukraine-to-identify-and-respond-to-the-use-of-weapons-of-mass-destruction-in-targeted-assassinations/ has distance with https://alabama.ebscoed.com/eds?search=y&query=%22Weapons+of+mass+destruction%22&type=DE of : 0.3099. Keeping.
		Adding to DB the URL https://alabama.ebscoed.com/eds?search=y&query=%22Weapons+of+mass+destruction%22&type=DE
	Result [27]  Processing URL http://ndupress.ndu.edu/Portals/68/Documents/occasional/cswmd/CSWMD_OccationalPaper-10.pdf
		Blacklisted url: http://ndupress.ndu.edu/Portals/68/Documents/occasional/cswmd/CSWMD_OccationalPaper-10.pdf.  Discarding.  
	Result [28]  Processing URL https://www.jhuapl.edu/Content/documents/ARIS_LittleGreenMen.pdf
		Blacklisted url: https://www.jhuapl.edu/Content/documents/ARIS_LittleGreenMen.pdf.  Discarding.  
	Result [29]  Processing URL http://opac.lib.idu.ac.id/unhan-ebook/assets/uploads/files/afc2d-188.the-new-warfare.pdf
		Blacklisted url: http://opac.lib.idu.ac.id/unhan-ebook/assets/uploads/files/afc2d-188.the-new-warfare.pdf.  Discarding.  
	Result [30]  Processing URL https://www.justice.gov/psc/docs/natstrategyreport.pdf
		Blacklisted url: https://www.justice.gov/psc/docs/natstrategyreport.pdf.  Discarding.  
	Result [31]  Processing URL https://www.belfercenter.org/sites/default/files/legacy/files/IC-book-finalasof12JUNE.pdf
		Blacklisted url: https://www.belfercenter.org/sites/default/files/legacy/files/IC-book-finalasof12JUNE.pdf.  Discarding.  
	Result [32]  Processing URL https://www.unodc.org/documents/frontpage/Use_of_Internet_for_Terrorist_Purposes.pdf
		Blacklisted url: https://www.unodc.org/documents/frontpage/Use_of_Internet_for_Terrorist_Purposes.pdf.  Discarding.  
	Result [33]  Processing URL https://www.files.ethz.ch/isn/26614/Weapons_of_Terror.pdf
		Blacklisted url: https://www.files.ethz.ch/isn/26614/Weapons_of_Terror.pdf.  Discarding.  
	Result [34]  Processing URL https://www.armed-services.senate.gov/download/kahl_apqs_03-04-21
		Date found in the content of the page: None
		Different. The content of https://www.state.gov/united-states-trains-ukraine-to-identify-and-respond-to-the-use-of-weapons-of-mass-destruction-in-targeted-assassinations/ has distance with https://www.armed-services.senate.gov/download/kahl_apqs_03-04-21 of: 0.2504207337596769. Discarding.
	Result [35]  Processing URL https://www.acq.osd.mil/ncbdp/docs/NSS-Final-12-18-2017-0905.pdf
		Blacklisted url: https://www.acq.osd.mil/ncbdp/docs/NSS-Final-12-18-2017-0905.pdf.  Discarding.  
	Result [36]  Processing URL https://www.nato.int/cps/en/natohq/official_texts_156624.htm
		Date found in the API results: 2018-08-30T00:00:00
		Different. The content of https://www.state.gov/united-states-trains-ukraine-to-identify-and-respond-to-the-use-of-weapons-of-mass-destruction-in-targeted-assassinations/ has distance with https://www.nato.int/cps/en/natohq/official_texts_156624.htm of: 0.2994. Discarding.
	Result [37]  Processing URL https://www.protiviti.com/sites/default/files/united_states/insights/guide-to-us-aml-requirements-6thedition-protiviti_0.pdf
		Blacklisted url: https://www.protiviti.com/sites/default/files/united_states/insights/guide-to-us-aml-requirements-6thedition-protiviti_0.pdf.  Discarding.  
	Result [38]  Processing URL https://reliefweb.int/sites/reliefweb.int/files/resources/humanitarian-impact-of-drones.pdf
		Blacklisted url: https://reliefweb.int/sites/reliefweb.int/files/resources/humanitarian-impact-of-drones.pdf.  Discarding.  
	Result [39]  Processing URL https://cgsr.llnl.gov/content/assets/docs/StratLatUnONLINE.pdf
		Blacklisted url: https://cgsr.llnl.gov/content/assets/docs/StratLatUnONLINE.pdf.  Discarding.  
	Result [40]  Processing URL http://www.dtra.mil/Portals/61/Documents/History/DTRA%20History%201998-2008-final.pdf
		Date found in the API results: 2000-03-06T00:00:00
		Blacklisted url: http://www.dtra.mil/Portals/61/Documents/History/DTRA%20History%201998-2008-final.pdf.  Discarding.  
	Result [41]  Processing URL https://ctc.usma.edu/the-nexus-between-far-right-extremists-in-the-united-states-and-ukraine/
		Date found in the API results: 2020-04-06T00:00:00
		! Error getting the content of the web.
		! can't compare offset-naive and offset-aware datetimes
		<class 'TypeError'>
		The content of the pages were not string. Verify.
		Different. The content of https://www.state.gov/united-states-trains-ukraine-to-identify-and-respond-to-the-use-of-weapons-of-mass-destruction-in-targeted-assassinations/ has distance with https://ctc.usma.edu/the-nexus-between-far-right-extremists-in-the-united-states-and-ukraine/ of: False. Discarding.
	Result [42]  Processing URL https://www2.nycbar.org/pdf/report/uploads/20072625-TheLegalityofTargetedInternationalKillingsbyUS-LaunchedDrones.pdf
		Blacklisted url: https://www2.nycbar.org/pdf/report/uploads/20072625-TheLegalityofTargetedInternationalKillingsbyUS-LaunchedDrones.pdf.  Discarding.  
	Result [43]  Processing URL https://www.ncbi.nlm.nih.gov/pmc/articles/PMC7206421/
		The content of https://www.state.gov/united-states-trains-ukraine-to-identify-and-respond-to-the-use-of-weapons-of-mass-destruction-in-targeted-assassinations/ has distance with https://www.ncbi.nlm.nih.gov/pmc/articles/PMC7206421/ of : 0.315. Keeping.
		Adding to DB the URL https://www.ncbi.nlm.nih.gov/pmc/articles/PMC7206421/
	Result [44]  Processing URL https://www.uscc.gov/files/000718
		Different. The content of https://www.state.gov/united-states-trains-ukraine-to-identify-and-respond-to-the-use-of-weapons-of-mass-destruction-in-targeted-assassinations/ has distance with https://www.uscc.gov/files/000718 of: 0.1112. Discarding.
	Result [45]  Processing URL https://rsc-banks.house.gov/sites/republicanstudycommittee.house.gov/files/%5BFINAL%5D%20NSTF%20Report.pdf?utm_source=yxnews&utm_medium=mobile
		Date found in the API results: 2020-06-11T00:00:00
		Blacklisted url: https://rsc-banks.house.gov/sites/republicanstudycommittee.house.gov/files/%5BFINAL%5D%20NSTF%20Report.pdf?utm_source=yxnews&utm_medium=mobile.  Discarding.  
	Result [46]  Processing URL https://www.fatf-gafi.org/media/fatf/documents/reports/mer4/MER-United-States-2016.pdf
		Date found in the API results: 2016-12-01T00:00:00
		Blacklisted url: https://www.fatf-gafi.org/media/fatf/documents/reports/mer4/MER-United-States-2016.pdf.  Discarding.  
	Result [47]  Processing URL https://www.ushmm.org/m/pdfs/20130500-holocaust-in-ukraine.pdf
		Blacklisted url: https://www.ushmm.org/m/pdfs/20130500-holocaust-in-ukraine.pdf.  Discarding.  
	Result [48]  Processing URL https://assets.publishing.service.gov.uk/government/uploads/system/uploads/attachment_data/file/771309/Global_Strategic_Trends_-_The_Future_Starts_Today.pdf
		Blacklisted url: https://assets.publishing.service.gov.uk/government/uploads/system/uploads/attachment_data/file/771309/Global_Strategic_Trends_-_The_Future_Starts_Today.pdf.  Discarding.  
	Result [49]  Processing URL https://extremism.gwu.edu/sites/g/files/zaxdzs2191/f/Confronting%20Racially%20and%20Ethnically%20Motivated%20Terrorism.pdf
		Blacklisted url: https://extremism.gwu.edu/sites/g/files/zaxdzs2191/f/Confronting%20Racially%20and%20Ethnically%20Motivated%20Terrorism.pdf.  Discarding.  
	Result [50]  Processing URL https://carnegieendowment.org/files/Kuhn_Baltics_INT_final_WEB.pdf
		Blacklisted url: https://carnegieendowment.org/files/Kuhn_Baltics_INT_final_WEB.pdf.  Discarding.  
	Result [51]  Processing URL https://www.ncbi.nlm.nih.gov/pmc/articles/PMC1200679/
		Different. The content of https://www.state.gov/united-states-trains-ukraine-to-identify-and-respond-to-the-use-of-weapons-of-mass-destruction-in-targeted-assassinations/ has distance with https://www.ncbi.nlm.nih.gov/pmc/articles/PMC1200679/ of: 0.2893. Discarding.
	Result [52]  Processing URL https://ctc.usma.edu/the-nexus-between-far-right-extremists-in-the-united-states-and-ukraine/
		Date found in the API results: 2020-04-06T00:00:00
		! Error getting the content of the web.
		! can't compare offset-naive and offset-aware datetimes
		<class 'TypeError'>
		The content of the pages were not string. Verify.
		Different. The content of https://www.state.gov/united-states-trains-ukraine-to-identify-and-respond-to-the-use-of-weapons-of-mass-destruction-in-targeted-assassinations/ has distance with https://ctc.usma.edu/the-nexus-between-far-right-extremists-in-the-united-states-and-ukraine/ of: False. Discarding.
	Result [53]  Processing URL https://www.nrc.no/globalassets/pdf/reports/study-of-the-impact-of-donor-counterterrorism-measures-on-principled-humanitarian-action.pdf
		Blacklisted url: https://www.nrc.no/globalassets/pdf/reports/study-of-the-impact-of-donor-counterterrorism-measures-on-principled-humanitarian-action.pdf.  Discarding.  
	Result [54]  Processing URL https://www.belfercenter.org/publication/revitalizing-nuclear-security-era-uncertainty
		Different. The content of https://www.state.gov/united-states-trains-ukraine-to-identify-and-respond-to-the-use-of-weapons-of-mass-destruction-in-targeted-assassinations/ has distance with https://www.belfercenter.org/publication/revitalizing-nuclear-security-era-uncertainty of: 0.2979. Discarding.
	Result [55]  Processing URL https://www.uscc.gov/files/000718
		Different. The content of https://www.state.gov/united-states-trains-ukraine-to-identify-and-respond-to-the-use-of-weapons-of-mass-destruction-in-targeted-assassinations/ has distance with https://www.uscc.gov/files/000718 of: 0.1112. Discarding.
	Result [56]  Processing URL https://www.unidir.org/files/publications/pdfs/a-decade-of-implementing-the-unpoa-analysis-of-national-reports-en-301.pdf
		Blacklisted url: https://www.unidir.org/files/publications/pdfs/a-decade-of-implementing-the-unpoa-analysis-of-national-reports-en-301.pdf.  Discarding.  
	Result [57]  Processing URL http://www.dtra.mil/Portals/61/Documents/History/DTRA%20History%201998-2008-final.pdf
		Date found in the API results: 2000-03-06T00:00:00
		Blacklisted url: http://www.dtra.mil/Portals/61/Documents/History/DTRA%20History%201998-2008-final.pdf.  Discarding.  
	Result [58]  Processing URL https://www.ushmm.org/m/pdfs/20130500-holocaust-in-ukraine.pdf
		Blacklisted url: https://www.ushmm.org/m/pdfs/20130500-holocaust-in-ukraine.pdf.  Discarding.  
	Result [59]  Processing URL https://www.savethechildren.net/sites/default/files/waronchildren/pdf/waronchildren.pdf
		Blacklisted url: https://www.savethechildren.net/sites/default/files/waronchildren/pdf/waronchildren.pdf.  Discarding.  
	Result [60]  Processing URL https://www.geneva-academy.ch/joomlatools-files/docman-files/Briefing9_interactif.pdf
		Blacklisted url: https://www.geneva-academy.ch/joomlatools-files/docman-files/Briefing9_interactif.pdf.  Discarding.  
	Result [61]  Processing URL https://www.crisisgroup.org/latin-america-caribbean/central-america/el-salvador/64-el-salvadors-politics-perpetual-violence
		! Error getting the content of the web.
		! Document is empty
		<class 'lxml.etree.ParserError'>
		The content of the pages were not string. Verify.
		Different. The content of https://www.state.gov/united-states-trains-ukraine-to-identify-and-respond-to-the-use-of-weapons-of-mass-destruction-in-targeted-assassinations/ has distance with https://www.crisisgroup.org/latin-america-caribbean/central-america/el-salvador/64-el-salvadors-politics-perpetual-violence of: False. Discarding.
	Result [62]  Processing URL https://www.usip.org/iraq-timeline-2003-war
		Date found in the API results: 2020-05-29T00:00:00
		Different. The content of https://www.state.gov/united-states-trains-ukraine-to-identify-and-respond-to-the-use-of-weapons-of-mass-destruction-in-targeted-assassinations/ has distance with https://www.usip.org/iraq-timeline-2003-war of: 0.2955. Discarding.
	Result [63]  Processing URL https://home.treasury.gov/system/files/136/nationalstrategyforcombatingterroristandotherillicitfinancing.pdf
		Blacklisted url: https://home.treasury.gov/system/files/136/nationalstrategyforcombatingterroristandotherillicitfinancing.pdf.  Discarding.  
	Result [64]  Processing URL https://www.justsecurity.org/27407/assassination-ban-targeted-killings/
		Date found in the API results: 2015-11-05T00:00:00
		Date found in the content of the page: None
		Different. The content of https://www.state.gov/united-states-trains-ukraine-to-identify-and-respond-to-the-use-of-weapons-of-mass-destruction-in-targeted-assassinations/ has distance with https://www.justsecurity.org/27407/assassination-ban-targeted-killings/ of: 0.026020106445890007. Discarding.
	Result [65]  Processing URL https://mckinneylaw.iu.edu/iiclr/pdf/vol24p355.pdf
		Blacklisted url: https://mckinneylaw.iu.edu/iiclr/pdf/vol24p355.pdf.  Discarding.  
	Result [66]  Processing URL https://www.law.upenn.edu/institutes/cerl/conferences/targetedkilling/papers/DavidIsraelPolicy.pdf
		Blacklisted url: https://www.law.upenn.edu/institutes/cerl/conferences/targetedkilling/papers/DavidIsraelPolicy.pdf.  Discarding.  

== Level 0. Twitter search by title as United States Trains Ukraine To Identify and Respond to the Use of Weapons of Mass Destruction in Targeted Assassinations - United States Department of State
https://api.twitter.com/2/tweets/search/all?query=%22United+States+Trains+Ukraine+To+Identify+and+Respond+to+the+Use+of+Weapons+of+Mass+Destruction+in+Targeted+Assassinations+-+United+States+Department+of+State%22&max_results=100&tweet.fields=author_id%2Cpublic_metrics%2Ccreated_at&start_time=2020-07-12T19%3A15%3A13.951468Z
	Downloaded 9 twitter content
	Result [1]  Processing twitter ID 1394332480887574529: RT @Mithras49314064: United States Trains Ukraine To Identify and Respond to the Use of Weapons of Mass Destruction in Targeted Assassinati…
	Result [2]  Processing twitter ID 1394280436906577925: United States Trains Ukraine To Identify and Respond to the Use of Weapons of Mass Destruction in Targeted Assassinations - United States Department of State https://t.co/HVbLZmGnIq
	Result [3]  Processing twitter ID 1394244267799891970: RT @Mithras49314064: United States Trains Ukraine To Identify and Respond to the Use of Weapons of Mass Destruction in Targeted Assassinati…
	Result [4]  Processing twitter ID 1394244235508002816: United States Trains Ukraine To Identify and Respond to the Use of Weapons of Mass Destruction in Targeted Assassinations - United States Department of State https://t.co/uFyw5ZnedU
	Result [5]  Processing twitter ID 1392881068076847111: United States Trains Ukraine To Identify and Respond to the Use of Weapons of Mass Destruction in Targeted Assassinations - United States Department of State https://t.co/tSDLLPEknw
	Result [6]  Processing twitter ID 1392573760100839428: RT @Levitt_Matt: United States Trains Ukraine To Identify and Respond to the Use of Weapons of Mass Destruction in Targeted Assassinations…
	Result [7]  Processing twitter ID 1392566370840289281: United States Trains Ukraine To Identify and Respond to the Use of Weapons of Mass Destruction in Targeted Assassinations - United States Department of State https://t.co/Woe9KmYUYX
	Result [8]  Processing twitter ID 1392562729181929472: United States Trains Ukraine To Identify and Respond to the Use of Weapons of Mass Destruction in Targeted Assassinations - United States Department of State https://t.co/PwfUjq38BL
	Result [9]  Processing twitter ID 1392562011360403464: United States Trains Ukraine To Identify and Respond to the Use of Weapons of Mass Destruction in Targeted Assassinations - United States Department of State https://t.co/5ik0OQnhVI

== Level 0. VK search by title as United States Trains Ukraine To Identify and Respond to the Use of Weapons of Mass Destruction in Targeted Assassinations - United States Department of State
In total was found 0
