Searching the distribution graph of URL https://www.intellinews.com/putin-promises-to-make-russians-lives-better-in-his-state-of-the-nation-speech-but-adds-threats-to-the-west-208696/. Using 1 levels.

Main title: bne IntelliNews - Putin promises to make Russians' lives better in his State of the Nation speech but adds threats to the West
In level 0 were found 1 urls including original

== Level 0. Google search by LINKS to https://www.intellinews.com/putin-promises-to-make-russians-lives-better-in-his-state-of-the-nation-speech-but-adds-threats-to-the-west-208696/
	Total amount of results retrieved: 2
	Result [1]  Processing URL https://www.intellinews.com/putin-promises-to-make-russians-lives-better-in-his-state-of-the-nation-speech-but-adds-threats-to-the-west-208696/
		Date found in the API results: 2021-04-21T00:00:00
		Repeated url: https://www.intellinews.com/putin-promises-to-make-russians-lives-better-in-his-state-of-the-nation-speech-but-adds-threats-to-the-west-208696/.  Discarding.  
	Result [2]  Processing URL http://www.intellinews.com/sitemap_general.xml
		Blacklisted url: http://www.intellinews.com/sitemap_general.xml.  Discarding.  
		Date found in the API results: 2021-04-21T00:00:00

== Level 0. Twitter search by LINKS as https://www.intellinews.com/putin-promises-to-make-russians-lives-better-in-his-state-of-the-nation-speech-but-adds-threats-to-the-west-208696/
https://api.twitter.com/2/tweets/search/all?query=url+%3A+https%253A%252F%252Fwww.intellinews.com%252Fputin-promises-to-make-russians-lives-better-in-his-state-of-the-nation-speech-but-adds-threats-to-the-west-208696%252F&max_results=100&tweet.fields=author_id%2Cpublic_metrics%2Ccreated_at&start_time=2020-07-13T00%3A24%3A03.529175Z
	Downloaded 6 twitter content
	Result [1]  Processing twitter ID 1386398582429732864: RT @bneintellinews: OUR TOP STORIES OF THE WEEK: Putin promises to make Russians' lives better in his State of the Nation speech but adds t…
	Result [2]  Processing twitter ID 1386282711271280640: RT @bneintellinews: OUR TOP STORIES OF THE WEEK: Putin promises to make Russians' lives better in his State of the Nation speech but adds t…
	Result [3]  Processing twitter ID 1386199216142393345: RT @bneintellinews: OUR TOP STORIES OF THE WEEK: Putin promises to make Russians' lives better in his State of the Nation speech but adds t…
	Result [4]  Processing twitter ID 1386198789040402436: OUR TOP STORIES OF THE WEEK: Putin promises to make Russians' lives better in his State of the Nation speech but adds threats to the West https://t.co/mfi9VbyrRf https://t.co/s1peFRZ5ui
	Result [5]  Processing twitter ID 1385864083266707456: BEST OF THE WEEK: Putin promises to make Russians' lives better in his State of the Nation speech but adds threats to the West https://t.co/mfi9VbyrRf https://t.co/W4p9WxozfN
	Result [6]  Processing twitter ID 1385179146561675264: #Putin promises to make Russians' lives better in his State of the Nation speech but adds threats to the West
#Russia #bne #bneEditorsPicks #EmergingMarkets https://t.co/F0BtAMXaqP https://t.co/kUHKVOVmgV

== Level 0. VK search by LINKS as https://www.intellinews.com/putin-promises-to-make-russians-lives-better-in-his-state-of-the-nation-speech-but-adds-threats-to-the-west-208696/
In total was found 0

== Level 0. Google search by TITLE as bne IntelliNews - Putin promises to make Russians' lives better in his State of the Nation speech but adds threats to the West
	Total amount of results retrieved: 23
	Result [1]  Processing URL https://www.intellinews.com/putin-promises-to-make-russians-lives-better-in-his-state-of-the-nation-speech-but-adds-threats-to-the-west-208696/
		Date found in the API results: 2021-04-21T00:00:00
		Repeated url: https://www.intellinews.com/putin-promises-to-make-russians-lives-better-in-his-state-of-the-nation-speech-but-adds-threats-to-the-west-208696/.  Discarding.  
	Result [2]  Processing URL https://www.intellinews.com/moscow-blog-putin-promises-guns-and-butter-in-his-state-of-the-nation-speech-137590/
		Date found in the API results: 2018-03-01T00:00:00
		The content of https://www.intellinews.com/putin-promises-to-make-russians-lives-better-in-his-state-of-the-nation-speech-but-adds-threats-to-the-west-208696/ has distance with https://www.intellinews.com/moscow-blog-putin-promises-guns-and-butter-in-his-state-of-the-nation-speech-137590/ of : 0.9388. Keeping.
		Adding to DB the URL https://www.intellinews.com/moscow-blog-putin-promises-guns-and-butter-in-his-state-of-the-nation-speech-137590/
	Result [3]  Processing URL https://www.rferl.org/a/russia-putin-five-takeaways-state-of-nation-speech/31215781.html
		Date found in the API results: 2021-04-21T00:00:00
		Different. The content of https://www.intellinews.com/putin-promises-to-make-russians-lives-better-in-his-state-of-the-nation-speech-but-adds-threats-to-the-west-208696/ has distance with https://www.rferl.org/a/russia-putin-five-takeaways-state-of-nation-speech/31215781.html of: 0.2776. Discarding.
	Result [4]  Processing URL https://www.france24.com/en/europe/20210421-putin-warns-of-quick-and-tough-response-to-any-provocation-by-the-west
		Date found in the API results: 2021-04-21T00:00:00
		Date found in the URL: 2021-04-21 00:00:00
		Different. The content of https://www.intellinews.com/putin-promises-to-make-russians-lives-better-in-his-state-of-the-nation-speech-but-adds-threats-to-the-west-208696/ has distance with https://www.france24.com/en/europe/20210421-putin-warns-of-quick-and-tough-response-to-any-provocation-by-the-west of: 0.044747455348569234. Discarding.
	Result [5]  Processing URL https://www.cnbc.com/2021/04/20/russian-president-putin-state-of-the-nation-as-navalny-protests-ahead.html
		Date found in the API results: 2021-04-20T00:00:00
		Date found in the URL: 2021-04-20 00:00:00
		Different. The content of https://www.intellinews.com/putin-promises-to-make-russians-lives-better-in-his-state-of-the-nation-speech-but-adds-threats-to-the-west-208696/ has distance with https://www.cnbc.com/2021/04/20/russian-president-putin-state-of-the-nation-as-navalny-protests-ahead.html of: 0.2272. Discarding.
	Result [6]  Processing URL https://www.cnbc.com/2021/04/21/putin-warns-against-crossing-russias-red-lines-talks-up-military.html
		Date found in the API results: 2021-04-21T00:00:00
		Date found in the URL: 2021-04-21 00:00:00
		Different. The content of https://www.intellinews.com/putin-promises-to-make-russians-lives-better-in-his-state-of-the-nation-speech-but-adds-threats-to-the-west-208696/ has distance with https://www.cnbc.com/2021/04/21/putin-warns-against-crossing-russias-red-lines-talks-up-military.html of: 0.2272. Discarding.
	Result [7]  Processing URL https://nationalsecurity.gmu.edu/media-appearances/print/
		Different. The content of https://www.intellinews.com/putin-promises-to-make-russians-lives-better-in-his-state-of-the-nation-speech-but-adds-threats-to-the-west-208696/ has distance with https://nationalsecurity.gmu.edu/media-appearances/print/ of: 0.19695365317259916. Discarding.
	Result [8]  Processing URL https://jamestown.org/wp-content/uploads/2018/12/Russia-in-the-Middle-East-online.pdf?x87069
		Blacklisted url: https://jamestown.org/wp-content/uploads/2018/12/Russia-in-the-Middle-East-online.pdf?x87069.  Discarding.  
	Result [9]  Processing URL https://jamestown.org/wp-content/uploads/2016/06/Eurasian-Disunion2.pdf
		Date found in the API results: None
		Blacklisted url: https://jamestown.org/wp-content/uploads/2016/06/Eurasian-Disunion2.pdf.  Discarding.  
	Result [10]  Processing URL https://www.bne.eu/blinken-says-china-and-russia-are-problems-to-be-addressed-205548/?source=russia
		Date found in the API results: 2021-03-16T00:00:00
		The content of https://www.intellinews.com/putin-promises-to-make-russians-lives-better-in-his-state-of-the-nation-speech-but-adds-threats-to-the-west-208696/ has distance with https://www.bne.eu/blinken-says-china-and-russia-are-problems-to-be-addressed-205548/?source=russia of : 0.9189. Keeping.
		Adding to DB the URL https://www.bne.eu/blinken-says-china-and-russia-are-problems-to-be-addressed-205548/?source=russia
	Result [11]  Processing URL https://en.wikipedia.org/wiki/2020%E2%80%932021_Belarusian_protests
		Different. The content of https://www.intellinews.com/putin-promises-to-make-russians-lives-better-in-his-state-of-the-nation-speech-but-adds-threats-to-the-west-208696/ has distance with https://en.wikipedia.org/wiki/2020%E2%80%932021_Belarusian_protests of: 0.2625. Discarding.
	Result [12]  Processing URL https://www.iwp.edu/wp-content/uploads/2019/05/20180215_GeopoliticsandSecurity.pdf
		Blacklisted url: https://www.iwp.edu/wp-content/uploads/2019/05/20180215_GeopoliticsandSecurity.pdf.  Discarding.  
	Result [13]  Processing URL https://www.rand.org/content/dam/rand/pubs/research_reports/RR2500/RR2539/RAND_RR2539z2.appendixB.pdf
		Blacklisted url: https://www.rand.org/content/dam/rand/pubs/research_reports/RR2500/RR2539/RAND_RR2539z2.appendixB.pdf.  Discarding.  
	Result [14]  Processing URL http://emd-drupal-production-copy.s3.amazonaws.com/magazines/bne_May%202021_20210601%20Putin%20boxed%20in%20Lukashenko%20.pdf
		Date found in the API results: 2021-06-01T00:00:00
		Blacklisted url: http://emd-drupal-production-copy.s3.amazonaws.com/magazines/bne_May%202021_20210601%20Putin%20boxed%20in%20Lukashenko%20.pdf.  Discarding.  
	Result [15]  Processing URL https://www.ceps.eu/wp-content/uploads/2020/03/Frozen-Conflicts-_final.pdf
		Blacklisted url: https://www.ceps.eu/wp-content/uploads/2020/03/Frozen-Conflicts-_final.pdf.  Discarding.  
	Result [16]  Processing URL https://fpc.org.uk/author/adamhug/
		Different. The content of https://www.intellinews.com/putin-promises-to-make-russians-lives-better-in-his-state-of-the-nation-speech-but-adds-threats-to-the-west-208696/ has distance with https://fpc.org.uk/author/adamhug/ of: 0.2491. Discarding.
	Result [17]  Processing URL https://www.washingtonpost.com/world/transcript-putin-says-russia-will-protect-the-rights-of-russians-abroad/2014/03/18/432a1e60-ae99-11e3-a49e-76adc9210f19_story.html
		Date found in the API results: 2014-03-18T00:00:00
		! Timeout waiting for the web server to answer.  We ignore and continue.
		The content of the pages were not string. Verify.
		Different. The content of https://www.intellinews.com/putin-promises-to-make-russians-lives-better-in-his-state-of-the-nation-speech-but-adds-threats-to-the-west-208696/ has distance with https://www.washingtonpost.com/world/transcript-putin-says-russia-will-protect-the-rights-of-russians-abroad/2014/03/18/432a1e60-ae99-11e3-a49e-76adc9210f19_story.html of: False. Discarding.
	Result [18]  Processing URL http://www.softpanorama.org/Skeptics/Political_skeptic/Two_party_system_as_poliarchy/Intelligence_agencies_influence/steele_dossier.shtml
		Different. The content of https://www.intellinews.com/putin-promises-to-make-russians-lives-better-in-his-state-of-the-nation-speech-but-adds-threats-to-the-west-208696/ has distance with http://www.softpanorama.org/Skeptics/Political_skeptic/Two_party_system_as_poliarchy/Intelligence_agencies_influence/steele_dossier.shtml of: 0.2879. Discarding.
	Result [19]  Processing URL https://www.cipe.org/newsroom/regional-director-for-europe-and-eurasia-quoted-in-bne-intellinews-on-moldovas-foreign-policy/
		Date found in the API results: 2020-11-23T00:00:00
		Different. The content of https://www.intellinews.com/putin-promises-to-make-russians-lives-better-in-his-state-of-the-nation-speech-but-adds-threats-to-the-west-208696/ has distance with https://www.cipe.org/newsroom/regional-director-for-europe-and-eurasia-quoted-in-bne-intellinews-on-moldovas-foreign-policy/ of: 0.2563. Discarding.
	Result [20]  Processing URL https://russialist.org/jrl-newswatch-biden-agrees-to-meet-zelenskiy-but-after-the-putin-summit-bne-intellinews-ben-aris-in-berlin/
		Date found in the API results: 2021-06-08T00:00:00
		Different. The content of https://www.intellinews.com/putin-promises-to-make-russians-lives-better-in-his-state-of-the-nation-speech-but-adds-threats-to-the-west-208696/ has distance with https://russialist.org/jrl-newswatch-biden-agrees-to-meet-zelenskiy-but-after-the-putin-summit-bne-intellinews-ben-aris-in-berlin/ of: 0.2624. Discarding.
	Result [21]  Processing URL https://time.com/3619369/vladimir-putin-russia-state-of-the-nation/
		Date found in the API results: 2014-12-04T00:00:00
		Date found in the content of the page: None
		The content of https://www.intellinews.com/putin-promises-to-make-russians-lives-better-in-his-state-of-the-nation-speech-but-adds-threats-to-the-west-208696/ has distance with https://time.com/3619369/vladimir-putin-russia-state-of-the-nation/ of : 0.3166. Keeping.
		Adding to DB the URL https://time.com/3619369/vladimir-putin-russia-state-of-the-nation/
	Result [22]  Processing URL https://www.academia.edu/resource/work/41162458/Global_Information_Society_Watch_2019_-_Artificial_intelligence?email_work_card=title
		Date found in the content of the page: None
		The content of https://www.intellinews.com/putin-promises-to-make-russians-lives-better-in-his-state-of-the-nation-speech-but-adds-threats-to-the-west-208696/ has distance with https://www.academia.edu/resource/work/41162458/Global_Information_Society_Watch_2019_-_Artificial_intelligence?email_work_card=title of : 0.3784. Keeping.
		Adding to DB the URL https://www.academia.edu/resource/work/41162458/Global_Information_Society_Watch_2019_-_Artificial_intelligence?email_work_card=title
	Result [23]  Processing URL https://coronavirusalerts.org/
		Different. The content of https://www.intellinews.com/putin-promises-to-make-russians-lives-better-in-his-state-of-the-nation-speech-but-adds-threats-to-the-west-208696/ has distance with https://coronavirusalerts.org/ of: 0.2522. Discarding.

== Level 0. Twitter search by title as bne IntelliNews - Putin promises to make Russians' lives better in his State of the Nation speech but adds threats to the West
https://api.twitter.com/2/tweets/search/all?query=%22bne+IntelliNews+-+Putin+promises+to+make+Russians%27+lives+better+in+his+State+of+the+Nation+speech+but+adds+threats+to+the+West%22&max_results=100&tweet.fields=author_id%2Cpublic_metrics%2Ccreated_at&start_time=2020-07-13T00%3A24%3A48.005801Z
	Downloaded 0 twitter content

== Level 0. VK search by title as bne IntelliNews - Putin promises to make Russians' lives better in his State of the Nation speech but adds threats to the West
In total was found 0
