Searching the distribution graph of URL https://rnbee.ru/post-wall/pozhilym-ukraincam-otkazyvajut-v-ispolzovanii-ivl-pri-koronaviruse/. Using 1 levels.

Main title: Пожилым украинцам отказывают в использовании ИВЛ при коронавирусе
In level 0 were found 1 urls including original

== Level 0. Google search by LINKS to https://rnbee.ru/post-wall/pozhilym-ukraincam-otkazyvajut-v-ispolzovanii-ivl-pri-koronaviruse/
	Total amount of results retrieved: 1
	Result [1]  Processing URL https://rnbee.ru/post-wall/pozhilym-ukraincam-otkazyvajut-v-ispolzovanii-ivl-pri-koronaviruse/
		Repeated url: https://rnbee.ru/post-wall/pozhilym-ukraincam-otkazyvajut-v-ispolzovanii-ivl-pri-koronaviruse/.  Discarding.  

== Level 0. Twitter search by LINKS as https://rnbee.ru/post-wall/pozhilym-ukraincam-otkazyvajut-v-ispolzovanii-ivl-pri-koronaviruse/
https://api.twitter.com/2/tweets/search/all?query=url+%3A+https%253A%252F%252Frnbee.ru%252Fpost-wall%252Fpozhilym-ukraincam-otkazyvajut-v-ispolzovanii-ivl-pri-koronaviruse%252F&max_results=100&tweet.fields=author_id%2Cpublic_metrics%2Ccreated_at&start_time=2018-07-13T18%3A21%3A39.794765Z
	Downloaded 1 twitter content
	Result [1]  Processing twitter ID 1243128521720987649: Пожилым украинцам отказывают в использовании ИВЛ при коронавирусе 
 - https://t.co/J37tVTYuJW https://t.co/bFjUFyEOW1

== Level 0. VK search by LINKS as https://rnbee.ru/post-wall/pozhilym-ukraincam-otkazyvajut-v-ispolzovanii-ivl-pri-koronaviruse/
In total was found 0

== Level 0. Google search by TITLE as Пожилым украинцам отказывают в использовании ИВЛ при коронавирусе
	Total amount of results retrieved: 21
	Result [1]  Processing URL https://news2.ru/story/593681/
		Date found in the API results: 2020-03-26T00:00:00
		Date found in the content of the page: None
		Different. The content of https://rnbee.ru/post-wall/pozhilym-ukraincam-otkazyvajut-v-ispolzovanii-ivl-pri-koronaviruse/ has distance with https://news2.ru/story/593681/ of: 0.2388. Discarding.
	Result [2]  Processing URL https://ru-polit.livejournal.com/19983533.html
		Date found in the API results: 2020-03-26T00:00:00
		The content of https://rnbee.ru/post-wall/pozhilym-ukraincam-otkazyvajut-v-ispolzovanii-ivl-pri-koronaviruse/ has distance with https://ru-polit.livejournal.com/19983533.html of : 0.3488. Keeping.
		Adding to DB the URL https://ru-polit.livejournal.com/19983533.html
	Result [3]  Processing URL https://www.bbc.com/russian/features-52324967
		Date found in the API results: 2020-04-17T00:00:00
		The content of https://rnbee.ru/post-wall/pozhilym-ukraincam-otkazyvajut-v-ispolzovanii-ivl-pri-koronaviruse/ has distance with https://www.bbc.com/russian/features-52324967 of : 0.3016. Keeping.
		Adding to DB the URL https://www.bbc.com/russian/features-52324967
	Result [4]  Processing URL https://www.gazeta.ru/social/2020/04/10/13043623.shtml
		Date found in the API results: 2020-04-10T00:00:00
		Date found in the URL: 2020-04-10 00:00:00
		Different. The content of https://rnbee.ru/post-wall/pozhilym-ukraincam-otkazyvajut-v-ispolzovanii-ivl-pri-koronaviruse/ has distance with https://www.gazeta.ru/social/2020/04/10/13043623.shtml of: 0.2918. Discarding.
	Result [5]  Processing URL https://www.interfax.ru/russia/775995
		Date found in the API results: 2021-07-02T00:00:00
		The content of https://rnbee.ru/post-wall/pozhilym-ukraincam-otkazyvajut-v-ispolzovanii-ivl-pri-koronaviruse/ has distance with https://www.interfax.ru/russia/775995 of : 0.3145. Keeping.
		Adding to DB the URL https://www.interfax.ru/russia/775995
	Result [6]  Processing URL https://www.dw.com/ru/%D1%87%D1%82%D0%BE-%D1%82%D0%B0%D0%BA%D0%BE%D0%B5-%D0%B8%D0%B2%D0%BB-%D0%B8-%D0%BA%D0%B0%D0%BA-%D0%BE%D0%BD%D0%B0-%D1%81%D0%BF%D0%B0%D1%81%D0%B0%D0%B5%D1%82-%D0%B6%D0%B8%D0%B7%D0%BD%D0%B8-%D0%BF%D1%80%D0%B8-%D0%B7%D0%B0%D1%80%D0%B0%D0%B6%D0%B5%D0%BD%D0%B8%D0%B8-%D0%BA%D0%BE%D1%80%D0%BE%D0%BD%D0%B0%D0%B2%D0%B8%D1%80%D1%83%D1%81%D0%BE%D0%BC/a-52961411
		Date found in the API results: 2020-03-31T00:00:00
		Different. The content of https://rnbee.ru/post-wall/pozhilym-ukraincam-otkazyvajut-v-ispolzovanii-ivl-pri-koronaviruse/ has distance with https://www.dw.com/ru/%D1%87%D1%82%D0%BE-%D1%82%D0%B0%D0%BA%D0%BE%D0%B5-%D0%B8%D0%B2%D0%BB-%D0%B8-%D0%BA%D0%B0%D0%BA-%D0%BE%D0%BD%D0%B0-%D1%81%D0%BF%D0%B0%D1%81%D0%B0%D0%B5%D1%82-%D0%B6%D0%B8%D0%B7%D0%BD%D0%B8-%D0%BF%D1%80%D0%B8-%D0%B7%D0%B0%D1%80%D0%B0%D0%B6%D0%B5%D0%BD%D0%B8%D0%B8-%D0%BA%D0%BE%D1%80%D0%BE%D0%BD%D0%B0%D0%B2%D0%B8%D1%80%D1%83%D1%81%D0%BE%D0%BC/a-52961411 of: 0.2934. Discarding.
	Result [7]  Processing URL https://www.cochrane.org/ru/CD008095/EMERG_polozhenie-na-zhivote-licom-vniz-pri-iskusstvennoy-ventilyacii-legkih-u-vzroslyh-pri-ostroy
		Date found in the API results: 2020-11-30T00:00:00
		Different. The content of https://rnbee.ru/post-wall/pozhilym-ukraincam-otkazyvajut-v-ispolzovanii-ivl-pri-koronaviruse/ has distance with https://www.cochrane.org/ru/CD008095/EMERG_polozhenie-na-zhivote-licom-vniz-pri-iskusstvennoy-ventilyacii-legkih-u-vzroslyh-pri-ostroy of: 0.2872. Discarding.
	Result [8]  Processing URL https://eadaily.com/ru/news/2020/06/14/shvedskiy-put-lecheniya-covid-19-inekcii-morfina-v-domah-prestarelyh
		Date found in the API results: 2020-06-14T00:00:00
		Date found in the URL: 2020-06-14 00:00:00
		The content of https://rnbee.ru/post-wall/pozhilym-ukraincam-otkazyvajut-v-ispolzovanii-ivl-pri-koronaviruse/ has distance with https://eadaily.com/ru/news/2020/06/14/shvedskiy-put-lecheniya-covid-19-inekcii-morfina-v-domah-prestarelyh of : 0.3141. Keeping.
		Adding to DB the URL https://eadaily.com/ru/news/2020/06/14/shvedskiy-put-lecheniya-covid-19-inekcii-morfina-v-domah-prestarelyh
	Result [9]  Processing URL https://www.forbes.ru/newsroom/obshchestvo/397469-v-ssha-zafiksirovali-80-nuyu-smertnost-sredi-podklyuchennyh-k-ivl
		Date found in the API results: 2020-04-09T00:00:00
		Different. The content of https://rnbee.ru/post-wall/pozhilym-ukraincam-otkazyvajut-v-ispolzovanii-ivl-pri-koronaviruse/ has distance with https://www.forbes.ru/newsroom/obshchestvo/397469-v-ssha-zafiksirovali-80-nuyu-smertnost-sredi-podklyuchennyh-k-ivl of: 0.2741. Discarding.
	Result [10]  Processing URL https://www.youtube.com/watch?v=TPxkMyGpacE
		Different. The content of https://rnbee.ru/post-wall/pozhilym-ukraincam-otkazyvajut-v-ispolzovanii-ivl-pri-koronaviruse/ has distance with https://www.youtube.com/watch?v=TPxkMyGpacE of: 0.261. Discarding.
	Result [11]  Processing URL https://tnaneve.spb.ru/news/620020/pogilym-magadantsam-zaplatyat-po-1-tys-za-soglasie-sdelat-privivku.html
		Different. The content of https://rnbee.ru/post-wall/pozhilym-ukraincam-otkazyvajut-v-ispolzovanii-ivl-pri-koronaviruse/ has distance with https://tnaneve.spb.ru/news/620020/pogilym-magadantsam-zaplatyat-po-1-tys-za-soglasie-sdelat-privivku.html of: 0.2637. Discarding.
	Result [12]  Processing URL https://cesi.tatarstan.ru/rus/file/pub/pub_2321851.pdf
		Blacklisted url: https://cesi.tatarstan.ru/rus/file/pub/pub_2321851.pdf.  Discarding.  
	Result [13]  Processing URL https://sakhmart.ru/description_673338_teleskop_hubble_zapechatlel_skoplenie_krivyh_galaktik.html
		Different. The content of https://rnbee.ru/post-wall/pozhilym-ukraincam-otkazyvajut-v-ispolzovanii-ivl-pri-koronaviruse/ has distance with https://sakhmart.ru/description_673338_teleskop_hubble_zapechatlel_skoplenie_krivyh_galaktik.html of: 0.25. Discarding.
	Result [14]  Processing URL https://ruanava.ru/news-222298-smi-ekaterinburgenke-imeyuschej-vse-priznaki-tyagelogo-koronavirusa-otkazyvayut-v-testirovanii.html
		! Error in getting content due to a Connection Error. Port closed, web down?
		The content of the pages were not string. Verify.
		Different. The content of https://rnbee.ru/post-wall/pozhilym-ukraincam-otkazyvajut-v-ispolzovanii-ivl-pri-koronaviruse/ has distance with https://ruanava.ru/news-222298-smi-ekaterinburgenke-imeyuschej-vse-priznaki-tyagelogo-koronavirusa-otkazyvayut-v-testirovanii.html of: False. Discarding.
	Result [15]  Processing URL https://polpred.com/?ns=1&fo=1&sector=14&page=9
		Different. The content of https://rnbee.ru/post-wall/pozhilym-ukraincam-otkazyvajut-v-ispolzovanii-ivl-pri-koronaviruse/ has distance with https://polpred.com/?ns=1&fo=1&sector=14&page=9 of: 0.2867. Discarding.
	Result [16]  Processing URL https://m.vz.ru/news/2021/2/10/1084414.html
		Date found in the URL: 2021-02-10 00:00:00
		Different. The content of https://rnbee.ru/post-wall/pozhilym-ukraincam-otkazyvajut-v-ispolzovanii-ivl-pri-koronaviruse/ has distance with https://m.vz.ru/news/2021/2/10/1084414.html of: 0.2805. Discarding.
	Result [17]  Processing URL https://rossaprimavera.ru/news/384ac255
		Date found in the API results: 2021-07-08T18:21:54.432373
		Different. The content of https://rnbee.ru/post-wall/pozhilym-ukraincam-otkazyvajut-v-ispolzovanii-ivl-pri-koronaviruse/ has distance with https://rossaprimavera.ru/news/384ac255 of: 0.2515. Discarding.
	Result [18]  Processing URL http://napf.ru/files/216614/%D0%9C%D0%BE%D0%BD%D0%B8%D1%82%D0%BE%D1%80%D0%B8%D0%BD%D0%B3%20%D0%9D%D0%90%D0%9F%D0%A4%202021-06-17.docx
		Date found in the URL: 2021-06-17 00:00:00
		Different. The content of https://rnbee.ru/post-wall/pozhilym-ukraincam-otkazyvajut-v-ispolzovanii-ivl-pri-koronaviruse/ has distance with http://napf.ru/files/216614/%D0%9C%D0%BE%D0%BD%D0%B8%D1%82%D0%BE%D1%80%D0%B8%D0%BD%D0%B3%20%D0%9D%D0%90%D0%9F%D0%A4%202021-06-17.docx of: 0.0844. Discarding.
	Result [19]  Processing URL http://mkyzyl.ru/?auth_service_id=Twitter&check_key=e58bdb25b35f16206dd31a7d6bbda32c&backurl=%2F%3FSHOWALL_1%3D1%26amp%3BPAGEN_3%3D5&SHOWALL_1=1&PAGEN_3=5
		Different. The content of https://rnbee.ru/post-wall/pozhilym-ukraincam-otkazyvajut-v-ispolzovanii-ivl-pri-koronaviruse/ has distance with http://mkyzyl.ru/?auth_service_id=Twitter&check_key=e58bdb25b35f16206dd31a7d6bbda32c&backurl=%2F%3FSHOWALL_1%3D1%26amp%3BPAGEN_3%3D5&SHOWALL_1=1&PAGEN_3=5 of: 0.2406. Discarding.
	Result [20]  Processing URL http://www.mkyzyl.ru/index.php?SHOWALL_1=1&PAGEN_3=25&PAGEN_2=6
		Different. The content of https://rnbee.ru/post-wall/pozhilym-ukraincam-otkazyvajut-v-ispolzovanii-ivl-pri-koronaviruse/ has distance with http://www.mkyzyl.ru/index.php?SHOWALL_1=1&PAGEN_3=25&PAGEN_2=6 of: 0.2846. Discarding.
	Result [21]  Processing URL http://www.niknews.mk.ua/keyword/koronavirus/
		Different. The content of https://rnbee.ru/post-wall/pozhilym-ukraincam-otkazyvajut-v-ispolzovanii-ivl-pri-koronaviruse/ has distance with http://www.niknews.mk.ua/keyword/koronavirus/ of: 0.2522. Discarding.

== Level 0. Twitter search by title as Пожилым украинцам отказывают в использовании ИВЛ при коронавирусе
https://api.twitter.com/2/tweets/search/all?query=%22%D0%9F%D0%BE%D0%B6%D0%B8%D0%BB%D1%8B%D0%BC+%D1%83%D0%BA%D1%80%D0%B0%D0%B8%D0%BD%D1%86%D0%B0%D0%BC+%D0%BE%D1%82%D0%BA%D0%B0%D0%B7%D1%8B%D0%B2%D0%B0%D1%8E%D1%82+%D0%B2+%D0%B8%D1%81%D0%BF%D0%BE%D0%BB%D1%8C%D0%B7%D0%BE%D0%B2%D0%B0%D0%BD%D0%B8%D0%B8+%D0%98%D0%92%D0%9B+%D0%BF%D1%80%D0%B8+%D0%BA%D0%BE%D1%80%D0%BE%D0%BD%D0%B0%D0%B2%D0%B8%D1%80%D1%83%D1%81%D0%B5%22&max_results=100&tweet.fields=author_id%2Cpublic_metrics%2Ccreated_at&start_time=2018-07-13T18%3A22%3A06.421670Z
	Downloaded 1 twitter content
	Result [1]  Processing twitter ID 1243128521720987649: Пожилым украинцам отказывают в использовании ИВЛ при коронавирусе 
 - https://t.co/J37tVTYuJW https://t.co/bFjUFyEOW1

== Level 0. VK search by title as Пожилым украинцам отказывают в использовании ИВЛ при коронавирусе
In total was found 0
