Searching the distribution graph of URL https://gizmodo.com/u-s-hits-russia-with-heavy-sanctions-over-solarwinds-h-1846689148. Using 1 levels.

Main title: US Imposes 'Sweeping' Sanctions on Russia Over SolarWinds Hack
In level 0 were found 1 urls including original

== Level 0. Google search by LINKS to https://gizmodo.com/u-s-hits-russia-with-heavy-sanctions-over-solarwinds-h-1846689148
	Total amount of results retrieved: 1
	Result [1]  Processing URL https://gizmodo.com/u-s-hits-russia-with-heavy-sanctions-over-solarwinds-h-1846689148
		Date found in the API results: 2021-04-15T00:00:00
		Repeated url: https://gizmodo.com/u-s-hits-russia-with-heavy-sanctions-over-solarwinds-h-1846689148.  Discarding.  
		Date found in the API results: 2021-04-15T00:00:00

== Level 0. Twitter search by LINKS as https://gizmodo.com/u-s-hits-russia-with-heavy-sanctions-over-solarwinds-h-1846689148
https://api.twitter.com/2/tweets/search/all?query=url+%3A+https%253A%252F%252Fgizmodo.com%252Fu-s-hits-russia-with-heavy-sanctions-over-solarwinds-h-1846689148&max_results=100&tweet.fields=author_id%2Cpublic_metrics%2Ccreated_at&start_time=2020-07-13T00%3A10%3A37.428890Z
	Downloaded 18 twitter content
	Result [1]  Processing twitter ID 1384412107194634242: RT @Gizmodo: U.S. Hits Russia With Heavy Sanctions Over SolarWinds Hack, All That Other Bad Stuff https://t.co/JcqtS1cNEk https://t.co/0FRQ…
	Result [2]  Processing twitter ID 1383123875316314113: https://t.co/0JmX696boD
	Result [3]  Processing twitter ID 1382963224816054273: U.S. Hits Russia With Heavy Sanctions Over SolarWinds Hack, All That Other Bad Stuff https://t.co/kAEz5PctDx https://t.co/rdLThGlp09
	Result [4]  Processing twitter ID 1382958202652884993: U.S. Hits Russia With Heavy Sanctions Over SolarWinds Hack, All That Other Bad Stuff https://t.co/wdTaTQi0j5
	Result [5]  Processing twitter ID 1382957756345421824: U.S. Hits Russia With Heavy Sanctions Over SolarWinds Hack, All That Other Bad Stuff https://t.co/T2K69Hfbtq #marketing #technews https://t.co/GOvrMDNjZd
	Result [6]  Processing twitter ID 1382956540785790978: New: U.S. Hits Russia With Heavy Sanctions Over SolarWinds Hack, All That Other Bad Stuff https://t.co/NGlEY4s0cP
	Result [7]  Processing twitter ID 1382952476287119362: U.S. Hits Russia With Heavy Sanctions Over SolarWinds Hack, All That Other Bad Stuff https://t.co/b15DQ0KRnA
	Result [8]  Processing twitter ID 1382751636947361802: RT @Gizmodo: U.S. Hits Russia With Heavy Sanctions Over SolarWinds Hack, All That Other Bad Stuff https://t.co/JcqtS1cNEk https://t.co/0FRQ…
	Result [9]  Processing twitter ID 1382721106570838028: U.S. Hits Russia With Heavy Sanctions Over SolarWinds Hack, All That Other Bad Stuff https://t.co/GWYHHxQISm
	Result [10]  Processing twitter ID 1382719161990844422: RT @Gizmodo: U.S. Hits Russia With Heavy Sanctions Over SolarWinds Hack, All That Other Bad Stuff https://t.co/JcqtS1cNEk https://t.co/0FRQ…
	Result [11]  Processing twitter ID 1382719130491613189: RT @Gizmodo: U.S. Hits Russia With Heavy Sanctions Over SolarWinds Hack, All That Other Bad Stuff https://t.co/JcqtS1cNEk https://t.co/0FRQ…
	Result [12]  Processing twitter ID 1382716803634376704: U.S. Hits Russia With Heavy Sanctions Over SolarWinds Hack, All That Other Bad Stuff https://t.co/y6DyoiAa0L - @gizmodo
	Result [13]  Processing twitter ID 1382716433524744194: https://t.co/4HTfxBUN87
	Result [14]  Processing twitter ID 1382716268172689418: RT @Gizmodo: U.S. Hits Russia With Heavy Sanctions Over SolarWinds Hack, All That Other Bad Stuff https://t.co/JcqtS1cNEk https://t.co/0FRQ…
	Result [15]  Processing twitter ID 1382716095119962112: RT @Gizmodo: U.S. Hits Russia With Heavy Sanctions Over SolarWinds Hack, All That Other Bad Stuff https://t.co/JcqtS1cNEk https://t.co/0FRQ…
	Result [16]  Processing twitter ID 1382716004929839106: RT @Gizmodo: U.S. Hits Russia With Heavy Sanctions Over SolarWinds Hack, All That Other Bad Stuff https://t.co/JcqtS1cNEk https://t.co/0FRQ…
	Result [17]  Processing twitter ID 1382715982091718660: U.S. Hits Russia With Heavy Sanctions Over SolarWinds Hack, All That Other Bad Stuff https://t.co/JcqtS1cNEk https://t.co/0FRQuXhiWp
	Result [18]  Processing twitter ID 1382714710336933888: U.S. Hits Russia With Heavy Sanctions Over SolarWinds Hack, All That Other Bad Stuff
https://t.co/ojRYcnKyog

== Level 0. VK search by LINKS as https://gizmodo.com/u-s-hits-russia-with-heavy-sanctions-over-solarwinds-h-1846689148
In total was found 0

== Level 0. Google search by TITLE as US Imposes 'Sweeping' Sanctions on Russia Over SolarWinds Hack
	Total amount of results retrieved: 73
	Result [1]  Processing URL https://gizmodo.com/u-s-hits-russia-with-heavy-sanctions-over-solarwinds-h-1846689148
		Date found in the API results: 2021-04-15T00:00:00
		Repeated url: https://gizmodo.com/u-s-hits-russia-with-heavy-sanctions-over-solarwinds-h-1846689148.  Discarding.  
	Result [2]  Processing URL https://www.axios.com/russia-sanctions-solarwinds-cyber-39561a8d-76c0-46ec-9047-6309153d1382.html
		Date found in the API results: 2021-04-15T00:00:00
		Different. The content of https://gizmodo.com/u-s-hits-russia-with-heavy-sanctions-over-solarwinds-h-1846689148 has distance with https://www.axios.com/russia-sanctions-solarwinds-cyber-39561a8d-76c0-46ec-9047-6309153d1382.html of: 0.2976. Discarding.
	Result [3]  Processing URL https://www.nytimes.com/2021/04/15/world/europe/us-russia-sanctions.html
		Date found in the API results: 2021-04-15T00:00:00
		Date found in the URL: 2021-04-15 00:00:00
		The content of https://gizmodo.com/u-s-hits-russia-with-heavy-sanctions-over-solarwinds-h-1846689148 has distance with https://www.nytimes.com/2021/04/15/world/europe/us-russia-sanctions.html of : 0.3374. Keeping.
		Adding to DB the URL https://www.nytimes.com/2021/04/15/world/europe/us-russia-sanctions.html
	Result [4]  Processing URL https://thehill.com/homenews/administration/548367-biden-administration-unveils-sweeping-sanctions-on-russia
		Date found in the API results: 2021-04-15T00:00:00
		The content of https://gizmodo.com/u-s-hits-russia-with-heavy-sanctions-over-solarwinds-h-1846689148 has distance with https://thehill.com/homenews/administration/548367-biden-administration-unveils-sweeping-sanctions-on-russia of : 0.3059. Keeping.
		Adding to DB the URL https://thehill.com/homenews/administration/548367-biden-administration-unveils-sweeping-sanctions-on-russia
	Result [5]  Processing URL https://siliconangle.com/2021/04/15/u-s-imposes-sanctions-russia-election-interference-solarwinds-hack/
		Date found in the API results: 2021-04-15T00:00:00
		Date found in the URL: 2021-04-15 00:00:00
		The content of https://gizmodo.com/u-s-hits-russia-with-heavy-sanctions-over-solarwinds-h-1846689148 has distance with https://siliconangle.com/2021/04/15/u-s-imposes-sanctions-russia-election-interference-solarwinds-hack/ of : 0.3437. Keeping.
		Adding to DB the URL https://siliconangle.com/2021/04/15/u-s-imposes-sanctions-russia-election-interference-solarwinds-hack/
	Result [6]  Processing URL https://www.bbc.com/news/technology-56755484
		Date found in the API results: 2021-04-16T00:00:00
		The content of https://gizmodo.com/u-s-hits-russia-with-heavy-sanctions-over-solarwinds-h-1846689148 has distance with https://www.bbc.com/news/technology-56755484 of : 0.3077. Keeping.
		Adding to DB the URL https://www.bbc.com/news/technology-56755484
	Result [7]  Processing URL http://www.kenhermawan.com/syd73rx/russia-hack-solarwinds
		Date found in the content of the page: None
		Different. The content of https://gizmodo.com/u-s-hits-russia-with-heavy-sanctions-over-solarwinds-h-1846689148 has distance with http://www.kenhermawan.com/syd73rx/russia-hack-solarwinds of: 0.288. Discarding.
	Result [8]  Processing URL https://www.cnn.com/2021/04/14/politics/russia-sanctions-expel-officials-hacking-election/index.html
		Date found in the API results: 2021-04-15T00:00:00
		Date found in the URL: 2021-04-14 00:00:00
		The content of https://gizmodo.com/u-s-hits-russia-with-heavy-sanctions-over-solarwinds-h-1846689148 has distance with https://www.cnn.com/2021/04/14/politics/russia-sanctions-expel-officials-hacking-election/index.html of : 0.4215. Keeping.
		Adding to DB the URL https://www.cnn.com/2021/04/14/politics/russia-sanctions-expel-officials-hacking-election/index.html
	Result [9]  Processing URL https://www.youtube.com/watch?v=GYa2KLkMHWU
		Different. The content of https://gizmodo.com/u-s-hits-russia-with-heavy-sanctions-over-solarwinds-h-1846689148 has distance with https://www.youtube.com/watch?v=GYa2KLkMHWU of: 0.2971. Discarding.
	Result [10]  Processing URL https://abcnews.go.com/Politics/us-announces-sweeping-sanctions-russia-cyber-hack-election/story?id=77089976
		Date found in the API results: 2021-04-15T00:00:00
		Different. The content of https://gizmodo.com/u-s-hits-russia-with-heavy-sanctions-over-solarwinds-h-1846689148 has distance with https://abcnews.go.com/Politics/us-announces-sweeping-sanctions-russia-cyber-hack-election/story?id=77089976 of: 0.2961. Discarding.
	Result [11]  Processing URL https://sports.yahoo.com/u-imposes-sanctions-targeting-russian-121513798.html
		Date found in the API results: 2021-04-15T00:00:00
		The content of https://gizmodo.com/u-s-hits-russia-with-heavy-sanctions-over-solarwinds-h-1846689148 has distance with https://sports.yahoo.com/u-imposes-sanctions-targeting-russian-121513798.html of : 0.3333. Keeping.
		Adding to DB the URL https://sports.yahoo.com/u-imposes-sanctions-targeting-russian-121513798.html
	Result [12]  Processing URL https://www.youtube.com/watch?v=GYa2KLkMHWU
		Different. The content of https://gizmodo.com/u-s-hits-russia-with-heavy-sanctions-over-solarwinds-h-1846689148 has distance with https://www.youtube.com/watch?v=GYa2KLkMHWU of: 0.2969. Discarding.
	Result [13]  Processing URL https://www.latimes.com/world-nation/story/2021-04-14/months-after-hack-us-poised-to-announce-sanctions-on-russia
		Date found in the API results: 2021-04-15T00:00:00
		Date found in the URL: 2021-04-14 00:00:00
		Different. The content of https://gizmodo.com/u-s-hits-russia-with-heavy-sanctions-over-solarwinds-h-1846689148 has distance with https://www.latimes.com/world-nation/story/2021-04-14/months-after-hack-us-poised-to-announce-sanctions-on-russia of: 0.11557834966572031. Discarding.
	Result [14]  Processing URL https://www.chicagotribune.com/nation-world/ct-aud-nw-biden-russia-sanctions-20210415-mui4uaufgvftbntqbl4g7u5ed4-story.html
		Date found in the API results: 2021-04-15T00:00:00
		Date found in the URL: 2021-04-15 00:00:00
		The content of https://gizmodo.com/u-s-hits-russia-with-heavy-sanctions-over-solarwinds-h-1846689148 has distance with https://www.chicagotribune.com/nation-world/ct-aud-nw-biden-russia-sanctions-20210415-mui4uaufgvftbntqbl4g7u5ed4-story.html of : 0.3165. Keeping.
		Adding to DB the URL https://www.chicagotribune.com/nation-world/ct-aud-nw-biden-russia-sanctions-20210415-mui4uaufgvftbntqbl4g7u5ed4-story.html
	Result [15]  Processing URL https://www.wired.com/story/us-russia-sanctions-solarwinds-svr/
		Date found in the API results: 2021-04-15T00:00:00
		The content of https://gizmodo.com/u-s-hits-russia-with-heavy-sanctions-over-solarwinds-h-1846689148 has distance with https://www.wired.com/story/us-russia-sanctions-solarwinds-svr/ of : 0.3044. Keeping.
		Adding to DB the URL https://www.wired.com/story/us-russia-sanctions-solarwinds-svr/
	Result [16]  Processing URL https://www.washingtonpost.com/national-security/biden-to-announce-tough-sanctions-on-russia-over-cyber-spying/2021/04/15/a4c1d260-746e-11eb-948d-19472e683521_story.html
		Date found in the API results: 2021-04-15T00:00:00
		Date found in the URL: 2021-04-15 00:00:00
		The content of https://gizmodo.com/u-s-hits-russia-with-heavy-sanctions-over-solarwinds-h-1846689148 has distance with https://www.washingtonpost.com/national-security/biden-to-announce-tough-sanctions-on-russia-over-cyber-spying/2021/04/15/a4c1d260-746e-11eb-948d-19472e683521_story.html of : 0.3035. Keeping.
		Adding to DB the URL https://www.washingtonpost.com/national-security/biden-to-announce-tough-sanctions-on-russia-over-cyber-spying/2021/04/15/a4c1d260-746e-11eb-948d-19472e683521_story.html
	Result [17]  Processing URL https://www.bbc.com/news/technology-56755484
		Date found in the API results: 2021-04-16T00:00:00
		The content of https://gizmodo.com/u-s-hits-russia-with-heavy-sanctions-over-solarwinds-h-1846689148 has distance with https://www.bbc.com/news/technology-56755484 of : 0.3077. Keeping.
		Adding to DB the URL https://www.bbc.com/news/technology-56755484
	Result [18]  Processing URL https://www.usatoday.com/story/news/politics/2021/04/14/united-states-poised-announce-sanctions-hacking-campaign/7232909002/
		Date found in the API results: 2021-04-14T00:00:00
		Date found in the URL: 2021-04-14 00:00:00
		Different. The content of https://gizmodo.com/u-s-hits-russia-with-heavy-sanctions-over-solarwinds-h-1846689148 has distance with https://www.usatoday.com/story/news/politics/2021/04/14/united-states-poised-announce-sanctions-hacking-campaign/7232909002/ of: 0.2952. Discarding.
	Result [19]  Processing URL https://www.cnbc.com/2021/04/15/biden-administration-sanctions-russia-for-cyber-attacks-election-interference.html
		Date found in the API results: 2021-04-15T00:00:00
		Date found in the URL: 2021-04-15 00:00:00
		Different. The content of https://gizmodo.com/u-s-hits-russia-with-heavy-sanctions-over-solarwinds-h-1846689148 has distance with https://www.cnbc.com/2021/04/15/biden-administration-sanctions-russia-for-cyber-attacks-election-interference.html of: 0.2965. Discarding.
	Result [20]  Processing URL https://www.euronews.com/2021/04/15/us-to-announce-new-sanctions-on-russia-over-cyber-attack-and-election-interference
		Date found in the API results: 2021-04-15T00:00:00
		Date found in the URL: 2021-04-15 00:00:00
		Different. The content of https://gizmodo.com/u-s-hits-russia-with-heavy-sanctions-over-solarwinds-h-1846689148 has distance with https://www.euronews.com/2021/04/15/us-to-announce-new-sanctions-on-russia-over-cyber-attack-and-election-interference of: 0.2784. Discarding.
	Result [21]  Processing URL https://www.washingtonpost.com/national-security/biden-to-announce-tough-sanctions-on-russia-over-cyber-spying/2021/04/15/a4c1d260-746e-11eb-948d-19472e683521_story.html
		Date found in the API results: 2021-04-15T00:00:00
		Date found in the URL: 2021-04-15 00:00:00
		The content of https://gizmodo.com/u-s-hits-russia-with-heavy-sanctions-over-solarwinds-h-1846689148 has distance with https://www.washingtonpost.com/national-security/biden-to-announce-tough-sanctions-on-russia-over-cyber-spying/2021/04/15/a4c1d260-746e-11eb-948d-19472e683521_story.html of : 0.3035. Keeping.
		Adding to DB the URL https://www.washingtonpost.com/national-security/biden-to-announce-tough-sanctions-on-russia-over-cyber-spying/2021/04/15/a4c1d260-746e-11eb-948d-19472e683521_story.html
	Result [22]  Processing URL https://www.chicagotribune.com/nation-world/ct-aud-nw-biden-russia-sanctions-20210415-mui4uaufgvftbntqbl4g7u5ed4-story.html
		Date found in the API results: 2021-04-15T00:00:00
		Date found in the URL: 2021-04-15 00:00:00
		The content of https://gizmodo.com/u-s-hits-russia-with-heavy-sanctions-over-solarwinds-h-1846689148 has distance with https://www.chicagotribune.com/nation-world/ct-aud-nw-biden-russia-sanctions-20210415-mui4uaufgvftbntqbl4g7u5ed4-story.html of : 0.3165. Keeping.
		Adding to DB the URL https://www.chicagotribune.com/nation-world/ct-aud-nw-biden-russia-sanctions-20210415-mui4uaufgvftbntqbl4g7u5ed4-story.html
	Result [23]  Processing URL https://www.usatoday.com/story/news/politics/2021/04/14/united-states-poised-announce-sanctions-hacking-campaign/7232909002/
		Date found in the API results: 2021-04-14T00:00:00
		Date found in the URL: 2021-04-14 00:00:00
		Different. The content of https://gizmodo.com/u-s-hits-russia-with-heavy-sanctions-over-solarwinds-h-1846689148 has distance with https://www.usatoday.com/story/news/politics/2021/04/14/united-states-poised-announce-sanctions-hacking-campaign/7232909002/ of: 0.2952. Discarding.
	Result [24]  Processing URL https://www.cyberscoop.com/biden-russia-solarwinds-sanctions-white-house/
		Date found in the API results: 2021-04-15T00:00:00
		The content of https://gizmodo.com/u-s-hits-russia-with-heavy-sanctions-over-solarwinds-h-1846689148 has distance with https://www.cyberscoop.com/biden-russia-solarwinds-sanctions-white-house/ of : 0.3254. Keeping.
		Adding to DB the URL https://www.cyberscoop.com/biden-russia-solarwinds-sanctions-white-house/
	Result [25]  Processing URL https://home.treasury.gov/news/press-releases/jy0127
		Date found in the API results: 2021-04-15T00:00:00
		Different. The content of https://gizmodo.com/u-s-hits-russia-with-heavy-sanctions-over-solarwinds-h-1846689148 has distance with https://home.treasury.gov/news/press-releases/jy0127 of: 0.2964. Discarding.
	Result [26]  Processing URL https://www.cbsnews.com/video/biden-administration-sanctions-russia-for-election-interference-and-cyber-hack/
		Date found in the API results: 2021-04-15T00:00:00
		The content of https://gizmodo.com/u-s-hits-russia-with-heavy-sanctions-over-solarwinds-h-1846689148 has distance with https://www.cbsnews.com/video/biden-administration-sanctions-russia-for-election-interference-and-cyber-hack/ of : 0.3375. Keeping.
		Adding to DB the URL https://www.cbsnews.com/video/biden-administration-sanctions-russia-for-election-interference-and-cyber-hack/
	Result [27]  Processing URL https://www.rollingstone.com/politics/politics-news/biden-sanctions-russia-1156537/
		Date found in the API results: 2021-04-15T00:00:00
		The content of https://gizmodo.com/u-s-hits-russia-with-heavy-sanctions-over-solarwinds-h-1846689148 has distance with https://www.rollingstone.com/politics/politics-news/biden-sanctions-russia-1156537/ of : 0.334. Keeping.
		Adding to DB the URL https://www.rollingstone.com/politics/politics-news/biden-sanctions-russia-1156537/
	Result [28]  Processing URL https://globalnews.ca/news/7759135/us-russia-sanctions-election-hacking/
		Date found in the API results: 2021-04-14T00:00:00
		Different. The content of https://gizmodo.com/u-s-hits-russia-with-heavy-sanctions-over-solarwinds-h-1846689148 has distance with https://globalnews.ca/news/7759135/us-russia-sanctions-election-hacking/ of: 0.2816. Discarding.
	Result [29]  Processing URL https://thehackernews.com/2021/04/us-sanctions-russia-and-expels-10.html
		Date found in the API results: 2021-04-15T00:00:00
		The content of https://gizmodo.com/u-s-hits-russia-with-heavy-sanctions-over-solarwinds-h-1846689148 has distance with https://thehackernews.com/2021/04/us-sanctions-russia-and-expels-10.html of : 0.3467. Keeping.
		Adding to DB the URL https://thehackernews.com/2021/04/us-sanctions-russia-and-expels-10.html
	Result [30]  Processing URL https://www.ctvnews.ca/world/six-key-takeaways-from-biden-s-russia-sanctions-announcement-1.5389040
		Date found in the API results: 2021-04-15T00:00:00
		The content of https://gizmodo.com/u-s-hits-russia-with-heavy-sanctions-over-solarwinds-h-1846689148 has distance with https://www.ctvnews.ca/world/six-key-takeaways-from-biden-s-russia-sanctions-announcement-1.5389040 of : 0.3127. Keeping.
		Adding to DB the URL https://www.ctvnews.ca/world/six-key-takeaways-from-biden-s-russia-sanctions-announcement-1.5389040
	Result [31]  Processing URL https://www.economist.com/united-states/2021/04/15/joe-biden-seeks-to-clobber-russia-with-new-economic-sanctions
		Date found in the API results: 2021-04-15T00:00:00
		Date found in the URL: 2021-04-15 00:00:00
		The content of https://gizmodo.com/u-s-hits-russia-with-heavy-sanctions-over-solarwinds-h-1846689148 has distance with https://www.economist.com/united-states/2021/04/15/joe-biden-seeks-to-clobber-russia-with-new-economic-sanctions of : 0.3397. Keeping.
		Adding to DB the URL https://www.economist.com/united-states/2021/04/15/joe-biden-seeks-to-clobber-russia-with-new-economic-sanctions
	Result [32]  Processing URL http://www.kenhermawan.com/syd73rx/russia-hack-solarwinds
		Date found in the content of the page: None
		Different. The content of https://gizmodo.com/u-s-hits-russia-with-heavy-sanctions-over-solarwinds-h-1846689148 has distance with http://www.kenhermawan.com/syd73rx/russia-hack-solarwinds of: 0.288. Discarding.
	Result [33]  Processing URL https://www.reviewjournal.com/news/politics-and-government/us-expels-10-russian-diplomats-imposes-sanctions-for-hacking-2329869/
		Date found in the API results: 2021-04-15T00:00:00
		Different. The content of https://gizmodo.com/u-s-hits-russia-with-heavy-sanctions-over-solarwinds-h-1846689148 has distance with https://www.reviewjournal.com/news/politics-and-government/us-expels-10-russian-diplomats-imposes-sanctions-for-hacking-2329869/ of: 0.2358. Discarding.
	Result [34]  Processing URL https://www.firstpost.com/world/us-to-expel-10-russian-diplomats-imposes-sanctions-following-solarwinds-breach-election-interference-9534661.html
		Date found in the API results: 2021-04-16T00:00:00
		The content of https://gizmodo.com/u-s-hits-russia-with-heavy-sanctions-over-solarwinds-h-1846689148 has distance with https://www.firstpost.com/world/us-to-expel-10-russian-diplomats-imposes-sanctions-following-solarwinds-breach-election-interference-9534661.html of : 0.3478. Keeping.
		Adding to DB the URL https://www.firstpost.com/world/us-to-expel-10-russian-diplomats-imposes-sanctions-following-solarwinds-breach-election-interference-9534661.html
	Result [35]  Processing URL https://www.arkansasonline.com/news/2021/apr/16/biden-retaliates-for-russia-hacking/
		Date found in the API results: 2021-04-16T00:00:00
		Date found in the URL: 2021-04-01 00:00:00
		The content of https://gizmodo.com/u-s-hits-russia-with-heavy-sanctions-over-solarwinds-h-1846689148 has distance with https://www.arkansasonline.com/news/2021/apr/16/biden-retaliates-for-russia-hacking/ of : 0.3449. Keeping.
		Adding to DB the URL https://www.arkansasonline.com/news/2021/apr/16/biden-retaliates-for-russia-hacking/
	Result [36]  Processing URL https://wtop.com/government/2021/04/months-after-hack-us-poised-to-announce-sanctions-on-russia-2/
		Date found in the API results: 2021-04-15T00:00:00
		The content of https://gizmodo.com/u-s-hits-russia-with-heavy-sanctions-over-solarwinds-h-1846689148 has distance with https://wtop.com/government/2021/04/months-after-hack-us-poised-to-announce-sanctions-on-russia-2/ of : 0.3023. Keeping.
		Adding to DB the URL https://wtop.com/government/2021/04/months-after-hack-us-poised-to-announce-sanctions-on-russia-2/
	Result [37]  Processing URL https://www.ctvnews.ca/world/six-key-takeaways-from-biden-s-russia-sanctions-announcement-1.5389040
		Date found in the API results: 2021-04-15T00:00:00
		The content of https://gizmodo.com/u-s-hits-russia-with-heavy-sanctions-over-solarwinds-h-1846689148 has distance with https://www.ctvnews.ca/world/six-key-takeaways-from-biden-s-russia-sanctions-announcement-1.5389040 of : 0.3127. Keeping.
		Adding to DB the URL https://www.ctvnews.ca/world/six-key-takeaways-from-biden-s-russia-sanctions-announcement-1.5389040
	Result [38]  Processing URL https://globalnews.ca/news/7759135/us-russia-sanctions-election-hacking/
		Date found in the API results: 2021-04-14T00:00:00
		Different. The content of https://gizmodo.com/u-s-hits-russia-with-heavy-sanctions-over-solarwinds-h-1846689148 has distance with https://globalnews.ca/news/7759135/us-russia-sanctions-election-hacking/ of: 0.2816. Discarding.
	Result [39]  Processing URL https://www.wsls.com/news/politics/2021/04/16/us-expels-russian-diplomats-imposes-sanctions-for-hacking/
		Date found in the API results: 2021-04-16T00:00:00
		Date found in the URL: 2021-04-16 00:00:00
		The content of https://gizmodo.com/u-s-hits-russia-with-heavy-sanctions-over-solarwinds-h-1846689148 has distance with https://www.wsls.com/news/politics/2021/04/16/us-expels-russian-diplomats-imposes-sanctions-for-hacking/ of : 0.4071. Keeping.
		Adding to DB the URL https://www.wsls.com/news/politics/2021/04/16/us-expels-russian-diplomats-imposes-sanctions-for-hacking/
	Result [40]  Processing URL https://accesswdun.com/article/2021/4/997516
		Date found in the API results: 2021-04-15T00:00:00
		The content of https://gizmodo.com/u-s-hits-russia-with-heavy-sanctions-over-solarwinds-h-1846689148 has distance with https://accesswdun.com/article/2021/4/997516 of : 0.311. Keeping.
		Adding to DB the URL https://accesswdun.com/article/2021/4/997516
	Result [41]  Processing URL https://www.ft.com/content/b2bf1be3-a10c-4963-9deb-8a6b319e9363
		Date found in the API results: 2021-04-15T00:00:00
		The content of https://gizmodo.com/u-s-hits-russia-with-heavy-sanctions-over-solarwinds-h-1846689148 has distance with https://www.ft.com/content/b2bf1be3-a10c-4963-9deb-8a6b319e9363 of : 0.3407. Keeping.
		Adding to DB the URL https://www.ft.com/content/b2bf1be3-a10c-4963-9deb-8a6b319e9363
	Result [42]  Processing URL https://www.gazettenet.com/US-expels-Russian-diplomats-imposes-sanctions-for-hacking-40009891
		Date found in the API results: 2021-04-15T00:00:00
		! Error in getting content due to a Connection Error. Port closed, web down?
		The content of the pages were not string. Verify.
		Different. The content of https://gizmodo.com/u-s-hits-russia-with-heavy-sanctions-over-solarwinds-h-1846689148 has distance with https://www.gazettenet.com/US-expels-Russian-diplomats-imposes-sanctions-for-hacking-40009891 of: False. Discarding.
	Result [43]  Processing URL https://www.democracynow.org/2021/4/16/headlines/biden_admin_imposes_sanctions_on_russia_for_hacking_election_interference_annexation_of_crimea
		Date found in the API results: 2021-04-16T00:00:00
		Date found in the URL: 2021-04-16 00:00:00
		The content of https://gizmodo.com/u-s-hits-russia-with-heavy-sanctions-over-solarwinds-h-1846689148 has distance with https://www.democracynow.org/2021/4/16/headlines/biden_admin_imposes_sanctions_on_russia_for_hacking_election_interference_annexation_of_crimea of : 0.3128. Keeping.
		Adding to DB the URL https://www.democracynow.org/2021/4/16/headlines/biden_admin_imposes_sanctions_on_russia_for_hacking_election_interference_annexation_of_crimea
	Result [44]  Processing URL https://news.wttw.com/2021/04/15/us-expels-russian-diplomats-imposes-sanctions-hacking
		Date found in the API results: 2021-04-15T00:00:00
		Date found in the URL: 2021-04-15 00:00:00
		The content of https://gizmodo.com/u-s-hits-russia-with-heavy-sanctions-over-solarwinds-h-1846689148 has distance with https://news.wttw.com/2021/04/15/us-expels-russian-diplomats-imposes-sanctions-hacking of : 0.3048. Keeping.
		Adding to DB the URL https://news.wttw.com/2021/04/15/us-expels-russian-diplomats-imposes-sanctions-hacking
	Result [45]  Processing URL https://www.news10.com/news/national/us-expels-russian-diplomats-imposes-sanctions-for-hacking/
		Date found in the API results: 2021-04-16T00:00:00
		Date found in the content of the page: None
		Different. The content of https://gizmodo.com/u-s-hits-russia-with-heavy-sanctions-over-solarwinds-h-1846689148 has distance with https://www.news10.com/news/national/us-expels-russian-diplomats-imposes-sanctions-for-hacking/ of: 0.20538174744691198. Discarding.
	Result [46]  Processing URL https://www.engadget.com/us-expels-russia-diplomats-over-solarwinds-hacks-135211509.html
		Date found in the API results: 2021-04-15T00:00:00
		The content of https://gizmodo.com/u-s-hits-russia-with-heavy-sanctions-over-solarwinds-h-1846689148 has distance with https://www.engadget.com/us-expels-russia-diplomats-over-solarwinds-hacks-135211509.html of : 0.3497. Keeping.
		Adding to DB the URL https://www.engadget.com/us-expels-russia-diplomats-over-solarwinds-hacks-135211509.html
	Result [47]  Processing URL https://ktla.com/news/nationworld/u-s-imposes-new-round-of-sanctions-expels-10-russian-diplomats/
		Date found in the API results: 2021-04-15T00:00:00
		Date found in the content of the page: None
		Different. The content of https://gizmodo.com/u-s-hits-russia-with-heavy-sanctions-over-solarwinds-h-1846689148 has distance with https://ktla.com/news/nationworld/u-s-imposes-new-round-of-sanctions-expels-10-russian-diplomats/ of: 0.20320855614973263. Discarding.
	Result [48]  Processing URL https://www.natlawreview.com/article/russia-russia-russia-biden-administration-imposes-tough-sanctions-russia
		Date found in the API results: 2021-04-15T00:00:00
		The content of https://gizmodo.com/u-s-hits-russia-with-heavy-sanctions-over-solarwinds-h-1846689148 has distance with https://www.natlawreview.com/article/russia-russia-russia-biden-administration-imposes-tough-sanctions-russia of : 0.3564. Keeping.
		Adding to DB the URL https://www.natlawreview.com/article/russia-russia-russia-biden-administration-imposes-tough-sanctions-russia
	Result [49]  Processing URL https://www.abc.net.au/news/2021-04-16/us-announces-new-sanctions-on-russia/100073506
		Date found in the API results: 2021-04-15T00:00:00
		Date found in the URL: 2021-04-16 00:00:00
		The content of https://gizmodo.com/u-s-hits-russia-with-heavy-sanctions-over-solarwinds-h-1846689148 has distance with https://www.abc.net.au/news/2021-04-16/us-announces-new-sanctions-on-russia/100073506 of : 0.3371. Keeping.
		Adding to DB the URL https://www.abc.net.au/news/2021-04-16/us-announces-new-sanctions-on-russia/100073506
	Result [50]  Processing URL https://www.taiwannews.com.tw/en/news/4178797
		Date found in the API results: 2021-04-16T00:00:00
		The content of https://gizmodo.com/u-s-hits-russia-with-heavy-sanctions-over-solarwinds-h-1846689148 has distance with https://www.taiwannews.com.tw/en/news/4178797 of : 0.3083. Keeping.
		Adding to DB the URL https://www.taiwannews.com.tw/en/news/4178797
	Result [51]  Processing URL https://wwmt.com/news/nation-world/us-sanctions-on-russia-will-they-stop-cybersecurity-attacks
		Date found in the API results: 2021-04-19T00:00:00
		The content of https://gizmodo.com/u-s-hits-russia-with-heavy-sanctions-over-solarwinds-h-1846689148 has distance with https://wwmt.com/news/nation-world/us-sanctions-on-russia-will-they-stop-cybersecurity-attacks of : 0.3419. Keeping.
		Adding to DB the URL https://wwmt.com/news/nation-world/us-sanctions-on-russia-will-they-stop-cybersecurity-attacks
	Result [52]  Processing URL https://www.columbian.com/news/2021/apr/15/u-s-expels-russian-diplomats-imposes-new-round-of-sanctions/
		Date found in the API results: 2021-04-15T00:00:00
		Date found in the URL: 2021-04-01 00:00:00
		The content of https://gizmodo.com/u-s-hits-russia-with-heavy-sanctions-over-solarwinds-h-1846689148 has distance with https://www.columbian.com/news/2021/apr/15/u-s-expels-russian-diplomats-imposes-new-round-of-sanctions/ of : 0.308. Keeping.
		Adding to DB the URL https://www.columbian.com/news/2021/apr/15/u-s-expels-russian-diplomats-imposes-new-round-of-sanctions/
	Result [53]  Processing URL https://www.reuters.com/article/usa-cyber-breach-biden-idUSKBN28U0DV
		Date found in the API results: None
		The content of https://gizmodo.com/u-s-hits-russia-with-heavy-sanctions-over-solarwinds-h-1846689148 has distance with https://www.reuters.com/article/usa-cyber-breach-biden-idUSKBN28U0DV of : 0.3802. Keeping.
		Adding to DB the URL https://www.reuters.com/article/usa-cyber-breach-biden-idUSKBN28U0DV
	Result [54]  Processing URL https://www.dawn.com/news/1618598
		Date found in the API results: 2021-04-17T00:00:00
		Different. The content of https://gizmodo.com/u-s-hits-russia-with-heavy-sanctions-over-solarwinds-h-1846689148 has distance with https://www.dawn.com/news/1618598 of: 0.2964. Discarding.
	Result [55]  Processing URL https://www.dailymail.co.uk/news/article-9473503/US-poised-announce-sanctions-Russia-retribution-SolarWinds-hack.html
		Date found in the API results: 2021-04-15T00:00:00
		The content of https://gizmodo.com/u-s-hits-russia-with-heavy-sanctions-over-solarwinds-h-1846689148 has distance with https://www.dailymail.co.uk/news/article-9473503/US-poised-announce-sanctions-Russia-retribution-SolarWinds-hack.html of : 0.3684. Keeping.
		Adding to DB the URL https://www.dailymail.co.uk/news/article-9473503/US-poised-announce-sanctions-Russia-retribution-SolarWinds-hack.html
	Result [56]  Processing URL https://twitter.com/thehackersnews/status/1382741193851695108
		Date found in the API results: 2021-04-15T00:00:00
		Date found in the content of the page: None
		The content of https://gizmodo.com/u-s-hits-russia-with-heavy-sanctions-over-solarwinds-h-1846689148 has distance with https://twitter.com/thehackersnews/status/1382741193851695108 of : 0.3439. Keeping.
		Adding to DB the URL https://twitter.com/thehackersnews/status/1382741193851695108
	Result [57]  Processing URL https://www.afr.com/world/north-america/us-expels-10-diplomats-imposes-sanctions-on-russia-20210415-p57jo1
		Date found in the API results: 2021-04-15T00:00:00
		Date found in the URL: 2021-04-15 00:00:00
		The content of https://gizmodo.com/u-s-hits-russia-with-heavy-sanctions-over-solarwinds-h-1846689148 has distance with https://www.afr.com/world/north-america/us-expels-10-diplomats-imposes-sanctions-on-russia-20210415-p57jo1 of : 0.3121. Keeping.
		Adding to DB the URL https://www.afr.com/world/north-america/us-expels-10-diplomats-imposes-sanctions-on-russia-20210415-p57jo1
	Result [58]  Processing URL https://www.scmagazine.com/home/security-news/apts-cyberespionage/us-takes-sweeping-action-against-russia-for-years-of-hacking-and-election-interference/
		Date found in the API results: 2021-04-15T00:00:00
		Date found in the content of the page: None
		Different. The content of https://gizmodo.com/u-s-hits-russia-with-heavy-sanctions-over-solarwinds-h-1846689148 has distance with https://www.scmagazine.com/home/security-news/apts-cyberespionage/us-takes-sweeping-action-against-russia-for-years-of-hacking-and-election-interference/ of: 0.025625862408831065. Discarding.
	Result [59]  Processing URL https://metro.co.uk/2021/04/15/us-to-sanction-russian-government-over-cyber-hack-and-election-meddling-14414417/
		Date found in the API results: 2021-04-15T00:00:00
		Date found in the URL: 2021-04-15 00:00:00
		The content of https://gizmodo.com/u-s-hits-russia-with-heavy-sanctions-over-solarwinds-h-1846689148 has distance with https://metro.co.uk/2021/04/15/us-to-sanction-russian-government-over-cyber-hack-and-election-meddling-14414417/ of : 0.3502. Keeping.
		Adding to DB the URL https://metro.co.uk/2021/04/15/us-to-sanction-russian-government-over-cyber-hack-and-election-meddling-14414417/
	Result [60]  Processing URL https://www.dailysabah.com/world/americas/us-slaps-russia-with-sanctions-over-solarwinds-hack
		Date found in the API results: 2021-04-15T00:00:00
		The content of https://gizmodo.com/u-s-hits-russia-with-heavy-sanctions-over-solarwinds-h-1846689148 has distance with https://www.dailysabah.com/world/americas/us-slaps-russia-with-sanctions-over-solarwinds-hack of : 0.343. Keeping.
		Adding to DB the URL https://www.dailysabah.com/world/americas/us-slaps-russia-with-sanctions-over-solarwinds-hack
	Result [61]  Processing URL https://www.inquirer.com/news/nation-world/us-russia-expulsions-sanctions-election-interference-hacking-20210415.html
		Date found in the API results: 2021-04-15T00:00:00
		Date found in the URL: 2021-04-15 00:00:00
		The content of https://gizmodo.com/u-s-hits-russia-with-heavy-sanctions-over-solarwinds-h-1846689148 has distance with https://www.inquirer.com/news/nation-world/us-russia-expulsions-sanctions-election-interference-hacking-20210415.html of : 0.3463. Keeping.
		Adding to DB the URL https://www.inquirer.com/news/nation-world/us-russia-expulsions-sanctions-election-interference-hacking-20210415.html
	Result [62]  Processing URL https://www.adn.com/nation-world/2021/04/15/months-after-hack-us-poised-to-announce-sanctions-on-russia/
		Date found in the API results: 2021-04-14T00:00:00
		Date found in the URL: 2021-04-15 00:00:00
		The content of https://gizmodo.com/u-s-hits-russia-with-heavy-sanctions-over-solarwinds-h-1846689148 has distance with https://www.adn.com/nation-world/2021/04/15/months-after-hack-us-poised-to-announce-sanctions-on-russia/ of : 0.349. Keeping.
		Adding to DB the URL https://www.adn.com/nation-world/2021/04/15/months-after-hack-us-poised-to-announce-sanctions-on-russia/
	Result [63]  Processing URL https://www.oregonlive.com/nation/2021/04/us-expels-russian-diplomats-imposes-sanctions-for-hacking.html
		Date found in the API results: 2021-04-15T00:00:00
		The content of https://gizmodo.com/u-s-hits-russia-with-heavy-sanctions-over-solarwinds-h-1846689148 has distance with https://www.oregonlive.com/nation/2021/04/us-expels-russian-diplomats-imposes-sanctions-for-hacking.html of : 0.3404. Keeping.
		Adding to DB the URL https://www.oregonlive.com/nation/2021/04/us-expels-russian-diplomats-imposes-sanctions-for-hacking.html
	Result [64]  Processing URL https://www.click2houston.com/news/politics/2021/04/15/months-after-hack-us-poised-to-announce-sanctions-on-russia-2/
		Date found in the API results: 2021-04-14T00:00:00
		Date found in the URL: 2021-04-15 00:00:00
		The content of https://gizmodo.com/u-s-hits-russia-with-heavy-sanctions-over-solarwinds-h-1846689148 has distance with https://www.click2houston.com/news/politics/2021/04/15/months-after-hack-us-poised-to-announce-sanctions-on-russia-2/ of : 0.4068. Keeping.
		Adding to DB the URL https://www.click2houston.com/news/politics/2021/04/15/months-after-hack-us-poised-to-announce-sanctions-on-russia-2/
	Result [65]  Processing URL https://www.abc4.com/news/national/us-expels-russian-diplomats-imposes-new-round-of-sanctions/
		Date found in the API results: 2021-04-15T00:00:00
		Date found in the content of the page: None
		Different. The content of https://gizmodo.com/u-s-hits-russia-with-heavy-sanctions-over-solarwinds-h-1846689148 has distance with https://www.abc4.com/news/national/us-expels-russian-diplomats-imposes-new-round-of-sanctions/ of: 0.20460440985732814. Discarding.
	Result [66]  Processing URL https://www.vanguardngr.com/2021/04/us-expels-russian-diplomats-imposes-sanctions-for-hacking/
		Date found in the API results: 2021-04-16T00:00:00
		Different. The content of https://gizmodo.com/u-s-hits-russia-with-heavy-sanctions-over-solarwinds-h-1846689148 has distance with https://www.vanguardngr.com/2021/04/us-expels-russian-diplomats-imposes-sanctions-for-hacking/ of: 0.24687913056249083. Discarding.
	Result [67]  Processing URL https://finance-commerce.com/2021/04/u-s-expels-russian-diplomats-imposes-sanctions-for-hacking/
		Date found in the API results: 2021-04-16T00:00:00
		! Error in getting content due to a Connection Error. Port closed, web down?
		The content of the pages were not string. Verify.
		Different. The content of https://gizmodo.com/u-s-hits-russia-with-heavy-sanctions-over-solarwinds-h-1846689148 has distance with https://finance-commerce.com/2021/04/u-s-expels-russian-diplomats-imposes-sanctions-for-hacking/ of: False. Discarding.
	Result [68]  Processing URL https://lasvegassun.com/news/2021/apr/15/us-expels-russian-diplomats-imposes-sanctions-for/
		Date found in the API results: 2021-04-15T00:00:00
		Date found in the URL: 2021-04-01 00:00:00
		The content of https://gizmodo.com/u-s-hits-russia-with-heavy-sanctions-over-solarwinds-h-1846689148 has distance with https://lasvegassun.com/news/2021/apr/15/us-expels-russian-diplomats-imposes-sanctions-for/ of : 0.3474. Keeping.
		Adding to DB the URL https://lasvegassun.com/news/2021/apr/15/us-expels-russian-diplomats-imposes-sanctions-for/
	Result [69]  Processing URL https://www.columbian.com/news/2021/apr/15/u-s-expels-russian-diplomats-imposes-new-round-of-sanctions/
		Date found in the API results: 2021-04-15T00:00:00
		Date found in the URL: 2021-04-01 00:00:00
		The content of https://gizmodo.com/u-s-hits-russia-with-heavy-sanctions-over-solarwinds-h-1846689148 has distance with https://www.columbian.com/news/2021/apr/15/u-s-expels-russian-diplomats-imposes-new-round-of-sanctions/ of : 0.308. Keeping.
		Adding to DB the URL https://www.columbian.com/news/2021/apr/15/u-s-expels-russian-diplomats-imposes-new-round-of-sanctions/
	Result [70]  Processing URL https://www.businessinsider.com/solarwinds-hack-explained-government-agencies-cyber-security-2020-12
		Date found in the API results: 2021-04-15T00:00:00
		! Error getting the content of the web.
		! can't compare offset-naive and offset-aware datetimes
		<class 'TypeError'>
		The content of the pages were not string. Verify.
		Different. The content of https://gizmodo.com/u-s-hits-russia-with-heavy-sanctions-over-solarwinds-h-1846689148 has distance with https://www.businessinsider.com/solarwinds-hack-explained-government-agencies-cyber-security-2020-12 of: False. Discarding.
	Result [71]  Processing URL http://www.cristar.com.co/zsrmzoz/russia-hack-solarwinds
		Date found in the content of the page: None
		Different. The content of https://gizmodo.com/u-s-hits-russia-with-heavy-sanctions-over-solarwinds-h-1846689148 has distance with http://www.cristar.com.co/zsrmzoz/russia-hack-solarwinds of: 0.05369257608063578. Discarding.
	Result [72]  Processing URL https://www.cnet.com/news/us-sanctions-russia-over-solarwinds-hack-election-interference/
		Date found in the API results: 2021-04-15T00:00:00
		The content of https://gizmodo.com/u-s-hits-russia-with-heavy-sanctions-over-solarwinds-h-1846689148 has distance with https://www.cnet.com/news/us-sanctions-russia-over-solarwinds-hack-election-interference/ of : 0.3665. Keeping.
		Adding to DB the URL https://www.cnet.com/news/us-sanctions-russia-over-solarwinds-hack-election-interference/
	Result [73]  Processing URL https://fortune.com/2021/04/15/bide-slam-russia-sanctions-over-solarwinds-hack-election-meddling/
		Date found in the API results: 2021-04-15T00:00:00
		Date found in the URL: 2021-04-15 00:00:00
		The content of https://gizmodo.com/u-s-hits-russia-with-heavy-sanctions-over-solarwinds-h-1846689148 has distance with https://fortune.com/2021/04/15/bide-slam-russia-sanctions-over-solarwinds-hack-election-meddling/ of : 0.3875. Keeping.
		Adding to DB the URL https://fortune.com/2021/04/15/bide-slam-russia-sanctions-over-solarwinds-hack-election-meddling/

== Level 0. Twitter search by title as US Imposes 'Sweeping' Sanctions on Russia Over SolarWinds Hack
https://api.twitter.com/2/tweets/search/all?query=%22US+Imposes+%27Sweeping%27+Sanctions+on+Russia+Over+SolarWinds+Hack%22&max_results=100&tweet.fields=author_id%2Cpublic_metrics%2Ccreated_at&start_time=2020-07-13T00%3A14%3A18.824058Z
	Downloaded 0 twitter content

== Level 0. VK search by title as US Imposes 'Sweeping' Sanctions on Russia Over SolarWinds Hack
	Result [0]  Processing URL https://vk.com/id587982683?w=wall587982683_18621. Date: 2021-04-15 14:18:33
	Result [1]  Processing URL https://vk.com/id587982683?w=wall587982683_18611. Date: 2021-04-15 13:30:44
	Result [2]  Processing URL https://vk.com/id-29575154?w=wall-29575154_13021. Date: 2021-01-30 01:54:19
	Result [3]  Processing URL https://vk.com/id302246108?w=wall302246108_216. Date: 2021-01-27 00:52:05
In total was found 4
