Searching the distribution graph of URL https://russian.rt.com/ussr/news/859197-gosduma-zelenskii-krym-donbass. Using 1 levels.

Main title: В Госдуме оценили слова Зеленского о «войне в Европе» из-за Крыма и Донбасса — РТ на русском
In level 0 were found 1 urls including original

== Level 0. Google search by LINKS to https://russian.rt.com/ussr/news/859197-gosduma-zelenskii-krym-donbass
	Total amount of results retrieved: 1
	Result [1]  Processing URL https://russian.rt.com/ussr/news/859197-gosduma-zelenskii-krym-donbass
		Date found in the API results: 2021-05-04T00:00:00
		Repeated url: https://russian.rt.com/ussr/news/859197-gosduma-zelenskii-krym-donbass.  Discarding.  
		Date found in the API results: 2021-05-04T00:00:00

== Level 0. Twitter search by LINKS as https://russian.rt.com/ussr/news/859197-gosduma-zelenskii-krym-donbass
https://api.twitter.com/2/tweets/search/all?query=url+%3A+https%253A%252F%252Frussian.rt.com%252Fussr%252Fnews%252F859197-gosduma-zelenskii-krym-donbass&max_results=100&tweet.fields=author_id%2Cpublic_metrics%2Ccreated_at&start_time=2020-07-12T18%3A53%3A42.449055Z
	Downloaded 3 twitter content
	Result [1]  Processing twitter ID 1389649255967727616: В Госдуме оценили слова Зеленского о «войне в Европе» из-за Крыма и Донбасса — РТ на русском https://t.co/wFXdl6jTdX
	Result [2]  Processing twitter ID 1389621964524883974: В Госдуме оценили слова Зеленского о «войне в Европе» из-за Крыма и Донбасса  https://t.co/ouIF1c5KS3
	Result [3]  Processing twitter ID 1389589699879186435: Депутат Госдумы Руслан Бальбек прокомментировал в беседе с RT заявление украинского лидера Владимира Зеленского о том, что в Европе идёт «война» из-за Крыма и Донбасса.
⤵️
https://t.co/YKtxBFi8S8 https://t.co/xglAH4pgF0

== Level 0. VK search by LINKS as https://russian.rt.com/ussr/news/859197-gosduma-zelenskii-krym-donbass
	Result [0]  Processing URL https://vk.com/id72346343?w=wall72346343_14747. Date: 2021-05-04 17:16:58
	Result [1]  Processing URL https://vk.com/id-40316705?w=wall-40316705_39286497. Date: 2021-05-04 14:01:30
In total was found 2

== Level 0. Google search by TITLE as В Госдуме оценили слова Зеленского о «войне в Европе» из-за Крыма и Донбасса — РТ на русском
	Total amount of results retrieved: 30
	Result [1]  Processing URL https://russian.rt.com/ussr/news/859197-gosduma-zelenskii-krym-donbass
		Date found in the API results: 2021-05-04T00:00:00
		Repeated url: https://russian.rt.com/ussr/news/859197-gosduma-zelenskii-krym-donbass.  Discarding.  
	Result [2]  Processing URL http://air-go.ru/v-gosdume-ocenili-slova-zelenskogo-o-vojne-v-evrope-iz-za-kryma-i-donbassa/
		Date found in the content of the page: None
		Different. The content of https://russian.rt.com/ussr/news/859197-gosduma-zelenskii-krym-donbass has distance with http://air-go.ru/v-gosdume-ocenili-slova-zelenskogo-o-vojne-v-evrope-iz-za-kryma-i-donbassa/ of: 0.0025966243882952164. Discarding.
	Result [3]  Processing URL https://yandex.ru/news/instory/VGosdume_ocenili_slova_Zelenskogo_ovojne_vEvrope_iz-zaKryma_i_Donbassa--1088100856a4acb6d10a5fd0196bef9d?lr=87&content=alldocs&stid=kXgaA6-9dZwQ&persistent_id=142013026&from=story
		Date found in the content of the page: None
		Different. The content of https://russian.rt.com/ussr/news/859197-gosduma-zelenskii-krym-donbass has distance with https://yandex.ru/news/instory/VGosdume_ocenili_slova_Zelenskogo_ovojne_vEvrope_iz-zaKryma_i_Donbassa--1088100856a4acb6d10a5fd0196bef9d?lr=87&content=alldocs&stid=kXgaA6-9dZwQ&persistent_id=142013026&from=story of: 0.2681. Discarding.
	Result [4]  Processing URL https://yandex.kz/news/instory/VGosdume_ocenili_slova_Zelenskogo_ovojne_vEvrope_iz-zaKryma_i_Donbassa--1088100856a4acb6d10a5fd0196bef9d
		Date found in the content of the page: None
		Different. The content of https://russian.rt.com/ussr/news/859197-gosduma-zelenskii-krym-donbass has distance with https://yandex.kz/news/instory/VGosdume_ocenili_slova_Zelenskogo_ovojne_vEvrope_iz-zaKryma_i_Donbassa--1088100856a4acb6d10a5fd0196bef9d of: 0.19987536116933885. Discarding.
	Result [5]  Processing URL https://ru.wikipedia.org/wiki/%D0%A0%D0%BE%D1%81%D1%81%D0%B8%D0%B9%D1%81%D0%BA%D0%BE-%D1%83%D0%BA%D1%80%D0%B0%D0%B8%D0%BD%D1%81%D0%BA%D0%B8%D0%B5_%D0%BE%D1%82%D0%BD%D0%BE%D1%88%D0%B5%D0%BD%D0%B8%D1%8F
		Different. The content of https://russian.rt.com/ussr/news/859197-gosduma-zelenskii-krym-donbass has distance with https://ru.wikipedia.org/wiki/%D0%A0%D0%BE%D1%81%D1%81%D0%B8%D0%B9%D1%81%D0%BA%D0%BE-%D1%83%D0%BA%D1%80%D0%B0%D0%B8%D0%BD%D1%81%D0%BA%D0%B8%D0%B5_%D0%BE%D1%82%D0%BD%D0%BE%D1%88%D0%B5%D0%BD%D0%B8%D1%8F of: 0.2288. Discarding.
	Result [6]  Processing URL https://lenta.ru/news/2021/05/04/vinovat_zapad/
		Date found in the API results: 2021-05-04T00:00:00
		Date found in the URL: 2021-05-04 00:00:00
		Different. The content of https://russian.rt.com/ussr/news/859197-gosduma-zelenskii-krym-donbass has distance with https://lenta.ru/news/2021/05/04/vinovat_zapad/ of: 0.2173. Discarding.
	Result [7]  Processing URL https://imag24.net/news/v-gosdume-ocenili-slova-zelenskogo-o-voyne-v/7913232
		The content of https://russian.rt.com/ussr/news/859197-gosduma-zelenskii-krym-donbass has distance with https://imag24.net/news/v-gosdume-ocenili-slova-zelenskogo-o-voyne-v/7913232 of : 0.3571. Keeping.
		Adding to DB the URL https://imag24.net/news/v-gosdume-ocenili-slova-zelenskogo-o-voyne-v/7913232
	Result [8]  Processing URL https://www.gazeta.ru/army/2021/06/16/13645772.shtml
		Date found in the API results: 2021-06-16T00:00:00
		! Timeout waiting for the web server to answer.  We ignore and continue.
		The content of the pages were not string. Verify.
		Different. The content of https://russian.rt.com/ussr/news/859197-gosduma-zelenskii-krym-donbass has distance with https://www.gazeta.ru/army/2021/06/16/13645772.shtml of: False. Discarding.
	Result [9]  Processing URL https://club-tm.ru/news/1230662/v-gosdume-otsenili-slova-zelenskogo-o-vojne-v-evrope-izza-kryma-i-donbassa.html
		Different. The content of https://russian.rt.com/ussr/news/859197-gosduma-zelenskii-krym-donbass has distance with https://club-tm.ru/news/1230662/v-gosdume-otsenili-slova-zelenskogo-o-vojne-v-evrope-izza-kryma-i-donbassa.html of: 0.2509. Discarding.
	Result [10]  Processing URL https://club-tm.ru/news/1230305/v-gosdume-otsenili-slova-zelenskogo-o-vojne-v-evrope-izza-kryma-i-donbassa.html
		Different. The content of https://russian.rt.com/ussr/news/859197-gosduma-zelenskii-krym-donbass has distance with https://club-tm.ru/news/1230305/v-gosdume-otsenili-slova-zelenskogo-o-vojne-v-evrope-izza-kryma-i-donbassa.html of: 0.262. Discarding.
	Result [11]  Processing URL https://06news.ru/newsone/191956/v-rf-otvetili-na-slova-zelenskogo-o-vojne-v-evrope-izza-kryma.html
		Date found in the content of the page: None
		Different. The content of https://russian.rt.com/ussr/news/859197-gosduma-zelenskii-krym-donbass has distance with https://06news.ru/newsone/191956/v-rf-otvetili-na-slova-zelenskogo-o-vojne-v-evrope-izza-kryma.html of: 0.07582123758594347. Discarding.
	Result [12]  Processing URL https://imag.one/news/v-gosdume-ocenili-slova-zelenskogo-o-voyne-v-1/7915119
		Different. The content of https://russian.rt.com/ussr/news/859197-gosduma-zelenskii-krym-donbass has distance with https://imag.one/news/v-gosdume-ocenili-slova-zelenskogo-o-voyne-v-1/7915119 of: 0.2719. Discarding.
	Result [13]  Processing URL https://hab.mk.ru/social/2021/07/06/rezhim-chs-obyavlen-v-komsomolskenaamure-izza-pavodka.html
		Date found in the API results: 2021-07-06T18:54:13.291273
		Date found in the URL: 2021-07-06 00:00:00
		Different. The content of https://russian.rt.com/ussr/news/859197-gosduma-zelenskii-krym-donbass has distance with https://hab.mk.ru/social/2021/07/06/rezhim-chs-obyavlen-v-komsomolskenaamure-izza-pavodka.html of: 0.2919. Discarding.
	Result [14]  Processing URL https://www.rbc.ru/society/04/05/2021/60911a089a79476d8e02f393
		Date found in the API results: 2021-05-04T00:00:00
		Date found in the URL: 2021-04-05 00:00:00
		The content of https://russian.rt.com/ussr/news/859197-gosduma-zelenskii-krym-donbass has distance with https://www.rbc.ru/society/04/05/2021/60911a089a79476d8e02f393 of : 0.3128. Keeping.
		Adding to DB the URL https://www.rbc.ru/society/04/05/2021/60911a089a79476d8e02f393
	Result [15]  Processing URL https://assiette.ru/news_2077617_v_gosdume_otsenili_slova_zelenskogo_o_vojne_v_evrope_izza_kryma.html
		Different. The content of https://russian.rt.com/ussr/news/859197-gosduma-zelenskii-krym-donbass has distance with https://assiette.ru/news_2077617_v_gosdume_otsenili_slova_zelenskogo_o_vojne_v_evrope_izza_kryma.html of: 0.2545. Discarding.
	Result [16]  Processing URL https://eadaily.com/ru/news/2021/07/07/goskino-ukrainy-zapretilo-serial-ne-rodis-krasivoy
		Date found in the API results: 2021-07-06T18:54:20.351730
		Date found in the URL: 2021-07-07 00:00:00
		The content of https://russian.rt.com/ussr/news/859197-gosduma-zelenskii-krym-donbass has distance with https://eadaily.com/ru/news/2021/07/07/goskino-ukrainy-zapretilo-serial-ne-rodis-krasivoy of : 0.3055. Keeping.
		Adding to DB the URL https://eadaily.com/ru/news/2021/07/07/goskino-ukrainy-zapretilo-serial-ne-rodis-krasivoy
	Result [17]  Processing URL https://vz.ru/news/2021/7/11/1108367.html
		Date found in the API results: 2021-07-11T18:54:20.766665
		Date found in the URL: 2021-07-11 00:00:00
		Different. The content of https://russian.rt.com/ussr/news/859197-gosduma-zelenskii-krym-donbass has distance with https://vz.ru/news/2021/7/11/1108367.html of: 0.2838. Discarding.
	Result [18]  Processing URL https://www.mk-yamal.ru/social/2021/07/05/lishitsya-svobody-za-prodazhu-i-pokupku-feykovykh-sertifikatov-o-vakcinacii-protiv-koronavirusa-mogut-zhiteli-yamala.html
		Date found in the API results: 2021-07-05T18:54:22.116917
		Date found in the URL: 2021-07-05 00:00:00
		Different. The content of https://russian.rt.com/ussr/news/859197-gosduma-zelenskii-krym-donbass has distance with https://www.mk-yamal.ru/social/2021/07/05/lishitsya-svobody-za-prodazhu-i-pokupku-feykovykh-sertifikatov-o-vakcinacii-protiv-koronavirusa-mogut-zhiteli-yamala.html of: 0.2789. Discarding.
	Result [19]  Processing URL https://news-front.info/2021/07/12/zelenskiy-edet-k-merkel-merkel-edet-v-vashington/
		Date found in the API results: 2021-07-12
		Date found in the URL: 2021-07-12 00:00:00
		Different. The content of https://russian.rt.com/ussr/news/859197-gosduma-zelenskii-krym-donbass has distance with https://news-front.info/2021/07/12/zelenskiy-edet-k-merkel-merkel-edet-v-vashington/ of: 0.2529. Discarding.
	Result [20]  Processing URL https://deita.ru/article/498596
		Date found in the API results: 2021-07-10T18:54:24.118079
		The content of https://russian.rt.com/ussr/news/859197-gosduma-zelenskii-krym-donbass has distance with https://deita.ru/article/498596 of : 0.3898. Keeping.
		Adding to DB the URL https://deita.ru/article/498596
	Result [21]  Processing URL https://news-front.info/2021/07/12/zelenskiy-edet-k-merkel-merkel-edet-v-vashington/
		Date found in the API results: 2021-07-12
		Date found in the URL: 2021-07-12 00:00:00
		Different. The content of https://russian.rt.com/ussr/news/859197-gosduma-zelenskii-krym-donbass has distance with https://news-front.info/2021/07/12/zelenskiy-edet-k-merkel-merkel-edet-v-vashington/ of: 0.2529. Discarding.
	Result [22]  Processing URL https://www.bbc.com/russian/features-56365032
		Date found in the API results: 2021-03-11T00:00:00
		Different. The content of https://russian.rt.com/ussr/news/859197-gosduma-zelenskii-krym-donbass has distance with https://www.bbc.com/russian/features-56365032 of: 0.2716. Discarding.
	Result [23]  Processing URL https://deita.ru/article/498596
		Date found in the API results: 2021-07-10T18:54:27.278687
		The content of https://russian.rt.com/ussr/news/859197-gosduma-zelenskii-krym-donbass has distance with https://deita.ru/article/498596 of : 0.39. Keeping.
		Adding to DB the URL https://deita.ru/article/498596
	Result [24]  Processing URL https://iz.ru/tag/voina
		Different. The content of https://russian.rt.com/ussr/news/859197-gosduma-zelenskii-krym-donbass has distance with https://iz.ru/tag/voina of: 0.2119. Discarding.
	Result [25]  Processing URL https://tnaneve.spb.ru/news/642137/deputat-otsenil-slova-zelenskogo-o-vojne-v-evrope-izza-donbassa-i-kryma.html
		Different. The content of https://russian.rt.com/ussr/news/859197-gosduma-zelenskii-krym-donbass has distance with https://tnaneve.spb.ru/news/642137/deputat-otsenil-slova-zelenskogo-o-vojne-v-evrope-izza-donbassa-i-kryma.html of: 0.2517. Discarding.
	Result [26]  Processing URL https://smi2.ru/
		Date found in the content of the page: None
		Different. The content of https://russian.rt.com/ussr/news/859197-gosduma-zelenskii-krym-donbass has distance with https://smi2.ru/ of: 0.2297. Discarding.
	Result [27]  Processing URL https://torg.spb.ru/newstext/1684263/v-gosdume-otsenili-slova-zelenskogo-o-vojne-v-evrope-izza-kryma.html
		Different. The content of https://russian.rt.com/ussr/news/859197-gosduma-zelenskii-krym-donbass has distance with https://torg.spb.ru/newstext/1684263/v-gosdume-otsenili-slova-zelenskogo-o-vojne-v-evrope-izza-kryma.html of: 0.2533. Discarding.
	Result [28]  Processing URL https://ria.ru/20210504/krym-1731108325.html
		Date found in the API results: 2021-05-04T00:00:00
		Date found in the URL: 2021-05-04 00:00:00
		Different. The content of https://russian.rt.com/ussr/news/859197-gosduma-zelenskii-krym-donbass has distance with https://ria.ru/20210504/krym-1731108325.html of: 0.2651. Discarding.
	Result [29]  Processing URL https://aaron-nn.ru/news/606835/v-gosdume-otsenili-slova-vladimira-zelenskogo-o-vojne-v-evrope-izza-kryma-i-donbassa.html
		Different. The content of https://russian.rt.com/ussr/news/859197-gosduma-zelenskii-krym-donbass has distance with https://aaron-nn.ru/news/606835/v-gosdume-otsenili-slova-vladimira-zelenskogo-o-vojne-v-evrope-izza-kryma-i-donbassa.html of: 0.2578. Discarding.
	Result [30]  Processing URL https://www.mk-smolensk.ru/social/2021/07/11/v-ponedelnik-v-smolenske-proydut-sploshnye-proverki.html
		Date found in the API results: 2021-07-11T18:54:36.609984
		Date found in the URL: 2021-07-11 00:00:00
		Different. The content of https://russian.rt.com/ussr/news/859197-gosduma-zelenskii-krym-donbass has distance with https://www.mk-smolensk.ru/social/2021/07/11/v-ponedelnik-v-smolenske-proydut-sploshnye-proverki.html of: 0.2864. Discarding.

== Level 0. Twitter search by title as В Госдуме оценили слова Зеленского о «войне в Европе» из-за Крыма и Донбасса — РТ на русском
https://api.twitter.com/2/tweets/search/all?query=%22%D0%92+%D0%93%D0%BE%D1%81%D0%B4%D1%83%D0%BC%D0%B5+%D0%BE%D1%86%D0%B5%D0%BD%D0%B8%D0%BB%D0%B8+%D1%81%D0%BB%D0%BE%D0%B2%D0%B0+%D0%97%D0%B5%D0%BB%D0%B5%D0%BD%D1%81%D0%BA%D0%BE%D0%B3%D0%BE+%D0%BE+%C2%AB%D0%B2%D0%BE%D0%B9%D0%BD%D0%B5+%D0%B2+%D0%95%D0%B2%D1%80%D0%BE%D0%BF%D0%B5%C2%BB+%D0%B8%D0%B7-%D0%B7%D0%B0+%D0%9A%D1%80%D1%8B%D0%BC%D0%B0+%D0%B8+%D0%94%D0%BE%D0%BD%D0%B1%D0%B0%D1%81%D1%81%D0%B0+%E2%80%94+%D0%A0%D0%A2+%D0%BD%D0%B0+%D1%80%D1%83%D1%81%D1%81%D0%BA%D0%BE%D0%BC%22&max_results=100&tweet.fields=author_id%2Cpublic_metrics%2Ccreated_at&start_time=2020-07-12T18%3A54%3A37.756044Z
	Downloaded 1 twitter content
	Result [1]  Processing twitter ID 1389649255967727616: В Госдуме оценили слова Зеленского о «войне в Европе» из-за Крыма и Донбасса — РТ на русском https://t.co/wFXdl6jTdX

== Level 0. VK search by title as В Госдуме оценили слова Зеленского о «войне в Европе» из-за Крыма и Донбасса — РТ на русском
	Result [0]  Processing URL https://vk.com/id209502077?w=wall209502077_11273. Date: 2021-05-04 14:04:01
In total was found 1
