Searching the distribution graph of URL https://www.washingtonpost.com/politics/2020/05/01/was-new-coronavirus-accidentally-released-wuhan-lab-its-doubtful/. Using 1 levels.

		Date found in the URL: 2020-05-01 00:00:00
Main title: Was the new coronavirus accidentally released from a Wuhan lab? Itâs doubtful. - The Washington Post
In level 0 were found 1 urls including original

== Level 0. Google search by LINKS to https://www.washingtonpost.com/politics/2020/05/01/was-new-coronavirus-accidentally-released-wuhan-lab-its-doubtful/
	Total amount of results retrieved: 27
	Result [1]  Processing URL https://www.washingtonpost.com/politics/2020/05/01/was-new-coronavirus-accidentally-released-wuhan-lab-its-doubtful/
		Repeated url: https://www.washingtonpost.com/politics/2020/05/01/was-new-coronavirus-accidentally-released-wuhan-lab-its-doubtful/.  Discarding.  
	Result [2]  Processing URL https://www.washingtonpost.com/world/2020/05/01/coronavirus-latest-news/
		Date found in the API results: 2020-05-01T00:00:00
		Date found in the URL: 2020-05-01 00:00:00
		The URL https://www.washingtonpost.com/politics/2020/05/01/was-new-coronavirus-accidentally-released-wuhan-lab-its-doubtful/ IS in the content of site https://www.washingtonpost.com/world/2020/05/01/coronavirus-latest-news/  Keeping.
		Adding to DB the URL https://www.washingtonpost.com/world/2020/05/01/coronavirus-latest-news/
	Result [3]  Processing URL https://twitter.com/phylogenomics/status/1257006757903138816?lang=fr
		Date found in the content of the page: None
		Not in content. The URL https://www.washingtonpost.com/politics/2020/05/01/was-new-coronavirus-accidentally-released-wuhan-lab-its-doubtful/ is not in the content of site https://twitter.com/phylogenomics/status/1257006757903138816?lang=fr  Discarding.
	Result [4]  Processing URL https://twitter.com/glennkesslerwp/status/1256219714516377602
		Date found in the content of the page: None
		Not in content. The URL https://www.washingtonpost.com/politics/2020/05/01/was-new-coronavirus-accidentally-released-wuhan-lab-its-doubtful/ is not in the content of site https://twitter.com/glennkesslerwp/status/1256219714516377602  Discarding.
	Result [5]  Processing URL https://www.frontiersin.org/articles/10.3389/fpsyg.2021.675684/full
		Date found in the API results: 2021-06-18T00:00:00
		Date found in the URL: 2021-07-12 00:00:00
		Not in content. The URL https://www.washingtonpost.com/politics/2020/05/01/was-new-coronavirus-accidentally-released-wuhan-lab-its-doubtful/ is not in the content of site https://www.frontiersin.org/articles/10.3389/fpsyg.2021.675684/full  Discarding.
	Result [6]  Processing URL https://digitalcommons.macalester.edu/cgi/viewcontent.cgi?article=1068&context=geography_honors
		Not in content. The URL https://www.washingtonpost.com/politics/2020/05/01/was-new-coronavirus-accidentally-released-wuhan-lab-its-doubtful/ is not in the content of site https://digitalcommons.macalester.edu/cgi/viewcontent.cgi?article=1068&context=geography_honors  Discarding.
	Result [7]  Processing URL https://groups.google.com/g/rec.arts.tv/c/BLOe0fl9iUA
		The URL https://www.washingtonpost.com/politics/2020/05/01/was-new-coronavirus-accidentally-released-wuhan-lab-its-doubtful/ IS in the content of site https://groups.google.com/g/rec.arts.tv/c/BLOe0fl9iUA  Keeping.
		Adding to DB the URL https://groups.google.com/g/rec.arts.tv/c/BLOe0fl9iUA
	Result [8]  Processing URL https://www.ncbi.nlm.nih.gov/pmc/articles/pmc8253555/
		Not in content. The URL https://www.washingtonpost.com/politics/2020/05/01/was-new-coronavirus-accidentally-released-wuhan-lab-its-doubtful/ is not in the content of site https://www.ncbi.nlm.nih.gov/pmc/articles/pmc8253555/  Discarding.
	Result [9]  Processing URL https://www.propublica.org/article/trump-inc-podcast-2020-giuliani-podcast
		Date found in the API results: 2020-05-04T00:00:00
		The URL https://www.washingtonpost.com/politics/2020/05/01/was-new-coronavirus-accidentally-released-wuhan-lab-its-doubtful/ IS in the content of site https://www.propublica.org/article/trump-inc-podcast-2020-giuliani-podcast  Keeping.
		Adding to DB the URL https://www.propublica.org/article/trump-inc-podcast-2020-giuliani-podcast
	Result [10]  Processing URL https://www.breggin.com/wp-content/uploads/COVID-19-TREACHERY-WITH-ANTHONY-FAUCI.pdf
		Date found in the API results: None
		Blacklisted url: https://www.breggin.com/wp-content/uploads/COVID-19-TREACHERY-WITH-ANTHONY-FAUCI.pdf.  Discarding.  
	Result [11]  Processing URL https://www.breggin.com/wp-content/uploads/COVID-19-TREACHERY-WITH-ANTHONY-FAUCI.pdf
		Date found in the API results: None
		Blacklisted url: https://www.breggin.com/wp-content/uploads/COVID-19-TREACHERY-WITH-ANTHONY-FAUCI.pdf.  Discarding.  
	Result [12]  Processing URL https://breggin.com/coronavirus/Final-Fauci-Treachery-Report-10.19.2020.pdf
		Date found in the API results: None
		Blacklisted url: https://breggin.com/coronavirus/Final-Fauci-Treachery-Report-10.19.2020.pdf.  Discarding.  
	Result [13]  Processing URL https://childrenshealthdefense.org/wp-content/uploads/COVID-19-and-Public-Health-Totalitarianism-Untoward-Effects-on-Individuals-Institutions-and-Society.pdf
		Date found in the API results: None
		Blacklisted url: https://childrenshealthdefense.org/wp-content/uploads/COVID-19-and-Public-Health-Totalitarianism-Untoward-Effects-on-Individuals-Institutions-and-Society.pdf.  Discarding.  
	Result [14]  Processing URL http://wikipedia.us.nina.az/wiki/Special:PermanentLink/959201778
		The URL https://www.washingtonpost.com/politics/2020/05/01/was-new-coronavirus-accidentally-released-wuhan-lab-its-doubtful/ IS in the content of site http://wikipedia.us.nina.az/wiki/Special:PermanentLink/959201778  Keeping.
		Adding to DB the URL http://wikipedia.us.nina.az/wiki/Special:PermanentLink/959201778
	Result [15]  Processing URL https://issuu.com/smu.law.alumni/docs/smusol_-_law_and_covid19._final_version
		Date found in the API results: 2020-09-07T00:00:00
		Not in content. The URL https://www.washingtonpost.com/politics/2020/05/01/was-new-coronavirus-accidentally-released-wuhan-lab-its-doubtful/ is not in the content of site https://issuu.com/smu.law.alumni/docs/smusol_-_law_and_covid19._final_version  Discarding.
	Result [16]  Processing URL http://dayokusa.blogspot.com/2020/03/
		Date found in the API results: 2020-03-25T00:00:00
		Not in content. The URL https://www.washingtonpost.com/politics/2020/05/01/was-new-coronavirus-accidentally-released-wuhan-lab-its-doubtful/ is not in the content of site http://dayokusa.blogspot.com/2020/03/  Discarding.
	Result [17]  Processing URL https://www.academia.edu/44301680/Pandemic_Media_Preliminary_Notes_Toward_an_Inventory
		Not in content. The URL https://www.washingtonpost.com/politics/2020/05/01/was-new-coronavirus-accidentally-released-wuhan-lab-its-doubtful/ is not in the content of site https://www.academia.edu/44301680/Pandemic_Media_Preliminary_Notes_Toward_an_Inventory  Discarding.
	Result [18]  Processing URL http://fcta.org/Pubs/archivefull.html
		Date found in the content of the page: None
		Not in content. The URL https://www.washingtonpost.com/politics/2020/05/01/was-new-coronavirus-accidentally-released-wuhan-lab-its-doubtful/ is not in the content of site http://fcta.org/Pubs/archivefull.html  Discarding.
	Result [19]  Processing URL https://respectfulinsolence.com/2020/05/06/judy-mikovits-pandemic/
		Date found in the API results: 2020-05-06T00:00:00
		Date found in the URL: 2020-05-06 00:00:00
		Not in content. The URL https://www.washingtonpost.com/politics/2020/05/01/was-new-coronavirus-accidentally-released-wuhan-lab-its-doubtful/ is not in the content of site https://respectfulinsolence.com/2020/05/06/judy-mikovits-pandemic/  Discarding.
	Result [20]  Processing URL https://zenodo.org/record/3965871
		Date found in the API results: 2020-07-29T00:00:00
		Date found in the content of the page: None
		Not in content. The URL https://www.washingtonpost.com/politics/2020/05/01/was-new-coronavirus-accidentally-released-wuhan-lab-its-doubtful/ is not in the content of site https://zenodo.org/record/3965871  Discarding.
	Result [21]  Processing URL http://www.softpanorama.org/Skeptics/Political_skeptic/Propaganda/fake_allegations_as_projection.shtml
		! Error getting the content of the web.
		! signed integer is greater than maximum
		<class 'OverflowError'>
		Not in content. The URL https://www.washingtonpost.com/politics/2020/05/01/was-new-coronavirus-accidentally-released-wuhan-lab-its-doubtful/ is not in the content of site http://www.softpanorama.org/Skeptics/Political_skeptic/Propaganda/fake_allegations_as_projection.shtml  Discarding.
	Result [22]  Processing URL https://www.realjewnews.com/?p=1438
		Not in content. The URL https://www.washingtonpost.com/politics/2020/05/01/was-new-coronavirus-accidentally-released-wuhan-lab-its-doubtful/ is not in the content of site https://www.realjewnews.com/?p=1438  Discarding.
	Result [23]  Processing URL https://qresear.ch/?q=D5&p=2
		! Timeout waiting for the web server to answer.  We ignore and continue.
		Not in content. The URL https://www.washingtonpost.com/politics/2020/05/01/was-new-coronavirus-accidentally-released-wuhan-lab-its-doubtful/ is not in the content of site https://qresear.ch/?q=D5&p=2  Discarding.
	Result [24]  Processing URL https://descartes-blog.fr/2020/05/25/le-monde-dapres-ne-sera-pas-ecologiste/
		Date found in the API results: 2020-05-25T00:00:00
		Date found in the URL: 2020-05-25 00:00:00
		The URL https://www.washingtonpost.com/politics/2020/05/01/was-new-coronavirus-accidentally-released-wuhan-lab-its-doubtful/ IS in the content of site https://descartes-blog.fr/2020/05/25/le-monde-dapres-ne-sera-pas-ecologiste/  Keeping.
		Adding to DB the URL https://descartes-blog.fr/2020/05/25/le-monde-dapres-ne-sera-pas-ecologiste/
	Result [25]  Processing URL https://anthrojournal.com/p/LockdownSkepticism/comments/nkwelb/how_the_wuhan_lableak_theory_suddenly_became/
		! Error getting the content of the web.
		! Document is empty
		<class 'lxml.etree.ParserError'>
		Not in content. The URL https://www.washingtonpost.com/politics/2020/05/01/was-new-coronavirus-accidentally-released-wuhan-lab-its-doubtful/ is not in the content of site https://anthrojournal.com/p/LockdownSkepticism/comments/nkwelb/how_the_wuhan_lableak_theory_suddenly_became/  Discarding.
	Result [26]  Processing URL https://ar-dev.info/black/opKCYt-xopzNmpU/top-20-largest-exporters-in-europe-1970-2021.html
		Not in content. The URL https://www.washingtonpost.com/politics/2020/05/01/was-new-coronavirus-accidentally-released-wuhan-lab-its-doubtful/ is not in the content of site https://ar-dev.info/black/opKCYt-xopzNmpU/top-20-largest-exporters-in-europe-1970-2021.html  Discarding.
	Result [27]  Processing URL https://jo.arabicworld.club/watch/0OQolOJoS3raM
		Date found in the content of the page: None
		Not in content. The URL https://www.washingtonpost.com/politics/2020/05/01/was-new-coronavirus-accidentally-released-wuhan-lab-its-doubtful/ is not in the content of site https://jo.arabicworld.club/watch/0OQolOJoS3raM  Discarding.

== Level 0. Twitter search by LINKS as https://www.washingtonpost.com/politics/2020/05/01/was-new-coronavirus-accidentally-released-wuhan-lab-its-doubtful/
https://api.twitter.com/2/tweets/search/all?query=url+%3A+https%253A%252F%252Fwww.washingtonpost.com%252Fpolitics%252F2020%252F05%252F01%252Fwas-new-coronavirus-accidentally-released-wuhan-lab-its-doubtful%252F&max_results=100&tweet.fields=author_id%2Cpublic_metrics%2Ccreated_at&start_time=2018-07-13T19%3A31%3A10.107261Z
	Downloaded 99 twitter content
	Result [1]  Processing twitter ID 1408090239898378247: @Cork_Beasht @JamesCa18491392 @wh0967 @silversynergy @PeterHotez @shrimpzoo @JAMA_current No it wasn't. There has been speculation about it since the beginning of the pandemic. Have said all along this is unlikely, which is true.
https://t.co/5PDfQ6JA87
https://t.co/Bc0U2NZ5fm
	Result [2]  Processing twitter ID 1404130641235615748: RT @edwardcholmes: Dear @washingtonpost as I recently pointed out on Twitter *no* lab work on bat viruses was performed at the Wuhan CDC. A…
	Result [3]  Processing twitter ID 1400844483479093250: RT @DrewHolden360: @washingtonpost, might be time to update this one. https://t.co/ZL46EqaKUw
	Result [4]  Processing twitter ID 1400773957092052993: @mattlogical Then why is it necessary for Facebook to announce that it's no longer removing from its platforms claims that coronavirus was man-made? 

You will also get a kick out of this...

https://t.co/4hIicUMeaF
	Result [5]  Processing twitter ID 1398682770218491904: RT @baseballcrank: The punchline of this particular sneer is that the writer's employer was a leading player in the effort to brand the lab…
	Result [6]  Processing twitter ID 1398674859991969795: RT @baseballcrank: The punchline of this particular sneer is that the writer's employer was a leading player in the effort to brand the lab…
	Result [7]  Processing twitter ID 1398641123250393089: RT @baseballcrank: The punchline of this particular sneer is that the writer's employer was a leading player in the effort to brand the lab…
	Result [8]  Processing twitter ID 1398606039931629571: RT @baseballcrank: The punchline of this particular sneer is that the writer's employer was a leading player in the effort to brand the lab…
	Result [9]  Processing twitter ID 1398473065256951809: RT @baseballcrank: The punchline of this particular sneer is that the writer's employer was a leading player in the effort to brand the lab…
	Result [10]  Processing twitter ID 1398434944733659138: RT @baseballcrank: The punchline of this particular sneer is that the writer's employer was a leading player in the effort to brand the lab…
	Result [11]  Processing twitter ID 1398431038951542789: RT @baseballcrank: The punchline of this particular sneer is that the writer's employer was a leading player in the effort to brand the lab…
	Result [12]  Processing twitter ID 1398430701352108036: RT @baseballcrank: The punchline of this particular sneer is that the writer's employer was a leading player in the effort to brand the lab…
	Result [13]  Processing twitter ID 1398414462265311241: @emilyrauhala RT:@baseballcrank The punchline of this particular sneer’s that the writer's employer was a leading player in effort to brand #LabLeak hypothesis a conspiracy theory, which helped justify social-media sanctions against sharing it
https://t.co/xzGLfwUubD…
https://t.co/3HD2Z3vXPa
	Result [14]  Processing twitter ID 1398413658854772738: RT @baseballcrank: The punchline of this particular sneer is that the writer's employer was a leading player in the effort to brand the lab…
	Result [15]  Processing twitter ID 1398398226550513664: RT @baseballcrank: The punchline of this particular sneer is that the writer's employer was a leading player in the effort to brand the lab…
	Result [16]  Processing twitter ID 1398396860033732608: RT @baseballcrank: The punchline of this particular sneer is that the writer's employer was a leading player in the effort to brand the lab…
	Result [17]  Processing twitter ID 1398378660239974401: RT @baseballcrank: The punchline of this particular sneer is that the writer's employer was a leading player in the effort to brand the lab…
	Result [18]  Processing twitter ID 1398377303072284674: RT @baseballcrank: The punchline of this particular sneer is that the writer's employer was a leading player in the effort to brand the lab…
	Result [19]  Processing twitter ID 1398371862992896001: RT @baseballcrank: The punchline of this particular sneer is that the writer's employer was a leading player in the effort to brand the lab…
	Result [20]  Processing twitter ID 1398370394101358600: RT @baseballcrank: The punchline of this particular sneer is that the writer's employer was a leading player in the effort to brand the lab…
	Result [21]  Processing twitter ID 1398370013615063042: RT @baseballcrank: The punchline of this particular sneer is that the writer's employer was a leading player in the effort to brand the lab…
	Result [22]  Processing twitter ID 1398369009054199813: RT @baseballcrank: The punchline of this particular sneer is that the writer's employer was a leading player in the effort to brand the lab…
	Result [23]  Processing twitter ID 1398368144075468801: RT @baseballcrank: The punchline of this particular sneer is that the writer's employer was a leading player in the effort to brand the lab…
	Result [24]  Processing twitter ID 1398367706424954882: RT @baseballcrank: The punchline of this particular sneer is that the writer's employer was a leading player in the effort to brand the lab…
	Result [25]  Processing twitter ID 1398367266182369280: RT @baseballcrank: The punchline of this particular sneer is that the writer's employer was a leading player in the effort to brand the lab…
	Result [26]  Processing twitter ID 1398365546622582785: RT @baseballcrank: The punchline of this particular sneer is that the writer's employer was a leading player in the effort to brand the lab…
	Result [27]  Processing twitter ID 1398306438334799876: RT @baseballcrank: The punchline of this particular sneer is that the writer's employer was a leading player in the effort to brand the lab…
	Result [28]  Processing twitter ID 1398298898028974080: RT @baseballcrank: The punchline of this particular sneer is that the writer's employer was a leading player in the effort to brand the lab…
	Result [29]  Processing twitter ID 1398296298672042004: RT @baseballcrank: The punchline of this particular sneer is that the writer's employer was a leading player in the effort to brand the lab…
	Result [30]  Processing twitter ID 1398296025933221895: RT @baseballcrank: The punchline of this particular sneer is that the writer's employer was a leading player in the effort to brand the lab…
	Result [31]  Processing twitter ID 1398295165094318080: RT @baseballcrank: The punchline of this particular sneer is that the writer's employer was a leading player in the effort to brand the lab…
	Result [32]  Processing twitter ID 1398293776070692864: RT @baseballcrank: The punchline of this particular sneer is that the writer's employer was a leading player in the effort to brand the lab…
	Result [33]  Processing twitter ID 1398293678737788930: RT @baseballcrank: The punchline of this particular sneer is that the writer's employer was a leading player in the effort to brand the lab…
	Result [34]  Processing twitter ID 1398293612383903747: RT @baseballcrank: The punchline of this particular sneer is that the writer's employer was a leading player in the effort to brand the lab…
	Result [35]  Processing twitter ID 1398292860210921474: RT @baseballcrank: The punchline of this particular sneer is that the writer's employer was a leading player in the effort to brand the lab…
	Result [36]  Processing twitter ID 1398292469985447936: RT @baseballcrank: The punchline of this particular sneer is that the writer's employer was a leading player in the effort to brand the lab…
	Result [37]  Processing twitter ID 1398292174509416452: The punchline of this particular sneer is that the writer's employer was a leading player in the effort to brand the lab leak hypothesis a conspiracy theory, which helped justify social-media sanctions against sharing it.

https://t.co/G0kXFIWDWK

https://t.co/2KUg5Up3RE https://t.co/lh6pFWRiTu
	Result [38]  Processing twitter ID 1397944132946046982: Also: This @washingtonpost Fact Checker video from 12 months ago (&lt;giraffe gestation) funny for contrast with today. https://t.co/3mH2C7h3Xo
	Result [39]  Processing twitter ID 1397932313976115209: @emilyrauhala https://t.co/92uWMan274
	Result [40]  Processing twitter ID 1397929210203676677: @jimgeraghty I thought reporters ignored the story because it had been discredited by world renowned Fact Checker 
.@GlennKesslerWP ?
https://t.co/ss0bzEDxXP
	Result [41]  Processing twitter ID 1397928855319375875: @emilyrauhala I understand that as a reporter you don't actually "follow the news" outside of your personal assignments, but you should be aware that the "lab theory" was discredited by famed Fact Checker .@GlennKesslerWP 

https://t.co/ss0bzEDxXP
	Result [42]  Processing twitter ID 1397851390639235073: @washingtonpost Facts, facts, facts..... Did you change personnel or did you start to actually do something?

https://t.co/IIqqUxrJea
	Result [43]  Processing twitter ID 1397696540056199169: @DrewHolden360 @washingtonpost Other early reports in the general press:

https://t.co/E0MzMnXOTQ

https://t.co/iyF7FgtOtq

https://t.co/RJCW2kvMaX

https://t.co/nXsFLfsZjS
	Result [44]  Processing twitter ID 1397690866257608705: RT @DrewHolden360: @washingtonpost, might be time to update this one. https://t.co/ZL46EqaKUw
	Result [45]  Processing twitter ID 1397689897247338496: President Trump and his aides have speculated the new coronavirus sprang from a Chinese lab. Here's why scientists say that is almost certainly wrong. https://t.co/Ey9r49JmjM https://t.co/y4Emkl1iEJ
	Result [46]  Processing twitter ID 1397684490416181250: RT @thejoshuablog: Via @GlennKesslerWP: Was the new coronavirus accidentally released from a Wuhan lab? It’s doubtful. https://t.co/Sf7qx8r…
	Result [47]  Processing twitter ID 1397684370253647877: Via @GlennKesslerWP: Was the new coronavirus accidentally released from a Wuhan lab? It’s doubtful. https://t.co/Sf7qx8r5YD | #trumplies #trump #maga2020
	Result [48]  Processing twitter ID 1397547815753207809: @washingtonpost hey this article isn't aging very well now is it. Ever since Orange man bad left seems a lot of what he said is coming to the surface. The truth is coming

#chinavirus #covid #ChinaLiedPeopleDied @POTUS #wednesdaythought 

https://t.co/hDb2w8ic4k
	Result [49]  Processing twitter ID 1397360850604789763: @washingtonpost Why was this omitted from your timeline?

https://t.co/wWBnYcweXM
	Result [50]  Processing twitter ID 1397323994307514368: @R_tinti @janet_cutts @Barbara57595701 @janette_loftus @changeworld2 @P_Ailean @Krishraj52 @normsaid @koshe_suhas @GailEHughes @OutofSweden @Ruth53729779 @djmarkdevlin The Wuhan lab leak is not supported by scientific evidence. SARS-CoV-2 is a natural coronavirus that does not match any viruses stored at Wuhan Virology Lab. Was the new coronavirus accidentally released from a Wuhan lab? It’s doubtful. https://t.co/hyK52m5tQ4
	Result [51]  Processing twitter ID 1397315080233103361: @jimtravolta1 @trewennack @SturgillJennin2 @FoxNews Sometimes u get lucky with your guesses. Happens a lot. The point is, he had no intelligence to support such a claim, hence he got called out.  It's  irresponsible &amp; dangerous for a president to spit out pet theories. 
https://t.co/VnPL5Ji710
	Result [52]  Processing twitter ID 1397312781418909701: RT @Rasmussen_Poll: May 1, 2020 - Good 'Fact Checking' Times at WaPo

Analysis | Was the new coronavirus accidentally released from a Wuhan…
	Result [53]  Processing twitter ID 1397308150714445826: RT @Rasmussen_Poll: May 1, 2020 - Good 'Fact Checking' Times at WaPo

Analysis | Was the new coronavirus accidentally released from a Wuhan…
	Result [54]  Processing twitter ID 1397274779925766144: RT @Rasmussen_Poll: May 1, 2020 - Good 'Fact Checking' Times at WaPo

Analysis | Was the new coronavirus accidentally released from a Wuhan…
	Result [55]  Processing twitter ID 1397274160238403585: RT @Rasmussen_Poll: May 1, 2020 - Good 'Fact Checking' Times at WaPo

Analysis | Was the new coronavirus accidentally released from a Wuhan…
	Result [56]  Processing twitter ID 1397266736332918785: RT @Rasmussen_Poll: May 1, 2020 - Good 'Fact Checking' Times at WaPo

Analysis | Was the new coronavirus accidentally released from a Wuhan…
	Result [57]  Processing twitter ID 1397265183559458817: RT @Rasmussen_Poll: May 1, 2020 - Good 'Fact Checking' Times at WaPo

Analysis | Was the new coronavirus accidentally released from a Wuhan…
	Result [58]  Processing twitter ID 1397264739361869831: RT @Rasmussen_Poll: May 1, 2020 - Good 'Fact Checking' Times at WaPo

Analysis | Was the new coronavirus accidentally released from a Wuhan…
	Result [59]  Processing twitter ID 1397263935800324101: RT @Rasmussen_Poll: May 1, 2020 - Good 'Fact Checking' Times at WaPo

Analysis | Was the new coronavirus accidentally released from a Wuhan…
	Result [60]  Processing twitter ID 1397263662369415171: RT @Rasmussen_Poll: May 1, 2020 - Good 'Fact Checking' Times at WaPo

Analysis | Was the new coronavirus accidentally released from a Wuhan…
	Result [61]  Processing twitter ID 1397262724254638080: RT @Rasmussen_Poll: May 1, 2020 - Good 'Fact Checking' Times at WaPo

Analysis | Was the new coronavirus accidentally released from a Wuhan…
	Result [62]  Processing twitter ID 1397262212503379968: May 1, 2020 - Good 'Fact Checking' Times at WaPo

Analysis | Was the new coronavirus accidentally released from a Wuhan lab? It’s doubtful. https://t.co/mYsqwOxm9i
	Result [63]  Processing twitter ID 1397218537886846980: @jdelreal Other early reports in the general press:

https://t.co/E0MzMnXOTQ

https://t.co/iyF7FgtOtq

https://t.co/RJCW2kvMaX

https://t.co/nXsFLfsZjS

https://t.co/L9ec81fXPA
	Result [64]  Processing twitter ID 1397217727048257537: @postpolitics Other early reports in the general press:

https://t.co/E0MzMnXOTQ

https://t.co/iyF7FgtOtq

https://t.co/RJCW2kvMaX

https://t.co/nXsFLfsZjS

https://t.co/L9ec81fXPA
	Result [65]  Processing twitter ID 1397216783153737740: @PamelaFalk Other early reports in the general press:

https://t.co/E0MzMnXOTQ

https://t.co/iyF7FgtOtq

https://t.co/RJCW2kvMaX

https://t.co/nXsFLfsZjS

https://t.co/L9ec81fXPA
	Result [66]  Processing twitter ID 1397215736192544777: @HotlineJosh Other early reports in the general press:

https://t.co/E0MzMnXOTQ

https://t.co/iyF7FgtOtq

https://t.co/RJCW2kvMaX

https://t.co/nXsFLfsZjS

https://t.co/L9ec81fXPA
	Result [67]  Processing twitter ID 1397214820567601167: @johnrobertsFox Other early reports in the general press:

https://t.co/E0MzMnXOTQ

https://t.co/iyF7FgtOtq

https://t.co/RJCW2kvMaX

https://t.co/nXsFLfsZjS

https://t.co/L9ec81fXPA
	Result [68]  Processing twitter ID 1397212045313990666: @washingtonpost Other early reports in the general press:

https://t.co/E0MzMnXOTQ

https://t.co/iyF7FgtOtq

https://t.co/RJCW2kvMaX

https://t.co/nXsFLfsZjS

https://t.co/L9ec81fXPA

https://t.co/012UYkF0MH
	Result [69]  Processing twitter ID 1397209476109946901: RT @DrewHolden360: @washingtonpost, might be time to update this one. https://t.co/ZL46EqaKUw
	Result [70]  Processing twitter ID 1397209219095531520: RT @DrewHolden360: @washingtonpost, might be time to update this one. https://t.co/ZL46EqaKUw
	Result [71]  Processing twitter ID 1397188600786268162: @washingtonpost Shouldn't you be posting corrections to stuff like this? And say hi to Nick Sandmann.
https://t.co/CgD2z3KVkx
	Result [72]  Processing twitter ID 1397176893170880516: RT @DrewHolden360: @washingtonpost, might be time to update this one. https://t.co/ZL46EqaKUw
	Result [73]  Processing twitter ID 1397168737908715526: RT @DrewHolden360: @washingtonpost, might be time to update this one. https://t.co/ZL46EqaKUw
	Result [74]  Processing twitter ID 1397160629727793156: RT @DrewHolden360: @washingtonpost, might be time to update this one. https://t.co/ZL46EqaKUw
	Result [75]  Processing twitter ID 1397021878649192448: RT @DrewHolden360: @washingtonpost, might be time to update this one. https://t.co/ZL46EqaKUw
	Result [76]  Processing twitter ID 1397020910293553154: RT @DrewHolden360: @washingtonpost, might be time to update this one. https://t.co/ZL46EqaKUw
	Result [77]  Processing twitter ID 1397014444123648005: RT @DrewHolden360: @washingtonpost, might be time to update this one. https://t.co/ZL46EqaKUw
	Result [78]  Processing twitter ID 1397014056683425792: RT @DrewHolden360: @washingtonpost, might be time to update this one. https://t.co/ZL46EqaKUw
	Result [79]  Processing twitter ID 1397013086377111552: RT @DrewHolden360: @washingtonpost, might be time to update this one. https://t.co/ZL46EqaKUw
	Result [80]  Processing twitter ID 1397012660630269954: RT @DrewHolden360: @washingtonpost, might be time to update this one. https://t.co/ZL46EqaKUw
	Result [81]  Processing twitter ID 1397011545402511361: RT @DrewHolden360: @washingtonpost, might be time to update this one. https://t.co/ZL46EqaKUw
	Result [82]  Processing twitter ID 1397006459200749575: RT @DrewHolden360: @washingtonpost, might be time to update this one. https://t.co/ZL46EqaKUw
	Result [83]  Processing twitter ID 1397002936895561729: RT @DrewHolden360: @washingtonpost, might be time to update this one. https://t.co/ZL46EqaKUw
	Result [84]  Processing twitter ID 1397001202903224324: RT @DrewHolden360: @washingtonpost, might be time to update this one. https://t.co/ZL46EqaKUw
	Result [85]  Processing twitter ID 1396999546668998658: RT @DrewHolden360: @washingtonpost, might be time to update this one. https://t.co/ZL46EqaKUw
	Result [86]  Processing twitter ID 1396998106340892674: RT @DrewHolden360: @washingtonpost, might be time to update this one. https://t.co/ZL46EqaKUw
	Result [87]  Processing twitter ID 1396994400874602498: RT @DrewHolden360: @washingtonpost, might be time to update this one. https://t.co/ZL46EqaKUw
	Result [88]  Processing twitter ID 1396991839132073984: RT @DrewHolden360: @washingtonpost, might be time to update this one. https://t.co/ZL46EqaKUw
	Result [89]  Processing twitter ID 1396990062760452096: RT @DrewHolden360: @washingtonpost, might be time to update this one. https://t.co/ZL46EqaKUw
	Result [90]  Processing twitter ID 1396989207189598214: RT @DrewHolden360: @washingtonpost, might be time to update this one. https://t.co/ZL46EqaKUw
	Result [91]  Processing twitter ID 1396986250502959109: RT @DrewHolden360: @washingtonpost, might be time to update this one. https://t.co/ZL46EqaKUw
	Result [92]  Processing twitter ID 1396984957004914690: RT @DrewHolden360: @washingtonpost, might be time to update this one. https://t.co/ZL46EqaKUw
	Result [93]  Processing twitter ID 1396979648580526086: RT @DrewHolden360: @washingtonpost, might be time to update this one. https://t.co/ZL46EqaKUw
	Result [94]  Processing twitter ID 1396972542821347336: RT @DrewHolden360: @washingtonpost, might be time to update this one. https://t.co/ZL46EqaKUw
	Result [95]  Processing twitter ID 1396970049609637890: RT @DrewHolden360: @washingtonpost, might be time to update this one. https://t.co/ZL46EqaKUw
	Result [96]  Processing twitter ID 1396967079861968898: RT @DrewHolden360: @washingtonpost, might be time to update this one. https://t.co/ZL46EqaKUw
	Result [97]  Processing twitter ID 1396965313628024832: RT @DrewHolden360: @washingtonpost, might be time to update this one. https://t.co/ZL46EqaKUw
	Result [98]  Processing twitter ID 1396964055814971395: RT @DrewHolden360: @washingtonpost, might be time to update this one. https://t.co/ZL46EqaKUw
	Result [99]  Processing twitter ID 1396963847320309761: RT @DrewHolden360: @washingtonpost, might be time to update this one. https://t.co/ZL46EqaKUw

== Level 0. VK search by LINKS as https://www.washingtonpost.com/politics/2020/05/01/was-new-coronavirus-accidentally-released-wuhan-lab-its-doubtful/
In total was found 0

== Level 0. Google search by TITLE as Was the new coronavirus accidentally released from a Wuhan lab? Itâs doubtful. - The Washington Post
	Total amount of results retrieved: 8
	Result [1]  Processing URL https://www.washingtonpost.com/politics/2020/05/01/was-new-coronavirus-accidentally-released-wuhan-lab-its-doubtful/
		Repeated url: https://www.washingtonpost.com/politics/2020/05/01/was-new-coronavirus-accidentally-released-wuhan-lab-its-doubtful/.  Discarding.  
	Result [2]  Processing URL https://www.washingtonpost.com/world/asia_pacific/wuhan-lab-leak-secret-coronavirus/2021/06/22/b9c45940-cf08-11eb-a224-bd59bd22197c_story.html
		Date found in the API results: 2021-06-22T00:00:00
		Date found in the URL: 2021-06-22 00:00:00
		The content of https://www.washingtonpost.com/politics/2020/05/01/was-new-coronavirus-accidentally-released-wuhan-lab-its-doubtful/ has distance with https://www.washingtonpost.com/world/asia_pacific/wuhan-lab-leak-secret-coronavirus/2021/06/22/b9c45940-cf08-11eb-a224-bd59bd22197c_story.html of : 0.7821. Keeping.
		Adding to DB the URL https://www.washingtonpost.com/world/asia_pacific/wuhan-lab-leak-secret-coronavirus/2021/06/22/b9c45940-cf08-11eb-a224-bd59bd22197c_story.html
	Result [3]  Processing URL https://www.washingtonpost.com/video/world/fact-checker/did-coronavirus-accidentally-escape-from-a-wuhan-lab-its-doubtful--the-fact-checker/2020/04/30/16d4cc97-d959-4091-b274-5db889e467a5_video.html
		Date found in the API results: 2020-04-30T00:00:00
		! Timeout waiting for the web server to answer.  We ignore and continue.
		The content of the pages were not string. Verify.
		Different. The content of https://www.washingtonpost.com/politics/2020/05/01/was-new-coronavirus-accidentally-released-wuhan-lab-its-doubtful/ has distance with https://www.washingtonpost.com/video/world/fact-checker/did-coronavirus-accidentally-escape-from-a-wuhan-lab-its-doubtful--the-fact-checker/2020/04/30/16d4cc97-d959-4091-b274-5db889e467a5_video.html of: False. Discarding.
	Result [4]  Processing URL https://www.washingtonpost.com/health/coronavirus-lab-leak-theory/2021/06/20/30b10be2-c3d9-11eb-8c18-fd53a628b992_story.html
		Date found in the API results: 2021-06-20T00:00:00
		! Timeout waiting for the web server to answer.  We ignore and continue.
		The content of the pages were not string. Verify.
		Different. The content of https://www.washingtonpost.com/politics/2020/05/01/was-new-coronavirus-accidentally-released-wuhan-lab-its-doubtful/ has distance with https://www.washingtonpost.com/health/coronavirus-lab-leak-theory/2021/06/20/30b10be2-c3d9-11eb-8c18-fd53a628b992_story.html of: False. Discarding.
	Result [5]  Processing URL https://www.seattletimes.com/nation-world/fact-check-was-the-new-coronavirus-accidentally-released-from-a-wuhan-lab-its-doubtful/
		Date found in the API results: 2020-05-01T00:00:00
		! Timeout waiting for the web server to answer.  We ignore and continue.
		The content of the pages were not string. Verify.
		Different. The content of https://www.washingtonpost.com/politics/2020/05/01/was-new-coronavirus-accidentally-released-wuhan-lab-its-doubtful/ has distance with https://www.seattletimes.com/nation-world/fact-check-was-the-new-coronavirus-accidentally-released-from-a-wuhan-lab-its-doubtful/ of: False. Discarding.
	Result [6]  Processing URL https://www.wsj.com/articles/wuhan-lab-leak-question-chinese-mine-covid-pandemic-11621871125
		Date found in the API results: 2021-05-24T00:00:00
		Different. The content of https://www.washingtonpost.com/politics/2020/05/01/was-new-coronavirus-accidentally-released-wuhan-lab-its-doubtful/ has distance with https://www.wsj.com/articles/wuhan-lab-leak-question-chinese-mine-covid-pandemic-11621871125 of: 0.2974. Discarding.
	Result [7]  Processing URL https://www.nytimes.com/2021/05/27/us/politics/coronavirus-origins-intelligence.html
		Date found in the API results: 2021-05-27T00:00:00
		Date found in the URL: 2021-05-27 00:00:00
		The content of https://www.washingtonpost.com/politics/2020/05/01/was-new-coronavirus-accidentally-released-wuhan-lab-its-doubtful/ has distance with https://www.nytimes.com/2021/05/27/us/politics/coronavirus-origins-intelligence.html of : 0.3207. Keeping.
		Adding to DB the URL https://www.nytimes.com/2021/05/27/us/politics/coronavirus-origins-intelligence.html
	Result [8]  Processing URL https://www.cnn.com/2021/05/23/politics/us-intelligence-report-wuhan-lab-researchers-coronavirus-origin/index.html
		Date found in the API results: 2021-05-24T00:00:00
		Date found in the URL: 2021-05-23 00:00:00
		The content of https://www.washingtonpost.com/politics/2020/05/01/was-new-coronavirus-accidentally-released-wuhan-lab-its-doubtful/ has distance with https://www.cnn.com/2021/05/23/politics/us-intelligence-report-wuhan-lab-researchers-coronavirus-origin/index.html of : 0.3153. Keeping.
		Adding to DB the URL https://www.cnn.com/2021/05/23/politics/us-intelligence-report-wuhan-lab-researchers-coronavirus-origin/index.html

== Level 0. Twitter search by title as Was the new coronavirus accidentally released from a Wuhan lab? Itâs doubtful. - The Washington Post
https://api.twitter.com/2/tweets/search/all?query=%22Was+the+new+coronavirus+accidentally+released+from+a+Wuhan+lab%3F+It%C3%A2%C2%80%C2%99s+doubtful.+-+The+Washington+Post%22&max_results=100&tweet.fields=author_id%2Cpublic_metrics%2Ccreated_at&start_time=2018-07-13T19%3A31%3A54.566082Z
	Downloaded 0 twitter content

== Level 0. VK search by title as Was the new coronavirus accidentally released from a Wuhan lab? Itâs doubtful. - The Washington Post
In total was found 0
