Searching the distribution graph of URL https://www.rferl.org/a/nord-stream-2-is-russia-bad-deal-for-europe-also-a-done-deal-/31096487.html. Using 1 levels.

Main title: Nord Stream 2: Is Russia's 'Bad Deal For Europe' Also A Done Deal?
In level 0 were found 1 urls including original

== Level 0. Google search by LINKS to https://www.rferl.org/a/nord-stream-2-is-russia-bad-deal-for-europe-also-a-done-deal-/31096487.html
	Total amount of results retrieved: 5
	Result [1]  Processing URL https://www.rferl.org/a/nord-stream-2-is-russia-bad-deal-for-europe-also-a-done-deal-/31096487.html
		Date found in the API results: 2021-02-10T00:00:00
		Repeated url: https://www.rferl.org/a/nord-stream-2-is-russia-bad-deal-for-europe-also-a-done-deal-/31096487.html.  Discarding.  
	Result [2]  Processing URL https://www.rferl.org/sitemap_8_1.xml.gz
		Date found in the content of the page: None
		Not in content. The URL https://www.rferl.org/a/nord-stream-2-is-russia-bad-deal-for-europe-also-a-done-deal-/31096487.html is not in the content of site https://www.rferl.org/sitemap_8_1.xml.gz  Discarding.
	Result [3]  Processing URL http://ndtscouting.info/node/627
		Date found in the API results: 2021-03-26T00:00:00
		The URL https://www.rferl.org/a/nord-stream-2-is-russia-bad-deal-for-europe-also-a-done-deal-/31096487.html IS in the content of site http://ndtscouting.info/node/627  Keeping.
		Adding to DB the URL http://ndtscouting.info/node/627
	Result [4]  Processing URL https://twitter.com/rferl/status/1360061194439122945?lang=ar
		Date found in the content of the page: None
		Not in content. The URL https://www.rferl.org/a/nord-stream-2-is-russia-bad-deal-for-europe-also-a-done-deal-/31096487.html is not in the content of site https://twitter.com/rferl/status/1360061194439122945?lang=ar  Discarding.
	Result [5]  Processing URL https://twitter.com/rferl/status/1360061194439122945
		Date found in the content of the page: None
		Not in content. The URL https://www.rferl.org/a/nord-stream-2-is-russia-bad-deal-for-europe-also-a-done-deal-/31096487.html is not in the content of site https://twitter.com/rferl/status/1360061194439122945  Discarding.
		Date found in the API results: 2021-02-10T00:00:00

== Level 0. Twitter search by LINKS as https://www.rferl.org/a/nord-stream-2-is-russia-bad-deal-for-europe-also-a-done-deal-/31096487.html
https://api.twitter.com/2/tweets/search/all?query=url+%3A+https%253A%252F%252Fwww.rferl.org%252Fa%252Fnord-stream-2-is-russia-bad-deal-for-europe-also-a-done-deal-%252F31096487.html&max_results=100&tweet.fields=author_id%2Cpublic_metrics%2Ccreated_at&start_time=2020-07-13T00%3A19%3A15.796594Z
	Downloaded 31 twitter content
	Result [1]  Processing twitter ID 1361892102859235332: The big question, it seems, should be, "What the heck is Frau Ribbentrop thinking?!" "Nord Stream 2: Is Russia's 'Bad Deal For Europe' Also A Done Deal?" RFE https://t.co/0xlZxfqeah
	Result [2]  Processing twitter ID 1361691049408757764: Nord Stream 2: Is Russia's 'Bad Deal For Europe' Also A Done Deal? https://t.co/PbxY0LaBvi @RFERL @twesolowsky1 #NordStream2
	Result [3]  Processing twitter ID 1361682096532697091: RT @RFERL: Construction of the Nord Stream 2 pipeline has resumed, but is the controversial Russia-led project closer to completion?https:/…
	Result [4]  Processing twitter ID 1360671537242796037: RT @RFERL: U.S. President Joe Biden has called the Nord Stream 2 pipeline a ‘bad deal for Europe.’ Can it still be stopped?https://t.co/CFZ…
	Result [5]  Processing twitter ID 1360590252101009408: RT @RFERL: U.S. President Joe Biden has called the Nord Stream 2 pipeline a ‘bad deal for Europe.’ Can it still be stopped?https://t.co/CFZ…
	Result [6]  Processing twitter ID 1360578477569810434: Nord Stream 2: Is Russia's 'Bad Deal For Europe' Also A Done Deal? https://t.co/itsPaJ3sUn
	Result [7]  Processing twitter ID 1360512861647360002: RT @RFERL: Construction of the Nord Stream 2 pipeline has resumed, but is the controversial Russia-led project closer to completion?https:/…
	Result [8]  Processing twitter ID 1360505703467790338: Nord Stream 2: Is Russia's 'Bad Deal For Europe' Also A Done Deal? https://t.co/4wN4SE5knL
	Result [9]  Processing twitter ID 1360490415791755265: RT @RFERL: Construction of the Nord Stream 2 pipeline has resumed, but is the controversial Russia-led project closer to completion?https:/…
	Result [10]  Processing twitter ID 1360471847788310528: RT @RFERL: Construction of the Nord Stream 2 pipeline has resumed, but is the controversial Russia-led project closer to completion?https:/…
	Result [11]  Processing twitter ID 1360453737660231681: Construction of the Nord Stream 2 pipeline has resumed, but is the controversial Russia-led project closer to completion?https://t.co/CFZaPYZcEU
	Result [12]  Processing twitter ID 1360274336834322433: RT @RFERL: U.S. President Joe Biden has called the Nord Stream 2 pipeline a ‘bad deal for Europe.’ Can it still be stopped?https://t.co/CFZ…
	Result [13]  Processing twitter ID 1360181311378497537: Unnecessary Pipeline!
“Amid the heated-up politics over Nord Stream 2, Arild Moe, energy researcher at Norway's Fridtjof Nansen Institute, said that there was no need for it at this point, given that EU gas demand is rising slower than had been projected.” https://t.co/3oft6YOKGS
	Result [14]  Processing twitter ID 1360066756337934340: RT @RFERL: U.S. President Joe Biden has called the Nord Stream 2 pipeline a ‘bad deal for Europe.’ Can it still be stopped?https://t.co/CFZ…
	Result [15]  Processing twitter ID 1360066380049969154: Nord Stream 2: Is Russia's 'Bad Deal For Europe' Also A Done Deal? https://t.co/PojcEr1ScM
	Result [16]  Processing twitter ID 1360064904653324291: RT @RFERL: U.S. President Joe Biden has called the Nord Stream 2 pipeline a ‘bad deal for Europe.’ Can it still be stopped?https://t.co/CFZ…
	Result [17]  Processing twitter ID 1360063083125891075: RT @RFERL: U.S. President Joe Biden has called the Nord Stream 2 pipeline a ‘bad deal for Europe.’ Can it still be stopped?https://t.co/CFZ…
	Result [18]  Processing twitter ID 1360061194439122945: U.S. President Joe Biden has called the Nord Stream 2 pipeline a ‘bad deal for Europe.’ Can it still be stopped?https://t.co/CFZaPYZcEU
	Result [19]  Processing twitter ID 1359864312354009088: Nord Stream 2: Is Russia's 'Bad Deal For Europe' Also A Done Deal? https://t.co/1CveYYy7nf
	Result [20]  Processing twitter ID 1359841268126384128: 'On February 7, the consortium overseeing the construction of a 1,200-kilometer pipeline to supply Russian natural gas to Europe announced it had resumed laying pipes in the final unfinished stretch in Danish waters.' #NordStream2 https://t.co/r64wVLGohL
	Result [21]  Processing twitter ID 1359786027175600131: #RFERL Nord Stream 2: Is Russia's 'Bad Deal For Europe' Also A Done Deal? https://t.co/I7A7TMyCrM #CentralAsia
	Result [22]  Processing twitter ID 1359673518431105028: RT @UaNews_online: Nord Stream 2: Is Russia's 'Bad Deal For Europe' Also A Done Deal? https://t.co/3jeSOR8yyN https://t.co/RoHWl7M4I8
	Result [23]  Processing twitter ID 1359663667160092673: Is Russia's 'Bad Deal For Europe' Also A Done Deal?  https://t.co/kXZouqvQyt
	Result [24]  Processing twitter ID 1359643320792870918: RT @UaNews_online: Nord Stream 2: Is Russia's 'Bad Deal For Europe' Also A Done Deal? https://t.co/DtxTK0rMXF https://t.co/YI2sU7jAXr
	Result [25]  Processing twitter ID 1359628838863589376: RT @RFERL: U.S. President Joe Biden has called the Nord Stream 2 pipeline a "bad deal" for Europe. Can it still be stopped? https://t.co/jF…
	Result [26]  Processing twitter ID 1359624997426388994: RT @RFERL: U.S. President Joe Biden has called the Nord Stream 2 pipeline a "bad deal" for Europe. Can it still be stopped? https://t.co/jF…
	Result [27]  Processing twitter ID 1359624788252241931: RT @RFERL: U.S. President Joe Biden has called the Nord Stream 2 pipeline a "bad deal" for Europe. Can it still be stopped? https://t.co/jF…
	Result [28]  Processing twitter ID 1359623650551296003: RT @RFERL: U.S. President Joe Biden has called the Nord Stream 2 pipeline a "bad deal" for Europe. Can it still be stopped? https://t.co/jF…
	Result [29]  Processing twitter ID 1359623455319199750: U.S. President Joe Biden has called the Nord Stream 2 pipeline a "bad deal" for Europe. Can it still be stopped? https://t.co/jFEzk3NScz
	Result [30]  Processing twitter ID 1359601293346541569: Nord Stream 2: Is Russia's 'Bad Deal For Europe' Also A Done Deal? https://t.co/4TsGd2gTPi https://t.co/25BEPE9z6s
	Result [31]  Processing twitter ID 1359592496414683137: Nord Stream 2: Is Russia's 'Bad Deal For Europe' Also A Done Deal? https://t.co/SQN4lQqpw8

== Level 0. VK search by LINKS as https://www.rferl.org/a/nord-stream-2-is-russia-bad-deal-for-europe-also-a-done-deal-/31096487.html
In total was found 0

== Level 0. Google search by TITLE as Nord Stream 2: Is Russia's 'Bad Deal For Europe' Also A Done Deal?
	Total amount of results retrieved: 58
	Result [1]  Processing URL https://www.rferl.org/a/nord-stream-2-is-russia-bad-deal-for-europe-also-a-done-deal-/31096487.html
		Date found in the API results: 2021-02-10T00:00:00
		Repeated url: https://www.rferl.org/a/nord-stream-2-is-russia-bad-deal-for-europe-also-a-done-deal-/31096487.html.  Discarding.  
	Result [2]  Processing URL https://www.fni.no/media/nord-stream-2-is-russia-s-bad-deal-for-europe-also-a-done-deal
		The content of https://www.rferl.org/a/nord-stream-2-is-russia-bad-deal-for-europe-also-a-done-deal-/31096487.html has distance with https://www.fni.no/media/nord-stream-2-is-russia-s-bad-deal-for-europe-also-a-done-deal of : 0.3088. Keeping.
		Adding to DB the URL https://www.fni.no/media/nord-stream-2-is-russia-s-bad-deal-for-europe-also-a-done-deal
	Result [3]  Processing URL https://www.atlanticcouncil.org/blogs/ukrainealert/is-nord-stream-2-a-done-deal/
		Date found in the API results: 2019-11-01T00:00:00
		Different. The content of https://www.rferl.org/a/nord-stream-2-is-russia-bad-deal-for-europe-also-a-done-deal-/31096487.html has distance with https://www.atlanticcouncil.org/blogs/ukrainealert/is-nord-stream-2-a-done-deal/ of: 0.2905. Discarding.
	Result [4]  Processing URL https://www.reuters.com/article/us-germany-usa-nordstream-analysis-idUSKBN2B80H0
		Date found in the API results: 2021-03-15T00:00:00
		The content of https://www.rferl.org/a/nord-stream-2-is-russia-bad-deal-for-europe-also-a-done-deal-/31096487.html has distance with https://www.reuters.com/article/us-germany-usa-nordstream-analysis-idUSKBN2B80H0 of : 0.3238. Keeping.
		Adding to DB the URL https://www.reuters.com/article/us-germany-usa-nordstream-analysis-idUSKBN2B80H0
	Result [5]  Processing URL https://www.rigzone.com/news/wire/biden_admin_official_calls_nord_stream_2_done_deal-07-jun-2021-165624-article/
		Date found in the API results: 2021-06-07T00:00:00
		Date found in the URL: 2021-06-07 00:00:00
		The content of https://www.rferl.org/a/nord-stream-2-is-russia-bad-deal-for-europe-also-a-done-deal-/31096487.html has distance with https://www.rigzone.com/news/wire/biden_admin_official_calls_nord_stream_2_done_deal-07-jun-2021-165624-article/ of : 0.3252. Keeping.
		Adding to DB the URL https://www.rigzone.com/news/wire/biden_admin_official_calls_nord_stream_2_done_deal-07-jun-2021-165624-article/
	Result [6]  Processing URL https://www.cnbc.com/2021/03/09/nord-stream-2-why-a-us-eu-dispute-is-likely-to-go-from-bad-to-worse.html
		Date found in the API results: 2021-03-09T00:00:00
		Date found in the URL: 2021-03-09 00:00:00
		Different. The content of https://www.rferl.org/a/nord-stream-2-is-russia-bad-deal-for-europe-also-a-done-deal-/31096487.html has distance with https://www.cnbc.com/2021/03/09/nord-stream-2-why-a-us-eu-dispute-is-likely-to-go-from-bad-to-worse.html of: 0.2861. Discarding.
	Result [7]  Processing URL https://rethinkthedeal.eu/
		Different. The content of https://www.rferl.org/a/nord-stream-2-is-russia-bad-deal-for-europe-also-a-done-deal-/31096487.html has distance with https://rethinkthedeal.eu/ of: 0.2732. Discarding.
	Result [8]  Processing URL https://www.euronews.com/2021/03/25/nord-stream-2-is-a-bad-idea-and-a-bad-deal-for-europe-us-antony-blinken-tells-euronews
		Date found in the API results: 2021-03-25T00:00:00
		Date found in the URL: 2021-03-25 00:00:00
		Different. The content of https://www.rferl.org/a/nord-stream-2-is-russia-bad-deal-for-europe-also-a-done-deal-/31096487.html has distance with https://www.euronews.com/2021/03/25/nord-stream-2-is-a-bad-idea-and-a-bad-deal-for-europe-us-antony-blinken-tells-euronews of: 0.2516. Discarding.
	Result [9]  Processing URL https://theweek.com/feature/briefing/1001492/russias-nord-stream-2-pipeline
		Date found in the API results: 2021-06-17T00:00:00
		Different. The content of https://www.rferl.org/a/nord-stream-2-is-russia-bad-deal-for-europe-also-a-done-deal-/31096487.html has distance with https://theweek.com/feature/briefing/1001492/russias-nord-stream-2-pipeline of: 0.2766. Discarding.
	Result [10]  Processing URL https://www.politico.eu/article/six-questions-looming-over-the-nord-stream-2-pipeline/
		Date found in the API results: 2021-04-14T00:00:00
		Date found in the content of the page: None
		Different. The content of https://www.rferl.org/a/nord-stream-2-is-russia-bad-deal-for-europe-also-a-done-deal-/31096487.html has distance with https://www.politico.eu/article/six-questions-looming-over-the-nord-stream-2-pipeline/ of: 0.027399960575596294. Discarding.
	Result [11]  Processing URL https://foreignpolicy.com/2021/04/09/sanctions-wont-stop-nord-stream-2-diplomacy-will/
		Date found in the API results: 2021-04-09T00:00:00
		Date found in the URL: 2021-04-09 00:00:00
		The content of https://www.rferl.org/a/nord-stream-2-is-russia-bad-deal-for-europe-also-a-done-deal-/31096487.html has distance with https://foreignpolicy.com/2021/04/09/sanctions-wont-stop-nord-stream-2-diplomacy-will/ of : 0.3381. Keeping.
		Adding to DB the URL https://foreignpolicy.com/2021/04/09/sanctions-wont-stop-nord-stream-2-diplomacy-will/
	Result [12]  Processing URL https://www.defensenews.com/opinion/commentary/2021/04/08/punishing-germany-for-nord-stream-2-does-nothing-to-stop-putin/
		Date found in the API results: 2021-04-08T00:00:00
		Date found in the URL: 2021-04-08 00:00:00
		The content of https://www.rferl.org/a/nord-stream-2-is-russia-bad-deal-for-europe-also-a-done-deal-/31096487.html has distance with https://www.defensenews.com/opinion/commentary/2021/04/08/punishing-germany-for-nord-stream-2-does-nothing-to-stop-putin/ of : 0.3451. Keeping.
		Adding to DB the URL https://www.defensenews.com/opinion/commentary/2021/04/08/punishing-germany-for-nord-stream-2-does-nothing-to-stop-putin/
	Result [13]  Processing URL https://www.france24.com/en/live-news/20210615-nord-stream-2-pipeline-controversial-and-unstoppable
		Date found in the API results: 2021-06-15T00:00:00
		Date found in the URL: 2021-06-15 00:00:00
		Different. The content of https://www.rferl.org/a/nord-stream-2-is-russia-bad-deal-for-europe-also-a-done-deal-/31096487.html has distance with https://www.france24.com/en/live-news/20210615-nord-stream-2-pipeline-controversial-and-unstoppable of: 0.048944985065998654. Discarding.
	Result [14]  Processing URL https://www.cnn.com/2021/05/18/politics/us-nord-stream-decision/index.html
		Date found in the API results: None
		Date found in the URL: 2021-05-18 00:00:00
		The content of https://www.rferl.org/a/nord-stream-2-is-russia-bad-deal-for-europe-also-a-done-deal-/31096487.html has distance with https://www.cnn.com/2021/05/18/politics/us-nord-stream-decision/index.html of : 0.3281. Keeping.
		Adding to DB the URL https://www.cnn.com/2021/05/18/politics/us-nord-stream-decision/index.html
	Result [15]  Processing URL https://www.eureporter.co/world/us/2021/03/17/germany-bets-us-will-make-the-best-of-bad-deal-nord-stream-gas-link/
		Date found in the API results: 2021-03-17T00:00:00
		Date found in the URL: 2021-03-17 00:00:00
		The content of https://www.rferl.org/a/nord-stream-2-is-russia-bad-deal-for-europe-also-a-done-deal-/31096487.html has distance with https://www.eureporter.co/world/us/2021/03/17/germany-bets-us-will-make-the-best-of-bad-deal-nord-stream-gas-link/ of : 0.3797. Keeping.
		Adding to DB the URL https://www.eureporter.co/world/us/2021/03/17/germany-bets-us-will-make-the-best-of-bad-deal-nord-stream-gas-link/
	Result [16]  Processing URL https://thehill.com/opinion/white-house/552809-congress-may-force-biden-to-stop-russias-nord-stream-2-pipeline
		Date found in the API results: None
		Different. The content of https://www.rferl.org/a/nord-stream-2-is-russia-bad-deal-for-europe-also-a-done-deal-/31096487.html has distance with https://thehill.com/opinion/white-house/552809-congress-may-force-biden-to-stop-russias-nord-stream-2-pipeline of: 0.2953. Discarding.
	Result [17]  Processing URL https://www.euractiv.com/section/global-europe/opinion/biden-takes-a-realpolitik-approach-on-nord-stream-2/
		Date found in the API results: 2021-03-11T00:00:00
		The content of https://www.rferl.org/a/nord-stream-2-is-russia-bad-deal-for-europe-also-a-done-deal-/31096487.html has distance with https://www.euractiv.com/section/global-europe/opinion/biden-takes-a-realpolitik-approach-on-nord-stream-2/ of : 0.306. Keeping.
		Adding to DB the URL https://www.euractiv.com/section/global-europe/opinion/biden-takes-a-realpolitik-approach-on-nord-stream-2/
	Result [18]  Processing URL https://www.foreignaffairs.com/articles/germany/2021-04-22/russias-gas-pipeline-doesnt-need-rupture-transatlantic-relations
		Date found in the API results: 2021-04-22T00:00:00
		Date found in the URL: 2021-04-22 00:00:00
		The content of https://www.rferl.org/a/nord-stream-2-is-russia-bad-deal-for-europe-also-a-done-deal-/31096487.html has distance with https://www.foreignaffairs.com/articles/germany/2021-04-22/russias-gas-pipeline-doesnt-need-rupture-transatlantic-relations of : 0.3447. Keeping.
		Adding to DB the URL https://www.foreignaffairs.com/articles/germany/2021-04-22/russias-gas-pipeline-doesnt-need-rupture-transatlantic-relations
	Result [19]  Processing URL https://corporate.nordea.com/article/64814/fx-weekly-will-nord-stream-2-lead-gas-north-but-risk-assets-south
		Date found in the API results: 2021-04-11T00:00:00
		Date found in the content of the page: None
		Different. The content of https://www.rferl.org/a/nord-stream-2-is-russia-bad-deal-for-europe-also-a-done-deal-/31096487.html has distance with https://corporate.nordea.com/article/64814/fx-weekly-will-nord-stream-2-lead-gas-north-but-risk-assets-south of: 0.2308874686514036. Discarding.
	Result [20]  Processing URL https://coffeeordie.com/russias-attempt-to-divide-us-europe/
		Date found in the API results: 2021-04-09T00:00:00
		The content of https://www.rferl.org/a/nord-stream-2-is-russia-bad-deal-for-europe-also-a-done-deal-/31096487.html has distance with https://coffeeordie.com/russias-attempt-to-divide-us-europe/ of : 0.3493. Keeping.
		Adding to DB the URL https://coffeeordie.com/russias-attempt-to-divide-us-europe/
	Result [21]  Processing URL https://www.bloomberg.com/opinion/articles/2018-11-27/nord-stream-2-the-right-and-wrong-response-for-america
		Date found in the API results: 2018-11-27T00:00:00
		Date found in the content of the page: None
		Different. The content of https://www.rferl.org/a/nord-stream-2-is-russia-bad-deal-for-europe-also-a-done-deal-/31096487.html has distance with https://www.bloomberg.com/opinion/articles/2018-11-27/nord-stream-2-the-right-and-wrong-response-for-america of: 0.2244. Discarding.
	Result [22]  Processing URL https://coffeeordie.com/russias-attempt-to-divide-us-europe/
		Date found in the API results: 2021-04-09T00:00:00
		The content of https://www.rferl.org/a/nord-stream-2-is-russia-bad-deal-for-europe-also-a-done-deal-/31096487.html has distance with https://coffeeordie.com/russias-attempt-to-divide-us-europe/ of : 0.3493. Keeping.
		Adding to DB the URL https://coffeeordie.com/russias-attempt-to-divide-us-europe/
	Result [23]  Processing URL https://www.washingtontimes.com/news/2021/mar/28/antony-blinken-offers-mixed-message-on-russian-nor/
		Date found in the API results: 2021-03-28T00:00:00
		Date found in the URL: 2021-03-02 00:00:00
		The content of https://www.rferl.org/a/nord-stream-2-is-russia-bad-deal-for-europe-also-a-done-deal-/31096487.html has distance with https://www.washingtontimes.com/news/2021/mar/28/antony-blinken-offers-mixed-message-on-russian-nor/ of : 0.3627. Keeping.
		Adding to DB the URL https://www.washingtontimes.com/news/2021/mar/28/antony-blinken-offers-mixed-message-on-russian-nor/
	Result [24]  Processing URL https://www.axios.com/biden-putin-russia-nord-stream-pipeline-842f5dc5-eb35-42ee-b2e2-6ce7fbb11f74.html
		Date found in the API results: 2021-02-23T00:00:00
		Different. The content of https://www.rferl.org/a/nord-stream-2-is-russia-bad-deal-for-europe-also-a-done-deal-/31096487.html has distance with https://www.axios.com/biden-putin-russia-nord-stream-pipeline-842f5dc5-eb35-42ee-b2e2-6ce7fbb11f74.html of: 0.2918. Discarding.
	Result [25]  Processing URL https://cepa.org/back-to-december-exposing-nord-stream-2-spin/
		Date found in the API results: 2020-12-09T00:00:00
		The content of https://www.rferl.org/a/nord-stream-2-is-russia-bad-deal-for-europe-also-a-done-deal-/31096487.html has distance with https://cepa.org/back-to-december-exposing-nord-stream-2-spin/ of : 0.3377. Keeping.
		Adding to DB the URL https://cepa.org/back-to-december-exposing-nord-stream-2-spin/
	Result [26]  Processing URL https://www.euronews.com/2021/03/25/nord-stream-2-is-a-bad-idea-and-a-bad-deal-for-europe-us-antony-blinken-tells-euronews
		Date found in the API results: 2021-03-25T00:00:00
		Date found in the URL: 2021-03-25 00:00:00
		Different. The content of https://www.rferl.org/a/nord-stream-2-is-russia-bad-deal-for-europe-also-a-done-deal-/31096487.html has distance with https://www.euronews.com/2021/03/25/nord-stream-2-is-a-bad-idea-and-a-bad-deal-for-europe-us-antony-blinken-tells-euronews of: 0.2516. Discarding.
	Result [27]  Processing URL https://www.woodmac.com/news/opinion/nord-stream-2-and-the-battle-for-gas-market-share-in-europe/
		Date found in the API results: 2020-07-24T00:00:00
		The content of https://www.rferl.org/a/nord-stream-2-is-russia-bad-deal-for-europe-also-a-done-deal-/31096487.html has distance with https://www.woodmac.com/news/opinion/nord-stream-2-and-the-battle-for-gas-market-share-in-europe/ of : 0.3149. Keeping.
		Adding to DB the URL https://www.woodmac.com/news/opinion/nord-stream-2-and-the-battle-for-gas-market-share-in-europe/
	Result [28]  Processing URL https://ethz.ch/content/dam/ethz/special-interest/gess/cis/center-for-securities-studies/pdfs/PP4-4.pdf
		Blacklisted url: https://ethz.ch/content/dam/ethz/special-interest/gess/cis/center-for-securities-studies/pdfs/PP4-4.pdf.  Discarding.  
	Result [29]  Processing URL https://www.neweurope.eu/article/us-sanctions-aim-at-stifling-nord-stream-2-gas-line/
		Date found in the API results: 2020-11-13T00:00:00
		Different. The content of https://www.rferl.org/a/nord-stream-2-is-russia-bad-deal-for-europe-also-a-done-deal-/31096487.html has distance with https://www.neweurope.eu/article/us-sanctions-aim-at-stifling-nord-stream-2-gas-line/ of: 0.24249027237354084. Discarding.
	Result [30]  Processing URL https://www.ft.com/content/548067b9-2ff0-4a2a-94af-b74d763f4561
		Date found in the API results: 2021-02-15T00:00:00
		The content of https://www.rferl.org/a/nord-stream-2-is-russia-bad-deal-for-europe-also-a-done-deal-/31096487.html has distance with https://www.ft.com/content/548067b9-2ff0-4a2a-94af-b74d763f4561 of : 0.3291. Keeping.
		Adding to DB the URL https://www.ft.com/content/548067b9-2ff0-4a2a-94af-b74d763f4561
	Result [31]  Processing URL https://www.euronews.com/2021/03/25/nord-stream-2-is-a-bad-idea-and-a-bad-deal-for-europe-us-antony-blinken-tells-euronews
		Date found in the API results: 2021-03-25T00:00:00
		Date found in the URL: 2021-03-25 00:00:00
		Different. The content of https://www.rferl.org/a/nord-stream-2-is-russia-bad-deal-for-europe-also-a-done-deal-/31096487.html has distance with https://www.euronews.com/2021/03/25/nord-stream-2-is-a-bad-idea-and-a-bad-deal-for-europe-us-antony-blinken-tells-euronews of: 0.2516. Discarding.
	Result [32]  Processing URL https://www.woodmac.com/news/opinion/nord-stream-2-and-the-battle-for-gas-market-share-in-europe/
		Date found in the API results: 2020-07-24T00:00:00
		The content of https://www.rferl.org/a/nord-stream-2-is-russia-bad-deal-for-europe-also-a-done-deal-/31096487.html has distance with https://www.woodmac.com/news/opinion/nord-stream-2-and-the-battle-for-gas-market-share-in-europe/ of : 0.3149. Keeping.
		Adding to DB the URL https://www.woodmac.com/news/opinion/nord-stream-2-and-the-battle-for-gas-market-share-in-europe/
	Result [33]  Processing URL https://ethz.ch/content/dam/ethz/special-interest/gess/cis/center-for-securities-studies/pdfs/PP4-4.pdf
		Blacklisted url: https://ethz.ch/content/dam/ethz/special-interest/gess/cis/center-for-securities-studies/pdfs/PP4-4.pdf.  Discarding.  
	Result [34]  Processing URL https://www.neweurope.eu/article/us-sanctions-aim-at-stifling-nord-stream-2-gas-line/
		Date found in the API results: 2020-11-13T00:00:00
		Different. The content of https://www.rferl.org/a/nord-stream-2-is-russia-bad-deal-for-europe-also-a-done-deal-/31096487.html has distance with https://www.neweurope.eu/article/us-sanctions-aim-at-stifling-nord-stream-2-gas-line/ of: 0.24280155642023346. Discarding.
	Result [35]  Processing URL https://www.theguardian.com/world/2018/may/22/boris-johnson-joins-us-criticising-russia-germany-gas-pipeline-nord-stream-2
		Date found in the API results: 2018-05-22T00:00:00
		Different. The content of https://www.rferl.org/a/nord-stream-2-is-russia-bad-deal-for-europe-also-a-done-deal-/31096487.html has distance with https://www.theguardian.com/world/2018/may/22/boris-johnson-joins-us-criticising-russia-germany-gas-pipeline-nord-stream-2 of: 0.2952. Discarding.
	Result [36]  Processing URL https://www.brookings.edu/blog/order-from-chaos/2015/10/28/forget-russia-european-energy-security-begins-at-home/
		Date found in the API results: 2015-10-28T00:00:00
		Different. The content of https://www.rferl.org/a/nord-stream-2-is-russia-bad-deal-for-europe-also-a-done-deal-/31096487.html has distance with https://www.brookings.edu/blog/order-from-chaos/2015/10/28/forget-russia-european-energy-security-begins-at-home/ of: 0.2978. Discarding.
	Result [37]  Processing URL https://www.csmonitor.com/World/Europe/2020/1109/Why-a-Russo-German-pipeline-is-a-potential-US-sanctions-battleground
		Date found in the API results: 2020-11-09T00:00:00
		The content of https://www.rferl.org/a/nord-stream-2-is-russia-bad-deal-for-europe-also-a-done-deal-/31096487.html has distance with https://www.csmonitor.com/World/Europe/2020/1109/Why-a-Russo-German-pipeline-is-a-potential-US-sanctions-battleground of : 0.327. Keeping.
		Adding to DB the URL https://www.csmonitor.com/World/Europe/2020/1109/Why-a-Russo-German-pipeline-is-a-potential-US-sanctions-battleground
	Result [38]  Processing URL https://nationalinterest.org/feature/nord-stream-2-don%E2%80%99t-make-bad-deal-worse-181180
		Date found in the API results: 2021-03-26T00:00:00
		Date found in the content of the page: None
		Different. The content of https://www.rferl.org/a/nord-stream-2-is-russia-bad-deal-for-europe-also-a-done-deal-/31096487.html has distance with https://nationalinterest.org/feature/nord-stream-2-don%E2%80%99t-make-bad-deal-worse-181180 of: 0.049742543476148836. Discarding.
	Result [39]  Processing URL https://euobserver.com/energy/146993
		Date found in the API results: 2019-12-20T00:00:00
		Different. The content of https://www.rferl.org/a/nord-stream-2-is-russia-bad-deal-for-europe-also-a-done-deal-/31096487.html has distance with https://euobserver.com/energy/146993 of: 0.2906. Discarding.
	Result [40]  Processing URL https://www.straitstimes.com/world/united-states/biden-to-host-germanys-merkel-at-white-house-next-thursday-white-house
		Date found in the API results: 2021-07-10T00:20:39.778713
		! Error getting the content of the web.
		! ('Received response with content-encoding: gzip, but failed to decode it.', error('Error -3 while decompressing data: incorrect header check'))
		<class 'requests.exceptions.ContentDecodingError'>
		The content of the pages were not string. Verify.
		Different. The content of https://www.rferl.org/a/nord-stream-2-is-russia-bad-deal-for-europe-also-a-done-deal-/31096487.html has distance with https://www.straitstimes.com/world/united-states/biden-to-host-germanys-merkel-at-white-house-next-thursday-white-house of: False. Discarding.
	Result [41]  Processing URL https://strategicstudyindia.blogspot.com/2021/07/faltering-fightback-zelenskys-piecemeal.html
		Date found in the API results: 2021-07-12
		Different. The content of https://www.rferl.org/a/nord-stream-2-is-russia-bad-deal-for-europe-also-a-done-deal-/31096487.html has distance with https://strategicstudyindia.blogspot.com/2021/07/faltering-fightback-zelenskys-piecemeal.html of: 0.2831. Discarding.
	Result [42]  Processing URL https://www.forbes.com/sites/uhenergy/2021/06/09/is-biden-trying-to-sell-nord-stream-2-approval-as-a-green-energy-initiative/
		Date found in the API results: 2021-06-09T00:00:00
		Date found in the URL: 2021-06-09 00:00:00
		The content of https://www.rferl.org/a/nord-stream-2-is-russia-bad-deal-for-europe-also-a-done-deal-/31096487.html has distance with https://www.forbes.com/sites/uhenergy/2021/06/09/is-biden-trying-to-sell-nord-stream-2-approval-as-a-green-energy-initiative/ of : 0.3466. Keeping.
		Adding to DB the URL https://www.forbes.com/sites/uhenergy/2021/06/09/is-biden-trying-to-sell-nord-stream-2-approval-as-a-green-energy-initiative/
	Result [43]  Processing URL http://hgwv.aiarovigo.it/mobile-reset-code-all-mobile-one.html
		The content of https://www.rferl.org/a/nord-stream-2-is-russia-bad-deal-for-europe-also-a-done-deal-/31096487.html has distance with http://hgwv.aiarovigo.it/mobile-reset-code-all-mobile-one.html of : 0.3092. Keeping.
		Adding to DB the URL http://hgwv.aiarovigo.it/mobile-reset-code-all-mobile-one.html
	Result [44]  Processing URL http://amtc.sslaziocalcioa5-settoregiovanile.it/portuguese-tv-series.html
		! Error getting the content of the web.
		! Document is empty
		<class 'lxml.etree.ParserError'>
		The content of the pages were not string. Verify.
		Different. The content of https://www.rferl.org/a/nord-stream-2-is-russia-bad-deal-for-europe-also-a-done-deal-/31096487.html has distance with http://amtc.sslaziocalcioa5-settoregiovanile.it/portuguese-tv-series.html of: False. Discarding.
	Result [45]  Processing URL https://www.marketbeat.com/
		Different. The content of https://www.rferl.org/a/nord-stream-2-is-russia-bad-deal-for-europe-also-a-done-deal-/31096487.html has distance with https://www.marketbeat.com/ of: 0.2944. Discarding.
	Result [46]  Processing URL https://www.techradar.com/au/news/archive
		Different. The content of https://www.rferl.org/a/nord-stream-2-is-russia-bad-deal-for-europe-also-a-done-deal-/31096487.html has distance with https://www.techradar.com/au/news/archive of: 0.2953. Discarding.
	Result [47]  Processing URL https://www.thesun.ie/sport/football/7266933/gareth-southgate-amazing-journey-england-euro-2020/
		Date found in the API results: 2021-07-10T00:20:46.795796
		! Error getting the content of the web.
		! can't compare offset-naive and offset-aware datetimes
		<class 'TypeError'>
		The content of the pages were not string. Verify.
		Different. The content of https://www.rferl.org/a/nord-stream-2-is-russia-bad-deal-for-europe-also-a-done-deal-/31096487.html has distance with https://www.thesun.ie/sport/football/7266933/gareth-southgate-amazing-journey-england-euro-2020/ of: False. Discarding.
	Result [48]  Processing URL http://yeyh.nonsensoblog.it/5g-headaches.html
		The content of https://www.rferl.org/a/nord-stream-2-is-russia-bad-deal-for-europe-also-a-done-deal-/31096487.html has distance with http://yeyh.nonsensoblog.it/5g-headaches.html of : 0.3184. Keeping.
		Adding to DB the URL http://yeyh.nonsensoblog.it/5g-headaches.html
	Result [49]  Processing URL http://anythingbutordinaryaward.com/pipeline-nord-stream-2
		Date found in the API results: 2021-07-12
		Date found in the content of the page: None
		Different. The content of https://www.rferl.org/a/nord-stream-2-is-russia-bad-deal-for-europe-also-a-done-deal-/31096487.html has distance with http://anythingbutordinaryaward.com/pipeline-nord-stream-2 of: 0.0568445475638051. Discarding.
	Result [50]  Processing URL https://theanalysis.news/if-theres-no-fear-of-inflation-why-is-gop-against-more-stimulus-rana-foroohar-and-mark-blyth/
		Date found in the API results: 2021-01-27T00:00:00
		The content of https://www.rferl.org/a/nord-stream-2-is-russia-bad-deal-for-europe-also-a-done-deal-/31096487.html has distance with https://theanalysis.news/if-theres-no-fear-of-inflation-why-is-gop-against-more-stimulus-rana-foroohar-and-mark-blyth/ of : 0.3194. Keeping.
		Adding to DB the URL https://theanalysis.news/if-theres-no-fear-of-inflation-why-is-gop-against-more-stimulus-rana-foroohar-and-mark-blyth/
	Result [51]  Processing URL https://ussanews.com/News1/2021/07/12/biden-and-merkel-to-discuss-afghanistan-cybersecurity-and-nord-stream-pipeline-this-week/
		Date found in the API results: 2021-07-12
		Date found in the URL: 2021-07-12 00:00:00
		The content of https://www.rferl.org/a/nord-stream-2-is-russia-bad-deal-for-europe-also-a-done-deal-/31096487.html has distance with https://ussanews.com/News1/2021/07/12/biden-and-merkel-to-discuss-afghanistan-cybersecurity-and-nord-stream-pipeline-this-week/ of : 0.3019. Keeping.
		Adding to DB the URL https://ussanews.com/News1/2021/07/12/biden-and-merkel-to-discuss-afghanistan-cybersecurity-and-nord-stream-pipeline-this-week/
	Result [52]  Processing URL https://www.climatedepot.com/2021/07/11/watch-mark-steyn-interviews-morano-on-fox-news-biden-is-going-to-kneecap-us-with-climate-agenda-china-russia-opec-will-benefit/
		Date found in the API results: 2021-07-12T00:20:51.266592
		Date found in the URL: 2021-07-11 00:00:00
		Different. The content of https://www.rferl.org/a/nord-stream-2-is-russia-bad-deal-for-europe-also-a-done-deal-/31096487.html has distance with https://www.climatedepot.com/2021/07/11/watch-mark-steyn-interviews-morano-on-fox-news-biden-is-going-to-kneecap-us-with-climate-agenda-china-russia-opec-will-benefit/ of: 0.027399960575596294. Discarding.
	Result [53]  Processing URL https://strategicstudyindia.blogspot.com/2021/07/faltering-fightback-zelenskys-piecemeal.html
		Date found in the API results: 2021-07-12
		Different. The content of https://www.rferl.org/a/nord-stream-2-is-russia-bad-deal-for-europe-also-a-done-deal-/31096487.html has distance with https://strategicstudyindia.blogspot.com/2021/07/faltering-fightback-zelenskys-piecemeal.html of: 0.2831. Discarding.
	Result [54]  Processing URL http://hgwv.aiarovigo.it/mobile-reset-code-all-mobile-one.html
		The content of https://www.rferl.org/a/nord-stream-2-is-russia-bad-deal-for-europe-also-a-done-deal-/31096487.html has distance with http://hgwv.aiarovigo.it/mobile-reset-code-all-mobile-one.html of : 0.3091. Keeping.
		Adding to DB the URL http://hgwv.aiarovigo.it/mobile-reset-code-all-mobile-one.html
	Result [55]  Processing URL https://books.google.com/books?id=4yo1EAAAQBAJ&pg=PA137&lpg=PA137&dq=Nord+Stream+2:+Is+Russia's+'Bad+Deal+For+Europe'+Also+A+Done+Deal?&source=bl&ots=XpLZLWHPJ3&sig=ACfU3U0_L73dMuocZCbV66mLW6xZrbmOPQ&hl=en&sa=X&ved=2ahUKEwit9IWiyN7xAhUBR6wKHTu8AAI4MRDoATAGegQIExAD
		Date found in the content of the page: None
		Different. The content of https://www.rferl.org/a/nord-stream-2-is-russia-bad-deal-for-europe-also-a-done-deal-/31096487.html has distance with https://books.google.com/books?id=4yo1EAAAQBAJ&pg=PA137&lpg=PA137&dq=Nord+Stream+2:+Is+Russia's+'Bad+Deal+For+Europe'+Also+A+Done+Deal?&source=bl&ots=XpLZLWHPJ3&sig=ACfU3U0_L73dMuocZCbV66mLW6xZrbmOPQ&hl=en&sa=X&ved=2ahUKEwit9IWiyN7xAhUBR6wKHTu8AAI4MRDoATAGegQIExAD of: 0.2999. Discarding.
	Result [56]  Processing URL http://amtc.sslaziocalcioa5-settoregiovanile.it/portuguese-tv-series.html
		! Error getting the content of the web.
		! Document is empty
		<class 'lxml.etree.ParserError'>
		The content of the pages were not string. Verify.
		Different. The content of https://www.rferl.org/a/nord-stream-2-is-russia-bad-deal-for-europe-also-a-done-deal-/31096487.html has distance with http://amtc.sslaziocalcioa5-settoregiovanile.it/portuguese-tv-series.html of: False. Discarding.
	Result [57]  Processing URL https://www.marketbeat.com/
		Different. The content of https://www.rferl.org/a/nord-stream-2-is-russia-bad-deal-for-europe-also-a-done-deal-/31096487.html has distance with https://www.marketbeat.com/ of: 0.2944. Discarding.
	Result [58]  Processing URL https://www.techradar.com/au/news/archive
		Different. The content of https://www.rferl.org/a/nord-stream-2-is-russia-bad-deal-for-europe-also-a-done-deal-/31096487.html has distance with https://www.techradar.com/au/news/archive of: 0.2953. Discarding.

== Level 0. Twitter search by title as Nord Stream 2: Is Russia's 'Bad Deal For Europe' Also A Done Deal?
https://api.twitter.com/2/tweets/search/all?query=%22Nord+Stream+2%3A+Is+Russia%27s+%27Bad+Deal+For+Europe%27+Also+A+Done+Deal%3F%22&max_results=100&tweet.fields=author_id%2Cpublic_metrics%2Ccreated_at&start_time=2020-07-13T00%3A20%3A56.604788Z
	Downloaded 15 twitter content
	Result [1]  Processing twitter ID 1362547126350147584: RT @NatGasWorld: Nord Stream 2: Is Russia's 'Bad Deal For Europe' Also A Done Deal? - https://t.co/PZjN5il2F1 - NGW News &amp; Insight
	Result [2]  Processing twitter ID 1361892102859235332: The big question, it seems, should be, "What the heck is Frau Ribbentrop thinking?!" "Nord Stream 2: Is Russia's 'Bad Deal For Europe' Also A Done Deal?" RFE https://t.co/0xlZxfqeah
	Result [3]  Processing twitter ID 1361691049408757764: Nord Stream 2: Is Russia's 'Bad Deal For Europe' Also A Done Deal? https://t.co/PbxY0LaBvi @RFERL @twesolowsky1 #NordStream2
	Result [4]  Processing twitter ID 1360964522064945152: Nord Stream 2: Is Russia's 'Bad Deal For Europe' Also A Done Deal? - https://t.co/PZjN5il2F1 - NGW News &amp; Insight
	Result [5]  Processing twitter ID 1360964520009601027: Nord Stream 2: Is Russia's 'Bad Deal For Europe' Also A Done Deal? ... https://t.co/34tWbGDA1r Facing rebuke and warnings of fresh sanctions over its imprisonment of opposition politician Aleksei Navalny and the arrest of thousands of Russians who protested his jailing,
	Result [6]  Processing twitter ID 1360578477569810434: Nord Stream 2: Is Russia's 'Bad Deal For Europe' Also A Done Deal? https://t.co/itsPaJ3sUn
	Result [7]  Processing twitter ID 1360505703467790338: Nord Stream 2: Is Russia's 'Bad Deal For Europe' Also A Done Deal? https://t.co/4wN4SE5knL
	Result [8]  Processing twitter ID 1360066380049969154: Nord Stream 2: Is Russia's 'Bad Deal For Europe' Also A Done Deal? https://t.co/PojcEr1ScM
	Result [9]  Processing twitter ID 1359864312354009088: Nord Stream 2: Is Russia's 'Bad Deal For Europe' Also A Done Deal? https://t.co/1CveYYy7nf
	Result [10]  Processing twitter ID 1359786027175600131: #RFERL Nord Stream 2: Is Russia's 'Bad Deal For Europe' Also A Done Deal? https://t.co/I7A7TMyCrM #CentralAsia
	Result [11]  Processing twitter ID 1359673518431105028: RT @UaNews_online: Nord Stream 2: Is Russia's 'Bad Deal For Europe' Also A Done Deal? https://t.co/3jeSOR8yyN https://t.co/RoHWl7M4I8
	Result [12]  Processing twitter ID 1359643320792870918: RT @UaNews_online: Nord Stream 2: Is Russia's 'Bad Deal For Europe' Also A Done Deal? https://t.co/DtxTK0rMXF https://t.co/YI2sU7jAXr
	Result [13]  Processing twitter ID 1359608154057760771: Nord Stream 2: Is #Russia's 'Bad Deal For Europe' Also A Done Deal? https://t.co/Zxj7KTPGie
	Result [14]  Processing twitter ID 1359601293346541569: Nord Stream 2: Is Russia's 'Bad Deal For Europe' Also A Done Deal? https://t.co/4TsGd2gTPi https://t.co/25BEPE9z6s
	Result [15]  Processing twitter ID 1359592496414683137: Nord Stream 2: Is Russia's 'Bad Deal For Europe' Also A Done Deal? https://t.co/SQN4lQqpw8

== Level 0. VK search by title as Nord Stream 2: Is Russia's 'Bad Deal For Europe' Also A Done Deal?
	Result [0]  Processing URL https://vk.com/id334029877?w=wall334029877_115039. Date: 2021-06-25 22:19:47
	Result [1]  Processing URL https://vk.com/id528604913?w=wall528604913_1367. Date: 2021-05-27 15:57:07
	Result [2]  Processing URL https://vk.com/id12025189?w=wall12025189_79032. Date: 2021-04-11 09:33:52
	Result [3]  Processing URL https://vk.com/id557746734?w=wall557746734_2241. Date: 2021-03-25 20:13:27
	Result [4]  Processing URL https://vk.com/id503731339?w=wall503731339_11991. Date: 2021-03-21 07:41:06
	Result [5]  Processing URL https://vk.com/id537430745?w=wall537430745_2229. Date: 2021-03-01 11:26:11
	Result [6]  Processing URL https://vk.com/id-29575154?w=wall-29575154_11828. Date: 2020-11-09 16:56:45
	Result [7]  Processing URL https://vk.com/id503731339?w=wall503731339_9128. Date: 2020-10-17 14:35:43
	Result [8]  Processing URL https://vk.com/id-191739538?w=wall-191739538_9555. Date: 2020-09-07 09:13:34
	Result [9]  Processing URL https://vk.com/id503731339?w=wall503731339_6640. Date: 2020-07-02 03:30:25
	Result [10]  Processing URL https://vk.com/id267893108?w=wall267893108_22420. Date: 2020-05-07 09:12:01
	Result [11]  Processing URL https://vk.com/id-172612556?w=wall-172612556_3160. Date: 2019-10-08 16:50:50
	Result [12]  Processing URL https://vk.com/id-172612556?w=wall-172612556_188. Date: 2019-03-08 16:26:04
	Result [13]  Processing URL https://vk.com/id187665853?w=wall187665853_35521. Date: 2018-08-26 09:49:39
In total was found 14
