Searching the distribution graph of URL https://tsargrad.tv/articles/poddelka-pod-kolumbajn-kto-na-samom-dele-splaniroval-krovavuju-bojnju-v-kazani_353659. Using 1 levels.

Main title: Подделка под "Колумбайн": Кто на самом деле спланировал кровавую бойню в Казани
In level 0 were found 1 urls including original

== Level 0. Google search by LINKS to https://tsargrad.tv/articles/poddelka-pod-kolumbajn-kto-na-samom-dele-splaniroval-krovavuju-bojnju-v-kazani_353659
	Total amount of results retrieved: 2
	Result [1]  Processing URL https://tsargrad.tv/articles/poddelka-pod-kolumbajn-kto-na-samom-dele-splaniroval-krovavuju-bojnju-v-kazani_353659
		Date found in the API results: 2021-05-11T00:00:00
		Repeated url: https://tsargrad.tv/articles/poddelka-pod-kolumbajn-kto-na-samom-dele-splaniroval-krovavuju-bojnju-v-kazani_353659.  Discarding.  
	Result [2]  Processing URL https://tsargrad.tv/xml/sitemap-2021-5.xml.gz
		Date found in the content of the page: None
		Not in content. The URL https://tsargrad.tv/articles/poddelka-pod-kolumbajn-kto-na-samom-dele-splaniroval-krovavuju-bojnju-v-kazani_353659 is not in the content of site https://tsargrad.tv/xml/sitemap-2021-5.xml.gz  Discarding.
		Date found in the API results: 2021-05-11T00:00:00

== Level 0. Twitter search by LINKS as https://tsargrad.tv/articles/poddelka-pod-kolumbajn-kto-na-samom-dele-splaniroval-krovavuju-bojnju-v-kazani_353659
https://api.twitter.com/2/tweets/search/all?query=url+%3A+https%253A%252F%252Ftsargrad.tv%252Farticles%252Fpoddelka-pod-kolumbajn-kto-na-samom-dele-splaniroval-krovavuju-bojnju-v-kazani_353659&max_results=100&tweet.fields=author_id%2Cpublic_metrics%2Ccreated_at&start_time=2020-07-12T18%3A55%3A25.644680Z
	Downloaded 10 twitter content
	Result [1]  Processing twitter ID 1392821361060552707: https://t.co/f1KeeZrk3R
	Result [2]  Processing twitter ID 1392331739163500548: RT @tsargradtv: 19-летний Ильназ Галявиев тщательно подготовился к расстрелу: изготовил мощное самодельное взрывное устройство, приобрёл ли…
	Result [3]  Processing twitter ID 1392236518937284610: RT @tsargradtv: 19-летний Ильназ Галявиев тщательно подготовился к расстрелу: изготовил мощное самодельное взрывное устройство, приобрёл ли…
	Result [4]  Processing twitter ID 1392201370594381825: RT @tsargradtv: 19-летний Ильназ Галявиев тщательно подготовился к расстрелу: изготовил мощное самодельное взрывное устройство, приобрёл ли…
	Result [5]  Processing twitter ID 1392160543734214662: RT @tsargradtv: 19-летний Ильназ Галявиев тщательно подготовился к расстрелу: изготовил мощное самодельное взрывное устройство, приобрёл ли…
	Result [6]  Processing twitter ID 1392156091119771650: Кто организовал бойню в Казани https://t.co/JCbz2fPMod
	Result [7]  Processing twitter ID 1392151333411622912: RT @tsargradtv: 19-летний Ильназ Галявиев тщательно подготовился к расстрелу: изготовил мощное самодельное взрывное устройство, приобрёл ли…
	Result [8]  Processing twitter ID 1392140417160949766: RT @tsargradtv: 19-летний Ильназ Галявиев тщательно подготовился к расстрелу: изготовил мощное самодельное взрывное устройство, приобрёл ли…
	Result [9]  Processing twitter ID 1392140237497937930: RT @tsargradtv: 19-летний Ильназ Галявиев тщательно подготовился к расстрелу: изготовил мощное самодельное взрывное устройство, приобрёл ли…
	Result [10]  Processing twitter ID 1392139937911296005: 19-летний Ильназ Галявиев тщательно подготовился к расстрелу: изготовил мощное самодельное взрывное устройство, приобрёл лицензию на оружие, купил в другом городе карабин. Завёл телеграм-канал, в котором опубликовал пост о своих намерениях убивать. …
https://t.co/nGgkfW07S2

== Level 0. VK search by LINKS as https://tsargrad.tv/articles/poddelka-pod-kolumbajn-kto-na-samom-dele-splaniroval-krovavuju-bojnju-v-kazani_353659
	Result [0]  Processing URL https://vk.com/id-190070923?w=wall-190070923_1050. Date: 2021-05-12 06:56:27
	Result [1]  Processing URL https://vk.com/id315266473?w=wall315266473_5784. Date: 2021-05-11 18:19:51
In total was found 2

== Level 0. Google search by TITLE as Подделка под "Колумбайн": Кто на самом деле спланировал кровавую бойню в Казани
	Total amount of results retrieved: 17
	Result [1]  Processing URL https://tsargrad.tv/articles/poddelka-pod-kolumbajn-kto-na-samom-dele-splaniroval-krovavuju-bojnju-v-kazani_353659
		Date found in the API results: 2021-05-11T00:00:00
		Repeated url: https://tsargrad.tv/articles/poddelka-pod-kolumbajn-kto-na-samom-dele-splaniroval-krovavuju-bojnju-v-kazani_353659.  Discarding.  
	Result [2]  Processing URL https://russian.city/kazan/284586790/
		The content of https://tsargrad.tv/articles/poddelka-pod-kolumbajn-kto-na-samom-dele-splaniroval-krovavuju-bojnju-v-kazani_353659 has distance with https://russian.city/kazan/284586790/ of : 0.3355. Keeping.
		Adding to DB the URL https://russian.city/kazan/284586790/
	Result [3]  Processing URL https://ru.wikipedia.org/wiki/%D0%9C%D0%B0%D1%81%D1%81%D0%BE%D0%B2%D0%BE%D0%B5_%D1%83%D0%B1%D0%B8%D0%B9%D1%81%D1%82%D0%B2%D0%BE_%D0%B2_%D0%9A%D0%B5%D1%80%D1%87%D0%B5%D0%BD%D1%81%D0%BA%D0%BE%D0%BC_%D0%BF%D0%BE%D0%BB%D0%B8%D1%82%D0%B5%D1%85%D0%BD%D0%B8%D1%87%D0%B5%D1%81%D0%BA%D0%BE%D0%BC_%D0%BA%D0%BE%D0%BB%D0%BB%D0%B5%D0%B4%D0%B6%D0%B5
		Different. The content of https://tsargrad.tv/articles/poddelka-pod-kolumbajn-kto-na-samom-dele-splaniroval-krovavuju-bojnju-v-kazani_353659 has distance with https://ru.wikipedia.org/wiki/%D0%9C%D0%B0%D1%81%D1%81%D0%BE%D0%B2%D0%BE%D0%B5_%D1%83%D0%B1%D0%B8%D0%B9%D1%81%D1%82%D0%B2%D0%BE_%D0%B2_%D0%9A%D0%B5%D1%80%D1%87%D0%B5%D0%BD%D1%81%D0%BA%D0%BE%D0%BC_%D0%BF%D0%BE%D0%BB%D0%B8%D1%82%D0%B5%D1%85%D0%BD%D0%B8%D1%87%D0%B5%D1%81%D0%BA%D0%BE%D0%BC_%D0%BA%D0%BE%D0%BB%D0%BB%D0%B5%D0%B4%D0%B6%D0%B5 of: 0.2512. Discarding.
	Result [4]  Processing URL https://rusdozor.ru/2021/05/12/tragediya-v-kazani-vecher-s-vladimirom-solovevym-efir-ot-11-05-2021-vecher-s-vladimirom-solovevym/
		Date found in the API results: 2021-05-12T00:00:00
		Date found in the URL: 2021-05-12 00:00:00
		Different. The content of https://tsargrad.tv/articles/poddelka-pod-kolumbajn-kto-na-samom-dele-splaniroval-krovavuju-bojnju-v-kazani_353659 has distance with https://rusdozor.ru/2021/05/12/tragediya-v-kazani-vecher-s-vladimirom-solovevym-efir-ot-11-05-2021-vecher-s-vladimirom-solovevym/ of: 0.2465. Discarding.
	Result [5]  Processing URL https://litobozrenie.com/2021/06/kazan-ekzistencialnaya-chast-v/
		Date found in the API results: 2021-06-04T00:00:00
		Different. The content of https://tsargrad.tv/articles/poddelka-pod-kolumbajn-kto-na-samom-dele-splaniroval-krovavuju-bojnju-v-kazani_353659 has distance with https://litobozrenie.com/2021/06/kazan-ekzistencialnaya-chast-v/ of: 0.2351. Discarding.
	Result [6]  Processing URL https://ru.glbnews.com/05-2021/CAIiEN8Uz_1m2mjv8XZr/
		Date found in the API results: 2021-05-11T00:00:00
		The content of https://tsargrad.tv/articles/poddelka-pod-kolumbajn-kto-na-samom-dele-splaniroval-krovavuju-bojnju-v-kazani_353659 has distance with https://ru.glbnews.com/05-2021/CAIiEN8Uz_1m2mjv8XZr/ of : 0.3039. Keeping.
		Adding to DB the URL https://ru.glbnews.com/05-2021/CAIiEN8Uz_1m2mjv8XZr/
	Result [7]  Processing URL https://ifap.ru/library/book599.pdf
		Blacklisted url: https://ifap.ru/library/book599.pdf.  Discarding.  
	Result [8]  Processing URL http://pravorf.org/index.php/itemlist?start=60
		Date found in the API results: 2020-11-27T00:00:00
		Date found in the content of the page: None
		The content of https://tsargrad.tv/articles/poddelka-pod-kolumbajn-kto-na-samom-dele-splaniroval-krovavuju-bojnju-v-kazani_353659 has distance with http://pravorf.org/index.php/itemlist?start=60 of : 0.3172. Keeping.
		Adding to DB the URL http://pravorf.org/index.php/itemlist?start=60
	Result [9]  Processing URL http://eprints.zu.edu.ua/27687/1/%D0%92%D0%BE%D0%B7%D0%BD%D1%8E%D0%BA%20%D0%90%D0%B3%D1%80%D0%B5%D1%81%D1%81%D0%B8%D1%8F%20%D0%9C%D0%9E%D0%9D%D0%9E.pdf
		Blacklisted url: http://eprints.zu.edu.ua/27687/1/%D0%92%D0%BE%D0%B7%D0%BD%D1%8E%D0%BA%20%D0%90%D0%B3%D1%80%D0%B5%D1%81%D1%81%D0%B8%D1%8F%20%D0%9C%D0%9E%D0%9D%D0%9E.pdf.  Discarding.  
	Result [10]  Processing URL https://catalognews.ru/sitemap
		Blacklisted url: https://catalognews.ru/sitemap.  Discarding.  
	Result [11]  Processing URL https://oper.ru/comments/byuser.php?name=%D1%86%D0%B8%D1%82%D0%B0%D1%82%D0%B0&page=1
		Different. The content of https://tsargrad.tv/articles/poddelka-pod-kolumbajn-kto-na-samom-dele-splaniroval-krovavuju-bojnju-v-kazani_353659 has distance with https://oper.ru/comments/byuser.php?name=%D1%86%D0%B8%D1%82%D0%B0%D1%82%D0%B0&page=1 of: 0.299. Discarding.
	Result [12]  Processing URL https://compromat.ws/kenes-rakishev-zakazal-ubijstvo-ukrainskogo-biznesmena/
		Date found in the API results: 2018-07-23T00:00:00
		! Error in getting content due to a Connection Error. Port closed, web down?
		The content of the pages were not string. Verify.
		Different. The content of https://tsargrad.tv/articles/poddelka-pod-kolumbajn-kto-na-samom-dele-splaniroval-krovavuju-bojnju-v-kazani_353659 has distance with https://compromat.ws/kenes-rakishev-zakazal-ubijstvo-ukrainskogo-biznesmena/ of: False. Discarding.
	Result [13]  Processing URL https://politika.top/sitemap
		Blacklisted url: https://politika.top/sitemap.  Discarding.  
	Result [14]  Processing URL https://aboudikro64.rssing.com/chan-53036705/all_p30.html
		Date found in the API results: 2018-10-23T00:00:00
		Different. The content of https://tsargrad.tv/articles/poddelka-pod-kolumbajn-kto-na-samom-dele-splaniroval-krovavuju-bojnju-v-kazani_353659 has distance with https://aboudikro64.rssing.com/chan-53036705/all_p30.html of: 0.2719. Discarding.
	Result [15]  Processing URL http://newsfind.ru/sitemap
		Blacklisted url: http://newsfind.ru/sitemap.  Discarding.  
	Result [16]  Processing URL http://a.farit.ru/i/t-172561.html
		Date found in the API results: 2010-08-29T00:00:00
		Different. The content of https://tsargrad.tv/articles/poddelka-pod-kolumbajn-kto-na-samom-dele-splaniroval-krovavuju-bojnju-v-kazani_353659 has distance with http://a.farit.ru/i/t-172561.html of: 0.23. Discarding.
	Result [17]  Processing URL http://rubiosnews.com/
		! Error in getting content due to a Connection Error. Port closed, web down?
		The content of the pages were not string. Verify.
		Different. The content of https://tsargrad.tv/articles/poddelka-pod-kolumbajn-kto-na-samom-dele-splaniroval-krovavuju-bojnju-v-kazani_353659 has distance with http://rubiosnews.com/ of: False. Discarding.

== Level 0. Twitter search by title as Подделка под "Колумбайн": Кто на самом деле спланировал кровавую бойню в Казани
https://api.twitter.com/2/tweets/search/all?query=%22%D0%9F%D0%BE%D0%B4%D0%B4%D0%B5%D0%BB%D0%BA%D0%B0+%D0%BF%D0%BE%D0%B4+%22%D0%9A%D0%BE%D0%BB%D1%83%D0%BC%D0%B1%D0%B0%D0%B9%D0%BD%22%3A+%D0%9A%D1%82%D0%BE+%D0%BD%D0%B0+%D1%81%D0%B0%D0%BC%D0%BE%D0%BC+%D0%B4%D0%B5%D0%BB%D0%B5+%D1%81%D0%BF%D0%BB%D0%B0%D0%BD%D0%B8%D1%80%D0%BE%D0%B2%D0%B0%D0%BB+%D0%BA%D1%80%D0%BE%D0%B2%D0%B0%D0%B2%D1%83%D1%8E+%D0%B1%D0%BE%D0%B9%D0%BD%D1%8E+%D0%B2+%D0%9A%D0%B0%D0%B7%D0%B0%D0%BD%D0%B8%22&max_results=100&tweet.fields=author_id%2Cpublic_metrics%2Ccreated_at&start_time=2020-07-12T18%3A55%3A53.833661Z
	Downloaded 0 twitter content

== Level 0. VK search by title as Подделка под "Колумбайн": Кто на самом деле спланировал кровавую бойню в Казани
	Result [0]  Processing URL https://vk.com/id385772346?w=wall385772346_12107. Date: 2021-05-16 14:36:32
	Result [1]  Processing URL https://vk.com/id431474234?w=wall431474234_496. Date: 2021-05-15 03:12:36
	Result [2]  Processing URL https://vk.com/id63967143?w=wall63967143_87056. Date: 2021-05-13 19:24:33
	Result [3]  Processing URL https://vk.com/id538429722?w=wall538429722_1254. Date: 2021-05-13 05:29:32
	Result [4]  Processing URL https://vk.com/id-64875127?w=wall-64875127_74137. Date: 2021-05-12 14:00:24
	Result [5]  Processing URL https://vk.com/id32224093?w=wall32224093_129526. Date: 2021-05-12 14:00:22
	Result [6]  Processing URL https://vk.com/id78895566?w=wall78895566_625. Date: 2021-05-12 12:00:34
	Result [7]  Processing URL https://vk.com/id37892879?w=wall37892879_23309. Date: 2021-05-12 11:34:24
	Result [8]  Processing URL https://vk.com/id34946824?w=wall34946824_32138. Date: 2021-05-12 11:27:52
	Result [9]  Processing URL https://vk.com/id77948439?w=wall77948439_4267. Date: 2021-05-12 09:27:48
	Result [10]  Processing URL https://vk.com/id-80255514?w=wall-80255514_2468. Date: 2021-05-12 09:16:41
	Result [11]  Processing URL https://vk.com/id417424637?w=wall417424637_22757. Date: 2021-05-12 08:21:27
	Result [12]  Processing URL https://vk.com/id403404253?w=wall403404253_860. Date: 2021-05-12 05:57:41
	Result [13]  Processing URL https://vk.com/id155096880?w=wall155096880_11117. Date: 2021-05-12 05:07:53
	Result [14]  Processing URL https://vk.com/id155096880?w=wall155096880_11116. Date: 2021-05-12 05:04:50
	Result [15]  Processing URL https://vk.com/id-184970080?w=wall-184970080_8796. Date: 2021-05-12 05:03:55
	Result [16]  Processing URL https://vk.com/id153328720?w=wall153328720_81524. Date: 2021-05-11 20:47:07
	Result [17]  Processing URL https://vk.com/id-127118757?w=wall-127118757_256789. Date: 2021-05-11 20:09:25
	Result [18]  Processing URL https://vk.com/id354393052?w=wall354393052_4857. Date: 2021-05-11 17:14:12
	Result [19]  Processing URL https://vk.com/id411906988?w=wall411906988_6759. Date: 2021-05-11 16:50:22
	Result [20]  Processing URL https://vk.com/id10443844?w=wall10443844_13786. Date: 2021-05-11 16:05:43
	Result [21]  Processing URL https://vk.com/id10161496?w=wall10161496_133840. Date: 2021-05-11 15:41:19
	Result [22]  Processing URL https://vk.com/id-75679763?w=wall-75679763_2265898. Date: 2021-05-11 15:30:05
In total was found 23
