Searching the distribution graph of URL https://rnbee.ru/2019/12/18/evropejskaja-solidarnost-v-dejstvii-es-stroit-novye-centry-razmeshhenija-migrantov-v-jestonii/. Using 1 levels.

		Date found in the URL: 2019-12-18 00:00:00
Main title: Европейская солидарность в действии: ЕС строит новые центры размещения мигрантов в Эстонии
In level 0 were found 1 urls including original

== Level 0. Google search by LINKS to https://rnbee.ru/2019/12/18/evropejskaja-solidarnost-v-dejstvii-es-stroit-novye-centry-razmeshhenija-migrantov-v-jestonii/
	Total amount of results retrieved: 2
	Result [1]  Processing URL https://rnbee.ru/2019/12/18/evropejskaja-solidarnost-v-dejstvii-es-stroit-novye-centry-razmeshhenija-migrantov-v-jestonii/amp/
		Date found in the URL: 2019-12-18 00:00:00
		The URL https://rnbee.ru/2019/12/18/evropejskaja-solidarnost-v-dejstvii-es-stroit-novye-centry-razmeshhenija-migrantov-v-jestonii/ IS in the content of site https://rnbee.ru/2019/12/18/evropejskaja-solidarnost-v-dejstvii-es-stroit-novye-centry-razmeshhenija-migrantov-v-jestonii/amp/  Keeping.
		Adding to DB the URL https://rnbee.ru/2019/12/18/evropejskaja-solidarnost-v-dejstvii-es-stroit-novye-centry-razmeshhenija-migrantov-v-jestonii/amp/
	Result [2]  Processing URL https://rnbee.net/2019/12/18/evropejskaja-solidarnost-v-dejstvii-es-stroit-novye-centry-razmeshhenija-migrantov-v-jestonii/
		Date found in the URL: 2019-12-18 00:00:00
		Not in content. The URL https://rnbee.ru/2019/12/18/evropejskaja-solidarnost-v-dejstvii-es-stroit-novye-centry-razmeshhenija-migrantov-v-jestonii/ is not in the content of site https://rnbee.net/2019/12/18/evropejskaja-solidarnost-v-dejstvii-es-stroit-novye-centry-razmeshhenija-migrantov-v-jestonii/  Discarding.

== Level 0. Twitter search by LINKS as https://rnbee.ru/2019/12/18/evropejskaja-solidarnost-v-dejstvii-es-stroit-novye-centry-razmeshhenija-migrantov-v-jestonii/
https://api.twitter.com/2/tweets/search/all?query=url+%3A+https%253A%252F%252Frnbee.ru%252F2019%252F12%252F18%252Fevropejskaja-solidarnost-v-dejstvii-es-stroit-novye-centry-razmeshhenija-migrantov-v-jestonii%252F&max_results=100&tweet.fields=author_id%2Cpublic_metrics%2Ccreated_at&start_time=2018-07-13T18%3A43%3A08.552128Z
	Downloaded 0 twitter content

== Level 0. VK search by LINKS as https://rnbee.ru/2019/12/18/evropejskaja-solidarnost-v-dejstvii-es-stroit-novye-centry-razmeshhenija-migrantov-v-jestonii/
In total was found 0

== Level 0. Google search by TITLE as Европейская солидарность в действии: ЕС строит новые центры размещения мигрантов в Эстонии
	Total amount of results retrieved: 69
	Result [1]  Processing URL https://rnbee.net/2019/12/18/evropejskaja-solidarnost-v-dejstvii-es-stroit-novye-centry-razmeshhenija-migrantov-v-jestonii/
		Date found in the URL: 2019-12-18 00:00:00
		The content of https://rnbee.ru/2019/12/18/evropejskaja-solidarnost-v-dejstvii-es-stroit-novye-centry-razmeshhenija-migrantov-v-jestonii/ has distance with https://rnbee.net/2019/12/18/evropejskaja-solidarnost-v-dejstvii-es-stroit-novye-centry-razmeshhenija-migrantov-v-jestonii/ of : 0.9914. Keeping.
		Adding to DB the URL https://rnbee.net/2019/12/18/evropejskaja-solidarnost-v-dejstvii-es-stroit-novye-centry-razmeshhenija-migrantov-v-jestonii/
	Result [2]  Processing URL https://ru.wikipedia.org/wiki/%D0%95%D0%B2%D1%80%D0%BE%D0%BF%D0%B5%D0%B9%D1%81%D0%BA%D0%B8%D0%B9_%D0%BC%D0%B8%D0%B3%D1%80%D0%B0%D1%86%D0%B8%D0%BE%D0%BD%D0%BD%D1%8B%D0%B9_%D0%BA%D1%80%D0%B8%D0%B7%D0%B8%D1%81
		Different. The content of https://rnbee.ru/2019/12/18/evropejskaja-solidarnost-v-dejstvii-es-stroit-novye-centry-razmeshhenija-migrantov-v-jestonii/ has distance with https://ru.wikipedia.org/wiki/%D0%95%D0%B2%D1%80%D0%BE%D0%BF%D0%B5%D0%B9%D1%81%D0%BA%D0%B8%D0%B9_%D0%BC%D0%B8%D0%B3%D1%80%D0%B0%D1%86%D0%B8%D0%BE%D0%BD%D0%BD%D1%8B%D0%B9_%D0%BA%D1%80%D0%B8%D0%B7%D0%B8%D1%81 of: 0.2519. Discarding.
	Result [3]  Processing URL https://go.recordedfuture.com/hubfs/reports/cta-2020-0408.pdf
		Date found in the API results: 2020-04-08T00:00:00
		Blacklisted url: https://go.recordedfuture.com/hubfs/reports/cta-2020-0408.pdf.  Discarding.  
	Result [4]  Processing URL https://www.refworld.org/cgi-bin/texis/vtx/rwmain/opendocpdf.pdf?reldoc=y&docid=4ecb59a62
		Date found in the API results: 2009-09-15T00:00:00
		Blacklisted url: https://www.refworld.org/cgi-bin/texis/vtx/rwmain/opendocpdf.pdf?reldoc=y&docid=4ecb59a62.  Discarding.  
	Result [5]  Processing URL http://forumpmr.org/tag/%D0%95%D0%B2%D1%80%D0%BE%D0%BF%D0%B0/
		Date found in the API results: 2019-12-16T00:00:00
		Different. The content of https://rnbee.ru/2019/12/18/evropejskaja-solidarnost-v-dejstvii-es-stroit-novye-centry-razmeshhenija-migrantov-v-jestonii/ has distance with http://forumpmr.org/tag/%D0%95%D0%B2%D1%80%D0%BE%D0%BF%D0%B0/ of: 0.2715. Discarding.
	Result [6]  Processing URL https://core.ac.uk/download/pdf/187205095.pdf
		Blacklisted url: https://core.ac.uk/download/pdf/187205095.pdf.  Discarding.  
	Result [7]  Processing URL https://www.amnesty.org/download/Documents/POL1048002017RUSSIAN.PDF
		Date found in the API results: 2015-10-30T00:00:00
		Date found in the content of the page: None
		Different. The content of https://rnbee.ru/2019/12/18/evropejskaja-solidarnost-v-dejstvii-es-stroit-novye-centry-razmeshhenija-migrantov-v-jestonii/ has distance with https://www.amnesty.org/download/Documents/POL1048002017RUSSIAN.PDF of: 0.1282. Discarding.
	Result [8]  Processing URL https://publications.iom.int/system/files/pdf/final-wmr_2020-ru.pdf
		Date found in the API results: None
		Blacklisted url: https://publications.iom.int/system/files/pdf/final-wmr_2020-ru.pdf.  Discarding.  
	Result [9]  Processing URL https://publications.iom.int/es/system/files/pdf/manual_on_readmission1_ru.pdf?language=en
		Blacklisted url: https://publications.iom.int/es/system/files/pdf/manual_on_readmission1_ru.pdf?language=en.  Discarding.  
	Result [10]  Processing URL https://blogs.korrespondent.net/tags/749/
		Different. The content of https://rnbee.ru/2019/12/18/evropejskaja-solidarnost-v-dejstvii-es-stroit-novye-centry-razmeshhenija-migrantov-v-jestonii/ has distance with https://blogs.korrespondent.net/tags/749/ of: 0.2943. Discarding.
	Result [11]  Processing URL https://www.osce.org/files/f/documents/d/2/440825_0.pdf
		Date found in the API results: None
		Blacklisted url: https://www.osce.org/files/f/documents/d/2/440825_0.pdf.  Discarding.  
	Result [12]  Processing URL https://www.amnesty.org/download/Documents/40000/pol100012010ru.pdf
		Date found in the API results: 2021-01-18T00:00:00
		Blacklisted url: https://www.amnesty.org/download/Documents/40000/pol100012010ru.pdf.  Discarding.  
	Result [13]  Processing URL https://www.ilo.org/wcmsp5/groups/public/---europe/---ro-geneva/---sro-moscow/documents/publication/wcms_308866.pdf
		Date found in the API results: None
		Blacklisted url: https://www.ilo.org/wcmsp5/groups/public/---europe/---ro-geneva/---sro-moscow/documents/publication/wcms_308866.pdf.  Discarding.  
	Result [14]  Processing URL https://unsdg.un.org/download/514/558
		Date found in the content of the page: None
		Different. The content of https://rnbee.ru/2019/12/18/evropejskaja-solidarnost-v-dejstvii-es-stroit-novye-centry-razmeshhenija-migrantov-v-jestonii/ has distance with https://unsdg.un.org/download/514/558 of: 0.0916. Discarding.
	Result [15]  Processing URL https://www.mid.ru/ru/foreign_policy/humanitarian_cooperation/-/asset_publisher/bB3NYd16mBFC/content/id/4025481
		Different. The content of https://rnbee.ru/2019/12/18/evropejskaja-solidarnost-v-dejstvii-es-stroit-novye-centry-razmeshhenija-migrantov-v-jestonii/ has distance with https://www.mid.ru/ru/foreign_policy/humanitarian_cooperation/-/asset_publisher/bB3NYd16mBFC/content/id/4025481 of: 0.2939. Discarding.
	Result [16]  Processing URL http://pravo.gov.ru/proxy/ips/?docbody=&prevDoc=102033929&backlink=1&&nd=102031729
		Date found in the content of the page: None
		Different. The content of https://rnbee.ru/2019/12/18/evropejskaja-solidarnost-v-dejstvii-es-stroit-novye-centry-razmeshhenija-migrantov-v-jestonii/ has distance with http://pravo.gov.ru/proxy/ips/?docbody=&prevDoc=102033929&backlink=1&&nd=102031729 of: 0.2643. Discarding.
	Result [17]  Processing URL https://www.dipacademy.ru/documents/993/ISBN_978-5-9907695-3-3.pdf
		Blacklisted url: https://www.dipacademy.ru/documents/993/ISBN_978-5-9907695-3-3.pdf.  Discarding.  
	Result [18]  Processing URL https://documents1.worldbank.org/curated/en/904931496066986956/pdf/115315-WP-Russian-Federation-International-development-cooperation-set-of-lectures-edition-PUBLIC-RUSSIAN-ONLY.pdf
		Date found in the API results: None
		Blacklisted url: https://documents1.worldbank.org/curated/en/904931496066986956/pdf/115315-WP-Russian-Federation-International-development-cooperation-set-of-lectures-edition-PUBLIC-RUSSIAN-ONLY.pdf.  Discarding.  
	Result [19]  Processing URL https://forum-pmr.net/index.php/login/showthread.php?goto=newpost&t=115757
		Date found in the content of the page: None
		Different. The content of https://rnbee.ru/2019/12/18/evropejskaja-solidarnost-v-dejstvii-es-stroit-novye-centry-razmeshhenija-migrantov-v-jestonii/ has distance with https://forum-pmr.net/index.php/login/showthread.php?goto=newpost&t=115757 of: 0.2778. Discarding.
	Result [20]  Processing URL https://www.kas.de/c/document_library/get_file?uuid=a858789d-8f37-6eff-7603-15adb18448f3&groupId=285805
		Date found in the content of the page: None
		Different. The content of https://rnbee.ru/2019/12/18/evropejskaja-solidarnost-v-dejstvii-es-stroit-novye-centry-razmeshhenija-migrantov-v-jestonii/ has distance with https://www.kas.de/c/document_library/get_file?uuid=a858789d-8f37-6eff-7603-15adb18448f3&groupId=285805 of: 0.1485. Discarding.
	Result [21]  Processing URL http://www.unesco.org/new/fileadmin/MULTIMEDIA/FIELD/Moscow/pdf/Manual_on_Migration.pdf
		Blacklisted url: http://www.unesco.org/new/fileadmin/MULTIMEDIA/FIELD/Moscow/pdf/Manual_on_Migration.pdf.  Discarding.  
	Result [22]  Processing URL http://newsstreet.ru/tag/%D0%95%D0%B2%D1%80%D0%BE%D0%BF%D0%B0/
		Date found in the content of the page: None
		Different. The content of https://rnbee.ru/2019/12/18/evropejskaja-solidarnost-v-dejstvii-es-stroit-novye-centry-razmeshhenija-migrantov-v-jestonii/ has distance with http://newsstreet.ru/tag/%D0%95%D0%B2%D1%80%D0%BE%D0%BF%D0%B0/ of: 0.028366000196986114. Discarding.
	Result [23]  Processing URL https://mgsu.ru/universityabout/Mezdunar-deyat/mezhdunarodnye-projects/%D0%9A%D0%BE%D0%BD%D1%81%D0%BF%D0%B5%D0%BA%D1%82%20%D0%BB%D0%B5%D0%BA%D1%86%D0%B8%D0%B9_%D0%9C%D0%A3%D0%9B%D0%AC%D0%A2%D0%98%D0%9A%D0%A3%D0%9B%D0%AC%D0%A2%D0%A3%D0%A0%D0%9D%D0%90%D0%AF%20%D0%95%D0%92%D0%A0%D0%9E%D0%9F%D0%90%20-%20%D0%93%D0%A0%D0%90%D0%94%D0%9E%D0%A3%D0%A1%D0%A2%D0%A0%D0%9E%D0%99%D0%A1%D0%A2%D0%92%D0%9E%20%D0%9D%D0%90%20%D0%9F%D0%A0%D0%98%D0%9D%D0%A6%D0%98%D0%9F%D0%90%D0%A5%20%D0%A1%D0%9E%D0%A6%D0%98%D0%90%D0%9B%D0%AC%D0%9D%D0%9E%D0%99%20%D0%98%D0%9D%D0%A2%D0%95%D0%93%D0%A0%D0%90%D0%A6%D0%98%D0%98.pdf
		Blacklisted url: https://mgsu.ru/universityabout/Mezdunar-deyat/mezhdunarodnye-projects/%D0%9A%D0%BE%D0%BD%D1%81%D0%BF%D0%B5%D0%BA%D1%82%20%D0%BB%D0%B5%D0%BA%D1%86%D0%B8%D0%B9_%D0%9C%D0%A3%D0%9B%D0%AC%D0%A2%D0%98%D0%9A%D0%A3%D0%9B%D0%AC%D0%A2%D0%A3%D0%A0%D0%9D%D0%90%D0%AF%20%D0%95%D0%92%D0%A0%D0%9E%D0%9F%D0%90%20-%20%D0%93%D0%A0%D0%90%D0%94%D0%9E%D0%A3%D0%A1%D0%A2%D0%A0%D0%9E%D0%99%D0%A1%D0%A2%D0%92%D0%9E%20%D0%9D%D0%90%20%D0%9F%D0%A0%D0%98%D0%9D%D0%A6%D0%98%D0%9F%D0%90%D0%A5%20%D0%A1%D0%9E%D0%A6%D0%98%D0%90%D0%9B%D0%AC%D0%9D%D0%9E%D0%99%20%D0%98%D0%9D%D0%A2%D0%95%D0%93%D0%A0%D0%90%D0%A6%D0%98%D0%98.pdf.  Discarding.  
	Result [24]  Processing URL https://www.unodc.org/documents/data-and-analysis/statistics/crime/Manual_on_Victimization_surveys_Russian.pdf
		Blacklisted url: https://www.unodc.org/documents/data-and-analysis/statistics/crime/Manual_on_Victimization_surveys_Russian.pdf.  Discarding.  
	Result [25]  Processing URL https://www.unisdr.org/files/45069_proceedingsthirdunwcdrrru.pdf
		Blacklisted url: https://www.unisdr.org/files/45069_proceedingsthirdunwcdrrru.pdf.  Discarding.  
	Result [26]  Processing URL http://www.fao.org/3/I9549RU/i9549ru.pdf
		Blacklisted url: http://www.fao.org/3/I9549RU/i9549ru.pdf.  Discarding.  
	Result [27]  Processing URL https://www.ohchr.org/Documents/Publications/GuideMinoritiesru.pdf
		Blacklisted url: https://www.ohchr.org/Documents/Publications/GuideMinoritiesru.pdf.  Discarding.  
	Result [28]  Processing URL https://www.imemo.ru/files/File/ru/publ/2020/2020-016.pdf
		Date found in the API results: 2020-10-10T00:00:00
		Blacklisted url: https://www.imemo.ru/files/File/ru/publ/2020/2020-016.pdf.  Discarding.  
	Result [29]  Processing URL http://aei.pitt.edu/9076/1/russianissue.pdf
		Blacklisted url: http://aei.pitt.edu/9076/1/russianissue.pdf.  Discarding.  
	Result [30]  Processing URL https://www.kas.de/c/document_library/get_file?uuid=a858789d-8f37-6eff-7603-15adb18448f3&groupId=285805
		Date found in the content of the page: None
		Different. The content of https://rnbee.ru/2019/12/18/evropejskaja-solidarnost-v-dejstvii-es-stroit-novye-centry-razmeshhenija-migrantov-v-jestonii/ has distance with https://www.kas.de/c/document_library/get_file?uuid=a858789d-8f37-6eff-7603-15adb18448f3&groupId=285805 of: 0.1485. Discarding.
	Result [31]  Processing URL https://www.nato.int/invitees2004/latvia/textbook-ru.pdf
		Blacklisted url: https://www.nato.int/invitees2004/latvia/textbook-ru.pdf.  Discarding.  
	Result [32]  Processing URL https://digikogu.taltech.ee/et/Download/97233c47-b8e8-45a1-9912-e37a81e94def
		Date found in the content of the page: None
		Different. The content of https://rnbee.ru/2019/12/18/evropejskaja-solidarnost-v-dejstvii-es-stroit-novye-centry-razmeshhenija-migrantov-v-jestonii/ has distance with https://digikogu.taltech.ee/et/Download/97233c47-b8e8-45a1-9912-e37a81e94def of: 0.1861. Discarding.
	Result [33]  Processing URL http://www.instituteofeurope.ru/images/uploads/doklad/315.pdf
		Blacklisted url: http://www.instituteofeurope.ru/images/uploads/doklad/315.pdf.  Discarding.  
	Result [34]  Processing URL https://file.liga.net/parties/blok-petra-poroshenko
		The content of https://rnbee.ru/2019/12/18/evropejskaja-solidarnost-v-dejstvii-es-stroit-novye-centry-razmeshhenija-migrantov-v-jestonii/ has distance with https://file.liga.net/parties/blok-petra-poroshenko of : 0.33. Keeping.
		Adding to DB the URL https://file.liga.net/parties/blok-petra-poroshenko
	Result [35]  Processing URL https://mvd.ru/upload/site119/folder_widepage/006/580/760/evroppravo/Lektsii.docx
		Date found in the content of the page: None
		Different. The content of https://rnbee.ru/2019/12/18/evropejskaja-solidarnost-v-dejstvii-es-stroit-novye-centry-razmeshhenija-migrantov-v-jestonii/ has distance with https://mvd.ru/upload/site119/folder_widepage/006/580/760/evroppravo/Lektsii.docx of: 0.0824. Discarding.
	Result [36]  Processing URL https://unece.org/sites/default/files/2021-04/ECE_INF_2020_3_RUS.pdf
		Blacklisted url: https://unece.org/sites/default/files/2021-04/ECE_INF_2020_3_RUS.pdf.  Discarding.  
	Result [37]  Processing URL https://humanrights.ee/app/uploads/2016/02/EIKaruanne2014.veebi_.rus_.pdf
		Blacklisted url: https://humanrights.ee/app/uploads/2016/02/EIKaruanne2014.veebi_.rus_.pdf.  Discarding.  
	Result [38]  Processing URL http://library.fes.de/pdf-files/bueros/kiew/17379.pdf
		Blacklisted url: http://library.fes.de/pdf-files/bueros/kiew/17379.pdf.  Discarding.  
	Result [39]  Processing URL https://mintrud.gov.ru/ministry/about/reports/2
		Different. The content of https://rnbee.ru/2019/12/18/evropejskaja-solidarnost-v-dejstvii-es-stroit-novye-centry-razmeshhenija-migrantov-v-jestonii/ has distance with https://mintrud.gov.ru/ministry/about/reports/2 of: 0.033792362535403846. Discarding.
	Result [40]  Processing URL https://mintrud.gov.ru/ministry/about/reports/2
		Different. The content of https://rnbee.ru/2019/12/18/evropejskaja-solidarnost-v-dejstvii-es-stroit-novye-centry-razmeshhenija-migrantov-v-jestonii/ has distance with https://mintrud.gov.ru/ministry/about/reports/2 of: 0.03340169938470554. Discarding.
	Result [41]  Processing URL https://uneplive.unep.org/media/docs/assessments/GEO_6_assessment_for_the_pan_European_region_Russian.pdf
		Blacklisted url: https://uneplive.unep.org/media/docs/assessments/GEO_6_assessment_for_the_pan_European_region_Russian.pdf.  Discarding.  
	Result [42]  Processing URL https://www.sipri.org/sites/default/files/%2B%29%20Book%20Fin%20SIPRI%202018%20Rus%20%D0%94%D0%B8%D1%81%D0%BA%20-%2003%20-%2002.10.19.pdf
		Date found in the API results: 2017-04-21T00:00:00
		Blacklisted url: https://www.sipri.org/sites/default/files/%2B%29%20Book%20Fin%20SIPRI%202018%20Rus%20%D0%94%D0%B8%D1%81%D0%BA%20-%2003%20-%2002.10.19.pdf.  Discarding.  
	Result [43]  Processing URL http://www.edc-aes.ru/data/edcaes/content/user_files/files/93.pdf
		Blacklisted url: http://www.edc-aes.ru/data/edcaes/content/user_files/files/93.pdf.  Discarding.  
	Result [44]  Processing URL https://undocs.org/pdf?symbol=ru/A/CONF.219/7
		! Error getting the content of the web.
		! unsupported operand type(s) for +: 'int' and 'str'
		<class 'TypeError'>
		The content of the pages were not string. Verify.
		Different. The content of https://rnbee.ru/2019/12/18/evropejskaja-solidarnost-v-dejstvii-es-stroit-novye-centry-razmeshhenija-migrantov-v-jestonii/ has distance with https://undocs.org/pdf?symbol=ru/A/CONF.219/7 of: False. Discarding.
	Result [45]  Processing URL https://www.wilsoncenter.org/sites/default/files/media/documents/publication/Vestnik_9.pdf
		Blacklisted url: https://www.wilsoncenter.org/sites/default/files/media/documents/publication/Vestnik_9.pdf.  Discarding.  
	Result [46]  Processing URL https://www.iep.ru/files/text/working_papers/61.pdf
		Blacklisted url: https://www.iep.ru/files/text/working_papers/61.pdf.  Discarding.  
	Result [47]  Processing URL https://rm.coe.int/1680494239
		! Error getting the content of the web.
		! unsupported operand type(s) for +: 'int' and 'str'
		<class 'TypeError'>
		The content of the pages were not string. Verify.
		Different. The content of https://rnbee.ru/2019/12/18/evropejskaja-solidarnost-v-dejstvii-es-stroit-novye-centry-razmeshhenija-migrantov-v-jestonii/ has distance with https://rm.coe.int/1680494239 of: False. Discarding.
	Result [48]  Processing URL https://www.oecd.org/eurasia/countries/Eurasia-Reforming-Kazakhstan-Progress-Challenges-Opport.pdf
		Blacklisted url: https://www.oecd.org/eurasia/countries/Eurasia-Reforming-Kazakhstan-Progress-Challenges-Opport.pdf.  Discarding.  
	Result [49]  Processing URL https://www.tatsachen-ueber-deutschland.de/files/2020-11/tatsachen_2018_rus.pdf
		Blacklisted url: https://www.tatsachen-ueber-deutschland.de/files/2020-11/tatsachen_2018_rus.pdf.  Discarding.  
	Result [50]  Processing URL https://ec.europa.eu/regional_policy/sources/docoffic/official/communic/baltic/action_17122010_ru.doc
		Date found in the content of the page: None
		Different. The content of https://rnbee.ru/2019/12/18/evropejskaja-solidarnost-v-dejstvii-es-stroit-novye-centry-razmeshhenija-migrantov-v-jestonii/ has distance with https://ec.europa.eu/regional_policy/sources/docoffic/official/communic/baltic/action_17122010_ru.doc of: 0.0866. Discarding.
	Result [51]  Processing URL http://elar.uspu.ru/bitstream/uspu/5724/1/21Kazantsev.pdf
		Blacklisted url: http://elar.uspu.ru/bitstream/uspu/5724/1/21Kazantsev.pdf.  Discarding.  
	Result [52]  Processing URL http://aevis.ru/upload/ckeditor/files/%D0%9C%D0%B8%D1%85%D0%B0%D0%B9%D0%BB%D0%B5%D0%BD%D0%BA%D0%BE_%D0%92%D0%BD%D0%B5%D1%88%D0%BD%D1%8F%D1%8F%20%D1%80%D0%B5%D0%B3%D0%B8%D0%BE%D0%BD%D0%B0%D0%BB%D1%8C%D0%BD%D0%B0%D1%8F%20%D0%BF%D0%BE%D0%BB%D0%B8%D1%82%D0%B8%D0%BA%D0%B0%20%D0%95%D0%A1_III%20-1(1).pdf
		Blacklisted url: http://aevis.ru/upload/ckeditor/files/%D0%9C%D0%B8%D1%85%D0%B0%D0%B9%D0%BB%D0%B5%D0%BD%D0%BA%D0%BE_%D0%92%D0%BD%D0%B5%D1%88%D0%BD%D1%8F%D1%8F%20%D1%80%D0%B5%D0%B3%D0%B8%D0%BE%D0%BD%D0%B0%D0%BB%D1%8C%D0%BD%D0%B0%D1%8F%20%D0%BF%D0%BE%D0%BB%D0%B8%D1%82%D0%B8%D0%BA%D0%B0%20%D0%95%D0%A1_III%20-1(1).pdf.  Discarding.  
	Result [53]  Processing URL http://kremlin.ru/acts/bank/6772/print
		Different. The content of https://rnbee.ru/2019/12/18/evropejskaja-solidarnost-v-dejstvii-es-stroit-novye-centry-razmeshhenija-migrantov-v-jestonii/ has distance with http://kremlin.ru/acts/bank/6772/print of: 0.1424. Discarding.
	Result [54]  Processing URL https://www.hse.ru/mirror/pubs/share/384498144.pdf
		Blacklisted url: https://www.hse.ru/mirror/pubs/share/384498144.pdf.  Discarding.  
	Result [55]  Processing URL http://cies.isu.ru/img/.-.-.pdf
		Date found in the API results: None
		Blacklisted url: http://cies.isu.ru/img/.-.-.pdf.  Discarding.  
	Result [56]  Processing URL https://www.sefrcbc.fi/wp-content/uploads/sites/6/2016/12/South-East-Finland-Russia-CBC-2014-2020-JOP_RU.pdf
		Blacklisted url: https://www.sefrcbc.fi/wp-content/uploads/sites/6/2016/12/South-East-Finland-Russia-CBC-2014-2020-JOP_RU.pdf.  Discarding.  
	Result [57]  Processing URL http://worldcrisis.ru/crisis/tag_hypacpil
		Date found in the content of the page: None
		Different. The content of https://rnbee.ru/2019/12/18/evropejskaja-solidarnost-v-dejstvii-es-stroit-novye-centry-razmeshhenija-migrantov-v-jestonii/ has distance with http://worldcrisis.ru/crisis/tag_hypacpil of: 0.03107483528370538. Discarding.
	Result [58]  Processing URL http://www.ww.w.politiko.ua/blogs/index?tag=%D0%AD%D1%81%D1%82%D0%BE%D0%BD%D0%B8%D1%8F
		Date found in the content of the page: None
		Different. The content of https://rnbee.ru/2019/12/18/evropejskaja-solidarnost-v-dejstvii-es-stroit-novye-centry-razmeshhenija-migrantov-v-jestonii/ has distance with http://www.ww.w.politiko.ua/blogs/index?tag=%D0%AD%D1%81%D1%82%D0%BE%D0%BD%D0%B8%D1%8F of: 0.263. Discarding.
	Result [59]  Processing URL https://www.social-protection.org/gimi/gess/RessourcePDF.action?id=55203
		Different. The content of https://rnbee.ru/2019/12/18/evropejskaja-solidarnost-v-dejstvii-es-stroit-novye-centry-razmeshhenija-migrantov-v-jestonii/ has distance with https://www.social-protection.org/gimi/gess/RessourcePDF.action?id=55203 of: 0.0987. Discarding.
	Result [60]  Processing URL https://www.ifes.org/sites/default/files/tide_russian_isbn.pdf
		Blacklisted url: https://www.ifes.org/sites/default/files/tide_russian_isbn.pdf.  Discarding.  
	Result [61]  Processing URL https://mgimo.ru/files2/y11_2013/243404/9.3_utkin.pdf
		Blacklisted url: https://mgimo.ru/files2/y11_2013/243404/9.3_utkin.pdf.  Discarding.  
	Result [62]  Processing URL https://russiancouncil.ru/common/upload/LaborMigrationandIntegration-Ru.pdf
		Blacklisted url: https://russiancouncil.ru/common/upload/LaborMigrationandIntegration-Ru.pdf.  Discarding.  
	Result [63]  Processing URL https://www.gks.ru/free_doc/new_site/rosstat/stbook11/tom5.pdf
		Blacklisted url: https://www.gks.ru/free_doc/new_site/rosstat/stbook11/tom5.pdf.  Discarding.  
	Result [64]  Processing URL https://kpfu.ru/portal/docs/F_1370634327/Regional.aspects.of.integration_EU.and.Eurasia.pdf
		Blacklisted url: https://kpfu.ru/portal/docs/F_1370634327/Regional.aspects.of.integration_EU.and.Eurasia.pdf.  Discarding.  
	Result [65]  Processing URL https://www.epsu.org/sites/default/files/article/files/EPSU_Report_final_RU.pdf
		Blacklisted url: https://www.epsu.org/sites/default/files/article/files/EPSU_Report_final_RU.pdf.  Discarding.  
	Result [66]  Processing URL https://www.imf.org/external/russian/pubs/ft/fandd/2020/03/pdf/fd0320r.pdf
		Date found in the API results: 2020-03-30T00:00:00
		Blacklisted url: https://www.imf.org/external/russian/pubs/ft/fandd/2020/03/pdf/fd0320r.pdf.  Discarding.  
	Result [67]  Processing URL https://www.dcaf.ch/sites/default/files/publications/documents/Vademecum_Rus.pdf
		Blacklisted url: https://www.dcaf.ch/sites/default/files/publications/documents/Vademecum_Rus.pdf.  Discarding.  
	Result [68]  Processing URL http://euglobe.ru/wp-content/uploads/2016/09/Russia-and-EU_Tomsk.pdf
		Blacklisted url: http://euglobe.ru/wp-content/uploads/2016/09/Russia-and-EU_Tomsk.pdf.  Discarding.  
	Result [69]  Processing URL https://www.incb.org/documents/Publications/AnnualReports/AR2017/Annual_Report/R_2017_AR_ebook.pdf
		Blacklisted url: https://www.incb.org/documents/Publications/AnnualReports/AR2017/Annual_Report/R_2017_AR_ebook.pdf.  Discarding.  

== Level 0. Twitter search by title as Европейская солидарность в действии: ЕС строит новые центры размещения мигрантов в Эстонии
https://api.twitter.com/2/tweets/search/all?query=%22%D0%95%D0%B2%D1%80%D0%BE%D0%BF%D0%B5%D0%B9%D1%81%D0%BA%D0%B0%D1%8F+%D1%81%D0%BE%D0%BB%D0%B8%D0%B4%D0%B0%D1%80%D0%BD%D0%BE%D1%81%D1%82%D1%8C+%D0%B2+%D0%B4%D0%B5%D0%B9%D1%81%D1%82%D0%B2%D0%B8%D0%B8%3A+%D0%95%D0%A1+%D1%81%D1%82%D1%80%D0%BE%D0%B8%D1%82+%D0%BD%D0%BE%D0%B2%D1%8B%D0%B5+%D1%86%D0%B5%D0%BD%D1%82%D1%80%D1%8B+%D1%80%D0%B0%D0%B7%D0%BC%D0%B5%D1%89%D0%B5%D0%BD%D0%B8%D1%8F+%D0%BC%D0%B8%D0%B3%D1%80%D0%B0%D0%BD%D1%82%D0%BE%D0%B2+%D0%B2+%D0%AD%D1%81%D1%82%D0%BE%D0%BD%D0%B8%D0%B8%22&max_results=100&tweet.fields=author_id%2Cpublic_metrics%2Ccreated_at&start_time=2018-07-13T18%3A47%3A53.248080Z
	Downloaded 2 twitter content
	Result [1]  Processing twitter ID 1207204702607294465: Европейская солидарность в действии: ЕС строит новые центры размещения мигрантов в Эстонии 
#европа #беженцы #население #политика #Прибалтика #Эстония - https://t.co/OJ3rbjvRp1 https://t.co/zYXgxbgqC9
	Result [2]  Processing twitter ID 1204302503296348160: Европейская солидарность в действии: ЕС строит новые центры размещения мигрантов в Эстонии https://t.co/7zOCAl1p0Z

== Level 0. VK search by title as Европейская солидарность в действии: ЕС строит новые центры размещения мигрантов в Эстонии
	Result [0]  Processing URL https://vk.com/id-75974533?w=wall-75974533_54103. Date: 2019-12-18 07:42:14
	Result [1]  Processing URL https://vk.com/id-46878190?w=wall-46878190_9941. Date: 2019-12-17 18:27:07
	Result [2]  Processing URL https://vk.com/id516586472?w=wall516586472_184. Date: 2019-12-16 12:32:35
In total was found 3
