Searching the distribution graph of URL https://news-front.info/2021/05/12/finskij-politolog-zayavil-chto-ukrainy-kak-gosudarstva-ne-sushhestvuet/. Using 1 levels.

		Date found in the URL: 2021-05-12 00:00:00
Main title: Финский политолог заявил, что Украины как государства не существует
In level 0 were found 1 urls including original

== Level 0. Google search by LINKS to https://news-front.info/2021/05/12/finskij-politolog-zayavil-chto-ukrainy-kak-gosudarstva-ne-sushhestvuet/
	Total amount of results retrieved: 2
	Result [1]  Processing URL https://ok.ru/news.front/topic/153311287466071
		The URL https://news-front.info/2021/05/12/finskij-politolog-zayavil-chto-ukrainy-kak-gosudarstva-ne-sushhestvuet/ IS in the content of site https://ok.ru/news.front/topic/153311287466071  Keeping.
		Adding to DB the URL https://ok.ru/news.front/topic/153311287466071
	Result [2]  Processing URL https://217.20.156.131/group/52183257907329/topic/152835926493313?_aid=topicMore
		! Error in getting content due to a Connection Error. Port closed, web down?
		Not in content. The URL https://news-front.info/2021/05/12/finskij-politolog-zayavil-chto-ukrainy-kak-gosudarstva-ne-sushhestvuet/ is not in the content of site https://217.20.156.131/group/52183257907329/topic/152835926493313?_aid=topicMore  Discarding.

== Level 0. Twitter search by LINKS as https://news-front.info/2021/05/12/finskij-politolog-zayavil-chto-ukrainy-kak-gosudarstva-ne-sushhestvuet/
https://api.twitter.com/2/tweets/search/all?query=url+%3A+https%253A%252F%252Fnews-front.info%252F2021%252F05%252F12%252Ffinskij-politolog-zayavil-chto-ukrainy-kak-gosudarstva-ne-sushhestvuet%252F&max_results=100&tweet.fields=author_id%2Cpublic_metrics%2Ccreated_at&start_time=2018-07-13T18%3A58%3A59.025681Z
	Downloaded 0 twitter content

== Level 0. VK search by LINKS as https://news-front.info/2021/05/12/finskij-politolog-zayavil-chto-ukrainy-kak-gosudarstva-ne-sushhestvuet/
	Result [0]  Processing URL https://vk.com/id-80944346?w=wall-80944346_119290. Date: 2021-05-12 18:05:00
	Result [1]  Processing URL https://vk.com/id613172209?w=wall613172209_10367. Date: 2021-05-12 14:09:00
	Result [2]  Processing URL https://vk.com/id613170163?w=wall613170163_10332. Date: 2021-05-12 14:08:39
	Result [3]  Processing URL https://vk.com/id613171056?w=wall613171056_10340. Date: 2021-05-12 14:08:29
	Result [4]  Processing URL https://vk.com/id613141661?w=wall613141661_10393. Date: 2021-05-12 14:08:23
	Result [5]  Processing URL https://vk.com/id613139920?w=wall613139920_10377. Date: 2021-05-12 14:08:12
	Result [6]  Processing URL https://vk.com/id-70204174?w=wall-70204174_648689. Date: 2021-05-12 11:09:03
In total was found 7

== Level 0. Google search by TITLE as Финский политолог заявил, что Украины как государства не существует
	Total amount of results retrieved: 47
	Result [1]  Processing URL https://rueconomics.ru/517975-politolog-iz-finlyandii-zayavil-chto-ukraina-bolshe-ne-sushchestvuet-kak-gosudarstvo
		Date found in the API results: 2021-05-12T00:00:00
		Different. The content of https://news-front.info/2021/05/12/finskij-politolog-zayavil-chto-ukrainy-kak-gosudarstva-ne-sushhestvuet/ has distance with https://rueconomics.ru/517975-politolog-iz-finlyandii-zayavil-chto-ukraina-bolshe-ne-sushchestvuet-kak-gosudarstvo of: 0.2553. Discarding.
	Result [2]  Processing URL https://imag.one/news/finskiy-politolog-zayavil-chto-ukrainy-kak/8024784
		The content of https://news-front.info/2021/05/12/finskij-politolog-zayavil-chto-ukrainy-kak-gosudarstva-ne-sushhestvuet/ has distance with https://imag.one/news/finskiy-politolog-zayavil-chto-ukrainy-kak/8024784 of : 0.318. Keeping.
		Adding to DB the URL https://imag.one/news/finskiy-politolog-zayavil-chto-ukrainy-kak/8024784
	Result [3]  Processing URL https://m.ok.ru/news.front/topic/153311287466071
		Different. The content of https://news-front.info/2021/05/12/finskij-politolog-zayavil-chto-ukrainy-kak-gosudarstva-ne-sushhestvuet/ has distance with https://m.ok.ru/news.front/topic/153311287466071 of: 0.2901. Discarding.
	Result [4]  Processing URL https://www.mk.ru/politics/2020/02/26/surkov-zayavil-chto-ukrainy-ne-sushhestvuet.html
		Date found in the API results: 2020-02-26T00:00:00
		Date found in the URL: 2020-02-26 00:00:00
		Different. The content of https://news-front.info/2021/05/12/finskij-politolog-zayavil-chto-ukrainy-kak-gosudarstva-ne-sushhestvuet/ has distance with https://www.mk.ru/politics/2020/02/26/surkov-zayavil-chto-ukrainy-ne-sushhestvuet.html of: 0.2835. Discarding.
	Result [5]  Processing URL https://www.mk.ru/politics/2021/04/20/pogrebinskiy-zayavil-o-sokrushitelnom-udare-rossii-po-ukraine-bez-perekhoda-granicy.html
		Date found in the API results: 2021-04-20T00:00:00
		Date found in the URL: 2021-04-20 00:00:00
		Different. The content of https://news-front.info/2021/05/12/finskij-politolog-zayavil-chto-ukrainy-kak-gosudarstva-ne-sushhestvuet/ has distance with https://www.mk.ru/politics/2021/04/20/pogrebinskiy-zayavil-o-sokrushitelnom-udare-rossii-po-ukraine-bez-perekhoda-granicy.html of: 0.2717. Discarding.
	Result [6]  Processing URL https://ru.wikipedia.org/wiki/%D0%91%D0%B5%D0%BA%D0%BC%D0%B0%D0%BD,_%D0%99%D0%BE%D1%85%D0%B0%D0%BD
		Different. The content of https://news-front.info/2021/05/12/finskij-politolog-zayavil-chto-ukrainy-kak-gosudarstva-ne-sushhestvuet/ has distance with https://ru.wikipedia.org/wiki/%D0%91%D0%B5%D0%BA%D0%BC%D0%B0%D0%BD,_%D0%99%D0%BE%D1%85%D0%B0%D0%BD of: 0.2535. Discarding.
	Result [7]  Processing URL https://ru.wikipedia.org/wiki/%D0%A3%D0%BA%D1%80%D0%B0%D0%B8%D0%BD%D0%B0
		Different. The content of https://news-front.info/2021/05/12/finskij-politolog-zayavil-chto-ukrainy-kak-gosudarstva-ne-sushhestvuet/ has distance with https://ru.wikipedia.org/wiki/%D0%A3%D0%BA%D1%80%D0%B0%D0%B8%D0%BD%D0%B0 of: 0.2624. Discarding.
	Result [8]  Processing URL https://www.gazeta.ru/politics/news/2021/04/25/n_15904778.shtml
		Date found in the API results: 2021-04-25T00:00:00
		Date found in the URL: 2021-04-25 00:00:00
		Different. The content of https://news-front.info/2021/05/12/finskij-politolog-zayavil-chto-ukrainy-kak-gosudarstva-ne-sushhestvuet/ has distance with https://www.gazeta.ru/politics/news/2021/04/25/n_15904778.shtml of: 0.2755. Discarding.
	Result [9]  Processing URL https://eadaily.com/ru/news/2016/10/25/amerikanskiy-politolog-v-krizise-na-ukraine-vinovaty-strany-zapada
		Date found in the API results: 2016-10-25T00:00:00
		Different. The content of https://news-front.info/2021/05/12/finskij-politolog-zayavil-chto-ukrainy-kak-gosudarstva-ne-sushhestvuet/ has distance with https://eadaily.com/ru/news/2016/10/25/amerikanskiy-politolog-v-krizise-na-ukraine-vinovaty-strany-zapada of: 0.2928. Discarding.
	Result [10]  Processing URL http://hrlibrary.umn.edu/russian/hrtsbook/Rinstituteofpresident.html
		Date found in the content of the page: None
		Different. The content of https://news-front.info/2021/05/12/finskij-politolog-zayavil-chto-ukrainy-kak-gosudarstva-ne-sushhestvuet/ has distance with http://hrlibrary.umn.edu/russian/hrtsbook/Rinstituteofpresident.html of: 0.1642. Discarding.
	Result [11]  Processing URL https://www.euro.who.int/__data/assets/pdf_file/0018/266310/Health-in-all-policies-Rus.pdf
		Date found in the API results: None
		Blacklisted url: https://www.euro.who.int/__data/assets/pdf_file/0018/266310/Health-in-all-policies-Rus.pdf.  Discarding.  
	Result [12]  Processing URL https://russian.rt.com/ussr/article/860049-centr-protivodeistvie-dezinformaciya-zelenskii
		Date found in the API results: 2021-05-09T00:00:00
		Different. The content of https://news-front.info/2021/05/12/finskij-politolog-zayavil-chto-ukrainy-kak-gosudarstva-ne-sushhestvuet/ has distance with https://russian.rt.com/ussr/article/860049-centr-protivodeistvie-dezinformaciya-zelenskii of: 0.2521. Discarding.
	Result [13]  Processing URL https://www.svoboda.org/a/26568162.html
		Date found in the API results: 2014-09-05T00:00:00
		Date found in the content of the page: None
		Different. The content of https://news-front.info/2021/05/12/finskij-politolog-zayavil-chto-ukrainy-kak-gosudarstva-ne-sushhestvuet/ has distance with https://www.svoboda.org/a/26568162.html of: 0.2809. Discarding.
	Result [14]  Processing URL https://imag24.net/news/finskiy-politolog-obyasnil-kak-rf/8100607
		Different. The content of https://news-front.info/2021/05/12/finskij-politolog-zayavil-chto-ukrainy-kak-gosudarstva-ne-sushhestvuet/ has distance with https://imag24.net/news/finskiy-politolog-obyasnil-kak-rf/8100607 of: 0.2877. Discarding.
	Result [15]  Processing URL https://inosmi.ru/social/20210705/250041838.html
		Date found in the API results: 2021-07-05T18:59:26.635581
		Date found in the URL: 2021-07-05 00:00:00
		Different. The content of https://news-front.info/2021/05/12/finskij-politolog-zayavil-chto-ukrainy-kak-gosudarstva-ne-sushhestvuet/ has distance with https://inosmi.ru/social/20210705/250041838.html of: 0.2671. Discarding.
	Result [16]  Processing URL https://ipiend.gov.ua/wp-content/uploads/2018/07/velykyi_206.pdf
		Blacklisted url: https://ipiend.gov.ua/wp-content/uploads/2018/07/velykyi_206.pdf.  Discarding.  
	Result [17]  Processing URL https://sputnik-meedia.ee/politics/20210430/381003/Estonii-na-zametku-kak-imenno-budet-rabotat-spisok-nedruzhestvennykh-stran.html
		Date found in the API results: 2021-04-30T00:00:00
		Date found in the URL: 2021-04-30 00:00:00
		Different. The content of https://news-front.info/2021/05/12/finskij-politolog-zayavil-chto-ukrainy-kak-gosudarstva-ne-sushhestvuet/ has distance with https://sputnik-meedia.ee/politics/20210430/381003/Estonii-na-zametku-kak-imenno-budet-rabotat-spisok-nedruzhestvennykh-stran.html of: 0.2891. Discarding.
	Result [18]  Processing URL https://www.delfi.lt/ru/archive/?fromd=01.11.2013&tod=30.11.2013&channel=300&category=0&query=&page=20
		Date found in the content of the page: None
		The content of https://news-front.info/2021/05/12/finskij-politolog-zayavil-chto-ukrainy-kak-gosudarstva-ne-sushhestvuet/ has distance with https://www.delfi.lt/ru/archive/?fromd=01.11.2013&tod=30.11.2013&channel=300&category=0&query=&page=20 of : 0.3174. Keeping.
		Adding to DB the URL https://www.delfi.lt/ru/archive/?fromd=01.11.2013&tod=30.11.2013&channel=300&category=0&query=&page=20
	Result [19]  Processing URL https://www.osce.org/files/f/documents/3/e/118809.pdf
		Blacklisted url: https://www.osce.org/files/f/documents/3/e/118809.pdf.  Discarding.  
	Result [20]  Processing URL https://yandex.ru/news/instory/Bekman_Zapad_gotovit_krupnuyu_voennuyu_provokaciyu_vKrymu--020562546b946e644d6053eb9a2fd220?lr=87&content=alldocs&stid=Duo8tBkM1RcyU2Z-fiWC&persistent_id=152544707&from=story
		Date found in the API results: 2021-07-10T18:59:36.174921
		Date found in the content of the page: None
		Different. The content of https://news-front.info/2021/05/12/finskij-politolog-zayavil-chto-ukrainy-kak-gosudarstva-ne-sushhestvuet/ has distance with https://yandex.ru/news/instory/Bekman_Zapad_gotovit_krupnuyu_voennuyu_provokaciyu_vKrymu--020562546b946e644d6053eb9a2fd220?lr=87&content=alldocs&stid=Duo8tBkM1RcyU2Z-fiWC&persistent_id=152544707&from=story of: 0.23968088796392648. Discarding.
	Result [21]  Processing URL https://www.bbc.com/ukrainian/ukraine_in_russian/2014/07/140716_ru_s_sovereignty_24_anniversary_vc
		Date found in the API results: 2014-07-16T00:00:00
		The content of https://news-front.info/2021/05/12/finskij-politolog-zayavil-chto-ukrainy-kak-gosudarstva-ne-sushhestvuet/ has distance with https://www.bbc.com/ukrainian/ukraine_in_russian/2014/07/140716_ru_s_sovereignty_24_anniversary_vc of : 0.3499. Keeping.
		Adding to DB the URL https://www.bbc.com/ukrainian/ukraine_in_russian/2014/07/140716_ru_s_sovereignty_24_anniversary_vc
	Result [22]  Processing URL http://allpravda.info/finskiy-politolog-obyasnil-pochemu-ne-schitaet-ukrainu-gosudarstvom-118788.html
		Date found in the API results: 2021-05-12T00:00:00
		Different. The content of https://news-front.info/2021/05/12/finskij-politolog-zayavil-chto-ukrainy-kak-gosudarstva-ne-sushhestvuet/ has distance with http://allpravda.info/finskiy-politolog-obyasnil-pochemu-ne-schitaet-ukrainu-gosudarstvom-118788.html of: 0.2651. Discarding.
	Result [23]  Processing URL https://news-front.info/
		The content of https://news-front.info/2021/05/12/finskij-politolog-zayavil-chto-ukrainy-kak-gosudarstva-ne-sushhestvuet/ has distance with https://news-front.info/ of : 0.8477. Keeping.
		Adding to DB the URL https://news-front.info/
	Result [24]  Processing URL https://asu.edu.ru/images/File/Tishkov-Shabaev-Etnopolitologiya-Politicheskie-funktsii-etnichnosti.pdf
		Blacklisted url: https://asu.edu.ru/images/File/Tishkov-Shabaev-Etnopolitologiya-Politicheskie-funktsii-etnichnosti.pdf.  Discarding.  
	Result [25]  Processing URL https://www1.ku.de/ZIMOS/forum/docs/forumruss15/3Pachlovska.pdf
		Blacklisted url: https://www1.ku.de/ZIMOS/forum/docs/forumruss15/3Pachlovska.pdf.  Discarding.  
	Result [26]  Processing URL https://ria24.today/news/deputat-litvy-zayavil-chto-ukraina/7948746
		Different. The content of https://news-front.info/2021/05/12/finskij-politolog-zayavil-chto-ukrainy-kak-gosudarstva-ne-sushhestvuet/ has distance with https://ria24.today/news/deputat-litvy-zayavil-chto-ukraina/7948746 of: 0.2819. Discarding.
	Result [27]  Processing URL https://www.hse.ru/data/734/408/1233/%D0%9A%D0%9D%D0%98%D0%93%D0%90-%D0%BD%D0%B0%D1%86.%D0%B8%D0%B4%D0%B5%D0%BD%D1%821..doc
		Date found in the content of the page: None
		Different. The content of https://news-front.info/2021/05/12/finskij-politolog-zayavil-chto-ukrainy-kak-gosudarstva-ne-sushhestvuet/ has distance with https://www.hse.ru/data/734/408/1233/%D0%9A%D0%9D%D0%98%D0%93%D0%90-%D0%BD%D0%B0%D1%86.%D0%B8%D0%B4%D0%B5%D0%BD%D1%821..doc of: 0.0697. Discarding.
	Result [28]  Processing URL https://www.currenttime.tv/a/politolog-o-vyskazyvaniyah-putina-ob-ukraine-i-nato/31301261.html
		Date found in the API results: 2021-06-10T00:00:00
		Different. The content of https://news-front.info/2021/05/12/finskij-politolog-zayavil-chto-ukrainy-kak-gosudarstva-ne-sushhestvuet/ has distance with https://www.currenttime.tv/a/politolog-o-vyskazyvaniyah-putina-ob-ukraine-i-nato/31301261.html of: 0.2645. Discarding.
	Result [29]  Processing URL https://www.kommersant.ru/doc/2336682
		Different. The content of https://news-front.info/2021/05/12/finskij-politolog-zayavil-chto-ukrainy-kak-gosudarstva-ne-sushhestvuet/ has distance with https://www.kommersant.ru/doc/2336682 of: 0.2927. Discarding.
	Result [30]  Processing URL https://argumenti.ru/
		! Error getting the content of the web.
		! unsupported operand type(s) for +: 'int' and 'str'
		<class 'TypeError'>
		The content of the pages were not string. Verify.
		Different. The content of https://news-front.info/2021/05/12/finskij-politolog-zayavil-chto-ukrainy-kak-gosudarstva-ne-sushhestvuet/ has distance with https://argumenti.ru/ of: False. Discarding.
	Result [31]  Processing URL https://expert.ru/
		Different. The content of https://news-front.info/2021/05/12/finskij-politolog-zayavil-chto-ukrainy-kak-gosudarstva-ne-sushhestvuet/ has distance with https://expert.ru/ of: 0.2192. Discarding.
	Result [32]  Processing URL https://riafan.ru/1482065-zakrytyi-grob-pokhoronnye-byuro-vydumyvayut-mery-o-kotorykh-ne-prosit-rospotrebnadzor
		Date found in the API results: 2021-07-12
		Different. The content of https://news-front.info/2021/05/12/finskij-politolog-zayavil-chto-ukrainy-kak-gosudarstva-ne-sushhestvuet/ has distance with https://riafan.ru/1482065-zakrytyi-grob-pokhoronnye-byuro-vydumyvayut-mery-o-kotorykh-ne-prosit-rospotrebnadzor of: 0.2729. Discarding.
	Result [33]  Processing URL https://easy-gram.ru/fullnew-664-soglasno-vyvodam-novogo-issledovaniya-temnoj-materii-voobsche-ne-suschestvuet.html
		! Error getting the content of the web.
		! unsupported operand type(s) for +: 'int' and 'str'
		<class 'TypeError'>
		The content of the pages were not string. Verify.
		Different. The content of https://news-front.info/2021/05/12/finskij-politolog-zayavil-chto-ukrainy-kak-gosudarstva-ne-sushhestvuet/ has distance with https://easy-gram.ru/fullnew-664-soglasno-vyvodam-novogo-issledovaniya-temnoj-materii-voobsche-ne-suschestvuet.html of: False. Discarding.
	Result [34]  Processing URL https://www.rosbalt.ru/world/2021/07/04/1909763.html
		Date found in the API results: 2021-07-04T00:00:00
		Date found in the URL: 2021-07-04 00:00:00
		Different. The content of https://news-front.info/2021/05/12/finskij-politolog-zayavil-chto-ukrainy-kak-gosudarstva-ne-sushhestvuet/ has distance with https://www.rosbalt.ru/world/2021/07/04/1909763.html of: 0.2793. Discarding.
	Result [35]  Processing URL https://u-f.ru/news/society/u25354/2021/07/11/319366
		Date found in the API results: 2021-07-11T19:00:00.144923
		Date found in the URL: 2021-07-11 00:00:00
		Different. The content of https://news-front.info/2021/05/12/finskij-politolog-zayavil-chto-ukrainy-kak-gosudarstva-ne-sushhestvuet/ has distance with https://u-f.ru/news/society/u25354/2021/07/11/319366 of: 0.2714. Discarding.
	Result [36]  Processing URL https://vz.ru/tags/1090/
		Different. The content of https://news-front.info/2021/05/12/finskij-politolog-zayavil-chto-ukrainy-kak-gosudarstva-ne-sushhestvuet/ has distance with https://vz.ru/tags/1090/ of: 0.2519. Discarding.
	Result [37]  Processing URL https://www.bbc.com/ukrainian/ukraine_in_russian/2014/07/140716_ru_s_sovereignty_24_anniversary_vc
		Date found in the API results: 2014-07-16T00:00:00
		The content of https://news-front.info/2021/05/12/finskij-politolog-zayavil-chto-ukrainy-kak-gosudarstva-ne-sushhestvuet/ has distance with https://www.bbc.com/ukrainian/ukraine_in_russian/2014/07/140716_ru_s_sovereignty_24_anniversary_vc of : 0.3499. Keeping.
		Adding to DB the URL https://www.bbc.com/ukrainian/ukraine_in_russian/2014/07/140716_ru_s_sovereignty_24_anniversary_vc
	Result [38]  Processing URL https://www.lrt.lt/ru/novosti/17/1191311/podarki-ot-russkogo-naroda-kto-i-kak-perekraival-kartu-sssr
		Date found in the API results: 2020-06-24T00:00:00
		Different. The content of https://news-front.info/2021/05/12/finskij-politolog-zayavil-chto-ukrainy-kak-gosudarstva-ne-sushhestvuet/ has distance with https://www.lrt.lt/ru/novosti/17/1191311/podarki-ot-russkogo-naroda-kto-i-kak-perekraival-kartu-sssr of: 0.2708. Discarding.
	Result [39]  Processing URL https://ng89.ru/newsone/2018108/polkovnik-vvs-ssha-zayavil-o-nesposobnosti-amerikanskih-voennyh-pobedit-v-vojne-buduschego.html
		Date found in the API results: 2021-07-12
		The content of https://news-front.info/2021/05/12/finskij-politolog-zayavil-chto-ukrainy-kak-gosudarstva-ne-sushhestvuet/ has distance with https://ng89.ru/newsone/2018108/polkovnik-vvs-ssha-zayavil-o-nesposobnosti-amerikanskih-voennyh-pobedit-v-vojne-buduschego.html of : 0.3361. Keeping.
		Adding to DB the URL https://ng89.ru/newsone/2018108/polkovnik-vvs-ssha-zayavil-o-nesposobnosti-amerikanskih-voennyh-pobedit-v-vojne-buduschego.html
	Result [40]  Processing URL https://ng89.ru/newsone/2017883/v-ni-nazvali-oploshnost-po-krymu-kotoraya-moget-stoit-nato-imidga-i-vliyaniya.html
		Date found in the API results: 2021-07-11
		The content of https://news-front.info/2021/05/12/finskij-politolog-zayavil-chto-ukrainy-kak-gosudarstva-ne-sushhestvuet/ has distance with https://ng89.ru/newsone/2017883/v-ni-nazvali-oploshnost-po-krymu-kotoraya-moget-stoit-nato-imidga-i-vliyaniya.html of : 0.3345. Keeping.
		Adding to DB the URL https://ng89.ru/newsone/2017883/v-ni-nazvali-oploshnost-po-krymu-kotoraya-moget-stoit-nato-imidga-i-vliyaniya.html
	Result [41]  Processing URL https://www.bbc.com/ukrainian/ukraine_in_russian/2014/07/140716_ru_s_sovereignty_24_anniversary_vc
		Date found in the API results: 2014-07-16T00:00:00
		The content of https://news-front.info/2021/05/12/finskij-politolog-zayavil-chto-ukrainy-kak-gosudarstva-ne-sushhestvuet/ has distance with https://www.bbc.com/ukrainian/ukraine_in_russian/2014/07/140716_ru_s_sovereignty_24_anniversary_vc of : 0.3499. Keeping.
		Adding to DB the URL https://www.bbc.com/ukrainian/ukraine_in_russian/2014/07/140716_ru_s_sovereignty_24_anniversary_vc
	Result [42]  Processing URL https://www.rosbalt.ru/world/2021/07/04/1909763.html
		Date found in the API results: 2021-07-04T00:00:00
		Date found in the URL: 2021-07-04 00:00:00
		Different. The content of https://news-front.info/2021/05/12/finskij-politolog-zayavil-chto-ukrainy-kak-gosudarstva-ne-sushhestvuet/ has distance with https://www.rosbalt.ru/world/2021/07/04/1909763.html of: 0.2793. Discarding.
	Result [43]  Processing URL https://vz.ru/tags/1090/
		Different. The content of https://news-front.info/2021/05/12/finskij-politolog-zayavil-chto-ukrainy-kak-gosudarstva-ne-sushhestvuet/ has distance with https://vz.ru/tags/1090/ of: 0.2519. Discarding.
	Result [44]  Processing URL https://www.lrt.lt/ru/novosti/17/1191311/podarki-ot-russkogo-naroda-kto-i-kak-perekraival-kartu-sssr
		Date found in the API results: 2020-06-24T00:00:00
		Different. The content of https://news-front.info/2021/05/12/finskij-politolog-zayavil-chto-ukrainy-kak-gosudarstva-ne-sushhestvuet/ has distance with https://www.lrt.lt/ru/novosti/17/1191311/podarki-ot-russkogo-naroda-kto-i-kak-perekraival-kartu-sssr of: 0.2708. Discarding.
	Result [45]  Processing URL https://ng89.ru/newsone/2018108/polkovnik-vvs-ssha-zayavil-o-nesposobnosti-amerikanskih-voennyh-pobedit-v-vojne-buduschego.html
		Date found in the API results: 2021-07-12
		The content of https://news-front.info/2021/05/12/finskij-politolog-zayavil-chto-ukrainy-kak-gosudarstva-ne-sushhestvuet/ has distance with https://ng89.ru/newsone/2018108/polkovnik-vvs-ssha-zayavil-o-nesposobnosti-amerikanskih-voennyh-pobedit-v-vojne-buduschego.html of : 0.3357. Keeping.
		Adding to DB the URL https://ng89.ru/newsone/2018108/polkovnik-vvs-ssha-zayavil-o-nesposobnosti-amerikanskih-voennyh-pobedit-v-vojne-buduschego.html
	Result [46]  Processing URL https://documents1.worldbank.org/curated/en/926641468104657504/pdf/361330RUSSIAN01lic120Admin01PUBLIC1.pdf
		Blacklisted url: https://documents1.worldbank.org/curated/en/926641468104657504/pdf/361330RUSSIAN01lic120Admin01PUBLIC1.pdf.  Discarding.  
	Result [47]  Processing URL https://sakhmart.ru/description_769692_iltasanomat_finlyandiya_finskij_ekspert_schitaet_chto_rech_putina_byla_ochen_sovetskoj_po_duhu.html
		The content of https://news-front.info/2021/05/12/finskij-politolog-zayavil-chto-ukrainy-kak-gosudarstva-ne-sushhestvuet/ has distance with https://sakhmart.ru/description_769692_iltasanomat_finlyandiya_finskij_ekspert_schitaet_chto_rech_putina_byla_ochen_sovetskoj_po_duhu.html of : 0.3095. Keeping.
		Adding to DB the URL https://sakhmart.ru/description_769692_iltasanomat_finlyandiya_finskij_ekspert_schitaet_chto_rech_putina_byla_ochen_sovetskoj_po_duhu.html

== Level 0. Twitter search by title as Финский политолог заявил, что Украины как государства не существует
https://api.twitter.com/2/tweets/search/all?query=%22%D0%A4%D0%B8%D0%BD%D1%81%D0%BA%D0%B8%D0%B9+%D0%BF%D0%BE%D0%BB%D0%B8%D1%82%D0%BE%D0%BB%D0%BE%D0%B3+%D0%B7%D0%B0%D1%8F%D0%B2%D0%B8%D0%BB%2C+%D1%87%D1%82%D0%BE+%D0%A3%D0%BA%D1%80%D0%B0%D0%B8%D0%BD%D1%8B+%D0%BA%D0%B0%D0%BA+%D0%B3%D0%BE%D1%81%D1%83%D0%B4%D0%B0%D1%80%D1%81%D1%82%D0%B2%D0%B0+%D0%BD%D0%B5+%D1%81%D1%83%D1%89%D0%B5%D1%81%D1%82%D0%B2%D1%83%D0%B5%D1%82%22&max_results=100&tweet.fields=author_id%2Cpublic_metrics%2Ccreated_at&start_time=2018-07-13T19%3A00%3A13.802531Z
	Downloaded 2 twitter content
	Result [1]  Processing twitter ID 1392436967141482498: Финский политолог заявил, что Украины как государства не существует

По мнению Йохана Бекмана, Украина прекратила свое существование как национальное государство...

ПОДРОБНЕЕ: https://t.co/rdV0aDGedR
	Result [2]  Processing twitter ID 1392436659254403076: Финский политолог заявил, что Украины как государства не существует
https://t.co/rZmUVxh5rx https://t.co/2r1wp9od7c

== Level 0. VK search by title as Финский политолог заявил, что Украины как государства не существует
	Result [0]  Processing URL https://vk.com/id-193258392?w=wall-193258392_1061. Date: 2021-06-27 21:52:57
	Result [1]  Processing URL https://vk.com/id-61324059?w=wall-61324059_80307. Date: 2021-06-01 13:00:17
	Result [2]  Processing URL https://vk.com/id255744597?w=wall255744597_394093. Date: 2021-05-20 06:57:58
	Result [3]  Processing URL https://vk.com/id-144507381?w=wall-144507381_92350. Date: 2021-05-20 06:57:19
	Result [4]  Processing URL https://vk.com/id-101200162?w=wall-101200162_84919. Date: 2021-05-20 06:56:44
	Result [5]  Processing URL https://vk.com/id-77035902?w=wall-77035902_133437. Date: 2021-05-20 06:55:00
	Result [6]  Processing URL https://vk.com/id-33272687?w=wall-33272687_8935. Date: 2021-05-20 05:09:56
	Result [7]  Processing URL https://vk.com/id309708821?w=wall309708821_31566. Date: 2021-05-18 09:37:54
	Result [8]  Processing URL https://vk.com/id-80944346?w=wall-80944346_119290. Date: 2021-05-12 18:05:00
	Result [9]  Processing URL https://vk.com/id613172209?w=wall613172209_10367. Date: 2021-05-12 14:09:00
	Result [10]  Processing URL https://vk.com/id613170163?w=wall613170163_10332. Date: 2021-05-12 14:08:39
	Result [11]  Processing URL https://vk.com/id613171056?w=wall613171056_10340. Date: 2021-05-12 14:08:29
	Result [12]  Processing URL https://vk.com/id613141661?w=wall613141661_10393. Date: 2021-05-12 14:08:23
	Result [13]  Processing URL https://vk.com/id613139920?w=wall613139920_10377. Date: 2021-05-12 14:08:12
	Result [14]  Processing URL https://vk.com/id-153560885?w=wall-153560885_209877. Date: 2021-05-12 13:43:28
	Result [15]  Processing URL https://vk.com/id272287004?w=wall272287004_48759. Date: 2021-05-12 12:51:48
	Result [16]  Processing URL https://vk.com/id-70204174?w=wall-70204174_648689. Date: 2021-05-12 11:09:03
	Result [17]  Processing URL https://vk.com/id-203158063?w=wall-203158063_1876. Date: 2021-05-12 11:07:15
	Result [18]  Processing URL https://vk.com/id-195582061?w=wall-195582061_17419. Date: 2021-05-12 10:45:55
	Result [19]  Processing URL https://vk.com/id575107879?w=wall575107879_12905. Date: 2021-05-12 10:37:50
	Result [20]  Processing URL https://vk.com/id-94269450?w=wall-94269450_822354. Date: 2021-04-13 22:59:00
	Result [21]  Processing URL https://vk.com/id-174855763?w=wall-174855763_24154. Date: 2021-04-13 13:33:31
	Result [22]  Processing URL https://vk.com/id-61324059?w=wall-61324059_78923. Date: 2021-03-07 16:00:24
	Result [23]  Processing URL https://vk.com/id-61324059?w=wall-61324059_77590. Date: 2020-12-19 05:00:22
	Result [24]  Processing URL https://vk.com/id236740162?w=wall236740162_30269. Date: 2020-12-10 08:37:08
	Result [25]  Processing URL https://vk.com/id-87029781?w=wall-87029781_30796. Date: 2020-12-10 07:29:38
	Result [26]  Processing URL https://vk.com/id-70071454?w=wall-70071454_100855. Date: 2020-12-10 07:23:20
	Result [27]  Processing URL https://vk.com/id-106067045?w=wall-106067045_149647. Date: 2020-12-09 19:27:45
	Result [28]  Processing URL https://vk.com/id-61324059?w=wall-61324059_76239. Date: 2020-10-01 09:00:18
	Result [29]  Processing URL https://vk.com/id11164177?w=wall11164177_44779. Date: 2020-07-01 13:01:43
In total was found 30
