Searching the distribution graph of URL https://eadaily.com/ru/news/2021/04/27/volodin-zapad-dolzhen-kompensirovat-rossii-ushcherb-ot-pandemii-covid-19. Using 1 levels.

		Date found in the URL: 2021-04-27 00:00:00
Main title: Володин: Запад должен компенсировать России ущерб от пандемии Covid-19 — EADaily, 27 апреля 2021 — Новости политики, Новости России
In level 0 were found 1 urls including original

== Level 0. Google search by LINKS to https://eadaily.com/ru/news/2021/04/27/volodin-zapad-dolzhen-kompensirovat-rossii-ushcherb-ot-pandemii-covid-19
	Total amount of results retrieved: 2
	Result [1]  Processing URL https://eadaily.com/ru/news/2021/04/27/volodin-zapad-dolzhen-kompensirovat-rossii-ushcherb-ot-pandemii-covid-19
		Date found in the API results: 2021-04-27T00:00:00
		Repeated url: https://eadaily.com/ru/news/2021/04/27/volodin-zapad-dolzhen-kompensirovat-rossii-ushcherb-ot-pandemii-covid-19.  Discarding.  
	Result [2]  Processing URL https://app.cappture.cc/snapshots/1ebae78a-7671-6b94-a5a8-0ebd7f1ed012
		Date found in the API results: 2021-04-27T00:00:00
		Date found in the content of the page: None
		Not in content. The URL https://eadaily.com/ru/news/2021/04/27/volodin-zapad-dolzhen-kompensirovat-rossii-ushcherb-ot-pandemii-covid-19 is not in the content of site https://app.cappture.cc/snapshots/1ebae78a-7671-6b94-a5a8-0ebd7f1ed012  Discarding.
		Date found in the API results: 2021-04-27T00:00:00

== Level 0. Twitter search by LINKS as https://eadaily.com/ru/news/2021/04/27/volodin-zapad-dolzhen-kompensirovat-rossii-ushcherb-ot-pandemii-covid-19
https://api.twitter.com/2/tweets/search/all?query=url+%3A+https%253A%252F%252Feadaily.com%252Fru%252Fnews%252F2021%252F04%252F27%252Fvolodin-zapad-dolzhen-kompensirovat-rossii-ushcherb-ot-pandemii-covid-19&max_results=100&tweet.fields=author_id%2Cpublic_metrics%2Ccreated_at&start_time=2020-07-12T18%3A52%3A38.435991Z
	Downloaded 2 twitter content
	Result [1]  Processing twitter ID 1399400005950218242: Володин: Запад должен компенсировать России ущерб от пандемии Covid-19 https://t.co/sc62pAEzdi через @eurasiadaily
	Result [2]  Processing twitter ID 1388906001408086017: Володин: Запад должен компенсировать России ущерб от пандемии Covid-19 https://t.co/6Ssc6bWrWB через @eurasiadaily

== Level 0. VK search by LINKS as https://eadaily.com/ru/news/2021/04/27/volodin-zapad-dolzhen-kompensirovat-rossii-ushcherb-ot-pandemii-covid-19
	Result [0]  Processing URL https://vk.com/id299895596?w=wall299895596_50905. Date: 2021-04-27 17:18:46
In total was found 1

== Level 0. Google search by TITLE as Володин: Запад должен компенсировать России ущерб от пандемии Covid-19 — EADaily, 27 апреля 2021 — Новости политики, Новости России
	Total amount of results retrieved: 33
	Result [1]  Processing URL https://eadaily.com/ru/news/2021/04/27/volodin-zapad-dolzhen-kompensirovat-rossii-ushcherb-ot-pandemii-covid-19
		Date found in the API results: 2021-04-27T00:00:00
		Repeated url: https://eadaily.com/ru/news/2021/04/27/volodin-zapad-dolzhen-kompensirovat-rossii-ushcherb-ot-pandemii-covid-19.  Discarding.  
	Result [2]  Processing URL https://eadaily.com/ru/news/2021/04/27/koronavirus-svyazan-s-amerikanskoy-biolaboratoriey-volodin
		Date found in the API results: 2021-04-27T00:00:00
		Date found in the URL: 2021-04-27 00:00:00
		The content of https://eadaily.com/ru/news/2021/04/27/volodin-zapad-dolzhen-kompensirovat-rossii-ushcherb-ot-pandemii-covid-19 has distance with https://eadaily.com/ru/news/2021/04/27/koronavirus-svyazan-s-amerikanskoy-biolaboratoriey-volodin of : 0.9142. Keeping.
		Adding to DB the URL https://eadaily.com/ru/news/2021/04/27/koronavirus-svyazan-s-amerikanskoy-biolaboratoriey-volodin
	Result [3]  Processing URL http://duma.gov.ru/news/51372/
		Date found in the API results: 2021-04-27T00:00:00
		Different. The content of https://eadaily.com/ru/news/2021/04/27/volodin-zapad-dolzhen-kompensirovat-rossii-ushcherb-ot-pandemii-covid-19 has distance with http://duma.gov.ru/news/51372/ of: 0.2844. Discarding.
	Result [4]  Processing URL http://duma.gov.ru/news/51371/
		Date found in the API results: 2021-04-27T00:00:00
		Different. The content of https://eadaily.com/ru/news/2021/04/27/volodin-zapad-dolzhen-kompensirovat-rossii-ushcherb-ot-pandemii-covid-19 has distance with http://duma.gov.ru/news/51371/ of: 0.2821. Discarding.
	Result [5]  Processing URL https://ria.ru/20210427/volodin-1730130112.html
		Date found in the API results: 2021-04-27T00:00:00
		Date found in the URL: 2021-04-27 00:00:00
		The content of https://eadaily.com/ru/news/2021/04/27/volodin-zapad-dolzhen-kompensirovat-rossii-ushcherb-ot-pandemii-covid-19 has distance with https://ria.ru/20210427/volodin-1730130112.html of : 0.3173. Keeping.
		Adding to DB the URL https://ria.ru/20210427/volodin-1730130112.html
	Result [6]  Processing URL https://club-tm.ru/news/1186613/volodin-zapad-dolgen-kompensirovat-rossii-uscherb-ot-pandemii-covid19.html
		The content of https://eadaily.com/ru/news/2021/04/27/volodin-zapad-dolzhen-kompensirovat-rossii-ushcherb-ot-pandemii-covid-19 has distance with https://club-tm.ru/news/1186613/volodin-zapad-dolgen-kompensirovat-rossii-uscherb-ot-pandemii-covid19.html of : 0.3065. Keeping.
		Adding to DB the URL https://club-tm.ru/news/1186613/volodin-zapad-dolgen-kompensirovat-rossii-uscherb-ot-pandemii-covid19.html
	Result [7]  Processing URL https://imag.one/news/volodin-zayavil-chto-zapad-dolzhen/7803650
		The content of https://eadaily.com/ru/news/2021/04/27/volodin-zapad-dolzhen-kompensirovat-rossii-ushcherb-ot-pandemii-covid-19 has distance with https://imag.one/news/volodin-zayavil-chto-zapad-dolzhen/7803650 of : 0.3288. Keeping.
		Adding to DB the URL https://imag.one/news/volodin-zayavil-chto-zapad-dolzhen/7803650
	Result [8]  Processing URL https://tass.ru/politika/11254367
		Date found in the API results: 2021-04-27T00:00:00
		The content of https://eadaily.com/ru/news/2021/04/27/volodin-zapad-dolzhen-kompensirovat-rossii-ushcherb-ot-pandemii-covid-19 has distance with https://tass.ru/politika/11254367 of : 0.4062. Keeping.
		Adding to DB the URL https://tass.ru/politika/11254367
	Result [9]  Processing URL https://ng89.ru/newsone/1731241/mid-belorussii-prizval-zapad-uspokoitsya.html
		Different. The content of https://eadaily.com/ru/news/2021/04/27/volodin-zapad-dolzhen-kompensirovat-rossii-ushcherb-ot-pandemii-covid-19 has distance with https://ng89.ru/newsone/1731241/mid-belorussii-prizval-zapad-uspokoitsya.html of: 0.2784. Discarding.
	Result [10]  Processing URL https://www.fontanka.ru/2021/04/27/69888620/
		Date found in the URL: 2021-04-27 00:00:00
		The content of https://eadaily.com/ru/news/2021/04/27/volodin-zapad-dolzhen-kompensirovat-rossii-ushcherb-ot-pandemii-covid-19 has distance with https://www.fontanka.ru/2021/04/27/69888620/ of : 0.3616. Keeping.
		Adding to DB the URL https://www.fontanka.ru/2021/04/27/69888620/
	Result [11]  Processing URL https://regnum.ru/news/2909938.html
		Date found in the API results: 2020-04-09T00:00:00
		The content of https://eadaily.com/ru/news/2021/04/27/volodin-zapad-dolzhen-kompensirovat-rossii-ushcherb-ot-pandemii-covid-19 has distance with https://regnum.ru/news/2909938.html of : 0.3547. Keeping.
		Adding to DB the URL https://regnum.ru/news/2909938.html
	Result [12]  Processing URL https://psv18-4.daxab.com/ru/news/2021/04/27/
		! Error in getting content due to a Connection Error. Port closed, web down?
		The content of the pages were not string. Verify.
		Different. The content of https://eadaily.com/ru/news/2021/04/27/volodin-zapad-dolzhen-kompensirovat-rossii-ushcherb-ot-pandemii-covid-19 has distance with https://psv18-4.daxab.com/ru/news/2021/04/27/ of: False. Discarding.
	Result [13]  Processing URL https://www.imemo.ru/search.html?search=%F2%ED%
		Different. The content of https://eadaily.com/ru/news/2021/04/27/volodin-zapad-dolzhen-kompensirovat-rossii-ushcherb-ot-pandemii-covid-19 has distance with https://www.imemo.ru/search.html?search=%F2%ED% of: 0.2808. Discarding.
	Result [14]  Processing URL https://v-nikonov.ru/publications/comments/?SHOWALL_1=1
		Different. The content of https://eadaily.com/ru/news/2021/04/27/volodin-zapad-dolzhen-kompensirovat-rossii-ushcherb-ot-pandemii-covid-19 has distance with https://v-nikonov.ru/publications/comments/?SHOWALL_1=1 of: 0.2896. Discarding.
	Result [15]  Processing URL https://svpressa.ru/blogs/article/267383/
		Different. The content of https://eadaily.com/ru/news/2021/04/27/volodin-zapad-dolzhen-kompensirovat-rossii-ushcherb-ot-pandemii-covid-19 has distance with https://svpressa.ru/blogs/article/267383/ of: 0.2033. Discarding.
	Result [16]  Processing URL http://nevainfo.ru/2021/04/798565-zapad-dolzhen-vospolnit-rossiyskoy-federacii-vred-ot/
		Date found in the API results: 2021-04-27T00:00:00
		Date found in the URL: 2021-04-07 00:00:00
		Different. The content of https://eadaily.com/ru/news/2021/04/27/volodin-zapad-dolzhen-kompensirovat-rossii-ushcherb-ot-pandemii-covid-19 has distance with http://nevainfo.ru/2021/04/798565-zapad-dolzhen-vospolnit-rossiyskoy-federacii-vred-ot/ of: 0.2713. Discarding.
	Result [17]  Processing URL https://unecon.ru/sites/default/files/izvestiya_no_2-2021.pdf
		Date found in the API results: 2021-04-20T00:00:00
		Blacklisted url: https://unecon.ru/sites/default/files/izvestiya_no_2-2021.pdf.  Discarding.  
	Result [18]  Processing URL https://www.polpred.com/?ns=1&person_id=14211
		Date found in the content of the page: None
		The content of https://eadaily.com/ru/news/2021/04/27/volodin-zapad-dolzhen-kompensirovat-rossii-ushcherb-ot-pandemii-covid-19 has distance with https://www.polpred.com/?ns=1&person_id=14211 of : 0.3456. Keeping.
		Adding to DB the URL https://www.polpred.com/?ns=1&person_id=14211
	Result [19]  Processing URL https://morganaswelt.ru/news-131850-zapad-nachal-informataku-protiv-rossii-izza-covid19-sobytiya-nochi-15-maya.html
		Date found in the API results: 2020-05-15T00:00:00
		! Error in getting content due to a Connection Error. Port closed, web down?
		The content of the pages were not string. Verify.
		Different. The content of https://eadaily.com/ru/news/2021/04/27/volodin-zapad-dolzhen-kompensirovat-rossii-ushcherb-ot-pandemii-covid-19 has distance with https://morganaswelt.ru/news-131850-zapad-nachal-informataku-protiv-rossii-izza-covid19-sobytiya-nochi-15-maya.html of: False. Discarding.
	Result [20]  Processing URL https://fuchik2.livejournal.com/category/%D0%BF%D0%BE%D0%BB%D0%B8%D1%82%D0%B8%D0%BA%D0%B0
		Different. The content of https://eadaily.com/ru/news/2021/04/27/volodin-zapad-dolzhen-kompensirovat-rossii-ushcherb-ot-pandemii-covid-19 has distance with https://fuchik2.livejournal.com/category/%D0%BF%D0%BE%D0%BB%D0%B8%D1%82%D0%B8%D0%BA%D0%B0 of: 0.2867. Discarding.
	Result [21]  Processing URL https://tnaneve.spb.ru/news/605572/volodin-zapad-dolgen-kompensirovat-rossii-uscherb-ot-pandemii-covid19.html
		The content of https://eadaily.com/ru/news/2021/04/27/volodin-zapad-dolzhen-kompensirovat-rossii-ushcherb-ot-pandemii-covid-19 has distance with https://tnaneve.spb.ru/news/605572/volodin-zapad-dolgen-kompensirovat-rossii-uscherb-ot-pandemii-covid19.html of : 0.3141. Keeping.
		Adding to DB the URL https://tnaneve.spb.ru/news/605572/volodin-zapad-dolgen-kompensirovat-rossii-uscherb-ot-pandemii-covid19.html
	Result [22]  Processing URL https://fuchik2.livejournal.com/tag/%D0%A5%D1%80%D0%BE%D0%BD%D0%B8%D0%BA%D0%B8?utm_medium=endless_scroll
		Different. The content of https://eadaily.com/ru/news/2021/04/27/volodin-zapad-dolzhen-kompensirovat-rossii-ushcherb-ot-pandemii-covid-19 has distance with https://fuchik2.livejournal.com/tag/%D0%A5%D1%80%D0%BE%D0%BD%D0%B8%D0%BA%D0%B8?utm_medium=endless_scroll of: 0.2887. Discarding.
	Result [23]  Processing URL https://rospisatel.ru/pos.htm
		Different. The content of https://eadaily.com/ru/news/2021/04/27/volodin-zapad-dolzhen-kompensirovat-rossii-ushcherb-ot-pandemii-covid-19 has distance with https://rospisatel.ru/pos.htm of: 0.2355. Discarding.
	Result [24]  Processing URL https://vz.ru/news/2006/10/19/53574.html?utm_campaign=vz&utm_medium=referral&utm_source=newsanons
		Date found in the API results: 2006-10-19T00:00:00
		Different. The content of https://eadaily.com/ru/news/2021/04/27/volodin-zapad-dolzhen-kompensirovat-rossii-ushcherb-ot-pandemii-covid-19 has distance with https://vz.ru/news/2006/10/19/53574.html?utm_campaign=vz&utm_medium=referral&utm_source=newsanons of: 0.2964. Discarding.
	Result [25]  Processing URL https://freerussiahouse.org/wp-content/uploads/2021/03/Malign-Influence_3_RUS_final.pdf
		Blacklisted url: https://freerussiahouse.org/wp-content/uploads/2021/03/Malign-Influence_3_RUS_final.pdf.  Discarding.  
	Result [26]  Processing URL https://saintbasil.ru/news-895129-ozvucheno-predskazanie-olega-sheps-na-2021-god-my-na-poroge-katastrofy.html
		Date found in the API results: 2020-12-20T00:00:00
		Different. The content of https://eadaily.com/ru/news/2021/04/27/volodin-zapad-dolzhen-kompensirovat-rossii-ushcherb-ot-pandemii-covid-19 has distance with https://saintbasil.ru/news-895129-ozvucheno-predskazanie-olega-sheps-na-2021-god-my-na-poroge-katastrofy.html of: 0.284. Discarding.
	Result [27]  Processing URL https://sakhmart.ru/description_821972_volodin_zapad_dolgen_kompensirovat_rossii_uscherb_ot_pandemii_covid19.html
		Different. The content of https://eadaily.com/ru/news/2021/04/27/volodin-zapad-dolzhen-kompensirovat-rossii-ushcherb-ot-pandemii-covid-19 has distance with https://sakhmart.ru/description_821972_volodin_zapad_dolgen_kompensirovat_rossii_uscherb_ot_pandemii_covid19.html of: 0.2927. Discarding.
	Result [28]  Processing URL https://news-gov.ru/newsgov/133499/volodin-dal-otsenku-umnomu-golosovaniyu-i-predlogil-alternativu.html
		Different. The content of https://eadaily.com/ru/news/2021/04/27/volodin-zapad-dolzhen-kompensirovat-rossii-ushcherb-ot-pandemii-covid-19 has distance with https://news-gov.ru/newsgov/133499/volodin-dal-otsenku-umnomu-golosovaniyu-i-predlogil-alternativu.html of: 0.2843. Discarding.
	Result [29]  Processing URL https://18-21.ru/newstext/1082393/volodin-zapad-dolgen-kompensirovat-rossii-uscherb-ot-pandemii-covid19.html
		The content of https://eadaily.com/ru/news/2021/04/27/volodin-zapad-dolzhen-kompensirovat-rossii-ushcherb-ot-pandemii-covid-19 has distance with https://18-21.ru/newstext/1082393/volodin-zapad-dolgen-kompensirovat-rossii-uscherb-ot-pandemii-covid19.html of : 0.3038. Keeping.
		Adding to DB the URL https://18-21.ru/newstext/1082393/volodin-zapad-dolgen-kompensirovat-rossii-uscherb-ot-pandemii-covid19.html
	Result [30]  Processing URL https://gidnenuzen.ru/rossii-uscherb-neskolko-stran/
		Different. The content of https://eadaily.com/ru/news/2021/04/27/volodin-zapad-dolzhen-kompensirovat-rossii-ushcherb-ot-pandemii-covid-19 has distance with https://gidnenuzen.ru/rossii-uscherb-neskolko-stran/ of: 0.2526. Discarding.
	Result [31]  Processing URL https://gidnenuzen.ru/rossii-uscherb-neskolko-stran/
		Different. The content of https://eadaily.com/ru/news/2021/04/27/volodin-zapad-dolzhen-kompensirovat-rossii-ushcherb-ot-pandemii-covid-19 has distance with https://gidnenuzen.ru/rossii-uscherb-neskolko-stran/ of: 0.2526. Discarding.
	Result [32]  Processing URL https://mo-72.spb.ru/news-111181-predsedatel-evropejskogo-bankovskogo-upravleniya-eba-andrea-enria-banki-evrozony-ponesli-nekotoryj-u.html
		Different. The content of https://eadaily.com/ru/news/2021/04/27/volodin-zapad-dolzhen-kompensirovat-rossii-ushcherb-ot-pandemii-covid-19 has distance with https://mo-72.spb.ru/news-111181-predsedatel-evropejskogo-bankovskogo-upravleniya-eba-andrea-enria-banki-evrozony-ponesli-nekotoryj-u.html of: 0.2774. Discarding.
	Result [33]  Processing URL https://mo-72.spb.ru/news-266734-v-rf-uscherb-ot-prestuplenij-za-dva-mesyatsa-vyros-bolee-chem-na-70-mvd.html
		Different. The content of https://eadaily.com/ru/news/2021/04/27/volodin-zapad-dolzhen-kompensirovat-rossii-ushcherb-ot-pandemii-covid-19 has distance with https://mo-72.spb.ru/news-266734-v-rf-uscherb-ot-prestuplenij-za-dva-mesyatsa-vyros-bolee-chem-na-70-mvd.html of: 0.2856. Discarding.

== Level 0. Twitter search by title as Володин: Запад должен компенсировать России ущерб от пандемии Covid-19 — EADaily, 27 апреля 2021 — Новости политики, Новости России
https://api.twitter.com/2/tweets/search/all?query=%22%D0%92%D0%BE%D0%BB%D0%BE%D0%B4%D0%B8%D0%BD%3A+%D0%97%D0%B0%D0%BF%D0%B0%D0%B4+%D0%B4%D0%BE%D0%BB%D0%B6%D0%B5%D0%BD+%D0%BA%D0%BE%D0%BC%D0%BF%D0%B5%D0%BD%D1%81%D0%B8%D1%80%D0%BE%D0%B2%D0%B0%D1%82%D1%8C+%D0%A0%D0%BE%D1%81%D1%81%D0%B8%D0%B8+%D1%83%D1%89%D0%B5%D1%80%D0%B1+%D0%BE%D1%82%C2%A0%D0%BF%D0%B0%D0%BD%D0%B4%D0%B5%D0%BC%D0%B8%D0%B8+Covid-19+%E2%80%94+EADaily%2C+27+%D0%B0%D0%BF%D1%80%D0%B5%D0%BB%D1%8F+2021+%E2%80%94+%D0%9D%D0%BE%D0%B2%D0%BE%D1%81%D1%82%D0%B8+%D0%BF%D0%BE%D0%BB%D0%B8%D1%82%D0%B8%D0%BA%D0%B8%2C+%D0%9D%D0%BE%D0%B2%D0%BE%D1%81%D1%82%D0%B8+%D0%A0%D0%BE%D1%81%D1%81%D0%B8%D0%B8%22&max_results=100&tweet.fields=author_id%2Cpublic_metrics%2Ccreated_at&start_time=2020-07-12T18%3A53%3A37.777970Z
	Downloaded 0 twitter content

== Level 0. VK search by title as Володин: Запад должен компенсировать России ущерб от пандемии Covid-19 — EADaily, 27 апреля 2021 — Новости политики, Новости России
In total was found 0
