Searching the distribution graph of URL https://news-front.info/2020/08/28/rodion-miroshnik-kiev-na-belorussii-zarabatyvaet-bochku-varenya-i-korzinu-pechenya/. Using 1 levels.

		Date found in the URL: 2020-08-28 00:00:00
Main title: Родион Мирошник: Киев на Белоруссии зарабатывает бочку варенья и корзину печенья
In level 0 were found 1 urls including original

== Level 0. Google search by LINKS to https://news-front.info/2020/08/28/rodion-miroshnik-kiev-na-belorussii-zarabatyvaet-bochku-varenya-i-korzinu-pechenya/
	Total amount of results retrieved: 0

== Level 0. Twitter search by LINKS as https://news-front.info/2020/08/28/rodion-miroshnik-kiev-na-belorussii-zarabatyvaet-bochku-varenya-i-korzinu-pechenya/
https://api.twitter.com/2/tweets/search/all?query=url+%3A+https%253A%252F%252Fnews-front.info%252F2020%252F08%252F28%252Frodion-miroshnik-kiev-na-belorussii-zarabatyvaet-bochku-varenya-i-korzinu-pechenya%252F&max_results=100&tweet.fields=author_id%2Cpublic_metrics%2Ccreated_at&start_time=2018-07-13T18%3A21%3A06.592284Z
	Downloaded 0 twitter content

== Level 0. VK search by LINKS as https://news-front.info/2020/08/28/rodion-miroshnik-kiev-na-belorussii-zarabatyvaet-bochku-varenya-i-korzinu-pechenya/
	Result [0]  Processing URL https://vk.com/id-71686014?w=wall-71686014_181182. Date: 2020-08-30 13:00:06
	Result [1]  Processing URL https://vk.com/id528169265?w=wall528169265_11090. Date: 2020-08-28 13:44:04
	Result [2]  Processing URL https://vk.com/id528167893?w=wall528167893_11020. Date: 2020-08-28 13:30:28
	Result [3]  Processing URL https://vk.com/id528156374?w=wall528156374_11351. Date: 2020-08-28 13:17:21
	Result [4]  Processing URL https://vk.com/id528004022?w=wall528004022_11957. Date: 2020-08-28 13:04:11
	Result [5]  Processing URL https://vk.com/id528001663?w=wall528001663_12215. Date: 2020-08-28 12:50:49
	Result [6]  Processing URL https://vk.com/id527991747?w=wall527991747_12701. Date: 2020-08-28 12:43:27
	Result [7]  Processing URL https://vk.com/id528012105?w=wall528012105_11793. Date: 2020-08-28 12:33:43
In total was found 8

== Level 0. Google search by TITLE as Родион Мирошник: Киев на Белоруссии зарабатывает бочку варенья и корзину печенья
	Total amount of results retrieved: 16
	Result [1]  Processing URL https://mirtesen.ru/dispute/43610143379/Rodion-Miroshnik-Kiev-na-Belorussii-zarabatyivayet-bochku-vareny
		Different. The content of https://news-front.info/2020/08/28/rodion-miroshnik-kiev-na-belorussii-zarabatyvaet-bochku-varenya-i-korzinu-pechenya/ has distance with https://mirtesen.ru/dispute/43610143379/Rodion-Miroshnik-Kiev-na-Belorussii-zarabatyivayet-bochku-vareny of: 0.2905. Discarding.
	Result [2]  Processing URL https://iz.ru/1147992/vladislav-zuevskii/ukraine-neobkhodim-svistok-v-kotoryi-dolzhen-vyiti-par
		Date found in the API results: 2021-04-07T00:00:00
		Different. The content of https://news-front.info/2020/08/28/rodion-miroshnik-kiev-na-belorussii-zarabatyvaet-bochku-varenya-i-korzinu-pechenya/ has distance with https://iz.ru/1147992/vladislav-zuevskii/ukraine-neobkhodim-svistok-v-kotoryi-dolzhen-vyiti-par of: 0.2387. Discarding.
	Result [3]  Processing URL https://123ru.net/smi/aif/204116595/
		Date found in the API results: 2019-06-13T00:00:00
		The content of https://news-front.info/2020/08/28/rodion-miroshnik-kiev-na-belorussii-zarabatyvaet-bochku-varenya-i-korzinu-pechenya/ has distance with https://123ru.net/smi/aif/204116595/ of : 0.3096. Keeping.
		Adding to DB the URL https://123ru.net/smi/aif/204116595/
	Result [4]  Processing URL https://tass.ru/mezhdunarodnaya-panorama/10686197
		Date found in the API results: 2021-02-12T00:00:00
		Different. The content of https://news-front.info/2020/08/28/rodion-miroshnik-kiev-na-belorussii-zarabatyvaet-bochku-varenya-i-korzinu-pechenya/ has distance with https://tass.ru/mezhdunarodnaya-panorama/10686197 of: 0.282. Discarding.
	Result [5]  Processing URL http://www.poetryclub.com.ua/getfav.php?id=4079
		Different. The content of https://news-front.info/2020/08/28/rodion-miroshnik-kiev-na-belorussii-zarabatyvaet-bochku-varenya-i-korzinu-pechenya/ has distance with http://www.poetryclub.com.ua/getfav.php?id=4079 of: 0.1871. Discarding.
	Result [6]  Processing URL http://maxima-library.org/knigi/year/b/86001?format=read
		Date found in the content of the page: None
		Different. The content of https://news-front.info/2020/08/28/rodion-miroshnik-kiev-na-belorussii-zarabatyvaet-bochku-varenya-i-korzinu-pechenya/ has distance with http://maxima-library.org/knigi/year/b/86001?format=read of: 0.2883. Discarding.
	Result [7]  Processing URL http://www.kulichki.com/moshkow/SCIFICT/lstf614.txt
		Different. The content of https://news-front.info/2020/08/28/rodion-miroshnik-kiev-na-belorussii-zarabatyvaet-bochku-varenya-i-korzinu-pechenya/ has distance with http://www.kulichki.com/moshkow/SCIFICT/lstf614.txt of: 0.1156. Discarding.
	Result [8]  Processing URL https://issuu.com/69573/docs/n09_795_2010
		Date found in the API results: 2013-04-15T00:00:00
		Different. The content of https://news-front.info/2020/08/28/rodion-miroshnik-kiev-na-belorussii-zarabatyvaet-bochku-varenya-i-korzinu-pechenya/ has distance with https://issuu.com/69573/docs/n09_795_2010 of: 0.2683. Discarding.
	Result [9]  Processing URL https://www.donetsk.kp.ru/daily/28299/4439452/
		Date found in the API results: 2021-07-05T18:21:29.770644
		Different. The content of https://news-front.info/2020/08/28/rodion-miroshnik-kiev-na-belorussii-zarabatyvaet-bochku-varenya-i-korzinu-pechenya/ has distance with https://www.donetsk.kp.ru/daily/28299/4439452/ of: 0.2904. Discarding.
	Result [10]  Processing URL https://odnarodyna.org/content/rodion-miroshnik-chem-aktivnee-kiev-zatyagivaet-peregovory-tem-dalshe-donbass
		Date found in the API results: 2020-06-22T00:00:00
		The content of https://news-front.info/2020/08/28/rodion-miroshnik-kiev-na-belorussii-zarabatyvaet-bochku-varenya-i-korzinu-pechenya/ has distance with https://odnarodyna.org/content/rodion-miroshnik-chem-aktivnee-kiev-zatyagivaet-peregovory-tem-dalshe-donbass of : 0.3055. Keeping.
		Adding to DB the URL https://odnarodyna.org/content/rodion-miroshnik-chem-aktivnee-kiev-zatyagivaet-peregovory-tem-dalshe-donbass
	Result [11]  Processing URL https://24minus.ru/page/525?app=core&module=search&controller=search&type=core_members&group%5B10%5D=1&csrfKey=94d3c0dc0c4153f227666020c21c870c
		Date found in the Snippet of the API results: None
		Different. The content of https://news-front.info/2020/08/28/rodion-miroshnik-kiev-na-belorussii-zarabatyvaet-bochku-varenya-i-korzinu-pechenya/ has distance with https://24minus.ru/page/525?app=core&module=search&controller=search&type=core_members&group%5B10%5D=1&csrfKey=94d3c0dc0c4153f227666020c21c870c of: 0.2955. Discarding.
	Result [12]  Processing URL https://ru.armeniasputnik.am/radio/20210329/26980233/Miroshnik-obsuzhdenie-Ukrainy-bez-Ukrainy---to-chego-dobivalsya-sam-Kiev.html
		Date found in the API results: 2021-03-29T00:00:00
		Date found in the URL: 2021-03-29 00:00:00
		Different. The content of https://news-front.info/2020/08/28/rodion-miroshnik-kiev-na-belorussii-zarabatyvaet-bochku-varenya-i-korzinu-pechenya/ has distance with https://ru.armeniasputnik.am/radio/20210329/26980233/Miroshnik-obsuzhdenie-Ukrainy-bez-Ukrainy---to-chego-dobivalsya-sam-Kiev.html of: 0.2566. Discarding.
	Result [13]  Processing URL http://allday1.com/index.php?cstart=2&do=tags&tag=
		! Error getting the content of the web.
		! unsupported operand type(s) for +: 'int' and 'str'
		<class 'TypeError'>
		The content of the pages were not string. Verify.
		Different. The content of https://news-front.info/2020/08/28/rodion-miroshnik-kiev-na-belorussii-zarabatyvaet-bochku-varenya-i-korzinu-pechenya/ has distance with http://allday1.com/index.php?cstart=2&do=tags&tag= of: False. Discarding.
	Result [14]  Processing URL https://www.vesti.ru/video/2268900
		Date found in the API results: 2021-02-15T00:00:00
		Different. The content of https://news-front.info/2020/08/28/rodion-miroshnik-kiev-na-belorussii-zarabatyvaet-bochku-varenya-i-korzinu-pechenya/ has distance with https://www.vesti.ru/video/2268900 of: 0.2239. Discarding.
	Result [15]  Processing URL https://www.vesti.ru/video/2275523
		Date found in the API results: 2021-03-08T00:00:00
		Different. The content of https://news-front.info/2020/08/28/rodion-miroshnik-kiev-na-belorussii-zarabatyvaet-bochku-varenya-i-korzinu-pechenya/ has distance with https://www.vesti.ru/video/2275523 of: 0.2318. Discarding.
	Result [16]  Processing URL https://antikor.com.ua/articles/15896-prispeshnik_terroristov_rodion_miroshnik_sbehal_iz_luganska_i_popivaet_kofe_v_kieve
		Date found in the API results: 2014-10-10T00:00:00
		Different. The content of https://news-front.info/2020/08/28/rodion-miroshnik-kiev-na-belorussii-zarabatyvaet-bochku-varenya-i-korzinu-pechenya/ has distance with https://antikor.com.ua/articles/15896-prispeshnik_terroristov_rodion_miroshnik_sbehal_iz_luganska_i_popivaet_kofe_v_kieve of: 0.2738. Discarding.

== Level 0. Twitter search by title as Родион Мирошник: Киев на Белоруссии зарабатывает бочку варенья и корзину печенья
https://api.twitter.com/2/tweets/search/all?query=%22%D0%A0%D0%BE%D0%B4%D0%B8%D0%BE%D0%BD+%D0%9C%D0%B8%D1%80%D0%BE%D1%88%D0%BD%D0%B8%D0%BA%3A+%D0%9A%D0%B8%D0%B5%D0%B2+%D0%BD%D0%B0+%D0%91%D0%B5%D0%BB%D0%BE%D1%80%D1%83%D1%81%D1%81%D0%B8%D0%B8+%D0%B7%D0%B0%D1%80%D0%B0%D0%B1%D0%B0%D1%82%D1%8B%D0%B2%D0%B0%D0%B5%D1%82+%D0%B1%D0%BE%D1%87%D0%BA%D1%83+%D0%B2%D0%B0%D1%80%D0%B5%D0%BD%D1%8C%D1%8F+%D0%B8+%D0%BA%D0%BE%D1%80%D0%B7%D0%B8%D0%BD%D1%83+%D0%BF%D0%B5%D1%87%D0%B5%D0%BD%D1%8C%D1%8F%22&max_results=100&tweet.fields=author_id%2Cpublic_metrics%2Ccreated_at&start_time=2018-07-13T18%3A21%3A36.831345Z
	Downloaded 0 twitter content

== Level 0. VK search by title as Родион Мирошник: Киев на Белоруссии зарабатывает бочку варенья и корзину печенья
	Result [0]  Processing URL https://vk.com/id-71686014?w=wall-71686014_181182. Date: 2020-08-30 13:00:06
	Result [1]  Processing URL https://vk.com/id575110737?w=wall575110737_5556. Date: 2020-08-28 14:15:05
	Result [2]  Processing URL https://vk.com/id-115312870?w=wall-115312870_194318. Date: 2020-08-28 14:00:06
	Result [3]  Processing URL https://vk.com/id575112916?w=wall575112916_6212. Date: 2020-08-28 13:47:34
	Result [4]  Processing URL https://vk.com/id528169265?w=wall528169265_11090. Date: 2020-08-28 13:44:04
	Result [5]  Processing URL https://vk.com/id528167893?w=wall528167893_11020. Date: 2020-08-28 13:30:28
	Result [6]  Processing URL https://vk.com/id528156374?w=wall528156374_11351. Date: 2020-08-28 13:17:21
	Result [7]  Processing URL https://vk.com/id528004022?w=wall528004022_11957. Date: 2020-08-28 13:04:11
	Result [8]  Processing URL https://vk.com/id528001663?w=wall528001663_12215. Date: 2020-08-28 12:50:49
	Result [9]  Processing URL https://vk.com/id527991747?w=wall527991747_12701. Date: 2020-08-28 12:43:27
	Result [10]  Processing URL https://vk.com/id528012105?w=wall528012105_11793. Date: 2020-08-28 12:33:43
In total was found 11
