Searching the distribution graph of URL https://www.usaid.gov/news-information/press-releases/jun-4-2021-usaid-announces-57-million-urgent-tuberculosis-recovery-effort-seven-countries. Using 1 levels.

		Date found in the URL: 2021-06-04 00:00:00
Main title: USAID Announces $57 Million for Urgent Tuberculosis Recovery Effort in Seven Countries | Press Release | U.S. Agency for International Development
In level 0 were found 1 urls including original

== Level 0. Google search by LINKS to https://www.usaid.gov/news-information/press-releases/jun-4-2021-usaid-announces-57-million-urgent-tuberculosis-recovery-effort-seven-countries
	Total amount of results retrieved: 104
	Result [1]  Processing URL https://www.usaid.gov/news-information/press-releases/jun-4-2021-usaid-announces-57-million-urgent-tuberculosis-recovery-effort-seven-countries
		Repeated url: https://www.usaid.gov/news-information/press-releases/jun-4-2021-usaid-announces-57-million-urgent-tuberculosis-recovery-effort-seven-countries.  Discarding.  
	Result [2]  Processing URL https://www.usaid.gov/news-information/press-releases?page=2
		Not in content. The URL https://www.usaid.gov/news-information/press-releases/jun-4-2021-usaid-announces-57-million-urgent-tuberculosis-recovery-effort-seven-countries is not in the content of site https://www.usaid.gov/news-information/press-releases?page=2  Discarding.
	Result [3]  Processing URL https://pages.facebook.com/USAID/
		Date found in the content of the page: None
		Not in content. The URL https://www.usaid.gov/news-information/press-releases/jun-4-2021-usaid-announces-57-million-urgent-tuberculosis-recovery-effort-seven-countries is not in the content of site https://pages.facebook.com/USAID/  Discarding.
	Result [4]  Processing URL https://mbasic.facebook.com/usaid.philippines/
		Date found in the content of the page: None
		Not in content. The URL https://www.usaid.gov/news-information/press-releases/jun-4-2021-usaid-announces-57-million-urgent-tuberculosis-recovery-effort-seven-countries is not in the content of site https://mbasic.facebook.com/usaid.philippines/  Discarding.
	Result [5]  Processing URL https://www.theglobalfight.org/covid-aids-tb-malaria/
		Not in content. The URL https://www.usaid.gov/news-information/press-releases/jun-4-2021-usaid-announces-57-million-urgent-tuberculosis-recovery-effort-seven-countries is not in the content of site https://www.theglobalfight.org/covid-aids-tb-malaria/  Discarding.
	Result [6]  Processing URL https://www.state.gov/wp-content/uploads/2020/02/FY-2021-CBJ-Final.pdf
		Date found in the API results: None
		Blacklisted url: https://www.state.gov/wp-content/uploads/2020/02/FY-2021-CBJ-Final.pdf.  Discarding.  
	Result [7]  Processing URL https://twitter.com/rbofu
		Blacklisted url: https://twitter.com/rbofu.  Discarding.  
	Result [8]  Processing URL https://twitter.com/matteozignol
		Blacklisted url: https://twitter.com/matteozignol.  Discarding.  
	Result [9]  Processing URL https://www.whitehouse.gov/wp-content/uploads/2021/01/National-Strategy-for-the-COVID-19-Response-and-Pandemic-Preparedness.pdf
		Date found in the API results: 2021-01-21T00:00:00
		Blacklisted url: https://www.whitehouse.gov/wp-content/uploads/2021/01/National-Strategy-for-the-COVID-19-Response-and-Pandemic-Preparedness.pdf.  Discarding.  
	Result [10]  Processing URL https://www.unicefusa.org/press-releases
		Not in content. The URL https://www.usaid.gov/news-information/press-releases/jun-4-2021-usaid-announces-57-million-urgent-tuberculosis-recovery-effort-seven-countries is not in the content of site https://www.unicefusa.org/press-releases  Discarding.
	Result [11]  Processing URL https://directsourcenews.today/?page=1
		! Error in getting content due to a Connection Error. Port closed, web down?
		Not in content. The URL https://www.usaid.gov/news-information/press-releases/jun-4-2021-usaid-announces-57-million-urgent-tuberculosis-recovery-effort-seven-countries is not in the content of site https://directsourcenews.today/?page=1  Discarding.
	Result [12]  Processing URL https://www.everycrsreport.com/topics/health-policy.html
		Not in content. The URL https://www.usaid.gov/news-information/press-releases/jun-4-2021-usaid-announces-57-million-urgent-tuberculosis-recovery-effort-seven-countries is not in the content of site https://www.everycrsreport.com/topics/health-policy.html  Discarding.
	Result [13]  Processing URL https://ph.usembassy.gov/category/us-and-ph/
		! Timeout waiting for the web server to answer.  We ignore and continue.
		Not in content. The URL https://www.usaid.gov/news-information/press-releases/jun-4-2021-usaid-announces-57-million-urgent-tuberculosis-recovery-effort-seven-countries is not in the content of site https://ph.usembassy.gov/category/us-and-ph/  Discarding.
	Result [14]  Processing URL https://ph.usembassy.gov/category/press-releases/page/2/
		! Timeout waiting for the web server to answer.  We ignore and continue.
		Not in content. The URL https://www.usaid.gov/news-information/press-releases/jun-4-2021-usaid-announces-57-million-urgent-tuberculosis-recovery-effort-seven-countries is not in the content of site https://ph.usembassy.gov/category/press-releases/page/2/  Discarding.
	Result [15]  Processing URL https://currentthoughtsontrade.com/tag/brazil/
		Date found in the API results: 2021-05-14T00:00:00
		Not in content. The URL https://www.usaid.gov/news-information/press-releases/jun-4-2021-usaid-announces-57-million-urgent-tuberculosis-recovery-effort-seven-countries is not in the content of site https://currentthoughtsontrade.com/tag/brazil/  Discarding.
	Result [16]  Processing URL https://currentthoughtsontrade.com/tag/united-states/
		Date found in the API results: 2021-05-17T00:00:00
		Not in content. The URL https://www.usaid.gov/news-information/press-releases/jun-4-2021-usaid-announces-57-million-urgent-tuberculosis-recovery-effort-seven-countries is not in the content of site https://currentthoughtsontrade.com/tag/united-states/  Discarding.
	Result [17]  Processing URL https://www.google.com/podcasts?feed=aHR0cHM6Ly93d3cuc3ByZWFrZXIuY29tL3Nob3cvNDA5MDE2MC9lcGlzb2Rlcy9mZWVk
		Not in content. The URL https://www.usaid.gov/news-information/press-releases/jun-4-2021-usaid-announces-57-million-urgent-tuberculosis-recovery-effort-seven-countries is not in the content of site https://www.google.com/podcasts?feed=aHR0cHM6Ly93d3cuc3ByZWFrZXIuY29tL3Nob3cvNDA5MDE2MC9lcGlzb2Rlcy9mZWVk  Discarding.
	Result [18]  Processing URL https://fas.org/irp/offdocs/ai-commission.pdf
		Date found in the API results: 2021-03-22T00:00:00
		Blacklisted url: https://fas.org/irp/offdocs/ai-commission.pdf.  Discarding.  
	Result [19]  Processing URL https://science.asu.edu/news
		Not in content. The URL https://www.usaid.gov/news-information/press-releases/jun-4-2021-usaid-announces-57-million-urgent-tuberculosis-recovery-effort-seven-countries is not in the content of site https://science.asu.edu/news  Discarding.
	Result [20]  Processing URL https://china.usembassy-china.org.cn/author/usmissionchina/
		! Timeout waiting for the web server to answer.  We ignore and continue.
		Not in content. The URL https://www.usaid.gov/news-information/press-releases/jun-4-2021-usaid-announces-57-million-urgent-tuberculosis-recovery-effort-seven-countries is not in the content of site https://china.usembassy-china.org.cn/author/usmissionchina/  Discarding.
	Result [21]  Processing URL https://static.poder360.com.br/2021/02/Lancet-trump-mortes-covid-11-fev-2021.pdf
		Blacklisted url: https://static.poder360.com.br/2021/02/Lancet-trump-mortes-covid-11-fev-2021.pdf.  Discarding.  
	Result [22]  Processing URL https://www.atlanticcouncil.org/issue/resilience/feed/
		Not in content. The URL https://www.usaid.gov/news-information/press-releases/jun-4-2021-usaid-announces-57-million-urgent-tuberculosis-recovery-effort-seven-countries is not in the content of site https://www.atlanticcouncil.org/issue/resilience/feed/  Discarding.
	Result [23]  Processing URL https://www.researchgate.net/publication/352853743_A_Continuation_of_a_Timeline_of_Ivermectin-Related_Events_in_the_COVID-19_Pandemic_June_30_2021
		Date found in the API results: 2021-07-01T00:00:00
		! Error getting the content of the web.
		! can't compare offset-naive and offset-aware datetimes
		<class 'TypeError'>
		Not in content. The URL https://www.usaid.gov/news-information/press-releases/jun-4-2021-usaid-announces-57-million-urgent-tuberculosis-recovery-effort-seven-countries is not in the content of site https://www.researchgate.net/publication/352853743_A_Continuation_of_a_Timeline_of_Ivermectin-Related_Events_in_the_COVID-19_Pandemic_June_30_2021  Discarding.
	Result [24]  Processing URL https://www.globaldetentionproject.org/covid-19-immigration-detention-platform
		Not in content. The URL https://www.usaid.gov/news-information/press-releases/jun-4-2021-usaid-announces-57-million-urgent-tuberculosis-recovery-effort-seven-countries is not in the content of site https://www.globaldetentionproject.org/covid-19-immigration-detention-platform  Discarding.
	Result [25]  Processing URL https://triasbogor.com/DrAShapiro
		Not in content. The URL https://www.usaid.gov/news-information/press-releases/jun-4-2021-usaid-announces-57-million-urgent-tuberculosis-recovery-effort-seven-countries is not in the content of site https://triasbogor.com/DrAShapiro  Discarding.
	Result [26]  Processing URL https://www.sigar.mil/pdf/quarterlyreports/2021-04-30qr-section2.pdf
		Date found in the API results: 2021-04-30T00:00:00
		Blacklisted url: https://www.sigar.mil/pdf/quarterlyreports/2021-04-30qr-section2.pdf.  Discarding.  
	Result [27]  Processing URL https://www.africanewsagency.fr/?lang=en
		Not in content. The URL https://www.usaid.gov/news-information/press-releases/jun-4-2021-usaid-announces-57-million-urgent-tuberculosis-recovery-effort-seven-countries is not in the content of site https://www.africanewsagency.fr/?lang=en  Discarding.
	Result [28]  Processing URL https://issuu.com/woodrowwilsonschool/docs/spi_591d_-_debt_sustainability_vers_2
		Date found in the API results: 2021-03-11T00:00:00
		Not in content. The URL https://www.usaid.gov/news-information/press-releases/jun-4-2021-usaid-announces-57-million-urgent-tuberculosis-recovery-effort-seven-countries is not in the content of site https://issuu.com/woodrowwilsonschool/docs/spi_591d_-_debt_sustainability_vers_2  Discarding.
	Result [29]  Processing URL https://www.startribune.com/search/?area=MN-Burnsville&category=&city=&distance=&namePrefix=0&page=474&pageNumber=1&phoneNumber=&popularCategorySetId=&q=Modeling&refinement=yes&sortOrder=
		Date found in the API results: None
		Date found in the content of the page: None
		Not in content. The URL https://www.usaid.gov/news-information/press-releases/jun-4-2021-usaid-announces-57-million-urgent-tuberculosis-recovery-effort-seven-countries is not in the content of site https://www.startribune.com/search/?area=MN-Burnsville&category=&city=&distance=&namePrefix=0&page=474&pageNumber=1&phoneNumber=&popularCategorySetId=&q=Modeling&refinement=yes&sortOrder=  Discarding.
	Result [30]  Processing URL https://worksheets.codalab.org/rest/bundles/0xadf98bb30a99476ab56ebff3e462d4fa/contents/blob/glove.6B.100d.txt-vocab.txt
		Date found in the content of the page: None
		Not in content. The URL https://www.usaid.gov/news-information/press-releases/jun-4-2021-usaid-announces-57-million-urgent-tuberculosis-recovery-effort-seven-countries is not in the content of site https://worksheets.codalab.org/rest/bundles/0xadf98bb30a99476ab56ebff3e462d4fa/contents/blob/glove.6B.100d.txt-vocab.txt  Discarding.
	Result [31]  Processing URL https://www.lancaster.ac.uk/staff/bakerjp/AmE06Antconc.txt
		Not in content. The URL https://www.usaid.gov/news-information/press-releases/jun-4-2021-usaid-announces-57-million-urgent-tuberculosis-recovery-effort-seven-countries is not in the content of site https://www.lancaster.ac.uk/staff/bakerjp/AmE06Antconc.txt  Discarding.
	Result [32]  Processing URL https://undark.org/image-sitemap-4.xml
		Blacklisted url: https://undark.org/image-sitemap-4.xml.  Discarding.  
	Result [33]  Processing URL https://www.ait.org.tw/author/aiit/
		! Timeout waiting for the web server to answer.  We ignore and continue.
		Not in content. The URL https://www.usaid.gov/news-information/press-releases/jun-4-2021-usaid-announces-57-million-urgent-tuberculosis-recovery-effort-seven-countries is not in the content of site https://www.ait.org.tw/author/aiit/  Discarding.
	Result [34]  Processing URL https://www.yumpu.com/en/document/view/56203817/sigar
		Date found in the content of the page: None
		Not in content. The URL https://www.usaid.gov/news-information/press-releases/jun-4-2021-usaid-announces-57-million-urgent-tuberculosis-recovery-effort-seven-countries is not in the content of site https://www.yumpu.com/en/document/view/56203817/sigar  Discarding.
	Result [35]  Processing URL http://northfieldneighbors.today/index.php/hidden-covid-19/488-covid-19-news
		Date found in the API results: 2021-06-16T00:00:00
		Not in content. The URL https://www.usaid.gov/news-information/press-releases/jun-4-2021-usaid-announces-57-million-urgent-tuberculosis-recovery-effort-seven-countries is not in the content of site http://northfieldneighbors.today/index.php/hidden-covid-19/488-covid-19-news  Discarding.
	Result [36]  Processing URL https://www.stitcher.com/show/congressional-dish
		Not in content. The URL https://www.usaid.gov/news-information/press-releases/jun-4-2021-usaid-announces-57-million-urgent-tuberculosis-recovery-effort-seven-countries is not in the content of site https://www.stitcher.com/show/congressional-dish  Discarding.
	Result [37]  Processing URL https://enbricks.com/en/news/health/index.html
		! Error getting the content of the web.
		! can't compare offset-naive and offset-aware datetimes
		<class 'TypeError'>
		Not in content. The URL https://www.usaid.gov/news-information/press-releases/jun-4-2021-usaid-announces-57-million-urgent-tuberculosis-recovery-effort-seven-countries is not in the content of site https://enbricks.com/en/news/health/index.html  Discarding.
	Result [38]  Processing URL https://r2eport.files.wordpress.com/2014/04/r2eport_06.12.2020_friday15pdf.pdf
		Date found in the API results: 2020-06-12T00:00:00
		Blacklisted url: https://r2eport.files.wordpress.com/2014/04/r2eport_06.12.2020_friday15pdf.pdf.  Discarding.  
	Result [39]  Processing URL https://www.poandpo.com/topic/-un
		Not in content. The URL https://www.usaid.gov/news-information/press-releases/jun-4-2021-usaid-announces-57-million-urgent-tuberculosis-recovery-effort-seven-countries is not in the content of site https://www.poandpo.com/topic/-un  Discarding.
	Result [40]  Processing URL https://rhetory.com/antconc/wordlist.txt
		Date found in the content of the page: None
		Not in content. The URL https://www.usaid.gov/news-information/press-releases/jun-4-2021-usaid-announces-57-million-urgent-tuberculosis-recovery-effort-seven-countries is not in the content of site https://rhetory.com/antconc/wordlist.txt  Discarding.
	Result [41]  Processing URL http://citeseerx.ist.psu.edu/viewdoc/download;jsessionid=2904DB6DA4762DE4B3D78438A24DDBC9?doi=10.1.1.391.230&rep=rep1&type=pdf
		! Error getting the content of the web.
		! unsupported operand type(s) for +: 'int' and 'str'
		<class 'TypeError'>
		Not in content. The URL https://www.usaid.gov/news-information/press-releases/jun-4-2021-usaid-announces-57-million-urgent-tuberculosis-recovery-effort-seven-countries is not in the content of site http://citeseerx.ist.psu.edu/viewdoc/download;jsessionid=2904DB6DA4762DE4B3D78438A24DDBC9?doi=10.1.1.391.230&rep=rep1&type=pdf  Discarding.
	Result [42]  Processing URL http://northfieldneighbors.today/index.php/hidden-covid-19/488-covid-19-news
		Date found in the API results: 2021-06-16T00:00:00
		Not in content. The URL https://www.usaid.gov/news-information/press-releases/jun-4-2021-usaid-announces-57-million-urgent-tuberculosis-recovery-effort-seven-countries is not in the content of site http://northfieldneighbors.today/index.php/hidden-covid-19/488-covid-19-news  Discarding.
	Result [43]  Processing URL https://www.poandpo.com/topic/-un
		Not in content. The URL https://www.usaid.gov/news-information/press-releases/jun-4-2021-usaid-announces-57-million-urgent-tuberculosis-recovery-effort-seven-countries is not in the content of site https://www.poandpo.com/topic/-un  Discarding.
	Result [44]  Processing URL https://www.zee5.com/sitemap/kn-page-329.xml
		Blacklisted url: https://www.zee5.com/sitemap/kn-page-329.xml.  Discarding.  
	Result [45]  Processing URL https://worksheets.codalab.org/rest/bundles/0xadf98bb30a99476ab56ebff3e462d4fa/contents/blob/glove.6B.100d.txt-vocab.txt
		Date found in the content of the page: None
		Not in content. The URL https://www.usaid.gov/news-information/press-releases/jun-4-2021-usaid-announces-57-million-urgent-tuberculosis-recovery-effort-seven-countries is not in the content of site https://worksheets.codalab.org/rest/bundles/0xadf98bb30a99476ab56ebff3e462d4fa/contents/blob/glove.6B.100d.txt-vocab.txt  Discarding.
	Result [46]  Processing URL https://centreline.com.pk/0000/
		Not in content. The URL https://www.usaid.gov/news-information/press-releases/jun-4-2021-usaid-announces-57-million-urgent-tuberculosis-recovery-effort-seven-countries is not in the content of site https://centreline.com.pk/0000/  Discarding.
	Result [47]  Processing URL http://mre.no/httpdocs/js/zxcvbn/data/english_wikipedia.txt
		Not in content. The URL https://www.usaid.gov/news-information/press-releases/jun-4-2021-usaid-announces-57-million-urgent-tuberculosis-recovery-effort-seven-countries is not in the content of site http://mre.no/httpdocs/js/zxcvbn/data/english_wikipedia.txt  Discarding.
	Result [48]  Processing URL http://www.softpanorama.org/Skeptics/Health/Covid19/prevention_measures.shtml
		Not in content. The URL https://www.usaid.gov/news-information/press-releases/jun-4-2021-usaid-announces-57-million-urgent-tuberculosis-recovery-effort-seven-countries is not in the content of site http://www.softpanorama.org/Skeptics/Health/Covid19/prevention_measures.shtml  Discarding.
	Result [49]  Processing URL https://tg.ksv-it.ru/117
		Date found in the content of the page: None
		Not in content. The URL https://www.usaid.gov/news-information/press-releases/jun-4-2021-usaid-announces-57-million-urgent-tuberculosis-recovery-effort-seven-countries is not in the content of site https://tg.ksv-it.ru/117  Discarding.
	Result [50]  Processing URL https://www.rotaryeclubhouston.org/stories
		Not in content. The URL https://www.usaid.gov/news-information/press-releases/jun-4-2021-usaid-announces-57-million-urgent-tuberculosis-recovery-effort-seven-countries is not in the content of site https://www.rotaryeclubhouston.org/stories  Discarding.
	Result [51]  Processing URL https://www.careersuccessjammu.com/login/images/152968038CAREER%20SUCCESS%20%20-%20March%202021%20-%20English%20edition.pdf
		Date found in the API results: 2021-03-25T00:00:00
		Blacklisted url: https://www.careersuccessjammu.com/login/images/152968038CAREER%20SUCCESS%20%20-%20March%202021%20-%20English%20edition.pdf.  Discarding.  
	Result [52]  Processing URL https://prabhaonlineips.com/whats_new/91c0c1d6f7fb883fc21f41c78fe4acbe.pdf
		Date found in the API results: 2021-03-25T00:00:00
		Blacklisted url: https://prabhaonlineips.com/whats_new/91c0c1d6f7fb883fc21f41c78fe4acbe.pdf.  Discarding.  
	Result [53]  Processing URL https://www.zhn.cz/en/global-news.html
		! Error getting the content of the web.
		! signed integer is greater than maximum
		<class 'OverflowError'>
		Not in content. The URL https://www.usaid.gov/news-information/press-releases/jun-4-2021-usaid-announces-57-million-urgent-tuberculosis-recovery-effort-seven-countries is not in the content of site https://www.zhn.cz/en/global-news.html  Discarding.
	Result [54]  Processing URL https://bookofjen.net/
		Not in content. The URL https://www.usaid.gov/news-information/press-releases/jun-4-2021-usaid-announces-57-million-urgent-tuberculosis-recovery-effort-seven-countries is not in the content of site https://bookofjen.net/  Discarding.
	Result [55]  Processing URL https://podtail.com/fr/podcast/congressional-dish/
		Not in content. The URL https://www.usaid.gov/news-information/press-releases/jun-4-2021-usaid-announces-57-million-urgent-tuberculosis-recovery-effort-seven-countries is not in the content of site https://podtail.com/fr/podcast/congressional-dish/  Discarding.
	Result [56]  Processing URL https://rhetory.com/antconc/wordlist.txt
		Date found in the content of the page: None
		Not in content. The URL https://www.usaid.gov/news-information/press-releases/jun-4-2021-usaid-announces-57-million-urgent-tuberculosis-recovery-effort-seven-countries is not in the content of site https://rhetory.com/antconc/wordlist.txt  Discarding.
	Result [57]  Processing URL https://ratical.org/PandemicParallaxView/
		Not in content. The URL https://www.usaid.gov/news-information/press-releases/jun-4-2021-usaid-announces-57-million-urgent-tuberculosis-recovery-effort-seven-countries is not in the content of site https://ratical.org/PandemicParallaxView/  Discarding.
	Result [58]  Processing URL https://is.muni.cz/th/l3y56/sample_data/frequency_lists/en_lingeaAll_cs_5m.fwl?stahnout=1;dk=ikNT0fX3
		Not in content. The URL https://www.usaid.gov/news-information/press-releases/jun-4-2021-usaid-announces-57-million-urgent-tuberculosis-recovery-effort-seven-countries is not in the content of site https://is.muni.cz/th/l3y56/sample_data/frequency_lists/en_lingeaAll_cs_5m.fwl?stahnout=1;dk=ikNT0fX3  Discarding.
	Result [59]  Processing URL https://github.com/WithEnglishWeCan/generated-english-words-full-list/blob/master/README.md
		Date found in the content of the page: None
		Not in content. The URL https://www.usaid.gov/news-information/press-releases/jun-4-2021-usaid-announces-57-million-urgent-tuberculosis-recovery-effort-seven-countries is not in the content of site https://github.com/WithEnglishWeCan/generated-english-words-full-list/blob/master/README.md  Discarding.
	Result [60]  Processing URL https://yj.amc-clinic-msk.ru/322
		Date found in the content of the page: None
		Not in content. The URL https://www.usaid.gov/news-information/press-releases/jun-4-2021-usaid-announces-57-million-urgent-tuberculosis-recovery-effort-seven-countries is not in the content of site https://yj.amc-clinic-msk.ru/322  Discarding.
	Result [61]  Processing URL https://rhetory.com/antconc/wordlist.txt
		Date found in the content of the page: None
		Not in content. The URL https://www.usaid.gov/news-information/press-releases/jun-4-2021-usaid-announces-57-million-urgent-tuberculosis-recovery-effort-seven-countries is not in the content of site https://rhetory.com/antconc/wordlist.txt  Discarding.
	Result [62]  Processing URL https://dispatchist.com/news/south-sudan-physical-access-constraints-map-19-march-2021/
		Date found in the API results: 2021-03-19T00:00:00
		! Error getting the content of the web.
		! can't compare offset-naive and offset-aware datetimes
		<class 'TypeError'>
		Not in content. The URL https://www.usaid.gov/news-information/press-releases/jun-4-2021-usaid-announces-57-million-urgent-tuberculosis-recovery-effort-seven-countries is not in the content of site https://dispatchist.com/news/south-sudan-physical-access-constraints-map-19-march-2021/  Discarding.
	Result [63]  Processing URL https://nlp.cs.princeton.edu/CRW/WWC_vocab.txt
		Date found in the content of the page: None
		Not in content. The URL https://www.usaid.gov/news-information/press-releases/jun-4-2021-usaid-announces-57-million-urgent-tuberculosis-recovery-effort-seven-countries is not in the content of site https://nlp.cs.princeton.edu/CRW/WWC_vocab.txt  Discarding.
	Result [64]  Processing URL https://is.muni.cz/th/l3y56/sample_data/frequency_lists/en_lingeaAll_cs_5m.fwl?stahnout=1;dk=ikNT0fX3
		Not in content. The URL https://www.usaid.gov/news-information/press-releases/jun-4-2021-usaid-announces-57-million-urgent-tuberculosis-recovery-effort-seven-countries is not in the content of site https://is.muni.cz/th/l3y56/sample_data/frequency_lists/en_lingeaAll_cs_5m.fwl?stahnout=1;dk=ikNT0fX3  Discarding.
	Result [65]  Processing URL https://player.fm/series/congressional-dish-2151134/cd235-the-safe-haven-of-sanctions-evaders
		Not in content. The URL https://www.usaid.gov/news-information/press-releases/jun-4-2021-usaid-announces-57-million-urgent-tuberculosis-recovery-effort-seven-countries is not in the content of site https://player.fm/series/congressional-dish-2151134/cd235-the-safe-haven-of-sanctions-evaders  Discarding.
	Result [66]  Processing URL https://infodailyng.com/world-tb-day-bauchi-governors-wife-cautions-against-stigmatisation-of-patients/
		Date found in the API results: 2021-03-30T00:00:00
		Not in content. The URL https://www.usaid.gov/news-information/press-releases/jun-4-2021-usaid-announces-57-million-urgent-tuberculosis-recovery-effort-seven-countries is not in the content of site https://infodailyng.com/world-tb-day-bauchi-governors-wife-cautions-against-stigmatisation-of-patients/  Discarding.
	Result [67]  Processing URL https://ce.ecp-center.ru/180
		Date found in the API results: 2021-02-26T00:00:00
		Date found in the content of the page: None
		Not in content. The URL https://www.usaid.gov/news-information/press-releases/jun-4-2021-usaid-announces-57-million-urgent-tuberculosis-recovery-effort-seven-countries is not in the content of site https://ce.ecp-center.ru/180  Discarding.
	Result [68]  Processing URL http://finneriksen.no/flere-fordeler-med-casino-pa-nett/
		! Timeout waiting for the web server to answer.  We ignore and continue.
		Not in content. The URL https://www.usaid.gov/news-information/press-releases/jun-4-2021-usaid-announces-57-million-urgent-tuberculosis-recovery-effort-seven-countries is not in the content of site http://finneriksen.no/flere-fordeler-med-casino-pa-nett/  Discarding.
	Result [69]  Processing URL https://www.ics.uci.edu/~dmdb/chandra/Enron2.1/words.txt
		Date found in the content of the page: None
		Not in content. The URL https://www.usaid.gov/news-information/press-releases/jun-4-2021-usaid-announces-57-million-urgent-tuberculosis-recovery-effort-seven-countries is not in the content of site https://www.ics.uci.edu/~dmdb/chandra/Enron2.1/words.txt  Discarding.
	Result [70]  Processing URL https://ambitiousbaba.com/wp-content/uploads/2021/01/AB-GK-Capsule-for-RRB-PO-Clerk-IBPS-PO-SBI-PO-Mains-2021-PDF-July-2020-Jan-2021-Covered.pdf
		Date found in the API results: 2020-01-01T00:00:00
		Blacklisted url: https://ambitiousbaba.com/wp-content/uploads/2021/01/AB-GK-Capsule-for-RRB-PO-Clerk-IBPS-PO-SBI-PO-Mains-2021-PDF-July-2020-Jan-2021-Covered.pdf.  Discarding.  
	Result [71]  Processing URL https://huggingface.co/lysandre/bidaf-elmo-model-2020.03.19/resolve/main/vocabulary/tokens.txt
		Date found in the URL: 2020-03-19 00:00:00
		Not in content. The URL https://www.usaid.gov/news-information/press-releases/jun-4-2021-usaid-announces-57-million-urgent-tuberculosis-recovery-effort-seven-countries is not in the content of site https://huggingface.co/lysandre/bidaf-elmo-model-2020.03.19/resolve/main/vocabulary/tokens.txt  Discarding.
	Result [72]  Processing URL https://ce.ecp-center.ru/180
		Date found in the API results: 2021-02-26T00:00:00
		Date found in the content of the page: None
		Not in content. The URL https://www.usaid.gov/news-information/press-releases/jun-4-2021-usaid-announces-57-million-urgent-tuberculosis-recovery-effort-seven-countries is not in the content of site https://ce.ecp-center.ru/180  Discarding.
	Result [73]  Processing URL https://www.podcastrepublic.net/podcast/572967793
		Not in content. The URL https://www.usaid.gov/news-information/press-releases/jun-4-2021-usaid-announces-57-million-urgent-tuberculosis-recovery-effort-seven-countries is not in the content of site https://www.podcastrepublic.net/podcast/572967793  Discarding.
	Result [74]  Processing URL https://infodailyng.com/world-tb-day-bauchi-governors-wife-cautions-against-stigmatisation-of-patients/
		Date found in the API results: 2021-03-30T00:00:00
		Not in content. The URL https://www.usaid.gov/news-information/press-releases/jun-4-2021-usaid-announces-57-million-urgent-tuberculosis-recovery-effort-seven-countries is not in the content of site https://infodailyng.com/world-tb-day-bauchi-governors-wife-cautions-against-stigmatisation-of-patients/  Discarding.
	Result [75]  Processing URL https://subversion.assembla.com/svn/blitz2011/trunk/allwords-withdigits.txt
		! Error getting the content of the web.
		! signed integer is greater than maximum
		<class 'OverflowError'>
		Not in content. The URL https://www.usaid.gov/news-information/press-releases/jun-4-2021-usaid-announces-57-million-urgent-tuberculosis-recovery-effort-seven-countries is not in the content of site https://subversion.assembla.com/svn/blitz2011/trunk/allwords-withdigits.txt  Discarding.
	Result [76]  Processing URL https://ambitiousbaba.com/wp-content/uploads/2021/01/AB-GK-Capsule-for-RRB-PO-Clerk-IBPS-PO-SBI-PO-Mains-2021-PDF-July-2020-Jan-2021-Covered.pdf
		Date found in the API results: 2020-01-01T00:00:00
		Blacklisted url: https://ambitiousbaba.com/wp-content/uploads/2021/01/AB-GK-Capsule-for-RRB-PO-Clerk-IBPS-PO-SBI-PO-Mains-2021-PDF-July-2020-Jan-2021-Covered.pdf.  Discarding.  
	Result [77]  Processing URL https://toppodcast.com/podcast_feeds/congressional-dish/
		Not in content. The URL https://www.usaid.gov/news-information/press-releases/jun-4-2021-usaid-announces-57-million-urgent-tuberculosis-recovery-effort-seven-countries is not in the content of site https://toppodcast.com/podcast_feeds/congressional-dish/  Discarding.
	Result [78]  Processing URL https://public.ukp.informatik.tu-darmstadt.de/reimers/embeddings/wikipedia_doc_frequencies.txt
		Not in content. The URL https://www.usaid.gov/news-information/press-releases/jun-4-2021-usaid-announces-57-million-urgent-tuberculosis-recovery-effort-seven-countries is not in the content of site https://public.ukp.informatik.tu-darmstadt.de/reimers/embeddings/wikipedia_doc_frequencies.txt  Discarding.
	Result [79]  Processing URL https://www.transfreightdubai.com/3rd-wca-perishables-annual-conference-26-27-april-2013/
		Date found in the API results: 2013-04-27T00:00:00
		Date found in the content of the page: None
		Not in content. The URL https://www.usaid.gov/news-information/press-releases/jun-4-2021-usaid-announces-57-million-urgent-tuberculosis-recovery-effort-seven-countries is not in the content of site https://www.transfreightdubai.com/3rd-wca-perishables-annual-conference-26-27-april-2013/  Discarding.
	Result [80]  Processing URL https://qresear.ch/?q=CEO&p=72
		! Timeout waiting for the web server to answer.  We ignore and continue.
		Not in content. The URL https://www.usaid.gov/news-information/press-releases/jun-4-2021-usaid-announces-57-million-urgent-tuberculosis-recovery-effort-seven-countries is not in the content of site https://qresear.ch/?q=CEO&p=72  Discarding.
	Result [81]  Processing URL https://www.todayshistory.org/tag/1970/
		Date found in the API results: 2021-03-30T00:00:00
		Not in content. The URL https://www.usaid.gov/news-information/press-releases/jun-4-2021-usaid-announces-57-million-urgent-tuberculosis-recovery-effort-seven-countries is not in the content of site https://www.todayshistory.org/tag/1970/  Discarding.
	Result [82]  Processing URL http://courses.washington.edu/englhtml/engl563/keywords_demo/oanc_freq.txt
		! Error getting the content of the web.
		! unsupported operand type(s) for +: 'int' and 'str'
		<class 'TypeError'>
		Not in content. The URL https://www.usaid.gov/news-information/press-releases/jun-4-2021-usaid-announces-57-million-urgent-tuberculosis-recovery-effort-seven-countries is not in the content of site http://courses.washington.edu/englhtml/engl563/keywords_demo/oanc_freq.txt  Discarding.
	Result [83]  Processing URL https://ad-teaching.informatik.uni-freiburg.de/InformationRetrievalWS1213/wikipedia-sentences.vocabulary.txt.WITH_FREQUENCIES
		Not in content. The URL https://www.usaid.gov/news-information/press-releases/jun-4-2021-usaid-announces-57-million-urgent-tuberculosis-recovery-effort-seven-countries is not in the content of site https://ad-teaching.informatik.uni-freiburg.de/InformationRetrievalWS1213/wikipedia-sentences.vocabulary.txt.WITH_FREQUENCIES  Discarding.
	Result [84]  Processing URL http://www.riazhaq.com/2011/10/pakistans-expected-demographic-dividend.html
		Not in content. The URL https://www.usaid.gov/news-information/press-releases/jun-4-2021-usaid-announces-57-million-urgent-tuberculosis-recovery-effort-seven-countries is not in the content of site http://www.riazhaq.com/2011/10/pakistans-expected-demographic-dividend.html  Discarding.
	Result [85]  Processing URL https://qresear.ch/?q=CEO&p=72
		! Timeout waiting for the web server to answer.  We ignore and continue.
		Not in content. The URL https://www.usaid.gov/news-information/press-releases/jun-4-2021-usaid-announces-57-million-urgent-tuberculosis-recovery-effort-seven-countries is not in the content of site https://qresear.ch/?q=CEO&p=72  Discarding.
	Result [86]  Processing URL http://yell.ng/sample/civil-servants-done-biometrics-will-receive-monthly-salaries-governor-wike/
		Not in content. The URL https://www.usaid.gov/news-information/press-releases/jun-4-2021-usaid-announces-57-million-urgent-tuberculosis-recovery-effort-seven-countries is not in the content of site http://yell.ng/sample/civil-servants-done-biometrics-will-receive-monthly-salaries-governor-wike/  Discarding.
	Result [87]  Processing URL http://yell.ng/sample/use-paris-club-refund-pay-teachers-promotion-arrears-nut-begs-wike/
		Not in content. The URL https://www.usaid.gov/news-information/press-releases/jun-4-2021-usaid-announces-57-million-urgent-tuberculosis-recovery-effort-seven-countries is not in the content of site http://yell.ng/sample/use-paris-club-refund-pay-teachers-promotion-arrears-nut-begs-wike/  Discarding.
	Result [88]  Processing URL https://www.noagendashow.net/listen/1318?t=2:20:01
		Date found in the API results: 2021-02-04T00:00:00
		Not in content. The URL https://www.usaid.gov/news-information/press-releases/jun-4-2021-usaid-announces-57-million-urgent-tuberculosis-recovery-effort-seven-countries is not in the content of site https://www.noagendashow.net/listen/1318?t=2:20:01  Discarding.
	Result [89]  Processing URL https://greeen.info/?paged=2&cat=39371
		Date found in the API results: 2021-03-27T00:00:00
		Date found in the content of the page: None
		Not in content. The URL https://www.usaid.gov/news-information/press-releases/jun-4-2021-usaid-announces-57-million-urgent-tuberculosis-recovery-effort-seven-countries is not in the content of site https://greeen.info/?paged=2&cat=39371  Discarding.
	Result [90]  Processing URL http://downloads.cs.stanford.edu/nlp/data/jiwei/data/vocab_wiki.txt
		Date found in the content of the page: None
		Not in content. The URL https://www.usaid.gov/news-information/press-releases/jun-4-2021-usaid-announces-57-million-urgent-tuberculosis-recovery-effort-seven-countries is not in the content of site http://downloads.cs.stanford.edu/nlp/data/jiwei/data/vocab_wiki.txt  Discarding.
	Result [91]  Processing URL https://sfhpurple.com/33260
		Date found in the API results: 2021-02-28T00:00:00
		Not in content. The URL https://www.usaid.gov/news-information/press-releases/jun-4-2021-usaid-announces-57-million-urgent-tuberculosis-recovery-effort-seven-countries is not in the content of site https://sfhpurple.com/33260  Discarding.
	Result [92]  Processing URL https://ce.ecp-center.ru/180
		Date found in the API results: 2021-02-26T00:00:00
		Date found in the content of the page: None
		Not in content. The URL https://www.usaid.gov/news-information/press-releases/jun-4-2021-usaid-announces-57-million-urgent-tuberculosis-recovery-effort-seven-countries is not in the content of site https://ce.ecp-center.ru/180  Discarding.
	Result [93]  Processing URL http://yell.ng/sample/cashless-policy-zenith-bank-rewards-sahad-stores-abuja-residents/
		Not in content. The URL https://www.usaid.gov/news-information/press-releases/jun-4-2021-usaid-announces-57-million-urgent-tuberculosis-recovery-effort-seven-countries is not in the content of site http://yell.ng/sample/cashless-policy-zenith-bank-rewards-sahad-stores-abuja-residents/  Discarding.
	Result [94]  Processing URL http://yell.ng/sample/civil-servants-done-biometrics-will-receive-monthly-salaries-governor-wike/
		Not in content. The URL https://www.usaid.gov/news-information/press-releases/jun-4-2021-usaid-announces-57-million-urgent-tuberculosis-recovery-effort-seven-countries is not in the content of site http://yell.ng/sample/civil-servants-done-biometrics-will-receive-monthly-salaries-governor-wike/  Discarding.
	Result [95]  Processing URL https://present934.rssing.com/chan-33900191/all_p1.html
		Not in content. The URL https://www.usaid.gov/news-information/press-releases/jun-4-2021-usaid-announces-57-million-urgent-tuberculosis-recovery-effort-seven-countries is not in the content of site https://present934.rssing.com/chan-33900191/all_p1.html  Discarding.
	Result [96]  Processing URL http://cs.ad3.ru/hashtag/USAID?src=hash
		! Timeout waiting for the web server to answer.  We ignore and continue.
		Not in content. The URL https://www.usaid.gov/news-information/press-releases/jun-4-2021-usaid-announces-57-million-urgent-tuberculosis-recovery-effort-seven-countries is not in the content of site http://cs.ad3.ru/hashtag/USAID?src=hash  Discarding.
	Result [97]  Processing URL https://h5.arkadaweb.ru/92
		Date found in the content of the page: None
		Not in content. The URL https://www.usaid.gov/news-information/press-releases/jun-4-2021-usaid-announces-57-million-urgent-tuberculosis-recovery-effort-seven-countries is not in the content of site https://h5.arkadaweb.ru/92  Discarding.
	Result [98]  Processing URL https://bz.science-study-blank.buzz/558
		Date found in the API results: 2021-07-04T00:00:00
		Date found in the content of the page: None
		Not in content. The URL https://www.usaid.gov/news-information/press-releases/jun-4-2021-usaid-announces-57-million-urgent-tuberculosis-recovery-effort-seven-countries is not in the content of site https://bz.science-study-blank.buzz/558  Discarding.
	Result [99]  Processing URL https://battroncamxuc.com/bnc-british-national-corpus-frequency-word-list.html
		Not in content. The URL https://www.usaid.gov/news-information/press-releases/jun-4-2021-usaid-announces-57-million-urgent-tuberculosis-recovery-effort-seven-countries is not in the content of site https://battroncamxuc.com/bnc-british-national-corpus-frequency-word-list.html  Discarding.
	Result [100]  Processing URL https://w4.yemenonline.ru/210
		Date found in the content of the page: None
		Not in content. The URL https://www.usaid.gov/news-information/press-releases/jun-4-2021-usaid-announces-57-million-urgent-tuberculosis-recovery-effort-seven-countries is not in the content of site https://w4.yemenonline.ru/210  Discarding.
	Result [101]  Processing URL https://fr.assol-ekb.ru/199
		Date found in the content of the page: None
		Not in content. The URL https://www.usaid.gov/news-information/press-releases/jun-4-2021-usaid-announces-57-million-urgent-tuberculosis-recovery-effort-seven-countries is not in the content of site https://fr.assol-ekb.ru/199  Discarding.
	Result [102]  Processing URL https://cu.raskrutka-cs.ru/622
		Date found in the content of the page: None
		Not in content. The URL https://www.usaid.gov/news-information/press-releases/jun-4-2021-usaid-announces-57-million-urgent-tuberculosis-recovery-effort-seven-countries is not in the content of site https://cu.raskrutka-cs.ru/622  Discarding.
	Result [103]  Processing URL https://gp.sportsio.ru/444
		Date found in the content of the page: None
		Not in content. The URL https://www.usaid.gov/news-information/press-releases/jun-4-2021-usaid-announces-57-million-urgent-tuberculosis-recovery-effort-seven-countries is not in the content of site https://gp.sportsio.ru/444  Discarding.
	Result [104]  Processing URL https://f1.kaminspetsstroy.ru/92
		Date found in the API results: 2021-02-14T00:00:00
		Date found in the content of the page: None
		Not in content. The URL https://www.usaid.gov/news-information/press-releases/jun-4-2021-usaid-announces-57-million-urgent-tuberculosis-recovery-effort-seven-countries is not in the content of site https://f1.kaminspetsstroy.ru/92  Discarding.

== Level 0. Twitter search by LINKS as https://www.usaid.gov/news-information/press-releases/jun-4-2021-usaid-announces-57-million-urgent-tuberculosis-recovery-effort-seven-countries
https://api.twitter.com/2/tweets/search/all?query=url+%3A+https%253A%252F%252Fwww.usaid.gov%252Fnews-information%252Fpress-releases%252Fjun-4-2021-usaid-announces-57-million-urgent-tuberculosis-recovery-effort-seven-countries&max_results=100&tweet.fields=author_id%2Cpublic_metrics%2Ccreated_at&start_time=2018-07-13T19%3A24%3A00.827513Z
	Downloaded 100 twitter content
	Result [1]  Processing twitter ID 1403287724308582404: RT @eAsiaMediaHub: GOOD NEWS: On June 4, @USAID announced $57 million will be dedicated to urgently needed tuberculosis (TB) recovery effor…
	Result [2]  Processing twitter ID 1402848027526717440: RT @PowerUSAID: Just announced: @USAID will dedicate $57 M to urgent #TB recovery efforts in 7 high burden countries. COVID has had a devas…
	Result [3]  Processing twitter ID 1402661873204531200: RT @USAIDGH: To address COVID-19's devastating impact on #TB, @USAID has just released urgent TB recovery plans in 7 high TB burden countri…
	Result [4]  Processing twitter ID 1402631177119338497: RT @PowerUSAID: Just announced: @USAID will dedicate $57 M to urgent #TB recovery efforts in 7 high burden countries. COVID has had a devas…
	Result [5]  Processing twitter ID 1402624286049771524: RT @PowerUSAID: Just announced: @USAID will dedicate $57 M to urgent #TB recovery efforts in 7 high burden countries. COVID has had a devas…
	Result [6]  Processing twitter ID 1402543535719583746: USAID announced $57 million will be dedicated to urgently needed tuberculosis (TB) recovery efforts in seven high burden countries that include the Philippines. Read more: https://t.co/pxAUUC9Nmt https://t.co/owXuZ5BftD
	Result [7]  Processing twitter ID 1402310375064825856: RT @NetworkValidate: An important announcement from @USAIDGH 

USAID Announces $57 Million For Urgent Tuberculosis Recovery Effort In Seven…
	Result [8]  Processing twitter ID 1402298642120253444: An important announcement from @USAIDGH 

USAID Announces $57 Million For Urgent Tuberculosis Recovery Effort In Seven Countries

https://t.co/lDXHA8xneY
	Result [9]  Processing twitter ID 1402098351626240002: RT @USAID: NEWS: USAID announces $57 million to be dedicated to urgently needed #TB recovery efforts in 7 high TB burden countries - Bangla…
	Result [10]  Processing twitter ID 1401942523212296196: https://t.co/nXN6GdzVCx
	Result [11]  Processing twitter ID 1401910142774382600: RT @DiagnosticsCom: USAID pledges 57 million to support tuberculosis recovery effort, including diagnostic services.
https://t.co/jWi00LwNDn
	Result [12]  Processing twitter ID 1401909285366419456: USAID pledges 57 million to support tuberculosis recovery effort, including diagnostic services.
https://t.co/jWi00LwNDn
	Result [13]  Processing twitter ID 1401908493972656129: RT @PowerUSAID: Just announced: @USAID will dedicate $57 M to urgent #TB recovery efforts in 7 high burden countries. COVID has had a devas…
	Result [14]  Processing twitter ID 1401892558998061056: To address COVID-19's devastating impact on #TB, @USAID has just released urgent TB recovery plans in 7 high TB burden countries. These efforts will provide a foundation for countries to recover lost ground in the global effort to #EndTB. https://t.co/LKWOCMz6mm https://t.co/WYDDuNUxOs
	Result [15]  Processing twitter ID 1401877297255251968: RT @eAsiaMediaHub: GOOD NEWS: On June 4, @USAID announced $57 million will be dedicated to urgently needed tuberculosis (TB) recovery effor…
	Result [16]  Processing twitter ID 1401818644892499969: .@USAID announced $57 million for urgently needed tuberculosis (TB) recovery efforts in seven high burden countries: South Africa, Bangladesh, India, Indonesia, the Philippines, Tajikistan, and Ukraine. Release: https://t.co/ESNHF6KFUt https://t.co/5GtJpQl8ZN
	Result [17]  Processing twitter ID 1401800916592861187: RT @realTBpeople: .@USAID announces $57 million to be dedicated to urgently needed #TB recovery efforts in 7 high TB burden countries - Ban…
	Result [18]  Processing twitter ID 1401796851339345923: .@USAID announces $57 million to be dedicated to urgently needed #TB recovery efforts in 7 high TB burden countries - Bangladesh, India, Indonesia, the Philippines, South Africa, Tajikistan, &amp; Ukraine — to address #COVID19  impact on TB services.
https://t.co/HHHHJQtf6d https://t.co/jbL16SqV4f
	Result [19]  Processing twitter ID 1401786234410831884: RT @PowerUSAID: Just announced: @USAID will dedicate $57 M to urgent #TB recovery efforts in 7 high burden countries. COVID has had a devas…
	Result [20]  Processing twitter ID 1401786189015924736: RT @eAsiaMediaHub: GOOD NEWS: On June 4, @USAID announced $57 million will be dedicated to urgently needed tuberculosis (TB) recovery effor…
	Result [21]  Processing twitter ID 1401785819585785858: RT @eAsiaMediaHub: GOOD NEWS: On June 4, @USAID announced $57 million will be dedicated to urgently needed tuberculosis (TB) recovery effor…
	Result [22]  Processing twitter ID 1401785808659513345: RT @eAsiaMediaHub: GOOD NEWS: On June 4, @USAID announced $57 million will be dedicated to urgently needed tuberculosis (TB) recovery effor…
	Result [23]  Processing twitter ID 1401785706238779395: GOOD NEWS: On June 4, @USAID announced $57 million will be dedicated to urgently needed tuberculosis (TB) recovery efforts in seven high burden countries, including Indonesia and the Philippines. 
 
DETAILS: https://t.co/g28nuXROKl 
 
Follow @usembassyjkt and @usembassyph. https://t.co/z3ybHpP6xn
	Result [24]  Processing twitter ID 1401741400987693060: RT @USAID: NEWS: USAID announces $57 million to be dedicated to urgently needed #TB recovery efforts in 7 high TB burden countries - Bangla…
	Result [25]  Processing twitter ID 1401548277485654016: RT @PowerUSAID: Just announced: @USAID will dedicate $57 M to urgent #TB recovery efforts in 7 high burden countries. COVID has had a devas…
	Result [26]  Processing twitter ID 1401491309551001602: RT @PowerUSAID: Just announced: @USAID will dedicate $57 M to urgent #TB recovery efforts in 7 high burden countries. COVID has had a devas…
	Result [27]  Processing twitter ID 1401489293323866119: RT @PowerUSAID: Just announced: @USAID will dedicate $57 M to urgent #TB recovery efforts in 7 high burden countries. COVID has had a devas…
	Result [28]  Processing twitter ID 1401476381175914501: RT @USAID: NEWS: USAID announces $57 million to be dedicated to urgently needed #TB recovery efforts in 7 high TB burden countries - Bangla…
	Result [29]  Processing twitter ID 1401474536831340545: RT @PowerUSAID: Just announced: @USAID will dedicate $57 M to urgent #TB recovery efforts in 7 high burden countries. COVID has had a devas…
	Result [30]  Processing twitter ID 1401433327337365507: RT @PowerUSAID: Just announced: @USAID will dedicate $57 M to urgent #TB recovery efforts in 7 high burden countries. COVID has had a devas…
	Result [31]  Processing twitter ID 1401380864185880580: RT @PowerUSAID: Just announced: @USAID will dedicate $57 M to urgent #TB recovery efforts in 7 high burden countries. COVID has had a devas…
	Result [32]  Processing twitter ID 1401311662095798272: RT @PowerUSAID: Just announced: @USAID will dedicate $57 M to urgent #TB recovery efforts in 7 high burden countries. COVID has had a devas…
	Result [33]  Processing twitter ID 1401305897993916423: RT @PowerUSAID: Just announced: @USAID will dedicate $57 M to urgent #TB recovery efforts in 7 high burden countries. COVID has had a devas…
	Result [34]  Processing twitter ID 1401296780550156291: RT @PowerUSAID: Just announced: @USAID will dedicate $57 M to urgent #TB recovery efforts in 7 high burden countries. COVID has had a devas…
	Result [35]  Processing twitter ID 1401289178978172934: RT @PowerUSAID: Just announced: @USAID will dedicate $57 M to urgent #TB recovery efforts in 7 high burden countries. COVID has had a devas…
	Result [36]  Processing twitter ID 1401281512604061699: RT @Fredros_Inc: USAID Announces $57 Million for Urgent Tuberculosis Recovery Effort in Seven Countries | Press Release | U.S. Agency for I…
	Result [37]  Processing twitter ID 1401272737239339011: RT @PowerUSAID: Just announced: @USAID will dedicate $57 M to urgent #TB recovery efforts in 7 high burden countries. COVID has had a devas…
	Result [38]  Processing twitter ID 1401242263183781889: RT @PowerUSAID: Just announced: @USAID will dedicate $57 M to urgent #TB recovery efforts in 7 high burden countries. COVID has had a devas…
	Result [39]  Processing twitter ID 1401229711162765319: RT @PowerUSAID: Just announced: @USAID will dedicate $57 M to urgent #TB recovery efforts in 7 high burden countries. COVID has had a devas…
	Result [40]  Processing twitter ID 1401217670398320641: RT @PowerUSAID: Just announced: @USAID will dedicate $57 M to urgent #TB recovery efforts in 7 high burden countries. COVID has had a devas…
	Result [41]  Processing twitter ID 1401217430504890368: RT @PowerUSAID: Just announced: @USAID will dedicate $57 M to urgent #TB recovery efforts in 7 high burden countries. COVID has had a devas…
	Result [42]  Processing twitter ID 1401186455767105539: RT @PowerUSAID: Just announced: @USAID will dedicate $57 M to urgent #TB recovery efforts in 7 high burden countries. COVID has had a devas…
	Result [43]  Processing twitter ID 1401185392502591502: RT @USAID: NEWS: USAID announces $57 million to be dedicated to urgently needed #TB recovery efforts in 7 high TB burden countries - Bangla…
	Result [44]  Processing twitter ID 1401184920853123072: RT @PowerUSAID: Just announced: @USAID will dedicate $57 M to urgent #TB recovery efforts in 7 high burden countries. COVID has had a devas…
	Result [45]  Processing twitter ID 1401177837806235659: RT @USAID: NEWS: USAID announces $57 million to be dedicated to urgently needed #TB recovery efforts in 7 high TB burden countries - Bangla…
	Result [46]  Processing twitter ID 1401168241205157888: RT @PowerUSAID: Just announced: @USAID will dedicate $57 M to urgent #TB recovery efforts in 7 high burden countries. COVID has had a devas…
	Result [47]  Processing twitter ID 1401138324430110723: RT @PowerUSAID: Just announced: @USAID will dedicate $57 M to urgent #TB recovery efforts in 7 high burden countries. COVID has had a devas…
	Result [48]  Processing twitter ID 1401135766252752897: RT @PowerUSAID: Just announced: @USAID will dedicate $57 M to urgent #TB recovery efforts in 7 high burden countries. COVID has had a devas…
	Result [49]  Processing twitter ID 1401135710900572167: RT @PowerUSAID: Just announced: @USAID will dedicate $57 M to urgent #TB recovery efforts in 7 high burden countries. COVID has had a devas…
	Result [50]  Processing twitter ID 1401134341590335489: RT @PowerUSAID: Just announced: @USAID will dedicate $57 M to urgent #TB recovery efforts in 7 high burden countries. COVID has had a devas…
	Result [51]  Processing twitter ID 1401125732139536390: RT @PowerUSAID: Just announced: @USAID will dedicate $57 M to urgent #TB recovery efforts in 7 high burden countries. COVID has had a devas…
	Result [52]  Processing twitter ID 1401107665674289153: RT @PowerUSAID: Just announced: @USAID will dedicate $57 M to urgent #TB recovery efforts in 7 high burden countries. COVID has had a devas…
	Result [53]  Processing twitter ID 1401103994232115206: RT @PowerUSAID: Just announced: @USAID will dedicate $57 M to urgent #TB recovery efforts in 7 high burden countries. COVID has had a devas…
	Result [54]  Processing twitter ID 1401094420955602946: RT @PowerUSAID: Just announced: @USAID will dedicate $57 M to urgent #TB recovery efforts in 7 high burden countries. COVID has had a devas…
	Result [55]  Processing twitter ID 1401093241592819717: RT @USAID: NEWS: USAID announces $57 million to be dedicated to urgently needed #TB recovery efforts in 7 high TB burden countries - Bangla…
	Result [56]  Processing twitter ID 1401093147015278592: RT @PowerUSAID: Just announced: @USAID will dedicate $57 M to urgent #TB recovery efforts in 7 high burden countries. COVID has had a devas…
	Result [57]  Processing twitter ID 1401083750256087041: RT @PowerUSAID: Just announced: @USAID will dedicate $57 M to urgent #TB recovery efforts in 7 high burden countries. COVID has had a devas…
	Result [58]  Processing twitter ID 1401083746326097922: RT @PowerUSAID: Just announced: @USAID will dedicate $57 M to urgent #TB recovery efforts in 7 high burden countries. COVID has had a devas…
	Result [59]  Processing twitter ID 1401081889838956549: RT @PowerUSAID: Just announced: @USAID will dedicate $57 M to urgent #TB recovery efforts in 7 high burden countries. COVID has had a devas…
	Result [60]  Processing twitter ID 1401079975243964421: RT @PowerUSAID: Just announced: @USAID will dedicate $57 M to urgent #TB recovery efforts in 7 high burden countries. COVID has had a devas…
	Result [61]  Processing twitter ID 1401067156628860932: RT @PowerUSAID: Just announced: @USAID will dedicate $57 M to urgent #TB recovery efforts in 7 high burden countries. COVID has had a devas…
	Result [62]  Processing twitter ID 1401067071518162949: RT @USAID: NEWS: USAID announces $57 million to be dedicated to urgently needed #TB recovery efforts in 7 high TB burden countries - Bangla…
	Result [63]  Processing twitter ID 1401062272009637889: RT @PowerUSAID: Just announced: @USAID will dedicate $57 M to urgent #TB recovery efforts in 7 high burden countries. COVID has had a devas…
	Result [64]  Processing twitter ID 1401061526795177990: RT @PowerUSAID: Just announced: @USAID will dedicate $57 M to urgent #TB recovery efforts in 7 high burden countries. COVID has had a devas…
	Result [65]  Processing twitter ID 1401054153229574146: RT @PowerUSAID: Just announced: @USAID will dedicate $57 M to urgent #TB recovery efforts in 7 high burden countries. COVID has had a devas…
	Result [66]  Processing twitter ID 1401049203636203521: RT @PowerUSAID: Just announced: @USAID will dedicate $57 M to urgent #TB recovery efforts in 7 high burden countries. COVID has had a devas…
	Result [67]  Processing twitter ID 1401037574211358720: RT @PowerUSAID: Just announced: @USAID will dedicate $57 M to urgent #TB recovery efforts in 7 high burden countries. COVID has had a devas…
	Result [68]  Processing twitter ID 1401034838694522880: RT @PowerUSAID: Just announced: @USAID will dedicate $57 M to urgent #TB recovery efforts in 7 high burden countries. COVID has had a devas…
	Result [69]  Processing twitter ID 1401030033087647744: RT @Fredros_Inc: USAID Announces $57 Million for Urgent Tuberculosis Recovery Effort in Seven Countries | Press Release | U.S. Agency for I…
	Result [70]  Processing twitter ID 1401023395538497540: RT @PowerUSAID: Just announced: @USAID will dedicate $57 M to urgent #TB recovery efforts in 7 high burden countries. COVID has had a devas…
	Result [71]  Processing twitter ID 1401018310590832645: RT @PowerUSAID: Just announced: @USAID will dedicate $57 M to urgent #TB recovery efforts in 7 high burden countries. COVID has had a devas…
	Result [72]  Processing twitter ID 1401013745221083139: RT @PowerUSAID: Just announced: @USAID will dedicate $57 M to urgent #TB recovery efforts in 7 high burden countries. COVID has had a devas…
	Result [73]  Processing twitter ID 1401009058811764741: RT @PowerUSAID: Just announced: @USAID will dedicate $57 M to urgent #TB recovery efforts in 7 high burden countries. COVID has had a devas…
	Result [74]  Processing twitter ID 1401008287391358979: RT @Fredros_Inc: USAID Announces $57 Million for Urgent Tuberculosis Recovery Effort in Seven Countries | Press Release | U.S. Agency for I…
	Result [75]  Processing twitter ID 1401005960009859072: USAID Announces $57 Million for Urgent Tuberculosis Recovery Effort in Seven Countries | Press Release | U.S. Agency for International Development https://t.co/v4pVuqqcUo
	Result [76]  Processing twitter ID 1401003383817965569: RT @PowerUSAID: Just announced: @USAID will dedicate $57 M to urgent #TB recovery efforts in 7 high burden countries. COVID has had a devas…
	Result [77]  Processing twitter ID 1401001351090409472: RT @PowerUSAID: Just announced: @USAID will dedicate $57 M to urgent #TB recovery efforts in 7 high burden countries. COVID has had a devas…
	Result [78]  Processing twitter ID 1400991367581638662: RT @PowerUSAID: Just announced: @USAID will dedicate $57 M to urgent #TB recovery efforts in 7 high burden countries. COVID has had a devas…
	Result [79]  Processing twitter ID 1400990256690647042: RT @PowerUSAID: Just announced: @USAID will dedicate $57 M to urgent #TB recovery efforts in 7 high burden countries. COVID has had a devas…
	Result [80]  Processing twitter ID 1400986207828467722: RT @PowerUSAID: Just announced: @USAID will dedicate $57 M to urgent #TB recovery efforts in 7 high burden countries. COVID has had a devas…
	Result [81]  Processing twitter ID 1400985975027908613: RT @PowerUSAID: Just announced: @USAID will dedicate $57 M to urgent #TB recovery efforts in 7 high burden countries. COVID has had a devas…
	Result [82]  Processing twitter ID 1400984555641782277: RT @PowerUSAID: Just announced: @USAID will dedicate $57 M to urgent #TB recovery efforts in 7 high burden countries. COVID has had a devas…
	Result [83]  Processing twitter ID 1400984172785664007: RT @PowerUSAID: Just announced: @USAID will dedicate $57 M to urgent #TB recovery efforts in 7 high burden countries. COVID has had a devas…
	Result [84]  Processing twitter ID 1400983498186428418: RT @PowerUSAID: Just announced: @USAID will dedicate $57 M to urgent #TB recovery efforts in 7 high burden countries. COVID has had a devas…
	Result [85]  Processing twitter ID 1400982709472829442: RT @PowerUSAID: Just announced: @USAID will dedicate $57 M to urgent #TB recovery efforts in 7 high burden countries. COVID has had a devas…
	Result [86]  Processing twitter ID 1400982429683359745: RT @PowerUSAID: Just announced: @USAID will dedicate $57 M to urgent #TB recovery efforts in 7 high burden countries. COVID has had a devas…
	Result [87]  Processing twitter ID 1400982216726003713: Just announced: @USAID will dedicate $57 M to urgent #TB recovery efforts in 7 high burden countries. COVID has had a devastating impact, setting back gains on TB, so we have to redouble partner countries’ efforts to #EndTB. https://t.co/Mb4OWXCzT5
	Result [88]  Processing twitter ID 1400978877757890563: RT @USAID: NEWS: USAID announces $57 million to be dedicated to urgently needed #TB recovery efforts in 7 high TB burden countries - Bangla…
	Result [89]  Processing twitter ID 1400964343978610691: RT @USAID: NEWS: USAID announces $57 million to be dedicated to urgently needed #TB recovery efforts in 7 high TB burden countries - Bangla…
	Result [90]  Processing twitter ID 1400889983221698560: RT @USAID: NEWS: USAID announces $57 million to be dedicated to urgently needed #TB recovery efforts in 7 high TB burden countries - Bangla…
	Result [91]  Processing twitter ID 1400888368565719043: RT @USAID: NEWS: USAID announces $57 million to be dedicated to urgently needed #TB recovery efforts in 7 high TB burden countries - Bangla…
	Result [92]  Processing twitter ID 1400885000564883458: RT @USAID: NEWS: USAID announces $57 million to be dedicated to urgently needed #TB recovery efforts in 7 high TB burden countries - Bangla…
	Result [93]  Processing twitter ID 1400879536271659009: RT @USAID: NEWS: USAID announces $57 million to be dedicated to urgently needed #TB recovery efforts in 7 high TB burden countries - Bangla…
	Result [94]  Processing twitter ID 1400871732433543172: RT @USAID: NEWS: USAID announces $57 million to be dedicated to urgently needed #TB recovery efforts in 7 high TB burden countries - Bangla…
	Result [95]  Processing twitter ID 1400871720517390341: RT @USAID: NEWS: USAID announces $57 million to be dedicated to urgently needed #TB recovery efforts in 7 high TB burden countries - Bangla…
	Result [96]  Processing twitter ID 1400871365553668097: RT @USAID: NEWS: USAID announces $57 million to be dedicated to urgently needed #TB recovery efforts in 7 high TB burden countries - Bangla…
	Result [97]  Processing twitter ID 1400866489360699398: RT @USAID: NEWS: USAID announces $57 million to be dedicated to urgently needed #TB recovery efforts in 7 high TB burden countries - Bangla…
	Result [98]  Processing twitter ID 1400864773668061184: RT @USAID: NEWS: USAID announces $57 million to be dedicated to urgently needed #TB recovery efforts in 7 high TB burden countries - Bangla…
	Result [99]  Processing twitter ID 1400863168818298885: RT @USAID: NEWS: USAID announces $57 million to be dedicated to urgently needed #TB recovery efforts in 7 high TB burden countries - Bangla…
	Result [100]  Processing twitter ID 1400863132826980354: RT @USAID: NEWS: USAID announces $57 million to be dedicated to urgently needed #TB recovery efforts in 7 high TB burden countries - Bangla…

== Level 0. VK search by LINKS as https://www.usaid.gov/news-information/press-releases/jun-4-2021-usaid-announces-57-million-urgent-tuberculosis-recovery-effort-seven-countries
In total was found 0

== Level 0. Google search by TITLE as USAID Announces $57 Million for Urgent Tuberculosis Recovery Effort in Seven Countries | Press Release | U.S. Agency for International Development
	Total amount of results retrieved: 16
	Result [1]  Processing URL https://www.usaid.gov/news-information/press-releases/jun-4-2021-usaid-announces-57-million-urgent-tuberculosis-recovery-effort-seven-countries
		Repeated url: https://www.usaid.gov/news-information/press-releases/jun-4-2021-usaid-announces-57-million-urgent-tuberculosis-recovery-effort-seven-countries.  Discarding.  
	Result [2]  Processing URL https://www.usaid.gov/news-information/press-releases?page=2
		The content of https://www.usaid.gov/news-information/press-releases/jun-4-2021-usaid-announces-57-million-urgent-tuberculosis-recovery-effort-seven-countries has distance with https://www.usaid.gov/news-information/press-releases?page=2 of : 0.7262. Keeping.
		Adding to DB the URL https://www.usaid.gov/news-information/press-releases?page=2
	Result [3]  Processing URL https://www.business-standard.com/article/international/us-announces-57-mn-aid-for-tb-treatment-in-seven-high-burden-countries-121060500096_1.html
		Date found in the API results: 2021-06-05T00:00:00
		The content of https://www.usaid.gov/news-information/press-releases/jun-4-2021-usaid-announces-57-million-urgent-tuberculosis-recovery-effort-seven-countries has distance with https://www.business-standard.com/article/international/us-announces-57-mn-aid-for-tb-treatment-in-seven-high-burden-countries-121060500096_1.html of : 0.3578. Keeping.
		Adding to DB the URL https://www.business-standard.com/article/international/us-announces-57-mn-aid-for-tb-treatment-in-seven-high-burden-countries-121060500096_1.html
	Result [4]  Processing URL https://www.tbonline.info/posts/author/115/
		The content of https://www.usaid.gov/news-information/press-releases/jun-4-2021-usaid-announces-57-million-urgent-tuberculosis-recovery-effort-seven-countries has distance with https://www.tbonline.info/posts/author/115/ of : 0.3519. Keeping.
		Adding to DB the URL https://www.tbonline.info/posts/author/115/
	Result [5]  Processing URL https://www.facebook.com/tbpeople/posts
		! Error getting the content of the web.
		! signed integer is greater than maximum
		<class 'OverflowError'>
		The content of the pages were not string. Verify.
		Different. The content of https://www.usaid.gov/news-information/press-releases/jun-4-2021-usaid-announces-57-million-urgent-tuberculosis-recovery-effort-seven-countries has distance with https://www.facebook.com/tbpeople/posts of: False. Discarding.
	Result [6]  Processing URL https://pages.facebook.com/USAID/
		Date found in the content of the page: None
		Different. The content of https://www.usaid.gov/news-information/press-releases/jun-4-2021-usaid-announces-57-million-urgent-tuberculosis-recovery-effort-seven-countries has distance with https://pages.facebook.com/USAID/ of: 0.2853. Discarding.
	Result [7]  Processing URL https://www.devex.com/news/interactive-who-s-funding-the-covid-19-response-and-what-are-the-priorities-96833
		Date found in the content of the page: None
		Different. The content of https://www.usaid.gov/news-information/press-releases/jun-4-2021-usaid-announces-57-million-urgent-tuberculosis-recovery-effort-seven-countries has distance with https://www.devex.com/news/interactive-who-s-funding-the-covid-19-response-and-what-are-the-priorities-96833 of: 0.06769936890418818. Discarding.
	Result [8]  Processing URL https://www.who.int/tb/publications/global_report/gtbr2018_main_text_28Feb2019.pdf
		Date found in the API results: None
		Blacklisted url: https://www.who.int/tb/publications/global_report/gtbr2018_main_text_28Feb2019.pdf.  Discarding.  
	Result [9]  Processing URL https://www.theglobalfight.org/covid-aids-tb-malaria/
		The content of https://www.usaid.gov/news-information/press-releases/jun-4-2021-usaid-announces-57-million-urgent-tuberculosis-recovery-effort-seven-countries has distance with https://www.theglobalfight.org/covid-aids-tb-malaria/ of : 0.3025. Keeping.
		Adding to DB the URL https://www.theglobalfight.org/covid-aids-tb-malaria/
	Result [10]  Processing URL https://www.kff.org/global-health-policy/fact-sheet/the-u-s-government-and-global-tuberculosis-efforts/
		Date found in the API results: 2021-03-02T00:00:00
		The content of https://www.usaid.gov/news-information/press-releases/jun-4-2021-usaid-announces-57-million-urgent-tuberculosis-recovery-effort-seven-countries has distance with https://www.kff.org/global-health-policy/fact-sheet/the-u-s-government-and-global-tuberculosis-efforts/ of : 0.3204. Keeping.
		Adding to DB the URL https://www.kff.org/global-health-policy/fact-sheet/the-u-s-government-and-global-tuberculosis-efforts/
	Result [11]  Processing URL https://twitter.com/powerusaid/status/1400982216726003713
		Date found in the API results: 2021-06-04T00:00:00
		Date found in the content of the page: None
		The content of https://www.usaid.gov/news-information/press-releases/jun-4-2021-usaid-announces-57-million-urgent-tuberculosis-recovery-effort-seven-countries has distance with https://twitter.com/powerusaid/status/1400982216726003713 of : 0.3283. Keeping.
		Adding to DB the URL https://twitter.com/powerusaid/status/1400982216726003713
	Result [12]  Processing URL https://www.ifrc.org/es/noticias/comunicados-de-prensa/europe/russian-federation/red-cross-receives-usaid-34-million-grant-to-fight-tb-in-russia/
		Date found in the content of the page: None
		The content of https://www.usaid.gov/news-information/press-releases/jun-4-2021-usaid-announces-57-million-urgent-tuberculosis-recovery-effort-seven-countries has distance with https://www.ifrc.org/es/noticias/comunicados-de-prensa/europe/russian-federation/red-cross-receives-usaid-34-million-grant-to-fight-tb-in-russia/ of : 0.315. Keeping.
		Adding to DB the URL https://www.ifrc.org/es/noticias/comunicados-de-prensa/europe/russian-federation/red-cross-receives-usaid-34-million-grant-to-fight-tb-in-russia/
	Result [13]  Processing URL https://obamawhitehouse.archives.gov/sites/default/files/microsites/ostp/national_action_plan_for_tuberculosis_20151204_final.pdf
		Date found in the API results: None
		Blacklisted url: https://obamawhitehouse.archives.gov/sites/default/files/microsites/ostp/national_action_plan_for_tuberculosis_20151204_final.pdf.  Discarding.  
	Result [14]  Processing URL https://tbcindia.gov.in/WriteReadData/l892s/220920201230BestPrcticestoElimanateTBby2025.pdf
		Date found in the API results: None
		Blacklisted url: https://tbcindia.gov.in/WriteReadData/l892s/220920201230BestPrcticestoElimanateTBby2025.pdf.  Discarding.  
	Result [15]  Processing URL https://www.thejakartapost.com/academia/2020/07/03/lets-not-forget-tuberculosis-while-fighting-covid.html
		Date found in the API results: 2020-07-03T00:00:00
		Date found in the URL: 2020-07-03 00:00:00
		Different. The content of https://www.usaid.gov/news-information/press-releases/jun-4-2021-usaid-announces-57-million-urgent-tuberculosis-recovery-effort-seven-countries has distance with https://www.thejakartapost.com/academia/2020/07/03/lets-not-forget-tuberculosis-while-fighting-covid.html of: 0.2998. Discarding.
	Result [16]  Processing URL https://www.measureevaluation.org/our-work/tuberculosis/
		The content of https://www.usaid.gov/news-information/press-releases/jun-4-2021-usaid-announces-57-million-urgent-tuberculosis-recovery-effort-seven-countries has distance with https://www.measureevaluation.org/our-work/tuberculosis/ of : 0.3044. Keeping.
		Adding to DB the URL https://www.measureevaluation.org/our-work/tuberculosis/

== Level 0. Twitter search by title as USAID Announces $57 Million for Urgent Tuberculosis Recovery Effort in Seven Countries | Press Release | U.S. Agency for International Development
https://api.twitter.com/2/tweets/search/all?query=%22USAID+Announces+%2457+Million+for+Urgent+Tuberculosis+Recovery+Effort+in+Seven+Countries+%7C+Press+Release+%7C+U.S.+Agency+for+International+Development%22&max_results=100&tweet.fields=author_id%2Cpublic_metrics%2Ccreated_at&start_time=2018-07-13T19%3A24%3A20.177303Z
	Downloaded 4 twitter content
	Result [1]  Processing twitter ID 1401281512604061699: RT @Fredros_Inc: USAID Announces $57 Million for Urgent Tuberculosis Recovery Effort in Seven Countries | Press Release | U.S. Agency for I…
	Result [2]  Processing twitter ID 1401030033087647744: RT @Fredros_Inc: USAID Announces $57 Million for Urgent Tuberculosis Recovery Effort in Seven Countries | Press Release | U.S. Agency for I…
	Result [3]  Processing twitter ID 1401008287391358979: RT @Fredros_Inc: USAID Announces $57 Million for Urgent Tuberculosis Recovery Effort in Seven Countries | Press Release | U.S. Agency for I…
	Result [4]  Processing twitter ID 1401005960009859072: USAID Announces $57 Million for Urgent Tuberculosis Recovery Effort in Seven Countries | Press Release | U.S. Agency for International Development https://t.co/v4pVuqqcUo

== Level 0. VK search by title as USAID Announces $57 Million for Urgent Tuberculosis Recovery Effort in Seven Countries | Press Release | U.S. Agency for International Development
In total was found 0
